#
# A fatal error has been detected by the Java Runtime Environment:
#
#  EXCEPTION_ACCESS_VIOLATION (0xc0000005) at pc=0x000000005aa400ae, pid=9120, tid=8112
#
# JRE version: Java(TM) SE Runtime Environment (10.0+46) (build 10+46)
# Java VM: Java HotSpot(TM) 64-Bit Server VM (10+46, mixed mode, tiered, compressed oops, g1 gc, windows-amd64)
# Problematic frame:
# V  [jvm.dll+0x5600ae]
#
# No core dump will be written. Minidumps are not enabled by default on client versions of Windows
#
# If you would like to submit a bug report, please visit:
#   http://bugreport.java.com/bugreport/crash.jsp
#

---------------  S U M M A R Y ------------

Command Line: -agentlib:jdwp=transport=dt_socket,address=127.0.0.1:63135,suspend=y,server=n -javaagent:C:\Users\Administrator\.IdeaIC2018.1\system\captureAgent\debugger-agent.jar=file:/C:/Users/Administrator/AppData/Local/Temp/capture1.props -Dfile.encoding=UTF-8 Solution

Host: AMD A6-3400M APU with Radeon(tm) HD Graphics, 4 cores, 3G,  Windows 7 , 64 bit Build 7601 (6.1.7601.23864)
Time: Sat Jun 16 19:24:53 2018 ?D1¨²¡À¨º¡Á?¨º¡À?? elapsed time: 5729 seconds (0d 1h 35m 29s)

---------------  T H R E A D  ---------------

Current thread (0x0000000021ede000):  VMThread "VM Thread" [stack: 0x00000000230e0000,0x00000000231e0000] [id=8112]

Stack: [0x00000000230e0000,0x00000000231e0000],  sp=0x00000000231df1b0,  free space=1020k
Native frames: (J=compiled Java code, j=interpreted, Vv=VM code, C=native code)
V  [jvm.dll+0x5600ae]
V  [jvm.dll+0x4782f1]
V  [jvm.dll+0x1c340b]
V  [jvm.dll+0x478403]
V  [jvm.dll+0x6c42dc]
V  [jvm.dll+0x6c2a45]
V  [jvm.dll+0x6c3250]
V  [jvm.dll+0x6c358c]
V  [jvm.dll+0x59ef10]
C  [msvcr120.dll+0x24f7f]
C  [msvcr120.dll+0x25126]
C  [kernel32.dll+0x159cd]
C  [ntdll.dll+0x2a561]


siginfo: EXCEPTION_ACCESS_VIOLATION (0xc0000005), reading address 0xffffffffffffffff


Register to memory mapping:

RIP=0x000000005aa400ae jvm.dll
RAX=0x0000000021ed7760 is an unknown value
RBX=0x0000000022a534e8 is pointing into metadata
RCX=0x0000000000000008 is an unknown value
RDX=0x0000000000000000 is an unknown value
RSP=0x00000000231df1b0 is an unknown value
RBP=0x0000000021ede000 is an unknown value
RSI=0x002a000000000000 is an unknown value
RDI=0x0000000000000003 is an unknown value
R8 =0x00000000231ded60 is an unknown value
R9 =0x000007fef3570000 msvcr120.dll
R10=0x0000000000000000 is an unknown value
R11=0x0000000000000200 is an unknown value
R12=0x000000005ac5d698 jvm.dll
R13=0x000000005aeb5850 jvm.dll
R14=0x0000000021e975f8 is an unknown value
R15=0x00000000000003d8 is an unknown value


Registers:
RAX=0x0000000021ed7760, RBX=0x0000000022a534e8, RCX=0x0000000000000008, RDX=0x0000000000000000
RSP=0x00000000231df1b0, RBP=0x0000000021ede000, RSI=0x002a000000000000, RDI=0x0000000000000003
R8 =0x00000000231ded60, R9 =0x000007fef3570000, R10=0x0000000000000000, R11=0x0000000000000200
R12=0x000000005ac5d698, R13=0x000000005aeb5850, R14=0x0000000021e975f8, R15=0x00000000000003d8
RIP=0x000000005aa400ae, EFLAGS=0x0000000000010202

Top of Stack: (sp=0x00000000231df1b0)
0x00000000231df1b0:   0000000021ede000 000000008005baa0
0x00000000231df1c0:   00000008000001b0 000000008005baa0
0x00000000231df1d0:   00000000000003d8 0000000021e975f8
0x00000000231df1e0:   000000005aeb5850 000000005ac5d698
0x00000000231df1f0:   0000000021ede000 000000005a9582f1
0x00000000231df200:   000000000030e498 00000000000000d8
0x00000000231df210:   0000000000335100 00000000000003d8
0x00000000231df220:   00000000231df318 000000005a6a340b
0x00000000231df230:   000000008005bca0 000000005ac5d698
0x00000000231df240:   0000000000000000 0000000000000000
0x00000000231df250:   0000000000000001 000000005a958403
0x00000000231df260:   0000000024bcf2c0 0000000024bcf2c0
0x00000000231df270:   0000000024bcf2c0 0000000021e975f8
0x00000000231df280:   0000000000332da0 0000000024bcf200
0x00000000231df290:   0000000021ede000 0000000021ea24a0
0x00000000231df2a0:   000000000030e3b0 000000000030e3c0 

Instructions: (pc=0x000000005aa400ae)
0x000000005aa4008e:   8b 15 e8 75 47 00 65 48 8b 04 25 58 00 00 00 48
0x000000005aa4009e:   89 74 24 60 48 8b 04 d0 48 8b f1 b9 08 00 00 00
0x000000005aa400ae:   83 be 28 01 00 00 00 48 8b 14 08 48 8b aa a0 01
0x000000005aa400be:   00 00 4c 8b 75 10 4c 8b 7d 18 4c 8b 65 20 4c 8b 


VM_Operation (0x0000000024bcf2c0): RedefineClasses, mode: safepoint, requested by thread 0x00000000240b4800, redefining class Solution



---------------  P R O C E S S  ---------------

Threads class SMR info:
_java_thread_list=0x0000000023fdc170, length=14, elements={
0x0000000000336800, 0x0000000021ee1000, 0x0000000021ee4800, 0x0000000022e9a000,
0x0000000022e9b000, 0x0000000022e9c000, 0x0000000022ea9000, 0x0000000021ee9000,
0x0000000021eef800, 0x00000000240b4800, 0x0000000024034000, 0x0000000024227000,
0x000000002404f800, 0x0000000023e97800
}

Java Threads: ( => current thread )
  0x0000000000336800 JavaThread "main" [_thread_blocked, id=9176, stack(0x0000000002530000,0x0000000002630000)]
  0x0000000021ee1000 JavaThread "Reference Handler" daemon [_thread_blocked, id=1256, stack(0x0000000023300000,0x0000000023400000)]
  0x0000000021ee4800 JavaThread "Finalizer" daemon [_thread_blocked, id=4760, stack(0x0000000023460000,0x0000000023560000)]
  0x0000000022e9a000 JavaThread "Signal Dispatcher" daemon [_thread_blocked, id=7008, stack(0x00000000235a0000,0x00000000236a0000)]
  0x0000000022e9b000 JavaThread "Attach Listener" daemon [_thread_blocked, id=4188, stack(0x0000000023750000,0x0000000023850000)]
  0x0000000022e9c000 JavaThread "C2 CompilerThread0" daemon [_thread_blocked, id=4284, stack(0x0000000023880000,0x0000000023980000)]
  0x0000000022ea9000 JavaThread "C2 CompilerThread1" daemon [_thread_blocked, id=7492, stack(0x00000000239a0000,0x0000000023aa0000)]
  0x0000000021ee9000 JavaThread "C1 CompilerThread2" daemon [_thread_blocked, id=5544, stack(0x0000000023bf0000,0x0000000023cf0000)]
  0x0000000021eef800 JavaThread "Sweeper thread" daemon [_thread_blocked, id=7328, stack(0x0000000023cf0000,0x0000000023df0000)]
  0x00000000240b4800 JavaThread "JDWP Transport Listener: dt_socket" daemon [_thread_blocked, id=4056, stack(0x0000000024ad0000,0x0000000024bd0000)]
  0x0000000024034000 JavaThread "JDWP Event Helper Thread" daemon [_thread_blocked, id=6664, stack(0x0000000024c00000,0x0000000024d00000)]
  0x0000000024227000 JavaThread "JDWP Command Reader" daemon [_thread_in_native, id=8532, stack(0x0000000023ac0000,0x0000000023bc0000)]
  0x000000002404f800 JavaThread "Common-Cleaner" daemon [_thread_blocked, id=7316, stack(0x0000000024d40000,0x0000000024e40000)]
  0x0000000023e97800 JavaThread "Service Thread" daemon [_thread_blocked, id=8612, stack(0x0000000024fa0000,0x00000000250a0000)]

Other Threads:
=>0x0000000021ede000 VMThread "VM Thread" [stack: 0x00000000230e0000,0x00000000231e0000] [id=8112]
  0x0000000023e99000 WatcherThread [stack: 0x00000000251a0000,0x00000000252a0000] [id=7252]
  0x0000000000360800 GCTaskThread "GC Thread#0" [stack: 0x000000001cdb0000,0x000000001ceb0000] [id=6852]
  0x0000000000362000 GCTaskThread "GC Thread#1" [stack: 0x000000001cc20000,0x000000001cd20000] [id=6400]
  0x0000000000364000 GCTaskThread "GC Thread#2" [stack: 0x000000001cfd0000,0x000000001d0d0000] [id=1760]
  0x000000000036f800 GCTaskThread "GC Thread#3" [stack: 0x000000001d140000,0x000000001d240000] [id=8428]
  0x00000000003a0800 ConcurrentGCThread "G1 Main Marker" [stack: 0x000000001f7f0000,0x000000001f8f0000] [id=4616]
  0x00000000003a1800 ConcurrentGCThread "G1 Conc#0" [stack: 0x000000001f9c0000,0x000000001fac0000] [id=1912]
  0x0000000021e02800 ConcurrentGCThread "G1 Refine#0" [stack: 0x0000000021f80000,0x0000000022080000] [id=8988]
  0x00000000003be800 ConcurrentGCThread "G1 Refine#1" [stack: 0x0000000022110000,0x0000000022210000] [id=9184]
  0x00000000003bf800 ConcurrentGCThread "G1 Refine#2" [stack: 0x0000000022220000,0x0000000022320000] [id=6552]
  0x0000000021e0a800 ConcurrentGCThread "G1 Refine#3" [stack: 0x00000000224c0000,0x00000000225c0000] [id=6052]
  0x0000000021e0c000 ConcurrentGCThread "G1 Young RemSet Sampling" [stack: 0x0000000022370000,0x0000000022470000] [id=9012]

Threads with active compile tasks:

VM state:at safepoint (normal execution)

VM Mutex/Monitor currently owned by a thread:  ([mutex/lock_event])
[0x0000000000332e30] Threads_lock - owner thread: 0x0000000021ede000

Heap address: 0x00000000c8600000, size: 890 MB, Compressed Oops mode: 32-bit
Narrow klass base: 0x0000000000000000, Narrow klass shift: 0
Compressed class space size: 1073741824 Address: 0x000000007fff0000

Heap:
 garbage-first heap   total 57344K, used 2048K [0x00000000c8600000, 0x0000000100000000)
  region size 1024K, 3 young (3072K), 0 survivors (0K)
 Metaspace       used 5196K, capacity 5328K, committed 5376K, reserved 1056768K
  class space    used 437K, capacity 496K, committed 512K, reserved 1048576K
Heap Regions: E=young(eden), S=young(survivor), O=old, HS=humongous(starts), HC=humongous(continues), CS=collection set, F=free, A=archive, TS=gc time stamp, AC=allocation context, TAMS=top-at-mark-start (previous, next)
|   0|0x00000000c8600000, 0x00000000c8600000, 0x00000000c8700000|  0%| F|  |TS  0|AC  0|TAMS 0x00000000c8600000, 0x00000000c8600000|
|   1|0x00000000c8700000, 0x00000000c8700000, 0x00000000c8800000|  0%| F|  |TS  0|AC  0|TAMS 0x00000000c8700000, 0x00000000c8700000|
|   2|0x00000000c8800000, 0x00000000c8800000, 0x00000000c8900000|  0%| F|  |TS  0|AC  0|TAMS 0x00000000c8800000, 0x00000000c8800000|
|   3|0x00000000c8900000, 0x00000000c8900000, 0x00000000c8a00000|  0%| F|  |TS  0|AC  0|TAMS 0x00000000c8900000, 0x00000000c8900000|
|   4|0x00000000c8a00000, 0x00000000c8a00000, 0x00000000c8b00000|  0%| F|  |TS  0|AC  0|TAMS 0x00000000c8a00000, 0x00000000c8a00000|
|   5|0x00000000c8b00000, 0x00000000c8b00000, 0x00000000c8c00000|  0%| F|  |TS  0|AC  0|TAMS 0x00000000c8b00000, 0x00000000c8b00000|
|   6|0x00000000c8c00000, 0x00000000c8c00000, 0x00000000c8d00000|  0%| F|  |TS  0|AC  0|TAMS 0x00000000c8c00000, 0x00000000c8c00000|
|   7|0x00000000c8d00000, 0x00000000c8d00000, 0x00000000c8e00000|  0%| F|  |TS  0|AC  0|TAMS 0x00000000c8d00000, 0x00000000c8d00000|
|   8|0x00000000c8e00000, 0x00000000c8e00000, 0x00000000c8f00000|  0%| F|  |TS  0|AC  0|TAMS 0x00000000c8e00000, 0x00000000c8e00000|
|   9|0x00000000c8f00000, 0x00000000c8f00000, 0x00000000c9000000|  0%| F|  |TS  0|AC  0|TAMS 0x00000000c8f00000, 0x00000000c8f00000|
|  10|0x00000000c9000000, 0x00000000c9000000, 0x00000000c9100000|  0%| F|  |TS  0|AC  0|TAMS 0x00000000c9000000, 0x00000000c9000000|
|  11|0x00000000c9100000, 0x00000000c9100000, 0x00000000c9200000|  0%| F|  |TS  0|AC  0|TAMS 0x00000000c9100000, 0x00000000c9100000|
|  12|0x00000000c9200000, 0x00000000c9200000, 0x00000000c9300000|  0%| F|  |TS  0|AC  0|TAMS 0x00000000c9200000, 0x00000000c9200000|
|  13|0x00000000c9300000, 0x00000000c9300000, 0x00000000c9400000|  0%| F|  |TS  0|AC  0|TAMS 0x00000000c9300000, 0x00000000c9300000|
|  14|0x00000000c9400000, 0x00000000c9400000, 0x00000000c9500000|  0%| F|  |TS  0|AC  0|TAMS 0x00000000c9400000, 0x00000000c9400000|
|  15|0x00000000c9500000, 0x00000000c9500000, 0x00000000c9600000|  0%| F|  |TS  0|AC  0|TAMS 0x00000000c9500000, 0x00000000c9500000|
|  16|0x00000000c9600000, 0x00000000c9600000, 0x00000000c9700000|  0%| F|  |TS  0|AC  0|TAMS 0x00000000c9600000, 0x00000000c9600000|
|  17|0x00000000c9700000, 0x00000000c9700000, 0x00000000c9800000|  0%| F|  |TS  0|AC  0|TAMS 0x00000000c9700000, 0x00000000c9700000|
|  18|0x00000000c9800000, 0x00000000c9800000, 0x00000000c9900000|  0%| F|  |TS  0|AC  0|TAMS 0x00000000c9800000, 0x00000000c9800000|
|  19|0x00000000c9900000, 0x00000000c9900000, 0x00000000c9a00000|  0%| F|  |TS  0|AC  0|TAMS 0x00000000c9900000, 0x00000000c9900000|
|  20|0x00000000c9a00000, 0x00000000c9a00000, 0x00000000c9b00000|  0%| F|  |TS  0|AC  0|TAMS 0x00000000c9a00000, 0x00000000c9a00000|
|  21|0x00000000c9b00000, 0x00000000c9b00000, 0x00000000c9c00000|  0%| F|  |TS  0|AC  0|TAMS 0x00000000c9b00000, 0x00000000c9b00000|
|  22|0x00000000c9c00000, 0x00000000c9c00000, 0x00000000c9d00000|  0%| F|  |TS  0|AC  0|TAMS 0x00000000c9c00000, 0x00000000c9c00000|
|  23|0x00000000c9d00000, 0x00000000c9d00000, 0x00000000c9e00000|  0%| F|  |TS  0|AC  0|TAMS 0x00000000c9d00000, 0x00000000c9d00000|
|  24|0x00000000c9e00000, 0x00000000c9e00000, 0x00000000c9f00000|  0%| F|  |TS  0|AC  0|TAMS 0x00000000c9e00000, 0x00000000c9e00000|
|  25|0x00000000c9f00000, 0x00000000c9f00000, 0x00000000ca000000|  0%| F|  |TS  0|AC  0|TAMS 0x00000000c9f00000, 0x00000000c9f00000|
|  26|0x00000000ca000000, 0x00000000ca000000, 0x00000000ca100000|  0%| F|  |TS  0|AC  0|TAMS 0x00000000ca000000, 0x00000000ca000000|
|  27|0x00000000ca100000, 0x00000000ca100000, 0x00000000ca200000|  0%| F|  |TS  0|AC  0|TAMS 0x00000000ca100000, 0x00000000ca100000|
|  28|0x00000000ca200000, 0x00000000ca200000, 0x00000000ca300000|  0%| F|  |TS  0|AC  0|TAMS 0x00000000ca200000, 0x00000000ca200000|
|  29|0x00000000ca300000, 0x00000000ca300000, 0x00000000ca400000|  0%| F|  |TS  0|AC  0|TAMS 0x00000000ca300000, 0x00000000ca300000|
|  30|0x00000000ca400000, 0x00000000ca400000, 0x00000000ca500000|  0%| F|  |TS  0|AC  0|TAMS 0x00000000ca400000, 0x00000000ca400000|
|  31|0x00000000ca500000, 0x00000000ca500000, 0x00000000ca600000|  0%| F|  |TS  0|AC  0|TAMS 0x00000000ca500000, 0x00000000ca500000|
|  32|0x00000000ca600000, 0x00000000ca600000, 0x00000000ca700000|  0%| F|  |TS  0|AC  0|TAMS 0x00000000ca600000, 0x00000000ca600000|
|  33|0x00000000ca700000, 0x00000000ca700000, 0x00000000ca800000|  0%| F|  |TS  0|AC  0|TAMS 0x00000000ca700000, 0x00000000ca700000|
|  34|0x00000000ca800000, 0x00000000ca800000, 0x00000000ca900000|  0%| F|  |TS  0|AC  0|TAMS 0x00000000ca800000, 0x00000000ca800000|
|  35|0x00000000ca900000, 0x00000000ca900000, 0x00000000caa00000|  0%| F|  |TS  0|AC  0|TAMS 0x00000000ca900000, 0x00000000ca900000|
|  36|0x00000000caa00000, 0x00000000caa00000, 0x00000000cab00000|  0%| F|  |TS  0|AC  0|TAMS 0x00000000caa00000, 0x00000000caa00000|
|  37|0x00000000cab00000, 0x00000000cab00000, 0x00000000cac00000|  0%| F|  |TS  0|AC  0|TAMS 0x00000000cab00000, 0x00000000cab00000|
|  38|0x00000000cac00000, 0x00000000cac00000, 0x00000000cad00000|  0%| F|  |TS  0|AC  0|TAMS 0x00000000cac00000, 0x00000000cac00000|
|  39|0x00000000cad00000, 0x00000000cad00000, 0x00000000cae00000|  0%| F|  |TS  0|AC  0|TAMS 0x00000000cad00000, 0x00000000cad00000|
|  40|0x00000000cae00000, 0x00000000cae00000, 0x00000000caf00000|  0%| F|  |TS  0|AC  0|TAMS 0x00000000cae00000, 0x00000000cae00000|
|  41|0x00000000caf00000, 0x00000000caf00000, 0x00000000cb000000|  0%| F|  |TS  0|AC  0|TAMS 0x00000000caf00000, 0x00000000caf00000|
|  42|0x00000000cb000000, 0x00000000cb000000, 0x00000000cb100000|  0%| F|  |TS  0|AC  0|TAMS 0x00000000cb000000, 0x00000000cb000000|
|  43|0x00000000cb100000, 0x00000000cb100000, 0x00000000cb200000|  0%| F|  |TS  0|AC  0|TAMS 0x00000000cb100000, 0x00000000cb100000|
|  44|0x00000000cb200000, 0x00000000cb200000, 0x00000000cb300000|  0%| F|  |TS  0|AC  0|TAMS 0x00000000cb200000, 0x00000000cb200000|
|  45|0x00000000cb300000, 0x00000000cb300000, 0x00000000cb400000|  0%| F|  |TS  0|AC  0|TAMS 0x00000000cb300000, 0x00000000cb300000|
|  46|0x00000000cb400000, 0x00000000cb400000, 0x00000000cb500000|  0%| F|  |TS  0|AC  0|TAMS 0x00000000cb400000, 0x00000000cb400000|
|  47|0x00000000cb500000, 0x00000000cb500000, 0x00000000cb600000|  0%| F|  |TS  0|AC  0|TAMS 0x00000000cb500000, 0x00000000cb500000|
|  48|0x00000000cb600000, 0x00000000cb600000, 0x00000000cb700000|  0%| F|  |TS  0|AC  0|TAMS 0x00000000cb600000, 0x00000000cb600000|
|  49|0x00000000cb700000, 0x00000000cb700000, 0x00000000cb800000|  0%| F|  |TS  0|AC  0|TAMS 0x00000000cb700000, 0x00000000cb700000|
|  50|0x00000000cb800000, 0x00000000cb800000, 0x00000000cb900000|  0%| F|  |TS  0|AC  0|TAMS 0x00000000cb800000, 0x00000000cb800000|
|  51|0x00000000cb900000, 0x00000000cb900000, 0x00000000cba00000|  0%| F|  |TS  0|AC  0|TAMS 0x00000000cb900000, 0x00000000cb900000|
|  52|0x00000000cba00000, 0x00000000cba00000, 0x00000000cbb00000|  0%| F|  |TS  0|AC  0|TAMS 0x00000000cba00000, 0x00000000cba00000|
|  53|0x00000000cbb00000, 0x00000000cbbd8b48, 0x00000000cbc00000| 84%| E|  |TS  0|AC  0|TAMS 0x00000000cbb00000, 0x00000000cbb00000|
|  54|0x00000000cbc00000, 0x00000000cbd00000, 0x00000000cbd00000|100%| E|CS|TS  0|AC  0|TAMS 0x00000000cbc00000, 0x00000000cbc00000|
|  55|0x00000000cbd00000, 0x00000000cbe00000, 0x00000000cbe00000|100%| E|CS|TS  0|AC  0|TAMS 0x00000000cbd00000, 0x00000000cbd00000|

Card table byte_map: [0x000000001d730000,0x000000001d8f0000] byte_map_base: 0x000000001d0ed000

Marking Bits (Prev, Next): (CMBitMap*) 0x000000000039fc50, (CMBitMap*) 0x000000000039fc88
 Prev Bits: [0x000000001dab0000, 0x000000001e898000)
 Next Bits: [0x000000001e8a0000, 0x000000001f688000)

Polling page: 0x0000000000080000

CodeHeap 'non-profiled nmethods': size=120064Kb used=66Kb max_used=66Kb free=119997Kb
 bounds [0x00000000155d0000, 0x0000000015840000, 0x000000001cb10000]
CodeHeap 'profiled nmethods': size=120000Kb used=258Kb max_used=258Kb free=119742Kb
 bounds [0x000000000e0a0000, 0x000000000e310000, 0x00000000155d0000]
CodeHeap 'non-nmethods': size=5696Kb used=1070Kb max_used=1081Kb free=4625Kb
 bounds [0x000000000db10000, 0x000000000dd80000, 0x000000000e0a0000]
 total_blobs=567 nmethods=191 adapters=211
 compilation: enabled

Compilation events (10 events):
Event: 0.833 Thread 0x0000000022e9c000 nmethod 183 0x00000000155e0190 code [0x00000000155e0320, 0x00000000155e0478]
Event: 0.834 Thread 0x0000000021ee9000 nmethod 186 0x000000000e0deb90 code [0x000000000e0dedc0, 0x000000000e0df338]
Event: 0.834 Thread 0x0000000021ee9000  187       3       java.lang.String::getBytes (44 bytes)
Event: 0.835 Thread 0x0000000021ee9000 nmethod 187 0x000000000e0df590 code [0x000000000e0df780, 0x000000000e0dfb38]
Event: 0.847 Thread 0x0000000022ea9000  189       4       java.lang.StringLatin1::indexOf (61 bytes)
Event: 0.856 Thread 0x0000000022ea9000 nmethod 189 0x00000000155e0590 code [0x00000000155e0720, 0x00000000155e08b8]
Event: 0.865 Thread 0x0000000021ee9000  190       3       sun.nio.fs.WindowsPathParser::isInvalidPathChar (22 bytes)
Event: 0.866 Thread 0x0000000021ee9000 nmethod 190 0x000000000e0dfd10 code [0x000000000e0dff00, 0x000000000e0e02a8]
Event: 0.866 Thread 0x0000000021ee9000  191       3       sun.nio.fs.WindowsPathParser::isSlash (18 bytes)
Event: 0.867 Thread 0x0000000021ee9000 nmethod 191 0x000000000e0e0410 code [0x000000000e0e05c0, 0x000000000e0e0790]

GC Heap History (0 events):
No events

Deoptimization events (2 events):
Event: 0.628 Thread 0x0000000000336800 Uncommon trap: reason=unstable_if action=reinterpret pc=0x00000000155d876c method=java.lang.String.isLatin1()Z @ 10 c2
Event: 0.651 Thread 0x0000000000336800 Uncommon trap: reason=unstable_if action=reinterpret pc=0x00000000155d3198 method=java.lang.String.hashCode()I @ 14 c2

Classes redefined (3 events):
Event: 5695.240 Thread 0x0000000021ede000 redefined class name=Solution, count=1
Event: 5708.879 Thread 0x0000000021ede000 redefined class name=Solution, count=2
Event: 5728.999 Thread 0x0000000021ede000 redefined class name=Solution, count=3

Internal exceptions (0 events):
No events

Events (10 events):
Event: 5708.993 Executing VM operation: GetFrameLocation done
Event: 5708.993 Executing VM operation: GetOrSetLocal
Event: 5708.993 Executing VM operation: GetOrSetLocal done
Event: 5708.996 Executing VM operation: GetFrameCount
Event: 5708.996 Executing VM operation: GetFrameCount done
Event: 5708.996 Executing VM operation: GetFrameLocation
Event: 5708.996 Executing VM operation: GetFrameLocation done
Event: 5728.987 Executing VM operation: ChangeBreakpoints
Event: 5728.987 Executing VM operation: ChangeBreakpoints done
Event: 5728.998 Executing VM operation: RedefineClasses


Dynamic libraries:
0x000000013f400000 - 0x000000013f43e000 	C:\Program Files\Java\jdk-10\bin\java.exe
0x0000000076eb0000 - 0x000000007705a000 	C:\Windows\SYSTEM32\ntdll.dll
0x0000000076d90000 - 0x0000000076eaf000 	C:\Windows\system32\kernel32.dll
0x000007fefcef0000 - 0x000007fefcf5a000 	C:\Windows\system32\KERNELBASE.dll
0x000007fefdcc0000 - 0x000007fefdd9b000 	C:\Windows\system32\ADVAPI32.dll
0x000007fefee60000 - 0x000007fefeeff000 	C:\Windows\system32\msvcrt.dll
0x000007feff120000 - 0x000007feff13f000 	C:\Windows\SYSTEM32\sechost.dll
0x000007fefd170000 - 0x000007fefd29d000 	C:\Windows\system32\RPCRT4.dll
0x0000000076c90000 - 0x0000000076d8a000 	C:\Windows\system32\USER32.dll
0x000007fefd470000 - 0x000007fefd4d7000 	C:\Windows\system32\GDI32.dll
0x000007feff100000 - 0x000007feff10e000 	C:\Windows\system32\LPK.dll
0x000007fefd3a0000 - 0x000007fefd46b000 	C:\Windows\system32\USP10.dll
0x000007fefb670000 - 0x000007fefb864000 	C:\Windows\WinSxS\amd64_microsoft.windows.common-controls_6595b64144ccf1df_6.0.7601.18837_none_fa3b1e3d17594757\COMCTL32.dll
0x000007fefd2a0000 - 0x000007fefd311000 	C:\Windows\system32\SHLWAPI.dll
0x000007fefc490000 - 0x000007fefc49c000 	C:\Windows\system32\VERSION.dll
0x000007fefcf60000 - 0x000007fefcf8e000 	C:\Windows\system32\IMM32.DLL
0x000007fefd930000 - 0x000007fefda39000 	C:\Windows\system32\MSCTF.dll
0x000007fef3570000 - 0x000007fef365f000 	C:\Program Files\Java\jdk-10\bin\msvcr120.dll
0x000007fef3680000 - 0x000007fef3726000 	C:\Program Files\Java\jdk-10\bin\msvcp120.dll
0x000000005a4e0000 - 0x000000005af4f000 	C:\Program Files\Java\jdk-10\bin\server\jvm.dll
0x000007fefc430000 - 0x000007fefc439000 	C:\Windows\system32\WSOCK32.dll
0x000007fefdc70000 - 0x000007fefdcbd000 	C:\Windows\system32\WS2_32.dll
0x000007feff110000 - 0x000007feff118000 	C:\Windows\system32\NSI.dll
0x000007fef8b10000 - 0x000007fef8b4b000 	C:\Windows\system32\WINMM.dll
0x0000000077080000 - 0x0000000077087000 	C:\Windows\system32\PSAPI.DLL
0x000007fef8ee0000 - 0x000007fef8eef000 	C:\Program Files\Java\jdk-10\bin\verify.dll
0x000007fef1bb0000 - 0x000007fef1cd5000 	C:\Windows\system32\DBGHELP.DLL
0x000007fef8010000 - 0x000007fef8037000 	C:\Program Files\Java\jdk-10\bin\java.dll
0x000007fef3f30000 - 0x000007fef3f66000 	C:\Program Files\Java\jdk-10\bin\jdwp.dll
0x000007fef7420000 - 0x000007fef744a000 	C:\Program Files\Java\jdk-10\bin\instrument.dll
0x000007fef7530000 - 0x000007fef7546000 	C:\Program Files\Java\jdk-10\bin\zip.dll
0x000007fef7850000 - 0x000007fef785a000 	C:\Program Files\Java\jdk-10\bin\jimage.dll
0x000007fefe0d0000 - 0x000007fefee5b000 	C:\Windows\system32\SHELL32.dll
0x000007fefef00000 - 0x000007feff0fc000 	C:\Windows\system32\ole32.dll
0x000007fefcba0000 - 0x000007fefcbaf000 	C:\Windows\system32\profapi.dll
0x000007fef5df0000 - 0x000007fef5dfa000 	C:\Program Files\Java\jdk-10\bin\dt_socket.dll
0x000007fefc040000 - 0x000007fefc095000 	C:\Windows\system32\mswsock.dll
0x000007fefc4a0000 - 0x000007fefc4a7000 	C:\Windows\System32\wshtcpip.dll
0x000007fef58f0000 - 0x000007fef590a000 	C:\Program Files\Java\jdk-10\bin\net.dll
0x000007fef9920000 - 0x000007fef9991000 	C:\Windows\system32\WINHTTP.dll
0x000007fef83e0000 - 0x000007fef8444000 	C:\Windows\system32\webio.dll
0x000007fefc030000 - 0x000007fefc037000 	C:\Windows\System32\wship6.dll
0x000007fef4300000 - 0x000007fef4311000 	C:\Program Files\Java\jdk-10\bin\nio.dll

dbghelp: loaded successfully - version: 4.0.5 - missing functions: none
symbol engine: initialized successfully - sym options: 0x614 - pdb path: .;C:\Program Files\Java\jdk-10\bin;C:\Windows\SYSTEM32;C:\Windows\WinSxS\amd64_microsoft.windows.common-controls_6595b64144ccf1df_6.0.7601.18837_none_fa3b1e3d17594757;C:\Program Files\Java\jdk-10\bin\server

VM Arguments:
jvm_args: -agentlib:jdwp=transport=dt_socket,address=127.0.0.1:63135,suspend=y,server=n -javaagent:C:\Users\Administrator\.IdeaIC2018.1\system\captureAgent\debugger-agent.jar=file:/C:/Users/Administrator/AppData/Local/Temp/capture1.props -Dfile.encoding=UTF-8 
java_command: Solution
java_class_path (initial): D:\LCsolution\239. Sliding Window Maximum\out\production\239. Sliding Window Maximum;D:\Program Files\JetBrains\IntelliJ IDEA Community Edition 2018.1.1\lib\idea_rt.jar
Launcher Type: SUN_STANDARD

Logging:
Log output configuration:
#0: stdout all=warning uptime,level,tags
#1: stderr all=off uptime,level,tags

Environment Variables:
JAVA_HOME=C:\Program Files\Java\jdk-10
PATH=C:\ProgramData\Oracle\Java\javapath;C:\Windows\system32;C:\Windows;C:\Windows\System32\Wbem;C:\Windows\System32\WindowsPowerShell\v1.0\;C:\Program Files\Java\jdk-10\bin;G:\0 code\Python\Scripts\;G:\0 code\Python\;C:\Users\Administrator\AppData\Local\GitHubDesktop\bin
USERNAME=Administrator
OS=Windows_NT
PROCESSOR_IDENTIFIER=AMD64 Family 18 Model 1 Stepping 0, AuthenticAMD



---------------  S Y S T E M  ---------------

OS: Windows 7 , 64 bit Build 7601 (6.1.7601.23864)

CPU:total 4 (initial active 4) (4 cores per cpu, 1 threads per core) family 18 model 1 stepping 0, cmov, cx8, fxsr, mmx, sse, sse2, sse3, popcnt, mmxext, 3dnowpref, lzcnt, sse4a, tsc, tscinvbit, tscinv

Memory: 4k page, physical 3643504k(523488k free), swap 7285148k(2769916k free)

vm_info: Java HotSpot(TM) 64-Bit Server VM (10+46) for windows-amd64 JRE (10+46), built on Mar  8 2018 02:11:18 by "mach5one" with MS VC++ 12.0 (VS2013)

END.
