#
# A fatal error has been detected by the Java Runtime Environment:
#
#  EXCEPTION_ACCESS_VIOLATION (0xc0000005) at pc=0x0000000067e9c095, pid=10380, tid=6404
#
# JRE version: Java(TM) SE Runtime Environment (10.0+46) (build 10+46)
# Java VM: Java HotSpot(TM) 64-Bit Server VM (10+46, mixed mode, tiered, compressed oops, g1 gc, windows-amd64)
# Problematic frame:
# V  [jvm.dll+0x54c095]
#
# No core dump will be written. Minidumps are not enabled by default on client versions of Windows
#
# If you would like to submit a bug report, please visit:
#   http://bugreport.java.com/bugreport/crash.jsp
#

---------------  S U M M A R Y ------------

Command Line: -agentlib:jdwp=transport=dt_socket,address=127.0.0.1:54726,suspend=y,server=n -javaagent:C:\Users\Administrator\.IdeaIC2018.1\system\captureAgent\debugger-agent.jar=file:/C:/Users/Administrator/AppData/Local/Temp/capture2.props -Dfile.encoding=UTF-8 Solution

Host: AMD A6-3400M APU with Radeon(tm) HD Graphics, 4 cores, 3G,  Windows 7 , 64 bit Build 7601 (6.1.7601.23864)
Time: Sat Jun 30 10:54:09 2018 ?D1¨²¡À¨º¡Á?¨º¡À?? elapsed time: 221 seconds (0d 0h 3m 41s)

---------------  T H R E A D  ---------------

Current thread (0x0000000021b07000):  VMThread "VM Thread" [stack: 0x0000000062cb0000,0x0000000062db0000] [id=6404]

Stack: [0x0000000062cb0000,0x0000000062db0000],  sp=0x0000000062dadc38,  free space=1015k
Native frames: (J=compiled Java code, j=interpreted, Vv=VM code, C=native code)
V  [jvm.dll+0x54c095]


siginfo: EXCEPTION_ACCESS_VIOLATION (0xc0000005), reading address 0xffffffffffffffff


Register to memory mapping:

RIP=0x0000000067e9c095 jvm.dll
RAX=0x0000b100681469d0 is an unknown value
RBX=0x0000000062dadcc0 is an unknown value
RCX=0x0000000062693780 is pointing into metadata
RDX=0x000000000d5fb501 is at code_begin+2561 in an Interpreter codelet
invoke return entry points  [0x000000000d5fab00, 0x000000000d5fc780]  7296 bytes
RSP=0x0000000062dadc38 is an unknown value
RBP=0x0000000021b07000 is an unknown value
RSI=0x0000000067e9c090 jvm.dll
RDI=0x0000000067e9c090 jvm.dll
R8 =0x0000000000008980 is an unknown value
R9 =0x0000000000240000 is an unknown value
R10=0x000000000d5f0000 is an unknown value
R11=0x000000000233f018 is pointing into the stack for thread: 0x0000000000336800
R12=0x00000000680cd698 jvm.dll
R13=0x0000000068325850 jvm.dll
R14=0x0000000021ac1a38 is an unknown value
R15=0x00000000000003d8 is an unknown value


Registers:
RAX=0x0000b100681469d0, RBX=0x0000000062dadcc0, RCX=0x0000000062693780, RDX=0x000000000d5fb501
RSP=0x0000000062dadc38, RBP=0x0000000021b07000, RSI=0x0000000067e9c090, RDI=0x0000000067e9c090
R8 =0x0000000000008980, R9 =0x0000000000240000, R10=0x000000000d5f0000, R11=0x000000000233f018
R12=0x00000000680cd698, R13=0x0000000068325850, R14=0x0000000021ac1a38, R15=0x00000000000003d8
RIP=0x0000000067e9c095, EFLAGS=0x0000000000010202

Top of Stack: (sp=0x0000000062dadc38)
0x0000000062dadc38:   0000000067c08733 0000000062dadc90
0x0000000062dadc48:   0000000021b07000 0000000067e9c090
0x0000000062dadc58:   000000000233efd0 0000000067e9c090
0x0000000062dadc68:   0000000067fd8297 0000000000336800
0x0000000062dadc78:   0000000021b07000 0000000067e9c090
0x0000000062dadc88:   00000000680053ec 000000000233f028
0x0000000062dadc98:   000000000d5fb5b4 000000000d5f8990
0x0000000062dadca8:   0000000000000000 000000000233f098
0x0000000062dadcb8:   000000000233f038 000000000233f028
0x0000000062dadcc8:   000000000d5fb5b4 000000000d5f8990
0x0000000062dadcd8:   0000000000000000 000000000233f098
0x0000000062dadce8:   000000000233f038 0000000000000001
0x0000000062dadcf8:   0000000063993468 0000000000000003
0x0000000062dadd08:   0000000021a38700 0000000021ac1650
0x0000000062dadd18:   0000000067a0c161 000000000d5f8990
0x0000000062dadd28:   0000000000000000 000000000233f0f8 

Instructions: (pc=0x0000000067e9c095)
0x0000000067e9c075:   46 00 48 8b 5c 24 40 48 83 c4 20 5d c3 cc cc cc
0x0000000067e9c085:   cc cc cc cc cc cc cc cc cc cc cc 48 8b 01 b2 01
0x0000000067e9c095:   48 ff 60 68 cc cc cc cc cc cc cc 40 53 48 83 ec
0x0000000067e9c0a5:   20 48 8b 15 73 3c 46 00 48 8b d9 48 85 d2 74 21 


VM_Operation (0x000000006412f210): RedefineClasses, mode: safepoint, requested by thread 0x0000000063abd800


---------------  P R O C E S S  ---------------

Threads class SMR info:
_java_thread_list=0x0000000063b33cc0, length=14, elements={
0x0000000000336800, 0x0000000021b09000, 0x0000000021b0d000, 0x0000000062ad5800,
0x0000000062ad7800, 0x0000000062ad8800, 0x0000000062ae8800, 0x0000000062af9800,
0x0000000062b2d000, 0x0000000063abd800, 0x0000000063a72800, 0x0000000063a73000,
0x0000000063adb000, 0x0000000063ca6000
}

Java Threads: ( => current thread )
  0x0000000000336800 JavaThread "main" [_thread_blocked, id=11452, stack(0x0000000002240000,0x0000000002340000)]
  0x0000000021b09000 JavaThread "Reference Handler" daemon [_thread_blocked, id=11632, stack(0x0000000062db0000,0x0000000062eb0000)]
  0x0000000021b0d000 JavaThread "Finalizer" daemon [_thread_blocked, id=10768, stack(0x0000000062fa0000,0x00000000630a0000)]
  0x0000000062ad5800 JavaThread "Signal Dispatcher" daemon [_thread_blocked, id=2120, stack(0x00000000630f0000,0x00000000631f0000)]
  0x0000000062ad7800 JavaThread "Attach Listener" daemon [_thread_blocked, id=1140, stack(0x0000000063250000,0x0000000063350000)]
  0x0000000062ad8800 JavaThread "C2 CompilerThread0" daemon [_thread_blocked, id=9132, stack(0x00000000634b0000,0x00000000635b0000)]
  0x0000000062ae8800 JavaThread "C2 CompilerThread1" daemon [_thread_blocked, id=2268, stack(0x00000000636b0000,0x00000000637b0000)]
  0x0000000062af9800 JavaThread "C1 CompilerThread2" daemon [_thread_blocked, id=11104, stack(0x0000000063840000,0x0000000063940000)]
  0x0000000062b2d000 JavaThread "Sweeper thread" daemon [_thread_blocked, id=8792, stack(0x0000000063350000,0x0000000063450000)]
  0x0000000063abd800 JavaThread "JDWP Transport Listener: dt_socket" daemon [_thread_blocked, id=10480, stack(0x0000000064030000,0x0000000064130000)]
  0x0000000063a72800 JavaThread "JDWP Event Helper Thread" daemon [_thread_blocked, id=11696, stack(0x0000000063d40000,0x0000000063e40000)]
  0x0000000063a73000 JavaThread "JDWP Command Reader" daemon [_thread_in_native, id=5800, stack(0x0000000064300000,0x0000000064400000)]
  0x0000000063adb000 JavaThread "Common-Cleaner" daemon [_thread_blocked, id=10096, stack(0x00000000641f0000,0x00000000642f0000)]
  0x0000000063ca6000 JavaThread "Service Thread" daemon [_thread_blocked, id=4064, stack(0x00000000644d0000,0x00000000645d0000)]

Other Threads:
=>0x0000000021b07000 VMThread "VM Thread" [stack: 0x0000000062cb0000,0x0000000062db0000] [id=6404]
  0x0000000063b31000 WatcherThread [stack: 0x0000000064660000,0x0000000064760000] [id=9072]
  0x000000000035f800 GCTaskThread "GC Thread#0" [stack: 0x000000001c9a0000,0x000000001caa0000] [id=1812]
  0x0000000000360800 GCTaskThread "GC Thread#1" [stack: 0x000000001caa0000,0x000000001cba0000] [id=10264]
  0x0000000000365000 GCTaskThread "GC Thread#2" [stack: 0x000000001cc60000,0x000000001cd60000] [id=7392]
  0x0000000000368000 GCTaskThread "GC Thread#3" [stack: 0x000000001cdd0000,0x000000001ced0000] [id=9320]
  0x00000000003a3800 ConcurrentGCThread "G1 Main Marker" [stack: 0x000000001f330000,0x000000001f430000] [id=10028]
  0x00000000003a4800 ConcurrentGCThread "G1 Conc#0" [stack: 0x000000001f5e0000,0x000000001f6e0000] [id=7328]
  0x0000000021a22800 ConcurrentGCThread "G1 Refine#0" [stack: 0x0000000021c90000,0x0000000021d90000] [id=812]
  0x0000000021a27000 ConcurrentGCThread "G1 Refine#1" [stack: 0x0000000021e60000,0x0000000021f60000] [id=11948]
  0x0000000021a32800 ConcurrentGCThread "G1 Refine#2" [stack: 0x0000000021ff0000,0x00000000220f0000] [id=7860]
  0x0000000021a35800 ConcurrentGCThread "G1 Refine#3" [stack: 0x0000000021b70000,0x0000000021c70000] [id=6808]
  0x0000000021a36800 ConcurrentGCThread "G1 Young RemSet Sampling" [stack: 0x0000000022100000,0x0000000022200000] [id=9580]

Threads with active compile tasks:

VM state:at safepoint (normal execution)

VM Mutex/Monitor currently owned by a thread:  ([mutex/lock_event])
[0x0000000000332e40] Threads_lock - owner thread: 0x0000000021b07000

Heap address: 0x00000000c8600000, size: 890 MB, Compressed Oops mode: 32-bit
Narrow klass base: 0x0000000000000000, Narrow klass shift: 0
Compressed class space size: 1073741824 Address: 0x0000000022200000

Heap:
 garbage-first heap   total 57344K, used 2048K [0x00000000c8600000, 0x0000000100000000)
  region size 1024K, 3 young (3072K), 0 survivors (0K)
 Metaspace       used 5188K, capacity 5264K, committed 5376K, reserved 1056768K
  class space    used 438K, capacity 496K, committed 512K, reserved 1048576K
Heap Regions: E=young(eden), S=young(survivor), O=old, HS=humongous(starts), HC=humongous(continues), CS=collection set, F=free, A=archive, TS=gc time stamp, AC=allocation context, TAMS=top-at-mark-start (previous, next)
|   0|0x00000000c8600000, 0x00000000c8600000, 0x00000000c8700000|  0%| F|  |TS  0|AC  0|TAMS 0x00000000c8600000, 0x00000000c8600000|
|   1|0x00000000c8700000, 0x00000000c8700000, 0x00000000c8800000|  0%| F|  |TS  0|AC  0|TAMS 0x00000000c8700000, 0x00000000c8700000|
|   2|0x00000000c8800000, 0x00000000c8800000, 0x00000000c8900000|  0%| F|  |TS  0|AC  0|TAMS 0x00000000c8800000, 0x00000000c8800000|
|   3|0x00000000c8900000, 0x00000000c8900000, 0x00000000c8a00000|  0%| F|  |TS  0|AC  0|TAMS 0x00000000c8900000, 0x00000000c8900000|
|   4|0x00000000c8a00000, 0x00000000c8a00000, 0x00000000c8b00000|  0%| F|  |TS  0|AC  0|TAMS 0x00000000c8a00000, 0x00000000c8a00000|
|   5|0x00000000c8b00000, 0x00000000c8b00000, 0x00000000c8c00000|  0%| F|  |TS  0|AC  0|TAMS 0x00000000c8b00000, 0x00000000c8b00000|
|   6|0x00000000c8c00000, 0x00000000c8c00000, 0x00000000c8d00000|  0%| F|  |TS  0|AC  0|TAMS 0x00000000c8c00000, 0x00000000c8c00000|
|   7|0x00000000c8d00000, 0x00000000c8d00000, 0x00000000c8e00000|  0%| F|  |TS  0|AC  0|TAMS 0x00000000c8d00000, 0x00000000c8d00000|
|   8|0x00000000c8e00000, 0x00000000c8e00000, 0x00000000c8f00000|  0%| F|  |TS  0|AC  0|TAMS 0x00000000c8e00000, 0x00000000c8e00000|
|   9|0x00000000c8f00000, 0x00000000c8f00000, 0x00000000c9000000|  0%| F|  |TS  0|AC  0|TAMS 0x00000000c8f00000, 0x00000000c8f00000|
|  10|0x00000000c9000000, 0x00000000c9000000, 0x00000000c9100000|  0%| F|  |TS  0|AC  0|TAMS 0x00000000c9000000, 0x00000000c9000000|
|  11|0x00000000c9100000, 0x00000000c9100000, 0x00000000c9200000|  0%| F|  |TS  0|AC  0|TAMS 0x00000000c9100000, 0x00000000c9100000|
|  12|0x00000000c9200000, 0x00000000c9200000, 0x00000000c9300000|  0%| F|  |TS  0|AC  0|TAMS 0x00000000c9200000, 0x00000000c9200000|
|  13|0x00000000c9300000, 0x00000000c9300000, 0x00000000c9400000|  0%| F|  |TS  0|AC  0|TAMS 0x00000000c9300000, 0x00000000c9300000|
|  14|0x00000000c9400000, 0x00000000c9400000, 0x00000000c9500000|  0%| F|  |TS  0|AC  0|TAMS 0x00000000c9400000, 0x00000000c9400000|
|  15|0x00000000c9500000, 0x00000000c9500000, 0x00000000c9600000|  0%| F|  |TS  0|AC  0|TAMS 0x00000000c9500000, 0x00000000c9500000|
|  16|0x00000000c9600000, 0x00000000c9600000, 0x00000000c9700000|  0%| F|  |TS  0|AC  0|TAMS 0x00000000c9600000, 0x00000000c9600000|
|  17|0x00000000c9700000, 0x00000000c9700000, 0x00000000c9800000|  0%| F|  |TS  0|AC  0|TAMS 0x00000000c9700000, 0x00000000c9700000|
|  18|0x00000000c9800000, 0x00000000c9800000, 0x00000000c9900000|  0%| F|  |TS  0|AC  0|TAMS 0x00000000c9800000, 0x00000000c9800000|
|  19|0x00000000c9900000, 0x00000000c9900000, 0x00000000c9a00000|  0%| F|  |TS  0|AC  0|TAMS 0x00000000c9900000, 0x00000000c9900000|
|  20|0x00000000c9a00000, 0x00000000c9a00000, 0x00000000c9b00000|  0%| F|  |TS  0|AC  0|TAMS 0x00000000c9a00000, 0x00000000c9a00000|
|  21|0x00000000c9b00000, 0x00000000c9b00000, 0x00000000c9c00000|  0%| F|  |TS  0|AC  0|TAMS 0x00000000c9b00000, 0x00000000c9b00000|
|  22|0x00000000c9c00000, 0x00000000c9c00000, 0x00000000c9d00000|  0%| F|  |TS  0|AC  0|TAMS 0x00000000c9c00000, 0x00000000c9c00000|
|  23|0x00000000c9d00000, 0x00000000c9d00000, 0x00000000c9e00000|  0%| F|  |TS  0|AC  0|TAMS 0x00000000c9d00000, 0x00000000c9d00000|
|  24|0x00000000c9e00000, 0x00000000c9e00000, 0x00000000c9f00000|  0%| F|  |TS  0|AC  0|TAMS 0x00000000c9e00000, 0x00000000c9e00000|
|  25|0x00000000c9f00000, 0x00000000c9f00000, 0x00000000ca000000|  0%| F|  |TS  0|AC  0|TAMS 0x00000000c9f00000, 0x00000000c9f00000|
|  26|0x00000000ca000000, 0x00000000ca000000, 0x00000000ca100000|  0%| F|  |TS  0|AC  0|TAMS 0x00000000ca000000, 0x00000000ca000000|
|  27|0x00000000ca100000, 0x00000000ca100000, 0x00000000ca200000|  0%| F|  |TS  0|AC  0|TAMS 0x00000000ca100000, 0x00000000ca100000|
|  28|0x00000000ca200000, 0x00000000ca200000, 0x00000000ca300000|  0%| F|  |TS  0|AC  0|TAMS 0x00000000ca200000, 0x00000000ca200000|
|  29|0x00000000ca300000, 0x00000000ca300000, 0x00000000ca400000|  0%| F|  |TS  0|AC  0|TAMS 0x00000000ca300000, 0x00000000ca300000|
|  30|0x00000000ca400000, 0x00000000ca400000, 0x00000000ca500000|  0%| F|  |TS  0|AC  0|TAMS 0x00000000ca400000, 0x00000000ca400000|
|  31|0x00000000ca500000, 0x00000000ca500000, 0x00000000ca600000|  0%| F|  |TS  0|AC  0|TAMS 0x00000000ca500000, 0x00000000ca500000|
|  32|0x00000000ca600000, 0x00000000ca600000, 0x00000000ca700000|  0%| F|  |TS  0|AC  0|TAMS 0x00000000ca600000, 0x00000000ca600000|
|  33|0x00000000ca700000, 0x00000000ca700000, 0x00000000ca800000|  0%| F|  |TS  0|AC  0|TAMS 0x00000000ca700000, 0x00000000ca700000|
|  34|0x00000000ca800000, 0x00000000ca800000, 0x00000000ca900000|  0%| F|  |TS  0|AC  0|TAMS 0x00000000ca800000, 0x00000000ca800000|
|  35|0x00000000ca900000, 0x00000000ca900000, 0x00000000caa00000|  0%| F|  |TS  0|AC  0|TAMS 0x00000000ca900000, 0x00000000ca900000|
|  36|0x00000000caa00000, 0x00000000caa00000, 0x00000000cab00000|  0%| F|  |TS  0|AC  0|TAMS 0x00000000caa00000, 0x00000000caa00000|
|  37|0x00000000cab00000, 0x00000000cab00000, 0x00000000cac00000|  0%| F|  |TS  0|AC  0|TAMS 0x00000000cab00000, 0x00000000cab00000|
|  38|0x00000000cac00000, 0x00000000cac00000, 0x00000000cad00000|  0%| F|  |TS  0|AC  0|TAMS 0x00000000cac00000, 0x00000000cac00000|
|  39|0x00000000cad00000, 0x00000000cad00000, 0x00000000cae00000|  0%| F|  |TS  0|AC  0|TAMS 0x00000000cad00000, 0x00000000cad00000|
|  40|0x00000000cae00000, 0x00000000cae00000, 0x00000000caf00000|  0%| F|  |TS  0|AC  0|TAMS 0x00000000cae00000, 0x00000000cae00000|
|  41|0x00000000caf00000, 0x00000000caf00000, 0x00000000cb000000|  0%| F|  |TS  0|AC  0|TAMS 0x00000000caf00000, 0x00000000caf00000|
|  42|0x00000000cb000000, 0x00000000cb000000, 0x00000000cb100000|  0%| F|  |TS  0|AC  0|TAMS 0x00000000cb000000, 0x00000000cb000000|
|  43|0x00000000cb100000, 0x00000000cb100000, 0x00000000cb200000|  0%| F|  |TS  0|AC  0|TAMS 0x00000000cb100000, 0x00000000cb100000|
|  44|0x00000000cb200000, 0x00000000cb200000, 0x00000000cb300000|  0%| F|  |TS  0|AC  0|TAMS 0x00000000cb200000, 0x00000000cb200000|
|  45|0x00000000cb300000, 0x00000000cb300000, 0x00000000cb400000|  0%| F|  |TS  0|AC  0|TAMS 0x00000000cb300000, 0x00000000cb300000|
|  46|0x00000000cb400000, 0x00000000cb400000, 0x00000000cb500000|  0%| F|  |TS  0|AC  0|TAMS 0x00000000cb400000, 0x00000000cb400000|
|  47|0x00000000cb500000, 0x00000000cb500000, 0x00000000cb600000|  0%| F|  |TS  0|AC  0|TAMS 0x00000000cb500000, 0x00000000cb500000|
|  48|0x00000000cb600000, 0x00000000cb600000, 0x00000000cb700000|  0%| F|  |TS  0|AC  0|TAMS 0x00000000cb600000, 0x00000000cb600000|
|  49|0x00000000cb700000, 0x00000000cb700000, 0x00000000cb800000|  0%| F|  |TS  0|AC  0|TAMS 0x00000000cb700000, 0x00000000cb700000|
|  50|0x00000000cb800000, 0x00000000cb800000, 0x00000000cb900000|  0%| F|  |TS  0|AC  0|TAMS 0x00000000cb800000, 0x00000000cb800000|
|  51|0x00000000cb900000, 0x00000000cb900000, 0x00000000cba00000|  0%| F|  |TS  0|AC  0|TAMS 0x00000000cb900000, 0x00000000cb900000|
|  52|0x00000000cba00000, 0x00000000cba00000, 0x00000000cbb00000|  0%| F|  |TS  0|AC  0|TAMS 0x00000000cba00000, 0x00000000cba00000|
|  53|0x00000000cbb00000, 0x00000000cbbd7b28, 0x00000000cbc00000| 84%| E|  |TS  0|AC  0|TAMS 0x00000000cbb00000, 0x00000000cbb00000|
|  54|0x00000000cbc00000, 0x00000000cbd00000, 0x00000000cbd00000|100%| E|CS|TS  0|AC  0|TAMS 0x00000000cbc00000, 0x00000000cbc00000|
|  55|0x00000000cbd00000, 0x00000000cbe00000, 0x00000000cbe00000|100%| E|CS|TS  0|AC  0|TAMS 0x00000000cbd00000, 0x00000000cbd00000|

Card table byte_map: [0x000000001d3c0000,0x000000001d580000] byte_map_base: 0x000000001cd7d000

Marking Bits (Prev, Next): (CMBitMap*) 0x00000000003a2e10, (CMBitMap*) 0x00000000003a2e48
 Prev Bits: [0x000000001d740000, 0x000000001e528000)
 Next Bits: [0x000000001e530000, 0x000000001f318000)

Polling page: 0x00000000001f0000

CodeHeap 'non-profiled nmethods': size=120064Kb used=65Kb max_used=65Kb free=119998Kb
 bounds [0x00000000150b0000, 0x0000000015320000, 0x000000001c5f0000]
CodeHeap 'profiled nmethods': size=120000Kb used=257Kb max_used=257Kb free=119742Kb
 bounds [0x000000000db80000, 0x000000000ddf0000, 0x00000000150b0000]
CodeHeap 'non-nmethods': size=5696Kb used=1069Kb max_used=1081Kb free=4626Kb
 bounds [0x000000000d5f0000, 0x000000000d860000, 0x000000000db80000]
 total_blobs=572 nmethods=198 adapters=211
 compilation: enabled

Compilation events (10 events):
Event: 0.773 Thread 0x0000000062af9800 nmethod 193 0x000000000dbbe810 code [0x000000000dbbe9c0, 0x000000000dbbeb68]
Event: 0.773 Thread 0x0000000062af9800  194       3       java.lang.AbstractStringBuilder::append (45 bytes)
Event: 0.774 Thread 0x0000000062af9800 nmethod 194 0x000000000dbbec10 code [0x000000000dbbee40, 0x000000000dbbf3b8]
Event: 0.774 Thread 0x0000000062af9800  195       3       java.lang.String::getBytes (44 bytes)
Event: 0.774 Thread 0x0000000062ae8800 nmethod 196 0x00000000150bfe10 code [0x00000000150bffa0, 0x00000000150c00f8]
Event: 0.775 Thread 0x0000000062af9800 nmethod 195 0x000000000dbbf610 code [0x000000000dbbf800, 0x000000000dbbfbb8]
Event: 0.801 Thread 0x0000000062ad8800  197       4       java.lang.StringLatin1::indexOf (61 bytes)
Event: 0.803 Thread 0x0000000062af9800  198       3       sun.nio.fs.WindowsPathParser::isInvalidPathChar (22 bytes)
Event: 0.804 Thread 0x0000000062af9800 nmethod 198 0x000000000dbbfd90 code [0x000000000dbbff80, 0x000000000dbc0328]
Event: 0.807 Thread 0x0000000062ad8800 nmethod 197 0x00000000150c0210 code [0x00000000150c03a0, 0x00000000150c0558]

GC Heap History (0 events):
No events

Deoptimization events (2 events):
Event: 0.590 Thread 0x0000000000336800 Uncommon trap: reason=unstable_if action=reinterpret pc=0x00000000150b8fec method=java.lang.String.isLatin1()Z @ 10 c2
Event: 0.614 Thread 0x0000000000336800 Uncommon trap: reason=unstable_if action=reinterpret pc=0x00000000150b3694 method=java.lang.String.hashCode()I @ 14 c2

Classes redefined (3 events):
Event: 41.513 Thread 0x0000000021b07000 redefined class name=Solution, count=1
Event: 139.177 Thread 0x0000000021b07000 redefined class name=Solution, count=2
Event: 153.827 Thread 0x0000000021b07000 redefined class name=Solution, count=3

Internal exceptions (0 events):
No events

Events (10 events):
Event: 168.324 Executing VM operation: ChangeBreakpoints done
Event: 168.355 Executing VM operation: ChangeBreakpoints
Event: 168.355 Executing VM operation: ChangeBreakpoints done
Event: 215.626 Executing VM operation: ChangeBreakpoints
Event: 215.626 Executing VM operation: ChangeBreakpoints done
Event: 215.968 Executing VM operation: ChangeBreakpoints
Event: 215.968 Executing VM operation: ChangeBreakpoints done
Event: 220.997 Executing VM operation: ChangeBreakpoints
Event: 220.997 Executing VM operation: ChangeBreakpoints done
Event: 221.003 Executing VM operation: RedefineClasses


Dynamic libraries:
0x000000013ff40000 - 0x000000013ff7e000 	C:\Program Files\Java\jdk-10\bin\java.exe
0x0000000076eb0000 - 0x000000007705a000 	C:\Windows\SYSTEM32\ntdll.dll
0x0000000076d90000 - 0x0000000076eaf000 	C:\Windows\system32\kernel32.dll
0x000007fefcef0000 - 0x000007fefcf5a000 	C:\Windows\system32\KERNELBASE.dll
0x000007fefdcc0000 - 0x000007fefdd9b000 	C:\Windows\system32\ADVAPI32.dll
0x000007fefee60000 - 0x000007fefeeff000 	C:\Windows\system32\msvcrt.dll
0x000007feff120000 - 0x000007feff13f000 	C:\Windows\SYSTEM32\sechost.dll
0x000007fefd170000 - 0x000007fefd29d000 	C:\Windows\system32\RPCRT4.dll
0x0000000076c90000 - 0x0000000076d8a000 	C:\Windows\system32\USER32.dll
0x000007fefd470000 - 0x000007fefd4d7000 	C:\Windows\system32\GDI32.dll
0x000007feff100000 - 0x000007feff10e000 	C:\Windows\system32\LPK.dll
0x000007fefd3a0000 - 0x000007fefd46b000 	C:\Windows\system32\USP10.dll
0x000007fefb670000 - 0x000007fefb864000 	C:\Windows\WinSxS\amd64_microsoft.windows.common-controls_6595b64144ccf1df_6.0.7601.18837_none_fa3b1e3d17594757\COMCTL32.dll
0x000007fefd2a0000 - 0x000007fefd311000 	C:\Windows\system32\SHLWAPI.dll
0x000007fefc490000 - 0x000007fefc49c000 	C:\Windows\system32\VERSION.dll
0x000007fefcf60000 - 0x000007fefcf8e000 	C:\Windows\system32\IMM32.DLL
0x000007fefd930000 - 0x000007fefda39000 	C:\Windows\system32\MSCTF.dll
0x000007fef0190000 - 0x000007fef027f000 	C:\Program Files\Java\jdk-10\bin\msvcr120.dll
0x000007fef33f0000 - 0x000007fef3496000 	C:\Program Files\Java\jdk-10\bin\msvcp120.dll
0x0000000067950000 - 0x00000000683bf000 	C:\Program Files\Java\jdk-10\bin\server\jvm.dll
0x000007fefa970000 - 0x000007fefa979000 	C:\Windows\system32\WSOCK32.dll
0x000007fefdc70000 - 0x000007fefdcbd000 	C:\Windows\system32\WS2_32.dll
0x000007feff110000 - 0x000007feff118000 	C:\Windows\system32\NSI.dll
0x000007fef8b10000 - 0x000007fef8b4b000 	C:\Windows\system32\WINMM.dll
0x0000000077080000 - 0x0000000077087000 	C:\Windows\system32\PSAPI.DLL
0x000007fefc3c0000 - 0x000007fefc3cf000 	C:\Program Files\Java\jdk-10\bin\verify.dll
0x000007fef1bb0000 - 0x000007fef1cd5000 	C:\Windows\system32\DBGHELP.DLL
0x000007fef3f20000 - 0x000007fef3f47000 	C:\Program Files\Java\jdk-10\bin\java.dll
0x000007fef33b0000 - 0x000007fef33e6000 	C:\Program Files\Java\jdk-10\bin\jdwp.dll
0x000007fef3560000 - 0x000007fef358a000 	C:\Program Files\Java\jdk-10\bin\instrument.dll
0x000007fef7a30000 - 0x000007fef7a46000 	C:\Program Files\Java\jdk-10\bin\zip.dll
0x000007fefc410000 - 0x000007fefc41a000 	C:\Program Files\Java\jdk-10\bin\jimage.dll
0x000007fefe0d0000 - 0x000007fefee5b000 	C:\Windows\system32\SHELL32.dll
0x000007fefef00000 - 0x000007feff0fc000 	C:\Windows\system32\ole32.dll
0x000007fefcba0000 - 0x000007fefcbaf000 	C:\Windows\system32\profapi.dll
0x000007fefc3b0000 - 0x000007fefc3ba000 	C:\Program Files\Java\jdk-10\bin\dt_socket.dll
0x000007fefc040000 - 0x000007fefc095000 	C:\Windows\system32\mswsock.dll
0x000007fefc4a0000 - 0x000007fefc4a7000 	C:\Windows\System32\wshtcpip.dll
0x000007fef72e0000 - 0x000007fef72fa000 	C:\Program Files\Java\jdk-10\bin\net.dll
0x000007fef9920000 - 0x000007fef9991000 	C:\Windows\system32\WINHTTP.dll
0x000007fef83e0000 - 0x000007fef8444000 	C:\Windows\system32\webio.dll
0x000007fefc030000 - 0x000007fefc037000 	C:\Windows\System32\wship6.dll
0x000007fef42b0000 - 0x000007fef42c1000 	C:\Program Files\Java\jdk-10\bin\nio.dll

dbghelp: loaded successfully - version: 4.0.5 - missing functions: none
symbol engine: initialized successfully - sym options: 0x614 - pdb path: .;C:\Program Files\Java\jdk-10\bin;C:\Windows\SYSTEM32;C:\Windows\WinSxS\amd64_microsoft.windows.common-controls_6595b64144ccf1df_6.0.7601.18837_none_fa3b1e3d17594757;C:\Program Files\Java\jdk-10\bin\server

VM Arguments:
jvm_args: -agentlib:jdwp=transport=dt_socket,address=127.0.0.1:54726,suspend=y,server=n -javaagent:C:\Users\Administrator\.IdeaIC2018.1\system\captureAgent\debugger-agent.jar=file:/C:/Users/Administrator/AppData/Local/Temp/capture2.props -Dfile.encoding=UTF-8 
java_command: Solution
java_class_path (initial): D:\LCsolution\746. Min Cost Climbing Stairs\out\production\746. Min Cost Climbing Stairs;D:\Program Files\JetBrains\IntelliJ IDEA Community Edition 2018.1.1\lib\idea_rt.jar
Launcher Type: SUN_STANDARD

Logging:
Log output configuration:
#0: stdout all=warning uptime,level,tags
#1: stderr all=off uptime,level,tags

Environment Variables:
JAVA_HOME=C:\Program Files\Java\jdk-10
PATH=C:\ProgramData\Oracle\Java\javapath;C:\Windows\system32;C:\Windows;C:\Windows\System32\Wbem;C:\Windows\System32\WindowsPowerShell\v1.0\;C:\Program Files\Java\jdk-10\bin;G:\0 code\Python\Scripts\;G:\0 code\Python\;C:\Users\Administrator\AppData\Local\GitHubDesktop\bin
USERNAME=Administrator
OS=Windows_NT
PROCESSOR_IDENTIFIER=AMD64 Family 18 Model 1 Stepping 0, AuthenticAMD



---------------  S Y S T E M  ---------------

OS: Windows 7 , 64 bit Build 7601 (6.1.7601.23864)

CPU:total 4 (initial active 4) (4 cores per cpu, 1 threads per core) family 18 model 1 stepping 0, cmov, cx8, fxsr, mmx, sse, sse2, sse3, popcnt, mmxext, 3dnowpref, lzcnt, sse4a, tsc, tscinvbit, tscinv

Memory: 4k page, physical 3643504k(216952k free), swap 12782904k(5704648k free)

vm_info: Java HotSpot(TM) 64-Bit Server VM (10+46) for windows-amd64 JRE (10+46), built on Mar  8 2018 02:11:18 by "mach5one" with MS VC++ 12.0 (VS2013)

END.
