#
# A fatal error has been detected by the Java Runtime Environment:
#
#  EXCEPTION_ACCESS_VIOLATION (0xc0000005) at pc=0x00000000615ed82c, pid=11008, tid=10548
#
# JRE version: Java(TM) SE Runtime Environment (10.0+46) (build 10+46)
# Java VM: Java HotSpot(TM) 64-Bit Server VM (10+46, mixed mode, tiered, compressed oops, g1 gc, windows-amd64)
# Problematic frame:
# V  [jvm.dll+0x31d82c]
#
# No core dump will be written. Minidumps are not enabled by default on client versions of Windows
#
# If you would like to submit a bug report, please visit:
#   http://bugreport.java.com/bugreport/crash.jsp
#

---------------  S U M M A R Y ------------

Command Line: -agentlib:jdwp=transport=dt_socket,address=127.0.0.1:51329,suspend=y,server=n -javaagent:C:\Users\Administrator\.IdeaIC2018.1\system\captureAgent\debugger-agent.jar=file:/C:/Users/Administrator/AppData/Local/Temp/capture2.props -Dfile.encoding=UTF-8 Solution

Host: AMD A6-3400M APU with Radeon(tm) HD Graphics, 4 cores, 3G,  Windows 7 , 64 bit Build 7601 (6.1.7601.23864)
Time: Wed Jun 27 11:29:04 2018 ?D1¨²¡À¨º¡Á?¨º¡À?? elapsed time: 941 seconds (0d 0h 15m 41s)

---------------  T H R E A D  ---------------

Current thread (0x00000000219d5800):  VMThread "VM Thread" [stack: 0x0000000022d20000,0x0000000022e20000] [id=10548]

Stack: [0x0000000022d20000,0x0000000022e20000],  sp=0x0000000022e1ee60,  free space=1019k
Native frames: (J=compiled Java code, j=interpreted, Vv=VM code, C=native code)
V  [jvm.dll+0x31d82c]
V  [jvm.dll+0x31fbc0]
V  [jvm.dll+0x32024e]
V  [jvm.dll+0x31d9f5]
V  [jvm.dll+0x31cde3]
V  [jvm.dll+0x59048f]
V  [jvm.dll+0x590876]
V  [jvm.dll+0x590636]
V  [jvm.dll+0x55bdc8]
V  [jvm.dll+0x4738fa]
V  [jvm.dll+0x6c42dc]
V  [jvm.dll+0x6c2a45]
V  [jvm.dll+0x6c3250]
V  [jvm.dll+0x6c358c]
V  [jvm.dll+0x59ef10]
C  [msvcr120.dll+0x24f7f]
C  [msvcr120.dll+0x25126]
C  [kernel32.dll+0x159cd]
C  [ntdll.dll+0x2a561]


siginfo: EXCEPTION_ACCESS_VIOLATION (0xc0000005), reading address 0x0000000000000006


Register to memory mapping:

RIP=0x00000000615ed82c jvm.dll
RAX=0x0000000000000000 is an unknown value
RBX=0x00000000226b3148 is pointing into metadata
RCX=0x0000000000000000 is an unknown value
RDX=0x0000000000000000 is an unknown value
RSP=0x0000000022e1ee60 is an unknown value
RBP=0x0000000000000001 is an unknown value
RSI=0x0000000061c69b88 jvm.dll
RDI=0x0000000022e1f100 is an unknown value
R8 =0x0000000000000000 is an unknown value
R9 =0x00000000226b3148 is pointing into metadata
R10=0x00000000226b3148 is pointing into metadata
R11=0x000000008005baa0 is pointing into metadata
R12=0x0000000061a4d601 jvm.dll
R13=0x0000000000000000 is an unknown value
R14=0x0000000000000001 is an unknown value
R15=0x0000000000000000 is an unknown value


Registers:
RAX=0x0000000000000000, RBX=0x00000000226b3148, RCX=0x0000000000000000, RDX=0x0000000000000000
RSP=0x0000000022e1ee60, RBP=0x0000000000000001, RSI=0x0000000061c69b88, RDI=0x0000000022e1f100
R8 =0x0000000000000000, R9 =0x00000000226b3148, R10=0x00000000226b3148, R11=0x000000008005baa0
R12=0x0000000061a4d601, R13=0x0000000000000000, R14=0x0000000000000001, R15=0x0000000000000000
RIP=0x00000000615ed82c, EFLAGS=0x0000000000010212

Top of Stack: (sp=0x0000000022e1ee60)
0x0000000022e1ee60:   0000000022e1ef50 00000000613e4dde
0x0000000022e1ee70:   0000000022e1f000 0000000000000000
0x0000000022e1ee80:   0000000000000000 0000000061861396
0x0000000022e1ee90:   0000000022e1ef50 00000000615ee593
0x0000000022e1eea0:   0000b59719d7a8d7 0000b59719d7a8c7
0x0000000022e1eeb0:   0000000000000000 0000000022e1ef50
0x0000000022e1eec0:   0000000022e1f100 00000000615efbc0
0x0000000022e1eed0:   0000000022e1f100 0000000000000039
0x0000000022e1eee0:   0000000000000001 00000000615f0f54
0x0000000022e1eef0:   0000008b00000039 000000b10000008b
0x0000000022e1ef00:   0000000000000000 000000000000008b
0x0000000022e1ef10:   0000000022a954c0 00000000615f024e
0x0000000022e1ef20:   0000000022e1f100 0000000022e1ef80
0x0000000022e1ef30:   0000000000000000 0000000022a954c0
0x0000000022e1ef40:   0000000000006000 00000000615f20f1
0x0000000022e1ef50:   00000000226b37b0 00000000219d5800 

Instructions: (pc=0x00000000615ed82c)
0x00000000615ed80c:   8b cb e8 2d 13 f1 ff 48 8b cb 8b d0 e8 43 3a f1
0x00000000615ed81c:   ff 48 8d 35 64 c3 67 00 48 63 c8 48 8b 44 cb 40
0x00000000615ed82c:   0f b6 48 06 8b 05 4e c3 67 00 80 f9 4c 74 2b 80
0x00000000615ed83c:   f9 5b 74 26 80 f9 4a 74 18 80 f9 44 74 13 48 8d 


VM_Operation (0x0000000023f7f670): GetOrSetLocal, mode: safepoint, requested by thread 0x0000000023a7a000


---------------  P R O C E S S  ---------------

Threads class SMR info:
_java_thread_list=0x0000000023b96650, length=14, elements={
0x0000000000116800, 0x00000000219d7800, 0x00000000219db800, 0x0000000022af6800,
0x0000000022af8800, 0x0000000022af9800, 0x0000000022afe000, 0x0000000022aff000,
0x0000000022b09800, 0x0000000023a7a000, 0x0000000023ac6000, 0x0000000023ac7000,
0x0000000023bc1800, 0x0000000023b97000
}

Java Threads: ( => current thread )
  0x0000000000116800 JavaThread "main" [_thread_blocked, id=4120, stack(0x0000000002160000,0x0000000002260000)]
  0x00000000219d7800 JavaThread "Reference Handler" daemon [_thread_blocked, id=6196, stack(0x00000000219e0000,0x0000000021ae0000)]
  0x00000000219db800 JavaThread "Finalizer" daemon [_thread_blocked, id=12176, stack(0x0000000022e30000,0x0000000022f30000)]
  0x0000000022af6800 JavaThread "Signal Dispatcher" daemon [_thread_blocked, id=9028, stack(0x0000000022f50000,0x0000000023050000)]
  0x0000000022af8800 JavaThread "Attach Listener" daemon [_thread_blocked, id=4464, stack(0x0000000023090000,0x0000000023190000)]
  0x0000000022af9800 JavaThread "C2 CompilerThread0" daemon [_thread_blocked, id=11076, stack(0x0000000023200000,0x0000000023300000)]
  0x0000000022afe000 JavaThread "C2 CompilerThread1" daemon [_thread_blocked, id=9056, stack(0x0000000023410000,0x0000000023510000)]
  0x0000000022aff000 JavaThread "C1 CompilerThread2" daemon [_thread_blocked, id=6068, stack(0x0000000023680000,0x0000000023780000)]
  0x0000000022b09800 JavaThread "Sweeper thread" daemon [_thread_blocked, id=2128, stack(0x0000000023780000,0x0000000023880000)]
  0x0000000023a7a000 JavaThread "JDWP Transport Listener: dt_socket" daemon [_thread_blocked, id=640, stack(0x0000000023e80000,0x0000000023f80000)] _threads_hazard_ptr=0x0000000023b96650
  0x0000000023ac6000 JavaThread "JDWP Event Helper Thread" daemon [_thread_blocked, id=6528, stack(0x0000000023c80000,0x0000000023d80000)]
  0x0000000023ac7000 JavaThread "JDWP Command Reader" daemon [_thread_in_native, id=7636, stack(0x0000000023530000,0x0000000023630000)]
  0x0000000023bc1800 JavaThread "Common-Cleaner" daemon [_thread_blocked, id=7392, stack(0x0000000023fa0000,0x00000000240a0000)]
  0x0000000023b97000 JavaThread "Service Thread" daemon [_thread_blocked, id=9624, stack(0x0000000023300000,0x0000000023400000)]

Other Threads:
=>0x00000000219d5800 VMThread "VM Thread" [stack: 0x0000000022d20000,0x0000000022e20000] [id=10548]
  0x0000000023b98800 WatcherThread [stack: 0x0000000021ea0000,0x0000000021fa0000] [id=7072]
  0x000000000013f800 GCTaskThread "GC Thread#0" [stack: 0x0000000002570000,0x0000000002670000] [id=11284]
  0x0000000000140800 GCTaskThread "GC Thread#1" [stack: 0x000000001cbc0000,0x000000001ccc0000] [id=4924]
  0x0000000000144800 GCTaskThread "GC Thread#2" [stack: 0x000000001cd00000,0x000000001ce00000] [id=11128]
  0x0000000000147800 GCTaskThread "GC Thread#3" [stack: 0x000000001ca30000,0x000000001cb30000] [id=4492]
  0x000000000017a000 ConcurrentGCThread "G1 Main Marker" [stack: 0x000000001f2a0000,0x000000001f3a0000] [id=11564]
  0x000000000017b800 ConcurrentGCThread "G1 Conc#0" [stack: 0x000000001f4b0000,0x000000001f5b0000] [id=7768]
  0x0000000000199800 ConcurrentGCThread "G1 Refine#0" [stack: 0x0000000021b60000,0x0000000021c60000] [id=6516]
  0x000000000019e000 ConcurrentGCThread "G1 Refine#1" [stack: 0x0000000021d80000,0x0000000021e80000] [id=11720]
  0x00000000218f3000 ConcurrentGCThread "G1 Refine#2" [stack: 0x0000000021fb0000,0x00000000220b0000] [id=812]
  0x00000000218fc000 ConcurrentGCThread "G1 Refine#3" [stack: 0x0000000022120000,0x0000000022220000] [id=11528]
  0x00000000218fc800 ConcurrentGCThread "G1 Young RemSet Sampling" [stack: 0x0000000021c80000,0x0000000021d80000] [id=12060]

Threads with active compile tasks:

VM state:at safepoint (normal execution)

VM Mutex/Monitor currently owned by a thread:  ([mutex/lock_event])
[0x0000000000112e40] Threads_lock - owner thread: 0x00000000219d5800

Heap address: 0x00000000c8600000, size: 890 MB, Compressed Oops mode: 32-bit
Narrow klass base: 0x0000000000000000, Narrow klass shift: 0
Compressed class space size: 1073741824 Address: 0x000000007fff0000

Heap:
 garbage-first heap   total 57344K, used 3072K [0x00000000c8600000, 0x0000000100000000)
  region size 1024K, 4 young (4096K), 0 survivors (0K)
 Metaspace       used 5245K, capacity 5392K, committed 5632K, reserved 1056768K
  class space    used 439K, capacity 496K, committed 512K, reserved 1048576K
Heap Regions: E=young(eden), S=young(survivor), O=old, HS=humongous(starts), HC=humongous(continues), CS=collection set, F=free, A=archive, TS=gc time stamp, AC=allocation context, TAMS=top-at-mark-start (previous, next)
|   0|0x00000000c8600000, 0x00000000c8600000, 0x00000000c8700000|  0%| F|  |TS  0|AC  0|TAMS 0x00000000c8600000, 0x00000000c8600000|
|   1|0x00000000c8700000, 0x00000000c8700000, 0x00000000c8800000|  0%| F|  |TS  0|AC  0|TAMS 0x00000000c8700000, 0x00000000c8700000|
|   2|0x00000000c8800000, 0x00000000c8800000, 0x00000000c8900000|  0%| F|  |TS  0|AC  0|TAMS 0x00000000c8800000, 0x00000000c8800000|
|   3|0x00000000c8900000, 0x00000000c8900000, 0x00000000c8a00000|  0%| F|  |TS  0|AC  0|TAMS 0x00000000c8900000, 0x00000000c8900000|
|   4|0x00000000c8a00000, 0x00000000c8a00000, 0x00000000c8b00000|  0%| F|  |TS  0|AC  0|TAMS 0x00000000c8a00000, 0x00000000c8a00000|
|   5|0x00000000c8b00000, 0x00000000c8b00000, 0x00000000c8c00000|  0%| F|  |TS  0|AC  0|TAMS 0x00000000c8b00000, 0x00000000c8b00000|
|   6|0x00000000c8c00000, 0x00000000c8c00000, 0x00000000c8d00000|  0%| F|  |TS  0|AC  0|TAMS 0x00000000c8c00000, 0x00000000c8c00000|
|   7|0x00000000c8d00000, 0x00000000c8d00000, 0x00000000c8e00000|  0%| F|  |TS  0|AC  0|TAMS 0x00000000c8d00000, 0x00000000c8d00000|
|   8|0x00000000c8e00000, 0x00000000c8e00000, 0x00000000c8f00000|  0%| F|  |TS  0|AC  0|TAMS 0x00000000c8e00000, 0x00000000c8e00000|
|   9|0x00000000c8f00000, 0x00000000c8f00000, 0x00000000c9000000|  0%| F|  |TS  0|AC  0|TAMS 0x00000000c8f00000, 0x00000000c8f00000|
|  10|0x00000000c9000000, 0x00000000c9000000, 0x00000000c9100000|  0%| F|  |TS  0|AC  0|TAMS 0x00000000c9000000, 0x00000000c9000000|
|  11|0x00000000c9100000, 0x00000000c9100000, 0x00000000c9200000|  0%| F|  |TS  0|AC  0|TAMS 0x00000000c9100000, 0x00000000c9100000|
|  12|0x00000000c9200000, 0x00000000c9200000, 0x00000000c9300000|  0%| F|  |TS  0|AC  0|TAMS 0x00000000c9200000, 0x00000000c9200000|
|  13|0x00000000c9300000, 0x00000000c9300000, 0x00000000c9400000|  0%| F|  |TS  0|AC  0|TAMS 0x00000000c9300000, 0x00000000c9300000|
|  14|0x00000000c9400000, 0x00000000c9400000, 0x00000000c9500000|  0%| F|  |TS  0|AC  0|TAMS 0x00000000c9400000, 0x00000000c9400000|
|  15|0x00000000c9500000, 0x00000000c9500000, 0x00000000c9600000|  0%| F|  |TS  0|AC  0|TAMS 0x00000000c9500000, 0x00000000c9500000|
|  16|0x00000000c9600000, 0x00000000c9600000, 0x00000000c9700000|  0%| F|  |TS  0|AC  0|TAMS 0x00000000c9600000, 0x00000000c9600000|
|  17|0x00000000c9700000, 0x00000000c9700000, 0x00000000c9800000|  0%| F|  |TS  0|AC  0|TAMS 0x00000000c9700000, 0x00000000c9700000|
|  18|0x00000000c9800000, 0x00000000c9800000, 0x00000000c9900000|  0%| F|  |TS  0|AC  0|TAMS 0x00000000c9800000, 0x00000000c9800000|
|  19|0x00000000c9900000, 0x00000000c9900000, 0x00000000c9a00000|  0%| F|  |TS  0|AC  0|TAMS 0x00000000c9900000, 0x00000000c9900000|
|  20|0x00000000c9a00000, 0x00000000c9a00000, 0x00000000c9b00000|  0%| F|  |TS  0|AC  0|TAMS 0x00000000c9a00000, 0x00000000c9a00000|
|  21|0x00000000c9b00000, 0x00000000c9b00000, 0x00000000c9c00000|  0%| F|  |TS  0|AC  0|TAMS 0x00000000c9b00000, 0x00000000c9b00000|
|  22|0x00000000c9c00000, 0x00000000c9c00000, 0x00000000c9d00000|  0%| F|  |TS  0|AC  0|TAMS 0x00000000c9c00000, 0x00000000c9c00000|
|  23|0x00000000c9d00000, 0x00000000c9d00000, 0x00000000c9e00000|  0%| F|  |TS  0|AC  0|TAMS 0x00000000c9d00000, 0x00000000c9d00000|
|  24|0x00000000c9e00000, 0x00000000c9e00000, 0x00000000c9f00000|  0%| F|  |TS  0|AC  0|TAMS 0x00000000c9e00000, 0x00000000c9e00000|
|  25|0x00000000c9f00000, 0x00000000c9f00000, 0x00000000ca000000|  0%| F|  |TS  0|AC  0|TAMS 0x00000000c9f00000, 0x00000000c9f00000|
|  26|0x00000000ca000000, 0x00000000ca000000, 0x00000000ca100000|  0%| F|  |TS  0|AC  0|TAMS 0x00000000ca000000, 0x00000000ca000000|
|  27|0x00000000ca100000, 0x00000000ca100000, 0x00000000ca200000|  0%| F|  |TS  0|AC  0|TAMS 0x00000000ca100000, 0x00000000ca100000|
|  28|0x00000000ca200000, 0x00000000ca200000, 0x00000000ca300000|  0%| F|  |TS  0|AC  0|TAMS 0x00000000ca200000, 0x00000000ca200000|
|  29|0x00000000ca300000, 0x00000000ca300000, 0x00000000ca400000|  0%| F|  |TS  0|AC  0|TAMS 0x00000000ca300000, 0x00000000ca300000|
|  30|0x00000000ca400000, 0x00000000ca400000, 0x00000000ca500000|  0%| F|  |TS  0|AC  0|TAMS 0x00000000ca400000, 0x00000000ca400000|
|  31|0x00000000ca500000, 0x00000000ca500000, 0x00000000ca600000|  0%| F|  |TS  0|AC  0|TAMS 0x00000000ca500000, 0x00000000ca500000|
|  32|0x00000000ca600000, 0x00000000ca600000, 0x00000000ca700000|  0%| F|  |TS  0|AC  0|TAMS 0x00000000ca600000, 0x00000000ca600000|
|  33|0x00000000ca700000, 0x00000000ca700000, 0x00000000ca800000|  0%| F|  |TS  0|AC  0|TAMS 0x00000000ca700000, 0x00000000ca700000|
|  34|0x00000000ca800000, 0x00000000ca800000, 0x00000000ca900000|  0%| F|  |TS  0|AC  0|TAMS 0x00000000ca800000, 0x00000000ca800000|
|  35|0x00000000ca900000, 0x00000000ca900000, 0x00000000caa00000|  0%| F|  |TS  0|AC  0|TAMS 0x00000000ca900000, 0x00000000ca900000|
|  36|0x00000000caa00000, 0x00000000caa00000, 0x00000000cab00000|  0%| F|  |TS  0|AC  0|TAMS 0x00000000caa00000, 0x00000000caa00000|
|  37|0x00000000cab00000, 0x00000000cab00000, 0x00000000cac00000|  0%| F|  |TS  0|AC  0|TAMS 0x00000000cab00000, 0x00000000cab00000|
|  38|0x00000000cac00000, 0x00000000cac00000, 0x00000000cad00000|  0%| F|  |TS  0|AC  0|TAMS 0x00000000cac00000, 0x00000000cac00000|
|  39|0x00000000cad00000, 0x00000000cad00000, 0x00000000cae00000|  0%| F|  |TS  0|AC  0|TAMS 0x00000000cad00000, 0x00000000cad00000|
|  40|0x00000000cae00000, 0x00000000cae00000, 0x00000000caf00000|  0%| F|  |TS  0|AC  0|TAMS 0x00000000cae00000, 0x00000000cae00000|
|  41|0x00000000caf00000, 0x00000000caf00000, 0x00000000cb000000|  0%| F|  |TS  0|AC  0|TAMS 0x00000000caf00000, 0x00000000caf00000|
|  42|0x00000000cb000000, 0x00000000cb000000, 0x00000000cb100000|  0%| F|  |TS  0|AC  0|TAMS 0x00000000cb000000, 0x00000000cb000000|
|  43|0x00000000cb100000, 0x00000000cb100000, 0x00000000cb200000|  0%| F|  |TS  0|AC  0|TAMS 0x00000000cb100000, 0x00000000cb100000|
|  44|0x00000000cb200000, 0x00000000cb200000, 0x00000000cb300000|  0%| F|  |TS  0|AC  0|TAMS 0x00000000cb200000, 0x00000000cb200000|
|  45|0x00000000cb300000, 0x00000000cb300000, 0x00000000cb400000|  0%| F|  |TS  0|AC  0|TAMS 0x00000000cb300000, 0x00000000cb300000|
|  46|0x00000000cb400000, 0x00000000cb400000, 0x00000000cb500000|  0%| F|  |TS  0|AC  0|TAMS 0x00000000cb400000, 0x00000000cb400000|
|  47|0x00000000cb500000, 0x00000000cb500000, 0x00000000cb600000|  0%| F|  |TS  0|AC  0|TAMS 0x00000000cb500000, 0x00000000cb500000|
|  48|0x00000000cb600000, 0x00000000cb600000, 0x00000000cb700000|  0%| F|  |TS  0|AC  0|TAMS 0x00000000cb600000, 0x00000000cb600000|
|  49|0x00000000cb700000, 0x00000000cb700000, 0x00000000cb800000|  0%| F|  |TS  0|AC  0|TAMS 0x00000000cb700000, 0x00000000cb700000|
|  50|0x00000000cb800000, 0x00000000cb800000, 0x00000000cb900000|  0%| F|  |TS  0|AC  0|TAMS 0x00000000cb800000, 0x00000000cb800000|
|  51|0x00000000cb900000, 0x00000000cb900000, 0x00000000cba00000|  0%| F|  |TS  0|AC  0|TAMS 0x00000000cb900000, 0x00000000cb900000|
|  52|0x00000000cba00000, 0x00000000cba065d8, 0x00000000cbb00000|  2%| E|  |TS  0|AC  0|TAMS 0x00000000cba00000, 0x00000000cba00000|
|  53|0x00000000cbb00000, 0x00000000cbc00000, 0x00000000cbc00000|100%| E|CS|TS  0|AC  0|TAMS 0x00000000cbb00000, 0x00000000cbb00000|
|  54|0x00000000cbc00000, 0x00000000cbd00000, 0x00000000cbd00000|100%| E|CS|TS  0|AC  0|TAMS 0x00000000cbc00000, 0x00000000cbc00000|
|  55|0x00000000cbd00000, 0x00000000cbe00000, 0x00000000cbe00000|100%| E|CS|TS  0|AC  0|TAMS 0x00000000cbd00000, 0x00000000cbd00000|

Card table byte_map: [0x000000001d2f0000,0x000000001d4b0000] byte_map_base: 0x000000001ccad000

Marking Bits (Prev, Next): (CMBitMap*) 0x0000000000179790, (CMBitMap*) 0x00000000001797c8
 Prev Bits: [0x000000001d670000, 0x000000001e458000)
 Next Bits: [0x000000001e460000, 0x000000001f248000)

Polling page: 0x0000000000080000

CodeHeap 'non-profiled nmethods': size=120064Kb used=68Kb max_used=68Kb free=119995Kb
 bounds [0x00000000154e0000, 0x0000000015750000, 0x000000001ca20000]
CodeHeap 'profiled nmethods': size=120000Kb used=275Kb max_used=275Kb free=119724Kb
 bounds [0x000000000dfb0000, 0x000000000e220000, 0x00000000154e0000]
CodeHeap 'non-nmethods': size=5696Kb used=1070Kb max_used=1081Kb free=4625Kb
 bounds [0x000000000da20000, 0x000000000dc90000, 0x000000000dfb0000]
 total_blobs=577 nmethods=205 adapters=211
 compilation: enabled

Compilation events (10 events):
Event: 0.850 Thread 0x0000000022aff000  201       1       java.util.ArrayList$SubList::access$300 (5 bytes)
Event: 0.850 Thread 0x0000000022aff000 nmethod 201 0x00000000154f0310 code [0x00000000154f04c0, 0x00000000154f05b0]
Event: 0.852 Thread 0x0000000022afe000  202       4       java.lang.String::charAt (25 bytes)
Event: 0.852 Thread 0x0000000022aff000  203       3       java.lang.String::getBytes (44 bytes)
Event: 0.853 Thread 0x0000000022aff000 nmethod 203 0x000000000dff4790 code [0x000000000dff4980, 0x000000000dff4d38]
Event: 0.854 Thread 0x0000000022afe000 nmethod 202 0x00000000154f0690 code [0x00000000154f0820, 0x00000000154f0978]
Event: 0.922 Thread 0x0000000022af9800  204       4       java.lang.StringLatin1::indexOf (61 bytes)
Event: 0.927 Thread 0x0000000022aff000  205       1       java.nio.Buffer::position (5 bytes)
Event: 0.928 Thread 0x0000000022aff000 nmethod 205 0x00000000154f0a90 code [0x00000000154f0c40, 0x00000000154f0d50]
Event: 0.928 Thread 0x0000000022af9800 nmethod 204 0x00000000154f0e10 code [0x00000000154f0fa0, 0x00000000154f1158]

GC Heap History (0 events):
No events

Deoptimization events (1 events):
Event: 0.713 Thread 0x0000000000116800 Uncommon trap: reason=unstable_if action=reinterpret pc=0x00000000154e3194 method=java.lang.String.hashCode()I @ 14 c2

Classes redefined (6 events):
Event: 89.149 Thread 0x00000000219d5800 redefined class name=Solution, count=1
Event: 439.651 Thread 0x00000000219d5800 redefined class name=Solution, count=2
Event: 495.573 Thread 0x00000000219d5800 redefined class name=Solution, count=3
Event: 520.061 Thread 0x00000000219d5800 redefined class name=Solution, count=4
Event: 566.393 Thread 0x00000000219d5800 redefined class name=Solution, count=5
Event: 941.178 Thread 0x00000000219d5800 redefined class name=Solution, count=6

Internal exceptions (0 events):
No events

Events (10 events):
Event: 941.194 Executing VM operation: GetOrSetLocal done
Event: 941.386 Executing VM operation: ChangeBreakpoints
Event: 941.386 Executing VM operation: ChangeBreakpoints done
Event: 941.391 Executing VM operation: GetFrameCount
Event: 941.391 Executing VM operation: GetFrameCount done
Event: 941.391 Executing VM operation: GetFrameLocation
Event: 941.391 Executing VM operation: GetFrameLocation done
Event: 941.393 Executing VM operation: GetFrameLocation
Event: 941.394 Executing VM operation: GetFrameLocation done
Event: 941.394 Executing VM operation: GetOrSetLocal


Dynamic libraries:
0x000000013f630000 - 0x000000013f66e000 	C:\Program Files\Java\jdk-10\bin\java.exe
0x0000000076eb0000 - 0x000000007705a000 	C:\Windows\SYSTEM32\ntdll.dll
0x0000000076d90000 - 0x0000000076eaf000 	C:\Windows\system32\kernel32.dll
0x000007fefcef0000 - 0x000007fefcf5a000 	C:\Windows\system32\KERNELBASE.dll
0x000007fefdcc0000 - 0x000007fefdd9b000 	C:\Windows\system32\ADVAPI32.dll
0x000007fefee60000 - 0x000007fefeeff000 	C:\Windows\system32\msvcrt.dll
0x000007feff120000 - 0x000007feff13f000 	C:\Windows\SYSTEM32\sechost.dll
0x000007fefd170000 - 0x000007fefd29d000 	C:\Windows\system32\RPCRT4.dll
0x0000000076c90000 - 0x0000000076d8a000 	C:\Windows\system32\USER32.dll
0x000007fefd470000 - 0x000007fefd4d7000 	C:\Windows\system32\GDI32.dll
0x000007feff100000 - 0x000007feff10e000 	C:\Windows\system32\LPK.dll
0x000007fefd3a0000 - 0x000007fefd46b000 	C:\Windows\system32\USP10.dll
0x000007fefb670000 - 0x000007fefb864000 	C:\Windows\WinSxS\amd64_microsoft.windows.common-controls_6595b64144ccf1df_6.0.7601.18837_none_fa3b1e3d17594757\COMCTL32.dll
0x000007fefd2a0000 - 0x000007fefd311000 	C:\Windows\system32\SHLWAPI.dll
0x000007fefc490000 - 0x000007fefc49c000 	C:\Windows\system32\VERSION.dll
0x000007fefcf60000 - 0x000007fefcf8e000 	C:\Windows\system32\IMM32.DLL
0x000007fefd930000 - 0x000007fefda39000 	C:\Windows\system32\MSCTF.dll
0x000007fef33b0000 - 0x000007fef349f000 	C:\Program Files\Java\jdk-10\bin\msvcr120.dll
0x000007fef01d0000 - 0x000007fef0276000 	C:\Program Files\Java\jdk-10\bin\msvcp120.dll
0x00000000612d0000 - 0x0000000061d3f000 	C:\Program Files\Java\jdk-10\bin\server\jvm.dll
0x000007fefa970000 - 0x000007fefa979000 	C:\Windows\system32\WSOCK32.dll
0x000007fefdc70000 - 0x000007fefdcbd000 	C:\Windows\system32\WS2_32.dll
0x000007feff110000 - 0x000007feff118000 	C:\Windows\system32\NSI.dll
0x000007fef8b10000 - 0x000007fef8b4b000 	C:\Windows\system32\WINMM.dll
0x0000000077080000 - 0x0000000077087000 	C:\Windows\system32\PSAPI.DLL
0x000007fefc3c0000 - 0x000007fefc3cf000 	C:\Program Files\Java\jdk-10\bin\verify.dll
0x000007fef1bb0000 - 0x000007fef1cd5000 	C:\Windows\system32\DBGHELP.DLL
0x000007fef41b0000 - 0x000007fef41d7000 	C:\Program Files\Java\jdk-10\bin\java.dll
0x000007fef3370000 - 0x000007fef33a6000 	C:\Program Files\Java\jdk-10\bin\jdwp.dll
0x000007fef3560000 - 0x000007fef358a000 	C:\Program Files\Java\jdk-10\bin\instrument.dll
0x000007fef7a30000 - 0x000007fef7a46000 	C:\Program Files\Java\jdk-10\bin\zip.dll
0x000007fef7ff0000 - 0x000007fef7ffa000 	C:\Program Files\Java\jdk-10\bin\jimage.dll
0x000007fefe0d0000 - 0x000007fefee5b000 	C:\Windows\system32\SHELL32.dll
0x000007fefef00000 - 0x000007feff0fc000 	C:\Windows\system32\ole32.dll
0x000007fefcba0000 - 0x000007fefcbaf000 	C:\Windows\system32\profapi.dll
0x000007fef58d0000 - 0x000007fef58da000 	C:\Program Files\Java\jdk-10\bin\dt_socket.dll
0x000007fefc040000 - 0x000007fefc095000 	C:\Windows\system32\mswsock.dll
0x000007fefc4a0000 - 0x000007fefc4a7000 	C:\Windows\System32\wshtcpip.dll
0x000007fef72e0000 - 0x000007fef72fa000 	C:\Program Files\Java\jdk-10\bin\net.dll
0x000007fef9920000 - 0x000007fef9991000 	C:\Windows\system32\WINHTTP.dll
0x000007fef83e0000 - 0x000007fef8444000 	C:\Windows\system32\webio.dll
0x000007fefc030000 - 0x000007fefc037000 	C:\Windows\System32\wship6.dll
0x000007fef5de0000 - 0x000007fef5df1000 	C:\Program Files\Java\jdk-10\bin\nio.dll

dbghelp: loaded successfully - version: 4.0.5 - missing functions: none
symbol engine: initialized successfully - sym options: 0x614 - pdb path: .;C:\Program Files\Java\jdk-10\bin;C:\Windows\SYSTEM32;C:\Windows\WinSxS\amd64_microsoft.windows.common-controls_6595b64144ccf1df_6.0.7601.18837_none_fa3b1e3d17594757;C:\Program Files\Java\jdk-10\bin\server

VM Arguments:
jvm_args: -agentlib:jdwp=transport=dt_socket,address=127.0.0.1:51329,suspend=y,server=n -javaagent:C:\Users\Administrator\.IdeaIC2018.1\system\captureAgent\debugger-agent.jar=file:/C:/Users/Administrator/AppData/Local/Temp/capture2.props -Dfile.encoding=UTF-8 
java_command: Solution
java_class_path (initial): D:\LCsolution\532. K-diff Pairs in an Array\out\production\532. K-diff Pairs in an Array;D:\Program Files\JetBrains\IntelliJ IDEA Community Edition 2018.1.1\lib\idea_rt.jar
Launcher Type: SUN_STANDARD

Logging:
Log output configuration:
#0: stdout all=warning uptime,level,tags
#1: stderr all=off uptime,level,tags

Environment Variables:
JAVA_HOME=C:\Program Files\Java\jdk-10
PATH=C:\ProgramData\Oracle\Java\javapath;C:\Windows\system32;C:\Windows;C:\Windows\System32\Wbem;C:\Windows\System32\WindowsPowerShell\v1.0\;C:\Program Files\Java\jdk-10\bin;G:\0 code\Python\Scripts\;G:\0 code\Python\;C:\Users\Administrator\AppData\Local\GitHubDesktop\bin
USERNAME=Administrator
OS=Windows_NT
PROCESSOR_IDENTIFIER=AMD64 Family 18 Model 1 Stepping 0, AuthenticAMD



---------------  S Y S T E M  ---------------

OS: Windows 7 , 64 bit Build 7601 (6.1.7601.23864)

CPU:total 4 (initial active 4) (4 cores per cpu, 1 threads per core) family 18 model 1 stepping 0, cmov, cx8, fxsr, mmx, sse, sse2, sse3, popcnt, mmxext, 3dnowpref, lzcnt, sse4a, tsc, tscinvbit, tscinv

Memory: 4k page, physical 3643504k(329200k free), swap 12782904k(5786860k free)

vm_info: Java HotSpot(TM) 64-Bit Server VM (10+46) for windows-amd64 JRE (10+46), built on Mar  8 2018 02:11:18 by "mach5one" with MS VC++ 12.0 (VS2013)

END.
