#
# A fatal error has been detected by the Java Runtime Environment:
#
#  EXCEPTION_ACCESS_VIOLATION (0xc0000005) at pc=0x000000006192905a, pid=11384, tid=11244
#
# JRE version: Java(TM) SE Runtime Environment (10.0+46) (build 10+46)
# Java VM: Java HotSpot(TM) 64-Bit Server VM (10+46, mixed mode, tiered, compressed oops, g1 gc, windows-amd64)
# Problematic frame:
# V  [jvm.dll+0x65905a]
#
# No core dump will be written. Minidumps are not enabled by default on client versions of Windows
#
# If you would like to submit a bug report, please visit:
#   http://bugreport.java.com/bugreport/crash.jsp
#

---------------  S U M M A R Y ------------

Command Line: -agentlib:jdwp=transport=dt_socket,address=127.0.0.1:51313,suspend=y,server=n -javaagent:C:\Users\Administrator\AppData\Local\Temp\capture15332jars\debugger-agent.jar=file:/C:/Users/Administrator/AppData/Local/Temp/capture2.props -Dfile.encoding=UTF-8 Solution

Host: AMD A6-3400M APU with Radeon(tm) HD Graphics, 4 cores, 3G,  Windows 7 , 64 bit Build 7601 (6.1.7601.23864)
Time: Wed Jun 27 11:14:52 2018 ?D1¨²¡À¨º¡Á?¨º¡À?? elapsed time: 232 seconds (0d 0h 3m 52s)

---------------  T H R E A D  ---------------

Current thread (0x0000000023d10800):  JavaThread "JDWP Transport Listener: dt_socket" daemon [_thread_in_vm, id=11244, stack(0x00000000236c0000,0x00000000237c0000)] _threads_hazard_ptr=0x0000000023d6d6b0

Stack: [0x00000000236c0000,0x00000000237c0000],  sp=0x00000000237bf250,  free space=1020k
Native frames: (J=compiled Java code, j=interpreted, Vv=VM code, C=native code)
V  [jvm.dll+0x65905a]
V  [jvm.dll+0x473464]
V  [jvm.dll+0x473d62]
V  [jvm.dll+0x6c2bf7]
V  [jvm.dll+0x45cc0e]
V  [jvm.dll+0x42aef0]
C  [jdwp.dll+0x748f]


siginfo: EXCEPTION_ACCESS_VIOLATION (0xc0000005), reading address 0x0000000000b70004


Register to memory mapping:

RIP=0x000000006192905a jvm.dll
RAX=0x0000000022823680 is pointing into metadata
RBX=0x00000000237bf520 is pointing into the stack for thread: 0x0000000023d10800
RCX=0x0000000000b70004 is an unknown value
RDX=0x00000000000000ca is an unknown value
RSP=0x00000000237bf250 is pointing into the stack for thread: 0x0000000023d10800
RBP=0x0000000000000000 is an unknown value
RSI=0x0000000000000002 is an unknown value
RDI=0x000000000000001e is an unknown value
R8 =0x0000000000000000 is an unknown value
R9 =0x0000000000000000 is an unknown value
R10=0x0000000000000000 is an unknown value
R11=0x0000000023c86378 is an unknown value
R12=0x0000000000000000 is an unknown value
R13={method} {0x0000000022823708} 'start' '()V' in 'Solution'
R14=0x0000000000000000 is an unknown value
R15=0x00000000228236e6 is pointing into metadata


Registers:
RAX=0x0000000022823680, RBX=0x00000000237bf520, RCX=0x0000000000b70004, RDX=0x00000000000000ca
RSP=0x00000000237bf250, RBP=0x0000000000000000, RSI=0x0000000000000002, RDI=0x000000000000001e
R8 =0x0000000000000000, R9 =0x0000000000000000, R10=0x0000000000000000, R11=0x0000000023c86378
R12=0x0000000000000000, R13=0x0000000022823700, R14=0x0000000000000000, R15=0x00000000228236e6
RIP=0x000000006192905a, EFLAGS=0x0000000000010206

Top of Stack: (sp=0x00000000237bf250)
0x00000000237bf250:   000000000d598990 0000000000000000
0x00000000237bf260:   00000000022df240 00000000022df1d8
0x00000000237bf270:   000000000000001e 0000000061743464
0x00000000237bf280:   00000000237bf520 0000000000000000
0x00000000237bf290:   0000000000000000 0000000061984ad9
0x00000000237bf2a0:   0000000000000000 0000000000000000
0x00000000237bf2b0:   0000000000000000 0000000000000000
0x00000000237bf2c0:   00000000022df1b8 000000000d59b5b4
0x00000000237bf2d0:   000000000d598990 0000000000000000
0x00000000237bf2e0:   0000000000000000 00000000237bf520
0x00000000237bf2f0:   0000000022c69f50 0000000061743d62
0x00000000237bf300:   0000000023d10800 0000000000000000
0x00000000237bf310:   00000000000003d8 0000000023c85140
0x00000000237bf320:   00000000237bf520 0000000061992bf7
0x00000000237bf330:   0000000023dd6f80 0000000061992e90
0x00000000237bf340:   00000000003e2f60 0000000000000000 

Instructions: (pc=0x000000006192905a)
0x000000006192903a:   88 48 ff 48 ff ca 75 ee 43 c6 04 10 00 49 8b c2
0x000000006192904a:   c3 cc cc cc cc cc 48 89 5c 24 08 57 48 83 ec 20
0x000000006192905a:   0f b7 39 48 8b d9 33 d2 ff c7 48 63 cf e8 34 09
0x000000006192906a:   fa ff 4c 8b c8 85 ff 7e 36 44 0f b7 03 8d 57 ff 



---------------  P R O C E S S  ---------------

Threads class SMR info:
_java_thread_list=0x0000000023d6d6b0, length=14, elements={
0x00000000003e6800, 0x0000000021b53800, 0x0000000021b57800, 0x0000000022c65800,
0x0000000022c66800, 0x0000000021b5c800, 0x0000000021b5d000, 0x0000000021b5e000,
0x0000000021b5f000, 0x0000000023d10800, 0x0000000023de8800, 0x0000000023ded000,
0x0000000023db9000, 0x0000000023d6b000
}

Java Threads: ( => current thread )
  0x00000000003e6800 JavaThread "main" [_thread_blocked, id=8424, stack(0x00000000021e0000,0x00000000022e0000)]
  0x0000000021b53800 JavaThread "Reference Handler" daemon [_thread_blocked, id=5508, stack(0x0000000022fc0000,0x00000000230c0000)]
  0x0000000021b57800 JavaThread "Finalizer" daemon [_thread_blocked, id=11500, stack(0x0000000023190000,0x0000000023290000)]
  0x0000000022c65800 JavaThread "Signal Dispatcher" daemon [_thread_blocked, id=6996, stack(0x0000000023370000,0x0000000023470000)]
  0x0000000022c66800 JavaThread "Attach Listener" daemon [_thread_blocked, id=9188, stack(0x0000000021e90000,0x0000000021f90000)]
  0x0000000021b5c800 JavaThread "C2 CompilerThread0" daemon [_thread_blocked, id=1196, stack(0x00000000235c0000,0x00000000236c0000)]
  0x0000000021b5d000 JavaThread "C2 CompilerThread1" daemon [_thread_blocked, id=11780, stack(0x00000000237d0000,0x00000000238d0000)]
  0x0000000021b5e000 JavaThread "C1 CompilerThread2" daemon [_thread_blocked, id=11460, stack(0x0000000023910000,0x0000000023a10000)]
  0x0000000021b5f000 JavaThread "Sweeper thread" daemon [_thread_blocked, id=10536, stack(0x0000000023a30000,0x0000000023b30000)]
=>0x0000000023d10800 JavaThread "JDWP Transport Listener: dt_socket" daemon [_thread_in_vm, id=11244, stack(0x00000000236c0000,0x00000000237c0000)] _threads_hazard_ptr=0x0000000023d6d6b0
  0x0000000023de8800 JavaThread "JDWP Event Helper Thread" daemon [_thread_blocked, id=6864, stack(0x0000000023f40000,0x0000000024040000)]
  0x0000000023ded000 JavaThread "JDWP Command Reader" daemon [_thread_in_native, id=11616, stack(0x00000000241b0000,0x00000000242b0000)]
  0x0000000023db9000 JavaThread "Common-Cleaner" daemon [_thread_blocked, id=10212, stack(0x0000000024360000,0x0000000024460000)]
  0x0000000023d6b000 JavaThread "Service Thread" daemon [_thread_blocked, id=3396, stack(0x00000000234b0000,0x00000000235b0000)]

Other Threads:
  0x0000000021b51000 VMThread "VM Thread" [stack: 0x0000000022e80000,0x0000000022f80000] [id=7824]
  0x0000000023d6c800 WatcherThread [stack: 0x0000000024550000,0x0000000024650000] [id=7920]
  0x000000000040f800 GCTaskThread "GC Thread#0" [stack: 0x000000001c840000,0x000000001c940000] [id=10188]
  0x0000000000410800 GCTaskThread "GC Thread#1" [stack: 0x000000001cb20000,0x000000001cc20000] [id=9256]
  0x0000000000414800 GCTaskThread "GC Thread#2" [stack: 0x000000001cc70000,0x000000001cd70000] [id=8124]
  0x0000000000417800 GCTaskThread "GC Thread#3" [stack: 0x000000001ce20000,0x000000001cf20000] [id=10584]
  0x000000000044a000 ConcurrentGCThread "G1 Main Marker" [stack: 0x000000001f520000,0x000000001f620000] [id=9512]
  0x000000000044b800 ConcurrentGCThread "G1 Conc#0" [stack: 0x000000001f3c0000,0x000000001f4c0000] [id=11140]
  0x0000000021a74800 ConcurrentGCThread "G1 Refine#0" [stack: 0x0000000021be0000,0x0000000021ce0000] [id=5368]
  0x000000000046f000 ConcurrentGCThread "G1 Refine#1" [stack: 0x0000000021d40000,0x0000000021e40000] [id=11648]
  0x0000000021a7c000 ConcurrentGCThread "G1 Refine#2" [stack: 0x0000000022030000,0x0000000022130000] [id=1404]
  0x0000000021a7d000 ConcurrentGCThread "G1 Refine#3" [stack: 0x0000000022150000,0x0000000022250000] [id=9136]
  0x0000000021a80800 ConcurrentGCThread "G1 Young RemSet Sampling" [stack: 0x0000000022290000,0x0000000022390000] [id=11148]

Threads with active compile tasks:

VM state:not at safepoint (normal execution)

VM Mutex/Monitor currently owned by a thread: None

Heap address: 0x00000000c8600000, size: 890 MB, Compressed Oops mode: 32-bit
Narrow klass base: 0x0000000000000000, Narrow klass shift: 0
Compressed class space size: 1073741824 Address: 0x000000007fff0000

Heap:
 garbage-first heap   total 57344K, used 3072K [0x00000000c8600000, 0x0000000100000000)
  region size 1024K, 4 young (4096K), 0 survivors (0K)
 Metaspace       used 5221K, capacity 5328K, committed 5376K, reserved 1056768K
  class space    used 438K, capacity 496K, committed 512K, reserved 1048576K
Heap Regions: E=young(eden), S=young(survivor), O=old, HS=humongous(starts), HC=humongous(continues), CS=collection set, F=free, A=archive, TS=gc time stamp, AC=allocation context, TAMS=top-at-mark-start (previous, next)
|   0|0x00000000c8600000, 0x00000000c8600000, 0x00000000c8700000|  0%| F|  |TS  0|AC  0|TAMS 0x00000000c8600000, 0x00000000c8600000|
|   1|0x00000000c8700000, 0x00000000c8700000, 0x00000000c8800000|  0%| F|  |TS  0|AC  0|TAMS 0x00000000c8700000, 0x00000000c8700000|
|   2|0x00000000c8800000, 0x00000000c8800000, 0x00000000c8900000|  0%| F|  |TS  0|AC  0|TAMS 0x00000000c8800000, 0x00000000c8800000|
|   3|0x00000000c8900000, 0x00000000c8900000, 0x00000000c8a00000|  0%| F|  |TS  0|AC  0|TAMS 0x00000000c8900000, 0x00000000c8900000|
|   4|0x00000000c8a00000, 0x00000000c8a00000, 0x00000000c8b00000|  0%| F|  |TS  0|AC  0|TAMS 0x00000000c8a00000, 0x00000000c8a00000|
|   5|0x00000000c8b00000, 0x00000000c8b00000, 0x00000000c8c00000|  0%| F|  |TS  0|AC  0|TAMS 0x00000000c8b00000, 0x00000000c8b00000|
|   6|0x00000000c8c00000, 0x00000000c8c00000, 0x00000000c8d00000|  0%| F|  |TS  0|AC  0|TAMS 0x00000000c8c00000, 0x00000000c8c00000|
|   7|0x00000000c8d00000, 0x00000000c8d00000, 0x00000000c8e00000|  0%| F|  |TS  0|AC  0|TAMS 0x00000000c8d00000, 0x00000000c8d00000|
|   8|0x00000000c8e00000, 0x00000000c8e00000, 0x00000000c8f00000|  0%| F|  |TS  0|AC  0|TAMS 0x00000000c8e00000, 0x00000000c8e00000|
|   9|0x00000000c8f00000, 0x00000000c8f00000, 0x00000000c9000000|  0%| F|  |TS  0|AC  0|TAMS 0x00000000c8f00000, 0x00000000c8f00000|
|  10|0x00000000c9000000, 0x00000000c9000000, 0x00000000c9100000|  0%| F|  |TS  0|AC  0|TAMS 0x00000000c9000000, 0x00000000c9000000|
|  11|0x00000000c9100000, 0x00000000c9100000, 0x00000000c9200000|  0%| F|  |TS  0|AC  0|TAMS 0x00000000c9100000, 0x00000000c9100000|
|  12|0x00000000c9200000, 0x00000000c9200000, 0x00000000c9300000|  0%| F|  |TS  0|AC  0|TAMS 0x00000000c9200000, 0x00000000c9200000|
|  13|0x00000000c9300000, 0x00000000c9300000, 0x00000000c9400000|  0%| F|  |TS  0|AC  0|TAMS 0x00000000c9300000, 0x00000000c9300000|
|  14|0x00000000c9400000, 0x00000000c9400000, 0x00000000c9500000|  0%| F|  |TS  0|AC  0|TAMS 0x00000000c9400000, 0x00000000c9400000|
|  15|0x00000000c9500000, 0x00000000c9500000, 0x00000000c9600000|  0%| F|  |TS  0|AC  0|TAMS 0x00000000c9500000, 0x00000000c9500000|
|  16|0x00000000c9600000, 0x00000000c9600000, 0x00000000c9700000|  0%| F|  |TS  0|AC  0|TAMS 0x00000000c9600000, 0x00000000c9600000|
|  17|0x00000000c9700000, 0x00000000c9700000, 0x00000000c9800000|  0%| F|  |TS  0|AC  0|TAMS 0x00000000c9700000, 0x00000000c9700000|
|  18|0x00000000c9800000, 0x00000000c9800000, 0x00000000c9900000|  0%| F|  |TS  0|AC  0|TAMS 0x00000000c9800000, 0x00000000c9800000|
|  19|0x00000000c9900000, 0x00000000c9900000, 0x00000000c9a00000|  0%| F|  |TS  0|AC  0|TAMS 0x00000000c9900000, 0x00000000c9900000|
|  20|0x00000000c9a00000, 0x00000000c9a00000, 0x00000000c9b00000|  0%| F|  |TS  0|AC  0|TAMS 0x00000000c9a00000, 0x00000000c9a00000|
|  21|0x00000000c9b00000, 0x00000000c9b00000, 0x00000000c9c00000|  0%| F|  |TS  0|AC  0|TAMS 0x00000000c9b00000, 0x00000000c9b00000|
|  22|0x00000000c9c00000, 0x00000000c9c00000, 0x00000000c9d00000|  0%| F|  |TS  0|AC  0|TAMS 0x00000000c9c00000, 0x00000000c9c00000|
|  23|0x00000000c9d00000, 0x00000000c9d00000, 0x00000000c9e00000|  0%| F|  |TS  0|AC  0|TAMS 0x00000000c9d00000, 0x00000000c9d00000|
|  24|0x00000000c9e00000, 0x00000000c9e00000, 0x00000000c9f00000|  0%| F|  |TS  0|AC  0|TAMS 0x00000000c9e00000, 0x00000000c9e00000|
|  25|0x00000000c9f00000, 0x00000000c9f00000, 0x00000000ca000000|  0%| F|  |TS  0|AC  0|TAMS 0x00000000c9f00000, 0x00000000c9f00000|
|  26|0x00000000ca000000, 0x00000000ca000000, 0x00000000ca100000|  0%| F|  |TS  0|AC  0|TAMS 0x00000000ca000000, 0x00000000ca000000|
|  27|0x00000000ca100000, 0x00000000ca100000, 0x00000000ca200000|  0%| F|  |TS  0|AC  0|TAMS 0x00000000ca100000, 0x00000000ca100000|
|  28|0x00000000ca200000, 0x00000000ca200000, 0x00000000ca300000|  0%| F|  |TS  0|AC  0|TAMS 0x00000000ca200000, 0x00000000ca200000|
|  29|0x00000000ca300000, 0x00000000ca300000, 0x00000000ca400000|  0%| F|  |TS  0|AC  0|TAMS 0x00000000ca300000, 0x00000000ca300000|
|  30|0x00000000ca400000, 0x00000000ca400000, 0x00000000ca500000|  0%| F|  |TS  0|AC  0|TAMS 0x00000000ca400000, 0x00000000ca400000|
|  31|0x00000000ca500000, 0x00000000ca500000, 0x00000000ca600000|  0%| F|  |TS  0|AC  0|TAMS 0x00000000ca500000, 0x00000000ca500000|
|  32|0x00000000ca600000, 0x00000000ca600000, 0x00000000ca700000|  0%| F|  |TS  0|AC  0|TAMS 0x00000000ca600000, 0x00000000ca600000|
|  33|0x00000000ca700000, 0x00000000ca700000, 0x00000000ca800000|  0%| F|  |TS  0|AC  0|TAMS 0x00000000ca700000, 0x00000000ca700000|
|  34|0x00000000ca800000, 0x00000000ca800000, 0x00000000ca900000|  0%| F|  |TS  0|AC  0|TAMS 0x00000000ca800000, 0x00000000ca800000|
|  35|0x00000000ca900000, 0x00000000ca900000, 0x00000000caa00000|  0%| F|  |TS  0|AC  0|TAMS 0x00000000ca900000, 0x00000000ca900000|
|  36|0x00000000caa00000, 0x00000000caa00000, 0x00000000cab00000|  0%| F|  |TS  0|AC  0|TAMS 0x00000000caa00000, 0x00000000caa00000|
|  37|0x00000000cab00000, 0x00000000cab00000, 0x00000000cac00000|  0%| F|  |TS  0|AC  0|TAMS 0x00000000cab00000, 0x00000000cab00000|
|  38|0x00000000cac00000, 0x00000000cac00000, 0x00000000cad00000|  0%| F|  |TS  0|AC  0|TAMS 0x00000000cac00000, 0x00000000cac00000|
|  39|0x00000000cad00000, 0x00000000cad00000, 0x00000000cae00000|  0%| F|  |TS  0|AC  0|TAMS 0x00000000cad00000, 0x00000000cad00000|
|  40|0x00000000cae00000, 0x00000000cae00000, 0x00000000caf00000|  0%| F|  |TS  0|AC  0|TAMS 0x00000000cae00000, 0x00000000cae00000|
|  41|0x00000000caf00000, 0x00000000caf00000, 0x00000000cb000000|  0%| F|  |TS  0|AC  0|TAMS 0x00000000caf00000, 0x00000000caf00000|
|  42|0x00000000cb000000, 0x00000000cb000000, 0x00000000cb100000|  0%| F|  |TS  0|AC  0|TAMS 0x00000000cb000000, 0x00000000cb000000|
|  43|0x00000000cb100000, 0x00000000cb100000, 0x00000000cb200000|  0%| F|  |TS  0|AC  0|TAMS 0x00000000cb100000, 0x00000000cb100000|
|  44|0x00000000cb200000, 0x00000000cb200000, 0x00000000cb300000|  0%| F|  |TS  0|AC  0|TAMS 0x00000000cb200000, 0x00000000cb200000|
|  45|0x00000000cb300000, 0x00000000cb300000, 0x00000000cb400000|  0%| F|  |TS  0|AC  0|TAMS 0x00000000cb300000, 0x00000000cb300000|
|  46|0x00000000cb400000, 0x00000000cb400000, 0x00000000cb500000|  0%| F|  |TS  0|AC  0|TAMS 0x00000000cb400000, 0x00000000cb400000|
|  47|0x00000000cb500000, 0x00000000cb500000, 0x00000000cb600000|  0%| F|  |TS  0|AC  0|TAMS 0x00000000cb500000, 0x00000000cb500000|
|  48|0x00000000cb600000, 0x00000000cb600000, 0x00000000cb700000|  0%| F|  |TS  0|AC  0|TAMS 0x00000000cb600000, 0x00000000cb600000|
|  49|0x00000000cb700000, 0x00000000cb700000, 0x00000000cb800000|  0%| F|  |TS  0|AC  0|TAMS 0x00000000cb700000, 0x00000000cb700000|
|  50|0x00000000cb800000, 0x00000000cb800000, 0x00000000cb900000|  0%| F|  |TS  0|AC  0|TAMS 0x00000000cb800000, 0x00000000cb800000|
|  51|0x00000000cb900000, 0x00000000cb900000, 0x00000000cba00000|  0%| F|  |TS  0|AC  0|TAMS 0x00000000cb900000, 0x00000000cb900000|
|  52|0x00000000cba00000, 0x00000000cba065d8, 0x00000000cbb00000|  2%| E|  |TS  0|AC  0|TAMS 0x00000000cba00000, 0x00000000cba00000|
|  53|0x00000000cbb00000, 0x00000000cbc00000, 0x00000000cbc00000|100%| E|CS|TS  0|AC  0|TAMS 0x00000000cbb00000, 0x00000000cbb00000|
|  54|0x00000000cbc00000, 0x00000000cbd00000, 0x00000000cbd00000|100%| E|CS|TS  0|AC  0|TAMS 0x00000000cbc00000, 0x00000000cbc00000|
|  55|0x00000000cbd00000, 0x00000000cbe00000, 0x00000000cbe00000|100%| E|CS|TS  0|AC  0|TAMS 0x00000000cbd00000, 0x00000000cbd00000|

Card table byte_map: [0x000000001d410000,0x000000001d5d0000] byte_map_base: 0x000000001cdcd000

Marking Bits (Prev, Next): (CMBitMap*) 0x0000000000449790, (CMBitMap*) 0x00000000004497c8
 Prev Bits: [0x000000001d790000, 0x000000001e578000)
 Next Bits: [0x000000001e580000, 0x000000001f368000)

Polling page: 0x00000000002f0000

CodeHeap 'non-profiled nmethods': size=120064Kb used=69Kb max_used=69Kb free=119994Kb
 bounds [0x0000000015050000, 0x00000000152c0000, 0x000000001c590000]
CodeHeap 'profiled nmethods': size=120000Kb used=252Kb max_used=252Kb free=119747Kb
 bounds [0x000000000db20000, 0x000000000dd90000, 0x0000000015050000]
CodeHeap 'non-nmethods': size=5696Kb used=1070Kb max_used=1081Kb free=4625Kb
 bounds [0x000000000d590000, 0x000000000d800000, 0x000000000db20000]
 total_blobs=571 nmethods=199 adapters=211
 compilation: enabled

Compilation events (10 events):
Event: 1.131 Thread 0x0000000021b5c800 nmethod 193 0x0000000015060910 code [0x0000000015060aa0, 0x0000000015060bf8]
Event: 1.131 Thread 0x0000000021b5e000 nmethod 195 0x000000000db5de90 code [0x000000000db5e060, 0x000000000db5e310]
Event: 1.131 Thread 0x0000000021b5e000  196       3       java.lang.String::getBytes (44 bytes)
Event: 1.131 Thread 0x0000000021b5e000 nmethod 196 0x000000000db5e490 code [0x000000000db5e680, 0x000000000db5ea38]
Event: 1.202 Thread 0x0000000021b5d000  197       4       java.lang.StringLatin1::indexOf (61 bytes)
Event: 1.208 Thread 0x0000000021b5d000 nmethod 197 0x0000000015060d10 code [0x0000000015060ea0, 0x0000000015061038]
Event: 1.212 Thread 0x0000000021b5e000  199       3       sun.nio.fs.WindowsPathParser::isInvalidPathChar (22 bytes)
Event: 1.213 Thread 0x0000000021b5e000 nmethod 199 0x000000000db5ec10 code [0x000000000db5ee00, 0x000000000db5f1a8]
Event: 1.213 Thread 0x0000000021b5e000  198       1       java.nio.Buffer::position (5 bytes)
Event: 1.213 Thread 0x0000000021b5e000 nmethod 198 0x0000000015061190 code [0x0000000015061340, 0x0000000015061450]

GC Heap History (0 events):
No events

Deoptimization events (1 events):
Event: 0.891 Thread 0x00000000003e6800 Uncommon trap: reason=unstable_if action=reinterpret pc=0x0000000015053514 method=java.lang.String.hashCode()I @ 14 c2

Classes redefined (3 events):
Event: 87.271 Thread 0x0000000021b51000 redefined class name=Solution, count=1
Event: 104.646 Thread 0x0000000021b51000 redefined class name=Solution, count=2
Event: 232.307 Thread 0x0000000021b51000 redefined class name=Solution, count=3

Internal exceptions (0 events):
No events

Events (10 events):
Event: 232.314 Executing VM operation: GetOrSetLocal
Event: 232.314 Executing VM operation: GetOrSetLocal done
Event: 232.354 Executing VM operation: ChangeBreakpoints
Event: 232.355 Executing VM operation: ChangeBreakpoints done
Event: 232.359 Executing VM operation: GetFrameCount
Event: 232.359 Executing VM operation: GetFrameCount done
Event: 232.359 Executing VM operation: GetFrameLocation
Event: 232.359 Executing VM operation: GetFrameLocation done
Event: 232.360 Executing VM operation: GetFrameLocation
Event: 232.360 Executing VM operation: GetFrameLocation done


Dynamic libraries:
0x000000013f630000 - 0x000000013f66e000 	C:\Program Files\Java\jdk-10\bin\java.exe
0x0000000076eb0000 - 0x000000007705a000 	C:\Windows\SYSTEM32\ntdll.dll
0x0000000076d90000 - 0x0000000076eaf000 	C:\Windows\system32\kernel32.dll
0x000007fefcef0000 - 0x000007fefcf5a000 	C:\Windows\system32\KERNELBASE.dll
0x000007fefdcc0000 - 0x000007fefdd9b000 	C:\Windows\system32\ADVAPI32.dll
0x000007fefee60000 - 0x000007fefeeff000 	C:\Windows\system32\msvcrt.dll
0x000007feff120000 - 0x000007feff13f000 	C:\Windows\SYSTEM32\sechost.dll
0x000007fefd170000 - 0x000007fefd29d000 	C:\Windows\system32\RPCRT4.dll
0x0000000076c90000 - 0x0000000076d8a000 	C:\Windows\system32\USER32.dll
0x000007fefd470000 - 0x000007fefd4d7000 	C:\Windows\system32\GDI32.dll
0x000007feff100000 - 0x000007feff10e000 	C:\Windows\system32\LPK.dll
0x000007fefd3a0000 - 0x000007fefd46b000 	C:\Windows\system32\USP10.dll
0x000007fefb670000 - 0x000007fefb864000 	C:\Windows\WinSxS\amd64_microsoft.windows.common-controls_6595b64144ccf1df_6.0.7601.18837_none_fa3b1e3d17594757\COMCTL32.dll
0x000007fefd2a0000 - 0x000007fefd311000 	C:\Windows\system32\SHLWAPI.dll
0x000007fefc490000 - 0x000007fefc49c000 	C:\Windows\system32\VERSION.dll
0x000007fefcf60000 - 0x000007fefcf8e000 	C:\Windows\system32\IMM32.DLL
0x000007fefd930000 - 0x000007fefda39000 	C:\Windows\system32\MSCTF.dll
0x000007fef33b0000 - 0x000007fef349f000 	C:\Program Files\Java\jdk-10\bin\msvcr120.dll
0x000007fef01d0000 - 0x000007fef0276000 	C:\Program Files\Java\jdk-10\bin\msvcp120.dll
0x00000000612d0000 - 0x0000000061d3f000 	C:\Program Files\Java\jdk-10\bin\server\jvm.dll
0x000007fefa970000 - 0x000007fefa979000 	C:\Windows\system32\WSOCK32.dll
0x000007fefdc70000 - 0x000007fefdcbd000 	C:\Windows\system32\WS2_32.dll
0x000007feff110000 - 0x000007feff118000 	C:\Windows\system32\NSI.dll
0x000007fef8b10000 - 0x000007fef8b4b000 	C:\Windows\system32\WINMM.dll
0x0000000077080000 - 0x0000000077087000 	C:\Windows\system32\PSAPI.DLL
0x000007fefc3c0000 - 0x000007fefc3cf000 	C:\Program Files\Java\jdk-10\bin\verify.dll
0x000007fef1bb0000 - 0x000007fef1cd5000 	C:\Windows\system32\DBGHELP.DLL
0x000007fef41b0000 - 0x000007fef41d7000 	C:\Program Files\Java\jdk-10\bin\java.dll
0x000007fef3370000 - 0x000007fef33a6000 	C:\Program Files\Java\jdk-10\bin\jdwp.dll
0x000007fef3560000 - 0x000007fef358a000 	C:\Program Files\Java\jdk-10\bin\instrument.dll
0x000007fef7a30000 - 0x000007fef7a46000 	C:\Program Files\Java\jdk-10\bin\zip.dll
0x000007fef7ff0000 - 0x000007fef7ffa000 	C:\Program Files\Java\jdk-10\bin\jimage.dll
0x000007fefe0d0000 - 0x000007fefee5b000 	C:\Windows\system32\SHELL32.dll
0x000007fefef00000 - 0x000007feff0fc000 	C:\Windows\system32\ole32.dll
0x000007fefcba0000 - 0x000007fefcbaf000 	C:\Windows\system32\profapi.dll
0x000007fef58d0000 - 0x000007fef58da000 	C:\Program Files\Java\jdk-10\bin\dt_socket.dll
0x000007fefc040000 - 0x000007fefc095000 	C:\Windows\system32\mswsock.dll
0x000007fefc4a0000 - 0x000007fefc4a7000 	C:\Windows\System32\wshtcpip.dll
0x000007fef72e0000 - 0x000007fef72fa000 	C:\Program Files\Java\jdk-10\bin\net.dll
0x000007fef9920000 - 0x000007fef9991000 	C:\Windows\system32\WINHTTP.dll
0x000007fef83e0000 - 0x000007fef8444000 	C:\Windows\system32\webio.dll
0x000007fefc030000 - 0x000007fefc037000 	C:\Windows\System32\wship6.dll
0x000007fef5de0000 - 0x000007fef5df1000 	C:\Program Files\Java\jdk-10\bin\nio.dll

dbghelp: loaded successfully - version: 4.0.5 - missing functions: none
symbol engine: initialized successfully - sym options: 0x614 - pdb path: .;C:\Program Files\Java\jdk-10\bin;C:\Windows\SYSTEM32;C:\Windows\WinSxS\amd64_microsoft.windows.common-controls_6595b64144ccf1df_6.0.7601.18837_none_fa3b1e3d17594757;C:\Program Files\Java\jdk-10\bin\server

VM Arguments:
jvm_args: -agentlib:jdwp=transport=dt_socket,address=127.0.0.1:51313,suspend=y,server=n -javaagent:C:\Users\Administrator\AppData\Local\Temp\capture15332jars\debugger-agent.jar=file:/C:/Users/Administrator/AppData/Local/Temp/capture2.props -Dfile.encoding=UTF-8 
java_command: Solution
java_class_path (initial): D:\LCsolution\532. K-diff Pairs in an Array\out\production\532. K-diff Pairs in an Array;D:\Program Files\JetBrains\IntelliJ IDEA Community Edition 2018.1.1\lib\idea_rt.jar
Launcher Type: SUN_STANDARD

Logging:
Log output configuration:
#0: stdout all=warning uptime,level,tags
#1: stderr all=off uptime,level,tags

Environment Variables:
JAVA_HOME=C:\Program Files\Java\jdk-10
PATH=C:\ProgramData\Oracle\Java\javapath;C:\Windows\system32;C:\Windows;C:\Windows\System32\Wbem;C:\Windows\System32\WindowsPowerShell\v1.0\;C:\Program Files\Java\jdk-10\bin;G:\0 code\Python\Scripts\;G:\0 code\Python\;C:\Users\Administrator\AppData\Local\GitHubDesktop\bin
USERNAME=Administrator
OS=Windows_NT
PROCESSOR_IDENTIFIER=AMD64 Family 18 Model 1 Stepping 0, AuthenticAMD



---------------  S Y S T E M  ---------------

OS: Windows 7 , 64 bit Build 7601 (6.1.7601.23864)

CPU:total 4 (initial active 4) (4 cores per cpu, 1 threads per core) family 18 model 1 stepping 0, cmov, cx8, fxsr, mmx, sse, sse2, sse3, popcnt, mmxext, 3dnowpref, lzcnt, sse4a, tsc, tscinvbit, tscinv

Memory: 4k page, physical 3643504k(229708k free), swap 12782904k(5541100k free)

vm_info: Java HotSpot(TM) 64-Bit Server VM (10+46) for windows-amd64 JRE (10+46), built on Mar  8 2018 02:11:18 by "mach5one" with MS VC++ 12.0 (VS2013)

END.
