#
# A fatal error has been detected by the Java Runtime Environment:
#
#  EXCEPTION_ACCESS_VIOLATION (0xc0000005) at pc=0x0000000000000000, pid=9576, tid=8964
#
# JRE version: Java(TM) SE Runtime Environment (10.0+46) (build 10+46)
# Java VM: Java HotSpot(TM) 64-Bit Server VM (10+46, mixed mode, tiered, compressed oops, g1 gc, windows-amd64)
# Problematic frame:
# C  0x0000000000000000
#
# No core dump will be written. Minidumps are not enabled by default on client versions of Windows
#
# If you would like to submit a bug report, please visit:
#   http://bugreport.java.com/bugreport/crash.jsp
#

---------------  S U M M A R Y ------------

Command Line: -agentlib:jdwp=transport=dt_socket,address=127.0.0.1:60285,suspend=y,server=n -javaagent:C:\Users\Administrator\.IdeaIC2018.1\system\captureAgent\debugger-agent.jar=file:/C:/Users/Administrator/AppData/Local/Temp/capture1.props -Dfile.encoding=UTF-8 A

Host: AMD A6-3400M APU with Radeon(tm) HD Graphics, 4 cores, 3G,  Windows 7 , 64 bit Build 7601 (6.1.7601.23864)
Time: Wed Jun 06 10:59:04 2018 ?D1¨²¡À¨º¡Á?¨º¡À?? elapsed time: 289 seconds (0d 0h 4m 49s)

---------------  T H R E A D  ---------------

Current thread (0x0000000021c4c000):  VMThread "VM Thread" [stack: 0x0000000022f90000,0x0000000023090000] [id=8964]

Stack: [0x0000000022f90000,0x0000000023090000],  sp=0x000000002308eea8,  free space=1019k
Native frames: (J=compiled Java code, j=interpreted, Vv=VM code, C=native code)


siginfo: EXCEPTION_ACCESS_VIOLATION (0xc0000005), data execution prevention violation at address 0x0000000000000000


Register to memory mapping:

RIP=0x0000000000000000 is an unknown value
RAX={method} {0x0000000022490780} 'hashCode' '()I' in 'java/lang/Object'
RBX=0x0000000022923f18 is pointing into metadata
RCX=0x0000000080012ab8 is pointing into metadata
RDX=0x000000008005baa0 is pointing into metadata
RSP=0x000000002308eea8 is an unknown value
RBP=0x000000008005baa0 is pointing into metadata
RSI=0x0000000000000005 is an unknown value
RDI={method} {0x0000000022661a50} 'add' '(Ljava/lang/Object;)Z' in 'java/util/List'
R8 =0x000000002308efb8 is an unknown value
R9 =0x0000000000364350 is an unknown value
R10=0x00000000229231a0 is pointing into metadata
R11=0x000000008005baa0 is pointing into metadata
R12=0x0000000000000000 is an unknown value
R13=0x0000000021c4c000 is an unknown value
R14=0x0000000022923e50 is pointing into metadata
R15=0x000000002308efb8 is an unknown value


Registers:
RAX=0x0000000022490778, RBX=0x0000000022923f18, RCX=0x0000000080012ab8, RDX=0x000000008005baa0
RSP=0x000000002308eea8, RBP=0x000000008005baa0, RSI=0x0000000000000005, RDI=0x0000000022661a48
R8 =0x000000002308efb8, R9 =0x0000000000364350, R10=0x00000000229231a0, R11=0x000000008005baa0
R12=0x0000000000000000, R13=0x0000000021c4c000, R14=0x0000000022923e50, R15=0x000000002308efb8
RIP=0x0000000000000000, EFLAGS=0x0000000000010206

Top of Stack: (sp=0x000000002308eea8)
0x000000002308eea8:   000000005f7d3451 0000000000000007
0x000000002308eeb8:   0000000023b2e440 0000000000000007
0x000000002308eec8:   000000005f8d7e75 0000000023edf080
0x000000002308eed8:   000000002308f018 0000000023b355b8
0x000000002308eee8:   00000000229231a0 000000008005baa0
0x000000002308eef8:   000000005fa18031 0000000022923f18
0x000000002308ef08:   0000000080064030 0000000000364350
0x000000002308ef18:   0000000022923e78 00000000229231a0
0x000000002308ef28:   0000000021c4c000 0000000023b355b8
0x000000002308ef38:   00000000229231a0 0000000021c4c000
0x000000002308ef48:   0000000021c4c000 0000000021c10560
0x000000002308ef58:   000000000035e500 000000000035e510
0x000000002308ef68:   000000000035e5e8 00000000000000d8
0x000000002308ef78:   000000002308f050 0000000023edf080
0x000000002308ef88:   0000000080065bc0 0000000080065bc0
0x000000002308ef98:   0000000000000000 0000000080064030 

Instructions: (pc=0x0000000000000000)
0xffffffffffffffe0:   


VM_Operation (0x0000000023edf080): RedefineClasses, mode: safepoint, requested by thread 0x0000000023bef800, redefining class A



---------------  P R O C E S S  ---------------

Threads class SMR info:
_java_thread_list=0x0000000023cfa330, length=14, elements={
0x0000000000383800, 0x0000000021c4e800, 0x0000000021c52000, 0x0000000022d69800,
0x0000000022d6a800, 0x0000000022d6b800, 0x0000000021c56000, 0x0000000021c56800,
0x0000000021c5a800, 0x0000000023bef800, 0x0000000023be9800, 0x0000000023adc000,
0x0000000023ab5000, 0x0000000023cf7800
}

Java Threads: ( => current thread )
  0x0000000000383800 JavaThread "main" [_thread_blocked, id=9236, stack(0x0000000002400000,0x0000000002500000)]
  0x0000000021c4e800 JavaThread "Reference Handler" daemon [_thread_blocked, id=6732, stack(0x0000000023130000,0x0000000023230000)]
  0x0000000021c52000 JavaThread "Finalizer" daemon [_thread_blocked, id=7416, stack(0x00000000232a0000,0x00000000233a0000)]
  0x0000000022d69800 JavaThread "Signal Dispatcher" daemon [_thread_blocked, id=7988, stack(0x00000000220d0000,0x00000000221d0000)]
  0x0000000022d6a800 JavaThread "Attach Listener" daemon [_thread_blocked, id=8324, stack(0x0000000022e90000,0x0000000022f90000)]
  0x0000000022d6b800 JavaThread "C2 CompilerThread0" daemon [_thread_blocked, id=5956, stack(0x00000000233e0000,0x00000000234e0000)]
  0x0000000021c56000 JavaThread "C2 CompilerThread1" daemon [_thread_blocked, id=7708, stack(0x00000000236c0000,0x00000000237c0000)]
  0x0000000021c56800 JavaThread "C1 CompilerThread2" daemon [_thread_blocked, id=5552, stack(0x0000000023890000,0x0000000023990000)]
  0x0000000021c5a800 JavaThread "Sweeper thread" daemon [_thread_blocked, id=2880, stack(0x00000000235b0000,0x00000000236b0000)]
  0x0000000023bef800 JavaThread "JDWP Transport Listener: dt_socket" daemon [_thread_blocked, id=5476, stack(0x0000000023de0000,0x0000000023ee0000)]
  0x0000000023be9800 JavaThread "JDWP Event Helper Thread" daemon [_thread_blocked, id=7368, stack(0x0000000024130000,0x0000000024230000)]
  0x0000000023adc000 JavaThread "JDWP Command Reader" daemon [_thread_in_native, id=9400, stack(0x0000000023fc0000,0x00000000240c0000)]
  0x0000000023ab5000 JavaThread "Common-Cleaner" daemon [_thread_blocked, id=7040, stack(0x0000000024360000,0x0000000024460000)]
  0x0000000023cf7800 JavaThread "Service Thread" daemon [_thread_blocked, id=9064, stack(0x0000000024590000,0x0000000024690000)]

Other Threads:
=>0x0000000021c4c000 VMThread "VM Thread" [stack: 0x0000000022f90000,0x0000000023090000] [id=8964]
  0x0000000023cf4800 WatcherThread [stack: 0x0000000024710000,0x0000000024810000] [id=6124]
  0x000000000039d000 GCTaskThread "GC Thread#0" [stack: 0x000000001ca80000,0x000000001cb80000] [id=5908]
  0x000000000039e000 GCTaskThread "GC Thread#1" [stack: 0x000000001ccd0000,0x000000001cdd0000] [id=3132]
  0x00000000003a0800 GCTaskThread "GC Thread#2" [stack: 0x000000001ce20000,0x000000001cf20000] [id=7312]
  0x00000000003a4800 GCTaskThread "GC Thread#3" [stack: 0x000000001d080000,0x000000001d180000] [id=9124]
  0x00000000003d5800 ConcurrentGCThread "G1 Main Marker" [stack: 0x000000001f620000,0x000000001f720000] [id=8136]
  0x00000000003d7000 ConcurrentGCThread "G1 Conc#0" [stack: 0x000000001f4f0000,0x000000001f5f0000] [id=8828]
  0x0000000021b70800 ConcurrentGCThread "G1 Refine#0" [stack: 0x0000000021e10000,0x0000000021f10000] [id=9604]
  0x000000000040d800 ConcurrentGCThread "G1 Refine#1" [stack: 0x0000000021f20000,0x0000000022020000] [id=8064]
  0x000000000040e800 ConcurrentGCThread "G1 Refine#2" [stack: 0x0000000021c80000,0x0000000021d80000] [id=8524]
  0x0000000021b79000 ConcurrentGCThread "G1 Refine#3" [stack: 0x00000000221e0000,0x00000000222e0000] [id=8460]
  0x0000000021b7a000 ConcurrentGCThread "G1 Young RemSet Sampling" [stack: 0x0000000022390000,0x0000000022490000] [id=6304]

Threads with active compile tasks:

VM state:at safepoint (normal execution)

VM Mutex/Monitor currently owned by a thread:  ([mutex/lock_event])
[0x0000000000375830] Threads_lock - owner thread: 0x0000000021c4c000

Heap address: 0x00000000c8600000, size: 890 MB, Compressed Oops mode: 32-bit
Narrow klass base: 0x0000000000000000, Narrow klass shift: 0
Compressed class space size: 1073741824 Address: 0x000000007fff0000

Heap:
 garbage-first heap   total 57344K, used 3072K [0x00000000c8600000, 0x0000000100000000)
  region size 1024K, 4 young (4096K), 0 survivors (0K)
 Metaspace       used 5305K, capacity 5392K, committed 5632K, reserved 1056768K
  class space    used 448K, capacity 496K, committed 512K, reserved 1048576K
Heap Regions: E=young(eden), S=young(survivor), O=old, HS=humongous(starts), HC=humongous(continues), CS=collection set, F=free, A=archive, TS=gc time stamp, AC=allocation context, TAMS=top-at-mark-start (previous, next)
|   0|0x00000000c8600000, 0x00000000c8600000, 0x00000000c8700000|  0%| F|  |TS  0|AC  0|TAMS 0x00000000c8600000, 0x00000000c8600000|
|   1|0x00000000c8700000, 0x00000000c8700000, 0x00000000c8800000|  0%| F|  |TS  0|AC  0|TAMS 0x00000000c8700000, 0x00000000c8700000|
|   2|0x00000000c8800000, 0x00000000c8800000, 0x00000000c8900000|  0%| F|  |TS  0|AC  0|TAMS 0x00000000c8800000, 0x00000000c8800000|
|   3|0x00000000c8900000, 0x00000000c8900000, 0x00000000c8a00000|  0%| F|  |TS  0|AC  0|TAMS 0x00000000c8900000, 0x00000000c8900000|
|   4|0x00000000c8a00000, 0x00000000c8a00000, 0x00000000c8b00000|  0%| F|  |TS  0|AC  0|TAMS 0x00000000c8a00000, 0x00000000c8a00000|
|   5|0x00000000c8b00000, 0x00000000c8b00000, 0x00000000c8c00000|  0%| F|  |TS  0|AC  0|TAMS 0x00000000c8b00000, 0x00000000c8b00000|
|   6|0x00000000c8c00000, 0x00000000c8c00000, 0x00000000c8d00000|  0%| F|  |TS  0|AC  0|TAMS 0x00000000c8c00000, 0x00000000c8c00000|
|   7|0x00000000c8d00000, 0x00000000c8d00000, 0x00000000c8e00000|  0%| F|  |TS  0|AC  0|TAMS 0x00000000c8d00000, 0x00000000c8d00000|
|   8|0x00000000c8e00000, 0x00000000c8e00000, 0x00000000c8f00000|  0%| F|  |TS  0|AC  0|TAMS 0x00000000c8e00000, 0x00000000c8e00000|
|   9|0x00000000c8f00000, 0x00000000c8f00000, 0x00000000c9000000|  0%| F|  |TS  0|AC  0|TAMS 0x00000000c8f00000, 0x00000000c8f00000|
|  10|0x00000000c9000000, 0x00000000c9000000, 0x00000000c9100000|  0%| F|  |TS  0|AC  0|TAMS 0x00000000c9000000, 0x00000000c9000000|
|  11|0x00000000c9100000, 0x00000000c9100000, 0x00000000c9200000|  0%| F|  |TS  0|AC  0|TAMS 0x00000000c9100000, 0x00000000c9100000|
|  12|0x00000000c9200000, 0x00000000c9200000, 0x00000000c9300000|  0%| F|  |TS  0|AC  0|TAMS 0x00000000c9200000, 0x00000000c9200000|
|  13|0x00000000c9300000, 0x00000000c9300000, 0x00000000c9400000|  0%| F|  |TS  0|AC  0|TAMS 0x00000000c9300000, 0x00000000c9300000|
|  14|0x00000000c9400000, 0x00000000c9400000, 0x00000000c9500000|  0%| F|  |TS  0|AC  0|TAMS 0x00000000c9400000, 0x00000000c9400000|
|  15|0x00000000c9500000, 0x00000000c9500000, 0x00000000c9600000|  0%| F|  |TS  0|AC  0|TAMS 0x00000000c9500000, 0x00000000c9500000|
|  16|0x00000000c9600000, 0x00000000c9600000, 0x00000000c9700000|  0%| F|  |TS  0|AC  0|TAMS 0x00000000c9600000, 0x00000000c9600000|
|  17|0x00000000c9700000, 0x00000000c9700000, 0x00000000c9800000|  0%| F|  |TS  0|AC  0|TAMS 0x00000000c9700000, 0x00000000c9700000|
|  18|0x00000000c9800000, 0x00000000c9800000, 0x00000000c9900000|  0%| F|  |TS  0|AC  0|TAMS 0x00000000c9800000, 0x00000000c9800000|
|  19|0x00000000c9900000, 0x00000000c9900000, 0x00000000c9a00000|  0%| F|  |TS  0|AC  0|TAMS 0x00000000c9900000, 0x00000000c9900000|
|  20|0x00000000c9a00000, 0x00000000c9a00000, 0x00000000c9b00000|  0%| F|  |TS  0|AC  0|TAMS 0x00000000c9a00000, 0x00000000c9a00000|
|  21|0x00000000c9b00000, 0x00000000c9b00000, 0x00000000c9c00000|  0%| F|  |TS  0|AC  0|TAMS 0x00000000c9b00000, 0x00000000c9b00000|
|  22|0x00000000c9c00000, 0x00000000c9c00000, 0x00000000c9d00000|  0%| F|  |TS  0|AC  0|TAMS 0x00000000c9c00000, 0x00000000c9c00000|
|  23|0x00000000c9d00000, 0x00000000c9d00000, 0x00000000c9e00000|  0%| F|  |TS  0|AC  0|TAMS 0x00000000c9d00000, 0x00000000c9d00000|
|  24|0x00000000c9e00000, 0x00000000c9e00000, 0x00000000c9f00000|  0%| F|  |TS  0|AC  0|TAMS 0x00000000c9e00000, 0x00000000c9e00000|
|  25|0x00000000c9f00000, 0x00000000c9f00000, 0x00000000ca000000|  0%| F|  |TS  0|AC  0|TAMS 0x00000000c9f00000, 0x00000000c9f00000|
|  26|0x00000000ca000000, 0x00000000ca000000, 0x00000000ca100000|  0%| F|  |TS  0|AC  0|TAMS 0x00000000ca000000, 0x00000000ca000000|
|  27|0x00000000ca100000, 0x00000000ca100000, 0x00000000ca200000|  0%| F|  |TS  0|AC  0|TAMS 0x00000000ca100000, 0x00000000ca100000|
|  28|0x00000000ca200000, 0x00000000ca200000, 0x00000000ca300000|  0%| F|  |TS  0|AC  0|TAMS 0x00000000ca200000, 0x00000000ca200000|
|  29|0x00000000ca300000, 0x00000000ca300000, 0x00000000ca400000|  0%| F|  |TS  0|AC  0|TAMS 0x00000000ca300000, 0x00000000ca300000|
|  30|0x00000000ca400000, 0x00000000ca400000, 0x00000000ca500000|  0%| F|  |TS  0|AC  0|TAMS 0x00000000ca400000, 0x00000000ca400000|
|  31|0x00000000ca500000, 0x00000000ca500000, 0x00000000ca600000|  0%| F|  |TS  0|AC  0|TAMS 0x00000000ca500000, 0x00000000ca500000|
|  32|0x00000000ca600000, 0x00000000ca600000, 0x00000000ca700000|  0%| F|  |TS  0|AC  0|TAMS 0x00000000ca600000, 0x00000000ca600000|
|  33|0x00000000ca700000, 0x00000000ca700000, 0x00000000ca800000|  0%| F|  |TS  0|AC  0|TAMS 0x00000000ca700000, 0x00000000ca700000|
|  34|0x00000000ca800000, 0x00000000ca800000, 0x00000000ca900000|  0%| F|  |TS  0|AC  0|TAMS 0x00000000ca800000, 0x00000000ca800000|
|  35|0x00000000ca900000, 0x00000000ca900000, 0x00000000caa00000|  0%| F|  |TS  0|AC  0|TAMS 0x00000000ca900000, 0x00000000ca900000|
|  36|0x00000000caa00000, 0x00000000caa00000, 0x00000000cab00000|  0%| F|  |TS  0|AC  0|TAMS 0x00000000caa00000, 0x00000000caa00000|
|  37|0x00000000cab00000, 0x00000000cab00000, 0x00000000cac00000|  0%| F|  |TS  0|AC  0|TAMS 0x00000000cab00000, 0x00000000cab00000|
|  38|0x00000000cac00000, 0x00000000cac00000, 0x00000000cad00000|  0%| F|  |TS  0|AC  0|TAMS 0x00000000cac00000, 0x00000000cac00000|
|  39|0x00000000cad00000, 0x00000000cad00000, 0x00000000cae00000|  0%| F|  |TS  0|AC  0|TAMS 0x00000000cad00000, 0x00000000cad00000|
|  40|0x00000000cae00000, 0x00000000cae00000, 0x00000000caf00000|  0%| F|  |TS  0|AC  0|TAMS 0x00000000cae00000, 0x00000000cae00000|
|  41|0x00000000caf00000, 0x00000000caf00000, 0x00000000cb000000|  0%| F|  |TS  0|AC  0|TAMS 0x00000000caf00000, 0x00000000caf00000|
|  42|0x00000000cb000000, 0x00000000cb000000, 0x00000000cb100000|  0%| F|  |TS  0|AC  0|TAMS 0x00000000cb000000, 0x00000000cb000000|
|  43|0x00000000cb100000, 0x00000000cb100000, 0x00000000cb200000|  0%| F|  |TS  0|AC  0|TAMS 0x00000000cb100000, 0x00000000cb100000|
|  44|0x00000000cb200000, 0x00000000cb200000, 0x00000000cb300000|  0%| F|  |TS  0|AC  0|TAMS 0x00000000cb200000, 0x00000000cb200000|
|  45|0x00000000cb300000, 0x00000000cb300000, 0x00000000cb400000|  0%| F|  |TS  0|AC  0|TAMS 0x00000000cb300000, 0x00000000cb300000|
|  46|0x00000000cb400000, 0x00000000cb400000, 0x00000000cb500000|  0%| F|  |TS  0|AC  0|TAMS 0x00000000cb400000, 0x00000000cb400000|
|  47|0x00000000cb500000, 0x00000000cb500000, 0x00000000cb600000|  0%| F|  |TS  0|AC  0|TAMS 0x00000000cb500000, 0x00000000cb500000|
|  48|0x00000000cb600000, 0x00000000cb600000, 0x00000000cb700000|  0%| F|  |TS  0|AC  0|TAMS 0x00000000cb600000, 0x00000000cb600000|
|  49|0x00000000cb700000, 0x00000000cb700000, 0x00000000cb800000|  0%| F|  |TS  0|AC  0|TAMS 0x00000000cb700000, 0x00000000cb700000|
|  50|0x00000000cb800000, 0x00000000cb800000, 0x00000000cb900000|  0%| F|  |TS  0|AC  0|TAMS 0x00000000cb800000, 0x00000000cb800000|
|  51|0x00000000cb900000, 0x00000000cb900000, 0x00000000cba00000|  0%| F|  |TS  0|AC  0|TAMS 0x00000000cb900000, 0x00000000cb900000|
|  52|0x00000000cba00000, 0x00000000cba4bad0, 0x00000000cbb00000| 29%| E|  |TS  0|AC  0|TAMS 0x00000000cba00000, 0x00000000cba00000|
|  53|0x00000000cbb00000, 0x00000000cbc00000, 0x00000000cbc00000|100%| E|CS|TS  0|AC  0|TAMS 0x00000000cbb00000, 0x00000000cbb00000|
|  54|0x00000000cbc00000, 0x00000000cbd00000, 0x00000000cbd00000|100%| E|CS|TS  0|AC  0|TAMS 0x00000000cbc00000, 0x00000000cbc00000|
|  55|0x00000000cbd00000, 0x00000000cbe00000, 0x00000000cbe00000|100%| E|CS|TS  0|AC  0|TAMS 0x00000000cbd00000, 0x00000000cbd00000|

Card table byte_map: [0x000000001d560000,0x000000001d720000] byte_map_base: 0x000000001cf1d000

Marking Bits (Prev, Next): (CMBitMap*) 0x00000000003d4dd0, (CMBitMap*) 0x00000000003d4e08
 Prev Bits: [0x000000001d8e0000, 0x000000001e6c8000)
 Next Bits: [0x000000001e6d0000, 0x000000001f4b8000)

Polling page: 0x00000000001f0000

CodeHeap 'non-profiled nmethods': size=120064Kb used=70Kb max_used=70Kb free=119993Kb
 bounds [0x0000000015450000, 0x00000000156c0000, 0x000000001c990000]
CodeHeap 'profiled nmethods': size=120000Kb used=276Kb max_used=276Kb free=119723Kb
 bounds [0x000000000df20000, 0x000000000e190000, 0x0000000015450000]
CodeHeap 'non-nmethods': size=5696Kb used=1069Kb max_used=1081Kb free=4626Kb
 bounds [0x000000000d990000, 0x000000000dc00000, 0x000000000df20000]
 total_blobs=589 nmethods=213 adapters=211
 compilation: enabled

Compilation events (10 events):
Event: 1.445 Thread 0x0000000021c56800  209       3       java.lang.String::startsWith (7 bytes)
Event: 1.446 Thread 0x0000000021c56800 nmethod 209 0x000000000df63e90 code [0x000000000df64040, 0x000000000df641e8]
Event: 1.462 Thread 0x0000000021c56800  210       3       java.lang.StringLatin1::indexOf (121 bytes)
Event: 1.463 Thread 0x0000000021c56800 nmethod 210 0x000000000df64290 code [0x000000000df64480, 0x000000000df649b0]
Event: 1.463 Thread 0x0000000021c56800  211       1       java.net.URL::getProtocol (5 bytes)
Event: 1.463 Thread 0x0000000021c56800 nmethod 211 0x0000000015461110 code [0x00000000154612c0, 0x00000000154613d0]
Event: 1.579 Thread 0x0000000022d6b800  212       4       java.lang.StringLatin1::indexOf (61 bytes)
Event: 1.589 Thread 0x0000000022d6b800 nmethod 212 0x0000000015461490 code [0x0000000015461620, 0x0000000015461818]
Event: 1.715 Thread 0x0000000021c56800  213       3       java.lang.String::lastIndexOf (29 bytes)
Event: 1.716 Thread 0x0000000021c56800 nmethod 213 0x000000000df64c10 code [0x000000000df64de0, 0x000000000df650d8]

GC Heap History (0 events):
No events

Deoptimization events (2 events):
Event: 1.021 Thread 0x0000000000383800 Uncommon trap: reason=unstable_if action=reinterpret pc=0x0000000015451eec method=java.lang.String.isLatin1()Z @ 10 c2
Event: 1.058 Thread 0x0000000000383800 Uncommon trap: reason=unstable_if action=reinterpret pc=0x0000000015453794 method=java.lang.String.hashCode()I @ 14 c2

Classes redefined (10 events):
Event: 157.766 Thread 0x0000000021c4c000 redefined class name=A, count=3
Event: 157.767 Thread 0x0000000021c4c000 redefined class name=A$Interval, count=3
Event: 177.794 Thread 0x0000000021c4c000 redefined class name=A, count=4
Event: 177.795 Thread 0x0000000021c4c000 redefined class name=A$Interval, count=4
Event: 198.015 Thread 0x0000000021c4c000 redefined class name=A, count=5
Event: 198.016 Thread 0x0000000021c4c000 redefined class name=A$Interval, count=5
Event: 208.026 Thread 0x0000000021c4c000 redefined class name=A, count=6
Event: 208.026 Thread 0x0000000021c4c000 redefined class name=A$Interval, count=6
Event: 265.168 Thread 0x0000000021c4c000 redefined class name=A, count=7
Event: 265.170 Thread 0x0000000021c4c000 redefined class name=A$Interval, count=7

Internal exceptions (0 events):
No events

Events (10 events):
Event: 265.320 Executing VM operation: GetFrameLocation done
Event: 265.320 Executing VM operation: GetOrSetLocal
Event: 265.320 Executing VM operation: GetOrSetLocal done
Event: 265.321 Executing VM operation: GetFrameCount
Event: 265.321 Executing VM operation: GetFrameCount done
Event: 265.321 Executing VM operation: GetFrameLocation
Event: 265.321 Executing VM operation: GetFrameLocation done
Event: 289.528 Executing VM operation: ChangeBreakpoints
Event: 289.528 Executing VM operation: ChangeBreakpoints done
Event: 289.532 Executing VM operation: RedefineClasses


Dynamic libraries:
0x000000013f390000 - 0x000000013f3ce000 	C:\Program Files\Java\jdk-10\bin\java.exe
0x0000000077aa0000 - 0x0000000077c4a000 	C:\Windows\SYSTEM32\ntdll.dll
0x0000000077980000 - 0x0000000077a9f000 	C:\Windows\system32\kernel32.dll
0x000007fefd7f0000 - 0x000007fefd85a000 	C:\Windows\system32\KERNELBASE.dll
0x000007feffcd0000 - 0x000007feffdab000 	C:\Windows\system32\ADVAPI32.dll
0x000007fefe360000 - 0x000007fefe3ff000 	C:\Windows\system32\msvcrt.dll
0x000007fefdbb0000 - 0x000007fefdbcf000 	C:\Windows\SYSTEM32\sechost.dll
0x000007feffba0000 - 0x000007feffccd000 	C:\Windows\system32\RPCRT4.dll
0x0000000077880000 - 0x000000007797a000 	C:\Windows\system32\USER32.dll
0x000007fefdfa0000 - 0x000007fefe007000 	C:\Windows\system32\GDI32.dll
0x000007fefe5e0000 - 0x000007fefe5ee000 	C:\Windows\system32\LPK.dll
0x000007fefe510000 - 0x000007fefe5db000 	C:\Windows\system32\USP10.dll
0x000007fefc260000 - 0x000007fefc454000 	C:\Windows\WinSxS\amd64_microsoft.windows.common-controls_6595b64144ccf1df_6.0.7601.18837_none_fa3b1e3d17594757\COMCTL32.dll
0x000007fefe480000 - 0x000007fefe4f1000 	C:\Windows\system32\SHLWAPI.dll
0x000007fefd1c0000 - 0x000007fefd1cc000 	C:\Windows\system32\VERSION.dll
0x000007fefe010000 - 0x000007fefe03e000 	C:\Windows\system32\IMM32.DLL
0x000007fefde90000 - 0x000007fefdf99000 	C:\Windows\system32\MSCTF.dll
0x000007fef1ed0000 - 0x000007fef1fbf000 	C:\Program Files\Java\jdk-10\bin\msvcr120.dll
0x000007fef7ce0000 - 0x000007fef7d86000 	C:\Program Files\Java\jdk-10\bin\msvcp120.dll
0x000000005f5a0000 - 0x000000006000f000 	C:\Program Files\Java\jdk-10\bin\server\jvm.dll
0x000007fef4b90000 - 0x000007fef4b99000 	C:\Windows\system32\WSOCK32.dll
0x000007fefe040000 - 0x000007fefe08d000 	C:\Windows\system32\WS2_32.dll
0x000007fefe500000 - 0x000007fefe508000 	C:\Windows\system32\NSI.dll
0x000007fef9bc0000 - 0x000007fef9bfb000 	C:\Windows\system32\WINMM.dll
0x0000000077c60000 - 0x0000000077c67000 	C:\Windows\system32\PSAPI.DLL
0x000007fefd020000 - 0x000007fefd02f000 	C:\Program Files\Java\jdk-10\bin\verify.dll
0x000007fef2ce0000 - 0x000007fef2e05000 	C:\Windows\system32\DBGHELP.DLL
0x000007fef81e0000 - 0x000007fef8207000 	C:\Program Files\Java\jdk-10\bin\java.dll
0x000007fef8130000 - 0x000007fef8166000 	C:\Program Files\Java\jdk-10\bin\jdwp.dll
0x000007fef7fb0000 - 0x000007fef7fda000 	C:\Program Files\Java\jdk-10\bin\instrument.dll
0x000007fef8220000 - 0x000007fef8236000 	C:\Program Files\Java\jdk-10\bin\zip.dll
0x000007fefd160000 - 0x000007fefd16a000 	C:\Program Files\Java\jdk-10\bin\jimage.dll
0x000007fefedf0000 - 0x000007feffb7b000 	C:\Windows\system32\SHELL32.dll
0x000007fefe8c0000 - 0x000007fefeabc000 	C:\Windows\system32\ole32.dll
0x000007fefd7a0000 - 0x000007fefd7af000 	C:\Windows\system32\profapi.dll
0x000007fef8290000 - 0x000007fef829a000 	C:\Program Files\Java\jdk-10\bin\dt_socket.dll
0x000007fefcc30000 - 0x000007fefcc85000 	C:\Windows\system32\mswsock.dll
0x000007fefd1d0000 - 0x000007fefd1d7000 	C:\Windows\System32\wshtcpip.dll
0x000007fef7e70000 - 0x000007fef7e8a000 	C:\Program Files\Java\jdk-10\bin\net.dll
0x000007fef86c0000 - 0x000007fef8731000 	C:\Windows\system32\WINHTTP.dll
0x000007fef8630000 - 0x000007fef8694000 	C:\Windows\system32\webio.dll
0x000007fefcc20000 - 0x000007fefcc27000 	C:\Windows\System32\wship6.dll
0x000007fef7cc0000 - 0x000007fef7cd1000 	C:\Program Files\Java\jdk-10\bin\nio.dll

dbghelp: loaded successfully - version: 4.0.5 - missing functions: none
symbol engine: initialized successfully - sym options: 0x614 - pdb path: .;C:\Program Files\Java\jdk-10\bin;C:\Windows\SYSTEM32;C:\Windows\WinSxS\amd64_microsoft.windows.common-controls_6595b64144ccf1df_6.0.7601.18837_none_fa3b1e3d17594757;C:\Program Files\Java\jdk-10\bin\server

VM Arguments:
jvm_args: -agentlib:jdwp=transport=dt_socket,address=127.0.0.1:60285,suspend=y,server=n -javaagent:C:\Users\Administrator\.IdeaIC2018.1\system\captureAgent\debugger-agent.jar=file:/C:/Users/Administrator/AppData/Local/Temp/capture1.props -Dfile.encoding=UTF-8 
java_command: A
java_class_path (initial): D:\GitBash\CS61B\skeleton-sp18-master\library-sp18\javalib;D:\LCsolution\57. Insert Interval\out\production\57. Insert Interval;F:\Program Files\IntelliJ\IntelliJ IDEA Community Edition 2018.1.1\lib\idea_rt.jar
Launcher Type: SUN_STANDARD

Logging:
Log output configuration:
#0: stdout all=warning uptime,level,tags
#1: stderr all=off uptime,level,tags

Environment Variables:
JAVA_HOME=C:\Program Files\Java\jdk-10
PATH=C:\ProgramData\Oracle\Java\javapath;C:\Windows\system32;C:\Windows;C:\Windows\System32\Wbem;C:\Windows\System32\WindowsPowerShell\v1.0\;C:\Program Files\Java\jdk-10\bin;G:\0 code\Python\Scripts\;G:\0 code\Python\;C:\Users\Administrator\AppData\Local\GitHubDesktop\bin
USERNAME=Administrator
OS=Windows_NT
PROCESSOR_IDENTIFIER=AMD64 Family 18 Model 1 Stepping 0, AuthenticAMD



---------------  S Y S T E M  ---------------

OS: Windows 7 , 64 bit Build 7601 (6.1.7601.23864)

CPU:total 4 (initial active 4) (4 cores per cpu, 1 threads per core) family 18 model 1 stepping 0, cmov, cx8, fxsr, mmx, sse, sse2, sse3, popcnt, mmxext, 3dnowpref, lzcnt, sse4a, tsc, tscinvbit, tscinv

Memory: 4k page, physical 3643504k(521324k free), swap 10269140k(4112456k free)

vm_info: Java HotSpot(TM) 64-Bit Server VM (10+46) for windows-amd64 JRE (10+46), built on Mar  8 2018 02:11:18 by "mach5one" with MS VC++ 12.0 (VS2013)

END.
