#
# A fatal error has been detected by the Java Runtime Environment:
#
#  EXCEPTION_ACCESS_VIOLATION (0xc0000005) at pc=0x000000000731cfe6, pid=2460, tid=5256
#
# JRE version: Java(TM) SE Runtime Environment (10.0+46) (build 10+46)
# Java VM: Java HotSpot(TM) 64-Bit Server VM (10+46, mixed mode, tiered, compressed oops, g1 gc, windows-amd64)
# Problematic frame:
# V  [jvm.dll+0x20cfe6]
#
# No core dump will be written. Minidumps are not enabled by default on client versions of Windows
#
# If you would like to submit a bug report, please visit:
#   http://bugreport.java.com/bugreport/crash.jsp
#

---------------  S U M M A R Y ------------

Command Line: -agentlib:jdwp=transport=dt_socket,address=127.0.0.1:59225,suspend=y,server=n -javaagent:C:\Users\Administrator\AppData\Local\Temp\capture10428jars\debugger-agent.jar=file:/C:/Users/Administrator/AppData/Local/Temp/capture1.props -Dfile.encoding=UTF-8 A

Host: AMD A6-3400M APU with Radeon(tm) HD Graphics, 4 cores, 3G,  Windows 7 , 64 bit Build 7601 (6.1.7601.23864)
Time: Wed Jun 06 00:14:18 2018 ?D1¨²¡À¨º¡Á?¨º¡À?? elapsed time: 151 seconds (0d 0h 2m 31s)

---------------  T H R E A D  ---------------

Current thread (0x0000000005ab9800):  VMThread "VM Thread" [stack: 0x0000000006c20000,0x0000000006d20000] [id=5256] _threads_hazard_ptr=0x0000000064818650

Stack: [0x0000000006c20000,0x0000000006d20000],  sp=0x0000000006d1f420,  free space=1021k
Native frames: (J=compiled Java code, j=interpreted, Vv=VM code, C=native code)
V  [jvm.dll+0x20cfe6]
V  [jvm.dll+0x46366d]
V  [jvm.dll+0x4628b6]
V  [jvm.dll+0x6c42dc]
V  [jvm.dll+0x6c2a45]
V  [jvm.dll+0x6c3250]
V  [jvm.dll+0x6c358c]
V  [jvm.dll+0x59ef10]
C  [msvcr120.dll+0x24f7f]
C  [msvcr120.dll+0x25126]
C  [kernel32.dll+0x159cd]
C  [ntdll.dll+0x2a561]


siginfo: EXCEPTION_ACCESS_VIOLATION (0xc0000005), reading address 0xffffffffffffffff


Register to memory mapping:

RIP=0x000000000731cfe6 jvm.dll
RAX=0xca000000065b3c38 is an unknown value
RBX={method} {0x00000000065b3cd8} 
[error occurred during error reporting (printing register info), id 0xc0000005]

Registers:
RAX=0xca000000065b3c38, RBX=0x00000000065b3cd0, RCX=0x0000000000000000, RDX=0x0000000006d1f440
RSP=0x0000000006d1f420, RBP=0x00000000065b3cd0, RSI=0x0000000005a711a0, RDI=0x000000006483e8a0
R8 =0x0000000005a7c310, R9 =0xffffffffa24de698, R10=0x000000006483e8d8, R11=0x000000006483fad8
R12=0x0000000005a71588, R13=0x00000000000003d8, R14=0x0000000064d4f550, R15=0x0000000005a711b0
RIP=0x000000000731cfe6, EFLAGS=0x0000000000010297

Top of Stack: (sp=0x0000000006d1f420)
0x0000000006d1f420:   000000000258f460 0000000012e3c068
0x0000000006d1f430:   0000000012e38990 0000000000000000
0x0000000006d1f440:   00000000065b3cd0 0000000005ab9800
0x0000000006d1f450:   0000000005a7c2d0 000000000757366d
0x0000000006d1f460:   000000006483e8a0 0000000000000000
0x0000000006d1f470:   0000000000000000 000000000779cfaa
0x0000000006d1f480:   0000000005ab9800 0000000005a7c310
0x0000000006d1f490:   000000000050e510 000000000050e520
0x0000000006d1f4a0:   000000000050e5f8 00000000000000d8
0x0000000006d1f4b0:   0000000006d1f760 000000000779ce11
0x0000000006d1f4c0:   00000000000003d8 0000000005a71588
0x0000000006d1f4d0:   0000000007ae5850 000000000788d698
0x0000000006d1f4e0:   0000000005a711a0 00000000075728b6
0x0000000006d1f4f0:   0000000064d4f420 0000000005a711b0
0x0000000006d1f500:   0000000064d4f420 0000000005a711b0
0x0000000006d1f510:   0000000064d4f5a8 0000000000000000 

Instructions: (pc=0x000000000731cfe6)
0x000000000731cfc6:   f8 ff 48 63 0f 8d 41 01 89 07 48 8b 47 18 48 8b
0x000000000731cfd6:   7c 24 40 48 89 1c c8 48 8b 43 08 48 8d 54 24 20
0x000000000731cfe6:   48 8b 48 08 48 8b 49 18 e8 fd 7c 14 00 48 8d 4c
0x000000000731cff6:   24 20 48 8b d8 e8 70 ad 12 00 48 8b c3 48 83 c4 


VM_Operation (0x0000000064d4f420): GetFrameLocation, mode: safepoint, requested by thread 0x00000000648cc800


---------------  P R O C E S S  ---------------

Threads class SMR info:
_java_thread_list=0x0000000064818650, length=14, elements={
0x0000000000533800, 0x0000000005abc800, 0x0000000005abf800, 0x00000000069ee000,
0x00000000069ef000, 0x00000000069f0000, 0x0000000006a00000, 0x0000000006a21000,
0x0000000006a34800, 0x00000000648cc800, 0x000000006491b800, 0x0000000064b0e000,
0x0000000064d6a000, 0x0000000064819800
}

Java Threads: ( => current thread )
  0x0000000000533800 JavaThread "main" [_thread_blocked, id=8236, stack(0x0000000002490000,0x0000000002590000)]
  0x0000000005abc800 JavaThread "Reference Handler" daemon [_thread_blocked, id=1280, stack(0x0000000006dc0000,0x0000000006ec0000)]
  0x0000000005abf800 JavaThread "Finalizer" daemon [_thread_blocked, id=8744, stack(0x0000000006f30000,0x0000000007030000)]
  0x00000000069ee000 JavaThread "Signal Dispatcher" daemon [_thread_blocked, id=5844, stack(0x0000000064000000,0x0000000064100000)]
  0x00000000069ef000 JavaThread "Attach Listener" daemon [_thread_blocked, id=3040, stack(0x0000000063ef0000,0x0000000063ff0000)]
  0x00000000069f0000 JavaThread "C2 CompilerThread0" daemon [_thread_blocked, id=1156, stack(0x0000000064280000,0x0000000064380000)]
  0x0000000006a00000 JavaThread "C2 CompilerThread1" daemon [_thread_blocked, id=3000, stack(0x0000000064450000,0x0000000064550000)]
  0x0000000006a21000 JavaThread "C1 CompilerThread2" daemon [_thread_blocked, id=7724, stack(0x0000000064610000,0x0000000064710000)]
  0x0000000006a34800 JavaThread "Sweeper thread" daemon [_thread_blocked, id=3164, stack(0x0000000064150000,0x0000000064250000)]
  0x00000000648cc800 JavaThread "JDWP Transport Listener: dt_socket" daemon [_thread_blocked, id=6216, stack(0x0000000064c50000,0x0000000064d50000)] _threads_hazard_ptr=0x0000000064818650
  0x000000006491b800 JavaThread "JDWP Event Helper Thread" daemon [_thread_blocked, id=7880, stack(0x0000000005e10000,0x0000000005f10000)]
  0x0000000064b0e000 JavaThread "JDWP Command Reader" daemon [_thread_in_native, id=6940, stack(0x0000000065610000,0x0000000065710000)]
  0x0000000064d6a000 JavaThread "Common-Cleaner" daemon [_thread_blocked, id=7416, stack(0x0000000006b20000,0x0000000006c20000)]
  0x0000000064819800 JavaThread "Service Thread" daemon [_thread_blocked, id=5112, stack(0x0000000065840000,0x0000000065940000)]

Other Threads:
=>0x0000000005ab9800 VMThread "VM Thread" [stack: 0x0000000006c20000,0x0000000006d20000] [id=5256] _threads_hazard_ptr=0x0000000064818650
  0x000000006481b000 WatcherThread [stack: 0x00000000659e0000,0x0000000065ae0000] [id=6712]
  0x000000000054d000 GCTaskThread "GC Thread#0" [stack: 0x0000000002870000,0x0000000002970000] [id=4296]
  0x000000000054e000 GCTaskThread "GC Thread#1" [stack: 0x00000000029b0000,0x0000000002ab0000] [id=3964]
  0x0000000000550000 GCTaskThread "GC Thread#2" [stack: 0x0000000002c70000,0x0000000002d70000] [id=5680]
  0x0000000000554800 GCTaskThread "GC Thread#3" [stack: 0x0000000002b00000,0x0000000002c00000] [id=8180]
  0x0000000000585800 ConcurrentGCThread "G1 Main Marker" [stack: 0x0000000005490000,0x0000000005590000] [id=6644]
  0x0000000000587000 ConcurrentGCThread "G1 Conc#0" [stack: 0x00000000056b0000,0x00000000057b0000] [id=5284]
  0x00000000059e0800 ConcurrentGCThread "G1 Refine#0" [stack: 0x0000000005bd0000,0x0000000005cd0000] [id=6300]
  0x00000000005b8000 ConcurrentGCThread "G1 Refine#1" [stack: 0x0000000005d10000,0x0000000005e10000] [id=5156]
  0x00000000005bb800 ConcurrentGCThread "G1 Refine#2" [stack: 0x0000000005f10000,0x0000000006010000] [id=2480]
  0x00000000005bc800 ConcurrentGCThread "G1 Refine#3" [stack: 0x0000000005ad0000,0x0000000005bd0000] [id=4528]
  0x00000000005bd800 ConcurrentGCThread "G1 Young RemSet Sampling" [stack: 0x0000000006020000,0x0000000006120000] [id=2176]

Threads with active compile tasks:

VM state:at safepoint (normal execution)

VM Mutex/Monitor currently owned by a thread:  ([mutex/lock_event])
[0x00000000005256b0] Threads_lock - owner thread: 0x0000000005ab9800

Heap address: 0x00000000c8600000, size: 890 MB, Compressed Oops mode: 32-bit
Narrow klass base: 0x0000000000000000, Narrow klass shift: 0
Compressed class space size: 1073741824 Address: 0x0000000023e30000

Heap:
 garbage-first heap   total 57344K, used 3072K [0x00000000c8600000, 0x0000000100000000)
  region size 1024K, 4 young (4096K), 0 survivors (0K)
 Metaspace       used 5250K, capacity 5392K, committed 5632K, reserved 1056768K
  class space    used 443K, capacity 496K, committed 512K, reserved 1048576K
Heap Regions: E=young(eden), S=young(survivor), O=old, HS=humongous(starts), HC=humongous(continues), CS=collection set, F=free, A=archive, TS=gc time stamp, AC=allocation context, TAMS=top-at-mark-start (previous, next)
|   0|0x00000000c8600000, 0x00000000c8600000, 0x00000000c8700000|  0%| F|  |TS  0|AC  0|TAMS 0x00000000c8600000, 0x00000000c8600000|
|   1|0x00000000c8700000, 0x00000000c8700000, 0x00000000c8800000|  0%| F|  |TS  0|AC  0|TAMS 0x00000000c8700000, 0x00000000c8700000|
|   2|0x00000000c8800000, 0x00000000c8800000, 0x00000000c8900000|  0%| F|  |TS  0|AC  0|TAMS 0x00000000c8800000, 0x00000000c8800000|
|   3|0x00000000c8900000, 0x00000000c8900000, 0x00000000c8a00000|  0%| F|  |TS  0|AC  0|TAMS 0x00000000c8900000, 0x00000000c8900000|
|   4|0x00000000c8a00000, 0x00000000c8a00000, 0x00000000c8b00000|  0%| F|  |TS  0|AC  0|TAMS 0x00000000c8a00000, 0x00000000c8a00000|
|   5|0x00000000c8b00000, 0x00000000c8b00000, 0x00000000c8c00000|  0%| F|  |TS  0|AC  0|TAMS 0x00000000c8b00000, 0x00000000c8b00000|
|   6|0x00000000c8c00000, 0x00000000c8c00000, 0x00000000c8d00000|  0%| F|  |TS  0|AC  0|TAMS 0x00000000c8c00000, 0x00000000c8c00000|
|   7|0x00000000c8d00000, 0x00000000c8d00000, 0x00000000c8e00000|  0%| F|  |TS  0|AC  0|TAMS 0x00000000c8d00000, 0x00000000c8d00000|
|   8|0x00000000c8e00000, 0x00000000c8e00000, 0x00000000c8f00000|  0%| F|  |TS  0|AC  0|TAMS 0x00000000c8e00000, 0x00000000c8e00000|
|   9|0x00000000c8f00000, 0x00000000c8f00000, 0x00000000c9000000|  0%| F|  |TS  0|AC  0|TAMS 0x00000000c8f00000, 0x00000000c8f00000|
|  10|0x00000000c9000000, 0x00000000c9000000, 0x00000000c9100000|  0%| F|  |TS  0|AC  0|TAMS 0x00000000c9000000, 0x00000000c9000000|
|  11|0x00000000c9100000, 0x00000000c9100000, 0x00000000c9200000|  0%| F|  |TS  0|AC  0|TAMS 0x00000000c9100000, 0x00000000c9100000|
|  12|0x00000000c9200000, 0x00000000c9200000, 0x00000000c9300000|  0%| F|  |TS  0|AC  0|TAMS 0x00000000c9200000, 0x00000000c9200000|
|  13|0x00000000c9300000, 0x00000000c9300000, 0x00000000c9400000|  0%| F|  |TS  0|AC  0|TAMS 0x00000000c9300000, 0x00000000c9300000|
|  14|0x00000000c9400000, 0x00000000c9400000, 0x00000000c9500000|  0%| F|  |TS  0|AC  0|TAMS 0x00000000c9400000, 0x00000000c9400000|
|  15|0x00000000c9500000, 0x00000000c9500000, 0x00000000c9600000|  0%| F|  |TS  0|AC  0|TAMS 0x00000000c9500000, 0x00000000c9500000|
|  16|0x00000000c9600000, 0x00000000c9600000, 0x00000000c9700000|  0%| F|  |TS  0|AC  0|TAMS 0x00000000c9600000, 0x00000000c9600000|
|  17|0x00000000c9700000, 0x00000000c9700000, 0x00000000c9800000|  0%| F|  |TS  0|AC  0|TAMS 0x00000000c9700000, 0x00000000c9700000|
|  18|0x00000000c9800000, 0x00000000c9800000, 0x00000000c9900000|  0%| F|  |TS  0|AC  0|TAMS 0x00000000c9800000, 0x00000000c9800000|
|  19|0x00000000c9900000, 0x00000000c9900000, 0x00000000c9a00000|  0%| F|  |TS  0|AC  0|TAMS 0x00000000c9900000, 0x00000000c9900000|
|  20|0x00000000c9a00000, 0x00000000c9a00000, 0x00000000c9b00000|  0%| F|  |TS  0|AC  0|TAMS 0x00000000c9a00000, 0x00000000c9a00000|
|  21|0x00000000c9b00000, 0x00000000c9b00000, 0x00000000c9c00000|  0%| F|  |TS  0|AC  0|TAMS 0x00000000c9b00000, 0x00000000c9b00000|
|  22|0x00000000c9c00000, 0x00000000c9c00000, 0x00000000c9d00000|  0%| F|  |TS  0|AC  0|TAMS 0x00000000c9c00000, 0x00000000c9c00000|
|  23|0x00000000c9d00000, 0x00000000c9d00000, 0x00000000c9e00000|  0%| F|  |TS  0|AC  0|TAMS 0x00000000c9d00000, 0x00000000c9d00000|
|  24|0x00000000c9e00000, 0x00000000c9e00000, 0x00000000c9f00000|  0%| F|  |TS  0|AC  0|TAMS 0x00000000c9e00000, 0x00000000c9e00000|
|  25|0x00000000c9f00000, 0x00000000c9f00000, 0x00000000ca000000|  0%| F|  |TS  0|AC  0|TAMS 0x00000000c9f00000, 0x00000000c9f00000|
|  26|0x00000000ca000000, 0x00000000ca000000, 0x00000000ca100000|  0%| F|  |TS  0|AC  0|TAMS 0x00000000ca000000, 0x00000000ca000000|
|  27|0x00000000ca100000, 0x00000000ca100000, 0x00000000ca200000|  0%| F|  |TS  0|AC  0|TAMS 0x00000000ca100000, 0x00000000ca100000|
|  28|0x00000000ca200000, 0x00000000ca200000, 0x00000000ca300000|  0%| F|  |TS  0|AC  0|TAMS 0x00000000ca200000, 0x00000000ca200000|
|  29|0x00000000ca300000, 0x00000000ca300000, 0x00000000ca400000|  0%| F|  |TS  0|AC  0|TAMS 0x00000000ca300000, 0x00000000ca300000|
|  30|0x00000000ca400000, 0x00000000ca400000, 0x00000000ca500000|  0%| F|  |TS  0|AC  0|TAMS 0x00000000ca400000, 0x00000000ca400000|
|  31|0x00000000ca500000, 0x00000000ca500000, 0x00000000ca600000|  0%| F|  |TS  0|AC  0|TAMS 0x00000000ca500000, 0x00000000ca500000|
|  32|0x00000000ca600000, 0x00000000ca600000, 0x00000000ca700000|  0%| F|  |TS  0|AC  0|TAMS 0x00000000ca600000, 0x00000000ca600000|
|  33|0x00000000ca700000, 0x00000000ca700000, 0x00000000ca800000|  0%| F|  |TS  0|AC  0|TAMS 0x00000000ca700000, 0x00000000ca700000|
|  34|0x00000000ca800000, 0x00000000ca800000, 0x00000000ca900000|  0%| F|  |TS  0|AC  0|TAMS 0x00000000ca800000, 0x00000000ca800000|
|  35|0x00000000ca900000, 0x00000000ca900000, 0x00000000caa00000|  0%| F|  |TS  0|AC  0|TAMS 0x00000000ca900000, 0x00000000ca900000|
|  36|0x00000000caa00000, 0x00000000caa00000, 0x00000000cab00000|  0%| F|  |TS  0|AC  0|TAMS 0x00000000caa00000, 0x00000000caa00000|
|  37|0x00000000cab00000, 0x00000000cab00000, 0x00000000cac00000|  0%| F|  |TS  0|AC  0|TAMS 0x00000000cab00000, 0x00000000cab00000|
|  38|0x00000000cac00000, 0x00000000cac00000, 0x00000000cad00000|  0%| F|  |TS  0|AC  0|TAMS 0x00000000cac00000, 0x00000000cac00000|
|  39|0x00000000cad00000, 0x00000000cad00000, 0x00000000cae00000|  0%| F|  |TS  0|AC  0|TAMS 0x00000000cad00000, 0x00000000cad00000|
|  40|0x00000000cae00000, 0x00000000cae00000, 0x00000000caf00000|  0%| F|  |TS  0|AC  0|TAMS 0x00000000cae00000, 0x00000000cae00000|
|  41|0x00000000caf00000, 0x00000000caf00000, 0x00000000cb000000|  0%| F|  |TS  0|AC  0|TAMS 0x00000000caf00000, 0x00000000caf00000|
|  42|0x00000000cb000000, 0x00000000cb000000, 0x00000000cb100000|  0%| F|  |TS  0|AC  0|TAMS 0x00000000cb000000, 0x00000000cb000000|
|  43|0x00000000cb100000, 0x00000000cb100000, 0x00000000cb200000|  0%| F|  |TS  0|AC  0|TAMS 0x00000000cb100000, 0x00000000cb100000|
|  44|0x00000000cb200000, 0x00000000cb200000, 0x00000000cb300000|  0%| F|  |TS  0|AC  0|TAMS 0x00000000cb200000, 0x00000000cb200000|
|  45|0x00000000cb300000, 0x00000000cb300000, 0x00000000cb400000|  0%| F|  |TS  0|AC  0|TAMS 0x00000000cb300000, 0x00000000cb300000|
|  46|0x00000000cb400000, 0x00000000cb400000, 0x00000000cb500000|  0%| F|  |TS  0|AC  0|TAMS 0x00000000cb400000, 0x00000000cb400000|
|  47|0x00000000cb500000, 0x00000000cb500000, 0x00000000cb600000|  0%| F|  |TS  0|AC  0|TAMS 0x00000000cb500000, 0x00000000cb500000|
|  48|0x00000000cb600000, 0x00000000cb600000, 0x00000000cb700000|  0%| F|  |TS  0|AC  0|TAMS 0x00000000cb600000, 0x00000000cb600000|
|  49|0x00000000cb700000, 0x00000000cb700000, 0x00000000cb800000|  0%| F|  |TS  0|AC  0|TAMS 0x00000000cb700000, 0x00000000cb700000|
|  50|0x00000000cb800000, 0x00000000cb800000, 0x00000000cb900000|  0%| F|  |TS  0|AC  0|TAMS 0x00000000cb800000, 0x00000000cb800000|
|  51|0x00000000cb900000, 0x00000000cb900000, 0x00000000cba00000|  0%| F|  |TS  0|AC  0|TAMS 0x00000000cb900000, 0x00000000cb900000|
|  52|0x00000000cba00000, 0x00000000cba4b2e8, 0x00000000cbb00000| 29%| E|  |TS  0|AC  0|TAMS 0x00000000cba00000, 0x00000000cba00000|
|  53|0x00000000cbb00000, 0x00000000cbc00000, 0x00000000cbc00000|100%| E|CS|TS  0|AC  0|TAMS 0x00000000cbb00000, 0x00000000cbb00000|
|  54|0x00000000cbc00000, 0x00000000cbd00000, 0x00000000cbd00000|100%| E|CS|TS  0|AC  0|TAMS 0x00000000cbc00000, 0x00000000cbc00000|
|  55|0x00000000cbd00000, 0x00000000cbe00000, 0x00000000cbe00000|100%| E|CS|TS  0|AC  0|TAMS 0x00000000cbd00000, 0x00000000cbd00000|

Card table byte_map: [0x0000000003370000,0x0000000003530000] byte_map_base: 0x0000000002d2d000

Marking Bits (Prev, Next): (CMBitMap*) 0x0000000000584ed0, (CMBitMap*) 0x0000000000584f08
 Prev Bits: [0x00000000036f0000, 0x00000000044d8000)
 Next Bits: [0x00000000044e0000, 0x00000000052c8000)

Polling page: 0x0000000000480000

CodeHeap 'non-profiled nmethods': size=120064Kb used=68Kb max_used=68Kb free=119996Kb
 bounds [0x000000001a8f0000, 0x000000001ab60000, 0x0000000021e30000]
CodeHeap 'profiled nmethods': size=120000Kb used=264Kb max_used=264Kb free=119735Kb
 bounds [0x00000000133c0000, 0x0000000013630000, 0x000000001a8f0000]
CodeHeap 'non-nmethods': size=5696Kb used=1069Kb max_used=1080Kb free=4626Kb
 bounds [0x0000000012e30000, 0x00000000130a0000, 0x00000000133c0000]
 total_blobs=581 nmethods=205 adapters=211
 compilation: enabled

Compilation events (10 events):
Event: 0.980 Thread 0x0000000006a00000  202       4       java.lang.StringLatin1::indexOf (61 bytes)
Event: 0.983 Thread 0x0000000006a21000  203       3       java.lang.String::startsWith (7 bytes)
Event: 0.984 Thread 0x0000000006a21000 nmethod 203 0x0000000013400d90 code [0x0000000013400f40, 0x00000000134010e8]
Event: 0.988 Thread 0x0000000006a00000 nmethod 202 0x000000001a900810 code [0x000000001a9009a0, 0x000000001a900b58]
Event: 0.988 Thread 0x0000000006a21000  204       3       java.lang.StringLatin1::indexOf (121 bytes)
Event: 0.989 Thread 0x0000000006a21000 nmethod 204 0x0000000013401190 code [0x0000000013401380, 0x00000000134018b0]
Event: 0.989 Thread 0x0000000006a21000  205       1       java.net.URL::getProtocol (5 bytes)
Event: 0.990 Thread 0x0000000006a21000 nmethod 205 0x000000001a900c90 code [0x000000001a900e40, 0x000000001a900f50]
Event: 1.025 Thread 0x0000000006a21000  206       3       java.lang.String::lastIndexOf (29 bytes)
Event: 1.026 Thread 0x0000000006a21000 nmethod 206 0x0000000013401b10 code [0x0000000013401ce0, 0x0000000013401fd8]

GC Heap History (0 events):
No events

Deoptimization events (2 events):
Event: 0.777 Thread 0x0000000000533800 Uncommon trap: reason=unstable_if action=reinterpret pc=0x000000001a8f1eec method=java.lang.String.isLatin1()Z @ 10 c2
Event: 0.800 Thread 0x0000000000533800 Uncommon trap: reason=unstable_if action=reinterpret pc=0x000000001a8f2d94 method=java.lang.String.hashCode()I @ 14 c2

Classes redefined (6 events):
Event: 116.359 Thread 0x0000000005ab9800 redefined class name=A, count=1
Event: 116.360 Thread 0x0000000005ab9800 redefined class name=A$Interval, count=1
Event: 133.263 Thread 0x0000000005ab9800 redefined class name=A, count=2
Event: 133.264 Thread 0x0000000005ab9800 redefined class name=A$Interval, count=2
Event: 151.281 Thread 0x0000000005ab9800 redefined class name=A, count=3
Event: 151.281 Thread 0x0000000005ab9800 redefined class name=A$Interval, count=3

Internal exceptions (0 events):
No events

Events (10 events):
Event: 151.286 Executing VM operation: GetFrameLocation done
Event: 151.286 Executing VM operation: GetOrSetLocal
Event: 151.287 Executing VM operation: GetOrSetLocal done
Event: 151.447 Executing VM operation: ChangeBreakpoints
Event: 151.447 Executing VM operation: ChangeBreakpoints done
Event: 151.458 Executing VM operation: ChangeBreakpoints
Event: 151.458 Executing VM operation: ChangeBreakpoints done
Event: 151.462 Executing VM operation: GetFrameCount
Event: 151.462 Executing VM operation: GetFrameCount done
Event: 151.462 Executing VM operation: GetFrameLocation


Dynamic libraries:
0x000000013fca0000 - 0x000000013fcde000 	C:\Program Files\Java\jdk-10\bin\java.exe
0x0000000077aa0000 - 0x0000000077c4a000 	C:\Windows\SYSTEM32\ntdll.dll
0x0000000077980000 - 0x0000000077a9f000 	C:\Windows\system32\kernel32.dll
0x000007fefd7f0000 - 0x000007fefd85a000 	C:\Windows\system32\KERNELBASE.dll
0x000007feffcd0000 - 0x000007feffdab000 	C:\Windows\system32\ADVAPI32.dll
0x000007fefe360000 - 0x000007fefe3ff000 	C:\Windows\system32\msvcrt.dll
0x000007fefdbb0000 - 0x000007fefdbcf000 	C:\Windows\SYSTEM32\sechost.dll
0x000007feffba0000 - 0x000007feffccd000 	C:\Windows\system32\RPCRT4.dll
0x0000000077880000 - 0x000000007797a000 	C:\Windows\system32\USER32.dll
0x000007fefdfa0000 - 0x000007fefe007000 	C:\Windows\system32\GDI32.dll
0x000007fefe5e0000 - 0x000007fefe5ee000 	C:\Windows\system32\LPK.dll
0x000007fefe510000 - 0x000007fefe5db000 	C:\Windows\system32\USP10.dll
0x000007fefc260000 - 0x000007fefc454000 	C:\Windows\WinSxS\amd64_microsoft.windows.common-controls_6595b64144ccf1df_6.0.7601.18837_none_fa3b1e3d17594757\COMCTL32.dll
0x000007fefe480000 - 0x000007fefe4f1000 	C:\Windows\system32\SHLWAPI.dll
0x000007fefd1c0000 - 0x000007fefd1cc000 	C:\Windows\system32\VERSION.dll
0x000007fefe010000 - 0x000007fefe03e000 	C:\Windows\system32\IMM32.DLL
0x000007fefde90000 - 0x000007fefdf99000 	C:\Windows\system32\MSCTF.dll
0x000007fef1ed0000 - 0x000007fef1fbf000 	C:\Program Files\Java\jdk-10\bin\msvcr120.dll
0x000007fef7ce0000 - 0x000007fef7d86000 	C:\Program Files\Java\jdk-10\bin\msvcp120.dll
0x0000000007110000 - 0x0000000007b7f000 	C:\Program Files\Java\jdk-10\bin\server\jvm.dll
0x000007fef4b90000 - 0x000007fef4b99000 	C:\Windows\system32\WSOCK32.dll
0x000007fefe040000 - 0x000007fefe08d000 	C:\Windows\system32\WS2_32.dll
0x000007fefe500000 - 0x000007fefe508000 	C:\Windows\system32\NSI.dll
0x000007fef9bc0000 - 0x000007fef9bfb000 	C:\Windows\system32\WINMM.dll
0x0000000077c60000 - 0x0000000077c67000 	C:\Windows\system32\PSAPI.DLL
0x000007fefd020000 - 0x000007fefd02f000 	C:\Program Files\Java\jdk-10\bin\verify.dll
0x000007fef2ce0000 - 0x000007fef2e05000 	C:\Windows\system32\DBGHELP.DLL
0x000007fef81e0000 - 0x000007fef8207000 	C:\Program Files\Java\jdk-10\bin\java.dll
0x000007fef7fa0000 - 0x000007fef7fd6000 	C:\Program Files\Java\jdk-10\bin\jdwp.dll
0x000007fef8120000 - 0x000007fef814a000 	C:\Program Files\Java\jdk-10\bin\instrument.dll
0x000007fef8220000 - 0x000007fef8236000 	C:\Program Files\Java\jdk-10\bin\zip.dll
0x000007fefd160000 - 0x000007fefd16a000 	C:\Program Files\Java\jdk-10\bin\jimage.dll
0x000007fefedf0000 - 0x000007feffb7b000 	C:\Windows\system32\SHELL32.dll
0x000007fefe8c0000 - 0x000007fefeabc000 	C:\Windows\system32\ole32.dll
0x000007fefd7a0000 - 0x000007fefd7af000 	C:\Windows\system32\profapi.dll
0x000007fefb390000 - 0x000007fefb39a000 	C:\Program Files\Java\jdk-10\bin\dt_socket.dll
0x000007fefcc30000 - 0x000007fefcc85000 	C:\Windows\system32\mswsock.dll
0x000007fefd1d0000 - 0x000007fefd1d7000 	C:\Windows\System32\wshtcpip.dll
0x000007fef8280000 - 0x000007fef829a000 	C:\Program Files\Java\jdk-10\bin\net.dll
0x000007fef86c0000 - 0x000007fef8731000 	C:\Windows\system32\WINHTTP.dll
0x000007fef8630000 - 0x000007fef8694000 	C:\Windows\system32\webio.dll
0x000007fefcc20000 - 0x000007fefcc27000 	C:\Windows\System32\wship6.dll
0x000007fef8150000 - 0x000007fef8161000 	C:\Program Files\Java\jdk-10\bin\nio.dll

dbghelp: loaded successfully - version: 4.0.5 - missing functions: none
symbol engine: initialized successfully - sym options: 0x614 - pdb path: .;C:\Program Files\Java\jdk-10\bin;C:\Windows\SYSTEM32;C:\Windows\WinSxS\amd64_microsoft.windows.common-controls_6595b64144ccf1df_6.0.7601.18837_none_fa3b1e3d17594757;C:\Program Files\Java\jdk-10\bin\server

VM Arguments:
jvm_args: -agentlib:jdwp=transport=dt_socket,address=127.0.0.1:59225,suspend=y,server=n -javaagent:C:\Users\Administrator\AppData\Local\Temp\capture10428jars\debugger-agent.jar=file:/C:/Users/Administrator/AppData/Local/Temp/capture1.props -Dfile.encoding=UTF-8 
java_command: A
java_class_path (initial): D:\GitBash\CS61B\skeleton-sp18-master\library-sp18\javalib;D:\LCsolution\57. Insert Interval\out\production\57. Insert Interval;F:\Program Files\IntelliJ\IntelliJ IDEA Community Edition 2018.1.1\lib\idea_rt.jar
Launcher Type: SUN_STANDARD

Logging:
Log output configuration:
#0: stdout all=warning uptime,level,tags
#1: stderr all=off uptime,level,tags

Environment Variables:
JAVA_HOME=C:\Program Files\Java\jdk-10
PATH=C:\ProgramData\Oracle\Java\javapath;C:\Windows\system32;C:\Windows;C:\Windows\System32\Wbem;C:\Windows\System32\WindowsPowerShell\v1.0\;C:\Program Files\Java\jdk-10\bin;G:\0 code\Python\Scripts\;G:\0 code\Python\;C:\Users\Administrator\AppData\Local\GitHubDesktop\bin
USERNAME=Administrator
OS=Windows_NT
PROCESSOR_IDENTIFIER=AMD64 Family 18 Model 1 Stepping 0, AuthenticAMD



---------------  S Y S T E M  ---------------

OS: Windows 7 , 64 bit Build 7601 (6.1.7601.23864)

CPU:total 4 (initial active 4) (4 cores per cpu, 1 threads per core) family 18 model 1 stepping 0, cmov, cx8, fxsr, mmx, sse, sse2, sse3, popcnt, mmxext, 3dnowpref, lzcnt, sse4a, tsc, tscinvbit, tscinv

Memory: 4k page, physical 3643504k(777084k free), swap 10269140k(5164108k free)

vm_info: Java HotSpot(TM) 64-Bit Server VM (10+46) for windows-amd64 JRE (10+46), built on Mar  8 2018 02:11:18 by "mach5one" with MS VC++ 12.0 (VS2013)

END.
