#
# A fatal error has been detected by the Java Runtime Environment:
#
#  EXCEPTION_ACCESS_VIOLATION (0xc0000005) at pc=0x000000005633cf6c, pid=6300, tid=8276
#
# JRE version: Java(TM) SE Runtime Environment (10.0+46) (build 10+46)
# Java VM: Java HotSpot(TM) 64-Bit Server VM (10+46, mixed mode, tiered, compressed oops, g1 gc, windows-amd64)
# Problematic frame:
# V  [jvm.dll+0x55cf6c]
#
# No core dump will be written. Minidumps are not enabled by default on client versions of Windows
#
# If you would like to submit a bug report, please visit:
#   http://bugreport.java.com/bugreport/crash.jsp
#

---------------  S U M M A R Y ------------

Command Line: -agentlib:jdwp=transport=dt_socket,address=127.0.0.1:63575,suspend=y,server=n -javaagent:C:\Users\Administrator\AppData\Local\Temp\capture25443jars\debugger-agent.jar=file:/C:/Users/Administrator/AppData/Local/Temp/capture2.props -Dfile.encoding=UTF-8 Solution

Host: AMD A6-3400M APU with Radeon(tm) HD Graphics, 4 cores, 3G,  Windows 7 , 64 bit Build 7601 (6.1.7601.23864)
Time: Wed Jun 27 21:27:07 2018 ?D1¨²¡À¨º¡Á?¨º¡À?? elapsed time: 278 seconds (0d 0h 4m 38s)

---------------  T H R E A D  ---------------

Current thread (0x0000000021b48000):  VMThread "VM Thread" [stack: 0x0000000022ec0000,0x0000000022fc0000] [id=8276]

Stack: [0x0000000022ec0000,0x0000000022fc0000],  sp=0x0000000022fbf4a0,  free space=1021k
Native frames: (J=compiled Java code, j=interpreted, Vv=VM code, C=native code)
V  [jvm.dll+0x55cf6c]
V  [jvm.dll+0x473fba]
V  [jvm.dll+0x474ae7]
V  [jvm.dll+0x6c42dc]
V  [jvm.dll+0x6c2a45]
V  [jvm.dll+0x6c3250]
V  [jvm.dll+0x6c358c]
V  [jvm.dll+0x59ef10]
C  [msvcr120.dll+0x24f7f]
C  [msvcr120.dll+0x25126]
C  [kernel32.dll+0x159cd]
C  [ntdll.dll+0x2a561]


siginfo: EXCEPTION_ACCESS_VIOLATION (0xc0000005), writing address 0x0000000022ca3bce


Register to memory mapping:

RIP=0x000000005633cf6c jvm.dll
RAX=0x0000000022ca3bb8 is an unknown value
RBX=0x0000000021b48000 is an unknown value
RCX=0x0000000000000082 is an unknown value
RDX={method} {0x0000000022783870} 'start' '()V' in 'Solution'
RSP=0x0000000022fbf4a0 is an unknown value
RBP=0x000000000033f730 is an unknown value
RSI={method} {0x0000000022783870} 'start' '()V' in 'Solution'
RDI={method} {0x0000000022783870} 'start' '()V' in 'Solution'
R8 =0x0000000000000000 is an unknown value
R9 =0x0000000000000082 is an unknown value
R10=0x0000000000000078 is an unknown value
R11={method} {0x0000000022783870} 'start' '()V' in 'Solution'
R12=0x0000000022fbf5d0 is an unknown value
R13=0x0000000021abc650 is an unknown value
R14=0x0000000021b011a0 is an unknown value
R15=0x000000008005bca0 is pointing into metadata


Registers:
RAX=0x0000000022ca3bb8, RBX=0x0000000021b48000, RCX=0x0000000000000082, RDX=0x0000000022783868
RSP=0x0000000022fbf4a0, RBP=0x000000000033f730, RSI=0x0000000022783868, RDI=0x0000000022783868
R8 =0x0000000000000000, R9 =0x0000000000000082, R10=0x0000000000000078, R11=0x0000000022783868
R12=0x0000000022fbf5d0, R13=0x0000000021abc650, R14=0x0000000021b011a0, R15=0x000000008005bca0
RIP=0x000000005633cf6c, EFLAGS=0x0000000000010206

Top of Stack: (sp=0x0000000022fbf4a0)
0x0000000022fbf4a0:   0000000000000000 0000000000000000
0x0000000022fbf4b0:   0000000000000000 0000000000000018
0x0000000022fbf4c0:   0000000022786848 0000000021b48000
0x0000000022fbf4d0:   0000000021b48000 000000000033f770
0x0000000022fbf4e0:   0000000022783868 000000005633d01d
0x0000000022fbf4f0:   000000000028e458 00000000000000d8
0x0000000022fbf500:   0000000022fbf7f0 000000000033f730
0x0000000022fbf510:   0000000021b01588 0000000056253fba
0x0000000022fbf520:   0000000021b011b0 0000000022783868
0x0000000022fbf530:   0000000023bd8e80 0000000023e6f730
0x0000000022fbf540:   00000000000003d8 0000000021aaa690
0x0000000022fbf550:   00000000002dac40 0000000000000000
0x0000000022fbf560:   0000000000000000 0000000021b01588
0x0000000022fbf570:   0000000023e6f730 0000000023bd8e80
0x0000000022fbf580:   0000000023c17290 00000000000003d8
0x0000000022fbf590:   00000000567b5850 000000005655d698 

Instructions: (pc=0x000000005633cf6c)
0x000000005633cf4c:   08 00 74 0c 48 8b cb e8 08 5e d5 ff 33 c0 eb 04
0x000000005633cf5c:   48 8b 47 18 48 83 7b 08 00 75 09 48 85 c0 74 04
0x000000005633cf6c:   66 ff 40 16 ff 05 ea db 45 00 48 8d 4c 24 30 48
0x000000005633cf7c:   8b d3 e8 8d af dd ff 48 89 7c 24 20 48 89 5c 24 


VM_Operation (0x0000000023e6f6c0): ChangeBreakpoints, mode: safepoint, requested by thread 0x0000000023a57000


---------------  P R O C E S S  ---------------

Threads class SMR info:
_java_thread_list=0x0000000023c1df90, length=14, elements={
0x00000000002b2800, 0x0000000021b4a800, 0x0000000021b4e800, 0x0000000022bc8800,
0x0000000022bc9800, 0x0000000021b5d000, 0x0000000022bb5000, 0x0000000022bb5800,
0x0000000022c37000, 0x0000000023a57000, 0x0000000023b40800, 0x0000000023b41800,
0x0000000023be0800, 0x0000000023c1b800
}

Java Threads: ( => current thread )
  0x00000000002b2800 JavaThread "main" [_thread_blocked, id=2500, stack(0x00000000021e0000,0x00000000022e0000)]
  0x0000000021b4a800 JavaThread "Reference Handler" daemon [_thread_blocked, id=5412, stack(0x0000000023080000,0x0000000023180000)]
  0x0000000021b4e800 JavaThread "Finalizer" daemon [_thread_blocked, id=8140, stack(0x0000000023210000,0x0000000023310000)]
  0x0000000022bc8800 JavaThread "Signal Dispatcher" daemon [_thread_blocked, id=6652, stack(0x0000000023400000,0x0000000023500000)]
  0x0000000022bc9800 JavaThread "Attach Listener" daemon [_thread_blocked, id=3276, stack(0x0000000021db0000,0x0000000021eb0000)]
  0x0000000021b5d000 JavaThread "C2 CompilerThread0" daemon [_thread_blocked, id=7612, stack(0x0000000022d90000,0x0000000022e90000)]
  0x0000000022bb5000 JavaThread "C2 CompilerThread1" daemon [_thread_blocked, id=6956, stack(0x0000000023530000,0x0000000023630000)]
  0x0000000022bb5800 JavaThread "C1 CompilerThread2" daemon [_thread_blocked, id=1184, stack(0x0000000023680000,0x0000000023780000)]
  0x0000000022c37000 JavaThread "Sweeper thread" daemon [_thread_blocked, id=8368, stack(0x0000000023860000,0x0000000023960000)]
  0x0000000023a57000 JavaThread "JDWP Transport Listener: dt_socket" daemon [_thread_blocked, id=7284, stack(0x0000000023d70000,0x0000000023e70000)]
  0x0000000023b40800 JavaThread "JDWP Event Helper Thread" daemon [_thread_blocked, id=11316, stack(0x00000000240f0000,0x00000000241f0000)]
  0x0000000023b41800 JavaThread "JDWP Command Reader" daemon [_thread_in_native, id=5368, stack(0x0000000024360000,0x0000000024460000)]
  0x0000000023be0800 JavaThread "Common-Cleaner" daemon [_thread_blocked, id=7080, stack(0x00000000244f0000,0x00000000245f0000)]
  0x0000000023c1b800 JavaThread "Service Thread" daemon [_thread_blocked, id=10156, stack(0x0000000024650000,0x0000000024750000)]

Other Threads:
=>0x0000000021b48000 VMThread "VM Thread" [stack: 0x0000000022ec0000,0x0000000022fc0000] [id=8276]
  0x0000000023c1d800 WatcherThread [stack: 0x0000000024780000,0x0000000024880000] [id=4508]
  0x00000000002de000 GCTaskThread "GC Thread#0" [stack: 0x000000001caf0000,0x000000001cbf0000] [id=5668]
  0x00000000002df800 GCTaskThread "GC Thread#1" [stack: 0x000000001cca0000,0x000000001cda0000] [id=4856]
  0x00000000002e1000 GCTaskThread "GC Thread#2" [stack: 0x00000000024e0000,0x00000000025e0000] [id=7180]
  0x00000000002e4000 GCTaskThread "GC Thread#3" [stack: 0x000000001ce00000,0x000000001cf00000] [id=4732]
  0x0000000000316000 ConcurrentGCThread "G1 Main Marker" [stack: 0x000000001f490000,0x000000001f590000] [id=10532]
  0x0000000000317800 ConcurrentGCThread "G1 Conc#0" [stack: 0x000000001f630000,0x000000001f730000] [id=10376]
  0x0000000021a70800 ConcurrentGCThread "G1 Refine#0" [stack: 0x0000000021ba0000,0x0000000021ca0000] [id=8204]
  0x0000000000337800 ConcurrentGCThread "G1 Refine#1" [stack: 0x0000000021ca0000,0x0000000021da0000] [id=8724]
  0x000000000033a800 ConcurrentGCThread "G1 Refine#2" [stack: 0x0000000021eb0000,0x0000000021fb0000] [id=3024]
  0x000000000033c800 ConcurrentGCThread "G1 Refine#3" [stack: 0x0000000022090000,0x0000000022190000] [id=6060]
  0x000000000033d800 ConcurrentGCThread "G1 Young RemSet Sampling" [stack: 0x00000000221f0000,0x00000000222f0000] [id=12168]

Threads with active compile tasks:

VM state:at safepoint (normal execution)

VM Mutex/Monitor currently owned by a thread:  ([mutex/lock_event])
[0x00000000002aefa0] Threads_lock - owner thread: 0x0000000021b48000

Heap address: 0x00000000c8600000, size: 890 MB, Compressed Oops mode: 32-bit
Narrow klass base: 0x0000000000000000, Narrow klass shift: 0
Compressed class space size: 1073741824 Address: 0x000000007fff0000

Heap:
 garbage-first heap   total 57344K, used 2048K [0x00000000c8600000, 0x0000000100000000)
  region size 1024K, 3 young (3072K), 0 survivors (0K)
 Metaspace       used 5225K, capacity 5328K, committed 5376K, reserved 1056768K
  class space    used 438K, capacity 496K, committed 512K, reserved 1048576K
Heap Regions: E=young(eden), S=young(survivor), O=old, HS=humongous(starts), HC=humongous(continues), CS=collection set, F=free, A=archive, TS=gc time stamp, AC=allocation context, TAMS=top-at-mark-start (previous, next)
|   0|0x00000000c8600000, 0x00000000c8600000, 0x00000000c8700000|  0%| F|  |TS  0|AC  0|TAMS 0x00000000c8600000, 0x00000000c8600000|
|   1|0x00000000c8700000, 0x00000000c8700000, 0x00000000c8800000|  0%| F|  |TS  0|AC  0|TAMS 0x00000000c8700000, 0x00000000c8700000|
|   2|0x00000000c8800000, 0x00000000c8800000, 0x00000000c8900000|  0%| F|  |TS  0|AC  0|TAMS 0x00000000c8800000, 0x00000000c8800000|
|   3|0x00000000c8900000, 0x00000000c8900000, 0x00000000c8a00000|  0%| F|  |TS  0|AC  0|TAMS 0x00000000c8900000, 0x00000000c8900000|
|   4|0x00000000c8a00000, 0x00000000c8a00000, 0x00000000c8b00000|  0%| F|  |TS  0|AC  0|TAMS 0x00000000c8a00000, 0x00000000c8a00000|
|   5|0x00000000c8b00000, 0x00000000c8b00000, 0x00000000c8c00000|  0%| F|  |TS  0|AC  0|TAMS 0x00000000c8b00000, 0x00000000c8b00000|
|   6|0x00000000c8c00000, 0x00000000c8c00000, 0x00000000c8d00000|  0%| F|  |TS  0|AC  0|TAMS 0x00000000c8c00000, 0x00000000c8c00000|
|   7|0x00000000c8d00000, 0x00000000c8d00000, 0x00000000c8e00000|  0%| F|  |TS  0|AC  0|TAMS 0x00000000c8d00000, 0x00000000c8d00000|
|   8|0x00000000c8e00000, 0x00000000c8e00000, 0x00000000c8f00000|  0%| F|  |TS  0|AC  0|TAMS 0x00000000c8e00000, 0x00000000c8e00000|
|   9|0x00000000c8f00000, 0x00000000c8f00000, 0x00000000c9000000|  0%| F|  |TS  0|AC  0|TAMS 0x00000000c8f00000, 0x00000000c8f00000|
|  10|0x00000000c9000000, 0x00000000c9000000, 0x00000000c9100000|  0%| F|  |TS  0|AC  0|TAMS 0x00000000c9000000, 0x00000000c9000000|
|  11|0x00000000c9100000, 0x00000000c9100000, 0x00000000c9200000|  0%| F|  |TS  0|AC  0|TAMS 0x00000000c9100000, 0x00000000c9100000|
|  12|0x00000000c9200000, 0x00000000c9200000, 0x00000000c9300000|  0%| F|  |TS  0|AC  0|TAMS 0x00000000c9200000, 0x00000000c9200000|
|  13|0x00000000c9300000, 0x00000000c9300000, 0x00000000c9400000|  0%| F|  |TS  0|AC  0|TAMS 0x00000000c9300000, 0x00000000c9300000|
|  14|0x00000000c9400000, 0x00000000c9400000, 0x00000000c9500000|  0%| F|  |TS  0|AC  0|TAMS 0x00000000c9400000, 0x00000000c9400000|
|  15|0x00000000c9500000, 0x00000000c9500000, 0x00000000c9600000|  0%| F|  |TS  0|AC  0|TAMS 0x00000000c9500000, 0x00000000c9500000|
|  16|0x00000000c9600000, 0x00000000c9600000, 0x00000000c9700000|  0%| F|  |TS  0|AC  0|TAMS 0x00000000c9600000, 0x00000000c9600000|
|  17|0x00000000c9700000, 0x00000000c9700000, 0x00000000c9800000|  0%| F|  |TS  0|AC  0|TAMS 0x00000000c9700000, 0x00000000c9700000|
|  18|0x00000000c9800000, 0x00000000c9800000, 0x00000000c9900000|  0%| F|  |TS  0|AC  0|TAMS 0x00000000c9800000, 0x00000000c9800000|
|  19|0x00000000c9900000, 0x00000000c9900000, 0x00000000c9a00000|  0%| F|  |TS  0|AC  0|TAMS 0x00000000c9900000, 0x00000000c9900000|
|  20|0x00000000c9a00000, 0x00000000c9a00000, 0x00000000c9b00000|  0%| F|  |TS  0|AC  0|TAMS 0x00000000c9a00000, 0x00000000c9a00000|
|  21|0x00000000c9b00000, 0x00000000c9b00000, 0x00000000c9c00000|  0%| F|  |TS  0|AC  0|TAMS 0x00000000c9b00000, 0x00000000c9b00000|
|  22|0x00000000c9c00000, 0x00000000c9c00000, 0x00000000c9d00000|  0%| F|  |TS  0|AC  0|TAMS 0x00000000c9c00000, 0x00000000c9c00000|
|  23|0x00000000c9d00000, 0x00000000c9d00000, 0x00000000c9e00000|  0%| F|  |TS  0|AC  0|TAMS 0x00000000c9d00000, 0x00000000c9d00000|
|  24|0x00000000c9e00000, 0x00000000c9e00000, 0x00000000c9f00000|  0%| F|  |TS  0|AC  0|TAMS 0x00000000c9e00000, 0x00000000c9e00000|
|  25|0x00000000c9f00000, 0x00000000c9f00000, 0x00000000ca000000|  0%| F|  |TS  0|AC  0|TAMS 0x00000000c9f00000, 0x00000000c9f00000|
|  26|0x00000000ca000000, 0x00000000ca000000, 0x00000000ca100000|  0%| F|  |TS  0|AC  0|TAMS 0x00000000ca000000, 0x00000000ca000000|
|  27|0x00000000ca100000, 0x00000000ca100000, 0x00000000ca200000|  0%| F|  |TS  0|AC  0|TAMS 0x00000000ca100000, 0x00000000ca100000|
|  28|0x00000000ca200000, 0x00000000ca200000, 0x00000000ca300000|  0%| F|  |TS  0|AC  0|TAMS 0x00000000ca200000, 0x00000000ca200000|
|  29|0x00000000ca300000, 0x00000000ca300000, 0x00000000ca400000|  0%| F|  |TS  0|AC  0|TAMS 0x00000000ca300000, 0x00000000ca300000|
|  30|0x00000000ca400000, 0x00000000ca400000, 0x00000000ca500000|  0%| F|  |TS  0|AC  0|TAMS 0x00000000ca400000, 0x00000000ca400000|
|  31|0x00000000ca500000, 0x00000000ca500000, 0x00000000ca600000|  0%| F|  |TS  0|AC  0|TAMS 0x00000000ca500000, 0x00000000ca500000|
|  32|0x00000000ca600000, 0x00000000ca600000, 0x00000000ca700000|  0%| F|  |TS  0|AC  0|TAMS 0x00000000ca600000, 0x00000000ca600000|
|  33|0x00000000ca700000, 0x00000000ca700000, 0x00000000ca800000|  0%| F|  |TS  0|AC  0|TAMS 0x00000000ca700000, 0x00000000ca700000|
|  34|0x00000000ca800000, 0x00000000ca800000, 0x00000000ca900000|  0%| F|  |TS  0|AC  0|TAMS 0x00000000ca800000, 0x00000000ca800000|
|  35|0x00000000ca900000, 0x00000000ca900000, 0x00000000caa00000|  0%| F|  |TS  0|AC  0|TAMS 0x00000000ca900000, 0x00000000ca900000|
|  36|0x00000000caa00000, 0x00000000caa00000, 0x00000000cab00000|  0%| F|  |TS  0|AC  0|TAMS 0x00000000caa00000, 0x00000000caa00000|
|  37|0x00000000cab00000, 0x00000000cab00000, 0x00000000cac00000|  0%| F|  |TS  0|AC  0|TAMS 0x00000000cab00000, 0x00000000cab00000|
|  38|0x00000000cac00000, 0x00000000cac00000, 0x00000000cad00000|  0%| F|  |TS  0|AC  0|TAMS 0x00000000cac00000, 0x00000000cac00000|
|  39|0x00000000cad00000, 0x00000000cad00000, 0x00000000cae00000|  0%| F|  |TS  0|AC  0|TAMS 0x00000000cad00000, 0x00000000cad00000|
|  40|0x00000000cae00000, 0x00000000cae00000, 0x00000000caf00000|  0%| F|  |TS  0|AC  0|TAMS 0x00000000cae00000, 0x00000000cae00000|
|  41|0x00000000caf00000, 0x00000000caf00000, 0x00000000cb000000|  0%| F|  |TS  0|AC  0|TAMS 0x00000000caf00000, 0x00000000caf00000|
|  42|0x00000000cb000000, 0x00000000cb000000, 0x00000000cb100000|  0%| F|  |TS  0|AC  0|TAMS 0x00000000cb000000, 0x00000000cb000000|
|  43|0x00000000cb100000, 0x00000000cb100000, 0x00000000cb200000|  0%| F|  |TS  0|AC  0|TAMS 0x00000000cb100000, 0x00000000cb100000|
|  44|0x00000000cb200000, 0x00000000cb200000, 0x00000000cb300000|  0%| F|  |TS  0|AC  0|TAMS 0x00000000cb200000, 0x00000000cb200000|
|  45|0x00000000cb300000, 0x00000000cb300000, 0x00000000cb400000|  0%| F|  |TS  0|AC  0|TAMS 0x00000000cb300000, 0x00000000cb300000|
|  46|0x00000000cb400000, 0x00000000cb400000, 0x00000000cb500000|  0%| F|  |TS  0|AC  0|TAMS 0x00000000cb400000, 0x00000000cb400000|
|  47|0x00000000cb500000, 0x00000000cb500000, 0x00000000cb600000|  0%| F|  |TS  0|AC  0|TAMS 0x00000000cb500000, 0x00000000cb500000|
|  48|0x00000000cb600000, 0x00000000cb600000, 0x00000000cb700000|  0%| F|  |TS  0|AC  0|TAMS 0x00000000cb600000, 0x00000000cb600000|
|  49|0x00000000cb700000, 0x00000000cb700000, 0x00000000cb800000|  0%| F|  |TS  0|AC  0|TAMS 0x00000000cb700000, 0x00000000cb700000|
|  50|0x00000000cb800000, 0x00000000cb800000, 0x00000000cb900000|  0%| F|  |TS  0|AC  0|TAMS 0x00000000cb800000, 0x00000000cb800000|
|  51|0x00000000cb900000, 0x00000000cb900000, 0x00000000cba00000|  0%| F|  |TS  0|AC  0|TAMS 0x00000000cb900000, 0x00000000cb900000|
|  52|0x00000000cba00000, 0x00000000cba00000, 0x00000000cbb00000|  0%| F|  |TS  0|AC  0|TAMS 0x00000000cba00000, 0x00000000cba00000|
|  53|0x00000000cbb00000, 0x00000000cbb93d58, 0x00000000cbc00000| 57%| E|  |TS  0|AC  0|TAMS 0x00000000cbb00000, 0x00000000cbb00000|
|  54|0x00000000cbc00000, 0x00000000cbd00000, 0x00000000cbd00000|100%| E|CS|TS  0|AC  0|TAMS 0x00000000cbc00000, 0x00000000cbc00000|
|  55|0x00000000cbd00000, 0x00000000cbe00000, 0x00000000cbe00000|100%| E|CS|TS  0|AC  0|TAMS 0x00000000cbd00000, 0x00000000cbd00000|

Card table byte_map: [0x000000001d3f0000,0x000000001d5b0000] byte_map_base: 0x000000001cdad000

Marking Bits (Prev, Next): (CMBitMap*) 0x00000000003155e0, (CMBitMap*) 0x0000000000315618
 Prev Bits: [0x000000001d770000, 0x000000001e558000)
 Next Bits: [0x000000001e560000, 0x000000001f348000)

Polling page: 0x0000000000080000

CodeHeap 'non-profiled nmethods': size=120064Kb used=65Kb max_used=65Kb free=119998Kb
 bounds [0x0000000015560000, 0x00000000157d0000, 0x000000001caa0000]
CodeHeap 'profiled nmethods': size=120000Kb used=273Kb max_used=273Kb free=119726Kb
 bounds [0x000000000e030000, 0x000000000e2a0000, 0x0000000015560000]
CodeHeap 'non-nmethods': size=5696Kb used=1070Kb max_used=1081Kb free=4626Kb
 bounds [0x000000000daa0000, 0x000000000dd10000, 0x000000000e030000]
 total_blobs=571 nmethods=199 adapters=211
 compilation: enabled

Compilation events (10 events):
Event: 0.797 Thread 0x0000000022bb5800 nmethod 194 0x000000000e072110 code [0x000000000e072360, 0x000000000e072d30]
Event: 0.797 Thread 0x0000000022bb5800  196       3       java.lang.AbstractStringBuilder::append (45 bytes)
Event: 0.798 Thread 0x0000000022bb5800 nmethod 196 0x000000000e073010 code [0x000000000e073240, 0x000000000e0737b8]
Event: 0.799 Thread 0x0000000021b5d000 nmethod 195 0x000000001556fd90 code [0x000000001556ff20, 0x0000000015570078]
Event: 0.825 Thread 0x0000000022bb5800  197       3       sun.nio.fs.WindowsPathParser::isSlash (18 bytes)
Event: 0.825 Thread 0x0000000022bb5000  198       4       java.lang.StringLatin1::indexOf (61 bytes)
Event: 0.825 Thread 0x0000000022bb5800 nmethod 197 0x000000000e073a10 code [0x000000000e073bc0, 0x000000000e073d90]
Event: 0.825 Thread 0x0000000022bb5800  199       3       sun.nio.fs.WindowsPathParser::isInvalidPathChar (22 bytes)
Event: 0.826 Thread 0x0000000022bb5800 nmethod 199 0x000000000e073e10 code [0x000000000e074000, 0x000000000e0743a8]
Event: 0.831 Thread 0x0000000022bb5000 nmethod 198 0x0000000015570190 code [0x0000000015570320, 0x00000000155704d8]

GC Heap History (0 events):
No events

Deoptimization events (1 events):
Event: 0.615 Thread 0x00000000002b2800 Uncommon trap: reason=unstable_if action=reinterpret pc=0x0000000015563c94 method=java.lang.String.hashCode()I @ 14 c2

Classes redefined (3 events):
Event: 49.930 Thread 0x0000000021b48000 redefined class name=Solution, count=1
Event: 66.604 Thread 0x0000000021b48000 redefined class name=Solution, count=2
Event: 78.591 Thread 0x0000000021b48000 redefined class name=Solution, count=3

Internal exceptions (0 events):
No events

Events (10 events):
Event: 78.837 Executing VM operation: GetFrameCount done
Event: 78.837 Executing VM operation: GetFrameLocation
Event: 78.837 Executing VM operation: GetFrameLocation done
Event: 240.323 Executing VM operation: ChangeBreakpoints
Event: 240.323 Executing VM operation: ChangeBreakpoints done
Event: 240.353 Executing VM operation: ChangeBreakpoints
Event: 240.354 Executing VM operation: ChangeBreakpoints done
Event: 278.753 Executing VM operation: ChangeBreakpoints
Event: 278.753 Executing VM operation: ChangeBreakpoints done
Event: 278.760 Executing VM operation: ChangeBreakpoints


Dynamic libraries:
0x000000013f290000 - 0x000000013f2ce000 	C:\Program Files\Java\jdk-10\bin\java.exe
0x0000000076eb0000 - 0x000000007705a000 	C:\Windows\SYSTEM32\ntdll.dll
0x0000000076d90000 - 0x0000000076eaf000 	C:\Windows\system32\kernel32.dll
0x000007fefcef0000 - 0x000007fefcf5a000 	C:\Windows\system32\KERNELBASE.dll
0x000007fefdcc0000 - 0x000007fefdd9b000 	C:\Windows\system32\ADVAPI32.dll
0x000007fefee60000 - 0x000007fefeeff000 	C:\Windows\system32\msvcrt.dll
0x000007feff120000 - 0x000007feff13f000 	C:\Windows\SYSTEM32\sechost.dll
0x000007fefd170000 - 0x000007fefd29d000 	C:\Windows\system32\RPCRT4.dll
0x0000000076c90000 - 0x0000000076d8a000 	C:\Windows\system32\USER32.dll
0x000007fefd470000 - 0x000007fefd4d7000 	C:\Windows\system32\GDI32.dll
0x000007feff100000 - 0x000007feff10e000 	C:\Windows\system32\LPK.dll
0x000007fefd3a0000 - 0x000007fefd46b000 	C:\Windows\system32\USP10.dll
0x000007fefb670000 - 0x000007fefb864000 	C:\Windows\WinSxS\amd64_microsoft.windows.common-controls_6595b64144ccf1df_6.0.7601.18837_none_fa3b1e3d17594757\COMCTL32.dll
0x000007fefd2a0000 - 0x000007fefd311000 	C:\Windows\system32\SHLWAPI.dll
0x000007fefc490000 - 0x000007fefc49c000 	C:\Windows\system32\VERSION.dll
0x000007fefcf60000 - 0x000007fefcf8e000 	C:\Windows\system32\IMM32.DLL
0x000007fefd930000 - 0x000007fefda39000 	C:\Windows\system32\MSCTF.dll
0x000007feefbe0000 - 0x000007feefccf000 	C:\Program Files\Java\jdk-10\bin\msvcr120.dll
0x000007fef33f0000 - 0x000007fef3496000 	C:\Program Files\Java\jdk-10\bin\msvcp120.dll
0x0000000055de0000 - 0x000000005684f000 	C:\Program Files\Java\jdk-10\bin\server\jvm.dll
0x000007fefa970000 - 0x000007fefa979000 	C:\Windows\system32\WSOCK32.dll
0x000007fefdc70000 - 0x000007fefdcbd000 	C:\Windows\system32\WS2_32.dll
0x000007feff110000 - 0x000007feff118000 	C:\Windows\system32\NSI.dll
0x000007fef8b10000 - 0x000007fef8b4b000 	C:\Windows\system32\WINMM.dll
0x0000000077080000 - 0x0000000077087000 	C:\Windows\system32\PSAPI.DLL
0x000007fefc3c0000 - 0x000007fefc3cf000 	C:\Program Files\Java\jdk-10\bin\verify.dll
0x000007fef1bb0000 - 0x000007fef1cd5000 	C:\Windows\system32\DBGHELP.DLL
0x000007fef3f20000 - 0x000007fef3f47000 	C:\Program Files\Java\jdk-10\bin\java.dll
0x000007fef33b0000 - 0x000007fef33e6000 	C:\Program Files\Java\jdk-10\bin\jdwp.dll
0x000007fef41b0000 - 0x000007fef41da000 	C:\Program Files\Java\jdk-10\bin\instrument.dll
0x000007fef72e0000 - 0x000007fef72f6000 	C:\Program Files\Java\jdk-10\bin\zip.dll
0x000007fef7ff0000 - 0x000007fef7ffa000 	C:\Program Files\Java\jdk-10\bin\jimage.dll
0x000007fefe0d0000 - 0x000007fefee5b000 	C:\Windows\system32\SHELL32.dll
0x000007fefef00000 - 0x000007feff0fc000 	C:\Windows\system32\ole32.dll
0x000007fefcba0000 - 0x000007fefcbaf000 	C:\Windows\system32\profapi.dll
0x000007fef58d0000 - 0x000007fef58da000 	C:\Program Files\Java\jdk-10\bin\dt_socket.dll
0x000007fefc040000 - 0x000007fefc095000 	C:\Windows\system32\mswsock.dll
0x000007fefc4a0000 - 0x000007fefc4a7000 	C:\Windows\System32\wshtcpip.dll
0x000007fef7a30000 - 0x000007fef7a4a000 	C:\Program Files\Java\jdk-10\bin\net.dll
0x000007fef9920000 - 0x000007fef9991000 	C:\Windows\system32\WINHTTP.dll
0x000007fef83e0000 - 0x000007fef8444000 	C:\Windows\system32\webio.dll
0x000007fefc030000 - 0x000007fefc037000 	C:\Windows\System32\wship6.dll
0x000007fef5de0000 - 0x000007fef5df1000 	C:\Program Files\Java\jdk-10\bin\nio.dll

dbghelp: loaded successfully - version: 4.0.5 - missing functions: none
symbol engine: initialized successfully - sym options: 0x614 - pdb path: .;C:\Program Files\Java\jdk-10\bin;C:\Windows\SYSTEM32;C:\Windows\WinSxS\amd64_microsoft.windows.common-controls_6595b64144ccf1df_6.0.7601.18837_none_fa3b1e3d17594757;C:\Program Files\Java\jdk-10\bin\server

VM Arguments:
jvm_args: -agentlib:jdwp=transport=dt_socket,address=127.0.0.1:63575,suspend=y,server=n -javaagent:C:\Users\Administrator\AppData\Local\Temp\capture25443jars\debugger-agent.jar=file:/C:/Users/Administrator/AppData/Local/Temp/capture2.props -Dfile.encoding=UTF-8 
java_command: Solution
java_class_path (initial): D:\LCsolution\645. Set Mismatch\out\production\645. Set Mismatch;D:\Program Files\JetBrains\IntelliJ IDEA Community Edition 2018.1.1\lib\idea_rt.jar
Launcher Type: SUN_STANDARD

Logging:
Log output configuration:
#0: stdout all=warning uptime,level,tags
#1: stderr all=off uptime,level,tags

Environment Variables:
JAVA_HOME=C:\Program Files\Java\jdk-10
PATH=C:\ProgramData\Oracle\Java\javapath;C:\Windows\system32;C:\Windows;C:\Windows\System32\Wbem;C:\Windows\System32\WindowsPowerShell\v1.0\;C:\Program Files\Java\jdk-10\bin;G:\0 code\Python\Scripts\;G:\0 code\Python\;C:\Users\Administrator\AppData\Local\GitHubDesktop\bin
USERNAME=Administrator
OS=Windows_NT
PROCESSOR_IDENTIFIER=AMD64 Family 18 Model 1 Stepping 0, AuthenticAMD



---------------  S Y S T E M  ---------------

OS: Windows 7 , 64 bit Build 7601 (6.1.7601.23864)

CPU:total 4 (initial active 4) (4 cores per cpu, 1 threads per core) family 18 model 1 stepping 0, cmov, cx8, fxsr, mmx, sse, sse2, sse3, popcnt, mmxext, 3dnowpref, lzcnt, sse4a, tsc, tscinvbit, tscinv

Memory: 4k page, physical 3643504k(76884k free), swap 12782904k(5135616k free)

vm_info: Java HotSpot(TM) 64-Bit Server VM (10+46) for windows-amd64 JRE (10+46), built on Mar  8 2018 02:11:18 by "mach5one" with MS VC++ 12.0 (VS2013)

END.
