#
# A fatal error has been detected by the Java Runtime Environment:
#
#  EXCEPTION_ACCESS_VIOLATION (0xc0000005) at pc=0x00000000640beb79, pid=8208, tid=5504
#
# JRE version: Java(TM) SE Runtime Environment (10.0+46) (build 10+46)
# Java VM: Java HotSpot(TM) 64-Bit Server VM (10+46, mixed mode, tiered, compressed oops, g1 gc, windows-amd64)
# Problematic frame:
# V  [jvm.dll+0x22eb79]
#
# No core dump will be written. Minidumps are not enabled by default on client versions of Windows
#
# If you would like to submit a bug report, please visit:
#   http://bugreport.java.com/bugreport/crash.jsp
#

---------------  S U M M A R Y ------------

Command Line: -agentlib:jdwp=transport=dt_socket,address=127.0.0.1:50325,suspend=y,server=n -javaagent:C:\Users\Administrator\.IdeaIC2018.1\system\captureAgent\debugger-agent.jar=file:/C:/Users/Administrator/AppData/Local/Temp/capture.props -Dfile.encoding=UTF-8 A

Host: AMD A6-3400M APU with Radeon(tm) HD Graphics, 4 cores, 3G,  Windows 7 , 64 bit Build 7601 (6.1.7601.23864)
Time: Sun May 27 22:29:13 2018 ?D1¨²¡À¨º¡Á?¨º¡À?? elapsed time: 733 seconds (0d 0h 12m 13s)

---------------  T H R E A D  ---------------

Current thread (0x0000000021e35800):  VMThread "VM Thread" [stack: 0x0000000063250000,0x0000000063350000] [id=5504]

Stack: [0x0000000063250000,0x0000000063350000],  sp=0x000000006334f288,  free space=1020k
Native frames: (J=compiled Java code, j=interpreted, Vv=VM code, C=native code)
V  [jvm.dll+0x22eb79]


siginfo: EXCEPTION_ACCESS_VIOLATION (0xc0000005), reading address 0x0000000062d500b8


Register to memory mapping:

RIP=0x00000000640beb79 jvm.dll
RAX=0x000000000016c580 is an unknown value
RBX=0x0000000062be3188 is pointing into metadata
RCX=0x0000000062be3b38 is pointing into metadata
RDX=0x000000000000b62b is an unknown value
RSP=0x000000006334f288 is an unknown value
RBP=0x0000000000000001 is an unknown value
RSI=0x000000006334f530 is an unknown value
RDI=0x000000006334f530 is an unknown value
R8 =0x0000000000000000 is an unknown value
R9 =0x0000000062be3188 is pointing into metadata
R10=0x0000000062be3188 is pointing into metadata
R11=0x00000000227bbaa0 is pointing into metadata
R12=0x000000006460d601 jvm.dll
R13=0x0000000000000000 is an unknown value
R14=0x0000000000000001 is an unknown value
R15=0x0000000000000000 is an unknown value


Registers:
RAX=0x000000000016c580, RBX=0x0000000062be3188, RCX=0x0000000062be3b38, RDX=0x000000000000b62b
RSP=0x000000006334f288, RBP=0x0000000000000001, RSI=0x000000006334f530, RDI=0x000000006334f530
R8 =0x0000000000000000, R9 =0x0000000062be3188, R10=0x0000000062be3188, R11=0x00000000227bbaa0
R12=0x000000006460d601, R13=0x0000000000000000, R14=0x0000000000000001, R15=0x0000000000000000
RIP=0x00000000640beb79, EFLAGS=0x0000000000010212

Top of Stack: (sp=0x000000006334f288)
0x000000006334f288:   00000000641ad813 000000006334f380
0x000000006334f298:   0000000063fa4dde 000000006334f400
0x000000006334f2a8:   0000000000000000 4fffffff00000000
0x000000006334f2b8:   0000000000000000 000000006334f380
0x000000006334f2c8:   00000000641ae593 0000742edaaab4cd
0x000000006334f2d8:   0000742edaaab4fd 0000000000000000
0x000000006334f2e8:   000000006334f380 000000006334f530
0x000000006334f2f8:   00000000641afbc0 000000006334f530
0x000000006334f308:   0000000000000058 0000000000000001
0x000000006334f318:   00000000641b0f54 0000008000000058
0x000000006334f328:   000000b100000080 0000000000000000
0x000000006334f338:   0000000000000080 0000000021dee9f0
0x000000006334f348:   00000000641b024e 000000006334f530
0x000000006334f358:   000000006334f3b0 0000000000000000
0x000000006334f368:   0000000021dee9f0 0000000000006000
0x000000006334f378:   00000000641b20f1 0000000062be3ab0 

Instructions: (pc=0x00000000640beb79)
0x00000000640beb59:   c2 48 ff c0 48 c1 e0 05 48 8b 04 08 0f b7 c0 41
0x00000000640beb69:   0f b7 44 c1 42 c3 48 63 c2 48 ff c0 48 c1 e0 05
0x00000000640beb79:   48 8b 04 08 0f b7 d0 48 63 c2 41 0f b7 44 c1 42
0x00000000640beb89:   c3 49 8b 41 08 48 63 ca 0f b6 44 08 04 3c 12 75 


VM_Operation (0x000000006505f1b0): GetOrSetLocal, mode: safepoint, requested by thread 0x0000000064b82800


---------------  P R O C E S S  ---------------

Threads class SMR info:
_java_thread_list=0x0000000064b076e0, length=14, elements={
0x00000000003d2800, 0x0000000021e37800, 0x0000000021e3d800, 0x0000000063026000,
0x0000000063028000, 0x0000000063029000, 0x0000000063031000, 0x000000006308d000,
0x0000000063098000, 0x0000000064b82800, 0x0000000064b64800, 0x0000000064a16000,
0x0000000064b24000, 0x0000000064afe000
}

Java Threads: ( => current thread )
  0x00000000003d2800 JavaThread "main" [_thread_blocked, id=1376, stack(0x00000000024f0000,0x00000000025f0000)]
  0x0000000021e37800 JavaThread "Reference Handler" daemon [_thread_blocked, id=9712, stack(0x0000000063390000,0x0000000063490000)]
  0x0000000021e3d800 JavaThread "Finalizer" daemon [_thread_blocked, id=5808, stack(0x00000000635c0000,0x00000000636c0000)]
  0x0000000063026000 JavaThread "Signal Dispatcher" daemon [_thread_blocked, id=4264, stack(0x0000000063720000,0x0000000063820000)]
  0x0000000063028000 JavaThread "Attach Listener" daemon [_thread_blocked, id=2992, stack(0x0000000063490000,0x0000000063590000)]
  0x0000000063029000 JavaThread "C2 CompilerThread0" daemon [_thread_blocked, id=9244, stack(0x0000000063880000,0x0000000063980000)]
  0x0000000063031000 JavaThread "C2 CompilerThread1" daemon [_thread_blocked, id=4836, stack(0x00000000639f0000,0x0000000063af0000)]
  0x000000006308d000 JavaThread "C1 CompilerThread2" daemon [_thread_blocked, id=2348, stack(0x0000000063b30000,0x0000000063c30000)]
  0x0000000063098000 JavaThread "Sweeper thread" daemon [_thread_blocked, id=9016, stack(0x0000000063c80000,0x0000000063d80000)]
  0x0000000064b82800 JavaThread "JDWP Transport Listener: dt_socket" daemon [_thread_blocked, id=8840, stack(0x0000000064f60000,0x0000000065060000)] _threads_hazard_ptr=0x0000000064b076e0
  0x0000000064b64800 JavaThread "JDWP Event Helper Thread" daemon [_thread_blocked, id=5400, stack(0x00000000650b0000,0x00000000651b0000)]
  0x0000000064a16000 JavaThread "JDWP Command Reader" daemon [_thread_in_native, id=9404, stack(0x00000000651c0000,0x00000000652c0000)]
  0x0000000064b24000 JavaThread "Common-Cleaner" daemon [_thread_blocked, id=6652, stack(0x0000000021e40000,0x0000000021f40000)]
  0x0000000064afe000 JavaThread "Service Thread" daemon [_thread_blocked, id=10504, stack(0x0000000022510000,0x0000000022610000)]

Other Threads:
=>0x0000000021e35800 VMThread "VM Thread" [stack: 0x0000000063250000,0x0000000063350000] [id=5504]
  0x0000000064b0a800 WatcherThread [stack: 0x0000000065300000,0x0000000065400000] [id=5844]
  0x00000000003ed800 GCTaskThread "GC Thread#0" [stack: 0x000000001cb50000,0x000000001cc50000] [id=3732]
  0x00000000003ee800 GCTaskThread "GC Thread#1" [stack: 0x000000001cd10000,0x000000001ce10000] [id=10416]
  0x00000000003f1000 GCTaskThread "GC Thread#2" [stack: 0x000000001cfd0000,0x000000001d0d0000] [id=9872]
  0x00000000003f5000 GCTaskThread "GC Thread#3" [stack: 0x000000001d160000,0x000000001d260000] [id=10776]
  0x000000000042d000 ConcurrentGCThread "G1 Main Marker" [stack: 0x000000001f800000,0x000000001f900000] [id=10232]
  0x000000000042f000 ConcurrentGCThread "G1 Conc#0" [stack: 0x000000001f6b0000,0x000000001f7b0000] [id=1824]
  0x0000000021d53800 ConcurrentGCThread "G1 Refine#0" [stack: 0x0000000021f50000,0x0000000022050000] [id=5408]
  0x0000000021d54000 ConcurrentGCThread "G1 Refine#1" [stack: 0x0000000022140000,0x0000000022240000] [id=5680]
  0x0000000021d57800 ConcurrentGCThread "G1 Refine#2" [stack: 0x00000000222d0000,0x00000000223d0000] [id=7404]
  0x0000000021d5a800 ConcurrentGCThread "G1 Refine#3" [stack: 0x00000000223d0000,0x00000000224d0000] [id=10400]
  0x0000000021d5c000 ConcurrentGCThread "G1 Young RemSet Sampling" [stack: 0x0000000022650000,0x0000000022750000] [id=7840]

Threads with active compile tasks:

VM state:at safepoint (normal execution)

VM Mutex/Monitor currently owned by a thread:  ([mutex/lock_event])
[0x00000000003ceb80] Threads_lock - owner thread: 0x0000000021e35800

Heap address: 0x00000000c8600000, size: 890 MB, Compressed Oops mode: 32-bit
Narrow klass base: 0x0000000000000000, Narrow klass shift: 0
Compressed class space size: 1073741824 Address: 0x0000000022750000

Heap:
 garbage-first heap   total 57344K, used 3072K [0x00000000c8600000, 0x0000000100000000)
  region size 1024K, 4 young (4096K), 0 survivors (0K)
 Metaspace       used 5273K, capacity 5392K, committed 5632K, reserved 1056768K
  class space    used 446K, capacity 496K, committed 512K, reserved 1048576K
Heap Regions: E=young(eden), S=young(survivor), O=old, HS=humongous(starts), HC=humongous(continues), CS=collection set, F=free, A=archive, TS=gc time stamp, AC=allocation context, TAMS=top-at-mark-start (previous, next)
|   0|0x00000000c8600000, 0x00000000c8600000, 0x00000000c8700000|  0%| F|  |TS  0|AC  0|TAMS 0x00000000c8600000, 0x00000000c8600000|
|   1|0x00000000c8700000, 0x00000000c8700000, 0x00000000c8800000|  0%| F|  |TS  0|AC  0|TAMS 0x00000000c8700000, 0x00000000c8700000|
|   2|0x00000000c8800000, 0x00000000c8800000, 0x00000000c8900000|  0%| F|  |TS  0|AC  0|TAMS 0x00000000c8800000, 0x00000000c8800000|
|   3|0x00000000c8900000, 0x00000000c8900000, 0x00000000c8a00000|  0%| F|  |TS  0|AC  0|TAMS 0x00000000c8900000, 0x00000000c8900000|
|   4|0x00000000c8a00000, 0x00000000c8a00000, 0x00000000c8b00000|  0%| F|  |TS  0|AC  0|TAMS 0x00000000c8a00000, 0x00000000c8a00000|
|   5|0x00000000c8b00000, 0x00000000c8b00000, 0x00000000c8c00000|  0%| F|  |TS  0|AC  0|TAMS 0x00000000c8b00000, 0x00000000c8b00000|
|   6|0x00000000c8c00000, 0x00000000c8c00000, 0x00000000c8d00000|  0%| F|  |TS  0|AC  0|TAMS 0x00000000c8c00000, 0x00000000c8c00000|
|   7|0x00000000c8d00000, 0x00000000c8d00000, 0x00000000c8e00000|  0%| F|  |TS  0|AC  0|TAMS 0x00000000c8d00000, 0x00000000c8d00000|
|   8|0x00000000c8e00000, 0x00000000c8e00000, 0x00000000c8f00000|  0%| F|  |TS  0|AC  0|TAMS 0x00000000c8e00000, 0x00000000c8e00000|
|   9|0x00000000c8f00000, 0x00000000c8f00000, 0x00000000c9000000|  0%| F|  |TS  0|AC  0|TAMS 0x00000000c8f00000, 0x00000000c8f00000|
|  10|0x00000000c9000000, 0x00000000c9000000, 0x00000000c9100000|  0%| F|  |TS  0|AC  0|TAMS 0x00000000c9000000, 0x00000000c9000000|
|  11|0x00000000c9100000, 0x00000000c9100000, 0x00000000c9200000|  0%| F|  |TS  0|AC  0|TAMS 0x00000000c9100000, 0x00000000c9100000|
|  12|0x00000000c9200000, 0x00000000c9200000, 0x00000000c9300000|  0%| F|  |TS  0|AC  0|TAMS 0x00000000c9200000, 0x00000000c9200000|
|  13|0x00000000c9300000, 0x00000000c9300000, 0x00000000c9400000|  0%| F|  |TS  0|AC  0|TAMS 0x00000000c9300000, 0x00000000c9300000|
|  14|0x00000000c9400000, 0x00000000c9400000, 0x00000000c9500000|  0%| F|  |TS  0|AC  0|TAMS 0x00000000c9400000, 0x00000000c9400000|
|  15|0x00000000c9500000, 0x00000000c9500000, 0x00000000c9600000|  0%| F|  |TS  0|AC  0|TAMS 0x00000000c9500000, 0x00000000c9500000|
|  16|0x00000000c9600000, 0x00000000c9600000, 0x00000000c9700000|  0%| F|  |TS  0|AC  0|TAMS 0x00000000c9600000, 0x00000000c9600000|
|  17|0x00000000c9700000, 0x00000000c9700000, 0x00000000c9800000|  0%| F|  |TS  0|AC  0|TAMS 0x00000000c9700000, 0x00000000c9700000|
|  18|0x00000000c9800000, 0x00000000c9800000, 0x00000000c9900000|  0%| F|  |TS  0|AC  0|TAMS 0x00000000c9800000, 0x00000000c9800000|
|  19|0x00000000c9900000, 0x00000000c9900000, 0x00000000c9a00000|  0%| F|  |TS  0|AC  0|TAMS 0x00000000c9900000, 0x00000000c9900000|
|  20|0x00000000c9a00000, 0x00000000c9a00000, 0x00000000c9b00000|  0%| F|  |TS  0|AC  0|TAMS 0x00000000c9a00000, 0x00000000c9a00000|
|  21|0x00000000c9b00000, 0x00000000c9b00000, 0x00000000c9c00000|  0%| F|  |TS  0|AC  0|TAMS 0x00000000c9b00000, 0x00000000c9b00000|
|  22|0x00000000c9c00000, 0x00000000c9c00000, 0x00000000c9d00000|  0%| F|  |TS  0|AC  0|TAMS 0x00000000c9c00000, 0x00000000c9c00000|
|  23|0x00000000c9d00000, 0x00000000c9d00000, 0x00000000c9e00000|  0%| F|  |TS  0|AC  0|TAMS 0x00000000c9d00000, 0x00000000c9d00000|
|  24|0x00000000c9e00000, 0x00000000c9e00000, 0x00000000c9f00000|  0%| F|  |TS  0|AC  0|TAMS 0x00000000c9e00000, 0x00000000c9e00000|
|  25|0x00000000c9f00000, 0x00000000c9f00000, 0x00000000ca000000|  0%| F|  |TS  0|AC  0|TAMS 0x00000000c9f00000, 0x00000000c9f00000|
|  26|0x00000000ca000000, 0x00000000ca000000, 0x00000000ca100000|  0%| F|  |TS  0|AC  0|TAMS 0x00000000ca000000, 0x00000000ca000000|
|  27|0x00000000ca100000, 0x00000000ca100000, 0x00000000ca200000|  0%| F|  |TS  0|AC  0|TAMS 0x00000000ca100000, 0x00000000ca100000|
|  28|0x00000000ca200000, 0x00000000ca200000, 0x00000000ca300000|  0%| F|  |TS  0|AC  0|TAMS 0x00000000ca200000, 0x00000000ca200000|
|  29|0x00000000ca300000, 0x00000000ca300000, 0x00000000ca400000|  0%| F|  |TS  0|AC  0|TAMS 0x00000000ca300000, 0x00000000ca300000|
|  30|0x00000000ca400000, 0x00000000ca400000, 0x00000000ca500000|  0%| F|  |TS  0|AC  0|TAMS 0x00000000ca400000, 0x00000000ca400000|
|  31|0x00000000ca500000, 0x00000000ca500000, 0x00000000ca600000|  0%| F|  |TS  0|AC  0|TAMS 0x00000000ca500000, 0x00000000ca500000|
|  32|0x00000000ca600000, 0x00000000ca600000, 0x00000000ca700000|  0%| F|  |TS  0|AC  0|TAMS 0x00000000ca600000, 0x00000000ca600000|
|  33|0x00000000ca700000, 0x00000000ca700000, 0x00000000ca800000|  0%| F|  |TS  0|AC  0|TAMS 0x00000000ca700000, 0x00000000ca700000|
|  34|0x00000000ca800000, 0x00000000ca800000, 0x00000000ca900000|  0%| F|  |TS  0|AC  0|TAMS 0x00000000ca800000, 0x00000000ca800000|
|  35|0x00000000ca900000, 0x00000000ca900000, 0x00000000caa00000|  0%| F|  |TS  0|AC  0|TAMS 0x00000000ca900000, 0x00000000ca900000|
|  36|0x00000000caa00000, 0x00000000caa00000, 0x00000000cab00000|  0%| F|  |TS  0|AC  0|TAMS 0x00000000caa00000, 0x00000000caa00000|
|  37|0x00000000cab00000, 0x00000000cab00000, 0x00000000cac00000|  0%| F|  |TS  0|AC  0|TAMS 0x00000000cab00000, 0x00000000cab00000|
|  38|0x00000000cac00000, 0x00000000cac00000, 0x00000000cad00000|  0%| F|  |TS  0|AC  0|TAMS 0x00000000cac00000, 0x00000000cac00000|
|  39|0x00000000cad00000, 0x00000000cad00000, 0x00000000cae00000|  0%| F|  |TS  0|AC  0|TAMS 0x00000000cad00000, 0x00000000cad00000|
|  40|0x00000000cae00000, 0x00000000cae00000, 0x00000000caf00000|  0%| F|  |TS  0|AC  0|TAMS 0x00000000cae00000, 0x00000000cae00000|
|  41|0x00000000caf00000, 0x00000000caf00000, 0x00000000cb000000|  0%| F|  |TS  0|AC  0|TAMS 0x00000000caf00000, 0x00000000caf00000|
|  42|0x00000000cb000000, 0x00000000cb000000, 0x00000000cb100000|  0%| F|  |TS  0|AC  0|TAMS 0x00000000cb000000, 0x00000000cb000000|
|  43|0x00000000cb100000, 0x00000000cb100000, 0x00000000cb200000|  0%| F|  |TS  0|AC  0|TAMS 0x00000000cb100000, 0x00000000cb100000|
|  44|0x00000000cb200000, 0x00000000cb200000, 0x00000000cb300000|  0%| F|  |TS  0|AC  0|TAMS 0x00000000cb200000, 0x00000000cb200000|
|  45|0x00000000cb300000, 0x00000000cb300000, 0x00000000cb400000|  0%| F|  |TS  0|AC  0|TAMS 0x00000000cb300000, 0x00000000cb300000|
|  46|0x00000000cb400000, 0x00000000cb400000, 0x00000000cb500000|  0%| F|  |TS  0|AC  0|TAMS 0x00000000cb400000, 0x00000000cb400000|
|  47|0x00000000cb500000, 0x00000000cb500000, 0x00000000cb600000|  0%| F|  |TS  0|AC  0|TAMS 0x00000000cb500000, 0x00000000cb500000|
|  48|0x00000000cb600000, 0x00000000cb600000, 0x00000000cb700000|  0%| F|  |TS  0|AC  0|TAMS 0x00000000cb600000, 0x00000000cb600000|
|  49|0x00000000cb700000, 0x00000000cb700000, 0x00000000cb800000|  0%| F|  |TS  0|AC  0|TAMS 0x00000000cb700000, 0x00000000cb700000|
|  50|0x00000000cb800000, 0x00000000cb800000, 0x00000000cb900000|  0%| F|  |TS  0|AC  0|TAMS 0x00000000cb800000, 0x00000000cb800000|
|  51|0x00000000cb900000, 0x00000000cb900000, 0x00000000cba00000|  0%| F|  |TS  0|AC  0|TAMS 0x00000000cb900000, 0x00000000cb900000|
|  52|0x00000000cba00000, 0x00000000cba4b2e8, 0x00000000cbb00000| 29%| E|  |TS  0|AC  0|TAMS 0x00000000cba00000, 0x00000000cba00000|
|  53|0x00000000cbb00000, 0x00000000cbc00000, 0x00000000cbc00000|100%| E|CS|TS  0|AC  0|TAMS 0x00000000cbb00000, 0x00000000cbb00000|
|  54|0x00000000cbc00000, 0x00000000cbd00000, 0x00000000cbd00000|100%| E|CS|TS  0|AC  0|TAMS 0x00000000cbc00000, 0x00000000cbc00000|
|  55|0x00000000cbd00000, 0x00000000cbe00000, 0x00000000cbe00000|100%| E|CS|TS  0|AC  0|TAMS 0x00000000cbd00000, 0x00000000cbd00000|

Card table byte_map: [0x000000001d750000,0x000000001d910000] byte_map_base: 0x000000001d10d000

Marking Bits (Prev, Next): (CMBitMap*) 0x000000000042c950, (CMBitMap*) 0x000000000042c988
 Prev Bits: [0x000000001dad0000, 0x000000001e8b8000)
 Next Bits: [0x000000001e8c0000, 0x000000001f6a8000)

Polling page: 0x00000000000f0000

CodeHeap 'non-profiled nmethods': size=120064Kb used=69Kb max_used=69Kb free=119994Kb
 bounds [0x0000000015520000, 0x0000000015790000, 0x000000001ca60000]
CodeHeap 'profiled nmethods': size=120000Kb used=280Kb max_used=280Kb free=119719Kb
 bounds [0x000000000dff0000, 0x000000000e260000, 0x0000000015520000]
CodeHeap 'non-nmethods': size=5696Kb used=1070Kb max_used=1081Kb free=4625Kb
 bounds [0x000000000da60000, 0x000000000dcd0000, 0x000000000dff0000]
 total_blobs=590 nmethods=216 adapters=211
 compilation: enabled

Compilation events (10 events):
Event: 1.072 Thread 0x000000006308d000 nmethod 212 0x000000000e035090 code [0x000000000e035240, 0x000000000e0353e8]
Event: 1.075 Thread 0x000000006308d000  213       1       java.net.URL::getProtocol (5 bytes)
Event: 1.075 Thread 0x000000006308d000 nmethod 213 0x0000000015530c10 code [0x0000000015530dc0, 0x0000000015530ed0]
Event: 1.078 Thread 0x000000006308d000  214       1       java.lang.Object::<init> (1 bytes)
Event: 1.078 Thread 0x000000006308d000 nmethod 214 0x0000000015530f90 code [0x0000000015531140, 0x0000000015531250]
Event: 1.080 Thread 0x0000000063031000 nmethod 210 0x0000000015531310 code [0x00000000155314a0, 0x0000000015531658]
Event: 1.131 Thread 0x000000006308d000  215       3       java.lang.String::lastIndexOf (29 bytes)
Event: 1.132 Thread 0x000000006308d000 nmethod 215 0x000000000e035490 code [0x000000000e035660, 0x000000000e035958]
Event: 1.149 Thread 0x000000006308d000  216       3       java.lang.StringUTF16::compress (50 bytes)
Event: 1.151 Thread 0x000000006308d000 nmethod 216 0x000000000e035a90 code [0x000000000e035c60, 0x000000000e035ef0]

GC Heap History (0 events):
No events

Deoptimization events (1 events):
Event: 0.817 Thread 0x00000000003d2800 Uncommon trap: reason=unstable_if action=reinterpret pc=0x0000000015523198 method=java.lang.String.hashCode()I @ 14 c2

Classes redefined (10 events):
Event: 299.545 Thread 0x0000000021e35800 redefined class name=A, count=2
Event: 299.546 Thread 0x0000000021e35800 redefined class name=A$TreeNode, count=2
Event: 506.364 Thread 0x0000000021e35800 redefined class name=A, count=3
Event: 506.365 Thread 0x0000000021e35800 redefined class name=A$TreeNode, count=3
Event: 615.110 Thread 0x0000000021e35800 redefined class name=A, count=4
Event: 615.111 Thread 0x0000000021e35800 redefined class name=A$TreeNode, count=4
Event: 715.881 Thread 0x0000000021e35800 redefined class name=A, count=5
Event: 715.882 Thread 0x0000000021e35800 redefined class name=A$TreeNode, count=5
Event: 733.066 Thread 0x0000000021e35800 redefined class name=A, count=6
Event: 733.067 Thread 0x0000000021e35800 redefined class name=A$TreeNode, count=6

Internal exceptions (0 events):
No events

Events (10 events):
Event: 733.073 Executing VM operation: GetOrSetLocal done
Event: 733.180 Executing VM operation: ChangeBreakpoints
Event: 733.180 Executing VM operation: ChangeBreakpoints done
Event: 733.210 Executing VM operation: GetFrameCount
Event: 733.210 Executing VM operation: GetFrameCount done
Event: 733.210 Executing VM operation: GetFrameLocation
Event: 733.210 Executing VM operation: GetFrameLocation done
Event: 733.211 Executing VM operation: GetFrameLocation
Event: 733.211 Executing VM operation: GetFrameLocation done
Event: 733.211 Executing VM operation: GetOrSetLocal


Dynamic libraries:
0x000000013f500000 - 0x000000013f53e000 	C:\Program Files\Java\jdk-10\bin\java.exe
0x00000000778d0000 - 0x0000000077a7a000 	C:\Windows\SYSTEM32\ntdll.dll
0x00000000777b0000 - 0x00000000778cf000 	C:\Windows\system32\kernel32.dll
0x000007fefd910000 - 0x000007fefd97a000 	C:\Windows\system32\KERNELBASE.dll
0x000007fefe340000 - 0x000007fefe41b000 	C:\Windows\system32\ADVAPI32.dll
0x000007fefec30000 - 0x000007fefeccf000 	C:\Windows\system32\msvcrt.dll
0x000007fefeb00000 - 0x000007fefeb1f000 	C:\Windows\SYSTEM32\sechost.dll
0x000007fefe9d0000 - 0x000007fefeafd000 	C:\Windows\system32\RPCRT4.dll
0x00000000776b0000 - 0x00000000777aa000 	C:\Windows\system32\USER32.dll
0x000007fefe600000 - 0x000007fefe667000 	C:\Windows\system32\GDI32.dll
0x000007fefdcf0000 - 0x000007fefdcfe000 	C:\Windows\system32\LPK.dll
0x000007feffb10000 - 0x000007feffbdb000 	C:\Windows\system32\USP10.dll
0x000007fefc090000 - 0x000007fefc284000 	C:\Windows\WinSxS\amd64_microsoft.windows.common-controls_6595b64144ccf1df_6.0.7601.18837_none_fa3b1e3d17594757\COMCTL32.dll
0x000007fefe950000 - 0x000007fefe9c1000 	C:\Windows\system32\SHLWAPI.dll
0x000007fefcf30000 - 0x000007fefcf3c000 	C:\Windows\system32\VERSION.dll
0x000007fefde50000 - 0x000007fefde7e000 	C:\Windows\system32\IMM32.DLL
0x000007fefeb20000 - 0x000007fefec29000 	C:\Windows\system32\MSCTF.dll
0x000007fef2590000 - 0x000007fef267f000 	C:\Program Files\Java\jdk-10\bin\msvcr120.dll
0x000007fef67e0000 - 0x000007fef6886000 	C:\Program Files\Java\jdk-10\bin\msvcp120.dll
0x0000000063e90000 - 0x00000000648ff000 	C:\Program Files\Java\jdk-10\bin\server\jvm.dll
0x000007fefced0000 - 0x000007fefced9000 	C:\Windows\system32\WSOCK32.dll
0x000007fefde00000 - 0x000007fefde4d000 	C:\Windows\system32\WS2_32.dll
0x000007fefed70000 - 0x000007fefed78000 	C:\Windows\system32\NSI.dll
0x000007fef9280000 - 0x000007fef92bb000 	C:\Windows\system32\WINMM.dll
0x0000000077aa0000 - 0x0000000077aa7000 	C:\Windows\system32\PSAPI.DLL
0x000007fefb430000 - 0x000007fefb43f000 	C:\Program Files\Java\jdk-10\bin\verify.dll
0x000007fef2d50000 - 0x000007fef2e75000 	C:\Windows\system32\DBGHELP.DLL
0x000007fef6cf0000 - 0x000007fef6d17000 	C:\Program Files\Java\jdk-10\bin\java.dll
0x000007fef68f0000 - 0x000007fef6926000 	C:\Program Files\Java\jdk-10\bin\jdwp.dll
0x000007fef7a60000 - 0x000007fef7a8a000 	C:\Program Files\Java\jdk-10\bin\instrument.dll
0x000007fef7a90000 - 0x000007fef7aa6000 	C:\Program Files\Java\jdk-10\bin\zip.dll
0x000007fefceb0000 - 0x000007fefceba000 	C:\Program Files\Java\jdk-10\bin\jimage.dll
0x000007fefed80000 - 0x000007feffb0b000 	C:\Windows\system32\SHELL32.dll
0x000007fefe670000 - 0x000007fefe86c000 	C:\Windows\system32\ole32.dll
0x000007fefd5d0000 - 0x000007fefd5df000 	C:\Windows\system32\profapi.dll
0x000007fefb070000 - 0x000007fefb07a000 	C:\Program Files\Java\jdk-10\bin\dt_socket.dll
0x000007fefca60000 - 0x000007fefcab5000 	C:\Windows\system32\mswsock.dll
0x000007fefcf40000 - 0x000007fefcf47000 	C:\Windows\System32\wshtcpip.dll
0x000007fef6cb0000 - 0x000007fef6cca000 	C:\Program Files\Java\jdk-10\bin\net.dll
0x000007fef8580000 - 0x000007fef85f1000 	C:\Windows\system32\WINHTTP.dll
0x000007fef8510000 - 0x000007fef8574000 	C:\Windows\system32\webio.dll
0x000007fefca50000 - 0x000007fefca57000 	C:\Windows\System32\wship6.dll
0x000007fef6cd0000 - 0x000007fef6ce1000 	C:\Program Files\Java\jdk-10\bin\nio.dll

dbghelp: loaded successfully - version: 4.0.5 - missing functions: none
symbol engine: initialized successfully - sym options: 0x614 - pdb path: .;C:\Program Files\Java\jdk-10\bin;C:\Windows\SYSTEM32;C:\Windows\WinSxS\amd64_microsoft.windows.common-controls_6595b64144ccf1df_6.0.7601.18837_none_fa3b1e3d17594757;C:\Program Files\Java\jdk-10\bin\server

VM Arguments:
jvm_args: -agentlib:jdwp=transport=dt_socket,address=127.0.0.1:50325,suspend=y,server=n -javaagent:C:\Users\Administrator\.IdeaIC2018.1\system\captureAgent\debugger-agent.jar=file:/C:/Users/Administrator/AppData/Local/Temp/capture.props -Dfile.encoding=UTF-8 
java_command: A
java_class_path (initial): D:\GitBash\CS61B\skeleton-sp18-master\library-sp18\javalib;D:\LCsolution\257. Binary Tree Paths\out\production\257. Binary Tree Paths;F:\Program Files\IntelliJ\IntelliJ IDEA Community Edition 2018.1.1\lib\idea_rt.jar
Launcher Type: SUN_STANDARD

Logging:
Log output configuration:
#0: stdout all=warning uptime,level,tags
#1: stderr all=off uptime,level,tags

Environment Variables:
JAVA_HOME=C:\Program Files\Java\jdk-10
PATH=C:\ProgramData\Oracle\Java\javapath;C:\Windows\system32;C:\Windows;C:\Windows\System32\Wbem;C:\Windows\System32\WindowsPowerShell\v1.0\;C:\Program Files\Java\jdk-10\bin;G:\0 code\Python\Scripts\;G:\0 code\Python\
USERNAME=Administrator
OS=Windows_NT
PROCESSOR_IDENTIFIER=AMD64 Family 18 Model 1 Stepping 0, AuthenticAMD



---------------  S Y S T E M  ---------------

OS: Windows 7 , 64 bit Build 7601 (6.1.7601.23864)

CPU:total 4 (initial active 4) (4 cores per cpu, 1 threads per core) family 18 model 1 stepping 0, cmov, cx8, fxsr, mmx, sse, sse2, sse3, popcnt, mmxext, 3dnowpref, lzcnt, sse4a, tsc, tscinvbit, tscinv

Memory: 4k page, physical 3643504k(254588k free), swap 9660260k(3636356k free)

vm_info: Java HotSpot(TM) 64-Bit Server VM (10+46) for windows-amd64 JRE (10+46), built on Mar  8 2018 02:11:18 by "mach5one" with MS VC++ 12.0 (VS2013)

END.
