#
# A fatal error has been detected by the Java Runtime Environment:
#
#  Internal Error (t:/workspace/open/src/hotspot/share/oops/generateOopMap.cpp:1632), pid=6728, tid=5520
#  Error: ShouldNotReachHere()
#
# JRE version: Java(TM) SE Runtime Environment (10.0+46) (build 10+46)
# Java VM: Java HotSpot(TM) 64-Bit Server VM (10+46, mixed mode, tiered, compressed oops, g1 gc, windows-amd64)
# No core dump will be written. Minidumps are not enabled by default on client versions of Windows
#
# If you would like to submit a bug report, please visit:
#   http://bugreport.java.com/bugreport/crash.jsp
#

---------------  S U M M A R Y ------------

Command Line: -agentlib:jdwp=transport=dt_socket,address=127.0.0.1:50436,suspend=y,server=n -javaagent:C:\Users\Administrator\AppData\Local\Temp\capture17689jars\debugger-agent.jar=file:/C:/Users/Administrator/AppData/Local/Temp/capture1.props -Dfile.encoding=UTF-8 A

Host: AMD A6-3400M APU with Radeon(tm) HD Graphics, 4 cores, 3G,  Windows 7 , 64 bit Build 7601 (6.1.7601.23864)
Time: Sun Jun 03 01:04:21 2018 ?D1¨²¡À¨º¡Á?¨º¡À?? elapsed time: 575 seconds (0d 0h 9m 35s)

---------------  T H R E A D  ---------------

Current thread (0x0000000021f03800):  VMThread "VM Thread" [stack: 0x00000000231a0000,0x00000000232a0000] [id=5520]

Stack: [0x00000000231a0000,0x00000000232a0000]
[error occurred during error reporting (printing stack bounds), id 0xe0000000]

Native frames: (J=compiled Java code, j=interpreted, Vv=VM code, C=native code)
V  [jvm.dll+0x59fbf9]
V  [jvm.dll+0x6bca11]
V  [jvm.dll+0x6bdc06]
V  [jvm.dll+0x6be1f5]
V  [jvm.dll+0x6be1ab]
V  [jvm.dll+0x59f3f3]
V  [jvm.dll+0x59f7f8]
C  [ntdll.dll+0x2812d]
C  [ntdll.dll+0x1855f]
C  [ntdll.dll+0x4bcb8]
C  0x000000000d9d0ea7

VM_Operation (0x000000002442f4b0): GetOrSetLocal, mode: safepoint, requested by thread 0x0000000023eb3800


---------------  P R O C E S S  ---------------

Threads class SMR info:
_java_thread_list=0x0000000023ef73c0, length=14, elements={
0x0000000000403800, 0x0000000021f07800, 0x0000000021f0a800, 0x0000000023014800,
0x0000000023015800, 0x0000000023016800, 0x000000002301b800, 0x000000002301c000,
0x0000000023020000, 0x0000000023eb3800, 0x0000000023ea9000, 0x0000000023ea9800,
0x0000000023dee800, 0x0000000023eee000
}

Java Threads: ( => current thread )
  0x0000000000403800 JavaThread "main" [_thread_blocked, id=1356, stack(0x0000000002620000,0x0000000002720000)]
  0x0000000021f07800 JavaThread "Reference Handler" daemon [_thread_blocked, id=7100, stack(0x0000000023310000,0x0000000023410000)]
  0x0000000021f0a800 JavaThread "Finalizer" daemon [_thread_blocked, id=5512, stack(0x0000000023410000,0x0000000023510000)]
  0x0000000023014800 JavaThread "Signal Dispatcher" daemon [_thread_blocked, id=5840, stack(0x0000000023530000,0x0000000023630000)]
  0x0000000023015800 JavaThread "Attach Listener" daemon [_thread_blocked, id=5604, stack(0x0000000022500000,0x0000000022600000)]
  0x0000000023016800 JavaThread "C2 CompilerThread0" daemon [_thread_blocked, id=5920, stack(0x0000000023680000,0x0000000023780000)]
  0x000000002301b800 JavaThread "C2 CompilerThread1" daemon [_thread_blocked, id=6904, stack(0x00000000237e0000,0x00000000238e0000)]
  0x000000002301c000 JavaThread "C1 CompilerThread2" daemon [_thread_blocked, id=6972, stack(0x00000000239a0000,0x0000000023aa0000)]
  0x0000000023020000 JavaThread "Sweeper thread" daemon [_thread_blocked, id=7044, stack(0x0000000023b80000,0x0000000023c80000)]
  0x0000000023eb3800 JavaThread "JDWP Transport Listener: dt_socket" daemon [_thread_blocked, id=5468, stack(0x0000000024330000,0x0000000024430000)] _threads_hazard_ptr=0x0000000023ef73c0
  0x0000000023ea9000 JavaThread "JDWP Event Helper Thread" daemon [_thread_blocked, id=4316, stack(0x0000000024520000,0x0000000024620000)]
  0x0000000023ea9800 JavaThread "JDWP Command Reader" daemon [_thread_in_native, id=4296, stack(0x0000000024230000,0x0000000024330000)]
  0x0000000023dee800 JavaThread "Common-Cleaner" daemon [_thread_blocked, id=5128, stack(0x00000000246f0000,0x00000000247f0000)]
  0x0000000023eee000 JavaThread "Service Thread" daemon [_thread_blocked, id=5332, stack(0x00000000249a0000,0x0000000024aa0000)]

Other Threads:
=>0x0000000021f03800 VMThread "VM Thread" [stack: 0x00000000231a0000,0x00000000232a0000] [id=5520]
  0x0000000023efb000 WatcherThread [stack: 0x0000000024ab0000,0x0000000024bb0000] [id=5576]
  0x000000000041d000 GCTaskThread "GC Thread#0" [stack: 0x000000001cd50000,0x000000001ce50000] [id=4204]
  0x000000000041e000 GCTaskThread "GC Thread#1" [stack: 0x000000001cf00000,0x000000001d000000] [id=1280]
  0x000000000041f800 GCTaskThread "GC Thread#2" [stack: 0x000000001cc00000,0x000000001cd00000] [id=4404]
  0x0000000000423000 GCTaskThread "GC Thread#3" [stack: 0x000000001d0e0000,0x000000001d1e0000] [id=2084]
  0x0000000000454800 ConcurrentGCThread "G1 Main Marker" [stack: 0x000000001f890000,0x000000001f990000] [id=5448]
  0x0000000000455800 ConcurrentGCThread "G1 Conc#0" [stack: 0x000000001fb00000,0x000000001fc00000] [id=3384]
  0x0000000000486800 ConcurrentGCThread "G1 Refine#0" [stack: 0x0000000021fa0000,0x00000000220a0000] [id=6892]
  0x0000000000487000 ConcurrentGCThread "G1 Refine#1" [stack: 0x0000000022260000,0x0000000022360000] [id=6016]
  0x000000000048a000 ConcurrentGCThread "G1 Refine#2" [stack: 0x0000000022380000,0x0000000022480000] [id=7096]
  0x000000000048b800 ConcurrentGCThread "G1 Refine#3" [stack: 0x0000000022150000,0x0000000022250000] [id=4824]
  0x000000000048c800 ConcurrentGCThread "G1 Young RemSet Sampling" [stack: 0x0000000022640000,0x0000000022740000] [id=5472]

Threads with active compile tasks:

VM state:at safepoint (normal execution)

VM Mutex/Monitor currently owned by a thread:  ([mutex/lock_event])
[0x00000000003f56f0] Threads_lock - owner thread: 0x0000000021f03800

Heap address: 0x00000000c8600000, size: 890 MB, Compressed Oops mode: 32-bit
Narrow klass base: 0x0000000000000000, Narrow klass shift: 0
Compressed class space size: 1073741824 Address: 0x000000007fff0000

Heap:
 garbage-first heap   total 57344K, used 4096K [0x00000000c8600000, 0x0000000100000000)
  region size 1024K, 5 young (5120K), 0 survivors (0K)
 Metaspace       used 6175K, capacity 6296K, committed 6528K, reserved 1056768K
  class space    used 502K, capacity 544K, committed 640K, reserved 1048576K
Heap Regions: E=young(eden), S=young(survivor), O=old, HS=humongous(starts), HC=humongous(continues), CS=collection set, F=free, A=archive, TS=gc time stamp, AC=allocation context, TAMS=top-at-mark-start (previous, next)
|   0|0x00000000c8600000, 0x00000000c8600000, 0x00000000c8700000|  0%| F|  |TS  0|AC  0|TAMS 0x00000000c8600000, 0x00000000c8600000|
|   1|0x00000000c8700000, 0x00000000c8700000, 0x00000000c8800000|  0%| F|  |TS  0|AC  0|TAMS 0x00000000c8700000, 0x00000000c8700000|
|   2|0x00000000c8800000, 0x00000000c8800000, 0x00000000c8900000|  0%| F|  |TS  0|AC  0|TAMS 0x00000000c8800000, 0x00000000c8800000|
|   3|0x00000000c8900000, 0x00000000c8900000, 0x00000000c8a00000|  0%| F|  |TS  0|AC  0|TAMS 0x00000000c8900000, 0x00000000c8900000|
|   4|0x00000000c8a00000, 0x00000000c8a00000, 0x00000000c8b00000|  0%| F|  |TS  0|AC  0|TAMS 0x00000000c8a00000, 0x00000000c8a00000|
|   5|0x00000000c8b00000, 0x00000000c8b00000, 0x00000000c8c00000|  0%| F|  |TS  0|AC  0|TAMS 0x00000000c8b00000, 0x00000000c8b00000|
|   6|0x00000000c8c00000, 0x00000000c8c00000, 0x00000000c8d00000|  0%| F|  |TS  0|AC  0|TAMS 0x00000000c8c00000, 0x00000000c8c00000|
|   7|0x00000000c8d00000, 0x00000000c8d00000, 0x00000000c8e00000|  0%| F|  |TS  0|AC  0|TAMS 0x00000000c8d00000, 0x00000000c8d00000|
|   8|0x00000000c8e00000, 0x00000000c8e00000, 0x00000000c8f00000|  0%| F|  |TS  0|AC  0|TAMS 0x00000000c8e00000, 0x00000000c8e00000|
|   9|0x00000000c8f00000, 0x00000000c8f00000, 0x00000000c9000000|  0%| F|  |TS  0|AC  0|TAMS 0x00000000c8f00000, 0x00000000c8f00000|
|  10|0x00000000c9000000, 0x00000000c9000000, 0x00000000c9100000|  0%| F|  |TS  0|AC  0|TAMS 0x00000000c9000000, 0x00000000c9000000|
|  11|0x00000000c9100000, 0x00000000c9100000, 0x00000000c9200000|  0%| F|  |TS  0|AC  0|TAMS 0x00000000c9100000, 0x00000000c9100000|
|  12|0x00000000c9200000, 0x00000000c9200000, 0x00000000c9300000|  0%| F|  |TS  0|AC  0|TAMS 0x00000000c9200000, 0x00000000c9200000|
|  13|0x00000000c9300000, 0x00000000c9300000, 0x00000000c9400000|  0%| F|  |TS  0|AC  0|TAMS 0x00000000c9300000, 0x00000000c9300000|
|  14|0x00000000c9400000, 0x00000000c9400000, 0x00000000c9500000|  0%| F|  |TS  0|AC  0|TAMS 0x00000000c9400000, 0x00000000c9400000|
|  15|0x00000000c9500000, 0x00000000c9500000, 0x00000000c9600000|  0%| F|  |TS  0|AC  0|TAMS 0x00000000c9500000, 0x00000000c9500000|
|  16|0x00000000c9600000, 0x00000000c9600000, 0x00000000c9700000|  0%| F|  |TS  0|AC  0|TAMS 0x00000000c9600000, 0x00000000c9600000|
|  17|0x00000000c9700000, 0x00000000c9700000, 0x00000000c9800000|  0%| F|  |TS  0|AC  0|TAMS 0x00000000c9700000, 0x00000000c9700000|
|  18|0x00000000c9800000, 0x00000000c9800000, 0x00000000c9900000|  0%| F|  |TS  0|AC  0|TAMS 0x00000000c9800000, 0x00000000c9800000|
|  19|0x00000000c9900000, 0x00000000c9900000, 0x00000000c9a00000|  0%| F|  |TS  0|AC  0|TAMS 0x00000000c9900000, 0x00000000c9900000|
|  20|0x00000000c9a00000, 0x00000000c9a00000, 0x00000000c9b00000|  0%| F|  |TS  0|AC  0|TAMS 0x00000000c9a00000, 0x00000000c9a00000|
|  21|0x00000000c9b00000, 0x00000000c9b00000, 0x00000000c9c00000|  0%| F|  |TS  0|AC  0|TAMS 0x00000000c9b00000, 0x00000000c9b00000|
|  22|0x00000000c9c00000, 0x00000000c9c00000, 0x00000000c9d00000|  0%| F|  |TS  0|AC  0|TAMS 0x00000000c9c00000, 0x00000000c9c00000|
|  23|0x00000000c9d00000, 0x00000000c9d00000, 0x00000000c9e00000|  0%| F|  |TS  0|AC  0|TAMS 0x00000000c9d00000, 0x00000000c9d00000|
|  24|0x00000000c9e00000, 0x00000000c9e00000, 0x00000000c9f00000|  0%| F|  |TS  0|AC  0|TAMS 0x00000000c9e00000, 0x00000000c9e00000|
|  25|0x00000000c9f00000, 0x00000000c9f00000, 0x00000000ca000000|  0%| F|  |TS  0|AC  0|TAMS 0x00000000c9f00000, 0x00000000c9f00000|
|  26|0x00000000ca000000, 0x00000000ca000000, 0x00000000ca100000|  0%| F|  |TS  0|AC  0|TAMS 0x00000000ca000000, 0x00000000ca000000|
|  27|0x00000000ca100000, 0x00000000ca100000, 0x00000000ca200000|  0%| F|  |TS  0|AC  0|TAMS 0x00000000ca100000, 0x00000000ca100000|
|  28|0x00000000ca200000, 0x00000000ca200000, 0x00000000ca300000|  0%| F|  |TS  0|AC  0|TAMS 0x00000000ca200000, 0x00000000ca200000|
|  29|0x00000000ca300000, 0x00000000ca300000, 0x00000000ca400000|  0%| F|  |TS  0|AC  0|TAMS 0x00000000ca300000, 0x00000000ca300000|
|  30|0x00000000ca400000, 0x00000000ca400000, 0x00000000ca500000|  0%| F|  |TS  0|AC  0|TAMS 0x00000000ca400000, 0x00000000ca400000|
|  31|0x00000000ca500000, 0x00000000ca500000, 0x00000000ca600000|  0%| F|  |TS  0|AC  0|TAMS 0x00000000ca500000, 0x00000000ca500000|
|  32|0x00000000ca600000, 0x00000000ca600000, 0x00000000ca700000|  0%| F|  |TS  0|AC  0|TAMS 0x00000000ca600000, 0x00000000ca600000|
|  33|0x00000000ca700000, 0x00000000ca700000, 0x00000000ca800000|  0%| F|  |TS  0|AC  0|TAMS 0x00000000ca700000, 0x00000000ca700000|
|  34|0x00000000ca800000, 0x00000000ca800000, 0x00000000ca900000|  0%| F|  |TS  0|AC  0|TAMS 0x00000000ca800000, 0x00000000ca800000|
|  35|0x00000000ca900000, 0x00000000ca900000, 0x00000000caa00000|  0%| F|  |TS  0|AC  0|TAMS 0x00000000ca900000, 0x00000000ca900000|
|  36|0x00000000caa00000, 0x00000000caa00000, 0x00000000cab00000|  0%| F|  |TS  0|AC  0|TAMS 0x00000000caa00000, 0x00000000caa00000|
|  37|0x00000000cab00000, 0x00000000cab00000, 0x00000000cac00000|  0%| F|  |TS  0|AC  0|TAMS 0x00000000cab00000, 0x00000000cab00000|
|  38|0x00000000cac00000, 0x00000000cac00000, 0x00000000cad00000|  0%| F|  |TS  0|AC  0|TAMS 0x00000000cac00000, 0x00000000cac00000|
|  39|0x00000000cad00000, 0x00000000cad00000, 0x00000000cae00000|  0%| F|  |TS  0|AC  0|TAMS 0x00000000cad00000, 0x00000000cad00000|
|  40|0x00000000cae00000, 0x00000000cae00000, 0x00000000caf00000|  0%| F|  |TS  0|AC  0|TAMS 0x00000000cae00000, 0x00000000cae00000|
|  41|0x00000000caf00000, 0x00000000caf00000, 0x00000000cb000000|  0%| F|  |TS  0|AC  0|TAMS 0x00000000caf00000, 0x00000000caf00000|
|  42|0x00000000cb000000, 0x00000000cb000000, 0x00000000cb100000|  0%| F|  |TS  0|AC  0|TAMS 0x00000000cb000000, 0x00000000cb000000|
|  43|0x00000000cb100000, 0x00000000cb100000, 0x00000000cb200000|  0%| F|  |TS  0|AC  0|TAMS 0x00000000cb100000, 0x00000000cb100000|
|  44|0x00000000cb200000, 0x00000000cb200000, 0x00000000cb300000|  0%| F|  |TS  0|AC  0|TAMS 0x00000000cb200000, 0x00000000cb200000|
|  45|0x00000000cb300000, 0x00000000cb300000, 0x00000000cb400000|  0%| F|  |TS  0|AC  0|TAMS 0x00000000cb300000, 0x00000000cb300000|
|  46|0x00000000cb400000, 0x00000000cb400000, 0x00000000cb500000|  0%| F|  |TS  0|AC  0|TAMS 0x00000000cb400000, 0x00000000cb400000|
|  47|0x00000000cb500000, 0x00000000cb500000, 0x00000000cb600000|  0%| F|  |TS  0|AC  0|TAMS 0x00000000cb500000, 0x00000000cb500000|
|  48|0x00000000cb600000, 0x00000000cb600000, 0x00000000cb700000|  0%| F|  |TS  0|AC  0|TAMS 0x00000000cb600000, 0x00000000cb600000|
|  49|0x00000000cb700000, 0x00000000cb700000, 0x00000000cb800000|  0%| F|  |TS  0|AC  0|TAMS 0x00000000cb700000, 0x00000000cb700000|
|  50|0x00000000cb800000, 0x00000000cb800000, 0x00000000cb900000|  0%| F|  |TS  0|AC  0|TAMS 0x00000000cb800000, 0x00000000cb800000|
|  51|0x00000000cb900000, 0x00000000cb948308, 0x00000000cba00000| 28%| E|  |TS  0|AC  0|TAMS 0x00000000cb900000, 0x00000000cb900000|
|  52|0x00000000cba00000, 0x00000000cbb00000, 0x00000000cbb00000|100%| E|CS|TS  0|AC  0|TAMS 0x00000000cba00000, 0x00000000cba00000|
|  53|0x00000000cbb00000, 0x00000000cbc00000, 0x00000000cbc00000|100%| E|CS|TS  0|AC  0|TAMS 0x00000000cbb00000, 0x00000000cbb00000|
|  54|0x00000000cbc00000, 0x00000000cbd00000, 0x00000000cbd00000|100%| E|CS|TS  0|AC  0|TAMS 0x00000000cbc00000, 0x00000000cbc00000|
|  55|0x00000000cbd00000, 0x00000000cbe00000, 0x00000000cbe00000|100%| E|CS|TS  0|AC  0|TAMS 0x00000000cbd00000, 0x00000000cbd00000|

Card table byte_map: [0x000000001d7e0000,0x000000001d9a0000] byte_map_base: 0x000000001d19d000

Marking Bits (Prev, Next): (CMBitMap*) 0x0000000000453b30, (CMBitMap*) 0x0000000000453b68
 Prev Bits: [0x000000001db60000, 0x000000001e948000)
 Next Bits: [0x000000001e950000, 0x000000001f738000)

Polling page: 0x00000000000f0000

CodeHeap 'non-profiled nmethods': size=120064Kb used=114Kb max_used=114Kb free=119950Kb
 bounds [0x0000000015490000, 0x0000000015700000, 0x000000001c9d0000]
CodeHeap 'profiled nmethods': size=120000Kb used=431Kb max_used=431Kb free=119569Kb
 bounds [0x000000000df60000, 0x000000000e1d0000, 0x0000000015490000]
CodeHeap 'non-nmethods': size=5696Kb used=1096Kb max_used=1107Kb free=4599Kb
 bounds [0x000000000d9d0000, 0x000000000dc40000, 0x000000000df60000]
 total_blobs=750 nmethods=335 adapters=254
 compilation: enabled

Compilation events (10 events):
Event: 1.121 Thread 0x000000002301c000  319       3       jdk.internal.org.objectweb.asm.ClassWriter::newUTF8 (70 bytes)
Event: 1.121 Thread 0x000000002301c000 nmethod 319 0x000000000dfcac10 code [0x000000000dfcae20, 0x000000000dfcb1f8]
Event: 1.121 Thread 0x000000002301c000  331       1       java.nio.Buffer::position (5 bytes)
Event: 1.122 Thread 0x000000002301c000 nmethod 331 0x00000000154abd90 code [0x00000000154abf40, 0x00000000154ac050]
Event: 1.122 Thread 0x000000002301c000  325       3       java.lang.invoke.LambdaForm::internArgument (84 bytes)
Event: 1.122 Thread 0x000000002301c000 nmethod 325 0x000000000dfcb410 code [0x000000000dfcb600, 0x000000000dfcba08]
Event: 1.122 Thread 0x000000002301c000  333       1       java.lang.invoke.MethodTypeForm::basicType (5 bytes)
Event: 1.122 Thread 0x000000002301c000 nmethod 333 0x00000000154ac110 code [0x00000000154ac2c0, 0x00000000154ac3d0]
Event: 1.122 Thread 0x000000002301c000  335       1       java.nio.Buffer::limit (5 bytes)
Event: 1.123 Thread 0x000000002301c000 nmethod 335 0x00000000154ac490 code [0x00000000154ac640, 0x00000000154ac750]

GC Heap History (0 events):
No events

Deoptimization events (1 events):
Event: 0.797 Thread 0x0000000000403800 Uncommon trap: reason=unstable_if action=reinterpret pc=0x0000000015493118 method=java.lang.String.hashCode()I @ 14 c2

Classes redefined (3 events):
Event: 156.138 Thread 0x0000000021f03800 redefined class name=A, count=1
Event: 232.573 Thread 0x0000000021f03800 redefined class name=A, count=2
Event: 575.874 Thread 0x0000000021f03800 redefined class name=A, count=3

Internal exceptions (0 events):
No events

Events (10 events):
Event: 575.983 Executing VM operation: GetFrameLocation done
Event: 575.983 Executing VM operation: GetOrSetLocal
Event: 575.983 Executing VM operation: GetOrSetLocal done
Event: 575.988 Executing VM operation: GetFrameCount
Event: 575.988 Executing VM operation: GetFrameCount done
Event: 575.988 Executing VM operation: GetFrameLocation
Event: 575.988 Executing VM operation: GetFrameLocation done
Event: 575.989 Executing VM operation: GetFrameLocation
Event: 575.990 Executing VM operation: GetFrameLocation done
Event: 575.990 Executing VM operation: GetOrSetLocal


Dynamic libraries:
0x000000013f6d0000 - 0x000000013f70e000 	C:\Program Files\Java\jdk-10\bin\java.exe
0x0000000077bb0000 - 0x0000000077d5a000 	C:\Windows\SYSTEM32\ntdll.dll
0x0000000077a90000 - 0x0000000077baf000 	C:\Windows\system32\kernel32.dll
0x000007fefdaa0000 - 0x000007fefdb0a000 	C:\Windows\system32\KERNELBASE.dll
0x000007fefe130000 - 0x000007fefe20b000 	C:\Windows\system32\ADVAPI32.dll
0x000007fefeb90000 - 0x000007fefec2f000 	C:\Windows\system32\msvcrt.dll
0x000007feffa60000 - 0x000007feffa7f000 	C:\Windows\SYSTEM32\sechost.dll
0x000007fefe6f0000 - 0x000007fefe81d000 	C:\Windows\system32\RPCRT4.dll
0x0000000077990000 - 0x0000000077a8a000 	C:\Windows\system32\USER32.dll
0x000007fefe210000 - 0x000007fefe277000 	C:\Windows\system32\GDI32.dll
0x000007fefdc60000 - 0x000007fefdc6e000 	C:\Windows\system32\LPK.dll
0x000007fefe620000 - 0x000007fefe6eb000 	C:\Windows\system32\USP10.dll
0x000007fefc370000 - 0x000007fefc564000 	C:\Windows\WinSxS\amd64_microsoft.windows.common-controls_6595b64144ccf1df_6.0.7601.18837_none_fa3b1e3d17594757\COMCTL32.dll
0x000007fefe0b0000 - 0x000007fefe121000 	C:\Windows\system32\SHLWAPI.dll
0x000007fefd200000 - 0x000007fefd20c000 	C:\Windows\system32\VERSION.dll
0x000007fefe5f0000 - 0x000007fefe61e000 	C:\Windows\system32\IMM32.DLL
0x000007fefdfa0000 - 0x000007fefe0a9000 	C:\Windows\system32\MSCTF.dll
0x000007fef83f0000 - 0x000007fef84df000 	C:\Program Files\Java\jdk-10\bin\msvcr120.dll
0x000007fef8230000 - 0x000007fef82d6000 	C:\Program Files\Java\jdk-10\bin\msvcp120.dll
0x000000005c180000 - 0x000000005cbef000 	C:\Program Files\Java\jdk-10\bin\server\jvm.dll
0x000007fef6b80000 - 0x000007fef6b89000 	C:\Windows\system32\WSOCK32.dll
0x000007feffbc0000 - 0x000007feffc0d000 	C:\Windows\system32\WS2_32.dll
0x000007feffeb0000 - 0x000007feffeb8000 	C:\Windows\system32\NSI.dll
0x000007fef9250000 - 0x000007fef928b000 	C:\Windows\system32\WINMM.dll
0x0000000077d70000 - 0x0000000077d77000 	C:\Windows\system32\PSAPI.DLL
0x000007fefd1a0000 - 0x000007fefd1af000 	C:\Program Files\Java\jdk-10\bin\verify.dll
0x000007fef3110000 - 0x000007fef3235000 	C:\Windows\system32\DBGHELP.DLL
0x000007fef8200000 - 0x000007fef8227000 	C:\Program Files\Java\jdk-10\bin\java.dll
0x000007fef81c0000 - 0x000007fef81f6000 	C:\Program Files\Java\jdk-10\bin\jdwp.dll
0x000007fef8190000 - 0x000007fef81ba000 	C:\Program Files\Java\jdk-10\bin\instrument.dll
0x000007fefd180000 - 0x000007fefd196000 	C:\Program Files\Java\jdk-10\bin\zip.dll
0x000007fefb710000 - 0x000007fefb71a000 	C:\Program Files\Java\jdk-10\bin\jimage.dll
0x000007fefecb0000 - 0x000007feffa3b000 	C:\Windows\system32\SHELL32.dll
0x000007feffcb0000 - 0x000007feffeac000 	C:\Windows\system32\ole32.dll
0x000007fefd8b0000 - 0x000007fefd8bf000 	C:\Windows\system32\profapi.dll
0x000007fef9c00000 - 0x000007fef9c0a000 	C:\Program Files\Java\jdk-10\bin\dt_socket.dll
0x000007fefcd40000 - 0x000007fefcd95000 	C:\Windows\system32\mswsock.dll
0x000007fefd210000 - 0x000007fefd217000 	C:\Windows\System32\wshtcpip.dll
0x000007fef8170000 - 0x000007fef818a000 	C:\Program Files\Java\jdk-10\bin\net.dll
0x000007fef8890000 - 0x000007fef8901000 	C:\Windows\system32\WINHTTP.dll
0x000007fef8800000 - 0x000007fef8864000 	C:\Windows\system32\webio.dll
0x000007fefcd30000 - 0x000007fefcd37000 	C:\Windows\System32\wship6.dll
0x000007fef8150000 - 0x000007fef8161000 	C:\Program Files\Java\jdk-10\bin\nio.dll

dbghelp: loaded successfully - version: 4.0.5 - missing functions: none
symbol engine: initialized successfully - sym options: 0x614 - pdb path: .;C:\Program Files\Java\jdk-10\bin;C:\Windows\SYSTEM32;C:\Windows\WinSxS\amd64_microsoft.windows.common-controls_6595b64144ccf1df_6.0.7601.18837_none_fa3b1e3d17594757;C:\Program Files\Java\jdk-10\bin\server

VM Arguments:
jvm_args: -agentlib:jdwp=transport=dt_socket,address=127.0.0.1:50436,suspend=y,server=n -javaagent:C:\Users\Administrator\AppData\Local\Temp\capture17689jars\debugger-agent.jar=file:/C:/Users/Administrator/AppData/Local/Temp/capture1.props -Dfile.encoding=UTF-8 
java_command: A
java_class_path (initial): D:\GitBash\CS61B\skeleton-sp18-master\library-sp18\javalib;D:\LCsolution\161. One Edit Distance\out\production\161. One Edit Distance;F:\Program Files\IntelliJ\IntelliJ IDEA Community Edition 2018.1.1\lib\idea_rt.jar
Launcher Type: SUN_STANDARD

Logging:
Log output configuration:
#0: stdout all=warning uptime,level,tags
#1: stderr all=off uptime,level,tags

Environment Variables:
JAVA_HOME=C:\Program Files\Java\jdk-10
PATH=C:\ProgramData\Oracle\Java\javapath;C:\Windows\system32;C:\Windows;C:\Windows\System32\Wbem;C:\Windows\System32\WindowsPowerShell\v1.0\;C:\Program Files\Java\jdk-10\bin;G:\0 code\Python\Scripts\;G:\0 code\Python\;C:\Users\Administrator\AppData\Local\GitHubDesktop\bin
USERNAME=Administrator
OS=Windows_NT
PROCESSOR_IDENTIFIER=AMD64 Family 18 Model 1 Stepping 0, AuthenticAMD



---------------  S Y S T E M  ---------------

OS: Windows 7 , 64 bit Build 7601 (6.1.7601.23864)

CPU:total 4 (initial active 4) (4 cores per cpu, 1 threads per core) family 18 model 1 stepping 0, cmov, cx8, fxsr, mmx, sse, sse2, sse3, popcnt, mmxext, 3dnowpref, lzcnt, sse4a, tsc, tscinvbit, tscinv

Memory: 4k page, physical 3643504k(1005576k free), swap 7285148k(2667696k free)

vm_info: Java HotSpot(TM) 64-Bit Server VM (10+46) for windows-amd64 JRE (10+46), built on Mar  8 2018 02:11:18 by "mach5one" with MS VC++ 12.0 (VS2013)

END.
