#
# A fatal error has been detected by the Java Runtime Environment:
#
#  EXCEPTION_ACCESS_VIOLATION (0xc0000005) at pc=0x000000006a803eb2, pid=6128, tid=4432
#
# JRE version: Java(TM) SE Runtime Environment (10.0+46) (build 10+46)
# Java VM: Java HotSpot(TM) 64-Bit Server VM (10+46, mixed mode, tiered, compressed oops, g1 gc, windows-amd64)
# Problematic frame:
# V  [jvm.dll+0x473eb2]
#
# No core dump will be written. Minidumps are not enabled by default on client versions of Windows
#
# If you would like to submit a bug report, please visit:
#   http://bugreport.java.com/bugreport/crash.jsp
#

---------------  S U M M A R Y ------------

Command Line: -agentlib:jdwp=transport=dt_socket,address=127.0.0.1:50167,suspend=y,server=n -javaagent:C:\Users\Administrator\AppData\Local\Temp\capture18014jars\debugger-agent.jar=file:/C:/Users/Administrator/AppData/Local/Temp/capture1.props -Dfile.encoding=UTF-8 A

Host: AMD A6-3400M APU with Radeon(tm) HD Graphics, 4 cores, 3G,  Windows 7 , 64 bit Build 7601 (6.1.7601.23864)
Time: Sun Jun 03 00:43:52 2018 ?D1¨²¡À¨º¡Á?¨º¡À?? elapsed time: 998 seconds (0d 0h 16m 38s)

---------------  T H R E A D  ---------------

Current thread (0x0000000002759800):  VMThread "VM Thread" [stack: 0x0000000062fa0000,0x00000000630a0000] [id=4432]

Stack: [0x0000000062fa0000,0x00000000630a0000],  sp=0x000000006309f690,  free space=1021k
Native frames: (J=compiled Java code, j=interpreted, Vv=VM code, C=native code)
V  [jvm.dll+0x473eb2]
V  [jvm.dll+0x473877]
V  [jvm.dll+0x6c42dc]
V  [jvm.dll+0x6c2a45]
V  [jvm.dll+0x6c3250]
V  [jvm.dll+0x6c358c]
V  [jvm.dll+0x59ef10]
C  [msvcr120.dll+0x24f7f]
C  [msvcr120.dll+0x25126]
C  [kernel32.dll+0x159cd]
C  [ntdll.dll+0x2a561]


siginfo: EXCEPTION_ACCESS_VIOLATION (0xc0000005), reading address 0xffffffffffffffff


Register to memory mapping:

RIP=0x000000006a803eb2 jvm.dll
RAX=0x0000ca00629839d8 is an unknown value
RBX=0x0000000000000008 is an unknown value
RCX=0x000000000000001e is an unknown value
RDX=0x0000000000000003 is an unknown value
RSP=0x000000006309f690 is an unknown value
RBP=0x0000000062d65400 is an unknown value
RSI={method} {0x0000000062983a90} 
[error occurred during error reporting (printing register info), id 0xc0000005]

Registers:
RAX=0x0000ca00629839d8, RBX=0x0000000000000008, RCX=0x000000000000001e, RDX=0x0000000000000003
RSP=0x000000006309f690, RBP=0x0000000062d65400, RSI=0x0000000062983a88, RDI=0x0000000063e70d90
R8 =0x0000000062983578, R9 =0x0000000062983170, R10=0x00000000026bc370, R11=0x0000000002689420
R12=0x000000006309f740, R13=0x00000000026ce330, R14=0x0000000062d657d8, R15=0x000000002255bca0
RIP=0x000000006a803eb2, EFLAGS=0x0000000000010202

Top of Stack: (sp=0x000000006309f690)
0x000000006309f690:   00000000643ef3c0 0000000063e70d90
0x000000006309f6a0:   000000006309f740 0000000063e70d90
0x000000006309f6b0:   0000000063dede60 00000000026bc370
0x000000006309f6c0:   0000000002689420 0000000000000000
0x000000006309f6d0:   0000000000000000 0000000062d657d8
0x000000006309f6e0:   0000000063e70d90 00000000643ef3c0
0x000000006309f6f0:   0000000062d65400 00000000000003d8
0x000000006309f700:   000000006ad65850 000000006ab0d698
0x000000006309f710:   00000000643ef430 000000006a803877
0x000000006309f720:   00000000643ef430 000000006309f740
0x000000006309f730:   00000000643ef3c0 0000000063e70d90
0x000000006309f740:   000000006a8e9120 0000000000000000
0x000000006309f750:   0000000062d653f0 000000006aa542dc
0x000000006309f760:   000000000271dca0 0000000002759800
0x000000006309f770:   0000000000000000 000000006ab76a50
0x000000006309f780:   0000000000000000 0000434c0000000e 

Instructions: (pc=0x000000006a803eb2)
0x000000006a803e92:   00 00 4c 8d 42 01 4e 8d 04 c1 0f 1f 40 00 49 8b
0x000000006a803ea2:   30 0f b6 46 2a c0 e8 05 a8 01 74 1e 48 8b 46 08
0x000000006a803eb2:   4c 8b 48 08 0f b7 48 2a 4d 39 6c c9 40 75 0b 0f
0x000000006a803ec2:   b7 48 2c 4d 39 54 c9 40 74 0e 49 83 e8 08 48 ff 


VM_Operation (0x00000000643ef3c0): ChangeBreakpoints, mode: safepoint, requested by thread 0x0000000063dff000


---------------  P R O C E S S  ---------------

Threads class SMR info:
_java_thread_list=0x0000000063f4b2c0, length=14, elements={
0x00000000003b3800, 0x000000000275d800, 0x0000000002760800, 0x0000000062dca000,
0x0000000062dcb000, 0x0000000062dcc000, 0x0000000062dd4000, 0x0000000062e35000,
0x0000000062e40000, 0x0000000063dff000, 0x0000000063f07800, 0x0000000063f08800,
0x0000000063f04800, 0x0000000063f4b800
}

Java Threads: ( => current thread )
  0x00000000003b3800 JavaThread "main" [_thread_blocked, id=4736, stack(0x0000000002280000,0x0000000002380000)]
  0x000000000275d800 JavaThread "Reference Handler" daemon [_thread_blocked, id=7108, stack(0x0000000063260000,0x0000000063360000)]
  0x0000000002760800 JavaThread "Finalizer" daemon [_thread_blocked, id=6864, stack(0x0000000063380000,0x0000000063480000)]
  0x0000000062dca000 JavaThread "Signal Dispatcher" daemon [_thread_blocked, id=6880, stack(0x00000000630e0000,0x00000000631e0000)]
  0x0000000062dcb000 JavaThread "Attach Listener" daemon [_thread_blocked, id=6824, stack(0x00000000634c0000,0x00000000635c0000)]
  0x0000000062dcc000 JavaThread "C2 CompilerThread0" daemon [_thread_blocked, id=6812, stack(0x00000000636d0000,0x00000000637d0000)]
  0x0000000062dd4000 JavaThread "C2 CompilerThread1" daemon [_thread_blocked, id=6808, stack(0x0000000063830000,0x0000000063930000)]
  0x0000000062e35000 JavaThread "C1 CompilerThread2" daemon [_thread_blocked, id=6884, stack(0x0000000063930000,0x0000000063a30000)]
  0x0000000062e40000 JavaThread "Sweeper thread" daemon [_thread_blocked, id=6860, stack(0x0000000063ae0000,0x0000000063be0000)]
  0x0000000063dff000 JavaThread "JDWP Transport Listener: dt_socket" daemon [_thread_blocked, id=6852, stack(0x00000000642f0000,0x00000000643f0000)]
  0x0000000063f07800 JavaThread "JDWP Event Helper Thread" daemon [_thread_blocked, id=6972, stack(0x0000000063fe0000,0x00000000640e0000)]
  0x0000000063f08800 JavaThread "JDWP Command Reader" daemon [_thread_in_native, id=6960, stack(0x0000000064560000,0x0000000064660000)]
  0x0000000063f04800 JavaThread "Common-Cleaner" daemon [_thread_blocked, id=7016, stack(0x0000000064460000,0x0000000064560000)]
  0x0000000063f4b800 JavaThread "Service Thread" daemon [_thread_blocked, id=7024, stack(0x00000000635d0000,0x00000000636d0000)]

Other Threads:
=>0x0000000002759800 VMThread "VM Thread" [stack: 0x0000000062fa0000,0x00000000630a0000] [id=4432]
  0x0000000063dea000 WatcherThread [stack: 0x0000000064fb0000,0x00000000650b0000] [id=7032]
  0x00000000003cd000 GCTaskThread "GC Thread#0" [stack: 0x000000001ccd0000,0x000000001cdd0000] [id=6308]
  0x00000000003ce000 GCTaskThread "GC Thread#1" [stack: 0x0000000002770000,0x0000000002870000] [id=5972]
  0x00000000003d0800 GCTaskThread "GC Thread#2" [stack: 0x000000001ce50000,0x000000001cf50000] [id=6276]
  0x00000000003d3800 GCTaskThread "GC Thread#3" [stack: 0x000000001d040000,0x000000001d140000] [id=4316]
  0x0000000000405800 ConcurrentGCThread "G1 Main Marker" [stack: 0x000000001f790000,0x000000001f890000] [id=6004]
  0x0000000000407000 ConcurrentGCThread "G1 Conc#0" [stack: 0x000000001f890000,0x000000001f990000] [id=3552]
  0x0000000002680800 ConcurrentGCThread "G1 Refine#0" [stack: 0x0000000021f30000,0x0000000022030000] [id=7044]
  0x0000000000439000 ConcurrentGCThread "G1 Refine#1" [stack: 0x00000000220e0000,0x00000000221e0000] [id=6456]
  0x000000000043c000 ConcurrentGCThread "G1 Refine#2" [stack: 0x00000000222a0000,0x00000000223a0000] [id=3020]
  0x000000000043e000 ConcurrentGCThread "G1 Refine#3" [stack: 0x00000000223f0000,0x00000000224f0000] [id=2452]
  0x000000000043f000 ConcurrentGCThread "G1 Young RemSet Sampling" [stack: 0x0000000021e20000,0x0000000021f20000] [id=6820]

Threads with active compile tasks:

VM state:at safepoint (normal execution)

VM Mutex/Monitor currently owned by a thread:  ([mutex/lock_event])
[0x00000000003a56f0] Threads_lock - owner thread: 0x0000000002759800

Heap address: 0x00000000c8600000, size: 890 MB, Compressed Oops mode: 32-bit
Narrow klass base: 0x0000000000000000, Narrow klass shift: 0
Compressed class space size: 1073741824 Address: 0x00000000224f0000

Heap:
 garbage-first heap   total 57344K, used 3072K [0x00000000c8600000, 0x0000000100000000)
  region size 1024K, 4 young (4096K), 0 survivors (0K)
 Metaspace       used 6191K, capacity 6296K, committed 6528K, reserved 1056768K
  class space    used 504K, capacity 544K, committed 640K, reserved 1048576K
Heap Regions: E=young(eden), S=young(survivor), O=old, HS=humongous(starts), HC=humongous(continues), CS=collection set, F=free, A=archive, TS=gc time stamp, AC=allocation context, TAMS=top-at-mark-start (previous, next)
|   0|0x00000000c8600000, 0x00000000c8600000, 0x00000000c8700000|  0%| F|  |TS  0|AC  0|TAMS 0x00000000c8600000, 0x00000000c8600000|
|   1|0x00000000c8700000, 0x00000000c8700000, 0x00000000c8800000|  0%| F|  |TS  0|AC  0|TAMS 0x00000000c8700000, 0x00000000c8700000|
|   2|0x00000000c8800000, 0x00000000c8800000, 0x00000000c8900000|  0%| F|  |TS  0|AC  0|TAMS 0x00000000c8800000, 0x00000000c8800000|
|   3|0x00000000c8900000, 0x00000000c8900000, 0x00000000c8a00000|  0%| F|  |TS  0|AC  0|TAMS 0x00000000c8900000, 0x00000000c8900000|
|   4|0x00000000c8a00000, 0x00000000c8a00000, 0x00000000c8b00000|  0%| F|  |TS  0|AC  0|TAMS 0x00000000c8a00000, 0x00000000c8a00000|
|   5|0x00000000c8b00000, 0x00000000c8b00000, 0x00000000c8c00000|  0%| F|  |TS  0|AC  0|TAMS 0x00000000c8b00000, 0x00000000c8b00000|
|   6|0x00000000c8c00000, 0x00000000c8c00000, 0x00000000c8d00000|  0%| F|  |TS  0|AC  0|TAMS 0x00000000c8c00000, 0x00000000c8c00000|
|   7|0x00000000c8d00000, 0x00000000c8d00000, 0x00000000c8e00000|  0%| F|  |TS  0|AC  0|TAMS 0x00000000c8d00000, 0x00000000c8d00000|
|   8|0x00000000c8e00000, 0x00000000c8e00000, 0x00000000c8f00000|  0%| F|  |TS  0|AC  0|TAMS 0x00000000c8e00000, 0x00000000c8e00000|
|   9|0x00000000c8f00000, 0x00000000c8f00000, 0x00000000c9000000|  0%| F|  |TS  0|AC  0|TAMS 0x00000000c8f00000, 0x00000000c8f00000|
|  10|0x00000000c9000000, 0x00000000c9000000, 0x00000000c9100000|  0%| F|  |TS  0|AC  0|TAMS 0x00000000c9000000, 0x00000000c9000000|
|  11|0x00000000c9100000, 0x00000000c9100000, 0x00000000c9200000|  0%| F|  |TS  0|AC  0|TAMS 0x00000000c9100000, 0x00000000c9100000|
|  12|0x00000000c9200000, 0x00000000c9200000, 0x00000000c9300000|  0%| F|  |TS  0|AC  0|TAMS 0x00000000c9200000, 0x00000000c9200000|
|  13|0x00000000c9300000, 0x00000000c9300000, 0x00000000c9400000|  0%| F|  |TS  0|AC  0|TAMS 0x00000000c9300000, 0x00000000c9300000|
|  14|0x00000000c9400000, 0x00000000c9400000, 0x00000000c9500000|  0%| F|  |TS  0|AC  0|TAMS 0x00000000c9400000, 0x00000000c9400000|
|  15|0x00000000c9500000, 0x00000000c9500000, 0x00000000c9600000|  0%| F|  |TS  0|AC  0|TAMS 0x00000000c9500000, 0x00000000c9500000|
|  16|0x00000000c9600000, 0x00000000c9600000, 0x00000000c9700000|  0%| F|  |TS  0|AC  0|TAMS 0x00000000c9600000, 0x00000000c9600000|
|  17|0x00000000c9700000, 0x00000000c9700000, 0x00000000c9800000|  0%| F|  |TS  0|AC  0|TAMS 0x00000000c9700000, 0x00000000c9700000|
|  18|0x00000000c9800000, 0x00000000c9800000, 0x00000000c9900000|  0%| F|  |TS  0|AC  0|TAMS 0x00000000c9800000, 0x00000000c9800000|
|  19|0x00000000c9900000, 0x00000000c9900000, 0x00000000c9a00000|  0%| F|  |TS  0|AC  0|TAMS 0x00000000c9900000, 0x00000000c9900000|
|  20|0x00000000c9a00000, 0x00000000c9a00000, 0x00000000c9b00000|  0%| F|  |TS  0|AC  0|TAMS 0x00000000c9a00000, 0x00000000c9a00000|
|  21|0x00000000c9b00000, 0x00000000c9b00000, 0x00000000c9c00000|  0%| F|  |TS  0|AC  0|TAMS 0x00000000c9b00000, 0x00000000c9b00000|
|  22|0x00000000c9c00000, 0x00000000c9c00000, 0x00000000c9d00000|  0%| F|  |TS  0|AC  0|TAMS 0x00000000c9c00000, 0x00000000c9c00000|
|  23|0x00000000c9d00000, 0x00000000c9d00000, 0x00000000c9e00000|  0%| F|  |TS  0|AC  0|TAMS 0x00000000c9d00000, 0x00000000c9d00000|
|  24|0x00000000c9e00000, 0x00000000c9e00000, 0x00000000c9f00000|  0%| F|  |TS  0|AC  0|TAMS 0x00000000c9e00000, 0x00000000c9e00000|
|  25|0x00000000c9f00000, 0x00000000c9f00000, 0x00000000ca000000|  0%| F|  |TS  0|AC  0|TAMS 0x00000000c9f00000, 0x00000000c9f00000|
|  26|0x00000000ca000000, 0x00000000ca000000, 0x00000000ca100000|  0%| F|  |TS  0|AC  0|TAMS 0x00000000ca000000, 0x00000000ca000000|
|  27|0x00000000ca100000, 0x00000000ca100000, 0x00000000ca200000|  0%| F|  |TS  0|AC  0|TAMS 0x00000000ca100000, 0x00000000ca100000|
|  28|0x00000000ca200000, 0x00000000ca200000, 0x00000000ca300000|  0%| F|  |TS  0|AC  0|TAMS 0x00000000ca200000, 0x00000000ca200000|
|  29|0x00000000ca300000, 0x00000000ca300000, 0x00000000ca400000|  0%| F|  |TS  0|AC  0|TAMS 0x00000000ca300000, 0x00000000ca300000|
|  30|0x00000000ca400000, 0x00000000ca400000, 0x00000000ca500000|  0%| F|  |TS  0|AC  0|TAMS 0x00000000ca400000, 0x00000000ca400000|
|  31|0x00000000ca500000, 0x00000000ca500000, 0x00000000ca600000|  0%| F|  |TS  0|AC  0|TAMS 0x00000000ca500000, 0x00000000ca500000|
|  32|0x00000000ca600000, 0x00000000ca600000, 0x00000000ca700000|  0%| F|  |TS  0|AC  0|TAMS 0x00000000ca600000, 0x00000000ca600000|
|  33|0x00000000ca700000, 0x00000000ca700000, 0x00000000ca800000|  0%| F|  |TS  0|AC  0|TAMS 0x00000000ca700000, 0x00000000ca700000|
|  34|0x00000000ca800000, 0x00000000ca800000, 0x00000000ca900000|  0%| F|  |TS  0|AC  0|TAMS 0x00000000ca800000, 0x00000000ca800000|
|  35|0x00000000ca900000, 0x00000000ca900000, 0x00000000caa00000|  0%| F|  |TS  0|AC  0|TAMS 0x00000000ca900000, 0x00000000ca900000|
|  36|0x00000000caa00000, 0x00000000caa00000, 0x00000000cab00000|  0%| F|  |TS  0|AC  0|TAMS 0x00000000caa00000, 0x00000000caa00000|
|  37|0x00000000cab00000, 0x00000000cab00000, 0x00000000cac00000|  0%| F|  |TS  0|AC  0|TAMS 0x00000000cab00000, 0x00000000cab00000|
|  38|0x00000000cac00000, 0x00000000cac00000, 0x00000000cad00000|  0%| F|  |TS  0|AC  0|TAMS 0x00000000cac00000, 0x00000000cac00000|
|  39|0x00000000cad00000, 0x00000000cad00000, 0x00000000cae00000|  0%| F|  |TS  0|AC  0|TAMS 0x00000000cad00000, 0x00000000cad00000|
|  40|0x00000000cae00000, 0x00000000cae00000, 0x00000000caf00000|  0%| F|  |TS  0|AC  0|TAMS 0x00000000cae00000, 0x00000000cae00000|
|  41|0x00000000caf00000, 0x00000000caf00000, 0x00000000cb000000|  0%| F|  |TS  0|AC  0|TAMS 0x00000000caf00000, 0x00000000caf00000|
|  42|0x00000000cb000000, 0x00000000cb000000, 0x00000000cb100000|  0%| F|  |TS  0|AC  0|TAMS 0x00000000cb000000, 0x00000000cb000000|
|  43|0x00000000cb100000, 0x00000000cb100000, 0x00000000cb200000|  0%| F|  |TS  0|AC  0|TAMS 0x00000000cb100000, 0x00000000cb100000|
|  44|0x00000000cb200000, 0x00000000cb200000, 0x00000000cb300000|  0%| F|  |TS  0|AC  0|TAMS 0x00000000cb200000, 0x00000000cb200000|
|  45|0x00000000cb300000, 0x00000000cb300000, 0x00000000cb400000|  0%| F|  |TS  0|AC  0|TAMS 0x00000000cb300000, 0x00000000cb300000|
|  46|0x00000000cb400000, 0x00000000cb400000, 0x00000000cb500000|  0%| F|  |TS  0|AC  0|TAMS 0x00000000cb400000, 0x00000000cb400000|
|  47|0x00000000cb500000, 0x00000000cb500000, 0x00000000cb600000|  0%| F|  |TS  0|AC  0|TAMS 0x00000000cb500000, 0x00000000cb500000|
|  48|0x00000000cb600000, 0x00000000cb600000, 0x00000000cb700000|  0%| F|  |TS  0|AC  0|TAMS 0x00000000cb600000, 0x00000000cb600000|
|  49|0x00000000cb700000, 0x00000000cb700000, 0x00000000cb800000|  0%| F|  |TS  0|AC  0|TAMS 0x00000000cb700000, 0x00000000cb700000|
|  50|0x00000000cb800000, 0x00000000cb800000, 0x00000000cb900000|  0%| F|  |TS  0|AC  0|TAMS 0x00000000cb800000, 0x00000000cb800000|
|  51|0x00000000cb900000, 0x00000000cb900000, 0x00000000cba00000|  0%| F|  |TS  0|AC  0|TAMS 0x00000000cb900000, 0x00000000cb900000|
|  52|0x00000000cba00000, 0x00000000cba9f218, 0x00000000cbb00000| 62%| E|  |TS  0|AC  0|TAMS 0x00000000cba00000, 0x00000000cba00000|
|  53|0x00000000cbb00000, 0x00000000cbc00000, 0x00000000cbc00000|100%| E|CS|TS  0|AC  0|TAMS 0x00000000cbb00000, 0x00000000cbb00000|
|  54|0x00000000cbc00000, 0x00000000cbd00000, 0x00000000cbd00000|100%| E|CS|TS  0|AC  0|TAMS 0x00000000cbc00000, 0x00000000cbc00000|
|  55|0x00000000cbd00000, 0x00000000cbe00000, 0x00000000cbe00000|100%| E|CS|TS  0|AC  0|TAMS 0x00000000cbd00000, 0x00000000cbd00000|

Card table byte_map: [0x000000001d740000,0x000000001d900000] byte_map_base: 0x000000001d0fd000

Marking Bits (Prev, Next): (CMBitMap*) 0x0000000000404cf0, (CMBitMap*) 0x0000000000404d28
 Prev Bits: [0x000000001dac0000, 0x000000001e8a8000)
 Next Bits: [0x000000001e8b0000, 0x000000001f698000)

Polling page: 0x00000000001f0000

CodeHeap 'non-profiled nmethods': size=120064Kb used=114Kb max_used=114Kb free=119950Kb
 bounds [0x0000000015710000, 0x0000000015980000, 0x000000001cc50000]
CodeHeap 'profiled nmethods': size=120000Kb used=409Kb max_used=409Kb free=119590Kb
 bounds [0x000000000e1e0000, 0x000000000e450000, 0x0000000015710000]
CodeHeap 'non-nmethods': size=5696Kb used=1096Kb max_used=1108Kb free=4599Kb
 bounds [0x000000000dc50000, 0x000000000dec0000, 0x000000000e1e0000]
 total_blobs=754 nmethods=329 adapters=254
 compilation: enabled

Compilation events (10 events):
Event: 1.091 Thread 0x0000000062e35000  319       3       jdk.internal.org.objectweb.asm.ByteVector::putShort (52 bytes)
Event: 1.091 Thread 0x0000000062e35000 nmethod 319 0x000000000e244610 code [0x000000000e2447e0, 0x000000000e244a48]
Event: 1.091 Thread 0x0000000062e35000  317       3       jdk.internal.org.objectweb.asm.ClassWriter::newUTF8 (70 bytes)
Event: 1.092 Thread 0x0000000062e35000 nmethod 317 0x000000000e244b90 code [0x000000000e244da0, 0x000000000e245178]
Event: 1.092 Thread 0x0000000062e35000  312       3       java.lang.invoke.LambdaForm$Name::isParam (13 bytes)
Event: 1.093 Thread 0x0000000062e35000 nmethod 312 0x000000000e245390 code [0x000000000e245540, 0x000000000e2456f0]
Event: 1.093 Thread 0x0000000062e35000  328       3       java.lang.invoke.LambdaForm::argument (27 bytes)
Event: 1.093 Thread 0x0000000062e35000 nmethod 328 0x000000000e245790 code [0x000000000e245980, 0x000000000e245ca8]
Event: 1.093 Thread 0x0000000062e35000  324       3       java.lang.invoke.LambdaForm::internArgument (84 bytes)
Event: 1.094 Thread 0x0000000062e35000 nmethod 324 0x000000000e245e90 code [0x000000000e246080, 0x000000000e246488]

GC Heap History (0 events):
No events

Deoptimization events (2 events):
Event: 0.638 Thread 0x00000000003b3800 Uncommon trap: reason=unstable_if action=reinterpret pc=0x00000000157195ec method=java.lang.String.isLatin1()Z @ 10 c2
Event: 0.665 Thread 0x00000000003b3800 Uncommon trap: reason=unstable_if action=reinterpret pc=0x0000000015713218 method=java.lang.String.hashCode()I @ 14 c2

Classes redefined (8 events):
Event: 91.053 Thread 0x0000000002759800 redefined class name=A, count=1
Event: 169.420 Thread 0x0000000002759800 redefined class name=A, count=2
Event: 325.835 Thread 0x0000000002759800 redefined class name=A, count=3
Event: 401.215 Thread 0x0000000002759800 redefined class name=A, count=4
Event: 412.665 Thread 0x0000000002759800 redefined class name=A, count=5
Event: 423.399 Thread 0x0000000002759800 redefined class name=A, count=6
Event: 503.197 Thread 0x0000000002759800 redefined class name=A, count=7
Event: 959.019 Thread 0x0000000002759800 redefined class name=A, count=8

Internal exceptions (0 events):
No events

Events (10 events):
Event: 967.014 Executing VM operation: ChangeBreakpoints done
Event: 975.114 Executing VM operation: ChangeBreakpoints
Event: 975.114 Executing VM operation: ChangeBreakpoints done
Event: 975.118 Executing VM operation: ChangeBreakpoints
Event: 975.118 Executing VM operation: ChangeBreakpoints done
Event: 975.764 Executing VM operation: ChangeBreakpoints
Event: 975.764 Executing VM operation: ChangeBreakpoints done
Event: 975.771 Executing VM operation: ChangeBreakpoints
Event: 975.772 Executing VM operation: ChangeBreakpoints done
Event: 998.335 Executing VM operation: ChangeBreakpoints


Dynamic libraries:
0x000000013f7a0000 - 0x000000013f7de000 	C:\Program Files\Java\jdk-10\bin\java.exe
0x0000000077bb0000 - 0x0000000077d5a000 	C:\Windows\SYSTEM32\ntdll.dll
0x0000000077a90000 - 0x0000000077baf000 	C:\Windows\system32\kernel32.dll
0x000007fefdaa0000 - 0x000007fefdb0a000 	C:\Windows\system32\KERNELBASE.dll
0x000007fefe130000 - 0x000007fefe20b000 	C:\Windows\system32\ADVAPI32.dll
0x000007fefeb90000 - 0x000007fefec2f000 	C:\Windows\system32\msvcrt.dll
0x000007feffa60000 - 0x000007feffa7f000 	C:\Windows\SYSTEM32\sechost.dll
0x000007fefe6f0000 - 0x000007fefe81d000 	C:\Windows\system32\RPCRT4.dll
0x0000000077990000 - 0x0000000077a8a000 	C:\Windows\system32\USER32.dll
0x000007fefe210000 - 0x000007fefe277000 	C:\Windows\system32\GDI32.dll
0x000007fefdc60000 - 0x000007fefdc6e000 	C:\Windows\system32\LPK.dll
0x000007fefe620000 - 0x000007fefe6eb000 	C:\Windows\system32\USP10.dll
0x000007fefc370000 - 0x000007fefc564000 	C:\Windows\WinSxS\amd64_microsoft.windows.common-controls_6595b64144ccf1df_6.0.7601.18837_none_fa3b1e3d17594757\COMCTL32.dll
0x000007fefe0b0000 - 0x000007fefe121000 	C:\Windows\system32\SHLWAPI.dll
0x000007fefd200000 - 0x000007fefd20c000 	C:\Windows\system32\VERSION.dll
0x000007fefe5f0000 - 0x000007fefe61e000 	C:\Windows\system32\IMM32.DLL
0x000007fefdfa0000 - 0x000007fefe0a9000 	C:\Windows\system32\MSCTF.dll
0x000007fef4610000 - 0x000007fef46ff000 	C:\Program Files\Java\jdk-10\bin\msvcr120.dll
0x000007fef2dd0000 - 0x000007fef2e76000 	C:\Program Files\Java\jdk-10\bin\msvcp120.dll
0x000000006a390000 - 0x000000006adff000 	C:\Program Files\Java\jdk-10\bin\server\jvm.dll
0x000007fef6b80000 - 0x000007fef6b89000 	C:\Windows\system32\WSOCK32.dll
0x000007feffbc0000 - 0x000007feffc0d000 	C:\Windows\system32\WS2_32.dll
0x000007feffeb0000 - 0x000007feffeb8000 	C:\Windows\system32\NSI.dll
0x000007fef9250000 - 0x000007fef928b000 	C:\Windows\system32\WINMM.dll
0x0000000077d70000 - 0x0000000077d77000 	C:\Windows\system32\PSAPI.DLL
0x000007fef6b00000 - 0x000007fef6b0f000 	C:\Program Files\Java\jdk-10\bin\verify.dll
0x000007fef3110000 - 0x000007fef3235000 	C:\Windows\system32\DBGHELP.DLL
0x000007fef6410000 - 0x000007fef6437000 	C:\Program Files\Java\jdk-10\bin\java.dll
0x000007fef63b0000 - 0x000007fef63e6000 	C:\Program Files\Java\jdk-10\bin\jdwp.dll
0x000007fef6380000 - 0x000007fef63aa000 	C:\Program Files\Java\jdk-10\bin\instrument.dll
0x000007fef63f0000 - 0x000007fef6406000 	C:\Program Files\Java\jdk-10\bin\zip.dll
0x000007fef9c00000 - 0x000007fef9c0a000 	C:\Program Files\Java\jdk-10\bin\jimage.dll
0x000007fefecb0000 - 0x000007feffa3b000 	C:\Windows\system32\SHELL32.dll
0x000007feffcb0000 - 0x000007feffeac000 	C:\Windows\system32\ole32.dll
0x000007fefd8b0000 - 0x000007fefd8bf000 	C:\Windows\system32\profapi.dll
0x000007fef6710000 - 0x000007fef671a000 	C:\Program Files\Java\jdk-10\bin\dt_socket.dll
0x000007fefcd40000 - 0x000007fefcd95000 	C:\Windows\system32\mswsock.dll
0x000007fefd210000 - 0x000007fefd217000 	C:\Windows\System32\wshtcpip.dll
0x000007fef5dc0000 - 0x000007fef5dda000 	C:\Program Files\Java\jdk-10\bin\net.dll
0x000007fef8890000 - 0x000007fef8901000 	C:\Windows\system32\WINHTTP.dll
0x000007fef8800000 - 0x000007fef8864000 	C:\Windows\system32\webio.dll
0x000007fefcd30000 - 0x000007fefcd37000 	C:\Windows\System32\wship6.dll
0x000007fef5da0000 - 0x000007fef5db1000 	C:\Program Files\Java\jdk-10\bin\nio.dll

dbghelp: loaded successfully - version: 4.0.5 - missing functions: none
symbol engine: initialized successfully - sym options: 0x614 - pdb path: .;C:\Program Files\Java\jdk-10\bin;C:\Windows\SYSTEM32;C:\Windows\WinSxS\amd64_microsoft.windows.common-controls_6595b64144ccf1df_6.0.7601.18837_none_fa3b1e3d17594757;C:\Program Files\Java\jdk-10\bin\server

VM Arguments:
jvm_args: -agentlib:jdwp=transport=dt_socket,address=127.0.0.1:50167,suspend=y,server=n -javaagent:C:\Users\Administrator\AppData\Local\Temp\capture18014jars\debugger-agent.jar=file:/C:/Users/Administrator/AppData/Local/Temp/capture1.props -Dfile.encoding=UTF-8 
java_command: A
java_class_path (initial): D:\GitBash\CS61B\skeleton-sp18-master\library-sp18\javalib;D:\LCsolution\161. One Edit Distance\out\production\161. One Edit Distance;F:\Program Files\IntelliJ\IntelliJ IDEA Community Edition 2018.1.1\lib\idea_rt.jar
Launcher Type: SUN_STANDARD

Logging:
Log output configuration:
#0: stdout all=warning uptime,level,tags
#1: stderr all=off uptime,level,tags

Environment Variables:
JAVA_HOME=C:\Program Files\Java\jdk-10
PATH=C:\ProgramData\Oracle\Java\javapath;C:\Windows\system32;C:\Windows;C:\Windows\System32\Wbem;C:\Windows\System32\WindowsPowerShell\v1.0\;C:\Program Files\Java\jdk-10\bin;G:\0 code\Python\Scripts\;G:\0 code\Python\;C:\Users\Administrator\AppData\Local\GitHubDesktop\bin
USERNAME=Administrator
OS=Windows_NT
PROCESSOR_IDENTIFIER=AMD64 Family 18 Model 1 Stepping 0, AuthenticAMD



---------------  S Y S T E M  ---------------

OS: Windows 7 , 64 bit Build 7601 (6.1.7601.23864)

CPU:total 4 (initial active 4) (4 cores per cpu, 1 threads per core) family 18 model 1 stepping 0, cmov, cx8, fxsr, mmx, sse, sse2, sse3, popcnt, mmxext, 3dnowpref, lzcnt, sse4a, tsc, tscinvbit, tscinv

Memory: 4k page, physical 3643504k(1050352k free), swap 7285148k(2756548k free)

vm_info: Java HotSpot(TM) 64-Bit Server VM (10+46) for windows-amd64 JRE (10+46), built on Mar  8 2018 02:11:18 by "mach5one" with MS VC++ 12.0 (VS2013)

END.
