#
# A fatal error has been detected by the Java Runtime Environment:
#
#  Internal Error (t:/workspace/open/src/hotspot/share/oops/generateOopMap.cpp:1632), pid=2720, tid=436
#  Error: ShouldNotReachHere()
#
# JRE version: Java(TM) SE Runtime Environment (10.0+46) (build 10+46)
# Java VM: Java HotSpot(TM) 64-Bit Server VM (10+46, mixed mode, tiered, compressed oops, g1 gc, windows-amd64)
# No core dump will be written. Minidumps are not enabled by default on client versions of Windows
#
# If you would like to submit a bug report, please visit:
#   http://bugreport.java.com/bugreport/crash.jsp
#

---------------  S U M M A R Y ------------

Command Line: -agentlib:jdwp=transport=dt_socket,address=127.0.0.1:50464,suspend=y,server=n -javaagent:C:\Users\Administrator\AppData\Local\Temp\capture15495jars\debugger-agent.jar=file:/C:/Users/Administrator/AppData/Local/Temp/capture1.props -Dfile.encoding=UTF-8 A

Host: AMD A6-3400M APU with Radeon(tm) HD Graphics, 4 cores, 3G,  Windows 7 , 64 bit Build 7601 (6.1.7601.23864)
Time: Sun Jun 03 01:07:52 2018 ?D1¨²¡À¨º¡Á?¨º¡À?? elapsed time: 555 seconds (0d 0h 9m 15s)

---------------  T H R E A D  ---------------

Current thread (0x0000000021cfb800):  VMThread "VM Thread" [stack: 0x0000000022f30000,0x0000000023030000] [id=436]

Stack: [0x0000000022f30000,0x0000000023030000]
[error occurred during error reporting (printing stack bounds), id 0xe0000000]

Native frames: (J=compiled Java code, j=interpreted, Vv=VM code, C=native code)
V  [jvm.dll+0x59fbf9]
V  [jvm.dll+0x6bca11]
V  [jvm.dll+0x6bdc06]
V  [jvm.dll+0x6be1f5]
V  [jvm.dll+0x6be1ab]
V  [jvm.dll+0x59f3f3]
V  [jvm.dll+0x59f7f8]
C  [ntdll.dll+0x2812d]
C  [ntdll.dll+0x1855f]
C  [ntdll.dll+0x4bcb8]
C  0x000000000da10ea7

VM_Operation (0x00000000248cf520): GetOrSetLocal, mode: safepoint, requested by thread 0x0000000023c87800


---------------  P R O C E S S  ---------------

Threads class SMR info:
_java_thread_list=0x0000000023c5caf0, length=14, elements={
0x0000000000363800, 0x0000000021cff800, 0x0000000021d02800, 0x0000000021d0e800,
0x0000000021d0f800, 0x0000000022ce2000, 0x0000000022d62800, 0x0000000022d66800,
0x0000000022d69800, 0x0000000023c87800, 0x0000000023c5f800, 0x0000000023c62800,
0x0000000023e29800, 0x0000000023c56800
}

Java Threads: ( => current thread )
  0x0000000000363800 JavaThread "main" [_thread_blocked, id=7016, stack(0x00000000024c0000,0x00000000025c0000)]
  0x0000000021cff800 JavaThread "Reference Handler" daemon [_thread_blocked, id=6340, stack(0x00000000230d0000,0x00000000231d0000)]
  0x0000000021d02800 JavaThread "Finalizer" daemon [_thread_blocked, id=6300, stack(0x0000000023220000,0x0000000023320000)]
  0x0000000021d0e800 JavaThread "Signal Dispatcher" daemon [_thread_blocked, id=7036, stack(0x0000000022e20000,0x0000000022f20000)]
  0x0000000021d0f800 JavaThread "Attach Listener" daemon [_thread_blocked, id=5800, stack(0x00000000234c0000,0x00000000235c0000)]
  0x0000000022ce2000 JavaThread "C2 CompilerThread0" daemon [_thread_blocked, id=6764, stack(0x0000000023390000,0x0000000023490000)]
  0x0000000022d62800 JavaThread "C2 CompilerThread1" daemon [_thread_blocked, id=6156, stack(0x0000000023610000,0x0000000023710000)]
  0x0000000022d66800 JavaThread "C1 CompilerThread2" daemon [_thread_blocked, id=6624, stack(0x00000000238d0000,0x00000000239d0000)]
  0x0000000022d69800 JavaThread "Sweeper thread" daemon [_thread_blocked, id=6872, stack(0x0000000023730000,0x0000000023830000)]
  0x0000000023c87800 JavaThread "JDWP Transport Listener: dt_socket" daemon [_thread_blocked, id=3948, stack(0x00000000247d0000,0x00000000248d0000)] _threads_hazard_ptr=0x0000000023c5caf0
  0x0000000023c5f800 JavaThread "JDWP Event Helper Thread" daemon [_thread_blocked, id=3420, stack(0x00000000249f0000,0x0000000024af0000)]
  0x0000000023c62800 JavaThread "JDWP Command Reader" daemon [_thread_in_native, id=5328, stack(0x0000000024c00000,0x0000000024d00000)]
  0x0000000023e29800 JavaThread "Common-Cleaner" daemon [_thread_blocked, id=5208, stack(0x0000000024e70000,0x0000000024f70000)]
  0x0000000023c56800 JavaThread "Service Thread" daemon [_thread_blocked, id=4116, stack(0x0000000025050000,0x0000000025150000)]

Other Threads:
=>0x0000000021cfb800 VMThread "VM Thread" [stack: 0x0000000022f30000,0x0000000023030000] [id=436]
  0x0000000023c58800 WatcherThread [stack: 0x0000000024d00000,0x0000000024e00000] [id=2464]
  0x000000000037d000 GCTaskThread "GC Thread#0" [stack: 0x000000001cc60000,0x000000001cd60000] [id=6488]
  0x000000000037e000 GCTaskThread "GC Thread#1" [stack: 0x000000001ceb0000,0x000000001cfb0000] [id=6944]
  0x0000000000380800 GCTaskThread "GC Thread#2" [stack: 0x000000001cd60000,0x000000001ce60000] [id=3436]
  0x0000000000384800 GCTaskThread "GC Thread#3" [stack: 0x000000001cb00000,0x000000001cc00000] [id=7076]
  0x00000000003b6000 ConcurrentGCThread "G1 Main Marker" [stack: 0x000000001f6e0000,0x000000001f7e0000] [id=6740]
  0x00000000003b8000 ConcurrentGCThread "G1 Conc#0" [stack: 0x000000001f7e0000,0x000000001f8e0000] [id=2272]
  0x0000000021c20800 ConcurrentGCThread "G1 Refine#0" [stack: 0x0000000021d60000,0x0000000021e60000] [id=4304]
  0x00000000003ec800 ConcurrentGCThread "G1 Refine#1" [stack: 0x0000000021e80000,0x0000000021f80000] [id=5572]
  0x00000000003ef000 ConcurrentGCThread "G1 Refine#2" [stack: 0x0000000022020000,0x0000000022120000] [id=5772]
  0x0000000021c29000 ConcurrentGCThread "G1 Refine#3" [stack: 0x00000000221e0000,0x00000000222e0000] [id=6612]
  0x0000000021c2a000 ConcurrentGCThread "G1 Young RemSet Sampling" [stack: 0x0000000022320000,0x0000000022420000] [id=6828]

Threads with active compile tasks:

VM state:at safepoint (normal execution)

VM Mutex/Monitor currently owned by a thread:  ([mutex/lock_event])
[0x00000000003556f0] Threads_lock - owner thread: 0x0000000021cfb800

Heap address: 0x00000000c8600000, size: 890 MB, Compressed Oops mode: 32-bit
Narrow klass base: 0x0000000000000000, Narrow klass shift: 0
Compressed class space size: 1073741824 Address: 0x000000007fff0000

Heap:
 garbage-first heap   total 57344K, used 3072K [0x00000000c8600000, 0x0000000100000000)
  region size 1024K, 4 young (4096K), 0 survivors (0K)
 Metaspace       used 6170K, capacity 6296K, committed 6528K, reserved 1056768K
  class space    used 502K, capacity 544K, committed 640K, reserved 1048576K
Heap Regions: E=young(eden), S=young(survivor), O=old, HS=humongous(starts), HC=humongous(continues), CS=collection set, F=free, A=archive, TS=gc time stamp, AC=allocation context, TAMS=top-at-mark-start (previous, next)
|   0|0x00000000c8600000, 0x00000000c8600000, 0x00000000c8700000|  0%| F|  |TS  0|AC  0|TAMS 0x00000000c8600000, 0x00000000c8600000|
|   1|0x00000000c8700000, 0x00000000c8700000, 0x00000000c8800000|  0%| F|  |TS  0|AC  0|TAMS 0x00000000c8700000, 0x00000000c8700000|
|   2|0x00000000c8800000, 0x00000000c8800000, 0x00000000c8900000|  0%| F|  |TS  0|AC  0|TAMS 0x00000000c8800000, 0x00000000c8800000|
|   3|0x00000000c8900000, 0x00000000c8900000, 0x00000000c8a00000|  0%| F|  |TS  0|AC  0|TAMS 0x00000000c8900000, 0x00000000c8900000|
|   4|0x00000000c8a00000, 0x00000000c8a00000, 0x00000000c8b00000|  0%| F|  |TS  0|AC  0|TAMS 0x00000000c8a00000, 0x00000000c8a00000|
|   5|0x00000000c8b00000, 0x00000000c8b00000, 0x00000000c8c00000|  0%| F|  |TS  0|AC  0|TAMS 0x00000000c8b00000, 0x00000000c8b00000|
|   6|0x00000000c8c00000, 0x00000000c8c00000, 0x00000000c8d00000|  0%| F|  |TS  0|AC  0|TAMS 0x00000000c8c00000, 0x00000000c8c00000|
|   7|0x00000000c8d00000, 0x00000000c8d00000, 0x00000000c8e00000|  0%| F|  |TS  0|AC  0|TAMS 0x00000000c8d00000, 0x00000000c8d00000|
|   8|0x00000000c8e00000, 0x00000000c8e00000, 0x00000000c8f00000|  0%| F|  |TS  0|AC  0|TAMS 0x00000000c8e00000, 0x00000000c8e00000|
|   9|0x00000000c8f00000, 0x00000000c8f00000, 0x00000000c9000000|  0%| F|  |TS  0|AC  0|TAMS 0x00000000c8f00000, 0x00000000c8f00000|
|  10|0x00000000c9000000, 0x00000000c9000000, 0x00000000c9100000|  0%| F|  |TS  0|AC  0|TAMS 0x00000000c9000000, 0x00000000c9000000|
|  11|0x00000000c9100000, 0x00000000c9100000, 0x00000000c9200000|  0%| F|  |TS  0|AC  0|TAMS 0x00000000c9100000, 0x00000000c9100000|
|  12|0x00000000c9200000, 0x00000000c9200000, 0x00000000c9300000|  0%| F|  |TS  0|AC  0|TAMS 0x00000000c9200000, 0x00000000c9200000|
|  13|0x00000000c9300000, 0x00000000c9300000, 0x00000000c9400000|  0%| F|  |TS  0|AC  0|TAMS 0x00000000c9300000, 0x00000000c9300000|
|  14|0x00000000c9400000, 0x00000000c9400000, 0x00000000c9500000|  0%| F|  |TS  0|AC  0|TAMS 0x00000000c9400000, 0x00000000c9400000|
|  15|0x00000000c9500000, 0x00000000c9500000, 0x00000000c9600000|  0%| F|  |TS  0|AC  0|TAMS 0x00000000c9500000, 0x00000000c9500000|
|  16|0x00000000c9600000, 0x00000000c9600000, 0x00000000c9700000|  0%| F|  |TS  0|AC  0|TAMS 0x00000000c9600000, 0x00000000c9600000|
|  17|0x00000000c9700000, 0x00000000c9700000, 0x00000000c9800000|  0%| F|  |TS  0|AC  0|TAMS 0x00000000c9700000, 0x00000000c9700000|
|  18|0x00000000c9800000, 0x00000000c9800000, 0x00000000c9900000|  0%| F|  |TS  0|AC  0|TAMS 0x00000000c9800000, 0x00000000c9800000|
|  19|0x00000000c9900000, 0x00000000c9900000, 0x00000000c9a00000|  0%| F|  |TS  0|AC  0|TAMS 0x00000000c9900000, 0x00000000c9900000|
|  20|0x00000000c9a00000, 0x00000000c9a00000, 0x00000000c9b00000|  0%| F|  |TS  0|AC  0|TAMS 0x00000000c9a00000, 0x00000000c9a00000|
|  21|0x00000000c9b00000, 0x00000000c9b00000, 0x00000000c9c00000|  0%| F|  |TS  0|AC  0|TAMS 0x00000000c9b00000, 0x00000000c9b00000|
|  22|0x00000000c9c00000, 0x00000000c9c00000, 0x00000000c9d00000|  0%| F|  |TS  0|AC  0|TAMS 0x00000000c9c00000, 0x00000000c9c00000|
|  23|0x00000000c9d00000, 0x00000000c9d00000, 0x00000000c9e00000|  0%| F|  |TS  0|AC  0|TAMS 0x00000000c9d00000, 0x00000000c9d00000|
|  24|0x00000000c9e00000, 0x00000000c9e00000, 0x00000000c9f00000|  0%| F|  |TS  0|AC  0|TAMS 0x00000000c9e00000, 0x00000000c9e00000|
|  25|0x00000000c9f00000, 0x00000000c9f00000, 0x00000000ca000000|  0%| F|  |TS  0|AC  0|TAMS 0x00000000c9f00000, 0x00000000c9f00000|
|  26|0x00000000ca000000, 0x00000000ca000000, 0x00000000ca100000|  0%| F|  |TS  0|AC  0|TAMS 0x00000000ca000000, 0x00000000ca000000|
|  27|0x00000000ca100000, 0x00000000ca100000, 0x00000000ca200000|  0%| F|  |TS  0|AC  0|TAMS 0x00000000ca100000, 0x00000000ca100000|
|  28|0x00000000ca200000, 0x00000000ca200000, 0x00000000ca300000|  0%| F|  |TS  0|AC  0|TAMS 0x00000000ca200000, 0x00000000ca200000|
|  29|0x00000000ca300000, 0x00000000ca300000, 0x00000000ca400000|  0%| F|  |TS  0|AC  0|TAMS 0x00000000ca300000, 0x00000000ca300000|
|  30|0x00000000ca400000, 0x00000000ca400000, 0x00000000ca500000|  0%| F|  |TS  0|AC  0|TAMS 0x00000000ca400000, 0x00000000ca400000|
|  31|0x00000000ca500000, 0x00000000ca500000, 0x00000000ca600000|  0%| F|  |TS  0|AC  0|TAMS 0x00000000ca500000, 0x00000000ca500000|
|  32|0x00000000ca600000, 0x00000000ca600000, 0x00000000ca700000|  0%| F|  |TS  0|AC  0|TAMS 0x00000000ca600000, 0x00000000ca600000|
|  33|0x00000000ca700000, 0x00000000ca700000, 0x00000000ca800000|  0%| F|  |TS  0|AC  0|TAMS 0x00000000ca700000, 0x00000000ca700000|
|  34|0x00000000ca800000, 0x00000000ca800000, 0x00000000ca900000|  0%| F|  |TS  0|AC  0|TAMS 0x00000000ca800000, 0x00000000ca800000|
|  35|0x00000000ca900000, 0x00000000ca900000, 0x00000000caa00000|  0%| F|  |TS  0|AC  0|TAMS 0x00000000ca900000, 0x00000000ca900000|
|  36|0x00000000caa00000, 0x00000000caa00000, 0x00000000cab00000|  0%| F|  |TS  0|AC  0|TAMS 0x00000000caa00000, 0x00000000caa00000|
|  37|0x00000000cab00000, 0x00000000cab00000, 0x00000000cac00000|  0%| F|  |TS  0|AC  0|TAMS 0x00000000cab00000, 0x00000000cab00000|
|  38|0x00000000cac00000, 0x00000000cac00000, 0x00000000cad00000|  0%| F|  |TS  0|AC  0|TAMS 0x00000000cac00000, 0x00000000cac00000|
|  39|0x00000000cad00000, 0x00000000cad00000, 0x00000000cae00000|  0%| F|  |TS  0|AC  0|TAMS 0x00000000cad00000, 0x00000000cad00000|
|  40|0x00000000cae00000, 0x00000000cae00000, 0x00000000caf00000|  0%| F|  |TS  0|AC  0|TAMS 0x00000000cae00000, 0x00000000cae00000|
|  41|0x00000000caf00000, 0x00000000caf00000, 0x00000000cb000000|  0%| F|  |TS  0|AC  0|TAMS 0x00000000caf00000, 0x00000000caf00000|
|  42|0x00000000cb000000, 0x00000000cb000000, 0x00000000cb100000|  0%| F|  |TS  0|AC  0|TAMS 0x00000000cb000000, 0x00000000cb000000|
|  43|0x00000000cb100000, 0x00000000cb100000, 0x00000000cb200000|  0%| F|  |TS  0|AC  0|TAMS 0x00000000cb100000, 0x00000000cb100000|
|  44|0x00000000cb200000, 0x00000000cb200000, 0x00000000cb300000|  0%| F|  |TS  0|AC  0|TAMS 0x00000000cb200000, 0x00000000cb200000|
|  45|0x00000000cb300000, 0x00000000cb300000, 0x00000000cb400000|  0%| F|  |TS  0|AC  0|TAMS 0x00000000cb300000, 0x00000000cb300000|
|  46|0x00000000cb400000, 0x00000000cb400000, 0x00000000cb500000|  0%| F|  |TS  0|AC  0|TAMS 0x00000000cb400000, 0x00000000cb400000|
|  47|0x00000000cb500000, 0x00000000cb500000, 0x00000000cb600000|  0%| F|  |TS  0|AC  0|TAMS 0x00000000cb500000, 0x00000000cb500000|
|  48|0x00000000cb600000, 0x00000000cb600000, 0x00000000cb700000|  0%| F|  |TS  0|AC  0|TAMS 0x00000000cb600000, 0x00000000cb600000|
|  49|0x00000000cb700000, 0x00000000cb700000, 0x00000000cb800000|  0%| F|  |TS  0|AC  0|TAMS 0x00000000cb700000, 0x00000000cb700000|
|  50|0x00000000cb800000, 0x00000000cb800000, 0x00000000cb900000|  0%| F|  |TS  0|AC  0|TAMS 0x00000000cb800000, 0x00000000cb800000|
|  51|0x00000000cb900000, 0x00000000cb900000, 0x00000000cba00000|  0%| F|  |TS  0|AC  0|TAMS 0x00000000cb900000, 0x00000000cb900000|
|  52|0x00000000cba00000, 0x00000000cba8fe18, 0x00000000cbb00000| 56%| E|  |TS  0|AC  0|TAMS 0x00000000cba00000, 0x00000000cba00000|
|  53|0x00000000cbb00000, 0x00000000cbc00000, 0x00000000cbc00000|100%| E|CS|TS  0|AC  0|TAMS 0x00000000cbb00000, 0x00000000cbb00000|
|  54|0x00000000cbc00000, 0x00000000cbd00000, 0x00000000cbd00000|100%| E|CS|TS  0|AC  0|TAMS 0x00000000cbc00000, 0x00000000cbc00000|
|  55|0x00000000cbd00000, 0x00000000cbe00000, 0x00000000cbe00000|100%| E|CS|TS  0|AC  0|TAMS 0x00000000cbd00000, 0x00000000cbd00000|

Card table byte_map: [0x000000001d5b0000,0x000000001d770000] byte_map_base: 0x000000001cf6d000

Marking Bits (Prev, Next): (CMBitMap*) 0x00000000003b5550, (CMBitMap*) 0x00000000003b5588
 Prev Bits: [0x000000001d930000, 0x000000001e718000)
 Next Bits: [0x000000001e720000, 0x000000001f508000)

Polling page: 0x0000000000200000

CodeHeap 'non-profiled nmethods': size=120064Kb used=122Kb max_used=122Kb free=119941Kb
 bounds [0x00000000154d0000, 0x0000000015740000, 0x000000001ca10000]
CodeHeap 'profiled nmethods': size=120000Kb used=419Kb max_used=419Kb free=119581Kb
 bounds [0x000000000dfa0000, 0x000000000e210000, 0x00000000154d0000]
CodeHeap 'non-nmethods': size=5696Kb used=1097Kb max_used=1108Kb free=4598Kb
 bounds [0x000000000da10000, 0x000000000dc80000, 0x000000000dfa0000]
 total_blobs=755 nmethods=334 adapters=254
 compilation: enabled

Compilation events (10 events):
Event: 0.953 Thread 0x0000000022d66800  331       1       java.nio.Buffer::position (5 bytes)
Event: 0.954 Thread 0x0000000022d66800 nmethod 331 0x00000000154ede90 code [0x00000000154ee040, 0x00000000154ee150]
Event: 0.954 Thread 0x0000000022d66800  329       3       java.lang.AbstractStringBuilder::<init> (39 bytes)
Event: 0.954 Thread 0x0000000022d66800 nmethod 329 0x000000000e007e10 code [0x000000000e007fe0, 0x000000000e0082b0]
Event: 0.954 Thread 0x0000000022d66800  330       3       java.lang.StringBuilder::toString (35 bytes)
Event: 0.955 Thread 0x0000000022d66800 nmethod 330 0x000000000e008390 code [0x000000000e008580, 0x000000000e008a98]
Event: 0.955 Thread 0x0000000022d66800  332       1       java.lang.invoke.MethodTypeForm::basicType (5 bytes)
Event: 0.955 Thread 0x0000000022d66800 nmethod 332 0x00000000154ee210 code [0x00000000154ee3c0, 0x00000000154ee4d0]
Event: 0.955 Thread 0x0000000022d66800  334       1       java.nio.Buffer::limit (5 bytes)
Event: 0.955 Thread 0x0000000022d66800 nmethod 334 0x00000000154ee590 code [0x00000000154ee740, 0x00000000154ee850]

GC Heap History (0 events):
No events

Deoptimization events (2 events):
Event: 0.496 Thread 0x0000000000363800 Uncommon trap: reason=unstable_if action=reinterpret pc=0x00000000154d01ec method=java.lang.String.isLatin1()Z @ 10 c2
Event: 0.516 Thread 0x0000000000363800 Uncommon trap: reason=unstable_if action=reinterpret pc=0x00000000154d2f94 method=java.lang.String.hashCode()I @ 14 c2

Classes redefined (3 events):
Event: 343.668 Thread 0x0000000021cfb800 redefined class name=A, count=1
Event: 434.536 Thread 0x0000000021cfb800 redefined class name=A, count=2
Event: 555.168 Thread 0x0000000021cfb800 redefined class name=A, count=3

Internal exceptions (0 events):
No events

Events (10 events):
Event: 555.169 Executing VM operation: RedefineClasses done
Event: 555.171 Executing VM operation: GetFrameCount
Event: 555.171 Executing VM operation: GetFrameCount done
Event: 555.172 Executing VM operation: GetFrameCount
Event: 555.172 Executing VM operation: GetFrameCount done
Event: 555.172 Executing VM operation: GetFrameLocation
Event: 555.172 Executing VM operation: GetFrameLocation done
Event: 555.174 Executing VM operation: GetFrameLocation
Event: 555.174 Executing VM operation: GetFrameLocation done
Event: 555.174 Executing VM operation: GetOrSetLocal


Dynamic libraries:
0x000000013f6d0000 - 0x000000013f70e000 	C:\Program Files\Java\jdk-10\bin\java.exe
0x0000000077bb0000 - 0x0000000077d5a000 	C:\Windows\SYSTEM32\ntdll.dll
0x0000000077a90000 - 0x0000000077baf000 	C:\Windows\system32\kernel32.dll
0x000007fefdaa0000 - 0x000007fefdb0a000 	C:\Windows\system32\KERNELBASE.dll
0x000007fefe130000 - 0x000007fefe20b000 	C:\Windows\system32\ADVAPI32.dll
0x000007fefeb90000 - 0x000007fefec2f000 	C:\Windows\system32\msvcrt.dll
0x000007feffa60000 - 0x000007feffa7f000 	C:\Windows\SYSTEM32\sechost.dll
0x000007fefe6f0000 - 0x000007fefe81d000 	C:\Windows\system32\RPCRT4.dll
0x0000000077990000 - 0x0000000077a8a000 	C:\Windows\system32\USER32.dll
0x000007fefe210000 - 0x000007fefe277000 	C:\Windows\system32\GDI32.dll
0x000007fefdc60000 - 0x000007fefdc6e000 	C:\Windows\system32\LPK.dll
0x000007fefe620000 - 0x000007fefe6eb000 	C:\Windows\system32\USP10.dll
0x000007fefc370000 - 0x000007fefc564000 	C:\Windows\WinSxS\amd64_microsoft.windows.common-controls_6595b64144ccf1df_6.0.7601.18837_none_fa3b1e3d17594757\COMCTL32.dll
0x000007fefe0b0000 - 0x000007fefe121000 	C:\Windows\system32\SHLWAPI.dll
0x000007fefd200000 - 0x000007fefd20c000 	C:\Windows\system32\VERSION.dll
0x000007fefe5f0000 - 0x000007fefe61e000 	C:\Windows\system32\IMM32.DLL
0x000007fefdfa0000 - 0x000007fefe0a9000 	C:\Windows\system32\MSCTF.dll
0x000007fef83f0000 - 0x000007fef84df000 	C:\Program Files\Java\jdk-10\bin\msvcr120.dll
0x000007fef8230000 - 0x000007fef82d6000 	C:\Program Files\Java\jdk-10\bin\msvcp120.dll
0x000000005c180000 - 0x000000005cbef000 	C:\Program Files\Java\jdk-10\bin\server\jvm.dll
0x000007fef6b80000 - 0x000007fef6b89000 	C:\Windows\system32\WSOCK32.dll
0x000007feffbc0000 - 0x000007feffc0d000 	C:\Windows\system32\WS2_32.dll
0x000007feffeb0000 - 0x000007feffeb8000 	C:\Windows\system32\NSI.dll
0x000007fef9250000 - 0x000007fef928b000 	C:\Windows\system32\WINMM.dll
0x0000000077d70000 - 0x0000000077d77000 	C:\Windows\system32\PSAPI.DLL
0x000007fefd1a0000 - 0x000007fefd1af000 	C:\Program Files\Java\jdk-10\bin\verify.dll
0x000007fef3110000 - 0x000007fef3235000 	C:\Windows\system32\DBGHELP.DLL
0x000007fef8200000 - 0x000007fef8227000 	C:\Program Files\Java\jdk-10\bin\java.dll
0x000007fef81c0000 - 0x000007fef81f6000 	C:\Program Files\Java\jdk-10\bin\jdwp.dll
0x000007fef8190000 - 0x000007fef81ba000 	C:\Program Files\Java\jdk-10\bin\instrument.dll
0x000007fefd180000 - 0x000007fefd196000 	C:\Program Files\Java\jdk-10\bin\zip.dll
0x000007fefb710000 - 0x000007fefb71a000 	C:\Program Files\Java\jdk-10\bin\jimage.dll
0x000007fefecb0000 - 0x000007feffa3b000 	C:\Windows\system32\SHELL32.dll
0x000007feffcb0000 - 0x000007feffeac000 	C:\Windows\system32\ole32.dll
0x000007fefd8b0000 - 0x000007fefd8bf000 	C:\Windows\system32\profapi.dll
0x000007fef9c00000 - 0x000007fef9c0a000 	C:\Program Files\Java\jdk-10\bin\dt_socket.dll
0x000007fefcd40000 - 0x000007fefcd95000 	C:\Windows\system32\mswsock.dll
0x000007fefd210000 - 0x000007fefd217000 	C:\Windows\System32\wshtcpip.dll
0x000007fef8170000 - 0x000007fef818a000 	C:\Program Files\Java\jdk-10\bin\net.dll
0x000007fef8890000 - 0x000007fef8901000 	C:\Windows\system32\WINHTTP.dll
0x000007fef8800000 - 0x000007fef8864000 	C:\Windows\system32\webio.dll
0x000007fefcd30000 - 0x000007fefcd37000 	C:\Windows\System32\wship6.dll
0x000007fef8150000 - 0x000007fef8161000 	C:\Program Files\Java\jdk-10\bin\nio.dll

dbghelp: loaded successfully - version: 4.0.5 - missing functions: none
symbol engine: initialized successfully - sym options: 0x614 - pdb path: .;C:\Program Files\Java\jdk-10\bin;C:\Windows\SYSTEM32;C:\Windows\WinSxS\amd64_microsoft.windows.common-controls_6595b64144ccf1df_6.0.7601.18837_none_fa3b1e3d17594757;C:\Program Files\Java\jdk-10\bin\server

VM Arguments:
jvm_args: -agentlib:jdwp=transport=dt_socket,address=127.0.0.1:50464,suspend=y,server=n -javaagent:C:\Users\Administrator\AppData\Local\Temp\capture15495jars\debugger-agent.jar=file:/C:/Users/Administrator/AppData/Local/Temp/capture1.props -Dfile.encoding=UTF-8 
java_command: A
java_class_path (initial): D:\GitBash\CS61B\skeleton-sp18-master\library-sp18\javalib;D:\LCsolution\161. One Edit Distance\out\production\161. One Edit Distance;F:\Program Files\IntelliJ\IntelliJ IDEA Community Edition 2018.1.1\lib\idea_rt.jar
Launcher Type: SUN_STANDARD

Logging:
Log output configuration:
#0: stdout all=warning uptime,level,tags
#1: stderr all=off uptime,level,tags

Environment Variables:
JAVA_HOME=C:\Program Files\Java\jdk-10
PATH=C:\ProgramData\Oracle\Java\javapath;C:\Windows\system32;C:\Windows;C:\Windows\System32\Wbem;C:\Windows\System32\WindowsPowerShell\v1.0\;C:\Program Files\Java\jdk-10\bin;G:\0 code\Python\Scripts\;G:\0 code\Python\;C:\Users\Administrator\AppData\Local\GitHubDesktop\bin
USERNAME=Administrator
OS=Windows_NT
PROCESSOR_IDENTIFIER=AMD64 Family 18 Model 1 Stepping 0, AuthenticAMD



---------------  S Y S T E M  ---------------

OS: Windows 7 , 64 bit Build 7601 (6.1.7601.23864)

CPU:total 4 (initial active 4) (4 cores per cpu, 1 threads per core) family 18 model 1 stepping 0, cmov, cx8, fxsr, mmx, sse, sse2, sse3, popcnt, mmxext, 3dnowpref, lzcnt, sse4a, tsc, tscinvbit, tscinv

Memory: 4k page, physical 3643504k(1007076k free), swap 7285148k(2731384k free)

vm_info: Java HotSpot(TM) 64-Bit Server VM (10+46) for windows-amd64 JRE (10+46), built on Mar  8 2018 02:11:18 by "mach5one" with MS VC++ 12.0 (VS2013)

END.
