#
# A fatal error has been detected by the Java Runtime Environment:
#
#  Internal Error (t:/workspace/open/src/hotspot/share/oops/generateOopMap.cpp:1632), pid=5792, tid=3256
#  Error: ShouldNotReachHere()
#
# JRE version: Java(TM) SE Runtime Environment (10.0+46) (build 10+46)
# Java VM: Java HotSpot(TM) 64-Bit Server VM (10+46, mixed mode, tiered, compressed oops, g1 gc, windows-amd64)
# No core dump will be written. Minidumps are not enabled by default on client versions of Windows
#
# If you would like to submit a bug report, please visit:
#   http://bugreport.java.com/bugreport/crash.jsp
#

---------------  S U M M A R Y ------------

Command Line: -agentlib:jdwp=transport=dt_socket,address=127.0.0.1:50469,suspend=y,server=n -javaagent:C:\Users\Administrator\AppData\Local\Temp\capture8722jars\debugger-agent.jar=file:/C:/Users/Administrator/AppData/Local/Temp/capture1.props -Dfile.encoding=UTF-8 A

Host: AMD A6-3400M APU with Radeon(tm) HD Graphics, 4 cores, 3G,  Windows 7 , 64 bit Build 7601 (6.1.7601.23864)
Time: Sun Jun 03 01:07:52 2018 ?D1¨²¡À¨º¡Á?¨º¡À?? elapsed time: 533 seconds (0d 0h 8m 53s)

---------------  T H R E A D  ---------------

Current thread (0x0000000022cdd800):  VMThread "VM Thread" [stack: 0x0000000022e90000,0x0000000022f90000] [id=3256]

Stack: [0x0000000022e90000,0x0000000022f90000]
[error occurred during error reporting (printing stack bounds), id 0xe0000000]

Native frames: (J=compiled Java code, j=interpreted, Vv=VM code, C=native code)
V  [jvm.dll+0x59fbf9]
V  [jvm.dll+0x6bca11]
V  [jvm.dll+0x6bdc06]
V  [jvm.dll+0x6be1f5]
V  [jvm.dll+0x6be1ab]
V  [jvm.dll+0x59f3f3]
V  [jvm.dll+0x59f7f8]
C  [ntdll.dll+0x2812d]
C  [ntdll.dll+0x1855f]
C  [ntdll.dll+0x4bcb8]
C  0x000000000da40ea7

VM_Operation (0x0000000023fff170): GetOrSetLocal, mode: safepoint, requested by thread 0x0000000023d16800


---------------  P R O C E S S  ---------------

Threads class SMR info:
_java_thread_list=0x0000000023d75ef0, length=14, elements={
0x00000000002c3800, 0x0000000022cf1000, 0x0000000022cf4000, 0x0000000022ceb800,
0x0000000022ced000, 0x0000000022cee000, 0x0000000022d02000, 0x0000000022d03000,
0x0000000022d85000, 0x0000000023d16800, 0x0000000023cdf800, 0x0000000023e47000,
0x0000000023cff800, 0x0000000023d74000
}

Java Threads: ( => current thread )
  0x00000000002c3800 JavaThread "main" [_thread_blocked, id=6048, stack(0x00000000024a0000,0x00000000025a0000)]
  0x0000000022cf1000 JavaThread "Reference Handler" daemon [_thread_blocked, id=5928, stack(0x0000000023090000,0x0000000023190000)]
  0x0000000022cf4000 JavaThread "Finalizer" daemon [_thread_blocked, id=4876, stack(0x0000000023260000,0x0000000023360000)]
  0x0000000022ceb800 JavaThread "Signal Dispatcher" daemon [_thread_blocked, id=4272, stack(0x00000000233b0000,0x00000000234b0000)]
  0x0000000022ced000 JavaThread "Attach Listener" daemon [_thread_blocked, id=4688, stack(0x0000000023530000,0x0000000023630000)]
  0x0000000022cee000 JavaThread "C2 CompilerThread0" daemon [_thread_blocked, id=3288, stack(0x0000000023780000,0x0000000023880000)]
  0x0000000022d02000 JavaThread "C2 CompilerThread1" daemon [_thread_blocked, id=5284, stack(0x0000000021fe0000,0x00000000220e0000)]
  0x0000000022d03000 JavaThread "C1 CompilerThread2" daemon [_thread_blocked, id=3868, stack(0x0000000022f90000,0x0000000023090000)]
  0x0000000022d85000 JavaThread "Sweeper thread" daemon [_thread_blocked, id=2732, stack(0x0000000023960000,0x0000000023a60000)]
  0x0000000023d16800 JavaThread "JDWP Transport Listener: dt_socket" daemon [_thread_blocked, id=6076, stack(0x0000000023f00000,0x0000000024000000)] _threads_hazard_ptr=0x0000000023d75ef0
  0x0000000023cdf800 JavaThread "JDWP Event Helper Thread" daemon [_thread_blocked, id=4912, stack(0x0000000024150000,0x0000000024250000)]
  0x0000000023e47000 JavaThread "JDWP Command Reader" daemon [_thread_in_native, id=6936, stack(0x0000000024390000,0x0000000024490000)]
  0x0000000023cff800 JavaThread "Common-Cleaner" daemon [_thread_blocked, id=5192, stack(0x0000000024d50000,0x0000000024e50000)]
  0x0000000023d74000 JavaThread "Service Thread" daemon [_thread_blocked, id=7064, stack(0x0000000023640000,0x0000000023740000)]

Other Threads:
=>0x0000000022cdd800 VMThread "VM Thread" [stack: 0x0000000022e90000,0x0000000022f90000] [id=3256]
  0x0000000023d75800 WatcherThread [stack: 0x0000000024ec0000,0x0000000024fc0000] [id=6748]
  0x00000000002dd000 GCTaskThread "GC Thread#0" [stack: 0x000000001cbb0000,0x000000001ccb0000] [id=1104]
  0x00000000002de000 GCTaskThread "GC Thread#1" [stack: 0x000000001cdb0000,0x000000001ceb0000] [id=2764]
  0x00000000002e0800 GCTaskThread "GC Thread#2" [stack: 0x000000001caa0000,0x000000001cba0000] [id=5712]
  0x00000000002e3800 GCTaskThread "GC Thread#3" [stack: 0x000000001ccb0000,0x000000001cdb0000] [id=5320]
  0x0000000000324800 ConcurrentGCThread "G1 Main Marker" [stack: 0x000000001f570000,0x000000001f670000] [id=6476]
  0x00000000002e4800 ConcurrentGCThread "G1 Conc#0" [stack: 0x000000001f770000,0x000000001f870000] [id=3276]
  0x000000000034f800 ConcurrentGCThread "G1 Refine#0" [stack: 0x0000000021c60000,0x0000000021d60000] [id=5300]
  0x000000001f697800 ConcurrentGCThread "G1 Refine#1" [stack: 0x0000000021d80000,0x0000000021e80000] [id=6920]
  0x000000001f69a800 ConcurrentGCThread "G1 Refine#2" [stack: 0x0000000021ee0000,0x0000000021fe0000] [id=3992]
  0x000000001f69c800 ConcurrentGCThread "G1 Refine#3" [stack: 0x0000000022130000,0x0000000022230000] [id=4008]
  0x000000001f69d800 ConcurrentGCThread "G1 Young RemSet Sampling" [stack: 0x0000000022320000,0x0000000022420000] [id=5400]

Threads with active compile tasks:

VM state:at safepoint (normal execution)

VM Mutex/Monitor currently owned by a thread:  ([mutex/lock_event])
[0x00000000002b56f0] Threads_lock - owner thread: 0x0000000022cdd800

Heap address: 0x00000000c8600000, size: 890 MB, Compressed Oops mode: 32-bit
Narrow klass base: 0x0000000000000000, Narrow klass shift: 0
Compressed class space size: 1073741824 Address: 0x000000007fff0000

Heap:
 garbage-first heap   total 57344K, used 3072K [0x00000000c8600000, 0x0000000100000000)
  region size 1024K, 4 young (4096K), 0 survivors (0K)
 Metaspace       used 6174K, capacity 6296K, committed 6528K, reserved 1056768K
  class space    used 502K, capacity 544K, committed 640K, reserved 1048576K
Heap Regions: E=young(eden), S=young(survivor), O=old, HS=humongous(starts), HC=humongous(continues), CS=collection set, F=free, A=archive, TS=gc time stamp, AC=allocation context, TAMS=top-at-mark-start (previous, next)
|   0|0x00000000c8600000, 0x00000000c8600000, 0x00000000c8700000|  0%| F|  |TS  0|AC  0|TAMS 0x00000000c8600000, 0x00000000c8600000|
|   1|0x00000000c8700000, 0x00000000c8700000, 0x00000000c8800000|  0%| F|  |TS  0|AC  0|TAMS 0x00000000c8700000, 0x00000000c8700000|
|   2|0x00000000c8800000, 0x00000000c8800000, 0x00000000c8900000|  0%| F|  |TS  0|AC  0|TAMS 0x00000000c8800000, 0x00000000c8800000|
|   3|0x00000000c8900000, 0x00000000c8900000, 0x00000000c8a00000|  0%| F|  |TS  0|AC  0|TAMS 0x00000000c8900000, 0x00000000c8900000|
|   4|0x00000000c8a00000, 0x00000000c8a00000, 0x00000000c8b00000|  0%| F|  |TS  0|AC  0|TAMS 0x00000000c8a00000, 0x00000000c8a00000|
|   5|0x00000000c8b00000, 0x00000000c8b00000, 0x00000000c8c00000|  0%| F|  |TS  0|AC  0|TAMS 0x00000000c8b00000, 0x00000000c8b00000|
|   6|0x00000000c8c00000, 0x00000000c8c00000, 0x00000000c8d00000|  0%| F|  |TS  0|AC  0|TAMS 0x00000000c8c00000, 0x00000000c8c00000|
|   7|0x00000000c8d00000, 0x00000000c8d00000, 0x00000000c8e00000|  0%| F|  |TS  0|AC  0|TAMS 0x00000000c8d00000, 0x00000000c8d00000|
|   8|0x00000000c8e00000, 0x00000000c8e00000, 0x00000000c8f00000|  0%| F|  |TS  0|AC  0|TAMS 0x00000000c8e00000, 0x00000000c8e00000|
|   9|0x00000000c8f00000, 0x00000000c8f00000, 0x00000000c9000000|  0%| F|  |TS  0|AC  0|TAMS 0x00000000c8f00000, 0x00000000c8f00000|
|  10|0x00000000c9000000, 0x00000000c9000000, 0x00000000c9100000|  0%| F|  |TS  0|AC  0|TAMS 0x00000000c9000000, 0x00000000c9000000|
|  11|0x00000000c9100000, 0x00000000c9100000, 0x00000000c9200000|  0%| F|  |TS  0|AC  0|TAMS 0x00000000c9100000, 0x00000000c9100000|
|  12|0x00000000c9200000, 0x00000000c9200000, 0x00000000c9300000|  0%| F|  |TS  0|AC  0|TAMS 0x00000000c9200000, 0x00000000c9200000|
|  13|0x00000000c9300000, 0x00000000c9300000, 0x00000000c9400000|  0%| F|  |TS  0|AC  0|TAMS 0x00000000c9300000, 0x00000000c9300000|
|  14|0x00000000c9400000, 0x00000000c9400000, 0x00000000c9500000|  0%| F|  |TS  0|AC  0|TAMS 0x00000000c9400000, 0x00000000c9400000|
|  15|0x00000000c9500000, 0x00000000c9500000, 0x00000000c9600000|  0%| F|  |TS  0|AC  0|TAMS 0x00000000c9500000, 0x00000000c9500000|
|  16|0x00000000c9600000, 0x00000000c9600000, 0x00000000c9700000|  0%| F|  |TS  0|AC  0|TAMS 0x00000000c9600000, 0x00000000c9600000|
|  17|0x00000000c9700000, 0x00000000c9700000, 0x00000000c9800000|  0%| F|  |TS  0|AC  0|TAMS 0x00000000c9700000, 0x00000000c9700000|
|  18|0x00000000c9800000, 0x00000000c9800000, 0x00000000c9900000|  0%| F|  |TS  0|AC  0|TAMS 0x00000000c9800000, 0x00000000c9800000|
|  19|0x00000000c9900000, 0x00000000c9900000, 0x00000000c9a00000|  0%| F|  |TS  0|AC  0|TAMS 0x00000000c9900000, 0x00000000c9900000|
|  20|0x00000000c9a00000, 0x00000000c9a00000, 0x00000000c9b00000|  0%| F|  |TS  0|AC  0|TAMS 0x00000000c9a00000, 0x00000000c9a00000|
|  21|0x00000000c9b00000, 0x00000000c9b00000, 0x00000000c9c00000|  0%| F|  |TS  0|AC  0|TAMS 0x00000000c9b00000, 0x00000000c9b00000|
|  22|0x00000000c9c00000, 0x00000000c9c00000, 0x00000000c9d00000|  0%| F|  |TS  0|AC  0|TAMS 0x00000000c9c00000, 0x00000000c9c00000|
|  23|0x00000000c9d00000, 0x00000000c9d00000, 0x00000000c9e00000|  0%| F|  |TS  0|AC  0|TAMS 0x00000000c9d00000, 0x00000000c9d00000|
|  24|0x00000000c9e00000, 0x00000000c9e00000, 0x00000000c9f00000|  0%| F|  |TS  0|AC  0|TAMS 0x00000000c9e00000, 0x00000000c9e00000|
|  25|0x00000000c9f00000, 0x00000000c9f00000, 0x00000000ca000000|  0%| F|  |TS  0|AC  0|TAMS 0x00000000c9f00000, 0x00000000c9f00000|
|  26|0x00000000ca000000, 0x00000000ca000000, 0x00000000ca100000|  0%| F|  |TS  0|AC  0|TAMS 0x00000000ca000000, 0x00000000ca000000|
|  27|0x00000000ca100000, 0x00000000ca100000, 0x00000000ca200000|  0%| F|  |TS  0|AC  0|TAMS 0x00000000ca100000, 0x00000000ca100000|
|  28|0x00000000ca200000, 0x00000000ca200000, 0x00000000ca300000|  0%| F|  |TS  0|AC  0|TAMS 0x00000000ca200000, 0x00000000ca200000|
|  29|0x00000000ca300000, 0x00000000ca300000, 0x00000000ca400000|  0%| F|  |TS  0|AC  0|TAMS 0x00000000ca300000, 0x00000000ca300000|
|  30|0x00000000ca400000, 0x00000000ca400000, 0x00000000ca500000|  0%| F|  |TS  0|AC  0|TAMS 0x00000000ca400000, 0x00000000ca400000|
|  31|0x00000000ca500000, 0x00000000ca500000, 0x00000000ca600000|  0%| F|  |TS  0|AC  0|TAMS 0x00000000ca500000, 0x00000000ca500000|
|  32|0x00000000ca600000, 0x00000000ca600000, 0x00000000ca700000|  0%| F|  |TS  0|AC  0|TAMS 0x00000000ca600000, 0x00000000ca600000|
|  33|0x00000000ca700000, 0x00000000ca700000, 0x00000000ca800000|  0%| F|  |TS  0|AC  0|TAMS 0x00000000ca700000, 0x00000000ca700000|
|  34|0x00000000ca800000, 0x00000000ca800000, 0x00000000ca900000|  0%| F|  |TS  0|AC  0|TAMS 0x00000000ca800000, 0x00000000ca800000|
|  35|0x00000000ca900000, 0x00000000ca900000, 0x00000000caa00000|  0%| F|  |TS  0|AC  0|TAMS 0x00000000ca900000, 0x00000000ca900000|
|  36|0x00000000caa00000, 0x00000000caa00000, 0x00000000cab00000|  0%| F|  |TS  0|AC  0|TAMS 0x00000000caa00000, 0x00000000caa00000|
|  37|0x00000000cab00000, 0x00000000cab00000, 0x00000000cac00000|  0%| F|  |TS  0|AC  0|TAMS 0x00000000cab00000, 0x00000000cab00000|
|  38|0x00000000cac00000, 0x00000000cac00000, 0x00000000cad00000|  0%| F|  |TS  0|AC  0|TAMS 0x00000000cac00000, 0x00000000cac00000|
|  39|0x00000000cad00000, 0x00000000cad00000, 0x00000000cae00000|  0%| F|  |TS  0|AC  0|TAMS 0x00000000cad00000, 0x00000000cad00000|
|  40|0x00000000cae00000, 0x00000000cae00000, 0x00000000caf00000|  0%| F|  |TS  0|AC  0|TAMS 0x00000000cae00000, 0x00000000cae00000|
|  41|0x00000000caf00000, 0x00000000caf00000, 0x00000000cb000000|  0%| F|  |TS  0|AC  0|TAMS 0x00000000caf00000, 0x00000000caf00000|
|  42|0x00000000cb000000, 0x00000000cb000000, 0x00000000cb100000|  0%| F|  |TS  0|AC  0|TAMS 0x00000000cb000000, 0x00000000cb000000|
|  43|0x00000000cb100000, 0x00000000cb100000, 0x00000000cb200000|  0%| F|  |TS  0|AC  0|TAMS 0x00000000cb100000, 0x00000000cb100000|
|  44|0x00000000cb200000, 0x00000000cb200000, 0x00000000cb300000|  0%| F|  |TS  0|AC  0|TAMS 0x00000000cb200000, 0x00000000cb200000|
|  45|0x00000000cb300000, 0x00000000cb300000, 0x00000000cb400000|  0%| F|  |TS  0|AC  0|TAMS 0x00000000cb300000, 0x00000000cb300000|
|  46|0x00000000cb400000, 0x00000000cb400000, 0x00000000cb500000|  0%| F|  |TS  0|AC  0|TAMS 0x00000000cb400000, 0x00000000cb400000|
|  47|0x00000000cb500000, 0x00000000cb500000, 0x00000000cb600000|  0%| F|  |TS  0|AC  0|TAMS 0x00000000cb500000, 0x00000000cb500000|
|  48|0x00000000cb600000, 0x00000000cb600000, 0x00000000cb700000|  0%| F|  |TS  0|AC  0|TAMS 0x00000000cb600000, 0x00000000cb600000|
|  49|0x00000000cb700000, 0x00000000cb700000, 0x00000000cb800000|  0%| F|  |TS  0|AC  0|TAMS 0x00000000cb700000, 0x00000000cb700000|
|  50|0x00000000cb800000, 0x00000000cb800000, 0x00000000cb900000|  0%| F|  |TS  0|AC  0|TAMS 0x00000000cb800000, 0x00000000cb800000|
|  51|0x00000000cb900000, 0x00000000cb900000, 0x00000000cba00000|  0%| F|  |TS  0|AC  0|TAMS 0x00000000cb900000, 0x00000000cb900000|
|  52|0x00000000cba00000, 0x00000000cba90208, 0x00000000cbb00000| 56%| E|  |TS  0|AC  0|TAMS 0x00000000cba00000, 0x00000000cba00000|
|  53|0x00000000cbb00000, 0x00000000cbc00000, 0x00000000cbc00000|100%| E|CS|TS  0|AC  0|TAMS 0x00000000cbb00000, 0x00000000cbb00000|
|  54|0x00000000cbc00000, 0x00000000cbd00000, 0x00000000cbd00000|100%| E|CS|TS  0|AC  0|TAMS 0x00000000cbc00000, 0x00000000cbc00000|
|  55|0x00000000cbd00000, 0x00000000cbe00000, 0x00000000cbe00000|100%| E|CS|TS  0|AC  0|TAMS 0x00000000cbd00000, 0x00000000cbd00000|

Card table byte_map: [0x000000001d4b0000,0x000000001d670000] byte_map_base: 0x000000001ce6d000

Marking Bits (Prev, Next): (CMBitMap*) 0x0000000000323990, (CMBitMap*) 0x00000000003239c8
 Prev Bits: [0x000000001d830000, 0x000000001e618000)
 Next Bits: [0x000000001e620000, 0x000000001f408000)

Polling page: 0x00000000001f0000

CodeHeap 'non-profiled nmethods': size=120064Kb used=114Kb max_used=114Kb free=119949Kb
 bounds [0x0000000015500000, 0x0000000015770000, 0x000000001ca40000]
CodeHeap 'profiled nmethods': size=120000Kb used=423Kb max_used=423Kb free=119576Kb
 bounds [0x000000000dfd0000, 0x000000000e240000, 0x0000000015500000]
CodeHeap 'non-nmethods': size=5696Kb used=1096Kb max_used=1119Kb free=4599Kb
 bounds [0x000000000da40000, 0x000000000dcb0000, 0x000000000dfd0000]
 total_blobs=754 nmethods=333 adapters=254
 compilation: enabled

Compilation events (10 events):
Event: 1.029 Thread 0x0000000022d03000  313       3       sun.invoke.util.Wrapper::forPrimitiveType (49 bytes)
Event: 1.033 Thread 0x0000000022d03000 nmethod 313 0x000000000e037410 code [0x000000000e0377c0, 0x000000000e038e48]
Event: 1.033 Thread 0x0000000022d03000  310       3       java.lang.invoke.LambdaForm$NamedFunction::methodType (23 bytes)
Event: 1.034 Thread 0x0000000022d03000 nmethod 310 0x000000000e039710 code [0x000000000e0398e0, 0x000000000e039b68]
Event: 1.034 Thread 0x0000000022d03000  329       1       java.nio.Buffer::position (5 bytes)
Event: 1.034 Thread 0x0000000022d03000 nmethod 329 0x000000001551c110 code [0x000000001551c2c0, 0x000000001551c3d0]
Event: 1.034 Thread 0x0000000022d03000  334       1       java.nio.Buffer::limit (5 bytes)
Event: 1.034 Thread 0x0000000022d03000 nmethod 334 0x000000001551c490 code [0x000000001551c640, 0x000000001551c750]
Event: 1.034 Thread 0x0000000022d03000  331       1       java.lang.invoke.MethodTypeForm::basicType (5 bytes)
Event: 1.035 Thread 0x0000000022d03000 nmethod 331 0x000000001551c810 code [0x000000001551c9c0, 0x000000001551cad0]

GC Heap History (0 events):
No events

Deoptimization events (2 events):
Event: 0.645 Thread 0x00000000002c3800 Uncommon trap: reason=unstable_if action=reinterpret pc=0x0000000015501eec method=java.lang.String.isLatin1()Z @ 10 c2
Event: 0.678 Thread 0x00000000002c3800 Uncommon trap: reason=unstable_if action=reinterpret pc=0x0000000015502d94 method=java.lang.String.hashCode()I @ 14 c2

Classes redefined (3 events):
Event: 322.365 Thread 0x0000000022cdd800 redefined class name=A, count=1
Event: 413.264 Thread 0x0000000022cdd800 redefined class name=A, count=2
Event: 533.898 Thread 0x0000000022cdd800 redefined class name=A, count=3

Internal exceptions (0 events):
No events

Events (10 events):
Event: 533.942 Executing VM operation: GetFrameLocation done
Event: 533.942 Executing VM operation: GetOrSetLocal
Event: 533.942 Executing VM operation: GetOrSetLocal done
Event: 533.948 Executing VM operation: GetFrameCount
Event: 533.948 Executing VM operation: GetFrameCount done
Event: 533.948 Executing VM operation: GetFrameLocation
Event: 533.948 Executing VM operation: GetFrameLocation done
Event: 533.949 Executing VM operation: GetFrameLocation
Event: 533.949 Executing VM operation: GetFrameLocation done
Event: 533.949 Executing VM operation: GetOrSetLocal


Dynamic libraries:
0x000000013f6d0000 - 0x000000013f70e000 	C:\Program Files\Java\jdk-10\bin\java.exe
0x0000000077bb0000 - 0x0000000077d5a000 	C:\Windows\SYSTEM32\ntdll.dll
0x0000000077a90000 - 0x0000000077baf000 	C:\Windows\system32\kernel32.dll
0x000007fefdaa0000 - 0x000007fefdb0a000 	C:\Windows\system32\KERNELBASE.dll
0x000007fefe130000 - 0x000007fefe20b000 	C:\Windows\system32\ADVAPI32.dll
0x000007fefeb90000 - 0x000007fefec2f000 	C:\Windows\system32\msvcrt.dll
0x000007feffa60000 - 0x000007feffa7f000 	C:\Windows\SYSTEM32\sechost.dll
0x000007fefe6f0000 - 0x000007fefe81d000 	C:\Windows\system32\RPCRT4.dll
0x0000000077990000 - 0x0000000077a8a000 	C:\Windows\system32\USER32.dll
0x000007fefe210000 - 0x000007fefe277000 	C:\Windows\system32\GDI32.dll
0x000007fefdc60000 - 0x000007fefdc6e000 	C:\Windows\system32\LPK.dll
0x000007fefe620000 - 0x000007fefe6eb000 	C:\Windows\system32\USP10.dll
0x000007fefc370000 - 0x000007fefc564000 	C:\Windows\WinSxS\amd64_microsoft.windows.common-controls_6595b64144ccf1df_6.0.7601.18837_none_fa3b1e3d17594757\COMCTL32.dll
0x000007fefe0b0000 - 0x000007fefe121000 	C:\Windows\system32\SHLWAPI.dll
0x000007fefd200000 - 0x000007fefd20c000 	C:\Windows\system32\VERSION.dll
0x000007fefe5f0000 - 0x000007fefe61e000 	C:\Windows\system32\IMM32.DLL
0x000007fefdfa0000 - 0x000007fefe0a9000 	C:\Windows\system32\MSCTF.dll
0x000007fef83f0000 - 0x000007fef84df000 	C:\Program Files\Java\jdk-10\bin\msvcr120.dll
0x000007fef8230000 - 0x000007fef82d6000 	C:\Program Files\Java\jdk-10\bin\msvcp120.dll
0x000000005c180000 - 0x000000005cbef000 	C:\Program Files\Java\jdk-10\bin\server\jvm.dll
0x000007fef6b80000 - 0x000007fef6b89000 	C:\Windows\system32\WSOCK32.dll
0x000007feffbc0000 - 0x000007feffc0d000 	C:\Windows\system32\WS2_32.dll
0x000007feffeb0000 - 0x000007feffeb8000 	C:\Windows\system32\NSI.dll
0x000007fef9250000 - 0x000007fef928b000 	C:\Windows\system32\WINMM.dll
0x0000000077d70000 - 0x0000000077d77000 	C:\Windows\system32\PSAPI.DLL
0x000007fefd1a0000 - 0x000007fefd1af000 	C:\Program Files\Java\jdk-10\bin\verify.dll
0x000007fef3110000 - 0x000007fef3235000 	C:\Windows\system32\DBGHELP.DLL
0x000007fef8200000 - 0x000007fef8227000 	C:\Program Files\Java\jdk-10\bin\java.dll
0x000007fef81c0000 - 0x000007fef81f6000 	C:\Program Files\Java\jdk-10\bin\jdwp.dll
0x000007fef8190000 - 0x000007fef81ba000 	C:\Program Files\Java\jdk-10\bin\instrument.dll
0x000007fefd180000 - 0x000007fefd196000 	C:\Program Files\Java\jdk-10\bin\zip.dll
0x000007fefb710000 - 0x000007fefb71a000 	C:\Program Files\Java\jdk-10\bin\jimage.dll
0x000007fefecb0000 - 0x000007feffa3b000 	C:\Windows\system32\SHELL32.dll
0x000007feffcb0000 - 0x000007feffeac000 	C:\Windows\system32\ole32.dll
0x000007fefd8b0000 - 0x000007fefd8bf000 	C:\Windows\system32\profapi.dll
0x000007fef9c00000 - 0x000007fef9c0a000 	C:\Program Files\Java\jdk-10\bin\dt_socket.dll
0x000007fefcd40000 - 0x000007fefcd95000 	C:\Windows\system32\mswsock.dll
0x000007fefd210000 - 0x000007fefd217000 	C:\Windows\System32\wshtcpip.dll
0x000007fef8170000 - 0x000007fef818a000 	C:\Program Files\Java\jdk-10\bin\net.dll
0x000007fef8890000 - 0x000007fef8901000 	C:\Windows\system32\WINHTTP.dll
0x000007fef8800000 - 0x000007fef8864000 	C:\Windows\system32\webio.dll
0x000007fefcd30000 - 0x000007fefcd37000 	C:\Windows\System32\wship6.dll
0x000007fef8150000 - 0x000007fef8161000 	C:\Program Files\Java\jdk-10\bin\nio.dll

dbghelp: loaded successfully - version: 4.0.5 - missing functions: none
symbol engine: initialized successfully - sym options: 0x614 - pdb path: .;C:\Program Files\Java\jdk-10\bin;C:\Windows\SYSTEM32;C:\Windows\WinSxS\amd64_microsoft.windows.common-controls_6595b64144ccf1df_6.0.7601.18837_none_fa3b1e3d17594757;C:\Program Files\Java\jdk-10\bin\server

VM Arguments:
jvm_args: -agentlib:jdwp=transport=dt_socket,address=127.0.0.1:50469,suspend=y,server=n -javaagent:C:\Users\Administrator\AppData\Local\Temp\capture8722jars\debugger-agent.jar=file:/C:/Users/Administrator/AppData/Local/Temp/capture1.props -Dfile.encoding=UTF-8 
java_command: A
java_class_path (initial): D:\GitBash\CS61B\skeleton-sp18-master\library-sp18\javalib;D:\LCsolution\161. One Edit Distance\out\production\161. One Edit Distance;F:\Program Files\IntelliJ\IntelliJ IDEA Community Edition 2018.1.1\lib\idea_rt.jar
Launcher Type: SUN_STANDARD

Logging:
Log output configuration:
#0: stdout all=warning uptime,level,tags
#1: stderr all=off uptime,level,tags

Environment Variables:
JAVA_HOME=C:\Program Files\Java\jdk-10
PATH=C:\ProgramData\Oracle\Java\javapath;C:\Windows\system32;C:\Windows;C:\Windows\System32\Wbem;C:\Windows\System32\WindowsPowerShell\v1.0\;C:\Program Files\Java\jdk-10\bin;G:\0 code\Python\Scripts\;G:\0 code\Python\;C:\Users\Administrator\AppData\Local\GitHubDesktop\bin
USERNAME=Administrator
OS=Windows_NT
PROCESSOR_IDENTIFIER=AMD64 Family 18 Model 1 Stepping 0, AuthenticAMD



---------------  S Y S T E M  ---------------

OS: Windows 7 , 64 bit Build 7601 (6.1.7601.23864)

CPU:total 4 (initial active 4) (4 cores per cpu, 1 threads per core) family 18 model 1 stepping 0, cmov, cx8, fxsr, mmx, sse, sse2, sse3, popcnt, mmxext, 3dnowpref, lzcnt, sse4a, tsc, tscinvbit, tscinv

Memory: 4k page, physical 3643504k(1007796k free), swap 7285148k(2732020k free)

vm_info: Java HotSpot(TM) 64-Bit Server VM (10+46) for windows-amd64 JRE (10+46), built on Mar  8 2018 02:11:18 by "mach5one" with MS VC++ 12.0 (VS2013)

END.
