#
# A fatal error has been detected by the Java Runtime Environment:
#
#  Internal Error (t:/workspace/open/src/hotspot/share/oops/generateOopMap.cpp:1632), pid=6528, tid=2172
#  Error: ShouldNotReachHere()
#
# JRE version: Java(TM) SE Runtime Environment (10.0+46) (build 10+46)
# Java VM: Java HotSpot(TM) 64-Bit Server VM (10+46, mixed mode, tiered, compressed oops, g1 gc, windows-amd64)
# No core dump will be written. Minidumps are not enabled by default on client versions of Windows
#
# If you would like to submit a bug report, please visit:
#   http://bugreport.java.com/bugreport/crash.jsp
#

---------------  S U M M A R Y ------------

Command Line: -agentlib:jdwp=transport=dt_socket,address=127.0.0.1:50476,suspend=y,server=n -javaagent:C:\Users\Administrator\AppData\Local\Temp\capture11572jars\debugger-agent.jar=file:/C:/Users/Administrator/AppData/Local/Temp/capture1.props -Dfile.encoding=UTF-8 A

Host: AMD A6-3400M APU with Radeon(tm) HD Graphics, 4 cores, 3G,  Windows 7 , 64 bit Build 7601 (6.1.7601.23864)
Time: Sun Jun 03 01:07:52 2018 ?D1¨²¡À¨º¡Á?¨º¡À?? elapsed time: 508 seconds (0d 0h 8m 28s)

---------------  T H R E A D  ---------------

Current thread (0x0000000021e0a000):  VMThread "VM Thread" [stack: 0x00000000232e0000,0x00000000233e0000] [id=2172]

Stack: [0x00000000232e0000,0x00000000233e0000]
[error occurred during error reporting (printing stack bounds), id 0xe0000000]

Native frames: (J=compiled Java code, j=interpreted, Vv=VM code, C=native code)
V  [jvm.dll+0x59fbf9]
V  [jvm.dll+0x6bca11]
V  [jvm.dll+0x6bdc06]
V  [jvm.dll+0x6be1f5]
V  [jvm.dll+0x6be1ab]
V  [jvm.dll+0x59f3f3]
V  [jvm.dll+0x59f7f8]
C  [ntdll.dll+0x2812d]
C  [ntdll.dll+0x1855f]
C  [ntdll.dll+0x4bcb8]
C  0x000000000d900ea7

VM_Operation (0x0000000024e1f520): GetOrSetLocal, mode: safepoint, requested by thread 0x0000000023ff6000


---------------  P R O C E S S  ---------------

Threads class SMR info:
_java_thread_list=0x0000000023fda830, length=14, elements={
0x0000000000393800, 0x0000000021e0d800, 0x0000000021e11000, 0x00000000230ca000,
0x00000000230cb000, 0x00000000230cc800, 0x00000000230d1000, 0x00000000230d2000,
0x00000000230d5000, 0x0000000023ff6000, 0x0000000023f9a800, 0x0000000024332000,
0x000000002434c000, 0x0000000023fd8800
}

Java Threads: ( => current thread )
  0x0000000000393800 JavaThread "main" [_thread_blocked, id=5248, stack(0x0000000002550000,0x0000000002650000)]
  0x0000000021e0d800 JavaThread "Reference Handler" daemon [_thread_blocked, id=5700, stack(0x0000000023510000,0x0000000023610000)]
  0x0000000021e11000 JavaThread "Finalizer" daemon [_thread_blocked, id=4896, stack(0x0000000022060000,0x0000000022160000)]
  0x00000000230ca000 JavaThread "Signal Dispatcher" daemon [_thread_blocked, id=6320, stack(0x00000000237b0000,0x00000000238b0000)]
  0x00000000230cb000 JavaThread "Attach Listener" daemon [_thread_blocked, id=1936, stack(0x0000000023910000,0x0000000023a10000)]
  0x00000000230cc800 JavaThread "C2 CompilerThread0" daemon [_thread_blocked, id=2696, stack(0x0000000023ab0000,0x0000000023bb0000)]
  0x00000000230d1000 JavaThread "C2 CompilerThread1" daemon [_thread_blocked, id=1536, stack(0x0000000023c40000,0x0000000023d40000)]
  0x00000000230d2000 JavaThread "C1 CompilerThread2" daemon [_thread_blocked, id=5720, stack(0x0000000023d80000,0x0000000023e80000)]
  0x00000000230d5000 JavaThread "Sweeper thread" daemon [_thread_blocked, id=6212, stack(0x0000000023680000,0x0000000023780000)]
  0x0000000023ff6000 JavaThread "JDWP Transport Listener: dt_socket" daemon [_thread_blocked, id=6380, stack(0x0000000024d20000,0x0000000024e20000)] _threads_hazard_ptr=0x0000000023fda830
  0x0000000023f9a800 JavaThread "JDWP Event Helper Thread" daemon [_thread_blocked, id=6384, stack(0x00000000233e0000,0x00000000234e0000)]
  0x0000000024332000 JavaThread "JDWP Command Reader" daemon [_thread_in_native, id=6392, stack(0x0000000024ac0000,0x0000000024bc0000)]
  0x000000002434c000 JavaThread "Common-Cleaner" daemon [_thread_blocked, id=6432, stack(0x0000000024e60000,0x0000000024f60000)]
  0x0000000023fd8800 JavaThread "Service Thread" daemon [_thread_blocked, id=6452, stack(0x0000000024fc0000,0x00000000250c0000)]

Other Threads:
=>0x0000000021e0a000 VMThread "VM Thread" [stack: 0x00000000232e0000,0x00000000233e0000] [id=2172]
  0x0000000024120000 WatcherThread [stack: 0x00000000250e0000,0x00000000251e0000] [id=6280]
  0x00000000003ad000 GCTaskThread "GC Thread#0" [stack: 0x000000001cc10000,0x000000001cd10000] [id=6524]
  0x00000000003ae000 GCTaskThread "GC Thread#1" [stack: 0x000000001cec0000,0x000000001cfc0000] [id=6648]
  0x00000000003b0800 GCTaskThread "GC Thread#2" [stack: 0x000000001d0a0000,0x000000001d1a0000] [id=4432]
  0x00000000003b4800 GCTaskThread "GC Thread#3" [stack: 0x000000001d200000,0x000000001d300000] [id=6460]
  0x00000000003e6800 ConcurrentGCThread "G1 Main Marker" [stack: 0x000000001f7a0000,0x000000001f8a0000] [id=6036]
  0x00000000003e8000 ConcurrentGCThread "G1 Conc#0" [stack: 0x000000001f8f0000,0x000000001f9f0000] [id=6332]
  0x000000000041f800 ConcurrentGCThread "G1 Refine#0" [stack: 0x0000000021ef0000,0x0000000021ff0000] [id=3720]
  0x0000000021d32800 ConcurrentGCThread "G1 Refine#1" [stack: 0x0000000022180000,0x0000000022280000] [id=5976]
  0x0000000021d36000 ConcurrentGCThread "G1 Refine#2" [stack: 0x0000000022340000,0x0000000022440000] [id=3832]
  0x0000000021d38000 ConcurrentGCThread "G1 Refine#3" [stack: 0x0000000022540000,0x0000000022640000] [id=3888]
  0x0000000021d39800 ConcurrentGCThread "G1 Young RemSet Sampling" [stack: 0x00000000226f0000,0x00000000227f0000] [id=5956]

Threads with active compile tasks:

VM state:at safepoint (normal execution)

VM Mutex/Monitor currently owned by a thread:  ([mutex/lock_event])
[0x00000000003856f0] Threads_lock - owner thread: 0x0000000021e0a000

Heap address: 0x00000000c8600000, size: 890 MB, Compressed Oops mode: 32-bit
Narrow klass base: 0x0000000000000000, Narrow klass shift: 0
Compressed class space size: 1073741824 Address: 0x000000007fff0000

Heap:
 garbage-first heap   total 57344K, used 4096K [0x00000000c8600000, 0x0000000100000000)
  region size 1024K, 5 young (5120K), 0 survivors (0K)
 Metaspace       used 6165K, capacity 6296K, committed 6528K, reserved 1056768K
  class space    used 502K, capacity 544K, committed 640K, reserved 1048576K
Heap Regions: E=young(eden), S=young(survivor), O=old, HS=humongous(starts), HC=humongous(continues), CS=collection set, F=free, A=archive, TS=gc time stamp, AC=allocation context, TAMS=top-at-mark-start (previous, next)
|   0|0x00000000c8600000, 0x00000000c8600000, 0x00000000c8700000|  0%| F|  |TS  0|AC  0|TAMS 0x00000000c8600000, 0x00000000c8600000|
|   1|0x00000000c8700000, 0x00000000c8700000, 0x00000000c8800000|  0%| F|  |TS  0|AC  0|TAMS 0x00000000c8700000, 0x00000000c8700000|
|   2|0x00000000c8800000, 0x00000000c8800000, 0x00000000c8900000|  0%| F|  |TS  0|AC  0|TAMS 0x00000000c8800000, 0x00000000c8800000|
|   3|0x00000000c8900000, 0x00000000c8900000, 0x00000000c8a00000|  0%| F|  |TS  0|AC  0|TAMS 0x00000000c8900000, 0x00000000c8900000|
|   4|0x00000000c8a00000, 0x00000000c8a00000, 0x00000000c8b00000|  0%| F|  |TS  0|AC  0|TAMS 0x00000000c8a00000, 0x00000000c8a00000|
|   5|0x00000000c8b00000, 0x00000000c8b00000, 0x00000000c8c00000|  0%| F|  |TS  0|AC  0|TAMS 0x00000000c8b00000, 0x00000000c8b00000|
|   6|0x00000000c8c00000, 0x00000000c8c00000, 0x00000000c8d00000|  0%| F|  |TS  0|AC  0|TAMS 0x00000000c8c00000, 0x00000000c8c00000|
|   7|0x00000000c8d00000, 0x00000000c8d00000, 0x00000000c8e00000|  0%| F|  |TS  0|AC  0|TAMS 0x00000000c8d00000, 0x00000000c8d00000|
|   8|0x00000000c8e00000, 0x00000000c8e00000, 0x00000000c8f00000|  0%| F|  |TS  0|AC  0|TAMS 0x00000000c8e00000, 0x00000000c8e00000|
|   9|0x00000000c8f00000, 0x00000000c8f00000, 0x00000000c9000000|  0%| F|  |TS  0|AC  0|TAMS 0x00000000c8f00000, 0x00000000c8f00000|
|  10|0x00000000c9000000, 0x00000000c9000000, 0x00000000c9100000|  0%| F|  |TS  0|AC  0|TAMS 0x00000000c9000000, 0x00000000c9000000|
|  11|0x00000000c9100000, 0x00000000c9100000, 0x00000000c9200000|  0%| F|  |TS  0|AC  0|TAMS 0x00000000c9100000, 0x00000000c9100000|
|  12|0x00000000c9200000, 0x00000000c9200000, 0x00000000c9300000|  0%| F|  |TS  0|AC  0|TAMS 0x00000000c9200000, 0x00000000c9200000|
|  13|0x00000000c9300000, 0x00000000c9300000, 0x00000000c9400000|  0%| F|  |TS  0|AC  0|TAMS 0x00000000c9300000, 0x00000000c9300000|
|  14|0x00000000c9400000, 0x00000000c9400000, 0x00000000c9500000|  0%| F|  |TS  0|AC  0|TAMS 0x00000000c9400000, 0x00000000c9400000|
|  15|0x00000000c9500000, 0x00000000c9500000, 0x00000000c9600000|  0%| F|  |TS  0|AC  0|TAMS 0x00000000c9500000, 0x00000000c9500000|
|  16|0x00000000c9600000, 0x00000000c9600000, 0x00000000c9700000|  0%| F|  |TS  0|AC  0|TAMS 0x00000000c9600000, 0x00000000c9600000|
|  17|0x00000000c9700000, 0x00000000c9700000, 0x00000000c9800000|  0%| F|  |TS  0|AC  0|TAMS 0x00000000c9700000, 0x00000000c9700000|
|  18|0x00000000c9800000, 0x00000000c9800000, 0x00000000c9900000|  0%| F|  |TS  0|AC  0|TAMS 0x00000000c9800000, 0x00000000c9800000|
|  19|0x00000000c9900000, 0x00000000c9900000, 0x00000000c9a00000|  0%| F|  |TS  0|AC  0|TAMS 0x00000000c9900000, 0x00000000c9900000|
|  20|0x00000000c9a00000, 0x00000000c9a00000, 0x00000000c9b00000|  0%| F|  |TS  0|AC  0|TAMS 0x00000000c9a00000, 0x00000000c9a00000|
|  21|0x00000000c9b00000, 0x00000000c9b00000, 0x00000000c9c00000|  0%| F|  |TS  0|AC  0|TAMS 0x00000000c9b00000, 0x00000000c9b00000|
|  22|0x00000000c9c00000, 0x00000000c9c00000, 0x00000000c9d00000|  0%| F|  |TS  0|AC  0|TAMS 0x00000000c9c00000, 0x00000000c9c00000|
|  23|0x00000000c9d00000, 0x00000000c9d00000, 0x00000000c9e00000|  0%| F|  |TS  0|AC  0|TAMS 0x00000000c9d00000, 0x00000000c9d00000|
|  24|0x00000000c9e00000, 0x00000000c9e00000, 0x00000000c9f00000|  0%| F|  |TS  0|AC  0|TAMS 0x00000000c9e00000, 0x00000000c9e00000|
|  25|0x00000000c9f00000, 0x00000000c9f00000, 0x00000000ca000000|  0%| F|  |TS  0|AC  0|TAMS 0x00000000c9f00000, 0x00000000c9f00000|
|  26|0x00000000ca000000, 0x00000000ca000000, 0x00000000ca100000|  0%| F|  |TS  0|AC  0|TAMS 0x00000000ca000000, 0x00000000ca000000|
|  27|0x00000000ca100000, 0x00000000ca100000, 0x00000000ca200000|  0%| F|  |TS  0|AC  0|TAMS 0x00000000ca100000, 0x00000000ca100000|
|  28|0x00000000ca200000, 0x00000000ca200000, 0x00000000ca300000|  0%| F|  |TS  0|AC  0|TAMS 0x00000000ca200000, 0x00000000ca200000|
|  29|0x00000000ca300000, 0x00000000ca300000, 0x00000000ca400000|  0%| F|  |TS  0|AC  0|TAMS 0x00000000ca300000, 0x00000000ca300000|
|  30|0x00000000ca400000, 0x00000000ca400000, 0x00000000ca500000|  0%| F|  |TS  0|AC  0|TAMS 0x00000000ca400000, 0x00000000ca400000|
|  31|0x00000000ca500000, 0x00000000ca500000, 0x00000000ca600000|  0%| F|  |TS  0|AC  0|TAMS 0x00000000ca500000, 0x00000000ca500000|
|  32|0x00000000ca600000, 0x00000000ca600000, 0x00000000ca700000|  0%| F|  |TS  0|AC  0|TAMS 0x00000000ca600000, 0x00000000ca600000|
|  33|0x00000000ca700000, 0x00000000ca700000, 0x00000000ca800000|  0%| F|  |TS  0|AC  0|TAMS 0x00000000ca700000, 0x00000000ca700000|
|  34|0x00000000ca800000, 0x00000000ca800000, 0x00000000ca900000|  0%| F|  |TS  0|AC  0|TAMS 0x00000000ca800000, 0x00000000ca800000|
|  35|0x00000000ca900000, 0x00000000ca900000, 0x00000000caa00000|  0%| F|  |TS  0|AC  0|TAMS 0x00000000ca900000, 0x00000000ca900000|
|  36|0x00000000caa00000, 0x00000000caa00000, 0x00000000cab00000|  0%| F|  |TS  0|AC  0|TAMS 0x00000000caa00000, 0x00000000caa00000|
|  37|0x00000000cab00000, 0x00000000cab00000, 0x00000000cac00000|  0%| F|  |TS  0|AC  0|TAMS 0x00000000cab00000, 0x00000000cab00000|
|  38|0x00000000cac00000, 0x00000000cac00000, 0x00000000cad00000|  0%| F|  |TS  0|AC  0|TAMS 0x00000000cac00000, 0x00000000cac00000|
|  39|0x00000000cad00000, 0x00000000cad00000, 0x00000000cae00000|  0%| F|  |TS  0|AC  0|TAMS 0x00000000cad00000, 0x00000000cad00000|
|  40|0x00000000cae00000, 0x00000000cae00000, 0x00000000caf00000|  0%| F|  |TS  0|AC  0|TAMS 0x00000000cae00000, 0x00000000cae00000|
|  41|0x00000000caf00000, 0x00000000caf00000, 0x00000000cb000000|  0%| F|  |TS  0|AC  0|TAMS 0x00000000caf00000, 0x00000000caf00000|
|  42|0x00000000cb000000, 0x00000000cb000000, 0x00000000cb100000|  0%| F|  |TS  0|AC  0|TAMS 0x00000000cb000000, 0x00000000cb000000|
|  43|0x00000000cb100000, 0x00000000cb100000, 0x00000000cb200000|  0%| F|  |TS  0|AC  0|TAMS 0x00000000cb100000, 0x00000000cb100000|
|  44|0x00000000cb200000, 0x00000000cb200000, 0x00000000cb300000|  0%| F|  |TS  0|AC  0|TAMS 0x00000000cb200000, 0x00000000cb200000|
|  45|0x00000000cb300000, 0x00000000cb300000, 0x00000000cb400000|  0%| F|  |TS  0|AC  0|TAMS 0x00000000cb300000, 0x00000000cb300000|
|  46|0x00000000cb400000, 0x00000000cb400000, 0x00000000cb500000|  0%| F|  |TS  0|AC  0|TAMS 0x00000000cb400000, 0x00000000cb400000|
|  47|0x00000000cb500000, 0x00000000cb500000, 0x00000000cb600000|  0%| F|  |TS  0|AC  0|TAMS 0x00000000cb500000, 0x00000000cb500000|
|  48|0x00000000cb600000, 0x00000000cb600000, 0x00000000cb700000|  0%| F|  |TS  0|AC  0|TAMS 0x00000000cb600000, 0x00000000cb600000|
|  49|0x00000000cb700000, 0x00000000cb700000, 0x00000000cb800000|  0%| F|  |TS  0|AC  0|TAMS 0x00000000cb700000, 0x00000000cb700000|
|  50|0x00000000cb800000, 0x00000000cb800000, 0x00000000cb900000|  0%| F|  |TS  0|AC  0|TAMS 0x00000000cb800000, 0x00000000cb800000|
|  51|0x00000000cb900000, 0x00000000cb948318, 0x00000000cba00000| 28%| E|  |TS  0|AC  0|TAMS 0x00000000cb900000, 0x00000000cb900000|
|  52|0x00000000cba00000, 0x00000000cbb00000, 0x00000000cbb00000|100%| E|CS|TS  0|AC  0|TAMS 0x00000000cba00000, 0x00000000cba00000|
|  53|0x00000000cbb00000, 0x00000000cbc00000, 0x00000000cbc00000|100%| E|CS|TS  0|AC  0|TAMS 0x00000000cbb00000, 0x00000000cbb00000|
|  54|0x00000000cbc00000, 0x00000000cbd00000, 0x00000000cbd00000|100%| E|CS|TS  0|AC  0|TAMS 0x00000000cbc00000, 0x00000000cbc00000|
|  55|0x00000000cbd00000, 0x00000000cbe00000, 0x00000000cbe00000|100%| E|CS|TS  0|AC  0|TAMS 0x00000000cbd00000, 0x00000000cbd00000|

Card table byte_map: [0x000000001d6e0000,0x000000001d8a0000] byte_map_base: 0x000000001d09d000

Marking Bits (Prev, Next): (CMBitMap*) 0x00000000003e5e20, (CMBitMap*) 0x00000000003e5e58
 Prev Bits: [0x000000001da60000, 0x000000001e848000)
 Next Bits: [0x000000001e850000, 0x000000001f638000)

Polling page: 0x00000000001f0000

CodeHeap 'non-profiled nmethods': size=120064Kb used=120Kb max_used=120Kb free=119944Kb
 bounds [0x00000000153c0000, 0x0000000015630000, 0x000000001c900000]
CodeHeap 'profiled nmethods': size=120000Kb used=446Kb max_used=446Kb free=119553Kb
 bounds [0x000000000de90000, 0x000000000e100000, 0x00000000153c0000]
CodeHeap 'non-nmethods': size=5696Kb used=1097Kb max_used=1108Kb free=4599Kb
 bounds [0x000000000d900000, 0x000000000db70000, 0x000000000de90000]
 total_blobs=764 nmethods=343 adapters=254
 compilation: enabled

Compilation events (10 events):
Event: 1.231 Thread 0x00000000230d2000  330       3       jdk.internal.org.objectweb.asm.ClassWriter::newUTF8 (70 bytes)
Event: 1.232 Thread 0x00000000230d2000 nmethod 330 0x000000000defef10 code [0x000000000deff120, 0x000000000deff4f8]
Event: 1.232 Thread 0x00000000230d2000  341       1       java.nio.Buffer::position (5 bytes)
Event: 1.232 Thread 0x00000000230d2000 nmethod 341 0x00000000153dd590 code [0x00000000153dd740, 0x00000000153dd850]
Event: 1.232 Thread 0x00000000230d2000  327       3       java.lang.invoke.LambdaForm$Name::isParam (13 bytes)
Event: 1.232 Thread 0x00000000230d2000 nmethod 327 0x000000000deff710 code [0x000000000deff8c0, 0x000000000deffa70]
Event: 1.232 Thread 0x00000000230d2000  342       1       java.lang.invoke.MethodTypeForm::basicType (5 bytes)
Event: 1.232 Thread 0x00000000230d2000 nmethod 342 0x00000000153dd910 code [0x00000000153ddac0, 0x00000000153ddbd0]
Event: 1.232 Thread 0x00000000230d2000  343       1       java.nio.Buffer::limit (5 bytes)
Event: 1.233 Thread 0x00000000230d2000 nmethod 343 0x00000000153ddc90 code [0x00000000153dde40, 0x00000000153ddf50]

GC Heap History (0 events):
No events

Deoptimization events (1 events):
Event: 0.838 Thread 0x0000000000393800 Uncommon trap: reason=unstable_if action=reinterpret pc=0x00000000153c2014 method=java.lang.String.hashCode()I @ 14 c2

Classes redefined (3 events):
Event: 297.182 Thread 0x0000000021e0a000 redefined class name=A, count=1
Event: 387.824 Thread 0x0000000021e0a000 redefined class name=A, count=2
Event: 508.578 Thread 0x0000000021e0a000 redefined class name=A, count=3

Internal exceptions (0 events):
No events

Events (10 events):
Event: 508.845 Executing VM operation: GetFrameLocation done
Event: 508.845 Executing VM operation: GetOrSetLocal
Event: 508.845 Executing VM operation: GetOrSetLocal done
Event: 508.874 Executing VM operation: GetFrameCount
Event: 508.874 Executing VM operation: GetFrameCount done
Event: 508.874 Executing VM operation: GetFrameLocation
Event: 508.874 Executing VM operation: GetFrameLocation done
Event: 508.874 Executing VM operation: GetFrameLocation
Event: 508.875 Executing VM operation: GetFrameLocation done
Event: 508.875 Executing VM operation: GetOrSetLocal


Dynamic libraries:
0x000000013f6d0000 - 0x000000013f70e000 	C:\Program Files\Java\jdk-10\bin\java.exe
0x0000000077bb0000 - 0x0000000077d5a000 	C:\Windows\SYSTEM32\ntdll.dll
0x0000000077a90000 - 0x0000000077baf000 	C:\Windows\system32\kernel32.dll
0x000007fefdaa0000 - 0x000007fefdb0a000 	C:\Windows\system32\KERNELBASE.dll
0x000007fefe130000 - 0x000007fefe20b000 	C:\Windows\system32\ADVAPI32.dll
0x000007fefeb90000 - 0x000007fefec2f000 	C:\Windows\system32\msvcrt.dll
0x000007feffa60000 - 0x000007feffa7f000 	C:\Windows\SYSTEM32\sechost.dll
0x000007fefe6f0000 - 0x000007fefe81d000 	C:\Windows\system32\RPCRT4.dll
0x0000000077990000 - 0x0000000077a8a000 	C:\Windows\system32\USER32.dll
0x000007fefe210000 - 0x000007fefe277000 	C:\Windows\system32\GDI32.dll
0x000007fefdc60000 - 0x000007fefdc6e000 	C:\Windows\system32\LPK.dll
0x000007fefe620000 - 0x000007fefe6eb000 	C:\Windows\system32\USP10.dll
0x000007fefc370000 - 0x000007fefc564000 	C:\Windows\WinSxS\amd64_microsoft.windows.common-controls_6595b64144ccf1df_6.0.7601.18837_none_fa3b1e3d17594757\COMCTL32.dll
0x000007fefe0b0000 - 0x000007fefe121000 	C:\Windows\system32\SHLWAPI.dll
0x000007fefd200000 - 0x000007fefd20c000 	C:\Windows\system32\VERSION.dll
0x000007fefe5f0000 - 0x000007fefe61e000 	C:\Windows\system32\IMM32.DLL
0x000007fefdfa0000 - 0x000007fefe0a9000 	C:\Windows\system32\MSCTF.dll
0x000007fef83f0000 - 0x000007fef84df000 	C:\Program Files\Java\jdk-10\bin\msvcr120.dll
0x000007fef8230000 - 0x000007fef82d6000 	C:\Program Files\Java\jdk-10\bin\msvcp120.dll
0x000000005c180000 - 0x000000005cbef000 	C:\Program Files\Java\jdk-10\bin\server\jvm.dll
0x000007fef6b80000 - 0x000007fef6b89000 	C:\Windows\system32\WSOCK32.dll
0x000007feffbc0000 - 0x000007feffc0d000 	C:\Windows\system32\WS2_32.dll
0x000007feffeb0000 - 0x000007feffeb8000 	C:\Windows\system32\NSI.dll
0x000007fef9250000 - 0x000007fef928b000 	C:\Windows\system32\WINMM.dll
0x0000000077d70000 - 0x0000000077d77000 	C:\Windows\system32\PSAPI.DLL
0x000007fefd1a0000 - 0x000007fefd1af000 	C:\Program Files\Java\jdk-10\bin\verify.dll
0x000007fef3110000 - 0x000007fef3235000 	C:\Windows\system32\DBGHELP.DLL
0x000007fef8200000 - 0x000007fef8227000 	C:\Program Files\Java\jdk-10\bin\java.dll
0x000007fef81c0000 - 0x000007fef81f6000 	C:\Program Files\Java\jdk-10\bin\jdwp.dll
0x000007fef8190000 - 0x000007fef81ba000 	C:\Program Files\Java\jdk-10\bin\instrument.dll
0x000007fefd180000 - 0x000007fefd196000 	C:\Program Files\Java\jdk-10\bin\zip.dll
0x000007fefb710000 - 0x000007fefb71a000 	C:\Program Files\Java\jdk-10\bin\jimage.dll
0x000007fefecb0000 - 0x000007feffa3b000 	C:\Windows\system32\SHELL32.dll
0x000007feffcb0000 - 0x000007feffeac000 	C:\Windows\system32\ole32.dll
0x000007fefd8b0000 - 0x000007fefd8bf000 	C:\Windows\system32\profapi.dll
0x000007fef9c00000 - 0x000007fef9c0a000 	C:\Program Files\Java\jdk-10\bin\dt_socket.dll
0x000007fefcd40000 - 0x000007fefcd95000 	C:\Windows\system32\mswsock.dll
0x000007fefd210000 - 0x000007fefd217000 	C:\Windows\System32\wshtcpip.dll
0x000007fef8170000 - 0x000007fef818a000 	C:\Program Files\Java\jdk-10\bin\net.dll
0x000007fef8890000 - 0x000007fef8901000 	C:\Windows\system32\WINHTTP.dll
0x000007fef8800000 - 0x000007fef8864000 	C:\Windows\system32\webio.dll
0x000007fefcd30000 - 0x000007fefcd37000 	C:\Windows\System32\wship6.dll
0x000007fef8150000 - 0x000007fef8161000 	C:\Program Files\Java\jdk-10\bin\nio.dll

dbghelp: loaded successfully - version: 4.0.5 - missing functions: none
symbol engine: initialized successfully - sym options: 0x614 - pdb path: .;C:\Program Files\Java\jdk-10\bin;C:\Windows\SYSTEM32;C:\Windows\WinSxS\amd64_microsoft.windows.common-controls_6595b64144ccf1df_6.0.7601.18837_none_fa3b1e3d17594757;C:\Program Files\Java\jdk-10\bin\server

VM Arguments:
jvm_args: -agentlib:jdwp=transport=dt_socket,address=127.0.0.1:50476,suspend=y,server=n -javaagent:C:\Users\Administrator\AppData\Local\Temp\capture11572jars\debugger-agent.jar=file:/C:/Users/Administrator/AppData/Local/Temp/capture1.props -Dfile.encoding=UTF-8 
java_command: A
java_class_path (initial): D:\GitBash\CS61B\skeleton-sp18-master\library-sp18\javalib;D:\LCsolution\161. One Edit Distance\out\production\161. One Edit Distance;F:\Program Files\IntelliJ\IntelliJ IDEA Community Edition 2018.1.1\lib\idea_rt.jar
Launcher Type: SUN_STANDARD

Logging:
Log output configuration:
#0: stdout all=warning uptime,level,tags
#1: stderr all=off uptime,level,tags

Environment Variables:
JAVA_HOME=C:\Program Files\Java\jdk-10
PATH=C:\ProgramData\Oracle\Java\javapath;C:\Windows\system32;C:\Windows;C:\Windows\System32\Wbem;C:\Windows\System32\WindowsPowerShell\v1.0\;C:\Program Files\Java\jdk-10\bin;G:\0 code\Python\Scripts\;G:\0 code\Python\;C:\Users\Administrator\AppData\Local\GitHubDesktop\bin
USERNAME=Administrator
OS=Windows_NT
PROCESSOR_IDENTIFIER=AMD64 Family 18 Model 1 Stepping 0, AuthenticAMD



---------------  S Y S T E M  ---------------

OS: Windows 7 , 64 bit Build 7601 (6.1.7601.23864)

CPU:total 4 (initial active 4) (4 cores per cpu, 1 threads per core) family 18 model 1 stepping 0, cmov, cx8, fxsr, mmx, sse, sse2, sse3, popcnt, mmxext, 3dnowpref, lzcnt, sse4a, tsc, tscinvbit, tscinv

Memory: 4k page, physical 3643504k(991844k free), swap 7285148k(2599800k free)

vm_info: Java HotSpot(TM) 64-Bit Server VM (10+46) for windows-amd64 JRE (10+46), built on Mar  8 2018 02:11:18 by "mach5one" with MS VC++ 12.0 (VS2013)

END.
