#
# A fatal error has been detected by the Java Runtime Environment:
#
#  Internal Error (t:/workspace/open/src/hotspot/share/oops/generateOopMap.cpp:1632), pid=6092, tid=6036
#  Error: ShouldNotReachHere()
#
# JRE version: Java(TM) SE Runtime Environment (10.0+46) (build 10+46)
# Java VM: Java HotSpot(TM) 64-Bit Server VM (10+46, mixed mode, tiered, compressed oops, g1 gc, windows-amd64)
# No core dump will be written. Minidumps are not enabled by default on client versions of Windows
#
# If you would like to submit a bug report, please visit:
#   http://bugreport.java.com/bugreport/crash.jsp
#

---------------  S U M M A R Y ------------

Command Line: -agentlib:jdwp=transport=dt_socket,address=127.0.0.1:49723,suspend=y,server=n -javaagent:C:\Users\Administrator\AppData\Local\Temp\capture9060jars\debugger-agent.jar=file:/C:/Users/Administrator/AppData/Local/Temp/capture1.props -Dfile.encoding=UTF-8 A

Host: AMD A6-3400M APU with Radeon(tm) HD Graphics, 4 cores, 3G,  Windows 7 , 64 bit Build 7601 (6.1.7601.23864)
Time: Sun Jun 03 00:28:45 2018 ?D1¨²¡À¨º¡Á?¨º¡À?? elapsed time: 1668 seconds (0d 0h 27m 48s)

---------------  T H R E A D  ---------------

Current thread (0x0000000021e21000):  VMThread "VM Thread" [stack: 0x00000000631a0000,0x00000000632a0000] [id=6036]

Stack: [0x00000000631a0000,0x00000000632a0000]
[error occurred during error reporting (printing stack bounds), id 0xe0000000]

Native frames: (J=compiled Java code, j=interpreted, Vv=VM code, C=native code)
V  [jvm.dll+0x59fbf9]
V  [jvm.dll+0x6bca11]
V  [jvm.dll+0x6bdc06]
V  [jvm.dll+0x6be1f5]
V  [jvm.dll+0x6be1ab]
V  [jvm.dll+0x59f3f3]
V  [jvm.dll+0x59f7f8]
C  [ntdll.dll+0x2812d]
C  [ntdll.dll+0x1855f]
C  [ntdll.dll+0x4bcb8]
C  0x000000000dcf0ea7

VM_Operation (0x000000006449f540): GetOrSetLocal, mode: safepoint, requested by thread 0x0000000063fcd000


---------------  P R O C E S S  ---------------

Threads class SMR info:
_java_thread_list=0x0000000063f763f0, length=14, elements={
0x00000000004c3800, 0x0000000021e24800, 0x0000000021e27800, 0x0000000062eb3000,
0x0000000062eb4000, 0x0000000062eb5000, 0x0000000062eb5800, 0x0000000062ed3800,
0x0000000062ed6000, 0x0000000063fcd000, 0x0000000063fe1000, 0x0000000063f94000,
0x000000006404b800, 0x0000000063ff2800
}

Java Threads: ( => current thread )
  0x00000000004c3800 JavaThread "main" [_thread_blocked, id=3884, stack(0x0000000002350000,0x0000000002450000)]
  0x0000000021e24800 JavaThread "Reference Handler" daemon [_thread_blocked, id=5916, stack(0x0000000063380000,0x0000000063480000)]
  0x0000000021e27800 JavaThread "Finalizer" daemon [_thread_blocked, id=1504, stack(0x00000000634c0000,0x00000000635c0000)]
  0x0000000062eb3000 JavaThread "Signal Dispatcher" daemon [_thread_blocked, id=5904, stack(0x0000000063600000,0x0000000063700000)]
  0x0000000062eb4000 JavaThread "Attach Listener" daemon [_thread_blocked, id=3248, stack(0x00000000630a0000,0x00000000631a0000)]
  0x0000000062eb5000 JavaThread "C2 CompilerThread0" daemon [_thread_blocked, id=5452, stack(0x0000000063770000,0x0000000063870000)]
  0x0000000062eb5800 JavaThread "C2 CompilerThread1" daemon [_thread_blocked, id=3692, stack(0x00000000639f0000,0x0000000063af0000)]
  0x0000000062ed3800 JavaThread "C1 CompilerThread2" daemon [_thread_blocked, id=2052, stack(0x00000000220d0000,0x00000000221d0000)]
  0x0000000062ed6000 JavaThread "Sweeper thread" daemon [_thread_blocked, id=5204, stack(0x0000000063c50000,0x0000000063d50000)]
  0x0000000063fcd000 JavaThread "JDWP Transport Listener: dt_socket" daemon [_thread_blocked, id=4492, stack(0x00000000643a0000,0x00000000644a0000)] _threads_hazard_ptr=0x0000000063f763f0
  0x0000000063fe1000 JavaThread "JDWP Event Helper Thread" daemon [_thread_blocked, id=1392, stack(0x0000000063b20000,0x0000000063c20000)]
  0x0000000063f94000 JavaThread "JDWP Command Reader" daemon [_thread_in_native, id=5464, stack(0x0000000063880000,0x0000000063980000)]
  0x000000006404b800 JavaThread "Common-Cleaner" daemon [_thread_blocked, id=2800, stack(0x00000000644e0000,0x00000000645e0000)]
  0x0000000063ff2800 JavaThread "Service Thread" daemon [_thread_blocked, id=3804, stack(0x0000000064720000,0x0000000064820000)]

Other Threads:
=>0x0000000021e21000 VMThread "VM Thread" [stack: 0x00000000631a0000,0x00000000632a0000] [id=6036]
  0x0000000063ff4000 WatcherThread [stack: 0x0000000064610000,0x0000000064710000] [id=4704]
  0x00000000004dd000 GCTaskThread "GC Thread#0" [stack: 0x000000001cd00000,0x000000001ce00000] [id=3964]
  0x00000000004de000 GCTaskThread "GC Thread#1" [stack: 0x000000001ce10000,0x000000001cf10000] [id=3972]
  0x00000000004df800 GCTaskThread "GC Thread#2" [stack: 0x000000001cf50000,0x000000001d050000] [id=3892]
  0x00000000004e3000 GCTaskThread "GC Thread#3" [stack: 0x00000000027e0000,0x00000000028e0000] [id=4164]
  0x0000000000514800 ConcurrentGCThread "G1 Main Marker" [stack: 0x000000001f770000,0x000000001f870000] [id=980]
  0x0000000000518000 ConcurrentGCThread "G1 Conc#0" [stack: 0x000000001f900000,0x000000001fa00000] [id=2212]
  0x0000000021d42000 ConcurrentGCThread "G1 Refine#0" [stack: 0x0000000021fb0000,0x00000000220b0000] [id=5360]
  0x0000000021d43000 ConcurrentGCThread "G1 Refine#1" [stack: 0x00000000221e0000,0x00000000222e0000] [id=2032]
  0x0000000021d45800 ConcurrentGCThread "G1 Refine#2" [stack: 0x0000000022300000,0x0000000022400000] [id=5396]
  0x0000000021d48000 ConcurrentGCThread "G1 Refine#3" [stack: 0x00000000224f0000,0x00000000225f0000] [id=5640]
  0x0000000021d51000 ConcurrentGCThread "G1 Young RemSet Sampling" [stack: 0x0000000021e40000,0x0000000021f40000] [id=5696]

Threads with active compile tasks:

VM state:at safepoint (normal execution)

VM Mutex/Monitor currently owned by a thread:  ([mutex/lock_event])
[0x00000000004b56f0] Threads_lock - owner thread: 0x0000000021e21000

Heap address: 0x00000000c8600000, size: 890 MB, Compressed Oops mode: 32-bit
Narrow klass base: 0x0000000000000000, Narrow klass shift: 0
Compressed class space size: 1073741824 Address: 0x00000000225f0000

Heap:
 garbage-first heap   total 57344K, used 2048K [0x00000000c8600000, 0x0000000100000000)
  region size 1024K, 3 young (3072K), 0 survivors (0K)
 Metaspace       used 5208K, capacity 5328K, committed 5376K, reserved 1056768K
  class space    used 438K, capacity 496K, committed 512K, reserved 1048576K
Heap Regions: E=young(eden), S=young(survivor), O=old, HS=humongous(starts), HC=humongous(continues), CS=collection set, F=free, A=archive, TS=gc time stamp, AC=allocation context, TAMS=top-at-mark-start (previous, next)
|   0|0x00000000c8600000, 0x00000000c8600000, 0x00000000c8700000|  0%| F|  |TS  0|AC  0|TAMS 0x00000000c8600000, 0x00000000c8600000|
|   1|0x00000000c8700000, 0x00000000c8700000, 0x00000000c8800000|  0%| F|  |TS  0|AC  0|TAMS 0x00000000c8700000, 0x00000000c8700000|
|   2|0x00000000c8800000, 0x00000000c8800000, 0x00000000c8900000|  0%| F|  |TS  0|AC  0|TAMS 0x00000000c8800000, 0x00000000c8800000|
|   3|0x00000000c8900000, 0x00000000c8900000, 0x00000000c8a00000|  0%| F|  |TS  0|AC  0|TAMS 0x00000000c8900000, 0x00000000c8900000|
|   4|0x00000000c8a00000, 0x00000000c8a00000, 0x00000000c8b00000|  0%| F|  |TS  0|AC  0|TAMS 0x00000000c8a00000, 0x00000000c8a00000|
|   5|0x00000000c8b00000, 0x00000000c8b00000, 0x00000000c8c00000|  0%| F|  |TS  0|AC  0|TAMS 0x00000000c8b00000, 0x00000000c8b00000|
|   6|0x00000000c8c00000, 0x00000000c8c00000, 0x00000000c8d00000|  0%| F|  |TS  0|AC  0|TAMS 0x00000000c8c00000, 0x00000000c8c00000|
|   7|0x00000000c8d00000, 0x00000000c8d00000, 0x00000000c8e00000|  0%| F|  |TS  0|AC  0|TAMS 0x00000000c8d00000, 0x00000000c8d00000|
|   8|0x00000000c8e00000, 0x00000000c8e00000, 0x00000000c8f00000|  0%| F|  |TS  0|AC  0|TAMS 0x00000000c8e00000, 0x00000000c8e00000|
|   9|0x00000000c8f00000, 0x00000000c8f00000, 0x00000000c9000000|  0%| F|  |TS  0|AC  0|TAMS 0x00000000c8f00000, 0x00000000c8f00000|
|  10|0x00000000c9000000, 0x00000000c9000000, 0x00000000c9100000|  0%| F|  |TS  0|AC  0|TAMS 0x00000000c9000000, 0x00000000c9000000|
|  11|0x00000000c9100000, 0x00000000c9100000, 0x00000000c9200000|  0%| F|  |TS  0|AC  0|TAMS 0x00000000c9100000, 0x00000000c9100000|
|  12|0x00000000c9200000, 0x00000000c9200000, 0x00000000c9300000|  0%| F|  |TS  0|AC  0|TAMS 0x00000000c9200000, 0x00000000c9200000|
|  13|0x00000000c9300000, 0x00000000c9300000, 0x00000000c9400000|  0%| F|  |TS  0|AC  0|TAMS 0x00000000c9300000, 0x00000000c9300000|
|  14|0x00000000c9400000, 0x00000000c9400000, 0x00000000c9500000|  0%| F|  |TS  0|AC  0|TAMS 0x00000000c9400000, 0x00000000c9400000|
|  15|0x00000000c9500000, 0x00000000c9500000, 0x00000000c9600000|  0%| F|  |TS  0|AC  0|TAMS 0x00000000c9500000, 0x00000000c9500000|
|  16|0x00000000c9600000, 0x00000000c9600000, 0x00000000c9700000|  0%| F|  |TS  0|AC  0|TAMS 0x00000000c9600000, 0x00000000c9600000|
|  17|0x00000000c9700000, 0x00000000c9700000, 0x00000000c9800000|  0%| F|  |TS  0|AC  0|TAMS 0x00000000c9700000, 0x00000000c9700000|
|  18|0x00000000c9800000, 0x00000000c9800000, 0x00000000c9900000|  0%| F|  |TS  0|AC  0|TAMS 0x00000000c9800000, 0x00000000c9800000|
|  19|0x00000000c9900000, 0x00000000c9900000, 0x00000000c9a00000|  0%| F|  |TS  0|AC  0|TAMS 0x00000000c9900000, 0x00000000c9900000|
|  20|0x00000000c9a00000, 0x00000000c9a00000, 0x00000000c9b00000|  0%| F|  |TS  0|AC  0|TAMS 0x00000000c9a00000, 0x00000000c9a00000|
|  21|0x00000000c9b00000, 0x00000000c9b00000, 0x00000000c9c00000|  0%| F|  |TS  0|AC  0|TAMS 0x00000000c9b00000, 0x00000000c9b00000|
|  22|0x00000000c9c00000, 0x00000000c9c00000, 0x00000000c9d00000|  0%| F|  |TS  0|AC  0|TAMS 0x00000000c9c00000, 0x00000000c9c00000|
|  23|0x00000000c9d00000, 0x00000000c9d00000, 0x00000000c9e00000|  0%| F|  |TS  0|AC  0|TAMS 0x00000000c9d00000, 0x00000000c9d00000|
|  24|0x00000000c9e00000, 0x00000000c9e00000, 0x00000000c9f00000|  0%| F|  |TS  0|AC  0|TAMS 0x00000000c9e00000, 0x00000000c9e00000|
|  25|0x00000000c9f00000, 0x00000000c9f00000, 0x00000000ca000000|  0%| F|  |TS  0|AC  0|TAMS 0x00000000c9f00000, 0x00000000c9f00000|
|  26|0x00000000ca000000, 0x00000000ca000000, 0x00000000ca100000|  0%| F|  |TS  0|AC  0|TAMS 0x00000000ca000000, 0x00000000ca000000|
|  27|0x00000000ca100000, 0x00000000ca100000, 0x00000000ca200000|  0%| F|  |TS  0|AC  0|TAMS 0x00000000ca100000, 0x00000000ca100000|
|  28|0x00000000ca200000, 0x00000000ca200000, 0x00000000ca300000|  0%| F|  |TS  0|AC  0|TAMS 0x00000000ca200000, 0x00000000ca200000|
|  29|0x00000000ca300000, 0x00000000ca300000, 0x00000000ca400000|  0%| F|  |TS  0|AC  0|TAMS 0x00000000ca300000, 0x00000000ca300000|
|  30|0x00000000ca400000, 0x00000000ca400000, 0x00000000ca500000|  0%| F|  |TS  0|AC  0|TAMS 0x00000000ca400000, 0x00000000ca400000|
|  31|0x00000000ca500000, 0x00000000ca500000, 0x00000000ca600000|  0%| F|  |TS  0|AC  0|TAMS 0x00000000ca500000, 0x00000000ca500000|
|  32|0x00000000ca600000, 0x00000000ca600000, 0x00000000ca700000|  0%| F|  |TS  0|AC  0|TAMS 0x00000000ca600000, 0x00000000ca600000|
|  33|0x00000000ca700000, 0x00000000ca700000, 0x00000000ca800000|  0%| F|  |TS  0|AC  0|TAMS 0x00000000ca700000, 0x00000000ca700000|
|  34|0x00000000ca800000, 0x00000000ca800000, 0x00000000ca900000|  0%| F|  |TS  0|AC  0|TAMS 0x00000000ca800000, 0x00000000ca800000|
|  35|0x00000000ca900000, 0x00000000ca900000, 0x00000000caa00000|  0%| F|  |TS  0|AC  0|TAMS 0x00000000ca900000, 0x00000000ca900000|
|  36|0x00000000caa00000, 0x00000000caa00000, 0x00000000cab00000|  0%| F|  |TS  0|AC  0|TAMS 0x00000000caa00000, 0x00000000caa00000|
|  37|0x00000000cab00000, 0x00000000cab00000, 0x00000000cac00000|  0%| F|  |TS  0|AC  0|TAMS 0x00000000cab00000, 0x00000000cab00000|
|  38|0x00000000cac00000, 0x00000000cac00000, 0x00000000cad00000|  0%| F|  |TS  0|AC  0|TAMS 0x00000000cac00000, 0x00000000cac00000|
|  39|0x00000000cad00000, 0x00000000cad00000, 0x00000000cae00000|  0%| F|  |TS  0|AC  0|TAMS 0x00000000cad00000, 0x00000000cad00000|
|  40|0x00000000cae00000, 0x00000000cae00000, 0x00000000caf00000|  0%| F|  |TS  0|AC  0|TAMS 0x00000000cae00000, 0x00000000cae00000|
|  41|0x00000000caf00000, 0x00000000caf00000, 0x00000000cb000000|  0%| F|  |TS  0|AC  0|TAMS 0x00000000caf00000, 0x00000000caf00000|
|  42|0x00000000cb000000, 0x00000000cb000000, 0x00000000cb100000|  0%| F|  |TS  0|AC  0|TAMS 0x00000000cb000000, 0x00000000cb000000|
|  43|0x00000000cb100000, 0x00000000cb100000, 0x00000000cb200000|  0%| F|  |TS  0|AC  0|TAMS 0x00000000cb100000, 0x00000000cb100000|
|  44|0x00000000cb200000, 0x00000000cb200000, 0x00000000cb300000|  0%| F|  |TS  0|AC  0|TAMS 0x00000000cb200000, 0x00000000cb200000|
|  45|0x00000000cb300000, 0x00000000cb300000, 0x00000000cb400000|  0%| F|  |TS  0|AC  0|TAMS 0x00000000cb300000, 0x00000000cb300000|
|  46|0x00000000cb400000, 0x00000000cb400000, 0x00000000cb500000|  0%| F|  |TS  0|AC  0|TAMS 0x00000000cb400000, 0x00000000cb400000|
|  47|0x00000000cb500000, 0x00000000cb500000, 0x00000000cb600000|  0%| F|  |TS  0|AC  0|TAMS 0x00000000cb500000, 0x00000000cb500000|
|  48|0x00000000cb600000, 0x00000000cb600000, 0x00000000cb700000|  0%| F|  |TS  0|AC  0|TAMS 0x00000000cb600000, 0x00000000cb600000|
|  49|0x00000000cb700000, 0x00000000cb700000, 0x00000000cb800000|  0%| F|  |TS  0|AC  0|TAMS 0x00000000cb700000, 0x00000000cb700000|
|  50|0x00000000cb800000, 0x00000000cb800000, 0x00000000cb900000|  0%| F|  |TS  0|AC  0|TAMS 0x00000000cb800000, 0x00000000cb800000|
|  51|0x00000000cb900000, 0x00000000cb900000, 0x00000000cba00000|  0%| F|  |TS  0|AC  0|TAMS 0x00000000cb900000, 0x00000000cb900000|
|  52|0x00000000cba00000, 0x00000000cba00000, 0x00000000cbb00000|  0%| F|  |TS  0|AC  0|TAMS 0x00000000cba00000, 0x00000000cba00000|
|  53|0x00000000cbb00000, 0x00000000cbbdbae8, 0x00000000cbc00000| 85%| E|  |TS  0|AC  0|TAMS 0x00000000cbb00000, 0x00000000cbb00000|
|  54|0x00000000cbc00000, 0x00000000cbd00000, 0x00000000cbd00000|100%| E|CS|TS  0|AC  0|TAMS 0x00000000cbc00000, 0x00000000cbc00000|
|  55|0x00000000cbd00000, 0x00000000cbe00000, 0x00000000cbe00000|100%| E|CS|TS  0|AC  0|TAMS 0x00000000cbd00000, 0x00000000cbd00000|

Card table byte_map: [0x000000001d650000,0x000000001d810000] byte_map_base: 0x000000001d00d000

Marking Bits (Prev, Next): (CMBitMap*) 0x0000000000513b30, (CMBitMap*) 0x0000000000513b68
 Prev Bits: [0x000000001d9d0000, 0x000000001e7b8000)
 Next Bits: [0x000000001e7c0000, 0x000000001f5a8000)

Polling page: 0x00000000000f0000

CodeHeap 'non-profiled nmethods': size=120064Kb used=68Kb max_used=68Kb free=119995Kb
 bounds [0x00000000157b0000, 0x0000000015a20000, 0x000000001ccf0000]
CodeHeap 'profiled nmethods': size=120000Kb used=256Kb max_used=256Kb free=119743Kb
 bounds [0x000000000e280000, 0x000000000e4f0000, 0x00000000157b0000]
CodeHeap 'non-nmethods': size=5696Kb used=1070Kb max_used=1081Kb free=4626Kb
 bounds [0x000000000dcf0000, 0x000000000df60000, 0x000000000e280000]
 total_blobs=576 nmethods=202 adapters=211
 compilation: enabled

Compilation events (10 events):
Event: 0.631 Thread 0x0000000062ed3800 nmethod 199 0x000000000e2be890 code [0x000000000e2bea60, 0x000000000e2bed10]
Event: 0.631 Thread 0x0000000062ed3800  200       3       java.lang.String::startsWith (7 bytes)
Event: 0.632 Thread 0x0000000062ed3800 nmethod 200 0x000000000e2bee90 code [0x000000000e2bf040, 0x000000000e2bf1e8]
Event: 0.634 Thread 0x0000000062ed3800  201       3       java.lang.StringLatin1::indexOf (121 bytes)
Event: 0.635 Thread 0x0000000062eb5000 nmethod 198 0x00000000157c0910 code [0x00000000157c0aa0, 0x00000000157c0c38]
Event: 0.635 Thread 0x0000000062ed3800 nmethod 201 0x000000000e2bf290 code [0x000000000e2bf480, 0x000000000e2bf9b0]
Event: 0.635 Thread 0x0000000062ed3800  202       1       java.net.URL::getProtocol (5 bytes)
Event: 0.635 Thread 0x0000000062ed3800 nmethod 202 0x00000000157c0d90 code [0x00000000157c0f40, 0x00000000157c1050]
Event: 0.638 Thread 0x0000000062ed3800  203       3       java.lang.AbstractStringBuilder::<init> (39 bytes)
Event: 0.639 Thread 0x0000000062ed3800 nmethod 203 0x000000000e2bfc10 code [0x000000000e2bfde0, 0x000000000e2c00b0]

GC Heap History (0 events):
No events

Deoptimization events (1 events):
Event: 0.511 Thread 0x00000000004c3800 Uncommon trap: reason=unstable_if action=reinterpret pc=0x00000000157b2b18 method=java.lang.String.hashCode()I @ 14 c2

Classes redefined (5 events):
Event: 410.247 Thread 0x0000000021e21000 redefined class name=A, count=1
Event: 536.786 Thread 0x0000000021e21000 redefined class name=A, count=2
Event: 872.464 Thread 0x0000000021e21000 redefined class name=A, count=3
Event: 1564.297 Thread 0x0000000021e21000 redefined class name=A, count=4
Event: 1667.161 Thread 0x0000000021e21000 redefined class name=A, count=5

Internal exceptions (0 events):
No events

Events (10 events):
Event: 1667.942 Executing VM operation: GetFrameLocation done
Event: 1667.942 Executing VM operation: GetOrSetLocal
Event: 1667.942 Executing VM operation: GetOrSetLocal done
Event: 1667.951 Executing VM operation: GetFrameCount
Event: 1667.951 Executing VM operation: GetFrameCount done
Event: 1667.951 Executing VM operation: GetFrameLocation
Event: 1667.951 Executing VM operation: GetFrameLocation done
Event: 1667.952 Executing VM operation: GetFrameLocation
Event: 1667.952 Executing VM operation: GetFrameLocation done
Event: 1667.953 Executing VM operation: GetOrSetLocal


Dynamic libraries:
0x000000013f7a0000 - 0x000000013f7de000 	C:\Program Files\Java\jdk-10\bin\java.exe
0x0000000077bb0000 - 0x0000000077d5a000 	C:\Windows\SYSTEM32\ntdll.dll
0x0000000077a90000 - 0x0000000077baf000 	C:\Windows\system32\kernel32.dll
0x000007fefdaa0000 - 0x000007fefdb0a000 	C:\Windows\system32\KERNELBASE.dll
0x000007fefe130000 - 0x000007fefe20b000 	C:\Windows\system32\ADVAPI32.dll
0x000007fefeb90000 - 0x000007fefec2f000 	C:\Windows\system32\msvcrt.dll
0x000007feffa60000 - 0x000007feffa7f000 	C:\Windows\SYSTEM32\sechost.dll
0x000007fefe6f0000 - 0x000007fefe81d000 	C:\Windows\system32\RPCRT4.dll
0x0000000077990000 - 0x0000000077a8a000 	C:\Windows\system32\USER32.dll
0x000007fefe210000 - 0x000007fefe277000 	C:\Windows\system32\GDI32.dll
0x000007fefdc60000 - 0x000007fefdc6e000 	C:\Windows\system32\LPK.dll
0x000007fefe620000 - 0x000007fefe6eb000 	C:\Windows\system32\USP10.dll
0x000007fefc370000 - 0x000007fefc564000 	C:\Windows\WinSxS\amd64_microsoft.windows.common-controls_6595b64144ccf1df_6.0.7601.18837_none_fa3b1e3d17594757\COMCTL32.dll
0x000007fefe0b0000 - 0x000007fefe121000 	C:\Windows\system32\SHLWAPI.dll
0x000007fefd200000 - 0x000007fefd20c000 	C:\Windows\system32\VERSION.dll
0x000007fefe5f0000 - 0x000007fefe61e000 	C:\Windows\system32\IMM32.DLL
0x000007fefdfa0000 - 0x000007fefe0a9000 	C:\Windows\system32\MSCTF.dll
0x000007fef4610000 - 0x000007fef46ff000 	C:\Program Files\Java\jdk-10\bin\msvcr120.dll
0x000007fef2dd0000 - 0x000007fef2e76000 	C:\Program Files\Java\jdk-10\bin\msvcp120.dll
0x000000006a390000 - 0x000000006adff000 	C:\Program Files\Java\jdk-10\bin\server\jvm.dll
0x000007fef6b80000 - 0x000007fef6b89000 	C:\Windows\system32\WSOCK32.dll
0x000007feffbc0000 - 0x000007feffc0d000 	C:\Windows\system32\WS2_32.dll
0x000007feffeb0000 - 0x000007feffeb8000 	C:\Windows\system32\NSI.dll
0x000007fef9250000 - 0x000007fef928b000 	C:\Windows\system32\WINMM.dll
0x0000000077d70000 - 0x0000000077d77000 	C:\Windows\system32\PSAPI.DLL
0x000007fef6b00000 - 0x000007fef6b0f000 	C:\Program Files\Java\jdk-10\bin\verify.dll
0x000007fef3110000 - 0x000007fef3235000 	C:\Windows\system32\DBGHELP.DLL
0x000007fef6410000 - 0x000007fef6437000 	C:\Program Files\Java\jdk-10\bin\java.dll
0x000007fef63b0000 - 0x000007fef63e6000 	C:\Program Files\Java\jdk-10\bin\jdwp.dll
0x000007fef6380000 - 0x000007fef63aa000 	C:\Program Files\Java\jdk-10\bin\instrument.dll
0x000007fef63f0000 - 0x000007fef6406000 	C:\Program Files\Java\jdk-10\bin\zip.dll
0x000007fef9c00000 - 0x000007fef9c0a000 	C:\Program Files\Java\jdk-10\bin\jimage.dll
0x000007fefecb0000 - 0x000007feffa3b000 	C:\Windows\system32\SHELL32.dll
0x000007feffcb0000 - 0x000007feffeac000 	C:\Windows\system32\ole32.dll
0x000007fefd8b0000 - 0x000007fefd8bf000 	C:\Windows\system32\profapi.dll
0x000007fef6710000 - 0x000007fef671a000 	C:\Program Files\Java\jdk-10\bin\dt_socket.dll
0x000007fefcd40000 - 0x000007fefcd95000 	C:\Windows\system32\mswsock.dll
0x000007fefd210000 - 0x000007fefd217000 	C:\Windows\System32\wshtcpip.dll
0x000007fef5dc0000 - 0x000007fef5dda000 	C:\Program Files\Java\jdk-10\bin\net.dll
0x000007fef8890000 - 0x000007fef8901000 	C:\Windows\system32\WINHTTP.dll
0x000007fef8800000 - 0x000007fef8864000 	C:\Windows\system32\webio.dll
0x000007fefcd30000 - 0x000007fefcd37000 	C:\Windows\System32\wship6.dll
0x000007fef5da0000 - 0x000007fef5db1000 	C:\Program Files\Java\jdk-10\bin\nio.dll

dbghelp: loaded successfully - version: 4.0.5 - missing functions: none
symbol engine: initialized successfully - sym options: 0x614 - pdb path: .;C:\Program Files\Java\jdk-10\bin;C:\Windows\SYSTEM32;C:\Windows\WinSxS\amd64_microsoft.windows.common-controls_6595b64144ccf1df_6.0.7601.18837_none_fa3b1e3d17594757;C:\Program Files\Java\jdk-10\bin\server

VM Arguments:
jvm_args: -agentlib:jdwp=transport=dt_socket,address=127.0.0.1:49723,suspend=y,server=n -javaagent:C:\Users\Administrator\AppData\Local\Temp\capture9060jars\debugger-agent.jar=file:/C:/Users/Administrator/AppData/Local/Temp/capture1.props -Dfile.encoding=UTF-8 
java_command: A
java_class_path (initial): D:\GitBash\CS61B\skeleton-sp18-master\library-sp18\javalib;D:\LCsolution\161. One Edit Distance\out\production\161. One Edit Distance;F:\Program Files\IntelliJ\IntelliJ IDEA Community Edition 2018.1.1\lib\idea_rt.jar
Launcher Type: SUN_STANDARD

Logging:
Log output configuration:
#0: stdout all=warning uptime,level,tags
#1: stderr all=off uptime,level,tags

Environment Variables:
JAVA_HOME=C:\Program Files\Java\jdk-10
PATH=C:\ProgramData\Oracle\Java\javapath;C:\Windows\system32;C:\Windows;C:\Windows\System32\Wbem;C:\Windows\System32\WindowsPowerShell\v1.0\;C:\Program Files\Java\jdk-10\bin;G:\0 code\Python\Scripts\;G:\0 code\Python\;C:\Users\Administrator\AppData\Local\GitHubDesktop\bin
USERNAME=Administrator
OS=Windows_NT
PROCESSOR_IDENTIFIER=AMD64 Family 18 Model 1 Stepping 0, AuthenticAMD



---------------  S Y S T E M  ---------------

OS: Windows 7 , 64 bit Build 7601 (6.1.7601.23864)

CPU:total 4 (initial active 4) (4 cores per cpu, 1 threads per core) family 18 model 1 stepping 0, cmov, cx8, fxsr, mmx, sse, sse2, sse3, popcnt, mmxext, 3dnowpref, lzcnt, sse4a, tsc, tscinvbit, tscinv

Memory: 4k page, physical 3643504k(744100k free), swap 7285148k(2386532k free)

vm_info: Java HotSpot(TM) 64-Bit Server VM (10+46) for windows-amd64 JRE (10+46), built on Mar  8 2018 02:11:18 by "mach5one" with MS VC++ 12.0 (VS2013)

END.
