#
# A fatal error has been detected by the Java Runtime Environment:
#
#  Internal Error (t:/workspace/open/src/hotspot/share/oops/generateOopMap.cpp:1632), pid=5228, tid=2676
#  Error: ShouldNotReachHere()
#
# JRE version: Java(TM) SE Runtime Environment (10.0+46) (build 10+46)
# Java VM: Java HotSpot(TM) 64-Bit Server VM (10+46, mixed mode, tiered, compressed oops, g1 gc, windows-amd64)
# No core dump will be written. Minidumps are not enabled by default on client versions of Windows
#
# If you would like to submit a bug report, please visit:
#   http://bugreport.java.com/bugreport/crash.jsp
#

---------------  S U M M A R Y ------------

Command Line: -agentlib:jdwp=transport=dt_socket,address=127.0.0.1:49861,suspend=y,server=n -javaagent:C:\Users\Administrator\AppData\Local\Temp\capture5593jars\debugger-agent.jar=file:/C:/Users/Administrator/AppData/Local/Temp/capture1.props -Dfile.encoding=UTF-8 A

Host: AMD A6-3400M APU with Radeon(tm) HD Graphics, 4 cores, 3G,  Windows 7 , 64 bit Build 7601 (6.1.7601.23864)
Time: Tue Jun 12 13:39:17 2018 ?D1¨²¡À¨º¡Á?¨º¡À?? elapsed time: 6788 seconds (0d 1h 53m 8s)

---------------  T H R E A D  ---------------

Current thread (0x0000000021d3f800):  VMThread "VM Thread" [stack: 0x0000000062e20000,0x0000000062f20000] [id=2676]

Stack: [0x0000000062e20000,0x0000000062f20000]
[error occurred during error reporting (printing stack bounds), id 0xe0000000]

Native frames: (J=compiled Java code, j=interpreted, Vv=VM code, C=native code)
V  [jvm.dll+0x59fbf9]
V  [jvm.dll+0x6bca11]
V  [jvm.dll+0x6bdc06]
V  [jvm.dll+0x6be1f5]
V  [jvm.dll+0x6be1ab]
V  [jvm.dll+0x59f3f3]
V  [jvm.dll+0x59f7f8]
C  [ntdll.dll+0x2812d]
C  [ntdll.dll+0x1855f]
C  [ntdll.dll+0x4bcb8]
C  0x000000000d9c0ea7

VM_Operation (0x00000000633ff2e0): GetOrSetLocal, mode: safepoint, requested by thread 0x0000000063d00000


---------------  P R O C E S S  ---------------

Threads class SMR info:
_java_thread_list=0x0000000063c6d640, length=14, elements={
0x0000000000356800, 0x0000000021d42000, 0x0000000021d45800, 0x0000000062bca000,
0x0000000062bcb000, 0x0000000062bcc000, 0x0000000062bd1000, 0x0000000062bd2000,
0x0000000062bd4800, 0x0000000063d00000, 0x0000000063c29000, 0x0000000063c2b800,
0x0000000063c2e800, 0x0000000063c6e800
}

Java Threads: ( => current thread )
  0x0000000000356800 JavaThread "main" [_thread_blocked, id=5808, stack(0x00000000023c0000,0x00000000024c0000)]
  0x0000000021d42000 JavaThread "Reference Handler" daemon [_thread_blocked, id=5264, stack(0x0000000062f80000,0x0000000063080000)]
  0x0000000021d45800 JavaThread "Finalizer" daemon [_thread_blocked, id=5272, stack(0x00000000631d0000,0x00000000632d0000)]
  0x0000000062bca000 JavaThread "Signal Dispatcher" daemon [_thread_blocked, id=1824, stack(0x0000000063420000,0x0000000063520000)]
  0x0000000062bcb000 JavaThread "Attach Listener" daemon [_thread_blocked, id=4084, stack(0x00000000635d0000,0x00000000636d0000)]
  0x0000000062bcc000 JavaThread "C2 CompilerThread0" daemon [_thread_blocked, id=696, stack(0x00000000630b0000,0x00000000631b0000)]
  0x0000000062bd1000 JavaThread "C2 CompilerThread1" daemon [_thread_blocked, id=2812, stack(0x00000000636d0000,0x00000000637d0000)]
  0x0000000062bd2000 JavaThread "C1 CompilerThread2" daemon [_thread_blocked, id=5920, stack(0x0000000063850000,0x0000000063950000)]
  0x0000000062bd4800 JavaThread "Sweeper thread" daemon [_thread_blocked, id=5400, stack(0x0000000063980000,0x0000000063a80000)]
  0x0000000063d00000 JavaThread "JDWP Transport Listener: dt_socket" daemon [_thread_blocked, id=5344, stack(0x0000000063300000,0x0000000063400000)] _threads_hazard_ptr=0x0000000063c6d640
  0x0000000063c29000 JavaThread "JDWP Event Helper Thread" daemon [_thread_blocked, id=5108, stack(0x0000000062d10000,0x0000000062e10000)]
  0x0000000063c2b800 JavaThread "JDWP Command Reader" daemon [_thread_in_native, id=5596, stack(0x0000000063ef0000,0x0000000063ff0000)]
  0x0000000063c2e800 JavaThread "Common-Cleaner" daemon [_thread_blocked, id=2604, stack(0x0000000064140000,0x0000000064240000)]
  0x0000000063c6e800 JavaThread "Service Thread" daemon [_thread_blocked, id=1972, stack(0x0000000064360000,0x0000000064460000)]

Other Threads:
=>0x0000000021d3f800 VMThread "VM Thread" [stack: 0x0000000062e20000,0x0000000062f20000] [id=2676]
  0x0000000063c75800 WatcherThread [stack: 0x0000000064580000,0x0000000064680000] [id=5420]
  0x000000000036e800 GCTaskThread "GC Thread#0" [stack: 0x000000001cc40000,0x000000001cd40000] [id=3540]
  0x0000000000370000 GCTaskThread "GC Thread#1" [stack: 0x000000001cb00000,0x000000001cc00000] [id=3824]
  0x0000000000373800 GCTaskThread "GC Thread#2" [stack: 0x000000001cdf0000,0x000000001cef0000] [id=2664]
  0x0000000000377000 GCTaskThread "GC Thread#3" [stack: 0x000000001cef0000,0x000000001cff0000] [id=3884]
  0x00000000003a9800 ConcurrentGCThread "G1 Main Marker" [stack: 0x000000001f710000,0x000000001f810000] [id=1220]
  0x00000000003aa800 ConcurrentGCThread "G1 Conc#0" [stack: 0x000000001f5c0000,0x000000001f6c0000] [id=5476]
  0x0000000021c60800 ConcurrentGCThread "G1 Refine#0" [stack: 0x0000000021eb0000,0x0000000021fb0000] [id=4184]
  0x00000000003df000 ConcurrentGCThread "G1 Refine#1" [stack: 0x00000000220f0000,0x00000000221f0000] [id=5444]
  0x0000000021c63000 ConcurrentGCThread "G1 Refine#2" [stack: 0x00000000221f0000,0x00000000222f0000] [id=3752]
  0x0000000021c6c800 ConcurrentGCThread "G1 Refine#3" [stack: 0x0000000021fd0000,0x00000000220d0000] [id=1344]
  0x0000000021c6d800 ConcurrentGCThread "G1 Young RemSet Sampling" [stack: 0x0000000021da0000,0x0000000021ea0000] [id=2712]

Threads with active compile tasks:

VM state:at safepoint (normal execution)

VM Mutex/Monitor currently owned by a thread:  ([mutex/lock_event])
[0x0000000000349480] Threads_lock - owner thread: 0x0000000021d3f800

Heap address: 0x00000000c8600000, size: 890 MB, Compressed Oops mode: 32-bit
Narrow klass base: 0x0000000000000000, Narrow klass shift: 0
Compressed class space size: 1073741824 Address: 0x00000000222f0000

Heap:
 garbage-first heap   total 57344K, used 3072K [0x00000000c8600000, 0x0000000100000000)
  region size 1024K, 4 young (4096K), 0 survivors (0K)
 Metaspace       used 6163K, capacity 6296K, committed 6528K, reserved 1056768K
  class space    used 502K, capacity 544K, committed 640K, reserved 1048576K
Heap Regions: E=young(eden), S=young(survivor), O=old, HS=humongous(starts), HC=humongous(continues), CS=collection set, F=free, A=archive, TS=gc time stamp, AC=allocation context, TAMS=top-at-mark-start (previous, next)
|   0|0x00000000c8600000, 0x00000000c8600000, 0x00000000c8700000|  0%| F|  |TS  0|AC  0|TAMS 0x00000000c8600000, 0x00000000c8600000|
|   1|0x00000000c8700000, 0x00000000c8700000, 0x00000000c8800000|  0%| F|  |TS  0|AC  0|TAMS 0x00000000c8700000, 0x00000000c8700000|
|   2|0x00000000c8800000, 0x00000000c8800000, 0x00000000c8900000|  0%| F|  |TS  0|AC  0|TAMS 0x00000000c8800000, 0x00000000c8800000|
|   3|0x00000000c8900000, 0x00000000c8900000, 0x00000000c8a00000|  0%| F|  |TS  0|AC  0|TAMS 0x00000000c8900000, 0x00000000c8900000|
|   4|0x00000000c8a00000, 0x00000000c8a00000, 0x00000000c8b00000|  0%| F|  |TS  0|AC  0|TAMS 0x00000000c8a00000, 0x00000000c8a00000|
|   5|0x00000000c8b00000, 0x00000000c8b00000, 0x00000000c8c00000|  0%| F|  |TS  0|AC  0|TAMS 0x00000000c8b00000, 0x00000000c8b00000|
|   6|0x00000000c8c00000, 0x00000000c8c00000, 0x00000000c8d00000|  0%| F|  |TS  0|AC  0|TAMS 0x00000000c8c00000, 0x00000000c8c00000|
|   7|0x00000000c8d00000, 0x00000000c8d00000, 0x00000000c8e00000|  0%| F|  |TS  0|AC  0|TAMS 0x00000000c8d00000, 0x00000000c8d00000|
|   8|0x00000000c8e00000, 0x00000000c8e00000, 0x00000000c8f00000|  0%| F|  |TS  0|AC  0|TAMS 0x00000000c8e00000, 0x00000000c8e00000|
|   9|0x00000000c8f00000, 0x00000000c8f00000, 0x00000000c9000000|  0%| F|  |TS  0|AC  0|TAMS 0x00000000c8f00000, 0x00000000c8f00000|
|  10|0x00000000c9000000, 0x00000000c9000000, 0x00000000c9100000|  0%| F|  |TS  0|AC  0|TAMS 0x00000000c9000000, 0x00000000c9000000|
|  11|0x00000000c9100000, 0x00000000c9100000, 0x00000000c9200000|  0%| F|  |TS  0|AC  0|TAMS 0x00000000c9100000, 0x00000000c9100000|
|  12|0x00000000c9200000, 0x00000000c9200000, 0x00000000c9300000|  0%| F|  |TS  0|AC  0|TAMS 0x00000000c9200000, 0x00000000c9200000|
|  13|0x00000000c9300000, 0x00000000c9300000, 0x00000000c9400000|  0%| F|  |TS  0|AC  0|TAMS 0x00000000c9300000, 0x00000000c9300000|
|  14|0x00000000c9400000, 0x00000000c9400000, 0x00000000c9500000|  0%| F|  |TS  0|AC  0|TAMS 0x00000000c9400000, 0x00000000c9400000|
|  15|0x00000000c9500000, 0x00000000c9500000, 0x00000000c9600000|  0%| F|  |TS  0|AC  0|TAMS 0x00000000c9500000, 0x00000000c9500000|
|  16|0x00000000c9600000, 0x00000000c9600000, 0x00000000c9700000|  0%| F|  |TS  0|AC  0|TAMS 0x00000000c9600000, 0x00000000c9600000|
|  17|0x00000000c9700000, 0x00000000c9700000, 0x00000000c9800000|  0%| F|  |TS  0|AC  0|TAMS 0x00000000c9700000, 0x00000000c9700000|
|  18|0x00000000c9800000, 0x00000000c9800000, 0x00000000c9900000|  0%| F|  |TS  0|AC  0|TAMS 0x00000000c9800000, 0x00000000c9800000|
|  19|0x00000000c9900000, 0x00000000c9900000, 0x00000000c9a00000|  0%| F|  |TS  0|AC  0|TAMS 0x00000000c9900000, 0x00000000c9900000|
|  20|0x00000000c9a00000, 0x00000000c9a00000, 0x00000000c9b00000|  0%| F|  |TS  0|AC  0|TAMS 0x00000000c9a00000, 0x00000000c9a00000|
|  21|0x00000000c9b00000, 0x00000000c9b00000, 0x00000000c9c00000|  0%| F|  |TS  0|AC  0|TAMS 0x00000000c9b00000, 0x00000000c9b00000|
|  22|0x00000000c9c00000, 0x00000000c9c00000, 0x00000000c9d00000|  0%| F|  |TS  0|AC  0|TAMS 0x00000000c9c00000, 0x00000000c9c00000|
|  23|0x00000000c9d00000, 0x00000000c9d00000, 0x00000000c9e00000|  0%| F|  |TS  0|AC  0|TAMS 0x00000000c9d00000, 0x00000000c9d00000|
|  24|0x00000000c9e00000, 0x00000000c9e00000, 0x00000000c9f00000|  0%| F|  |TS  0|AC  0|TAMS 0x00000000c9e00000, 0x00000000c9e00000|
|  25|0x00000000c9f00000, 0x00000000c9f00000, 0x00000000ca000000|  0%| F|  |TS  0|AC  0|TAMS 0x00000000c9f00000, 0x00000000c9f00000|
|  26|0x00000000ca000000, 0x00000000ca000000, 0x00000000ca100000|  0%| F|  |TS  0|AC  0|TAMS 0x00000000ca000000, 0x00000000ca000000|
|  27|0x00000000ca100000, 0x00000000ca100000, 0x00000000ca200000|  0%| F|  |TS  0|AC  0|TAMS 0x00000000ca100000, 0x00000000ca100000|
|  28|0x00000000ca200000, 0x00000000ca200000, 0x00000000ca300000|  0%| F|  |TS  0|AC  0|TAMS 0x00000000ca200000, 0x00000000ca200000|
|  29|0x00000000ca300000, 0x00000000ca300000, 0x00000000ca400000|  0%| F|  |TS  0|AC  0|TAMS 0x00000000ca300000, 0x00000000ca300000|
|  30|0x00000000ca400000, 0x00000000ca400000, 0x00000000ca500000|  0%| F|  |TS  0|AC  0|TAMS 0x00000000ca400000, 0x00000000ca400000|
|  31|0x00000000ca500000, 0x00000000ca500000, 0x00000000ca600000|  0%| F|  |TS  0|AC  0|TAMS 0x00000000ca500000, 0x00000000ca500000|
|  32|0x00000000ca600000, 0x00000000ca600000, 0x00000000ca700000|  0%| F|  |TS  0|AC  0|TAMS 0x00000000ca600000, 0x00000000ca600000|
|  33|0x00000000ca700000, 0x00000000ca700000, 0x00000000ca800000|  0%| F|  |TS  0|AC  0|TAMS 0x00000000ca700000, 0x00000000ca700000|
|  34|0x00000000ca800000, 0x00000000ca800000, 0x00000000ca900000|  0%| F|  |TS  0|AC  0|TAMS 0x00000000ca800000, 0x00000000ca800000|
|  35|0x00000000ca900000, 0x00000000ca900000, 0x00000000caa00000|  0%| F|  |TS  0|AC  0|TAMS 0x00000000ca900000, 0x00000000ca900000|
|  36|0x00000000caa00000, 0x00000000caa00000, 0x00000000cab00000|  0%| F|  |TS  0|AC  0|TAMS 0x00000000caa00000, 0x00000000caa00000|
|  37|0x00000000cab00000, 0x00000000cab00000, 0x00000000cac00000|  0%| F|  |TS  0|AC  0|TAMS 0x00000000cab00000, 0x00000000cab00000|
|  38|0x00000000cac00000, 0x00000000cac00000, 0x00000000cad00000|  0%| F|  |TS  0|AC  0|TAMS 0x00000000cac00000, 0x00000000cac00000|
|  39|0x00000000cad00000, 0x00000000cad00000, 0x00000000cae00000|  0%| F|  |TS  0|AC  0|TAMS 0x00000000cad00000, 0x00000000cad00000|
|  40|0x00000000cae00000, 0x00000000cae00000, 0x00000000caf00000|  0%| F|  |TS  0|AC  0|TAMS 0x00000000cae00000, 0x00000000cae00000|
|  41|0x00000000caf00000, 0x00000000caf00000, 0x00000000cb000000|  0%| F|  |TS  0|AC  0|TAMS 0x00000000caf00000, 0x00000000caf00000|
|  42|0x00000000cb000000, 0x00000000cb000000, 0x00000000cb100000|  0%| F|  |TS  0|AC  0|TAMS 0x00000000cb000000, 0x00000000cb000000|
|  43|0x00000000cb100000, 0x00000000cb100000, 0x00000000cb200000|  0%| F|  |TS  0|AC  0|TAMS 0x00000000cb100000, 0x00000000cb100000|
|  44|0x00000000cb200000, 0x00000000cb200000, 0x00000000cb300000|  0%| F|  |TS  0|AC  0|TAMS 0x00000000cb200000, 0x00000000cb200000|
|  45|0x00000000cb300000, 0x00000000cb300000, 0x00000000cb400000|  0%| F|  |TS  0|AC  0|TAMS 0x00000000cb300000, 0x00000000cb300000|
|  46|0x00000000cb400000, 0x00000000cb400000, 0x00000000cb500000|  0%| F|  |TS  0|AC  0|TAMS 0x00000000cb400000, 0x00000000cb400000|
|  47|0x00000000cb500000, 0x00000000cb500000, 0x00000000cb600000|  0%| F|  |TS  0|AC  0|TAMS 0x00000000cb500000, 0x00000000cb500000|
|  48|0x00000000cb600000, 0x00000000cb600000, 0x00000000cb700000|  0%| F|  |TS  0|AC  0|TAMS 0x00000000cb600000, 0x00000000cb600000|
|  49|0x00000000cb700000, 0x00000000cb700000, 0x00000000cb800000|  0%| F|  |TS  0|AC  0|TAMS 0x00000000cb700000, 0x00000000cb700000|
|  50|0x00000000cb800000, 0x00000000cb800000, 0x00000000cb900000|  0%| F|  |TS  0|AC  0|TAMS 0x00000000cb800000, 0x00000000cb800000|
|  51|0x00000000cb900000, 0x00000000cb900000, 0x00000000cba00000|  0%| F|  |TS  0|AC  0|TAMS 0x00000000cb900000, 0x00000000cb900000|
|  52|0x00000000cba00000, 0x00000000cbad9eb8, 0x00000000cbb00000| 85%| E|  |TS  0|AC  0|TAMS 0x00000000cba00000, 0x00000000cba00000|
|  53|0x00000000cbb00000, 0x00000000cbc00000, 0x00000000cbc00000|100%| E|CS|TS  0|AC  0|TAMS 0x00000000cbb00000, 0x00000000cbb00000|
|  54|0x00000000cbc00000, 0x00000000cbd00000, 0x00000000cbd00000|100%| E|CS|TS  0|AC  0|TAMS 0x00000000cbc00000, 0x00000000cbc00000|
|  55|0x00000000cbd00000, 0x00000000cbe00000, 0x00000000cbe00000|100%| E|CS|TS  0|AC  0|TAMS 0x00000000cbd00000, 0x00000000cbd00000|

Card table byte_map: [0x000000001d5f0000,0x000000001d7b0000] byte_map_base: 0x000000001cfad000

Marking Bits (Prev, Next): (CMBitMap*) 0x00000000003a8b50, (CMBitMap*) 0x00000000003a8b88
 Prev Bits: [0x000000001d970000, 0x000000001e758000)
 Next Bits: [0x000000001e760000, 0x000000001f548000)

Polling page: 0x0000000000100000

CodeHeap 'non-profiled nmethods': size=120064Kb used=109Kb max_used=109Kb free=119954Kb
 bounds [0x0000000015480000, 0x00000000156f0000, 0x000000001c9c0000]
CodeHeap 'profiled nmethods': size=120000Kb used=395Kb max_used=395Kb free=119604Kb
 bounds [0x000000000df50000, 0x000000000e1c0000, 0x0000000015480000]
CodeHeap 'non-nmethods': size=5696Kb used=1097Kb max_used=1108Kb free=4598Kb
 bounds [0x000000000d9c0000, 0x000000000dc30000, 0x000000000df50000]
 total_blobs=734 nmethods=319 adapters=254
 compilation: enabled

Compilation events (10 events):
Event: 1.053 Thread 0x0000000062bd2000  310       3       java.lang.invoke.MemberName::initResolved (53 bytes)
Event: 1.053 Thread 0x0000000062bd2000 nmethod 310 0x000000000dfb1b90 code [0x000000000dfb1d40, 0x000000000dfb1f50]
Event: 1.053 Thread 0x0000000062bd2000  315       1       java.nio.Buffer::limit (5 bytes)
Event: 1.054 Thread 0x0000000062bd2000 nmethod 315 0x000000001549af90 code [0x000000001549b140, 0x000000001549b250]
Event: 1.054 Thread 0x0000000062bd2000  289       3       java.lang.invoke.LambdaForm$NamedFunction::methodType (23 bytes)
Event: 1.054 Thread 0x0000000062bd2000 nmethod 289 0x000000000dfb2010 code [0x000000000dfb21e0, 0x000000000dfb2468]
Event: 1.054 Thread 0x0000000062bd2000  305       3       java.lang.invoke.LambdaForm::internArgument (84 bytes)
Event: 1.055 Thread 0x0000000062bd2000 nmethod 305 0x000000000dfb2590 code [0x000000000dfb2780, 0x000000000dfb2b88]
Event: 1.056 Thread 0x0000000062bd2000  319       1       java.lang.invoke.MethodTypeForm::basicType (5 bytes)
Event: 1.056 Thread 0x0000000062bd2000 nmethod 319 0x000000001549b310 code [0x000000001549b4c0, 0x000000001549b5d0]

GC Heap History (0 events):
No events

Deoptimization events (1 events):
Event: 0.740 Thread 0x0000000000356800 Uncommon trap: reason=unstable_if action=reinterpret pc=0x0000000015485194 method=java.lang.String.hashCode()I @ 14 c2

Classes redefined (3 events):
Event: 5867.400 Thread 0x0000000021d3f800 redefined class name=A, count=1
Event: 6680.579 Thread 0x0000000021d3f800 redefined class name=A, count=2
Event: 6788.170 Thread 0x0000000021d3f800 redefined class name=A, count=3

Internal exceptions (0 events):
No events

Events (10 events):
Event: 6788.176 Executing VM operation: GetOrSetLocal done
Event: 6788.346 Executing VM operation: ChangeBreakpoints
Event: 6788.347 Executing VM operation: ChangeBreakpoints done
Event: 6788.358 Executing VM operation: GetFrameCount
Event: 6788.358 Executing VM operation: GetFrameCount done
Event: 6788.359 Executing VM operation: GetFrameLocation
Event: 6788.359 Executing VM operation: GetFrameLocation done
Event: 6788.362 Executing VM operation: GetFrameLocation
Event: 6788.362 Executing VM operation: GetFrameLocation done
Event: 6788.362 Executing VM operation: GetOrSetLocal


Dynamic libraries:
0x000000013fcb0000 - 0x000000013fcee000 	C:\Program Files\Java\jdk-10\bin\java.exe
0x00000000775e0000 - 0x000000007778a000 	C:\Windows\SYSTEM32\ntdll.dll
0x00000000773c0000 - 0x00000000774df000 	C:\Windows\system32\kernel32.dll
0x000007fefd610000 - 0x000007fefd67a000 	C:\Windows\system32\KERNELBASE.dll
0x000007feff7c0000 - 0x000007feff89b000 	C:\Windows\system32\ADVAPI32.dll
0x000007fefde10000 - 0x000007fefdeaf000 	C:\Windows\system32\msvcrt.dll
0x000007feff6e0000 - 0x000007feff6ff000 	C:\Windows\SYSTEM32\sechost.dll
0x000007fefda80000 - 0x000007fefdbad000 	C:\Windows\system32\RPCRT4.dll
0x00000000774e0000 - 0x00000000775da000 	C:\Windows\system32\USER32.dll
0x000007fefdfc0000 - 0x000007fefe027000 	C:\Windows\system32\GDI32.dll
0x000007feff6d0000 - 0x000007feff6de000 	C:\Windows\system32\LPK.dll
0x000007feff5f0000 - 0x000007feff6bb000 	C:\Windows\system32\USP10.dll
0x000007fefcba0000 - 0x000007fefcd94000 	C:\Windows\WinSxS\amd64_microsoft.windows.common-controls_6595b64144ccf1df_6.0.7601.18837_none_fa3b1e3d17594757\COMCTL32.dll
0x000007fefd690000 - 0x000007fefd701000 	C:\Windows\system32\SHLWAPI.dll
0x000007fefc090000 - 0x000007fefc09c000 	C:\Windows\system32\VERSION.dll
0x000007fefe030000 - 0x000007fefe05e000 	C:\Windows\system32\IMM32.DLL
0x000007fefdeb0000 - 0x000007fefdfb9000 	C:\Windows\system32\MSCTF.dll
0x000007fef1a40000 - 0x000007fef1b2f000 	C:\Program Files\Java\jdk-10\bin\msvcr120.dll
0x000007fef1990000 - 0x000007fef1a36000 	C:\Program Files\Java\jdk-10\bin\msvcp120.dll
0x0000000068640000 - 0x00000000690af000 	C:\Program Files\Java\jdk-10\bin\server\jvm.dll
0x000007fef8980000 - 0x000007fef8989000 	C:\Windows\system32\WSOCK32.dll
0x000007feff8a0000 - 0x000007feff8ed000 	C:\Windows\system32\WS2_32.dll
0x000007feff6c0000 - 0x000007feff6c8000 	C:\Windows\system32\NSI.dll
0x000007fef9590000 - 0x000007fef95cb000 	C:\Windows\system32\WINMM.dll
0x00000000777a0000 - 0x00000000777a7000 	C:\Windows\system32\PSAPI.DLL
0x000007fefacf0000 - 0x000007fefacff000 	C:\Program Files\Java\jdk-10\bin\verify.dll
0x000007fef3440000 - 0x000007fef3565000 	C:\Windows\system32\DBGHELP.DLL
0x000007fef4f70000 - 0x000007fef4f97000 	C:\Program Files\Java\jdk-10\bin\java.dll
0x000007fef4f30000 - 0x000007fef4f66000 	C:\Program Files\Java\jdk-10\bin\jdwp.dll
0x000007fef4de0000 - 0x000007fef4e0a000 	C:\Program Files\Java\jdk-10\bin\instrument.dll
0x000007fefabe0000 - 0x000007fefabf6000 	C:\Program Files\Java\jdk-10\bin\zip.dll
0x000007fefaac0000 - 0x000007fefaaca000 	C:\Program Files\Java\jdk-10\bin\jimage.dll
0x000007fefe530000 - 0x000007feff2bb000 	C:\Windows\system32\SHELL32.dll
0x000007fefdc10000 - 0x000007fefde0c000 	C:\Windows\system32\ole32.dll
0x000007fefd2e0000 - 0x000007fefd2ef000 	C:\Windows\system32\profapi.dll
0x000007fefaab0000 - 0x000007fefaaba000 	C:\Program Files\Java\jdk-10\bin\dt_socket.dll
0x000007fefc770000 - 0x000007fefc7c5000 	C:\Windows\system32\mswsock.dll
0x000007fefc160000 - 0x000007fefc167000 	C:\Windows\System32\wshtcpip.dll
0x000007fef4e20000 - 0x000007fef4e3a000 	C:\Program Files\Java\jdk-10\bin\net.dll
0x000007fef7f90000 - 0x000007fef8001000 	C:\Windows\system32\WINHTTP.dll
0x000007fef7f20000 - 0x000007fef7f84000 	C:\Windows\system32\webio.dll
0x000007fefc760000 - 0x000007fefc767000 	C:\Windows\System32\wship6.dll
0x000007fef4d80000 - 0x000007fef4d91000 	C:\Program Files\Java\jdk-10\bin\nio.dll

dbghelp: loaded successfully - version: 4.0.5 - missing functions: none
symbol engine: initialized successfully - sym options: 0x614 - pdb path: .;C:\Program Files\Java\jdk-10\bin;C:\Windows\SYSTEM32;C:\Windows\WinSxS\amd64_microsoft.windows.common-controls_6595b64144ccf1df_6.0.7601.18837_none_fa3b1e3d17594757;C:\Program Files\Java\jdk-10\bin\server

VM Arguments:
jvm_args: -agentlib:jdwp=transport=dt_socket,address=127.0.0.1:49861,suspend=y,server=n -javaagent:C:\Users\Administrator\AppData\Local\Temp\capture5593jars\debugger-agent.jar=file:/C:/Users/Administrator/AppData/Local/Temp/capture1.props -Dfile.encoding=UTF-8 
java_command: A
java_class_path (initial): C:\Users\Administrator\IdeaProjects\Mock 1.2 Decode Ways II\out\production\Mock 1.2 Decode Ways II;D:\Program Files\JetBrains\IntelliJ IDEA Community Edition 2018.1.1\lib\idea_rt.jar
Launcher Type: SUN_STANDARD

Logging:
Log output configuration:
#0: stdout all=warning uptime,level,tags
#1: stderr all=off uptime,level,tags

Environment Variables:
JAVA_HOME=C:\Program Files\Java\jdk-10
PATH=C:\ProgramData\Oracle\Java\javapath;C:\Windows\system32;C:\Windows;C:\Windows\System32\Wbem;C:\Windows\System32\WindowsPowerShell\v1.0\;C:\Program Files\Java\jdk-10\bin;G:\0 code\Python\Scripts\;G:\0 code\Python\;C:\Users\Administrator\AppData\Local\GitHubDesktop\bin
USERNAME=Administrator
OS=Windows_NT
PROCESSOR_IDENTIFIER=AMD64 Family 18 Model 1 Stepping 0, AuthenticAMD



---------------  S Y S T E M  ---------------

OS: Windows 7 , 64 bit Build 7601 (6.1.7601.23864)

CPU:total 4 (initial active 4) (4 cores per cpu, 1 threads per core) family 18 model 1 stepping 0, cmov, cx8, fxsr, mmx, sse, sse2, sse3, popcnt, mmxext, 3dnowpref, lzcnt, sse4a, tsc, tscinvbit, tscinv

Memory: 4k page, physical 3643504k(1131912k free), swap 7285148k(3448512k free)

vm_info: Java HotSpot(TM) 64-Bit Server VM (10+46) for windows-amd64 JRE (10+46), built on Mar  8 2018 02:11:18 by "mach5one" with MS VC++ 12.0 (VS2013)

END.
