#
# A fatal error has been detected by the Java Runtime Environment:
#
#  EXCEPTION_ACCESS_VIOLATION (0xc0000005) at pc=0x000000007797905a, pid=11168, tid=11912
#
# JRE version: Java(TM) SE Runtime Environment (10.0+46) (build 10+46)
# Java VM: Java HotSpot(TM) 64-Bit Server VM (10+46, mixed mode, tiered, compressed oops, g1 gc, windows-amd64)
# Problematic frame:
# V  [jvm.dll+0x65905a]
#
# No core dump will be written. Minidumps are not enabled by default on client versions of Windows
#
# If you would like to submit a bug report, please visit:
#   http://bugreport.java.com/bugreport/crash.jsp
#

---------------  S U M M A R Y ------------

Command Line: -agentlib:jdwp=transport=dt_socket,address=127.0.0.1:56235,suspend=y,server=n -javaagent:C:\Users\Administrator\.IdeaIC2018.1\system\captureAgent\debugger-agent.jar=file:/C:/Users/Administrator/AppData/Local/Temp/capture2.props -Dfile.encoding=UTF-8 Solution

Host: AMD A6-3400M APU with Radeon(tm) HD Graphics, 4 cores, 3G,  Windows 7 , 64 bit Build 7601 (6.1.7601.23864)
Time: Tue Jun 26 12:03:45 2018 ?D1¨²¡À¨º¡Á?¨º¡À?? elapsed time: 485 seconds (0d 0h 8m 5s)

---------------  T H R E A D  ---------------

Current thread (0x0000000063bc0000):  JavaThread "JDWP Transport Listener: dt_socket" daemon [_thread_in_vm, id=11912, stack(0x0000000063660000,0x0000000063760000)] _threads_hazard_ptr=0x0000000063c70440

Stack: [0x0000000063660000,0x0000000063760000],  sp=0x000000006375ef80,  free space=1019k
Native frames: (J=compiled Java code, j=interpreted, Vv=VM code, C=native code)
V  [jvm.dll+0x65905a]
V  [jvm.dll+0x473464]
V  [jvm.dll+0x473d62]
V  [jvm.dll+0x6c2bf7]
V  [jvm.dll+0x45cc0e]
V  [jvm.dll+0x42aef0]
C  [jdwp.dll+0x748f]


siginfo: EXCEPTION_ACCESS_VIOLATION (0xc0000005), reading address 0x0000000000000000


Register to memory mapping:

RIP=0x000000007797905a jvm.dll
RAX=0x00000000627a3808 is pointing into metadata
RBX=0x000000006375f250 is pointing into the stack for thread: 0x0000000063bc0000
RCX=0x0000000000000000 is an unknown value
RDX=0x0000000000000000 is an unknown value
RSP=0x000000006375ef80 is pointing into the stack for thread: 0x0000000063bc0000
RBP=0x0000000000000000 is an unknown value
RSI=0x00000000000000ca is an unknown value
RDI=0x0000000000000021 is an unknown value
R8 =0x0000000000000005 is an unknown value
R9 =0x0000000000000000 is an unknown value
R10=0x0000000000000005 is an unknown value
R11=0x0000000062bfe0f8 is an unknown value
R12=0x0000000000000000 is an unknown value
R13={method} {0x00000000627a3898} 'start' '()V' in 'Solution'
R14=0x0000000000000000 is an unknown value
R15=0x00000000627a2f16 is pointing into metadata


Registers:
RAX=0x00000000627a3808, RBX=0x000000006375f250, RCX=0x0000000000000000, RDX=0x0000000000000000
RSP=0x000000006375ef80, RBP=0x0000000000000000, RSI=0x00000000000000ca, RDI=0x0000000000000021
R8 =0x0000000000000005, R9 =0x0000000000000000, R10=0x0000000000000005, R11=0x0000000062bfe0f8
R12=0x0000000000000000, R13=0x00000000627a3890, R14=0x0000000000000000, R15=0x00000000627a2f16
RIP=0x000000007797905a, EFLAGS=0x0000000000010202

Top of Stack: (sp=0x000000006375ef80)
0x000000006375ef80:   000000000d9b8990 0000000a00000000
0x000000006375ef90:   00000000021ef420 00000000021ef3c0
0x000000006375efa0:   0000000000000021 0000000077793464
0x000000006375efb0:   000000006375f250 0000000000000000
0x000000006375efc0:   0000000000000000 00000000779d4ad9
0x000000006375efd0:   0000000000000000 0000000000000000
0x000000006375efe0:   0000000000000000 0000000000000000
0x000000006375eff0:   00000000021ef390 000000000d9bc4bc
0x000000006375f000:   000000000d9b8990 0000000a00000000
0x000000006375f010:   0000000000000000 000000006375f250
0x000000006375f020:   0000000062be32f0 0000000077793d62
0x000000006375f030:   0000000063bc0000 0000000000000000
0x000000006375f040:   00000000000003d8 0000000062bfcec0
0x000000006375f050:   000000006375f250 00000000779e2bf7
0x000000006375f060:   0000000063b3a7b0 00000000779e2e90
0x000000006375f070:   000000000021f0c0 0000000000000000 

Instructions: (pc=0x000000007797905a)
0x000000007797903a:   88 48 ff 48 ff ca 75 ee 43 c6 04 10 00 49 8b c2
0x000000007797904a:   c3 cc cc cc cc cc 48 89 5c 24 08 57 48 83 ec 20
0x000000007797905a:   0f b7 39 48 8b d9 33 d2 ff c7 48 63 cf e8 34 09
0x000000007797906a:   fa ff 4c 8b c8 85 ff 7e 36 44 0f b7 03 8d 57 ff 



---------------  P R O C E S S  ---------------

Threads class SMR info:
_java_thread_list=0x0000000063c70440, length=14, elements={
0x0000000000222800, 0x00000000024bc000, 0x00000000024c0000, 0x0000000062bde800,
0x0000000062be0800, 0x0000000062be1800, 0x0000000062bee800, 0x0000000062bf1000,
0x0000000062c05000, 0x0000000063bc0000, 0x0000000063b3f000, 0x000000006409f000,
0x00000000640b3000, 0x0000000063c6a000
}

Java Threads: ( => current thread )
  0x0000000000222800 JavaThread "main" [_thread_blocked, id=8584, stack(0x00000000020f0000,0x00000000021f0000)]
  0x00000000024bc000 JavaThread "Reference Handler" daemon [_thread_blocked, id=4904, stack(0x00000000220f0000,0x00000000221f0000)]
  0x00000000024c0000 JavaThread "Finalizer" daemon [_thread_blocked, id=10188, stack(0x0000000062f40000,0x0000000063040000)]
  0x0000000062bde800 JavaThread "Signal Dispatcher" daemon [_thread_blocked, id=10528, stack(0x00000000630c0000,0x00000000631c0000)]
  0x0000000062be0800 JavaThread "Attach Listener" daemon [_thread_blocked, id=12064, stack(0x00000000631e0000,0x00000000632e0000)]
  0x0000000062be1800 JavaThread "C2 CompilerThread0" daemon [_thread_blocked, id=7204, stack(0x00000000632f0000,0x00000000633f0000)]
  0x0000000062bee800 JavaThread "C2 CompilerThread1" daemon [_thread_blocked, id=9240, stack(0x00000000633f0000,0x00000000634f0000)]
  0x0000000062bf1000 JavaThread "C1 CompilerThread2" daemon [_thread_blocked, id=8776, stack(0x0000000063530000,0x0000000063630000)]
  0x0000000062c05000 JavaThread "Sweeper thread" daemon [_thread_blocked, id=7752, stack(0x0000000063790000,0x0000000063890000)]
=>0x0000000063bc0000 JavaThread "JDWP Transport Listener: dt_socket" daemon [_thread_in_vm, id=11912, stack(0x0000000063660000,0x0000000063760000)] _threads_hazard_ptr=0x0000000063c70440
  0x0000000063b3f000 JavaThread "JDWP Event Helper Thread" daemon [_thread_blocked, id=12284, stack(0x0000000063f80000,0x0000000064080000)]
  0x000000006409f000 JavaThread "JDWP Command Reader" daemon [_thread_in_native, id=8124, stack(0x0000000062d20000,0x0000000062e20000)]
  0x00000000640b3000 JavaThread "Common-Cleaner" daemon [_thread_blocked, id=7448, stack(0x0000000064910000,0x0000000064a10000)]
  0x0000000063c6a000 JavaThread "Service Thread" daemon [_thread_blocked, id=11520, stack(0x0000000021ba0000,0x0000000021ca0000)]

Other Threads:
  0x00000000024b9800 VMThread "VM Thread" [stack: 0x0000000062e30000,0x0000000062f30000] [id=11552]
  0x0000000063c6c000 WatcherThread [stack: 0x0000000063cc0000,0x0000000063dc0000] [id=10076]
  0x000000000024e000 GCTaskThread "GC Thread#0" [stack: 0x00000000024d0000,0x00000000025d0000] [id=11600]
  0x000000000024f800 GCTaskThread "GC Thread#1" [stack: 0x000000001ca30000,0x000000001cb30000] [id=10992]
  0x0000000000251800 GCTaskThread "GC Thread#2" [stack: 0x000000001cd10000,0x000000001ce10000] [id=8728]
  0x0000000000254800 GCTaskThread "GC Thread#3" [stack: 0x000000001cb80000,0x000000001cc80000] [id=11336]
  0x0000000000286000 ConcurrentGCThread "G1 Main Marker" [stack: 0x000000001f4e0000,0x000000001f5e0000] [id=9516]
  0x0000000000288800 ConcurrentGCThread "G1 Conc#0" [stack: 0x000000001f3e0000,0x000000001f4e0000] [id=11924]
  0x00000000023e0800 ConcurrentGCThread "G1 Refine#0" [stack: 0x0000000021aa0000,0x0000000021ba0000] [id=11536]
  0x00000000002a9000 ConcurrentGCThread "G1 Refine#1" [stack: 0x0000000021cc0000,0x0000000021dc0000] [id=6088]
  0x00000000002ac800 ConcurrentGCThread "G1 Refine#2" [stack: 0x0000000021df0000,0x0000000021ef0000] [id=10588]
  0x00000000002ad800 ConcurrentGCThread "G1 Refine#3" [stack: 0x0000000021fe0000,0x00000000220e0000] [id=1388]
  0x00000000002ae000 ConcurrentGCThread "G1 Young RemSet Sampling" [stack: 0x0000000022210000,0x0000000022310000] [id=10860]

Threads with active compile tasks:

VM state:not at safepoint (normal execution)

VM Mutex/Monitor currently owned by a thread: None

Heap address: 0x00000000c8600000, size: 890 MB, Compressed Oops mode: 32-bit
Narrow klass base: 0x0000000000000000, Narrow klass shift: 0
Compressed class space size: 1073741824 Address: 0x0000000022310000

Heap:
 garbage-first heap   total 57344K, used 2048K [0x00000000c8600000, 0x0000000100000000)
  region size 1024K, 3 young (3072K), 0 survivors (0K)
 Metaspace       used 5201K, capacity 5328K, committed 5376K, reserved 1056768K
  class space    used 438K, capacity 496K, committed 512K, reserved 1048576K
Heap Regions: E=young(eden), S=young(survivor), O=old, HS=humongous(starts), HC=humongous(continues), CS=collection set, F=free, A=archive, TS=gc time stamp, AC=allocation context, TAMS=top-at-mark-start (previous, next)
|   0|0x00000000c8600000, 0x00000000c8600000, 0x00000000c8700000|  0%| F|  |TS  0|AC  0|TAMS 0x00000000c8600000, 0x00000000c8600000|
|   1|0x00000000c8700000, 0x00000000c8700000, 0x00000000c8800000|  0%| F|  |TS  0|AC  0|TAMS 0x00000000c8700000, 0x00000000c8700000|
|   2|0x00000000c8800000, 0x00000000c8800000, 0x00000000c8900000|  0%| F|  |TS  0|AC  0|TAMS 0x00000000c8800000, 0x00000000c8800000|
|   3|0x00000000c8900000, 0x00000000c8900000, 0x00000000c8a00000|  0%| F|  |TS  0|AC  0|TAMS 0x00000000c8900000, 0x00000000c8900000|
|   4|0x00000000c8a00000, 0x00000000c8a00000, 0x00000000c8b00000|  0%| F|  |TS  0|AC  0|TAMS 0x00000000c8a00000, 0x00000000c8a00000|
|   5|0x00000000c8b00000, 0x00000000c8b00000, 0x00000000c8c00000|  0%| F|  |TS  0|AC  0|TAMS 0x00000000c8b00000, 0x00000000c8b00000|
|   6|0x00000000c8c00000, 0x00000000c8c00000, 0x00000000c8d00000|  0%| F|  |TS  0|AC  0|TAMS 0x00000000c8c00000, 0x00000000c8c00000|
|   7|0x00000000c8d00000, 0x00000000c8d00000, 0x00000000c8e00000|  0%| F|  |TS  0|AC  0|TAMS 0x00000000c8d00000, 0x00000000c8d00000|
|   8|0x00000000c8e00000, 0x00000000c8e00000, 0x00000000c8f00000|  0%| F|  |TS  0|AC  0|TAMS 0x00000000c8e00000, 0x00000000c8e00000|
|   9|0x00000000c8f00000, 0x00000000c8f00000, 0x00000000c9000000|  0%| F|  |TS  0|AC  0|TAMS 0x00000000c8f00000, 0x00000000c8f00000|
|  10|0x00000000c9000000, 0x00000000c9000000, 0x00000000c9100000|  0%| F|  |TS  0|AC  0|TAMS 0x00000000c9000000, 0x00000000c9000000|
|  11|0x00000000c9100000, 0x00000000c9100000, 0x00000000c9200000|  0%| F|  |TS  0|AC  0|TAMS 0x00000000c9100000, 0x00000000c9100000|
|  12|0x00000000c9200000, 0x00000000c9200000, 0x00000000c9300000|  0%| F|  |TS  0|AC  0|TAMS 0x00000000c9200000, 0x00000000c9200000|
|  13|0x00000000c9300000, 0x00000000c9300000, 0x00000000c9400000|  0%| F|  |TS  0|AC  0|TAMS 0x00000000c9300000, 0x00000000c9300000|
|  14|0x00000000c9400000, 0x00000000c9400000, 0x00000000c9500000|  0%| F|  |TS  0|AC  0|TAMS 0x00000000c9400000, 0x00000000c9400000|
|  15|0x00000000c9500000, 0x00000000c9500000, 0x00000000c9600000|  0%| F|  |TS  0|AC  0|TAMS 0x00000000c9500000, 0x00000000c9500000|
|  16|0x00000000c9600000, 0x00000000c9600000, 0x00000000c9700000|  0%| F|  |TS  0|AC  0|TAMS 0x00000000c9600000, 0x00000000c9600000|
|  17|0x00000000c9700000, 0x00000000c9700000, 0x00000000c9800000|  0%| F|  |TS  0|AC  0|TAMS 0x00000000c9700000, 0x00000000c9700000|
|  18|0x00000000c9800000, 0x00000000c9800000, 0x00000000c9900000|  0%| F|  |TS  0|AC  0|TAMS 0x00000000c9800000, 0x00000000c9800000|
|  19|0x00000000c9900000, 0x00000000c9900000, 0x00000000c9a00000|  0%| F|  |TS  0|AC  0|TAMS 0x00000000c9900000, 0x00000000c9900000|
|  20|0x00000000c9a00000, 0x00000000c9a00000, 0x00000000c9b00000|  0%| F|  |TS  0|AC  0|TAMS 0x00000000c9a00000, 0x00000000c9a00000|
|  21|0x00000000c9b00000, 0x00000000c9b00000, 0x00000000c9c00000|  0%| F|  |TS  0|AC  0|TAMS 0x00000000c9b00000, 0x00000000c9b00000|
|  22|0x00000000c9c00000, 0x00000000c9c00000, 0x00000000c9d00000|  0%| F|  |TS  0|AC  0|TAMS 0x00000000c9c00000, 0x00000000c9c00000|
|  23|0x00000000c9d00000, 0x00000000c9d00000, 0x00000000c9e00000|  0%| F|  |TS  0|AC  0|TAMS 0x00000000c9d00000, 0x00000000c9d00000|
|  24|0x00000000c9e00000, 0x00000000c9e00000, 0x00000000c9f00000|  0%| F|  |TS  0|AC  0|TAMS 0x00000000c9e00000, 0x00000000c9e00000|
|  25|0x00000000c9f00000, 0x00000000c9f00000, 0x00000000ca000000|  0%| F|  |TS  0|AC  0|TAMS 0x00000000c9f00000, 0x00000000c9f00000|
|  26|0x00000000ca000000, 0x00000000ca000000, 0x00000000ca100000|  0%| F|  |TS  0|AC  0|TAMS 0x00000000ca000000, 0x00000000ca000000|
|  27|0x00000000ca100000, 0x00000000ca100000, 0x00000000ca200000|  0%| F|  |TS  0|AC  0|TAMS 0x00000000ca100000, 0x00000000ca100000|
|  28|0x00000000ca200000, 0x00000000ca200000, 0x00000000ca300000|  0%| F|  |TS  0|AC  0|TAMS 0x00000000ca200000, 0x00000000ca200000|
|  29|0x00000000ca300000, 0x00000000ca300000, 0x00000000ca400000|  0%| F|  |TS  0|AC  0|TAMS 0x00000000ca300000, 0x00000000ca300000|
|  30|0x00000000ca400000, 0x00000000ca400000, 0x00000000ca500000|  0%| F|  |TS  0|AC  0|TAMS 0x00000000ca400000, 0x00000000ca400000|
|  31|0x00000000ca500000, 0x00000000ca500000, 0x00000000ca600000|  0%| F|  |TS  0|AC  0|TAMS 0x00000000ca500000, 0x00000000ca500000|
|  32|0x00000000ca600000, 0x00000000ca600000, 0x00000000ca700000|  0%| F|  |TS  0|AC  0|TAMS 0x00000000ca600000, 0x00000000ca600000|
|  33|0x00000000ca700000, 0x00000000ca700000, 0x00000000ca800000|  0%| F|  |TS  0|AC  0|TAMS 0x00000000ca700000, 0x00000000ca700000|
|  34|0x00000000ca800000, 0x00000000ca800000, 0x00000000ca900000|  0%| F|  |TS  0|AC  0|TAMS 0x00000000ca800000, 0x00000000ca800000|
|  35|0x00000000ca900000, 0x00000000ca900000, 0x00000000caa00000|  0%| F|  |TS  0|AC  0|TAMS 0x00000000ca900000, 0x00000000ca900000|
|  36|0x00000000caa00000, 0x00000000caa00000, 0x00000000cab00000|  0%| F|  |TS  0|AC  0|TAMS 0x00000000caa00000, 0x00000000caa00000|
|  37|0x00000000cab00000, 0x00000000cab00000, 0x00000000cac00000|  0%| F|  |TS  0|AC  0|TAMS 0x00000000cab00000, 0x00000000cab00000|
|  38|0x00000000cac00000, 0x00000000cac00000, 0x00000000cad00000|  0%| F|  |TS  0|AC  0|TAMS 0x00000000cac00000, 0x00000000cac00000|
|  39|0x00000000cad00000, 0x00000000cad00000, 0x00000000cae00000|  0%| F|  |TS  0|AC  0|TAMS 0x00000000cad00000, 0x00000000cad00000|
|  40|0x00000000cae00000, 0x00000000cae00000, 0x00000000caf00000|  0%| F|  |TS  0|AC  0|TAMS 0x00000000cae00000, 0x00000000cae00000|
|  41|0x00000000caf00000, 0x00000000caf00000, 0x00000000cb000000|  0%| F|  |TS  0|AC  0|TAMS 0x00000000caf00000, 0x00000000caf00000|
|  42|0x00000000cb000000, 0x00000000cb000000, 0x00000000cb100000|  0%| F|  |TS  0|AC  0|TAMS 0x00000000cb000000, 0x00000000cb000000|
|  43|0x00000000cb100000, 0x00000000cb100000, 0x00000000cb200000|  0%| F|  |TS  0|AC  0|TAMS 0x00000000cb100000, 0x00000000cb100000|
|  44|0x00000000cb200000, 0x00000000cb200000, 0x00000000cb300000|  0%| F|  |TS  0|AC  0|TAMS 0x00000000cb200000, 0x00000000cb200000|
|  45|0x00000000cb300000, 0x00000000cb300000, 0x00000000cb400000|  0%| F|  |TS  0|AC  0|TAMS 0x00000000cb300000, 0x00000000cb300000|
|  46|0x00000000cb400000, 0x00000000cb400000, 0x00000000cb500000|  0%| F|  |TS  0|AC  0|TAMS 0x00000000cb400000, 0x00000000cb400000|
|  47|0x00000000cb500000, 0x00000000cb500000, 0x00000000cb600000|  0%| F|  |TS  0|AC  0|TAMS 0x00000000cb500000, 0x00000000cb500000|
|  48|0x00000000cb600000, 0x00000000cb600000, 0x00000000cb700000|  0%| F|  |TS  0|AC  0|TAMS 0x00000000cb600000, 0x00000000cb600000|
|  49|0x00000000cb700000, 0x00000000cb700000, 0x00000000cb800000|  0%| F|  |TS  0|AC  0|TAMS 0x00000000cb700000, 0x00000000cb700000|
|  50|0x00000000cb800000, 0x00000000cb800000, 0x00000000cb900000|  0%| F|  |TS  0|AC  0|TAMS 0x00000000cb800000, 0x00000000cb800000|
|  51|0x00000000cb900000, 0x00000000cb900000, 0x00000000cba00000|  0%| F|  |TS  0|AC  0|TAMS 0x00000000cb900000, 0x00000000cb900000|
|  52|0x00000000cba00000, 0x00000000cba00000, 0x00000000cbb00000|  0%| F|  |TS  0|AC  0|TAMS 0x00000000cba00000, 0x00000000cba00000|
|  53|0x00000000cbb00000, 0x00000000cbc00000, 0x00000000cbc00000|100%| E|  |TS  0|AC  0|TAMS 0x00000000cbb00000, 0x00000000cbb00000|
|  54|0x00000000cbc00000, 0x00000000cbd00000, 0x00000000cbd00000|100%| E|CS|TS  0|AC  0|TAMS 0x00000000cbc00000, 0x00000000cbc00000|
|  55|0x00000000cbd00000, 0x00000000cbe00000, 0x00000000cbe00000|100%| E|CS|TS  0|AC  0|TAMS 0x00000000cbd00000, 0x00000000cbd00000|

Card table byte_map: [0x000000001d410000,0x000000001d5d0000] byte_map_base: 0x000000001cdcd000

Marking Bits (Prev, Next): (CMBitMap*) 0x0000000000285560, (CMBitMap*) 0x0000000000285598
 Prev Bits: [0x000000001d790000, 0x000000001e578000)
 Next Bits: [0x000000001e580000, 0x000000001f368000)

Polling page: 0x0000000000180000

CodeHeap 'non-profiled nmethods': size=120064Kb used=66Kb max_used=66Kb free=119998Kb
 bounds [0x0000000015470000, 0x00000000156e0000, 0x000000001c9b0000]
CodeHeap 'profiled nmethods': size=120000Kb used=262Kb max_used=262Kb free=119737Kb
 bounds [0x000000000df40000, 0x000000000e1b0000, 0x0000000015470000]
CodeHeap 'non-nmethods': size=5696Kb used=1069Kb max_used=1081Kb free=4626Kb
 bounds [0x000000000d9b0000, 0x000000000dc20000, 0x000000000df40000]
 total_blobs=577 nmethods=201 adapters=211
 compilation: enabled

Compilation events (10 events):
Event: 0.723 Thread 0x0000000062bf1000  200       3       java.lang.String::getBytes (44 bytes)
Event: 0.724 Thread 0x0000000062bf1000 nmethod 200 0x000000000df80710 code [0x000000000df80900, 0x000000000df80cb8]
Event: 0.724 Thread 0x0000000062bf1000  198       3       java.util.zip.ZipUtils::LG (22 bytes)
Event: 0.724 Thread 0x0000000062bf1000 nmethod 198 0x000000000df80e90 code [0x000000000df81060, 0x000000000df81310]
Event: 0.724 Thread 0x0000000062be1800  199       4       java.lang.String::charAt (25 bytes)
Event: 0.727 Thread 0x0000000062be1800 nmethod 199 0x000000001547ff90 code [0x0000000015480120, 0x0000000015480278]
Event: 0.729 Thread 0x0000000062bf1000  201       3       java.lang.StringLatin1::newString (17 bytes)
Event: 0.729 Thread 0x0000000062bf1000 nmethod 201 0x000000000df81490 code [0x000000000df81660, 0x000000000df81968]
Event: 0.736 Thread 0x0000000062bee800  202       4       java.lang.StringLatin1::indexOf (61 bytes)
Event: 0.742 Thread 0x0000000062bee800 nmethod 202 0x0000000015480390 code [0x0000000015480520, 0x00000000154806b8]

GC Heap History (0 events):
No events

Deoptimization events (3 events):
Event: 0.305 Thread 0x0000000000222800 Uncommon trap: reason=unstable_if action=reinterpret pc=0x0000000015478970 method=java.util.AbstractCollection.isEmpty()Z @ 4 c2
Event: 0.503 Thread 0x0000000000222800 Uncommon trap: reason=unstable_if action=reinterpret pc=0x00000000154786ec method=java.lang.String.isLatin1()Z @ 10 c2
Event: 0.528 Thread 0x0000000000222800 Uncommon trap: reason=unstable_if action=reinterpret pc=0x0000000015472714 method=java.lang.String.hashCode()I @ 14 c2

Classes redefined (5 events):
Event: 429.502 Thread 0x00000000024b9800 redefined class name=Solution, count=1
Event: 443.716 Thread 0x00000000024b9800 redefined class name=Solution, count=2
Event: 461.503 Thread 0x00000000024b9800 redefined class name=Solution, count=3
Event: 472.482 Thread 0x00000000024b9800 redefined class name=Solution, count=4
Event: 485.526 Thread 0x00000000024b9800 redefined class name=Solution, count=5

Internal exceptions (0 events):
No events

Events (10 events):
Event: 485.534 Executing VM operation: GetOrSetLocal
Event: 485.534 Executing VM operation: GetOrSetLocal done
Event: 485.627 Executing VM operation: ChangeBreakpoints
Event: 485.627 Executing VM operation: ChangeBreakpoints done
Event: 485.651 Executing VM operation: GetFrameCount
Event: 485.651 Executing VM operation: GetFrameCount done
Event: 485.651 Executing VM operation: GetFrameLocation
Event: 485.651 Executing VM operation: GetFrameLocation done
Event: 485.652 Executing VM operation: GetFrameLocation
Event: 485.653 Executing VM operation: GetFrameLocation done


Dynamic libraries:
0x000000013f4c0000 - 0x000000013f4fe000 	C:\Program Files\Java\jdk-10\bin\java.exe
0x0000000076eb0000 - 0x000000007705a000 	C:\Windows\SYSTEM32\ntdll.dll
0x0000000076d90000 - 0x0000000076eaf000 	C:\Windows\system32\kernel32.dll
0x000007fefcef0000 - 0x000007fefcf5a000 	C:\Windows\system32\KERNELBASE.dll
0x000007fefdcc0000 - 0x000007fefdd9b000 	C:\Windows\system32\ADVAPI32.dll
0x000007fefee60000 - 0x000007fefeeff000 	C:\Windows\system32\msvcrt.dll
0x000007feff120000 - 0x000007feff13f000 	C:\Windows\SYSTEM32\sechost.dll
0x000007fefd170000 - 0x000007fefd29d000 	C:\Windows\system32\RPCRT4.dll
0x0000000076c90000 - 0x0000000076d8a000 	C:\Windows\system32\USER32.dll
0x000007fefd470000 - 0x000007fefd4d7000 	C:\Windows\system32\GDI32.dll
0x000007feff100000 - 0x000007feff10e000 	C:\Windows\system32\LPK.dll
0x000007fefd3a0000 - 0x000007fefd46b000 	C:\Windows\system32\USP10.dll
0x000007fefb670000 - 0x000007fefb864000 	C:\Windows\WinSxS\amd64_microsoft.windows.common-controls_6595b64144ccf1df_6.0.7601.18837_none_fa3b1e3d17594757\COMCTL32.dll
0x000007fefd2a0000 - 0x000007fefd311000 	C:\Windows\system32\SHLWAPI.dll
0x000007fefc490000 - 0x000007fefc49c000 	C:\Windows\system32\VERSION.dll
0x000007fefcf60000 - 0x000007fefcf8e000 	C:\Windows\system32\IMM32.DLL
0x000007fefd930000 - 0x000007fefda39000 	C:\Windows\system32\MSCTF.dll
0x000007fef0190000 - 0x000007fef027f000 	C:\Program Files\Java\jdk-10\bin\msvcr120.dll
0x000007feefb50000 - 0x000007feefbf6000 	C:\Program Files\Java\jdk-10\bin\msvcp120.dll
0x0000000077320000 - 0x0000000077d8f000 	C:\Program Files\Java\jdk-10\bin\server\jvm.dll
0x000007fefa970000 - 0x000007fefa979000 	C:\Windows\system32\WSOCK32.dll
0x000007fefdc70000 - 0x000007fefdcbd000 	C:\Windows\system32\WS2_32.dll
0x000007feff110000 - 0x000007feff118000 	C:\Windows\system32\NSI.dll
0x000007fef8b10000 - 0x000007fef8b4b000 	C:\Windows\system32\WINMM.dll
0x0000000077080000 - 0x0000000077087000 	C:\Windows\system32\PSAPI.DLL
0x000007fefc3c0000 - 0x000007fefc3cf000 	C:\Program Files\Java\jdk-10\bin\verify.dll
0x000007fef1bb0000 - 0x000007fef1cd5000 	C:\Windows\system32\DBGHELP.DLL
0x000007fef3f20000 - 0x000007fef3f47000 	C:\Program Files\Java\jdk-10\bin\java.dll
0x000007fef3460000 - 0x000007fef3496000 	C:\Program Files\Java\jdk-10\bin\jdwp.dll
0x000007fef3560000 - 0x000007fef358a000 	C:\Program Files\Java\jdk-10\bin\instrument.dll
0x000007fef72e0000 - 0x000007fef72f6000 	C:\Program Files\Java\jdk-10\bin\zip.dll
0x000007fef7ff0000 - 0x000007fef7ffa000 	C:\Program Files\Java\jdk-10\bin\jimage.dll
0x000007fefe0d0000 - 0x000007fefee5b000 	C:\Windows\system32\SHELL32.dll
0x000007fefef00000 - 0x000007feff0fc000 	C:\Windows\system32\ole32.dll
0x000007fefcba0000 - 0x000007fefcbaf000 	C:\Windows\system32\profapi.dll
0x000007fef56b0000 - 0x000007fef56ba000 	C:\Program Files\Java\jdk-10\bin\dt_socket.dll
0x000007fefc040000 - 0x000007fefc095000 	C:\Windows\system32\mswsock.dll
0x000007fefc4a0000 - 0x000007fefc4a7000 	C:\Windows\System32\wshtcpip.dll
0x000007fef5de0000 - 0x000007fef5dfa000 	C:\Program Files\Java\jdk-10\bin\net.dll
0x000007fef9920000 - 0x000007fef9991000 	C:\Windows\system32\WINHTTP.dll
0x000007fef83e0000 - 0x000007fef8444000 	C:\Windows\system32\webio.dll
0x000007fefc030000 - 0x000007fefc037000 	C:\Windows\System32\wship6.dll
0x000007fef42b0000 - 0x000007fef42c1000 	C:\Program Files\Java\jdk-10\bin\nio.dll

dbghelp: loaded successfully - version: 4.0.5 - missing functions: none
symbol engine: initialized successfully - sym options: 0x614 - pdb path: .;C:\Program Files\Java\jdk-10\bin;C:\Windows\SYSTEM32;C:\Windows\WinSxS\amd64_microsoft.windows.common-controls_6595b64144ccf1df_6.0.7601.18837_none_fa3b1e3d17594757;C:\Program Files\Java\jdk-10\bin\server

VM Arguments:
jvm_args: -agentlib:jdwp=transport=dt_socket,address=127.0.0.1:56235,suspend=y,server=n -javaagent:C:\Users\Administrator\.IdeaIC2018.1\system\captureAgent\debugger-agent.jar=file:/C:/Users/Administrator/AppData/Local/Temp/capture2.props -Dfile.encoding=UTF-8 
java_command: Solution
java_class_path (initial): D:\LCsolution\189. Rotate Array\out\production\189. Rotate Array;D:\Program Files\JetBrains\IntelliJ IDEA Community Edition 2018.1.1\lib\idea_rt.jar
Launcher Type: SUN_STANDARD

Logging:
Log output configuration:
#0: stdout all=warning uptime,level,tags
#1: stderr all=off uptime,level,tags

Environment Variables:
JAVA_HOME=C:\Program Files\Java\jdk-10
PATH=C:\ProgramData\Oracle\Java\javapath;C:\Windows\system32;C:\Windows;C:\Windows\System32\Wbem;C:\Windows\System32\WindowsPowerShell\v1.0\;C:\Program Files\Java\jdk-10\bin;G:\0 code\Python\Scripts\;G:\0 code\Python\;C:\Users\Administrator\AppData\Local\GitHubDesktop\bin
USERNAME=Administrator
OS=Windows_NT
PROCESSOR_IDENTIFIER=AMD64 Family 18 Model 1 Stepping 0, AuthenticAMD



---------------  S Y S T E M  ---------------

OS: Windows 7 , 64 bit Build 7601 (6.1.7601.23864)

CPU:total 4 (initial active 4) (4 cores per cpu, 1 threads per core) family 18 model 1 stepping 0, cmov, cx8, fxsr, mmx, sse, sse2, sse3, popcnt, mmxext, 3dnowpref, lzcnt, sse4a, tsc, tscinvbit, tscinv

Memory: 4k page, physical 3643504k(200796k free), swap 12782904k(5485764k free)

vm_info: Java HotSpot(TM) 64-Bit Server VM (10+46) for windows-amd64 JRE (10+46), built on Mar  8 2018 02:11:18 by "mach5one" with MS VC++ 12.0 (VS2013)

END.
