#
# A fatal error has been detected by the Java Runtime Environment:
#
#  EXCEPTION_ACCESS_VIOLATION (0xc0000005) at pc=0x000000007787cf6c, pid=4804, tid=5224
#
# JRE version: Java(TM) SE Runtime Environment (10.0+46) (build 10+46)
# Java VM: Java HotSpot(TM) 64-Bit Server VM (10+46, mixed mode, tiered, compressed oops, g1 gc, windows-amd64)
# Problematic frame:
# V  [jvm.dll+0x55cf6c]
#
# No core dump will be written. Minidumps are not enabled by default on client versions of Windows
#
# If you would like to submit a bug report, please visit:
#   http://bugreport.java.com/bugreport/crash.jsp
#

---------------  S U M M A R Y ------------

Command Line: -agentlib:jdwp=transport=dt_socket,address=127.0.0.1:56853,suspend=y,server=n -javaagent:C:\Users\Administrator\AppData\Local\Temp\capture24648jars\debugger-agent.jar=file:/C:/Users/Administrator/AppData/Local/Temp/capture2.props -Dfile.encoding=UTF-8 Solution

Host: AMD A6-3400M APU with Radeon(tm) HD Graphics, 4 cores, 3G,  Windows 7 , 64 bit Build 7601 (6.1.7601.23864)
Time: Tue Jun 26 13:31:03 2018 ?D1¨²¡À¨º¡Á?¨º¡À?? elapsed time: 209 seconds (0d 0h 3m 29s)

---------------  T H R E A D  ---------------

Current thread (0x00000000219b3000):  VMThread "VM Thread" [stack: 0x0000000062ad0000,0x0000000062bd0000] [id=5224]

Stack: [0x0000000062ad0000,0x0000000062bd0000],  sp=0x0000000062bcf380,  free space=1020k
Native frames: (J=compiled Java code, j=interpreted, Vv=VM code, C=native code)
V  [jvm.dll+0x55cf6c]
V  [jvm.dll+0x473fba]
V  [jvm.dll+0x474ae7]
V  [jvm.dll+0x6c42dc]
V  [jvm.dll+0x6c2a45]
V  [jvm.dll+0x6c3250]
V  [jvm.dll+0x6c358c]
V  [jvm.dll+0x59ef10]
C  [msvcr120.dll+0x24f7f]
C  [msvcr120.dll+0x25126]
C  [kernel32.dll+0x159cd]
C  [ntdll.dll+0x2a561]


siginfo: EXCEPTION_ACCESS_VIOLATION (0xc0000005), writing address 0x000000ca62473bce


Register to memory mapping:

RIP=0x000000007787cf6c jvm.dll
RAX=0x000000ca62473bb8 is an unknown value
RBX=0x00000000219b3000 is an unknown value
RCX=0x000000000000005c is an unknown value
RDX={method} {0x0000000062473890} 'start' '()V' in 'Solution'
RSP=0x0000000062bcf380 is an unknown value
RBP=0x00000000218e4bc0 is an unknown value
RSI={method} {0x0000000062473890} 'start' '()V' in 'Solution'
RDI={method} {0x0000000062473890} 'start' '()V' in 'Solution'
R8 =0x0000000000000000 is an unknown value
R9 =0x000000000000005c is an unknown value
R10=0x0000000000000000 is an unknown value
R11={method} {0x0000000062473890} 'start' '()V' in 'Solution'
R12=0x0000000062bcf4b0 is an unknown value
R13=0x0000000021928e20 is an unknown value
R14=0x0000000000337ad0 is an unknown value
R15=0x000000002204bca0 is pointing into metadata


Registers:
RAX=0x000000ca62473bb8, RBX=0x00000000219b3000, RCX=0x000000000000005c, RDX=0x0000000062473888
RSP=0x0000000062bcf380, RBP=0x00000000218e4bc0, RSI=0x0000000062473888, RDI=0x0000000062473888
R8 =0x0000000000000000, R9 =0x000000000000005c, R10=0x0000000000000000, R11=0x0000000062473888
R12=0x0000000062bcf4b0, R13=0x0000000021928e20, R14=0x0000000000337ad0, R15=0x000000002204bca0
RIP=0x000000007787cf6c, EFLAGS=0x0000000000010206

Top of Stack: (sp=0x0000000062bcf380)
0x0000000062bcf380:   0000000000000000 0000000000000000
0x0000000062bcf390:   0000000000000000 0000000000000018
0x0000000062bcf3a0:   000000006248adf8 00000000219b3000
0x0000000062bcf3b0:   00000000219b3000 00000000218e4c00
0x0000000062bcf3c0:   0000000062473888 000000007787d01d
0x0000000062bcf3d0:   00000000002de458 00000000000000d8
0x0000000062bcf3e0:   0000000062bcf6d0 00000000cbbf81e8
0x0000000062bcf3f0:   0000000000337eb8 0000000077793fba
0x0000000062bcf400:   0000000000337ae0 0000000062473888
0x0000000062bcf410:   000000006387c270 00000000644df990
0x0000000062bcf420:   00000000000003d8 0000000021916e60
0x0000000062bcf430:   000000000032ab80 0000000000000000
0x0000000062bcf440:   0000000000000000 0000000000337eb8
0x0000000062bcf450:   00000000644df990 000000006387c270
0x0000000062bcf460:   00000000638a1060 00000000000003d8
0x0000000062bcf470:   0000000077cf5850 0000000077a9d698 

Instructions: (pc=0x000000007787cf6c)
0x000000007787cf4c:   08 00 74 0c 48 8b cb e8 08 5e d5 ff 33 c0 eb 04
0x000000007787cf5c:   48 8b 47 18 48 83 7b 08 00 75 09 48 85 c0 74 04
0x000000007787cf6c:   66 ff 40 16 ff 05 ea db 45 00 48 8d 4c 24 30 48
0x000000007787cf7c:   8b d3 e8 8d af dd ff 48 89 7c 24 20 48 89 5c 24 


VM_Operation (0x00000000644df920): ChangeBreakpoints, mode: safepoint, requested by thread 0x00000000638bf800


---------------  P R O C E S S  ---------------

Threads class SMR info:
_java_thread_list=0x00000000638a0250, length=14, elements={
0x0000000000302800, 0x00000000219b5000, 0x000000006289f800, 0x00000000628ba000,
0x00000000628bc000, 0x00000000628bd000, 0x00000000219b9800, 0x00000000219ba800,
0x0000000062935000, 0x00000000638bf800, 0x00000000638b7800, 0x00000000638aa000,
0x00000000637f8800, 0x000000006389e000
}

Java Threads: ( => current thread )
  0x0000000000302800 JavaThread "main" [_thread_blocked, id=3480, stack(0x00000000021f0000,0x00000000022f0000)]
  0x00000000219b5000 JavaThread "Reference Handler" daemon [_thread_blocked, id=3296, stack(0x0000000062cf0000,0x0000000062df0000)]
  0x000000006289f800 JavaThread "Finalizer" daemon [_thread_blocked, id=5432, stack(0x0000000062f60000,0x0000000063060000)]
  0x00000000628ba000 JavaThread "Signal Dispatcher" daemon [_thread_blocked, id=11812, stack(0x00000000630e0000,0x00000000631e0000)]
  0x00000000628bc000 JavaThread "Attach Listener" daemon [_thread_blocked, id=7484, stack(0x0000000062e60000,0x0000000062f60000)]
  0x00000000628bd000 JavaThread "C2 CompilerThread0" daemon [_thread_blocked, id=7620, stack(0x00000000633a0000,0x00000000634a0000)]
  0x00000000219b9800 JavaThread "C2 CompilerThread1" daemon [_thread_blocked, id=11924, stack(0x00000000631f0000,0x00000000632f0000)]
  0x00000000219ba800 JavaThread "C1 CompilerThread2" daemon [_thread_blocked, id=912, stack(0x0000000063500000,0x0000000063600000)]
  0x0000000062935000 JavaThread "Sweeper thread" daemon [_thread_blocked, id=7488, stack(0x0000000062bd0000,0x0000000062cd0000)]
  0x00000000638bf800 JavaThread "JDWP Transport Listener: dt_socket" daemon [_thread_blocked, id=4924, stack(0x00000000643e0000,0x00000000644e0000)]
  0x00000000638b7800 JavaThread "JDWP Event Helper Thread" daemon [_thread_blocked, id=11884, stack(0x0000000064540000,0x0000000064640000)]
  0x00000000638aa000 JavaThread "JDWP Command Reader" daemon [_thread_in_native, id=6524, stack(0x0000000064250000,0x0000000064350000)]
  0x00000000637f8800 JavaThread "Common-Cleaner" daemon [_thread_blocked, id=8836, stack(0x00000000647a0000,0x00000000648a0000)]
  0x000000006389e000 JavaThread "Service Thread" daemon [_thread_blocked, id=11932, stack(0x0000000064670000,0x0000000064770000)]

Other Threads:
=>0x00000000219b3000 VMThread "VM Thread" [stack: 0x0000000062ad0000,0x0000000062bd0000] [id=5224]
  0x00000000638a1800 WatcherThread [stack: 0x0000000064990000,0x0000000064a90000] [id=3848]
  0x000000000032e000 GCTaskThread "GC Thread#0" [stack: 0x000000001c8d0000,0x000000001c9d0000] [id=2004]
  0x000000000032f800 GCTaskThread "GC Thread#1" [stack: 0x000000001cb20000,0x000000001cc20000] [id=6608]
  0x0000000000331800 GCTaskThread "GC Thread#2" [stack: 0x000000001cc30000,0x000000001cd30000] [id=6484]
  0x0000000000335800 GCTaskThread "GC Thread#3" [stack: 0x000000001cd60000,0x000000001ce60000] [id=11492]
  0x000000000036a800 ConcurrentGCThread "G1 Main Marker" [stack: 0x000000001f380000,0x000000001f480000] [id=11592]
  0x000000000036b800 ConcurrentGCThread "G1 Conc#0" [stack: 0x000000001f1b0000,0x000000001f2b0000] [id=11816]
  0x00000000218d0800 ConcurrentGCThread "G1 Refine#0" [stack: 0x00000000219d0000,0x0000000021ad0000] [id=11824]
  0x00000000218dd000 ConcurrentGCThread "G1 Refine#1" [stack: 0x0000000021ca0000,0x0000000021da0000] [id=11484]
  0x00000000218df800 ConcurrentGCThread "G1 Refine#2" [stack: 0x0000000021de0000,0x0000000021ee0000] [id=4620]
  0x00000000218e0800 ConcurrentGCThread "G1 Refine#3" [stack: 0x0000000021b60000,0x0000000021c60000] [id=1780]
  0x00000000218e3000 ConcurrentGCThread "G1 Young RemSet Sampling" [stack: 0x0000000021ee0000,0x0000000021fe0000] [id=6448]

Threads with active compile tasks:

VM state:at safepoint (normal execution)

VM Mutex/Monitor currently owned by a thread:  ([mutex/lock_event])
[0x00000000002fefa0] Threads_lock - owner thread: 0x00000000219b3000

Heap address: 0x00000000c8600000, size: 890 MB, Compressed Oops mode: 32-bit
Narrow klass base: 0x0000000000000000, Narrow klass shift: 0
Compressed class space size: 1073741824 Address: 0x0000000021fe0000

Heap:
 garbage-first heap   total 57344K, used 2048K [0x00000000c8600000, 0x0000000100000000)
  region size 1024K, 3 young (3072K), 0 survivors (0K)
 Metaspace       used 5219K, capacity 5328K, committed 5376K, reserved 1056768K
  class space    used 439K, capacity 496K, committed 512K, reserved 1048576K
Heap Regions: E=young(eden), S=young(survivor), O=old, HS=humongous(starts), HC=humongous(continues), CS=collection set, F=free, A=archive, TS=gc time stamp, AC=allocation context, TAMS=top-at-mark-start (previous, next)
|   0|0x00000000c8600000, 0x00000000c8600000, 0x00000000c8700000|  0%| F|  |TS  0|AC  0|TAMS 0x00000000c8600000, 0x00000000c8600000|
|   1|0x00000000c8700000, 0x00000000c8700000, 0x00000000c8800000|  0%| F|  |TS  0|AC  0|TAMS 0x00000000c8700000, 0x00000000c8700000|
|   2|0x00000000c8800000, 0x00000000c8800000, 0x00000000c8900000|  0%| F|  |TS  0|AC  0|TAMS 0x00000000c8800000, 0x00000000c8800000|
|   3|0x00000000c8900000, 0x00000000c8900000, 0x00000000c8a00000|  0%| F|  |TS  0|AC  0|TAMS 0x00000000c8900000, 0x00000000c8900000|
|   4|0x00000000c8a00000, 0x00000000c8a00000, 0x00000000c8b00000|  0%| F|  |TS  0|AC  0|TAMS 0x00000000c8a00000, 0x00000000c8a00000|
|   5|0x00000000c8b00000, 0x00000000c8b00000, 0x00000000c8c00000|  0%| F|  |TS  0|AC  0|TAMS 0x00000000c8b00000, 0x00000000c8b00000|
|   6|0x00000000c8c00000, 0x00000000c8c00000, 0x00000000c8d00000|  0%| F|  |TS  0|AC  0|TAMS 0x00000000c8c00000, 0x00000000c8c00000|
|   7|0x00000000c8d00000, 0x00000000c8d00000, 0x00000000c8e00000|  0%| F|  |TS  0|AC  0|TAMS 0x00000000c8d00000, 0x00000000c8d00000|
|   8|0x00000000c8e00000, 0x00000000c8e00000, 0x00000000c8f00000|  0%| F|  |TS  0|AC  0|TAMS 0x00000000c8e00000, 0x00000000c8e00000|
|   9|0x00000000c8f00000, 0x00000000c8f00000, 0x00000000c9000000|  0%| F|  |TS  0|AC  0|TAMS 0x00000000c8f00000, 0x00000000c8f00000|
|  10|0x00000000c9000000, 0x00000000c9000000, 0x00000000c9100000|  0%| F|  |TS  0|AC  0|TAMS 0x00000000c9000000, 0x00000000c9000000|
|  11|0x00000000c9100000, 0x00000000c9100000, 0x00000000c9200000|  0%| F|  |TS  0|AC  0|TAMS 0x00000000c9100000, 0x00000000c9100000|
|  12|0x00000000c9200000, 0x00000000c9200000, 0x00000000c9300000|  0%| F|  |TS  0|AC  0|TAMS 0x00000000c9200000, 0x00000000c9200000|
|  13|0x00000000c9300000, 0x00000000c9300000, 0x00000000c9400000|  0%| F|  |TS  0|AC  0|TAMS 0x00000000c9300000, 0x00000000c9300000|
|  14|0x00000000c9400000, 0x00000000c9400000, 0x00000000c9500000|  0%| F|  |TS  0|AC  0|TAMS 0x00000000c9400000, 0x00000000c9400000|
|  15|0x00000000c9500000, 0x00000000c9500000, 0x00000000c9600000|  0%| F|  |TS  0|AC  0|TAMS 0x00000000c9500000, 0x00000000c9500000|
|  16|0x00000000c9600000, 0x00000000c9600000, 0x00000000c9700000|  0%| F|  |TS  0|AC  0|TAMS 0x00000000c9600000, 0x00000000c9600000|
|  17|0x00000000c9700000, 0x00000000c9700000, 0x00000000c9800000|  0%| F|  |TS  0|AC  0|TAMS 0x00000000c9700000, 0x00000000c9700000|
|  18|0x00000000c9800000, 0x00000000c9800000, 0x00000000c9900000|  0%| F|  |TS  0|AC  0|TAMS 0x00000000c9800000, 0x00000000c9800000|
|  19|0x00000000c9900000, 0x00000000c9900000, 0x00000000c9a00000|  0%| F|  |TS  0|AC  0|TAMS 0x00000000c9900000, 0x00000000c9900000|
|  20|0x00000000c9a00000, 0x00000000c9a00000, 0x00000000c9b00000|  0%| F|  |TS  0|AC  0|TAMS 0x00000000c9a00000, 0x00000000c9a00000|
|  21|0x00000000c9b00000, 0x00000000c9b00000, 0x00000000c9c00000|  0%| F|  |TS  0|AC  0|TAMS 0x00000000c9b00000, 0x00000000c9b00000|
|  22|0x00000000c9c00000, 0x00000000c9c00000, 0x00000000c9d00000|  0%| F|  |TS  0|AC  0|TAMS 0x00000000c9c00000, 0x00000000c9c00000|
|  23|0x00000000c9d00000, 0x00000000c9d00000, 0x00000000c9e00000|  0%| F|  |TS  0|AC  0|TAMS 0x00000000c9d00000, 0x00000000c9d00000|
|  24|0x00000000c9e00000, 0x00000000c9e00000, 0x00000000c9f00000|  0%| F|  |TS  0|AC  0|TAMS 0x00000000c9e00000, 0x00000000c9e00000|
|  25|0x00000000c9f00000, 0x00000000c9f00000, 0x00000000ca000000|  0%| F|  |TS  0|AC  0|TAMS 0x00000000c9f00000, 0x00000000c9f00000|
|  26|0x00000000ca000000, 0x00000000ca000000, 0x00000000ca100000|  0%| F|  |TS  0|AC  0|TAMS 0x00000000ca000000, 0x00000000ca000000|
|  27|0x00000000ca100000, 0x00000000ca100000, 0x00000000ca200000|  0%| F|  |TS  0|AC  0|TAMS 0x00000000ca100000, 0x00000000ca100000|
|  28|0x00000000ca200000, 0x00000000ca200000, 0x00000000ca300000|  0%| F|  |TS  0|AC  0|TAMS 0x00000000ca200000, 0x00000000ca200000|
|  29|0x00000000ca300000, 0x00000000ca300000, 0x00000000ca400000|  0%| F|  |TS  0|AC  0|TAMS 0x00000000ca300000, 0x00000000ca300000|
|  30|0x00000000ca400000, 0x00000000ca400000, 0x00000000ca500000|  0%| F|  |TS  0|AC  0|TAMS 0x00000000ca400000, 0x00000000ca400000|
|  31|0x00000000ca500000, 0x00000000ca500000, 0x00000000ca600000|  0%| F|  |TS  0|AC  0|TAMS 0x00000000ca500000, 0x00000000ca500000|
|  32|0x00000000ca600000, 0x00000000ca600000, 0x00000000ca700000|  0%| F|  |TS  0|AC  0|TAMS 0x00000000ca600000, 0x00000000ca600000|
|  33|0x00000000ca700000, 0x00000000ca700000, 0x00000000ca800000|  0%| F|  |TS  0|AC  0|TAMS 0x00000000ca700000, 0x00000000ca700000|
|  34|0x00000000ca800000, 0x00000000ca800000, 0x00000000ca900000|  0%| F|  |TS  0|AC  0|TAMS 0x00000000ca800000, 0x00000000ca800000|
|  35|0x00000000ca900000, 0x00000000ca900000, 0x00000000caa00000|  0%| F|  |TS  0|AC  0|TAMS 0x00000000ca900000, 0x00000000ca900000|
|  36|0x00000000caa00000, 0x00000000caa00000, 0x00000000cab00000|  0%| F|  |TS  0|AC  0|TAMS 0x00000000caa00000, 0x00000000caa00000|
|  37|0x00000000cab00000, 0x00000000cab00000, 0x00000000cac00000|  0%| F|  |TS  0|AC  0|TAMS 0x00000000cab00000, 0x00000000cab00000|
|  38|0x00000000cac00000, 0x00000000cac00000, 0x00000000cad00000|  0%| F|  |TS  0|AC  0|TAMS 0x00000000cac00000, 0x00000000cac00000|
|  39|0x00000000cad00000, 0x00000000cad00000, 0x00000000cae00000|  0%| F|  |TS  0|AC  0|TAMS 0x00000000cad00000, 0x00000000cad00000|
|  40|0x00000000cae00000, 0x00000000cae00000, 0x00000000caf00000|  0%| F|  |TS  0|AC  0|TAMS 0x00000000cae00000, 0x00000000cae00000|
|  41|0x00000000caf00000, 0x00000000caf00000, 0x00000000cb000000|  0%| F|  |TS  0|AC  0|TAMS 0x00000000caf00000, 0x00000000caf00000|
|  42|0x00000000cb000000, 0x00000000cb000000, 0x00000000cb100000|  0%| F|  |TS  0|AC  0|TAMS 0x00000000cb000000, 0x00000000cb000000|
|  43|0x00000000cb100000, 0x00000000cb100000, 0x00000000cb200000|  0%| F|  |TS  0|AC  0|TAMS 0x00000000cb100000, 0x00000000cb100000|
|  44|0x00000000cb200000, 0x00000000cb200000, 0x00000000cb300000|  0%| F|  |TS  0|AC  0|TAMS 0x00000000cb200000, 0x00000000cb200000|
|  45|0x00000000cb300000, 0x00000000cb300000, 0x00000000cb400000|  0%| F|  |TS  0|AC  0|TAMS 0x00000000cb300000, 0x00000000cb300000|
|  46|0x00000000cb400000, 0x00000000cb400000, 0x00000000cb500000|  0%| F|  |TS  0|AC  0|TAMS 0x00000000cb400000, 0x00000000cb400000|
|  47|0x00000000cb500000, 0x00000000cb500000, 0x00000000cb600000|  0%| F|  |TS  0|AC  0|TAMS 0x00000000cb500000, 0x00000000cb500000|
|  48|0x00000000cb600000, 0x00000000cb600000, 0x00000000cb700000|  0%| F|  |TS  0|AC  0|TAMS 0x00000000cb600000, 0x00000000cb600000|
|  49|0x00000000cb700000, 0x00000000cb700000, 0x00000000cb800000|  0%| F|  |TS  0|AC  0|TAMS 0x00000000cb700000, 0x00000000cb700000|
|  50|0x00000000cb800000, 0x00000000cb800000, 0x00000000cb900000|  0%| F|  |TS  0|AC  0|TAMS 0x00000000cb800000, 0x00000000cb800000|
|  51|0x00000000cb900000, 0x00000000cb900000, 0x00000000cba00000|  0%| F|  |TS  0|AC  0|TAMS 0x00000000cb900000, 0x00000000cb900000|
|  52|0x00000000cba00000, 0x00000000cba00000, 0x00000000cbb00000|  0%| F|  |TS  0|AC  0|TAMS 0x00000000cba00000, 0x00000000cba00000|
|  53|0x00000000cbb00000, 0x00000000cbc00000, 0x00000000cbc00000|100%| E|  |TS  0|AC  0|TAMS 0x00000000cbb00000, 0x00000000cbb00000|
|  54|0x00000000cbc00000, 0x00000000cbd00000, 0x00000000cbd00000|100%| E|CS|TS  0|AC  0|TAMS 0x00000000cbc00000, 0x00000000cbc00000|
|  55|0x00000000cbd00000, 0x00000000cbe00000, 0x00000000cbe00000|100%| E|CS|TS  0|AC  0|TAMS 0x00000000cbd00000, 0x00000000cbd00000|

Card table byte_map: [0x000000001d240000,0x000000001d400000] byte_map_base: 0x000000001cbfd000

Marking Bits (Prev, Next): (CMBitMap*) 0x0000000000369e70, (CMBitMap*) 0x0000000000369ea8
 Prev Bits: [0x000000001d5c0000, 0x000000001e3a8000)
 Next Bits: [0x000000001e3b0000, 0x000000001f198000)

Polling page: 0x00000000001f0000

CodeHeap 'non-profiled nmethods': size=120064Kb used=71Kb max_used=71Kb free=119992Kb
 bounds [0x0000000015060000, 0x00000000152d0000, 0x000000001c5a0000]
CodeHeap 'profiled nmethods': size=120000Kb used=265Kb max_used=265Kb free=119734Kb
 bounds [0x000000000db30000, 0x000000000dda0000, 0x0000000015060000]
CodeHeap 'non-nmethods': size=5696Kb used=1070Kb max_used=1081Kb free=4626Kb
 bounds [0x000000000d5a0000, 0x000000000d810000, 0x000000000db30000]
 total_blobs=570 nmethods=200 adapters=211
 compilation: enabled

Compilation events (10 events):
Event: 2.852 Thread 0x00000000219ba800 nmethod 195 0x000000000db70910 code [0x000000000db70b60, 0x000000000db71530]
Event: 2.853 Thread 0x00000000219ba800  197       3       java.lang.String::getBytes (44 bytes)
Event: 2.854 Thread 0x00000000219ba800 nmethod 197 0x000000000db71810 code [0x000000000db71a00, 0x000000000db71db8]
Event: 2.855 Thread 0x00000000219b9800 nmethod 196 0x0000000015071310 code [0x00000000150714a0, 0x00000000150715f8]
Event: 2.856 Thread 0x00000000628bd000  198       4       java.lang.String::coder (15 bytes)
Event: 2.856 Thread 0x00000000628bd000 nmethod 198 0x0000000015071710 code [0x00000000150718a0, 0x00000000150718f8]
Event: 2.887 Thread 0x00000000219ba800  199       3       java.lang.AbstractStringBuilder::newCapacity (55 bytes)
Event: 2.887 Thread 0x00000000219ba800 nmethod 199 0x000000000db71f90 code [0x000000000db72160, 0x000000000db72408]
Event: 2.904 Thread 0x00000000219b9800  200       4       java.lang.StringLatin1::indexOf (61 bytes)
Event: 2.910 Thread 0x00000000219b9800 nmethod 200 0x0000000015071990 code [0x0000000015071b20, 0x0000000015071cd8]

GC Heap History (0 events):
No events

Deoptimization events (1 events):
Event: 2.317 Thread 0x0000000000302800 Uncommon trap: reason=unstable_if action=reinterpret pc=0x0000000015063c98 method=java.lang.String.hashCode()I @ 14 c2

Classes redefined (6 events):
Event: 73.238 Thread 0x00000000219b3000 redefined class name=Solution, count=1
Event: 88.873 Thread 0x00000000219b3000 redefined class name=Solution, count=2
Event: 108.462 Thread 0x00000000219b3000 redefined class name=Solution, count=3
Event: 128.126 Thread 0x00000000219b3000 redefined class name=Solution, count=4
Event: 143.096 Thread 0x00000000219b3000 redefined class name=Solution, count=5
Event: 208.284 Thread 0x00000000219b3000 redefined class name=Solution, count=6

Internal exceptions (0 events):
No events

Events (10 events):
Event: 208.287 Executing VM operation: GetFrameCount done
Event: 208.287 Executing VM operation: GetFrameCount
Event: 208.287 Executing VM operation: GetFrameCount done
Event: 208.287 Executing VM operation: GetFrameLocation
Event: 208.288 Executing VM operation: GetFrameLocation done
Event: 208.289 Executing VM operation: GetFrameLocation
Event: 208.289 Executing VM operation: GetFrameLocation done
Event: 208.289 Executing VM operation: GetOrSetLocal
Event: 208.289 Executing VM operation: GetOrSetLocal done
Event: 208.909 Executing VM operation: ChangeBreakpoints


Dynamic libraries:
0x000000013fc60000 - 0x000000013fc9e000 	C:\Program Files\Java\jdk-10\bin\java.exe
0x0000000076eb0000 - 0x000000007705a000 	C:\Windows\SYSTEM32\ntdll.dll
0x0000000076d90000 - 0x0000000076eaf000 	C:\Windows\system32\kernel32.dll
0x000007fefcef0000 - 0x000007fefcf5a000 	C:\Windows\system32\KERNELBASE.dll
0x000007fefdcc0000 - 0x000007fefdd9b000 	C:\Windows\system32\ADVAPI32.dll
0x000007fefee60000 - 0x000007fefeeff000 	C:\Windows\system32\msvcrt.dll
0x000007feff120000 - 0x000007feff13f000 	C:\Windows\SYSTEM32\sechost.dll
0x000007fefd170000 - 0x000007fefd29d000 	C:\Windows\system32\RPCRT4.dll
0x0000000076c90000 - 0x0000000076d8a000 	C:\Windows\system32\USER32.dll
0x000007fefd470000 - 0x000007fefd4d7000 	C:\Windows\system32\GDI32.dll
0x000007feff100000 - 0x000007feff10e000 	C:\Windows\system32\LPK.dll
0x000007fefd3a0000 - 0x000007fefd46b000 	C:\Windows\system32\USP10.dll
0x000007fefb670000 - 0x000007fefb864000 	C:\Windows\WinSxS\amd64_microsoft.windows.common-controls_6595b64144ccf1df_6.0.7601.18837_none_fa3b1e3d17594757\COMCTL32.dll
0x000007fefd2a0000 - 0x000007fefd311000 	C:\Windows\system32\SHLWAPI.dll
0x000007fefc490000 - 0x000007fefc49c000 	C:\Windows\system32\VERSION.dll
0x000007fefcf60000 - 0x000007fefcf8e000 	C:\Windows\system32\IMM32.DLL
0x000007fefd930000 - 0x000007fefda39000 	C:\Windows\system32\MSCTF.dll
0x000007feefb10000 - 0x000007feefbff000 	C:\Program Files\Java\jdk-10\bin\msvcr120.dll
0x000007fef01d0000 - 0x000007fef0276000 	C:\Program Files\Java\jdk-10\bin\msvcp120.dll
0x0000000077320000 - 0x0000000077d8f000 	C:\Program Files\Java\jdk-10\bin\server\jvm.dll
0x000007fefa970000 - 0x000007fefa979000 	C:\Windows\system32\WSOCK32.dll
0x000007fefdc70000 - 0x000007fefdcbd000 	C:\Windows\system32\WS2_32.dll
0x000007feff110000 - 0x000007feff118000 	C:\Windows\system32\NSI.dll
0x000007fef8b10000 - 0x000007fef8b4b000 	C:\Windows\system32\WINMM.dll
0x0000000077080000 - 0x0000000077087000 	C:\Windows\system32\PSAPI.DLL
0x000007fef7ff0000 - 0x000007fef7fff000 	C:\Program Files\Java\jdk-10\bin\verify.dll
0x000007fef1bb0000 - 0x000007fef1cd5000 	C:\Windows\system32\DBGHELP.DLL
0x000007fef3560000 - 0x000007fef3587000 	C:\Program Files\Java\jdk-10\bin\java.dll
0x000007fef3460000 - 0x000007fef3496000 	C:\Program Files\Java\jdk-10\bin\jdwp.dll
0x000007fef3f20000 - 0x000007fef3f4a000 	C:\Program Files\Java\jdk-10\bin\instrument.dll
0x000007fef5de0000 - 0x000007fef5df6000 	C:\Program Files\Java\jdk-10\bin\zip.dll
0x000007fefc3c0000 - 0x000007fefc3ca000 	C:\Program Files\Java\jdk-10\bin\jimage.dll
0x000007fefe0d0000 - 0x000007fefee5b000 	C:\Windows\system32\SHELL32.dll
0x000007fefef00000 - 0x000007feff0fc000 	C:\Windows\system32\ole32.dll
0x000007fefcba0000 - 0x000007fefcbaf000 	C:\Windows\system32\profapi.dll
0x000007fef41d0000 - 0x000007fef41da000 	C:\Program Files\Java\jdk-10\bin\dt_socket.dll
0x000007fefc040000 - 0x000007fefc095000 	C:\Windows\system32\mswsock.dll
0x000007fefc4a0000 - 0x000007fefc4a7000 	C:\Windows\System32\wshtcpip.dll
0x000007fef72e0000 - 0x000007fef72fa000 	C:\Program Files\Java\jdk-10\bin\net.dll
0x000007fef9920000 - 0x000007fef9991000 	C:\Windows\system32\WINHTTP.dll
0x000007fef83e0000 - 0x000007fef8444000 	C:\Windows\system32\webio.dll
0x000007fefc030000 - 0x000007fefc037000 	C:\Windows\System32\wship6.dll
0x000007fef42b0000 - 0x000007fef42c1000 	C:\Program Files\Java\jdk-10\bin\nio.dll

dbghelp: loaded successfully - version: 4.0.5 - missing functions: none
symbol engine: initialized successfully - sym options: 0x614 - pdb path: .;C:\Program Files\Java\jdk-10\bin;C:\Windows\SYSTEM32;C:\Windows\WinSxS\amd64_microsoft.windows.common-controls_6595b64144ccf1df_6.0.7601.18837_none_fa3b1e3d17594757;C:\Program Files\Java\jdk-10\bin\server

VM Arguments:
jvm_args: -agentlib:jdwp=transport=dt_socket,address=127.0.0.1:56853,suspend=y,server=n -javaagent:C:\Users\Administrator\AppData\Local\Temp\capture24648jars\debugger-agent.jar=file:/C:/Users/Administrator/AppData/Local/Temp/capture2.props -Dfile.encoding=UTF-8 
java_command: Solution
java_class_path (initial): D:\LCsolution\189. Rotate Array\out\production\189. Rotate Array;D:\Program Files\JetBrains\IntelliJ IDEA Community Edition 2018.1.1\lib\idea_rt.jar
Launcher Type: SUN_STANDARD

Logging:
Log output configuration:
#0: stdout all=warning uptime,level,tags
#1: stderr all=off uptime,level,tags

Environment Variables:
JAVA_HOME=C:\Program Files\Java\jdk-10
PATH=C:\ProgramData\Oracle\Java\javapath;C:\Windows\system32;C:\Windows;C:\Windows\System32\Wbem;C:\Windows\System32\WindowsPowerShell\v1.0\;C:\Program Files\Java\jdk-10\bin;G:\0 code\Python\Scripts\;G:\0 code\Python\;C:\Users\Administrator\AppData\Local\GitHubDesktop\bin
USERNAME=Administrator
OS=Windows_NT
PROCESSOR_IDENTIFIER=AMD64 Family 18 Model 1 Stepping 0, AuthenticAMD



---------------  S Y S T E M  ---------------

OS: Windows 7 , 64 bit Build 7601 (6.1.7601.23864)

CPU:total 4 (initial active 4) (4 cores per cpu, 1 threads per core) family 18 model 1 stepping 0, cmov, cx8, fxsr, mmx, sse, sse2, sse3, popcnt, mmxext, 3dnowpref, lzcnt, sse4a, tsc, tscinvbit, tscinv

Memory: 4k page, physical 3643504k(239752k free), swap 12782904k(5020448k free)

vm_info: Java HotSpot(TM) 64-Bit Server VM (10+46) for windows-amd64 JRE (10+46), built on Mar  8 2018 02:11:18 by "mach5one" with MS VC++ 12.0 (VS2013)

END.
