#
# A fatal error has been detected by the Java Runtime Environment:
#
#  EXCEPTION_ACCESS_VIOLATION (0xc0000005) at pc=0x000000007787cf6c, pid=9196, tid=12008
#
# JRE version: Java(TM) SE Runtime Environment (10.0+46) (build 10+46)
# Java VM: Java HotSpot(TM) 64-Bit Server VM (10+46, mixed mode, tiered, compressed oops, g1 gc, windows-amd64)
# Problematic frame:
# V  [jvm.dll+0x55cf6c]
#
# No core dump will be written. Minidumps are not enabled by default on client versions of Windows
#
# If you would like to submit a bug report, please visit:
#   http://bugreport.java.com/bugreport/crash.jsp
#

---------------  S U M M A R Y ------------

Command Line: -agentlib:jdwp=transport=dt_socket,address=127.0.0.1:56865,suspend=y,server=n -javaagent:C:\Users\Administrator\.IdeaIC2018.1\system\captureAgent\debugger-agent.jar=file:/C:/Users/Administrator/AppData/Local/Temp/capture2.props -Dfile.encoding=UTF-8 Solution

Host: AMD A6-3400M APU with Radeon(tm) HD Graphics, 4 cores, 3G,  Windows 7 , 64 bit Build 7601 (6.1.7601.23864)
Time: Tue Jun 26 13:31:04 2018 ?D1¨²¡À¨º¡Á?¨º¡À?? elapsed time: 162 seconds (0d 0h 2m 42s)

---------------  T H R E A D  ---------------

Current thread (0x0000000021ad8000):  VMThread "VM Thread" [stack: 0x0000000062c70000,0x0000000062d70000] [id=12008]

Stack: [0x0000000062c70000,0x0000000062d70000],  sp=0x0000000062d6f090,  free space=1020k
Native frames: (J=compiled Java code, j=interpreted, Vv=VM code, C=native code)
V  [jvm.dll+0x55cf6c]
V  [jvm.dll+0x473fba]
V  [jvm.dll+0x474ae7]
V  [jvm.dll+0x6c42dc]
V  [jvm.dll+0x6c2a45]
V  [jvm.dll+0x6c3250]
V  [jvm.dll+0x6c358c]
V  [jvm.dll+0x59ef10]
C  [msvcr120.dll+0x24f7f]
C  [msvcr120.dll+0x25126]
C  [kernel32.dll+0x159cd]
C  [ntdll.dll+0x2a561]


siginfo: EXCEPTION_ACCESS_VIOLATION (0xc0000005), writing address 0x000000ca626f3bce


Register to memory mapping:

RIP=0x000000007787cf6c jvm.dll
RAX=0x000000ca626f3bb8 is an unknown value
RBX=0x0000000021ad8000 is an unknown value
RCX=0x000000000000005c is an unknown value
RDX={method} {0x00000000626f3890} 'start' '()V' in 'Solution'
RSP=0x0000000062d6f090 is an unknown value
RBP=0x000000000044f820 is an unknown value
RSI={method} {0x00000000626f3890} 'start' '()V' in 'Solution'
RDI={method} {0x00000000626f3890} 'start' '()V' in 'Solution'
R8 =0x0000000000000000 is an unknown value
R9 =0x000000000000005c is an unknown value
R10=0x0000000000000000 is an unknown value
R11={method} {0x00000000626f3890} 'start' '()V' in 'Solution'
R12=0x0000000062d6f1c0 is an unknown value
R13=0x0000000021a4c810 is an unknown value
R14=0x0000000021a91360 is an unknown value
R15=0x00000000222cbca0 is pointing into metadata


Registers:
RAX=0x000000ca626f3bb8, RBX=0x0000000021ad8000, RCX=0x000000000000005c, RDX=0x00000000626f3888
RSP=0x0000000062d6f090, RBP=0x000000000044f820, RSI=0x00000000626f3888, RDI=0x00000000626f3888
R8 =0x0000000000000000, R9 =0x000000000000005c, R10=0x0000000000000000, R11=0x00000000626f3888
R12=0x0000000062d6f1c0, R13=0x0000000021a4c810, R14=0x0000000021a91360, R15=0x00000000222cbca0
RIP=0x000000007787cf6c, EFLAGS=0x0000000000010206

Top of Stack: (sp=0x0000000062d6f090)
0x0000000062d6f090:   0000000000000000 0000000000000000
0x0000000062d6f0a0:   0000000000000000 0000000000000018
0x0000000062d6f0b0:   000000006270af28 0000000021ad8000
0x0000000062d6f0c0:   0000000021ad8000 000000000044f860
0x0000000062d6f0d0:   00000000626f3888 000000007787d01d
0x0000000062d6f0e0:   000000000039e458 00000000000000d8
0x0000000062d6f0f0:   0000000062d6f3e0 00000000cbbf83a0
0x0000000062d6f100:   0000000021a91748 0000000077793fba
0x0000000062d6f110:   0000000021a91370 00000000626f3888
0x0000000062d6f120:   000000006396a420 0000000063bff960
0x0000000062d6f130:   00000000000003d8 0000000021a3a850
0x0000000062d6f140:   00000000003eabe0 0000000000000000
0x0000000062d6f150:   0000000000000000 0000000021a91748
0x0000000062d6f160:   0000000063bff960 000000006396a420
0x0000000062d6f170:   0000000063987fc0 00000000000003d8
0x0000000062d6f180:   0000000077cf5850 0000000077a9d698 

Instructions: (pc=0x000000007787cf6c)
0x000000007787cf4c:   08 00 74 0c 48 8b cb e8 08 5e d5 ff 33 c0 eb 04
0x000000007787cf5c:   48 8b 47 18 48 83 7b 08 00 75 09 48 85 c0 74 04
0x000000007787cf6c:   66 ff 40 16 ff 05 ea db 45 00 48 8d 4c 24 30 48
0x000000007787cf7c:   8b d3 e8 8d af dd ff 48 89 7c 24 20 48 89 5c 24 


VM_Operation (0x0000000063bff8f0): ChangeBreakpoints, mode: safepoint, requested by thread 0x0000000063966000


---------------  P R O C E S S  ---------------

Threads class SMR info:
_java_thread_list=0x0000000063828ed0, length=14, elements={
0x00000000003c2800, 0x0000000021ada800, 0x0000000021ae7000, 0x0000000062b2e800,
0x0000000062b30800, 0x0000000062b31800, 0x0000000062ba2000, 0x0000000062bae000,
0x0000000062bb1000, 0x0000000063966000, 0x0000000063943800, 0x0000000063944000,
0x00000000638e7000, 0x0000000063a07000
}

Java Threads: ( => current thread )
  0x00000000003c2800 JavaThread "main" [_thread_blocked, id=5520, stack(0x00000000020b0000,0x00000000021b0000)]
  0x0000000021ada800 JavaThread "Reference Handler" daemon [_thread_blocked, id=9988, stack(0x0000000062e90000,0x0000000062f90000)]
  0x0000000021ae7000 JavaThread "Finalizer" daemon [_thread_blocked, id=6100, stack(0x0000000062d90000,0x0000000062e90000)]
  0x0000000062b2e800 JavaThread "Signal Dispatcher" daemon [_thread_blocked, id=8908, stack(0x00000000630e0000,0x00000000631e0000)]
  0x0000000062b30800 JavaThread "Attach Listener" daemon [_thread_blocked, id=11216, stack(0x0000000062fb0000,0x00000000630b0000)]
  0x0000000062b31800 JavaThread "C2 CompilerThread0" daemon [_thread_blocked, id=8036, stack(0x0000000063340000,0x0000000063440000)]
  0x0000000062ba2000 JavaThread "C2 CompilerThread1" daemon [_thread_blocked, id=11288, stack(0x0000000063230000,0x0000000063330000)]
  0x0000000062bae000 JavaThread "C1 CompilerThread2" daemon [_thread_blocked, id=12092, stack(0x0000000063460000,0x0000000063560000)]
  0x0000000062bb1000 JavaThread "Sweeper thread" daemon [_thread_blocked, id=9788, stack(0x00000000635e0000,0x00000000636e0000)]
  0x0000000063966000 JavaThread "JDWP Transport Listener: dt_socket" daemon [_thread_blocked, id=12068, stack(0x0000000063b00000,0x0000000063c00000)]
  0x0000000063943800 JavaThread "JDWP Event Helper Thread" daemon [_thread_blocked, id=8008, stack(0x0000000021ec0000,0x0000000021fc0000)]
  0x0000000063944000 JavaThread "JDWP Command Reader" daemon [_thread_in_native, id=8692, stack(0x0000000063db0000,0x0000000063eb0000)]
  0x00000000638e7000 JavaThread "Common-Cleaner" daemon [_thread_blocked, id=12216, stack(0x0000000063f40000,0x0000000064040000)]
  0x0000000063a07000 JavaThread "Service Thread" daemon [_thread_blocked, id=7868, stack(0x0000000064070000,0x0000000064170000)]

Other Threads:
=>0x0000000021ad8000 VMThread "VM Thread" [stack: 0x0000000062c70000,0x0000000062d70000] [id=12008]
  0x0000000063829800 WatcherThread [stack: 0x00000000641b0000,0x00000000642b0000] [id=4628]
  0x00000000003ee000 GCTaskThread "GC Thread#0" [stack: 0x0000000002400000,0x0000000002500000] [id=2692]
  0x00000000003ef800 GCTaskThread "GC Thread#1" [stack: 0x000000001c9d0000,0x000000001cad0000] [id=4120]
  0x00000000003f1000 GCTaskThread "GC Thread#2" [stack: 0x000000001cbe0000,0x000000001cce0000] [id=10432]
  0x00000000003f4000 GCTaskThread "GC Thread#3" [stack: 0x000000001cd70000,0x000000001ce70000] [id=9708]
  0x0000000000425800 ConcurrentGCThread "G1 Main Marker" [stack: 0x000000001f4b0000,0x000000001f5b0000] [id=11672]
  0x0000000000427000 ConcurrentGCThread "G1 Conc#0" [stack: 0x000000001f3a0000,0x000000001f4a0000] [id=7960]
  0x0000000021a00800 ConcurrentGCThread "G1 Refine#0" [stack: 0x0000000021b40000,0x0000000021c40000] [id=5840]
  0x0000000000447800 ConcurrentGCThread "G1 Refine#1" [stack: 0x0000000021c50000,0x0000000021d50000] [id=6084]
  0x000000000044a800 ConcurrentGCThread "G1 Refine#2" [stack: 0x0000000021d70000,0x0000000021e70000] [id=10712]
  0x000000000044c000 ConcurrentGCThread "G1 Refine#3" [stack: 0x0000000021fd0000,0x00000000220d0000] [id=12116]
  0x000000000044d000 ConcurrentGCThread "G1 Young RemSet Sampling" [stack: 0x0000000022160000,0x0000000022260000] [id=6060]

Threads with active compile tasks:

VM state:at safepoint (normal execution)

VM Mutex/Monitor currently owned by a thread:  ([mutex/lock_event])
[0x00000000003befa0] Threads_lock - owner thread: 0x0000000021ad8000

Heap address: 0x00000000c8600000, size: 890 MB, Compressed Oops mode: 32-bit
Narrow klass base: 0x0000000000000000, Narrow klass shift: 0
Compressed class space size: 1073741824 Address: 0x0000000022260000

Heap:
 garbage-first heap   total 57344K, used 2048K [0x00000000c8600000, 0x0000000100000000)
  region size 1024K, 3 young (3072K), 0 survivors (0K)
 Metaspace       used 5217K, capacity 5328K, committed 5376K, reserved 1056768K
  class space    used 439K, capacity 496K, committed 512K, reserved 1048576K
Heap Regions: E=young(eden), S=young(survivor), O=old, HS=humongous(starts), HC=humongous(continues), CS=collection set, F=free, A=archive, TS=gc time stamp, AC=allocation context, TAMS=top-at-mark-start (previous, next)
|   0|0x00000000c8600000, 0x00000000c8600000, 0x00000000c8700000|  0%| F|  |TS  0|AC  0|TAMS 0x00000000c8600000, 0x00000000c8600000|
|   1|0x00000000c8700000, 0x00000000c8700000, 0x00000000c8800000|  0%| F|  |TS  0|AC  0|TAMS 0x00000000c8700000, 0x00000000c8700000|
|   2|0x00000000c8800000, 0x00000000c8800000, 0x00000000c8900000|  0%| F|  |TS  0|AC  0|TAMS 0x00000000c8800000, 0x00000000c8800000|
|   3|0x00000000c8900000, 0x00000000c8900000, 0x00000000c8a00000|  0%| F|  |TS  0|AC  0|TAMS 0x00000000c8900000, 0x00000000c8900000|
|   4|0x00000000c8a00000, 0x00000000c8a00000, 0x00000000c8b00000|  0%| F|  |TS  0|AC  0|TAMS 0x00000000c8a00000, 0x00000000c8a00000|
|   5|0x00000000c8b00000, 0x00000000c8b00000, 0x00000000c8c00000|  0%| F|  |TS  0|AC  0|TAMS 0x00000000c8b00000, 0x00000000c8b00000|
|   6|0x00000000c8c00000, 0x00000000c8c00000, 0x00000000c8d00000|  0%| F|  |TS  0|AC  0|TAMS 0x00000000c8c00000, 0x00000000c8c00000|
|   7|0x00000000c8d00000, 0x00000000c8d00000, 0x00000000c8e00000|  0%| F|  |TS  0|AC  0|TAMS 0x00000000c8d00000, 0x00000000c8d00000|
|   8|0x00000000c8e00000, 0x00000000c8e00000, 0x00000000c8f00000|  0%| F|  |TS  0|AC  0|TAMS 0x00000000c8e00000, 0x00000000c8e00000|
|   9|0x00000000c8f00000, 0x00000000c8f00000, 0x00000000c9000000|  0%| F|  |TS  0|AC  0|TAMS 0x00000000c8f00000, 0x00000000c8f00000|
|  10|0x00000000c9000000, 0x00000000c9000000, 0x00000000c9100000|  0%| F|  |TS  0|AC  0|TAMS 0x00000000c9000000, 0x00000000c9000000|
|  11|0x00000000c9100000, 0x00000000c9100000, 0x00000000c9200000|  0%| F|  |TS  0|AC  0|TAMS 0x00000000c9100000, 0x00000000c9100000|
|  12|0x00000000c9200000, 0x00000000c9200000, 0x00000000c9300000|  0%| F|  |TS  0|AC  0|TAMS 0x00000000c9200000, 0x00000000c9200000|
|  13|0x00000000c9300000, 0x00000000c9300000, 0x00000000c9400000|  0%| F|  |TS  0|AC  0|TAMS 0x00000000c9300000, 0x00000000c9300000|
|  14|0x00000000c9400000, 0x00000000c9400000, 0x00000000c9500000|  0%| F|  |TS  0|AC  0|TAMS 0x00000000c9400000, 0x00000000c9400000|
|  15|0x00000000c9500000, 0x00000000c9500000, 0x00000000c9600000|  0%| F|  |TS  0|AC  0|TAMS 0x00000000c9500000, 0x00000000c9500000|
|  16|0x00000000c9600000, 0x00000000c9600000, 0x00000000c9700000|  0%| F|  |TS  0|AC  0|TAMS 0x00000000c9600000, 0x00000000c9600000|
|  17|0x00000000c9700000, 0x00000000c9700000, 0x00000000c9800000|  0%| F|  |TS  0|AC  0|TAMS 0x00000000c9700000, 0x00000000c9700000|
|  18|0x00000000c9800000, 0x00000000c9800000, 0x00000000c9900000|  0%| F|  |TS  0|AC  0|TAMS 0x00000000c9800000, 0x00000000c9800000|
|  19|0x00000000c9900000, 0x00000000c9900000, 0x00000000c9a00000|  0%| F|  |TS  0|AC  0|TAMS 0x00000000c9900000, 0x00000000c9900000|
|  20|0x00000000c9a00000, 0x00000000c9a00000, 0x00000000c9b00000|  0%| F|  |TS  0|AC  0|TAMS 0x00000000c9a00000, 0x00000000c9a00000|
|  21|0x00000000c9b00000, 0x00000000c9b00000, 0x00000000c9c00000|  0%| F|  |TS  0|AC  0|TAMS 0x00000000c9b00000, 0x00000000c9b00000|
|  22|0x00000000c9c00000, 0x00000000c9c00000, 0x00000000c9d00000|  0%| F|  |TS  0|AC  0|TAMS 0x00000000c9c00000, 0x00000000c9c00000|
|  23|0x00000000c9d00000, 0x00000000c9d00000, 0x00000000c9e00000|  0%| F|  |TS  0|AC  0|TAMS 0x00000000c9d00000, 0x00000000c9d00000|
|  24|0x00000000c9e00000, 0x00000000c9e00000, 0x00000000c9f00000|  0%| F|  |TS  0|AC  0|TAMS 0x00000000c9e00000, 0x00000000c9e00000|
|  25|0x00000000c9f00000, 0x00000000c9f00000, 0x00000000ca000000|  0%| F|  |TS  0|AC  0|TAMS 0x00000000c9f00000, 0x00000000c9f00000|
|  26|0x00000000ca000000, 0x00000000ca000000, 0x00000000ca100000|  0%| F|  |TS  0|AC  0|TAMS 0x00000000ca000000, 0x00000000ca000000|
|  27|0x00000000ca100000, 0x00000000ca100000, 0x00000000ca200000|  0%| F|  |TS  0|AC  0|TAMS 0x00000000ca100000, 0x00000000ca100000|
|  28|0x00000000ca200000, 0x00000000ca200000, 0x00000000ca300000|  0%| F|  |TS  0|AC  0|TAMS 0x00000000ca200000, 0x00000000ca200000|
|  29|0x00000000ca300000, 0x00000000ca300000, 0x00000000ca400000|  0%| F|  |TS  0|AC  0|TAMS 0x00000000ca300000, 0x00000000ca300000|
|  30|0x00000000ca400000, 0x00000000ca400000, 0x00000000ca500000|  0%| F|  |TS  0|AC  0|TAMS 0x00000000ca400000, 0x00000000ca400000|
|  31|0x00000000ca500000, 0x00000000ca500000, 0x00000000ca600000|  0%| F|  |TS  0|AC  0|TAMS 0x00000000ca500000, 0x00000000ca500000|
|  32|0x00000000ca600000, 0x00000000ca600000, 0x00000000ca700000|  0%| F|  |TS  0|AC  0|TAMS 0x00000000ca600000, 0x00000000ca600000|
|  33|0x00000000ca700000, 0x00000000ca700000, 0x00000000ca800000|  0%| F|  |TS  0|AC  0|TAMS 0x00000000ca700000, 0x00000000ca700000|
|  34|0x00000000ca800000, 0x00000000ca800000, 0x00000000ca900000|  0%| F|  |TS  0|AC  0|TAMS 0x00000000ca800000, 0x00000000ca800000|
|  35|0x00000000ca900000, 0x00000000ca900000, 0x00000000caa00000|  0%| F|  |TS  0|AC  0|TAMS 0x00000000ca900000, 0x00000000ca900000|
|  36|0x00000000caa00000, 0x00000000caa00000, 0x00000000cab00000|  0%| F|  |TS  0|AC  0|TAMS 0x00000000caa00000, 0x00000000caa00000|
|  37|0x00000000cab00000, 0x00000000cab00000, 0x00000000cac00000|  0%| F|  |TS  0|AC  0|TAMS 0x00000000cab00000, 0x00000000cab00000|
|  38|0x00000000cac00000, 0x00000000cac00000, 0x00000000cad00000|  0%| F|  |TS  0|AC  0|TAMS 0x00000000cac00000, 0x00000000cac00000|
|  39|0x00000000cad00000, 0x00000000cad00000, 0x00000000cae00000|  0%| F|  |TS  0|AC  0|TAMS 0x00000000cad00000, 0x00000000cad00000|
|  40|0x00000000cae00000, 0x00000000cae00000, 0x00000000caf00000|  0%| F|  |TS  0|AC  0|TAMS 0x00000000cae00000, 0x00000000cae00000|
|  41|0x00000000caf00000, 0x00000000caf00000, 0x00000000cb000000|  0%| F|  |TS  0|AC  0|TAMS 0x00000000caf00000, 0x00000000caf00000|
|  42|0x00000000cb000000, 0x00000000cb000000, 0x00000000cb100000|  0%| F|  |TS  0|AC  0|TAMS 0x00000000cb000000, 0x00000000cb000000|
|  43|0x00000000cb100000, 0x00000000cb100000, 0x00000000cb200000|  0%| F|  |TS  0|AC  0|TAMS 0x00000000cb100000, 0x00000000cb100000|
|  44|0x00000000cb200000, 0x00000000cb200000, 0x00000000cb300000|  0%| F|  |TS  0|AC  0|TAMS 0x00000000cb200000, 0x00000000cb200000|
|  45|0x00000000cb300000, 0x00000000cb300000, 0x00000000cb400000|  0%| F|  |TS  0|AC  0|TAMS 0x00000000cb300000, 0x00000000cb300000|
|  46|0x00000000cb400000, 0x00000000cb400000, 0x00000000cb500000|  0%| F|  |TS  0|AC  0|TAMS 0x00000000cb400000, 0x00000000cb400000|
|  47|0x00000000cb500000, 0x00000000cb500000, 0x00000000cb600000|  0%| F|  |TS  0|AC  0|TAMS 0x00000000cb500000, 0x00000000cb500000|
|  48|0x00000000cb600000, 0x00000000cb600000, 0x00000000cb700000|  0%| F|  |TS  0|AC  0|TAMS 0x00000000cb600000, 0x00000000cb600000|
|  49|0x00000000cb700000, 0x00000000cb700000, 0x00000000cb800000|  0%| F|  |TS  0|AC  0|TAMS 0x00000000cb700000, 0x00000000cb700000|
|  50|0x00000000cb800000, 0x00000000cb800000, 0x00000000cb900000|  0%| F|  |TS  0|AC  0|TAMS 0x00000000cb800000, 0x00000000cb800000|
|  51|0x00000000cb900000, 0x00000000cb900000, 0x00000000cba00000|  0%| F|  |TS  0|AC  0|TAMS 0x00000000cb900000, 0x00000000cb900000|
|  52|0x00000000cba00000, 0x00000000cba00000, 0x00000000cbb00000|  0%| F|  |TS  0|AC  0|TAMS 0x00000000cba00000, 0x00000000cba00000|
|  53|0x00000000cbb00000, 0x00000000cbc00000, 0x00000000cbc00000|100%| E|  |TS  0|AC  0|TAMS 0x00000000cbb00000, 0x00000000cbb00000|
|  54|0x00000000cbc00000, 0x00000000cbd00000, 0x00000000cbd00000|100%| E|CS|TS  0|AC  0|TAMS 0x00000000cbc00000, 0x00000000cbc00000|
|  55|0x00000000cbd00000, 0x00000000cbe00000, 0x00000000cbe00000|100%| E|CS|TS  0|AC  0|TAMS 0x00000000cbd00000, 0x00000000cbd00000|

Card table byte_map: [0x000000001d360000,0x000000001d520000] byte_map_base: 0x000000001cd1d000

Marking Bits (Prev, Next): (CMBitMap*) 0x0000000000424ca0, (CMBitMap*) 0x0000000000424cd8
 Prev Bits: [0x000000001d6e0000, 0x000000001e4c8000)
 Next Bits: [0x000000001e4d0000, 0x000000001f2b8000)

Polling page: 0x0000000000080000

CodeHeap 'non-profiled nmethods': size=120064Kb used=67Kb max_used=67Kb free=119996Kb
 bounds [0x0000000015430000, 0x00000000156a0000, 0x000000001c970000]
CodeHeap 'profiled nmethods': size=120000Kb used=262Kb max_used=262Kb free=119737Kb
 bounds [0x000000000df00000, 0x000000000e170000, 0x0000000015430000]
CodeHeap 'non-nmethods': size=5696Kb used=1069Kb max_used=1081Kb free=4626Kb
 bounds [0x000000000d970000, 0x000000000dbe0000, 0x000000000df00000]
 total_blobs=580 nmethods=202 adapters=211
 compilation: enabled

Compilation events (10 events):
Event: 1.486 Thread 0x0000000062bae000  198       3       java.lang.String::getBytes (44 bytes)
Event: 1.487 Thread 0x0000000062b31800  200       4       java.lang.String::isLatin1 (19 bytes)
Event: 1.487 Thread 0x0000000062bae000 nmethod 198 0x000000000df40510 code [0x000000000df40700, 0x000000000df40ab8]
Event: 1.487 Thread 0x0000000062bae000  199       3       java.lang.String::startsWith (138 bytes)
Event: 1.487 Thread 0x0000000062b31800 nmethod 200 0x0000000015440390 code [0x0000000015440520, 0x0000000015440578]
Event: 1.488 Thread 0x0000000062ba2000  201       4       java.lang.String::charAt (25 bytes)
Event: 1.489 Thread 0x0000000062bae000 nmethod 199 0x000000000df40c90 code [0x000000000df40ee0, 0x000000000df418b0]
Event: 1.491 Thread 0x0000000062ba2000 nmethod 201 0x0000000015440610 code [0x00000000154407a0, 0x00000000154408f8]
Event: 1.522 Thread 0x0000000062b31800  202       4       java.lang.StringLatin1::indexOf (61 bytes)
Event: 1.528 Thread 0x0000000062b31800 nmethod 202 0x0000000015440a10 code [0x0000000015440ba0, 0x0000000015440d38]

GC Heap History (0 events):
No events

Deoptimization events (2 events):
Event: 1.352 Thread 0x00000000003c2800 Uncommon trap: reason=unstable_if action=reinterpret pc=0x000000001543d8ec method=java.lang.String.isLatin1()Z @ 10 c2
Event: 1.370 Thread 0x00000000003c2800 Uncommon trap: reason=unstable_if action=reinterpret pc=0x0000000015433198 method=java.lang.String.hashCode()I @ 14 c2

Classes redefined (6 events):
Event: 26.563 Thread 0x0000000021ad8000 redefined class name=Solution, count=1
Event: 42.254 Thread 0x0000000021ad8000 redefined class name=Solution, count=2
Event: 61.996 Thread 0x0000000021ad8000 redefined class name=Solution, count=3
Event: 81.460 Thread 0x0000000021ad8000 redefined class name=Solution, count=4
Event: 96.455 Thread 0x0000000021ad8000 redefined class name=Solution, count=5
Event: 162.462 Thread 0x0000000021ad8000 redefined class name=Solution, count=6

Internal exceptions (0 events):
No events

Events (10 events):
Event: 162.466 Executing VM operation: GetFrameCount done
Event: 162.467 Executing VM operation: GetFrameCount
Event: 162.467 Executing VM operation: GetFrameCount done
Event: 162.467 Executing VM operation: GetFrameLocation
Event: 162.467 Executing VM operation: GetFrameLocation done
Event: 162.467 Executing VM operation: GetFrameLocation
Event: 162.467 Executing VM operation: GetFrameLocation done
Event: 162.468 Executing VM operation: GetOrSetLocal
Event: 162.468 Executing VM operation: GetOrSetLocal done
Event: 162.478 Executing VM operation: ChangeBreakpoints


Dynamic libraries:
0x000000013fc60000 - 0x000000013fc9e000 	C:\Program Files\Java\jdk-10\bin\java.exe
0x0000000076eb0000 - 0x000000007705a000 	C:\Windows\SYSTEM32\ntdll.dll
0x0000000076d90000 - 0x0000000076eaf000 	C:\Windows\system32\kernel32.dll
0x000007fefcef0000 - 0x000007fefcf5a000 	C:\Windows\system32\KERNELBASE.dll
0x000007fefdcc0000 - 0x000007fefdd9b000 	C:\Windows\system32\ADVAPI32.dll
0x000007fefee60000 - 0x000007fefeeff000 	C:\Windows\system32\msvcrt.dll
0x000007feff120000 - 0x000007feff13f000 	C:\Windows\SYSTEM32\sechost.dll
0x000007fefd170000 - 0x000007fefd29d000 	C:\Windows\system32\RPCRT4.dll
0x0000000076c90000 - 0x0000000076d8a000 	C:\Windows\system32\USER32.dll
0x000007fefd470000 - 0x000007fefd4d7000 	C:\Windows\system32\GDI32.dll
0x000007feff100000 - 0x000007feff10e000 	C:\Windows\system32\LPK.dll
0x000007fefd3a0000 - 0x000007fefd46b000 	C:\Windows\system32\USP10.dll
0x000007fefb670000 - 0x000007fefb864000 	C:\Windows\WinSxS\amd64_microsoft.windows.common-controls_6595b64144ccf1df_6.0.7601.18837_none_fa3b1e3d17594757\COMCTL32.dll
0x000007fefd2a0000 - 0x000007fefd311000 	C:\Windows\system32\SHLWAPI.dll
0x000007fefc490000 - 0x000007fefc49c000 	C:\Windows\system32\VERSION.dll
0x000007fefcf60000 - 0x000007fefcf8e000 	C:\Windows\system32\IMM32.DLL
0x000007fefd930000 - 0x000007fefda39000 	C:\Windows\system32\MSCTF.dll
0x000007feefb10000 - 0x000007feefbff000 	C:\Program Files\Java\jdk-10\bin\msvcr120.dll
0x000007fef01d0000 - 0x000007fef0276000 	C:\Program Files\Java\jdk-10\bin\msvcp120.dll
0x0000000077320000 - 0x0000000077d8f000 	C:\Program Files\Java\jdk-10\bin\server\jvm.dll
0x000007fefa970000 - 0x000007fefa979000 	C:\Windows\system32\WSOCK32.dll
0x000007fefdc70000 - 0x000007fefdcbd000 	C:\Windows\system32\WS2_32.dll
0x000007feff110000 - 0x000007feff118000 	C:\Windows\system32\NSI.dll
0x000007fef8b10000 - 0x000007fef8b4b000 	C:\Windows\system32\WINMM.dll
0x0000000077080000 - 0x0000000077087000 	C:\Windows\system32\PSAPI.DLL
0x000007fef7ff0000 - 0x000007fef7fff000 	C:\Program Files\Java\jdk-10\bin\verify.dll
0x000007fef1bb0000 - 0x000007fef1cd5000 	C:\Windows\system32\DBGHELP.DLL
0x000007fef3560000 - 0x000007fef3587000 	C:\Program Files\Java\jdk-10\bin\java.dll
0x000007fef3460000 - 0x000007fef3496000 	C:\Program Files\Java\jdk-10\bin\jdwp.dll
0x000007fef3f20000 - 0x000007fef3f4a000 	C:\Program Files\Java\jdk-10\bin\instrument.dll
0x000007fef5de0000 - 0x000007fef5df6000 	C:\Program Files\Java\jdk-10\bin\zip.dll
0x000007fefc3c0000 - 0x000007fefc3ca000 	C:\Program Files\Java\jdk-10\bin\jimage.dll
0x000007fefe0d0000 - 0x000007fefee5b000 	C:\Windows\system32\SHELL32.dll
0x000007fefef00000 - 0x000007feff0fc000 	C:\Windows\system32\ole32.dll
0x000007fefcba0000 - 0x000007fefcbaf000 	C:\Windows\system32\profapi.dll
0x000007fef41d0000 - 0x000007fef41da000 	C:\Program Files\Java\jdk-10\bin\dt_socket.dll
0x000007fefc040000 - 0x000007fefc095000 	C:\Windows\system32\mswsock.dll
0x000007fefc4a0000 - 0x000007fefc4a7000 	C:\Windows\System32\wshtcpip.dll
0x000007fef72e0000 - 0x000007fef72fa000 	C:\Program Files\Java\jdk-10\bin\net.dll
0x000007fef9920000 - 0x000007fef9991000 	C:\Windows\system32\WINHTTP.dll
0x000007fef83e0000 - 0x000007fef8444000 	C:\Windows\system32\webio.dll
0x000007fefc030000 - 0x000007fefc037000 	C:\Windows\System32\wship6.dll
0x000007fef42b0000 - 0x000007fef42c1000 	C:\Program Files\Java\jdk-10\bin\nio.dll

dbghelp: loaded successfully - version: 4.0.5 - missing functions: none
symbol engine: initialized successfully - sym options: 0x614 - pdb path: .;C:\Program Files\Java\jdk-10\bin;C:\Windows\SYSTEM32;C:\Windows\WinSxS\amd64_microsoft.windows.common-controls_6595b64144ccf1df_6.0.7601.18837_none_fa3b1e3d17594757;C:\Program Files\Java\jdk-10\bin\server

VM Arguments:
jvm_args: -agentlib:jdwp=transport=dt_socket,address=127.0.0.1:56865,suspend=y,server=n -javaagent:C:\Users\Administrator\.IdeaIC2018.1\system\captureAgent\debugger-agent.jar=file:/C:/Users/Administrator/AppData/Local/Temp/capture2.props -Dfile.encoding=UTF-8 
java_command: Solution
java_class_path (initial): D:\LCsolution\189. Rotate Array\out\production\189. Rotate Array;D:\Program Files\JetBrains\IntelliJ IDEA Community Edition 2018.1.1\lib\idea_rt.jar
Launcher Type: SUN_STANDARD

Logging:
Log output configuration:
#0: stdout all=warning uptime,level,tags
#1: stderr all=off uptime,level,tags

Environment Variables:
JAVA_HOME=C:\Program Files\Java\jdk-10
PATH=C:\ProgramData\Oracle\Java\javapath;C:\Windows\system32;C:\Windows;C:\Windows\System32\Wbem;C:\Windows\System32\WindowsPowerShell\v1.0\;C:\Program Files\Java\jdk-10\bin;G:\0 code\Python\Scripts\;G:\0 code\Python\;C:\Users\Administrator\AppData\Local\GitHubDesktop\bin
USERNAME=Administrator
OS=Windows_NT
PROCESSOR_IDENTIFIER=AMD64 Family 18 Model 1 Stepping 0, AuthenticAMD



---------------  S Y S T E M  ---------------

OS: Windows 7 , 64 bit Build 7601 (6.1.7601.23864)

CPU:total 4 (initial active 4) (4 cores per cpu, 1 threads per core) family 18 model 1 stepping 0, cmov, cx8, fxsr, mmx, sse, sse2, sse3, popcnt, mmxext, 3dnowpref, lzcnt, sse4a, tsc, tscinvbit, tscinv

Memory: 4k page, physical 3643504k(255576k free), swap 12782904k(5151684k free)

vm_info: Java HotSpot(TM) 64-Bit Server VM (10+46) for windows-amd64 JRE (10+46), built on Mar  8 2018 02:11:18 by "mach5one" with MS VC++ 12.0 (VS2013)

END.
