#
# A fatal error has been detected by the Java Runtime Environment:
#
#  EXCEPTION_ACCESS_VIOLATION (0xc0000005) at pc=0x000000000da19710, pid=6172, tid=8012
#
# JRE version: Java(TM) SE Runtime Environment (10.0+46) (build 10+46)
# Java VM: Java HotSpot(TM) 64-Bit Server VM (10+46, mixed mode, tiered, compressed oops, g1 gc, windows-amd64)
# Problematic frame:
# j  Solution.start()V+27
#
# No core dump will be written. Minidumps are not enabled by default on client versions of Windows
#
# If you would like to submit a bug report, please visit:
#   http://bugreport.java.com/bugreport/crash.jsp
#

---------------  S U M M A R Y ------------

Command Line: -agentlib:jdwp=transport=dt_socket,address=127.0.0.1:58126,suspend=y,server=n -javaagent:C:\Users\Administrator\AppData\Local\Temp\capture18631jars\debugger-agent.jar=file:/C:/Users/Administrator/AppData/Local/Temp/capture2.props -Dfile.encoding=UTF-8 Solution

Host: AMD A6-3400M APU with Radeon(tm) HD Graphics, 4 cores, 3G,  Windows 7 , 64 bit Build 7601 (6.1.7601.23864)
Time: Sun Jul 15 14:20:41 2018 ?D1¨²¡À¨º¡Á?¨º¡À?? elapsed time: 765 seconds (0d 0h 12m 45s)

---------------  T H R E A D  ---------------

Current thread (0x00000000003d4000):  JavaThread "main" [_thread_in_Java, id=8012, stack(0x0000000002520000,0x0000000002620000)]

Stack: [0x0000000002520000,0x0000000002620000],  sp=0x000000000261f6f8,  free space=1021k
Native frames: (J=compiled Java code, j=interpreted, Vv=VM code, C=native code)
C  0x000000000da19710


siginfo: EXCEPTION_ACCESS_VIOLATION (0xc0000005), reading address 0x0000000062cfd9d8


Register to memory mapping:

RIP=0x000000000da19710 is at code_begin+80 in an Interpreter codelet
