#
# A fatal error has been detected by the Java Runtime Environment:
#
#  Internal Error (t:/workspace/open/src/hotspot/share/oops/generateOopMap.cpp:2162), pid=7172, tid=7460
#  fatal error: Illegal class file encountered. Try running with -Xverify:all in method start
#
# JRE version: Java(TM) SE Runtime Environment (10.0+46) (build 10+46)
# Java VM: Java HotSpot(TM) 64-Bit Server VM (10+46, mixed mode, tiered, compressed oops, g1 gc, windows-amd64)
# No core dump will be written. Minidumps are not enabled by default on client versions of Windows
#
# If you would like to submit a bug report, please visit:
#   http://bugreport.java.com/bugreport/crash.jsp
#

---------------  S U M M A R Y ------------

Command Line: -agentlib:jdwp=transport=dt_socket,address=127.0.0.1:58066,suspend=y,server=n -javaagent:C:\Users\Administrator\AppData\Local\Temp\capture7826jars\debugger-agent.jar=file:/C:/Users/Administrator/AppData/Local/Temp/capture2.props -Dfile.encoding=UTF-8 Solution

Host: AMD A6-3400M APU with Radeon(tm) HD Graphics, 4 cores, 3G,  Windows 7 , 64 bit Build 7601 (6.1.7601.23864)
Time: Sun Jul 15 14:07:57 2018 ?D1¨²¡À¨º¡Á?¨º¡À?? elapsed time: 234 seconds (0d 0h 3m 54s)

---------------  T H R E A D  ---------------

Current thread (0x0000000021f52800):  VMThread "VM Thread" [stack: 0x0000000063220000,0x0000000063320000] [id=7460]

Stack: [0x0000000063220000,0x0000000063320000]
[error occurred during error reporting (printing stack bounds), id 0xe0000000]

Native frames: (J=compiled Java code, j=interpreted, Vv=VM code, C=native code)
V  [jvm.dll+0x59fbf9]
V  [jvm.dll+0x6bca11]
V  [jvm.dll+0x6bdc06]
V  [jvm.dll+0x6be1f5]
V  [jvm.dll+0x6be1ab]
V  [jvm.dll+0x59f3f3]
V  [jvm.dll+0x59f7f8]
C  [ntdll.dll+0x2812d]
C  [ntdll.dll+0x1855f]
C  [ntdll.dll+0x4bcb8]
C  0x000000000dd00ea7

VM_Operation (0x000000006456f880): GetOrSetLocal, mode: safepoint, requested by thread 0x00000000640fa800


---------------  P R O C E S S  ---------------

Threads class SMR info:
_java_thread_list=0x000000006409dee0, length=14, elements={
0x00000000002b4000, 0x0000000021f55000, 0x0000000021f58800, 0x0000000062fe9000,
0x0000000062fea000, 0x0000000062feb000, 0x0000000021f5b800, 0x0000000021f5e800,
0x000000006305a000, 0x00000000640fa800, 0x00000000640fc800, 0x00000000641a8800,
0x0000000064192800, 0x000000006409f000
}

Java Threads: ( => current thread )
  0x00000000002b4000 JavaThread "main" [_thread_blocked, id=6900, stack(0x0000000002380000,0x0000000002480000)]
  0x0000000021f55000 JavaThread "Reference Handler" daemon [_thread_blocked, id=5316, stack(0x0000000063490000,0x0000000063590000)]
  0x0000000021f58800 JavaThread "Finalizer" daemon [_thread_blocked, id=6300, stack(0x0000000063620000,0x0000000063720000)]
  0x0000000062fe9000 JavaThread "Signal Dispatcher" daemon [_thread_blocked, id=5108, stack(0x0000000063730000,0x0000000063830000)]
  0x0000000062fea000 JavaThread "Attach Listener" daemon [_thread_blocked, id=7768, stack(0x0000000063340000,0x0000000063440000)]
  0x0000000062feb000 JavaThread "C2 CompilerThread0" daemon [_thread_blocked, id=6884, stack(0x0000000063940000,0x0000000063a40000)]
  0x0000000021f5b800 JavaThread "C2 CompilerThread1" daemon [_thread_blocked, id=6076, stack(0x0000000063a60000,0x0000000063b60000)]
  0x0000000021f5e800 JavaThread "C1 CompilerThread2" daemon [_thread_blocked, id=4404, stack(0x0000000063bb0000,0x0000000063cb0000)]
  0x000000006305a000 JavaThread "Sweeper thread" daemon [_thread_blocked, id=5204, stack(0x0000000063d10000,0x0000000063e10000)]
  0x00000000640fa800 JavaThread "JDWP Transport Listener: dt_socket" daemon [_thread_blocked, id=5020, stack(0x0000000064470000,0x0000000064570000)] _threads_hazard_ptr=0x000000006409dee0
  0x00000000640fc800 JavaThread "JDWP Event Helper Thread" daemon [_thread_blocked, id=6364, stack(0x0000000063120000,0x0000000063220000)]
  0x00000000641a8800 JavaThread "JDWP Command Reader" daemon [_thread_in_native, id=6880, stack(0x0000000064670000,0x0000000064770000)]
  0x0000000064192800 JavaThread "Common-Cleaner" daemon [_thread_blocked, id=7340, stack(0x00000000647a0000,0x00000000648a0000)]
  0x000000006409f000 JavaThread "Service Thread" daemon [_thread_blocked, id=2176, stack(0x00000000649b0000,0x0000000064ab0000)]

Other Threads:
=>0x0000000021f52800 VMThread "VM Thread" [stack: 0x0000000063220000,0x0000000063320000] [id=7460]
  0x000000006409b000 WatcherThread [stack: 0x0000000064bb0000,0x0000000064cb0000] [id=7992]
  0x00000000002dd000 GCTaskThread "GC Thread#0" [stack: 0x0000000002760000,0x0000000002860000] [id=5712]
  0x00000000002de800 GCTaskThread "GC Thread#1" [stack: 0x000000001cdf0000,0x000000001cef0000] [id=3288]
  0x00000000002e2000 GCTaskThread "GC Thread#2" [stack: 0x000000001cf20000,0x000000001d020000] [id=6940]
  0x00000000002e4800 GCTaskThread "GC Thread#3" [stack: 0x000000001d1e0000,0x000000001d2e0000] [id=4032]
  0x0000000000315800 ConcurrentGCThread "G1 Main Marker" [stack: 0x000000001f8b0000,0x000000001f9b0000] [id=5836]
  0x0000000000317800 ConcurrentGCThread "G1 Conc#0" [stack: 0x000000001fa30000,0x000000001fb30000] [id=6672]
  0x0000000021e77800 ConcurrentGCThread "G1 Refine#0" [stack: 0x0000000022000000,0x0000000022100000] [id=7300]
  0x0000000021e7e000 ConcurrentGCThread "G1 Refine#1" [stack: 0x0000000022150000,0x0000000022250000] [id=5572]
  0x0000000021e7f000 ConcurrentGCThread "G1 Refine#2" [stack: 0x0000000022350000,0x0000000022450000] [id=7292]
  0x0000000021e80000 ConcurrentGCThread "G1 Refine#3" [stack: 0x0000000022610000,0x0000000022710000] [id=7676]
  0x0000000021e81000 ConcurrentGCThread "G1 Young RemSet Sampling" [stack: 0x0000000022510000,0x0000000022610000] [id=6688]

Threads with active compile tasks:

VM state:at safepoint (normal execution)

VM Mutex/Monitor currently owned by a thread:  ([mutex/lock_event])
[0x00000000002af360] Threads_lock - owner thread: 0x0000000021f52800

Heap address: 0x00000000c8600000, size: 890 MB, Compressed Oops mode: 32-bit
Narrow klass base: 0x0000000000000000, Narrow klass shift: 0
Compressed class space size: 1073741824 Address: 0x0000000022710000

Heap:
 garbage-first heap   total 57344K, used 2048K [0x00000000c8600000, 0x0000000100000000)
  region size 1024K, 3 young (3072K), 0 survivors (0K)
 Metaspace       used 5211K, capacity 5328K, committed 5376K, reserved 1056768K
  class space    used 438K, capacity 496K, committed 512K, reserved 1048576K
Heap Regions: E=young(eden), S=young(survivor), O=old, HS=humongous(starts), HC=humongous(continues), CS=collection set, F=free, A=archive, TS=gc time stamp, AC=allocation context, TAMS=top-at-mark-start (previous, next)
|   0|0x00000000c8600000, 0x00000000c8600000, 0x00000000c8700000|  0%| F|  |TS  0|AC  0|TAMS 0x00000000c8600000, 0x00000000c8600000|
|   1|0x00000000c8700000, 0x00000000c8700000, 0x00000000c8800000|  0%| F|  |TS  0|AC  0|TAMS 0x00000000c8700000, 0x00000000c8700000|
|   2|0x00000000c8800000, 0x00000000c8800000, 0x00000000c8900000|  0%| F|  |TS  0|AC  0|TAMS 0x00000000c8800000, 0x00000000c8800000|
|   3|0x00000000c8900000, 0x00000000c8900000, 0x00000000c8a00000|  0%| F|  |TS  0|AC  0|TAMS 0x00000000c8900000, 0x00000000c8900000|
|   4|0x00000000c8a00000, 0x00000000c8a00000, 0x00000000c8b00000|  0%| F|  |TS  0|AC  0|TAMS 0x00000000c8a00000, 0x00000000c8a00000|
|   5|0x00000000c8b00000, 0x00000000c8b00000, 0x00000000c8c00000|  0%| F|  |TS  0|AC  0|TAMS 0x00000000c8b00000, 0x00000000c8b00000|
|   6|0x00000000c8c00000, 0x00000000c8c00000, 0x00000000c8d00000|  0%| F|  |TS  0|AC  0|TAMS 0x00000000c8c00000, 0x00000000c8c00000|
|   7|0x00000000c8d00000, 0x00000000c8d00000, 0x00000000c8e00000|  0%| F|  |TS  0|AC  0|TAMS 0x00000000c8d00000, 0x00000000c8d00000|
|   8|0x00000000c8e00000, 0x00000000c8e00000, 0x00000000c8f00000|  0%| F|  |TS  0|AC  0|TAMS 0x00000000c8e00000, 0x00000000c8e00000|
|   9|0x00000000c8f00000, 0x00000000c8f00000, 0x00000000c9000000|  0%| F|  |TS  0|AC  0|TAMS 0x00000000c8f00000, 0x00000000c8f00000|
|  10|0x00000000c9000000, 0x00000000c9000000, 0x00000000c9100000|  0%| F|  |TS  0|AC  0|TAMS 0x00000000c9000000, 0x00000000c9000000|
|  11|0x00000000c9100000, 0x00000000c9100000, 0x00000000c9200000|  0%| F|  |TS  0|AC  0|TAMS 0x00000000c9100000, 0x00000000c9100000|
|  12|0x00000000c9200000, 0x00000000c9200000, 0x00000000c9300000|  0%| F|  |TS  0|AC  0|TAMS 0x00000000c9200000, 0x00000000c9200000|
|  13|0x00000000c9300000, 0x00000000c9300000, 0x00000000c9400000|  0%| F|  |TS  0|AC  0|TAMS 0x00000000c9300000, 0x00000000c9300000|
|  14|0x00000000c9400000, 0x00000000c9400000, 0x00000000c9500000|  0%| F|  |TS  0|AC  0|TAMS 0x00000000c9400000, 0x00000000c9400000|
|  15|0x00000000c9500000, 0x00000000c9500000, 0x00000000c9600000|  0%| F|  |TS  0|AC  0|TAMS 0x00000000c9500000, 0x00000000c9500000|
|  16|0x00000000c9600000, 0x00000000c9600000, 0x00000000c9700000|  0%| F|  |TS  0|AC  0|TAMS 0x00000000c9600000, 0x00000000c9600000|
|  17|0x00000000c9700000, 0x00000000c9700000, 0x00000000c9800000|  0%| F|  |TS  0|AC  0|TAMS 0x00000000c9700000, 0x00000000c9700000|
|  18|0x00000000c9800000, 0x00000000c9800000, 0x00000000c9900000|  0%| F|  |TS  0|AC  0|TAMS 0x00000000c9800000, 0x00000000c9800000|
|  19|0x00000000c9900000, 0x00000000c9900000, 0x00000000c9a00000|  0%| F|  |TS  0|AC  0|TAMS 0x00000000c9900000, 0x00000000c9900000|
|  20|0x00000000c9a00000, 0x00000000c9a00000, 0x00000000c9b00000|  0%| F|  |TS  0|AC  0|TAMS 0x00000000c9a00000, 0x00000000c9a00000|
|  21|0x00000000c9b00000, 0x00000000c9b00000, 0x00000000c9c00000|  0%| F|  |TS  0|AC  0|TAMS 0x00000000c9b00000, 0x00000000c9b00000|
|  22|0x00000000c9c00000, 0x00000000c9c00000, 0x00000000c9d00000|  0%| F|  |TS  0|AC  0|TAMS 0x00000000c9c00000, 0x00000000c9c00000|
|  23|0x00000000c9d00000, 0x00000000c9d00000, 0x00000000c9e00000|  0%| F|  |TS  0|AC  0|TAMS 0x00000000c9d00000, 0x00000000c9d00000|
|  24|0x00000000c9e00000, 0x00000000c9e00000, 0x00000000c9f00000|  0%| F|  |TS  0|AC  0|TAMS 0x00000000c9e00000, 0x00000000c9e00000|
|  25|0x00000000c9f00000, 0x00000000c9f00000, 0x00000000ca000000|  0%| F|  |TS  0|AC  0|TAMS 0x00000000c9f00000, 0x00000000c9f00000|
|  26|0x00000000ca000000, 0x00000000ca000000, 0x00000000ca100000|  0%| F|  |TS  0|AC  0|TAMS 0x00000000ca000000, 0x00000000ca000000|
|  27|0x00000000ca100000, 0x00000000ca100000, 0x00000000ca200000|  0%| F|  |TS  0|AC  0|TAMS 0x00000000ca100000, 0x00000000ca100000|
|  28|0x00000000ca200000, 0x00000000ca200000, 0x00000000ca300000|  0%| F|  |TS  0|AC  0|TAMS 0x00000000ca200000, 0x00000000ca200000|
|  29|0x00000000ca300000, 0x00000000ca300000, 0x00000000ca400000|  0%| F|  |TS  0|AC  0|TAMS 0x00000000ca300000, 0x00000000ca300000|
|  30|0x00000000ca400000, 0x00000000ca400000, 0x00000000ca500000|  0%| F|  |TS  0|AC  0|TAMS 0x00000000ca400000, 0x00000000ca400000|
|  31|0x00000000ca500000, 0x00000000ca500000, 0x00000000ca600000|  0%| F|  |TS  0|AC  0|TAMS 0x00000000ca500000, 0x00000000ca500000|
|  32|0x00000000ca600000, 0x00000000ca600000, 0x00000000ca700000|  0%| F|  |TS  0|AC  0|TAMS 0x00000000ca600000, 0x00000000ca600000|
|  33|0x00000000ca700000, 0x00000000ca700000, 0x00000000ca800000|  0%| F|  |TS  0|AC  0|TAMS 0x00000000ca700000, 0x00000000ca700000|
|  34|0x00000000ca800000, 0x00000000ca800000, 0x00000000ca900000|  0%| F|  |TS  0|AC  0|TAMS 0x00000000ca800000, 0x00000000ca800000|
|  35|0x00000000ca900000, 0x00000000ca900000, 0x00000000caa00000|  0%| F|  |TS  0|AC  0|TAMS 0x00000000ca900000, 0x00000000ca900000|
|  36|0x00000000caa00000, 0x00000000caa00000, 0x00000000cab00000|  0%| F|  |TS  0|AC  0|TAMS 0x00000000caa00000, 0x00000000caa00000|
|  37|0x00000000cab00000, 0x00000000cab00000, 0x00000000cac00000|  0%| F|  |TS  0|AC  0|TAMS 0x00000000cab00000, 0x00000000cab00000|
|  38|0x00000000cac00000, 0x00000000cac00000, 0x00000000cad00000|  0%| F|  |TS  0|AC  0|TAMS 0x00000000cac00000, 0x00000000cac00000|
|  39|0x00000000cad00000, 0x00000000cad00000, 0x00000000cae00000|  0%| F|  |TS  0|AC  0|TAMS 0x00000000cad00000, 0x00000000cad00000|
|  40|0x00000000cae00000, 0x00000000cae00000, 0x00000000caf00000|  0%| F|  |TS  0|AC  0|TAMS 0x00000000cae00000, 0x00000000cae00000|
|  41|0x00000000caf00000, 0x00000000caf00000, 0x00000000cb000000|  0%| F|  |TS  0|AC  0|TAMS 0x00000000caf00000, 0x00000000caf00000|
|  42|0x00000000cb000000, 0x00000000cb000000, 0x00000000cb100000|  0%| F|  |TS  0|AC  0|TAMS 0x00000000cb000000, 0x00000000cb000000|
|  43|0x00000000cb100000, 0x00000000cb100000, 0x00000000cb200000|  0%| F|  |TS  0|AC  0|TAMS 0x00000000cb100000, 0x00000000cb100000|
|  44|0x00000000cb200000, 0x00000000cb200000, 0x00000000cb300000|  0%| F|  |TS  0|AC  0|TAMS 0x00000000cb200000, 0x00000000cb200000|
|  45|0x00000000cb300000, 0x00000000cb300000, 0x00000000cb400000|  0%| F|  |TS  0|AC  0|TAMS 0x00000000cb300000, 0x00000000cb300000|
|  46|0x00000000cb400000, 0x00000000cb400000, 0x00000000cb500000|  0%| F|  |TS  0|AC  0|TAMS 0x00000000cb400000, 0x00000000cb400000|
|  47|0x00000000cb500000, 0x00000000cb500000, 0x00000000cb600000|  0%| F|  |TS  0|AC  0|TAMS 0x00000000cb500000, 0x00000000cb500000|
|  48|0x00000000cb600000, 0x00000000cb600000, 0x00000000cb700000|  0%| F|  |TS  0|AC  0|TAMS 0x00000000cb600000, 0x00000000cb600000|
|  49|0x00000000cb700000, 0x00000000cb700000, 0x00000000cb800000|  0%| F|  |TS  0|AC  0|TAMS 0x00000000cb700000, 0x00000000cb700000|
|  50|0x00000000cb800000, 0x00000000cb800000, 0x00000000cb900000|  0%| F|  |TS  0|AC  0|TAMS 0x00000000cb800000, 0x00000000cb800000|
|  51|0x00000000cb900000, 0x00000000cb900000, 0x00000000cba00000|  0%| F|  |TS  0|AC  0|TAMS 0x00000000cb900000, 0x00000000cb900000|
|  52|0x00000000cba00000, 0x00000000cba00000, 0x00000000cbb00000|  0%| F|  |TS  0|AC  0|TAMS 0x00000000cba00000, 0x00000000cba00000|
|  53|0x00000000cbb00000, 0x00000000cbbd87e8, 0x00000000cbc00000| 84%| E|  |TS  0|AC  0|TAMS 0x00000000cbb00000, 0x00000000cbb00000|
|  54|0x00000000cbc00000, 0x00000000cbd00000, 0x00000000cbd00000|100%| E|CS|TS  0|AC  0|TAMS 0x00000000cbc00000, 0x00000000cbc00000|
|  55|0x00000000cbd00000, 0x00000000cbe00000, 0x00000000cbe00000|100%| E|CS|TS  0|AC  0|TAMS 0x00000000cbd00000, 0x00000000cbd00000|

Card table byte_map: [0x000000001d7d0000,0x000000001d990000] byte_map_base: 0x000000001d18d000

Marking Bits (Prev, Next): (CMBitMap*) 0x0000000000314ce0, (CMBitMap*) 0x0000000000314d18
 Prev Bits: [0x000000001db50000, 0x000000001e938000)
 Next Bits: [0x000000001e940000, 0x000000001f728000)

Polling page: 0x00000000001f0000

CodeHeap 'non-profiled nmethods': size=120064Kb used=65Kb max_used=65Kb free=119998Kb
 bounds [0x00000000157c0000, 0x0000000015a30000, 0x000000001cd00000]
CodeHeap 'profiled nmethods': size=120000Kb used=254Kb max_used=254Kb free=119745Kb
 bounds [0x000000000e290000, 0x000000000e500000, 0x00000000157c0000]
CodeHeap 'non-nmethods': size=5696Kb used=1070Kb max_used=1081Kb free=4625Kb
 bounds [0x000000000dd00000, 0x000000000df70000, 0x000000000e290000]
 total_blobs=566 nmethods=196 adapters=211
 compilation: enabled

Compilation events (10 events):
Event: 0.757 Thread 0x0000000021f5e800 nmethod 193 0x000000000e2cdf90 code [0x000000000e2ce140, 0x000000000e2ce2e8]
Event: 0.757 Thread 0x0000000021f5e800  194       3       java.lang.AbstractStringBuilder::append (45 bytes)
Event: 0.758 Thread 0x0000000021f5e800 nmethod 194 0x000000000e2ce390 code [0x000000000e2ce5c0, 0x000000000e2ceb38]
Event: 0.758 Thread 0x0000000021f5e800  195       3       java.util.zip.ZipUtils::LG (22 bytes)
Event: 0.759 Thread 0x0000000021f5e800 nmethod 195 0x000000000e2ced90 code [0x000000000e2cef60, 0x000000000e2cf210]
Event: 0.759 Thread 0x0000000021f5b800 nmethod 191 0x00000000157cfd90 code [0x00000000157cff20, 0x00000000157d0078]
Event: 0.765 Thread 0x0000000062feb000  196       4       java.lang.StringLatin1::indexOf (61 bytes)
Event: 0.771 Thread 0x0000000062feb000 nmethod 196 0x00000000157d0190 code [0x00000000157d0320, 0x00000000157d04b8]
Event: 0.777 Thread 0x0000000021f5e800  197       3       sun.nio.fs.WindowsPathParser::isInvalidPathChar (22 bytes)
Event: 0.778 Thread 0x0000000021f5e800 nmethod 197 0x000000000e2cf390 code [0x000000000e2cf580, 0x000000000e2cf928]

GC Heap History (0 events):
No events

Deoptimization events (1 events):
Event: 0.631 Thread 0x00000000002b4000 Uncommon trap: reason=unstable_if action=reinterpret pc=0x00000000157c3514 method=java.lang.String.hashCode()I @ 14 c2

Classes redefined (3 events):
Event: 157.768 Thread 0x0000000021f52800 redefined class name=Solution, count=1
Event: 173.642 Thread 0x0000000021f52800 redefined class name=Solution, count=2
Event: 233.947 Thread 0x0000000021f52800 redefined class name=Solution, count=3

Internal exceptions (0 events):
No events

Events (10 events):
Event: 233.953 Executing VM operation: GetOrSetLocal done
Event: 234.052 Executing VM operation: ChangeBreakpoints
Event: 234.052 Executing VM operation: ChangeBreakpoints done
Event: 234.058 Executing VM operation: GetFrameCount
Event: 234.058 Executing VM operation: GetFrameCount done
Event: 234.058 Executing VM operation: GetFrameLocation
Event: 234.058 Executing VM operation: GetFrameLocation done
Event: 234.059 Executing VM operation: GetFrameLocation
Event: 234.059 Executing VM operation: GetFrameLocation done
Event: 234.059 Executing VM operation: GetOrSetLocal


Dynamic libraries:
0x000000013f2e0000 - 0x000000013f31e000 	C:\Program Files\Java\jdk-10\bin\java.exe
0x0000000077890000 - 0x0000000077a3a000 	C:\Windows\SYSTEM32\ntdll.dll
0x0000000077670000 - 0x000000007778f000 	C:\Windows\system32\kernel32.dll
0x000007fefd790000 - 0x000007fefd7fa000 	C:\Windows\system32\KERNELBASE.dll
0x000007feff920000 - 0x000007feff9fb000 	C:\Windows\system32\ADVAPI32.dll
0x000007fefd9d0000 - 0x000007fefda6f000 	C:\Windows\system32\msvcrt.dll
0x000007fefd9b0000 - 0x000007fefd9cf000 	C:\Windows\SYSTEM32\sechost.dll
0x000007feffa60000 - 0x000007feffb8d000 	C:\Windows\system32\RPCRT4.dll
0x0000000077790000 - 0x000000007788a000 	C:\Windows\system32\USER32.dll
0x000007fefd940000 - 0x000007fefd9a7000 	C:\Windows\system32\GDI32.dll
0x000007feffb90000 - 0x000007feffb9e000 	C:\Windows\system32\LPK.dll
0x000007fefde50000 - 0x000007fefdf1b000 	C:\Windows\system32\USP10.dll
0x000007fefc050000 - 0x000007fefc244000 	C:\Windows\WinSxS\amd64_microsoft.windows.common-controls_6595b64144ccf1df_6.0.7601.18837_none_fa3b1e3d17594757\COMCTL32.dll
0x000007fefe3c0000 - 0x000007fefe431000 	C:\Windows\system32\SHLWAPI.dll
0x000007fefce40000 - 0x000007fefce4c000 	C:\Windows\system32\VERSION.dll
0x000007fefe890000 - 0x000007fefe8be000 	C:\Windows\system32\IMM32.DLL
0x000007fefe2b0000 - 0x000007fefe3b9000 	C:\Windows\system32\MSCTF.dll
0x000007feeed10000 - 0x000007feeedff000 	C:\Program Files\Java\jdk-10\bin\msvcr120.dll
0x000007fef17c0000 - 0x000007fef1866000 	C:\Program Files\Java\jdk-10\bin\msvcp120.dll
0x0000000065d60000 - 0x00000000667cf000 	C:\Program Files\Java\jdk-10\bin\server\jvm.dll
0x000007fefafb0000 - 0x000007fefafb9000 	C:\Windows\system32\WSOCK32.dll
0x000007fefdf20000 - 0x000007fefdf6d000 	C:\Windows\system32\WS2_32.dll
0x000007fefe2a0000 - 0x000007fefe2a8000 	C:\Windows\system32\NSI.dll
0x000007fef90a0000 - 0x000007fef90db000 	C:\Windows\system32\WINMM.dll
0x0000000077a50000 - 0x0000000077a57000 	C:\Windows\system32\PSAPI.DLL
0x000007fef4810000 - 0x000007fef481f000 	C:\Program Files\Java\jdk-10\bin\verify.dll
0x000007feef870000 - 0x000007feef995000 	C:\Windows\system32\DBGHELP.DLL
0x000007fef47e0000 - 0x000007fef4807000 	C:\Program Files\Java\jdk-10\bin\java.dll
0x000007fef1be0000 - 0x000007fef1c16000 	C:\Program Files\Java\jdk-10\bin\jdwp.dll
0x000007fef1af0000 - 0x000007fef1b1a000 	C:\Program Files\Java\jdk-10\bin\instrument.dll
0x000007fef47c0000 - 0x000007fef47d6000 	C:\Program Files\Java\jdk-10\bin\zip.dll
0x000007fefb3f0000 - 0x000007fefb3fa000 	C:\Program Files\Java\jdk-10\bin\jimage.dll
0x000007fefeaf0000 - 0x000007feff87b000 	C:\Windows\system32\SHELL32.dll
0x000007fefdc50000 - 0x000007fefde4c000 	C:\Windows\system32\ole32.dll
0x000007fefd580000 - 0x000007fefd58f000 	C:\Windows\system32\profapi.dll
0x000007fef1ae0000 - 0x000007fef1aea000 	C:\Program Files\Java\jdk-10\bin\dt_socket.dll
0x000007fefca20000 - 0x000007fefca75000 	C:\Windows\system32\mswsock.dll
0x000007fefce50000 - 0x000007fefce57000 	C:\Windows\System32\wshtcpip.dll
0x000007fef1d10000 - 0x000007fef1d2a000 	C:\Program Files\Java\jdk-10\bin\net.dll
0x000007fef8c40000 - 0x000007fef8cb1000 	C:\Windows\system32\WINHTTP.dll
0x000007fef8bd0000 - 0x000007fef8c34000 	C:\Windows\system32\webio.dll
0x000007fefca10000 - 0x000007fefca17000 	C:\Windows\System32\wship6.dll
0x000007fef47a0000 - 0x000007fef47b1000 	C:\Program Files\Java\jdk-10\bin\nio.dll

dbghelp: loaded successfully - version: 4.0.5 - missing functions: none
symbol engine: initialized successfully - sym options: 0x614 - pdb path: .;C:\Program Files\Java\jdk-10\bin;C:\Windows\SYSTEM32;C:\Windows\WinSxS\amd64_microsoft.windows.common-controls_6595b64144ccf1df_6.0.7601.18837_none_fa3b1e3d17594757;C:\Program Files\Java\jdk-10\bin\server

VM Arguments:
jvm_args: -agentlib:jdwp=transport=dt_socket,address=127.0.0.1:58066,suspend=y,server=n -javaagent:C:\Users\Administrator\AppData\Local\Temp\capture7826jars\debugger-agent.jar=file:/C:/Users/Administrator/AppData/Local/Temp/capture2.props -Dfile.encoding=UTF-8 
java_command: Solution
java_class_path (initial): D:\LCsolution\825. Friends Of Appropriate Ages\out\production\825. Friends Of Appropriate Ages;D:\Program Files\JetBrains\IntelliJ IDEA Community Edition 2018.1.1\lib\idea_rt.jar
Launcher Type: SUN_STANDARD

Logging:
Log output configuration:
#0: stdout all=warning uptime,level,tags
#1: stderr all=off uptime,level,tags

Environment Variables:
JAVA_HOME=C:\Program Files\Java\jdk-10
PATH=C:\ProgramData\Oracle\Java\javapath;C:\Windows\system32;C:\Windows;C:\Windows\System32\Wbem;C:\Windows\System32\WindowsPowerShell\v1.0\;C:\Program Files\Java\jdk-10\bin;F:\Program Files\nodejs\;G:\0 code\Python\Scripts\;G:\0 code\Python\;C:\Users\Administrator\AppData\Local\GitHubDesktop\bin;C:\Users\Administrator\AppData\Roaming\npm
USERNAME=Administrator
OS=Windows_NT
PROCESSOR_IDENTIFIER=AMD64 Family 18 Model 1 Stepping 0, AuthenticAMD



---------------  S Y S T E M  ---------------

OS: Windows 7 , 64 bit Build 7601 (6.1.7601.23864)

CPU:total 4 (initial active 4) (4 cores per cpu, 1 threads per core) family 18 model 1 stepping 0, cmov, cx8, fxsr, mmx, sse, sse2, sse3, popcnt, mmxext, 3dnowpref, lzcnt, sse4a, tsc, tscinvbit, tscinv

Memory: 4k page, physical 3643504k(382816k free), swap 7285148k(3002220k free)

vm_info: Java HotSpot(TM) 64-Bit Server VM (10+46) for windows-amd64 JRE (10+46), built on Mar  8 2018 02:11:18 by "mach5one" with MS VC++ 12.0 (VS2013)

END.
