#
# A fatal error has been detected by the Java Runtime Environment:
#
#  Internal Error (t:/workspace/open/src/hotspot/share/oops/generateOopMap.cpp:2162), pid=22408, tid=11468
#  fatal error: Illegal class file encountered. Try running with -Xverify:all in method start
#
# JRE version: Java(TM) SE Runtime Environment (10.0+46) (build 10+46)
# Java VM: Java HotSpot(TM) 64-Bit Server VM (10+46, mixed mode, tiered, compressed oops, g1 gc, windows-amd64)
# No core dump will be written. Minidumps are not enabled by default on client versions of Windows
#
# If you would like to submit a bug report, please visit:
#   http://bugreport.java.com/bugreport/crash.jsp
#

---------------  S U M M A R Y ------------

Command Line: -agentlib:jdwp=transport=dt_socket,address=127.0.0.1:3629,suspend=y,server=n -javaagent:C:\Users\Mr.Lyu\Downloads\ideaIC-2018.2.win\lib\rt\debugger-agent.jar=file:/C:/Users/Mr.Lyu/AppData/Local/Temp/capture.props -Dfile.encoding=UTF-8 nextPermutation

Host: Intel(R) Core(TM) i5-8250U CPU @ 1.60GHz, 8 cores, 7G,  Windows 10 , 64 bit Build 17134 (10.0.17134.1)
Time: Mon Aug 20 10:29:52 2018 ?D1¨²¡À¨º¡Á?¨º¡À?? elapsed time: 649 seconds (0d 0h 10m 49s)

---------------  T H R E A D  ---------------

Current thread (0x000002254d990800):  VMThread "VM Thread" [stack: 0x0000006b41800000,0x0000006b41900000] [id=11468]

Stack: [0x0000006b41800000,0x0000006b41900000]
[error occurred during error reporting (printing stack bounds), id 0xe0000000]

Native frames: (J=compiled Java code, j=interpreted, Vv=VM code, C=native code)
V  [jvm.dll+0x59fbf9]
V  [jvm.dll+0x6bca11]
V  [jvm.dll+0x6bdc06]
V  [jvm.dll+0x6be1f5]
V  [jvm.dll+0x6be1ab]
V  [jvm.dll+0x59f3f3]
V  [jvm.dll+0x59f7f8]
C  [ntdll.dll+0x9eced]
C  [ntdll.dll+0x6c86]
C  [ntdll.dll+0x9dc1e]
C  0x0000022536930ead

VM_Operation (0x0000006b422ff230): GetOrSetLocal, mode: safepoint, requested by thread 0x000002254e7dd800


---------------  P R O C E S S  ---------------

Threads class SMR info:
_java_thread_list=0x000002254eae9290, length=15, elements={
0x0000022529a61000, 0x000002254d995800, 0x000002254d99e000, 0x000002254e20a800,
0x000002254e20b000, 0x000002254e213000, 0x000002254e214000, 0x000002254e21a800,
0x000002254e21b000, 0x000002254e21c000, 0x000002254e7dd800, 0x000002254e893800,
0x000002254eaf7800, 0x000002254e86a800, 0x000002254e59d000
}

Java Threads: ( => current thread )
  0x0000022529a61000 JavaThread "main" [_thread_blocked, id=16996, stack(0x0000006b40300000,0x0000006b40400000)]
  0x000002254d995800 JavaThread "Reference Handler" daemon [_thread_blocked, id=9540, stack(0x0000006b41900000,0x0000006b41a00000)]
  0x000002254d99e000 JavaThread "Finalizer" daemon [_thread_blocked, id=6104, stack(0x0000006b41a00000,0x0000006b41b00000)]
  0x000002254e20a800 JavaThread "Signal Dispatcher" daemon [_thread_blocked, id=9068, stack(0x0000006b41b00000,0x0000006b41c00000)]
  0x000002254e20b000 JavaThread "Attach Listener" daemon [_thread_blocked, id=3692, stack(0x0000006b41c00000,0x0000006b41d00000)]
  0x000002254e213000 JavaThread "C2 CompilerThread0" daemon [_thread_blocked, id=22724, stack(0x0000006b41d00000,0x0000006b41e00000)]
  0x000002254e214000 JavaThread "C2 CompilerThread1" daemon [_thread_blocked, id=18400, stack(0x0000006b41e00000,0x0000006b41f00000)]
  0x000002254e21a800 JavaThread "C2 CompilerThread2" daemon [_thread_blocked, id=24228, stack(0x0000006b41f00000,0x0000006b42000000)]
  0x000002254e21b000 JavaThread "C1 CompilerThread3" daemon [_thread_blocked, id=20116, stack(0x0000006b42000000,0x0000006b42100000)]
  0x000002254e21c000 JavaThread "Sweeper thread" daemon [_thread_blocked, id=19908, stack(0x0000006b42100000,0x0000006b42200000)]
  0x000002254e7dd800 JavaThread "JDWP Transport Listener: dt_socket" daemon [_thread_blocked, id=20680, stack(0x0000006b42200000,0x0000006b42300000)] _threads_hazard_ptr=0x000002254eae9290
  0x000002254e893800 JavaThread "JDWP Event Helper Thread" daemon [_thread_blocked, id=24772, stack(0x0000006b42300000,0x0000006b42400000)]
  0x000002254eaf7800 JavaThread "JDWP Command Reader" daemon [_thread_in_native, id=20228, stack(0x0000006b42400000,0x0000006b42500000)]
  0x000002254e86a800 JavaThread "Common-Cleaner" daemon [_thread_blocked, id=3992, stack(0x0000006b42500000,0x0000006b42600000)]
  0x000002254e59d000 JavaThread "Service Thread" daemon [_thread_blocked, id=25148, stack(0x0000006b42600000,0x0000006b42700000)]

Other Threads:
=>0x000002254d990800 VMThread "VM Thread" [stack: 0x0000006b41800000,0x0000006b41900000] [id=11468]
  0x000002254e93c000 WatcherThread [stack: 0x0000006b42700000,0x0000006b42800000] [id=12124]
  0x0000022529a7c000 GCTaskThread "GC Thread#0" [stack: 0x0000006b40400000,0x0000006b40500000] [id=25556]
  0x0000022529a7e800 GCTaskThread "GC Thread#1" [stack: 0x0000006b40500000,0x0000006b40600000] [id=19504]
  0x0000022529a81000 GCTaskThread "GC Thread#2" [stack: 0x0000006b40600000,0x0000006b40700000] [id=2944]
  0x0000022529a82000 GCTaskThread "GC Thread#3" [stack: 0x0000006b40700000,0x0000006b40800000] [id=4860]
  0x0000022529a8b800 GCTaskThread "GC Thread#4" [stack: 0x0000006b40800000,0x0000006b40900000] [id=18792]
  0x0000022529a8d000 GCTaskThread "GC Thread#5" [stack: 0x0000006b40900000,0x0000006b40a00000] [id=19152]
  0x0000022529a8d800 GCTaskThread "GC Thread#6" [stack: 0x0000006b40a00000,0x0000006b40b00000] [id=13340]
  0x0000022529a8f800 GCTaskThread "GC Thread#7" [stack: 0x0000006b40b00000,0x0000006b40c00000] [id=5464]
  0x0000022529b0a000 ConcurrentGCThread "G1 Main Marker" [stack: 0x0000006b40c00000,0x0000006b40d00000] [id=18592]
  0x0000022529b0b000 ConcurrentGCThread "G1 Conc#0" [stack: 0x0000006b40d00000,0x0000006b40e00000] [id=23004]
  0x0000022529b0e800 ConcurrentGCThread "G1 Conc#1" [stack: 0x0000006b40e00000,0x0000006b40f00000] [id=24376]
  0x000002254d7fe800 ConcurrentGCThread "G1 Refine#0" [stack: 0x0000006b40f00000,0x0000006b41000000] [id=6728]
  0x000002254d801000 ConcurrentGCThread "G1 Refine#1" [stack: 0x0000006b41000000,0x0000006b41100000] [id=22008]
  0x000002254d802000 ConcurrentGCThread "G1 Refine#2" [stack: 0x0000006b41100000,0x0000006b41200000] [id=21896]
  0x000002254d80d000 ConcurrentGCThread "G1 Refine#3" [stack: 0x0000006b41200000,0x0000006b41300000] [id=19092]
  0x000002254d80e000 ConcurrentGCThread "G1 Refine#4" [stack: 0x0000006b41300000,0x0000006b41400000] [id=11628]
  0x000002254d811000 ConcurrentGCThread "G1 Refine#5" [stack: 0x0000006b41400000,0x0000006b41500000] [id=19032]
  0x000002254d813800 ConcurrentGCThread "G1 Refine#6" [stack: 0x0000006b41500000,0x0000006b41600000] [id=14104]
  0x000002254d814800 ConcurrentGCThread "G1 Refine#7" [stack: 0x0000006b41600000,0x0000006b41700000] [id=21348]
  0x000002254d815000 ConcurrentGCThread "G1 Young RemSet Sampling" [stack: 0x0000006b41700000,0x0000006b41800000] [id=22060]

Threads with active compile tasks:

VM state:at safepoint (normal execution)

VM Mutex/Monitor currently owned by a thread:  ([mutex/lock_event])
[0x0000022529a5fca0] Threads_lock - owner thread: 0x000002254d990800

Heap address: 0x0000000081c00000, size: 2020 MB, Compressed Oops mode: 32-bit
Narrow klass base: 0x0000000000000000, Narrow klass shift: 3
Compressed class space size: 1073741824 Address: 0x0000000100000000

Heap:
 garbage-first heap   total 131072K, used 3072K [0x0000000081c00000, 0x0000000100000000)
  region size 1024K, 4 young (4096K), 0 survivors (0K)
 Metaspace       used 5248K, capacity 5328K, committed 5376K, reserved 1056768K
  class space    used 442K, capacity 496K, committed 512K, reserved 1048576K
Heap Regions: E=young(eden), S=young(survivor), O=old, HS=humongous(starts), HC=humongous(continues), CS=collection set, F=free, A=archive, TS=gc time stamp, AC=allocation context, TAMS=top-at-mark-start (previous, next)
|   0|0x0000000081c00000, 0x0000000081c00000, 0x0000000081d00000|  0%| F|  |TS  0|AC  0|TAMS 0x0000000081c00000, 0x0000000081c00000|
|   1|0x0000000081d00000, 0x0000000081d00000, 0x0000000081e00000|  0%| F|  |TS  0|AC  0|TAMS 0x0000000081d00000, 0x0000000081d00000|
|   2|0x0000000081e00000, 0x0000000081e00000, 0x0000000081f00000|  0%| F|  |TS  0|AC  0|TAMS 0x0000000081e00000, 0x0000000081e00000|
|   3|0x0000000081f00000, 0x0000000081f00000, 0x0000000082000000|  0%| F|  |TS  0|AC  0|TAMS 0x0000000081f00000, 0x0000000081f00000|
|   4|0x0000000082000000, 0x0000000082000000, 0x0000000082100000|  0%| F|  |TS  0|AC  0|TAMS 0x0000000082000000, 0x0000000082000000|
|   5|0x0000000082100000, 0x0000000082100000, 0x0000000082200000|  0%| F|  |TS  0|AC  0|TAMS 0x0000000082100000, 0x0000000082100000|
|   6|0x0000000082200000, 0x0000000082200000, 0x0000000082300000|  0%| F|  |TS  0|AC  0|TAMS 0x0000000082200000, 0x0000000082200000|
|   7|0x0000000082300000, 0x0000000082300000, 0x0000000082400000|  0%| F|  |TS  0|AC  0|TAMS 0x0000000082300000, 0x0000000082300000|
|   8|0x0000000082400000, 0x0000000082400000, 0x0000000082500000|  0%| F|  |TS  0|AC  0|TAMS 0x0000000082400000, 0x0000000082400000|
|   9|0x0000000082500000, 0x0000000082500000, 0x0000000082600000|  0%| F|  |TS  0|AC  0|TAMS 0x0000000082500000, 0x0000000082500000|
|  10|0x0000000082600000, 0x0000000082600000, 0x0000000082700000|  0%| F|  |TS  0|AC  0|TAMS 0x0000000082600000, 0x0000000082600000|
|  11|0x0000000082700000, 0x0000000082700000, 0x0000000082800000|  0%| F|  |TS  0|AC  0|TAMS 0x0000000082700000, 0x0000000082700000|
|  12|0x0000000082800000, 0x0000000082800000, 0x0000000082900000|  0%| F|  |TS  0|AC  0|TAMS 0x0000000082800000, 0x0000000082800000|
|  13|0x0000000082900000, 0x0000000082900000, 0x0000000082a00000|  0%| F|  |TS  0|AC  0|TAMS 0x0000000082900000, 0x0000000082900000|
|  14|0x0000000082a00000, 0x0000000082a00000, 0x0000000082b00000|  0%| F|  |TS  0|AC  0|TAMS 0x0000000082a00000, 0x0000000082a00000|
|  15|0x0000000082b00000, 0x0000000082b00000, 0x0000000082c00000|  0%| F|  |TS  0|AC  0|TAMS 0x0000000082b00000, 0x0000000082b00000|
|  16|0x0000000082c00000, 0x0000000082c00000, 0x0000000082d00000|  0%| F|  |TS  0|AC  0|TAMS 0x0000000082c00000, 0x0000000082c00000|
|  17|0x0000000082d00000, 0x0000000082d00000, 0x0000000082e00000|  0%| F|  |TS  0|AC  0|TAMS 0x0000000082d00000, 0x0000000082d00000|
|  18|0x0000000082e00000, 0x0000000082e00000, 0x0000000082f00000|  0%| F|  |TS  0|AC  0|TAMS 0x0000000082e00000, 0x0000000082e00000|
|  19|0x0000000082f00000, 0x0000000082f00000, 0x0000000083000000|  0%| F|  |TS  0|AC  0|TAMS 0x0000000082f00000, 0x0000000082f00000|
|  20|0x0000000083000000, 0x0000000083000000, 0x0000000083100000|  0%| F|  |TS  0|AC  0|TAMS 0x0000000083000000, 0x0000000083000000|
|  21|0x0000000083100000, 0x0000000083100000, 0x0000000083200000|  0%| F|  |TS  0|AC  0|TAMS 0x0000000083100000, 0x0000000083100000|
|  22|0x0000000083200000, 0x0000000083200000, 0x0000000083300000|  0%| F|  |TS  0|AC  0|TAMS 0x0000000083200000, 0x0000000083200000|
|  23|0x0000000083300000, 0x0000000083300000, 0x0000000083400000|  0%| F|  |TS  0|AC  0|TAMS 0x0000000083300000, 0x0000000083300000|
|  24|0x0000000083400000, 0x0000000083400000, 0x0000000083500000|  0%| F|  |TS  0|AC  0|TAMS 0x0000000083400000, 0x0000000083400000|
|  25|0x0000000083500000, 0x0000000083500000, 0x0000000083600000|  0%| F|  |TS  0|AC  0|TAMS 0x0000000083500000, 0x0000000083500000|
|  26|0x0000000083600000, 0x0000000083600000, 0x0000000083700000|  0%| F|  |TS  0|AC  0|TAMS 0x0000000083600000, 0x0000000083600000|
|  27|0x0000000083700000, 0x0000000083700000, 0x0000000083800000|  0%| F|  |TS  0|AC  0|TAMS 0x0000000083700000, 0x0000000083700000|
|  28|0x0000000083800000, 0x0000000083800000, 0x0000000083900000|  0%| F|  |TS  0|AC  0|TAMS 0x0000000083800000, 0x0000000083800000|
|  29|0x0000000083900000, 0x0000000083900000, 0x0000000083a00000|  0%| F|  |TS  0|AC  0|TAMS 0x0000000083900000, 0x0000000083900000|
|  30|0x0000000083a00000, 0x0000000083a00000, 0x0000000083b00000|  0%| F|  |TS  0|AC  0|TAMS 0x0000000083a00000, 0x0000000083a00000|
|  31|0x0000000083b00000, 0x0000000083b00000, 0x0000000083c00000|  0%| F|  |TS  0|AC  0|TAMS 0x0000000083b00000, 0x0000000083b00000|
|  32|0x0000000083c00000, 0x0000000083c00000, 0x0000000083d00000|  0%| F|  |TS  0|AC  0|TAMS 0x0000000083c00000, 0x0000000083c00000|
|  33|0x0000000083d00000, 0x0000000083d00000, 0x0000000083e00000|  0%| F|  |TS  0|AC  0|TAMS 0x0000000083d00000, 0x0000000083d00000|
|  34|0x0000000083e00000, 0x0000000083e00000, 0x0000000083f00000|  0%| F|  |TS  0|AC  0|TAMS 0x0000000083e00000, 0x0000000083e00000|
|  35|0x0000000083f00000, 0x0000000083f00000, 0x0000000084000000|  0%| F|  |TS  0|AC  0|TAMS 0x0000000083f00000, 0x0000000083f00000|
|  36|0x0000000084000000, 0x0000000084000000, 0x0000000084100000|  0%| F|  |TS  0|AC  0|TAMS 0x0000000084000000, 0x0000000084000000|
|  37|0x0000000084100000, 0x0000000084100000, 0x0000000084200000|  0%| F|  |TS  0|AC  0|TAMS 0x0000000084100000, 0x0000000084100000|
|  38|0x0000000084200000, 0x0000000084200000, 0x0000000084300000|  0%| F|  |TS  0|AC  0|TAMS 0x0000000084200000, 0x0000000084200000|
|  39|0x0000000084300000, 0x0000000084300000, 0x0000000084400000|  0%| F|  |TS  0|AC  0|TAMS 0x0000000084300000, 0x0000000084300000|
|  40|0x0000000084400000, 0x0000000084400000, 0x0000000084500000|  0%| F|  |TS  0|AC  0|TAMS 0x0000000084400000, 0x0000000084400000|
|  41|0x0000000084500000, 0x0000000084500000, 0x0000000084600000|  0%| F|  |TS  0|AC  0|TAMS 0x0000000084500000, 0x0000000084500000|
|  42|0x0000000084600000, 0x0000000084600000, 0x0000000084700000|  0%| F|  |TS  0|AC  0|TAMS 0x0000000084600000, 0x0000000084600000|
|  43|0x0000000084700000, 0x0000000084700000, 0x0000000084800000|  0%| F|  |TS  0|AC  0|TAMS 0x0000000084700000, 0x0000000084700000|
|  44|0x0000000084800000, 0x0000000084800000, 0x0000000084900000|  0%| F|  |TS  0|AC  0|TAMS 0x0000000084800000, 0x0000000084800000|
|  45|0x0000000084900000, 0x0000000084900000, 0x0000000084a00000|  0%| F|  |TS  0|AC  0|TAMS 0x0000000084900000, 0x0000000084900000|
|  46|0x0000000084a00000, 0x0000000084a00000, 0x0000000084b00000|  0%| F|  |TS  0|AC  0|TAMS 0x0000000084a00000, 0x0000000084a00000|
|  47|0x0000000084b00000, 0x0000000084b00000, 0x0000000084c00000|  0%| F|  |TS  0|AC  0|TAMS 0x0000000084b00000, 0x0000000084b00000|
|  48|0x0000000084c00000, 0x0000000084c00000, 0x0000000084d00000|  0%| F|  |TS  0|AC  0|TAMS 0x0000000084c00000, 0x0000000084c00000|
|  49|0x0000000084d00000, 0x0000000084d00000, 0x0000000084e00000|  0%| F|  |TS  0|AC  0|TAMS 0x0000000084d00000, 0x0000000084d00000|
|  50|0x0000000084e00000, 0x0000000084e00000, 0x0000000084f00000|  0%| F|  |TS  0|AC  0|TAMS 0x0000000084e00000, 0x0000000084e00000|
|  51|0x0000000084f00000, 0x0000000084f00000, 0x0000000085000000|  0%| F|  |TS  0|AC  0|TAMS 0x0000000084f00000, 0x0000000084f00000|
|  52|0x0000000085000000, 0x0000000085000000, 0x0000000085100000|  0%| F|  |TS  0|AC  0|TAMS 0x0000000085000000, 0x0000000085000000|
|  53|0x0000000085100000, 0x0000000085100000, 0x0000000085200000|  0%| F|  |TS  0|AC  0|TAMS 0x0000000085100000, 0x0000000085100000|
|  54|0x0000000085200000, 0x0000000085200000, 0x0000000085300000|  0%| F|  |TS  0|AC  0|TAMS 0x0000000085200000, 0x0000000085200000|
|  55|0x0000000085300000, 0x0000000085300000, 0x0000000085400000|  0%| F|  |TS  0|AC  0|TAMS 0x0000000085300000, 0x0000000085300000|
|  56|0x0000000085400000, 0x0000000085400000, 0x0000000085500000|  0%| F|  |TS  0|AC  0|TAMS 0x0000000085400000, 0x0000000085400000|
|  57|0x0000000085500000, 0x0000000085500000, 0x0000000085600000|  0%| F|  |TS  0|AC  0|TAMS 0x0000000085500000, 0x0000000085500000|
|  58|0x0000000085600000, 0x0000000085600000, 0x0000000085700000|  0%| F|  |TS  0|AC  0|TAMS 0x0000000085600000, 0x0000000085600000|
|  59|0x0000000085700000, 0x0000000085700000, 0x0000000085800000|  0%| F|  |TS  0|AC  0|TAMS 0x0000000085700000, 0x0000000085700000|
|  60|0x0000000085800000, 0x0000000085800000, 0x0000000085900000|  0%| F|  |TS  0|AC  0|TAMS 0x0000000085800000, 0x0000000085800000|
|  61|0x0000000085900000, 0x0000000085900000, 0x0000000085a00000|  0%| F|  |TS  0|AC  0|TAMS 0x0000000085900000, 0x0000000085900000|
|  62|0x0000000085a00000, 0x0000000085a00000, 0x0000000085b00000|  0%| F|  |TS  0|AC  0|TAMS 0x0000000085a00000, 0x0000000085a00000|
|  63|0x0000000085b00000, 0x0000000085b00000, 0x0000000085c00000|  0%| F|  |TS  0|AC  0|TAMS 0x0000000085b00000, 0x0000000085b00000|
|  64|0x0000000085c00000, 0x0000000085c00000, 0x0000000085d00000|  0%| F|  |TS  0|AC  0|TAMS 0x0000000085c00000, 0x0000000085c00000|
|  65|0x0000000085d00000, 0x0000000085d00000, 0x0000000085e00000|  0%| F|  |TS  0|AC  0|TAMS 0x0000000085d00000, 0x0000000085d00000|
|  66|0x0000000085e00000, 0x0000000085e00000, 0x0000000085f00000|  0%| F|  |TS  0|AC  0|TAMS 0x0000000085e00000, 0x0000000085e00000|
|  67|0x0000000085f00000, 0x0000000085f00000, 0x0000000086000000|  0%| F|  |TS  0|AC  0|TAMS 0x0000000085f00000, 0x0000000085f00000|
|  68|0x0000000086000000, 0x0000000086000000, 0x0000000086100000|  0%| F|  |TS  0|AC  0|TAMS 0x0000000086000000, 0x0000000086000000|
|  69|0x0000000086100000, 0x0000000086100000, 0x0000000086200000|  0%| F|  |TS  0|AC  0|TAMS 0x0000000086100000, 0x0000000086100000|
|  70|0x0000000086200000, 0x0000000086200000, 0x0000000086300000|  0%| F|  |TS  0|AC  0|TAMS 0x0000000086200000, 0x0000000086200000|
|  71|0x0000000086300000, 0x0000000086300000, 0x0000000086400000|  0%| F|  |TS  0|AC  0|TAMS 0x0000000086300000, 0x0000000086300000|
|  72|0x0000000086400000, 0x0000000086400000, 0x0000000086500000|  0%| F|  |TS  0|AC  0|TAMS 0x0000000086400000, 0x0000000086400000|
|  73|0x0000000086500000, 0x0000000086500000, 0x0000000086600000|  0%| F|  |TS  0|AC  0|TAMS 0x0000000086500000, 0x0000000086500000|
|  74|0x0000000086600000, 0x0000000086600000, 0x0000000086700000|  0%| F|  |TS  0|AC  0|TAMS 0x0000000086600000, 0x0000000086600000|
|  75|0x0000000086700000, 0x0000000086700000, 0x0000000086800000|  0%| F|  |TS  0|AC  0|TAMS 0x0000000086700000, 0x0000000086700000|
|  76|0x0000000086800000, 0x0000000086800000, 0x0000000086900000|  0%| F|  |TS  0|AC  0|TAMS 0x0000000086800000, 0x0000000086800000|
|  77|0x0000000086900000, 0x0000000086900000, 0x0000000086a00000|  0%| F|  |TS  0|AC  0|TAMS 0x0000000086900000, 0x0000000086900000|
|  78|0x0000000086a00000, 0x0000000086a00000, 0x0000000086b00000|  0%| F|  |TS  0|AC  0|TAMS 0x0000000086a00000, 0x0000000086a00000|
|  79|0x0000000086b00000, 0x0000000086b00000, 0x0000000086c00000|  0%| F|  |TS  0|AC  0|TAMS 0x0000000086b00000, 0x0000000086b00000|
|  80|0x0000000086c00000, 0x0000000086c00000, 0x0000000086d00000|  0%| F|  |TS  0|AC  0|TAMS 0x0000000086c00000, 0x0000000086c00000|
|  81|0x0000000086d00000, 0x0000000086d00000, 0x0000000086e00000|  0%| F|  |TS  0|AC  0|TAMS 0x0000000086d00000, 0x0000000086d00000|
|  82|0x0000000086e00000, 0x0000000086e00000, 0x0000000086f00000|  0%| F|  |TS  0|AC  0|TAMS 0x0000000086e00000, 0x0000000086e00000|
|  83|0x0000000086f00000, 0x0000000086f00000, 0x0000000087000000|  0%| F|  |TS  0|AC  0|TAMS 0x0000000086f00000, 0x0000000086f00000|
|  84|0x0000000087000000, 0x0000000087000000, 0x0000000087100000|  0%| F|  |TS  0|AC  0|TAMS 0x0000000087000000, 0x0000000087000000|
|  85|0x0000000087100000, 0x0000000087100000, 0x0000000087200000|  0%| F|  |TS  0|AC  0|TAMS 0x0000000087100000, 0x0000000087100000|
|  86|0x0000000087200000, 0x0000000087200000, 0x0000000087300000|  0%| F|  |TS  0|AC  0|TAMS 0x0000000087200000, 0x0000000087200000|
|  87|0x0000000087300000, 0x0000000087300000, 0x0000000087400000|  0%| F|  |TS  0|AC  0|TAMS 0x0000000087300000, 0x0000000087300000|
|  88|0x0000000087400000, 0x0000000087400000, 0x0000000087500000|  0%| F|  |TS  0|AC  0|TAMS 0x0000000087400000, 0x0000000087400000|
|  89|0x0000000087500000, 0x0000000087500000, 0x0000000087600000|  0%| F|  |TS  0|AC  0|TAMS 0x0000000087500000, 0x0000000087500000|
|  90|0x0000000087600000, 0x0000000087600000, 0x0000000087700000|  0%| F|  |TS  0|AC  0|TAMS 0x0000000087600000, 0x0000000087600000|
|  91|0x0000000087700000, 0x0000000087700000, 0x0000000087800000|  0%| F|  |TS  0|AC  0|TAMS 0x0000000087700000, 0x0000000087700000|
|  92|0x0000000087800000, 0x0000000087800000, 0x0000000087900000|  0%| F|  |TS  0|AC  0|TAMS 0x0000000087800000, 0x0000000087800000|
|  93|0x0000000087900000, 0x0000000087900000, 0x0000000087a00000|  0%| F|  |TS  0|AC  0|TAMS 0x0000000087900000, 0x0000000087900000|
|  94|0x0000000087a00000, 0x0000000087a00000, 0x0000000087b00000|  0%| F|  |TS  0|AC  0|TAMS 0x0000000087a00000, 0x0000000087a00000|
|  95|0x0000000087b00000, 0x0000000087b00000, 0x0000000087c00000|  0%| F|  |TS  0|AC  0|TAMS 0x0000000087b00000, 0x0000000087b00000|
|  96|0x0000000087c00000, 0x0000000087c00000, 0x0000000087d00000|  0%| F|  |TS  0|AC  0|TAMS 0x0000000087c00000, 0x0000000087c00000|
|  97|0x0000000087d00000, 0x0000000087d00000, 0x0000000087e00000|  0%| F|  |TS  0|AC  0|TAMS 0x0000000087d00000, 0x0000000087d00000|
|  98|0x0000000087e00000, 0x0000000087e00000, 0x0000000087f00000|  0%| F|  |TS  0|AC  0|TAMS 0x0000000087e00000, 0x0000000087e00000|
|  99|0x0000000087f00000, 0x0000000087f00000, 0x0000000088000000|  0%| F|  |TS  0|AC  0|TAMS 0x0000000087f00000, 0x0000000087f00000|
| 100|0x0000000088000000, 0x0000000088000000, 0x0000000088100000|  0%| F|  |TS  0|AC  0|TAMS 0x0000000088000000, 0x0000000088000000|
| 101|0x0000000088100000, 0x0000000088100000, 0x0000000088200000|  0%| F|  |TS  0|AC  0|TAMS 0x0000000088100000, 0x0000000088100000|
| 102|0x0000000088200000, 0x0000000088200000, 0x0000000088300000|  0%| F|  |TS  0|AC  0|TAMS 0x0000000088200000, 0x0000000088200000|
| 103|0x0000000088300000, 0x0000000088300000, 0x0000000088400000|  0%| F|  |TS  0|AC  0|TAMS 0x0000000088300000, 0x0000000088300000|
| 104|0x0000000088400000, 0x0000000088400000, 0x0000000088500000|  0%| F|  |TS  0|AC  0|TAMS 0x0000000088400000, 0x0000000088400000|
| 105|0x0000000088500000, 0x0000000088500000, 0x0000000088600000|  0%| F|  |TS  0|AC  0|TAMS 0x0000000088500000, 0x0000000088500000|
| 106|0x0000000088600000, 0x0000000088600000, 0x0000000088700000|  0%| F|  |TS  0|AC  0|TAMS 0x0000000088600000, 0x0000000088600000|
| 107|0x0000000088700000, 0x0000000088700000, 0x0000000088800000|  0%| F|  |TS  0|AC  0|TAMS 0x0000000088700000, 0x0000000088700000|
| 108|0x0000000088800000, 0x0000000088800000, 0x0000000088900000|  0%| F|  |TS  0|AC  0|TAMS 0x0000000088800000, 0x0000000088800000|
| 109|0x0000000088900000, 0x0000000088900000, 0x0000000088a00000|  0%| F|  |TS  0|AC  0|TAMS 0x0000000088900000, 0x0000000088900000|
| 110|0x0000000088a00000, 0x0000000088a00000, 0x0000000088b00000|  0%| F|  |TS  0|AC  0|TAMS 0x0000000088a00000, 0x0000000088a00000|
| 111|0x0000000088b00000, 0x0000000088b00000, 0x0000000088c00000|  0%| F|  |TS  0|AC  0|TAMS 0x0000000088b00000, 0x0000000088b00000|
| 112|0x0000000088c00000, 0x0000000088c00000, 0x0000000088d00000|  0%| F|  |TS  0|AC  0|TAMS 0x0000000088c00000, 0x0000000088c00000|
| 113|0x0000000088d00000, 0x0000000088d00000, 0x0000000088e00000|  0%| F|  |TS  0|AC  0|TAMS 0x0000000088d00000, 0x0000000088d00000|
| 114|0x0000000088e00000, 0x0000000088e00000, 0x0000000088f00000|  0%| F|  |TS  0|AC  0|TAMS 0x0000000088e00000, 0x0000000088e00000|
| 115|0x0000000088f00000, 0x0000000088f00000, 0x0000000089000000|  0%| F|  |TS  0|AC  0|TAMS 0x0000000088f00000, 0x0000000088f00000|
| 116|0x0000000089000000, 0x0000000089000000, 0x0000000089100000|  0%| F|  |TS  0|AC  0|TAMS 0x0000000089000000, 0x0000000089000000|
| 117|0x0000000089100000, 0x0000000089100000, 0x0000000089200000|  0%| F|  |TS  0|AC  0|TAMS 0x0000000089100000, 0x0000000089100000|
| 118|0x0000000089200000, 0x0000000089200000, 0x0000000089300000|  0%| F|  |TS  0|AC  0|TAMS 0x0000000089200000, 0x0000000089200000|
| 119|0x0000000089300000, 0x0000000089300000, 0x0000000089400000|  0%| F|  |TS  0|AC  0|TAMS 0x0000000089300000, 0x0000000089300000|
| 120|0x0000000089400000, 0x0000000089400000, 0x0000000089500000|  0%| F|  |TS  0|AC  0|TAMS 0x0000000089400000, 0x0000000089400000|
| 121|0x0000000089500000, 0x0000000089500000, 0x0000000089600000|  0%| F|  |TS  0|AC  0|TAMS 0x0000000089500000, 0x0000000089500000|
| 122|0x0000000089600000, 0x0000000089600000, 0x0000000089700000|  0%| F|  |TS  0|AC  0|TAMS 0x0000000089600000, 0x0000000089600000|
| 123|0x0000000089700000, 0x0000000089700000, 0x0000000089800000|  0%| F|  |TS  0|AC  0|TAMS 0x0000000089700000, 0x0000000089700000|
| 124|0x0000000089800000, 0x0000000089883018, 0x0000000089900000| 51%| E|  |TS  0|AC  0|TAMS 0x0000000089800000, 0x0000000089800000|
| 125|0x0000000089900000, 0x0000000089a00000, 0x0000000089a00000|100%| E|CS|TS  0|AC  0|TAMS 0x0000000089900000, 0x0000000089900000|
| 126|0x0000000089a00000, 0x0000000089b00000, 0x0000000089b00000|100%| E|CS|TS  0|AC  0|TAMS 0x0000000089a00000, 0x0000000089a00000|
| 127|0x0000000089b00000, 0x0000000089c00000, 0x0000000089c00000|100%| E|CS|TS  0|AC  0|TAMS 0x0000000089b00000, 0x0000000089b00000|

Card table byte_map: [0x0000022546790000,0x0000022546b90000] byte_map_base: 0x0000022546382000

Marking Bits (Prev, Next): (CMBitMap*) 0x0000022529b09770, (CMBitMap*) 0x0000022529b097a8
 Prev Bits: [0x0000022546f90000, 0x0000022548f20000)
 Next Bits: [0x0000022548f20000, 0x000002254aeb0000)

Polling page: 0x00000225298d0000

CodeHeap 'non-profiled nmethods': size=120000Kb used=76Kb max_used=76Kb free=119923Kb
 bounds [0x000002253e400000, 0x000002253e670000, 0x0000022545930000]
CodeHeap 'profiled nmethods': size=120000Kb used=261Kb max_used=261Kb free=119738Kb
 bounds [0x0000022536ed0000, 0x0000022537140000, 0x000002253e400000]
CodeHeap 'non-nmethods': size=5760Kb used=1104Kb max_used=1115Kb free=4655Kb
 bounds [0x0000022536930000, 0x0000022536ba0000, 0x0000022536ed0000]
 total_blobs=581 nmethods=203 adapters=211
 compilation: enabled

Compilation events (10 events):
Event: 0.218 Thread 0x000002254e21b000  199       1       java.util.ArrayList$SubList::access$300 (5 bytes)
Event: 0.219 Thread 0x000002254e21b000 nmethod 199 0x000002253e412490 code [0x000002253e412640, 0x000002253e412738]
Event: 0.220 Thread 0x000002254e21b000  200       3       java.lang.String::startsWith (138 bytes)
Event: 0.220 Thread 0x000002254e214000  201       4       java.lang.StringLatin1::indexOf (61 bytes)
Event: 0.220 Thread 0x000002254e21b000 nmethod 200 0x0000022536f10090 code [0x0000022536f102e0, 0x0000022536f10cb8]
Event: 0.220 Thread 0x000002254e21b000  202       3       java.lang.String::getBytes (44 bytes)
Event: 0.221 Thread 0x000002254e21b000 nmethod 202 0x0000022536f10f90 code [0x0000022536f11180, 0x0000022536f11540]
Event: 0.221 Thread 0x000002254e21a800  203       4       java.lang.String::charAt (25 bytes)
Event: 0.222 Thread 0x000002254e21a800 nmethod 203 0x000002253e412810 code [0x000002253e4129a0, 0x000002253e412af8]
Event: 0.222 Thread 0x000002254e214000 nmethod 201 0x000002253e412c10 code [0x000002253e412da0, 0x000002253e412f98]

GC Heap History (0 events):
No events

Deoptimization events (3 events):
Event: 0.136 Thread 0x0000022529a61000 Uncommon trap: reason=unstable_if action=reinterpret pc=0x000002253e408a00 method=java.util.AbstractCollection.isEmpty()Z @ 4 c2
Event: 0.159 Thread 0x0000022529a61000 Uncommon trap: reason=unstable_if action=reinterpret pc=0x000002253e40fcfc method=java.lang.String.isLatin1()Z @ 10 c2
Event: 0.166 Thread 0x0000022529a61000 Uncommon trap: reason=unstable_if action=reinterpret pc=0x000002253e403808 method=java.lang.String.hashCode()I @ 14 c2

Classes redefined (10 events):
Event: 372.701 Thread 0x000002254d990800 redefined class name=nextPermutation, count=3
Event: 384.244 Thread 0x000002254d990800 redefined class name=nextPermutation, count=4
Event: 391.782 Thread 0x000002254d990800 redefined class name=nextPermutation, count=5
Event: 402.789 Thread 0x000002254d990800 redefined class name=nextPermutation, count=6
Event: 452.829 Thread 0x000002254d990800 redefined class name=nextPermutation, count=7
Event: 465.090 Thread 0x000002254d990800 redefined class name=nextPermutation, count=8
Event: 477.098 Thread 0x000002254d990800 redefined class name=nextPermutation, count=9
Event: 487.583 Thread 0x000002254d990800 redefined class name=nextPermutation, count=10
Event: 578.464 Thread 0x000002254d990800 redefined class name=nextPermutation, count=11
Event: 649.502 Thread 0x000002254d990800 redefined class name=nextPermutation, count=12

Internal exceptions (0 events):
No events

Events (10 events):
Event: 649.503 Executing VM operation: GetOrSetLocal done
Event: 649.541 Executing VM operation: ChangeBreakpoints
Event: 649.541 Executing VM operation: ChangeBreakpoints done
Event: 649.547 Executing VM operation: GetFrameCount
Event: 649.547 Executing VM operation: GetFrameCount done
Event: 649.547 Executing VM operation: GetFrameLocation
Event: 649.547 Executing VM operation: GetFrameLocation done
Event: 649.547 Executing VM operation: GetFrameLocation
Event: 649.547 Executing VM operation: GetFrameLocation done
Event: 649.547 Executing VM operation: GetOrSetLocal


Dynamic libraries:
0x00007ff6a1c30000 - 0x00007ff6a1c6e000 	C:\Program Files\Java\jdk-10\bin\java.exe
0x00007fff1c5d0000 - 0x00007fff1c7b1000 	C:\WINDOWS\SYSTEM32\ntdll.dll
0x00007fff19c10000 - 0x00007fff19cc2000 	C:\WINDOWS\System32\KERNEL32.DLL
0x00007fff18c30000 - 0x00007fff18ea3000 	C:\WINDOWS\System32\KERNELBASE.dll
0x00007fff1b790000 - 0x00007fff1b831000 	C:\WINDOWS\System32\ADVAPI32.dll
0x00007fff19a90000 - 0x00007fff19b2e000 	C:\WINDOWS\System32\msvcrt.dll
0x00007fff19b30000 - 0x00007fff19b8b000 	C:\WINDOWS\System32\sechost.dll
0x00007fff1be90000 - 0x00007fff1bfb4000 	C:\WINDOWS\System32\RPCRT4.dll
0x00007fff1b480000 - 0x00007fff1b610000 	C:\WINDOWS\System32\USER32.dll
0x00007fff198b0000 - 0x00007fff198d0000 	C:\WINDOWS\System32\win32u.dll
0x00007fff19a60000 - 0x00007fff19a88000 	C:\WINDOWS\System32\GDI32.dll
0x00007fff19000000 - 0x00007fff19192000 	C:\WINDOWS\System32\gdi32full.dll
0x00007fff18b90000 - 0x00007fff18c2f000 	C:\WINDOWS\System32\msvcp_win.dll
0x00007fff18eb0000 - 0x00007fff18faa000 	C:\WINDOWS\System32\ucrtbase.dll
0x00007fff0c6a0000 - 0x00007fff0c909000 	C:\WINDOWS\WinSxS\amd64_microsoft.windows.common-controls_6595b64144ccf1df_6.0.17134.228_none_fb4599993062b194\COMCTL32.dll
0x00007fff1c090000 - 0x00007fff1c3b3000 	C:\WINDOWS\System32\combase.dll
0x00007fff19980000 - 0x00007fff199fa000 	C:\WINDOWS\System32\bcryptPrimitives.dll
0x00007fff0c5f0000 - 0x00007fff0c5fa000 	C:\WINDOWS\SYSTEM32\VERSION.dll
0x00007fff1c3c0000 - 0x00007fff1c3ed000 	C:\WINDOWS\System32\IMM32.DLL
0x00007fff13e80000 - 0x00007fff13f6f000 	C:\Program Files\Java\jdk-10\bin\msvcr120.dll
0x00007fff12a10000 - 0x00007fff12ab6000 	C:\Program Files\Java\jdk-10\bin\msvcp120.dll
0x000000005a240000 - 0x000000005acaf000 	C:\Program Files\Java\jdk-10\bin\server\jvm.dll
0x00007fff1c590000 - 0x00007fff1c598000 	C:\WINDOWS\System32\PSAPI.DLL
0x00007fff0d3f0000 - 0x00007fff0d413000 	C:\WINDOWS\SYSTEM32\WINMM.dll
0x00007fff04380000 - 0x00007fff04389000 	C:\WINDOWS\SYSTEM32\WSOCK32.dll
0x00007fff19da0000 - 0x00007fff19e0c000 	C:\WINDOWS\System32\WS2_32.dll
0x00007fff0d3c0000 - 0x00007fff0d3ea000 	C:\WINDOWS\SYSTEM32\winmmbase.dll
0x00007fff18fb0000 - 0x00007fff18ff9000 	C:\WINDOWS\System32\cfgmgr32.dll
0x00007fff15d40000 - 0x00007fff15d4f000 	C:\Program Files\Java\jdk-10\bin\verify.dll
0x00007fff11650000 - 0x00007fff11819000 	C:\WINDOWS\SYSTEM32\DBGHELP.DLL
0x00007fff11620000 - 0x00007fff11649000 	C:\WINDOWS\SYSTEM32\dbgcore.DLL
0x00007fff15b50000 - 0x00007fff15b77000 	C:\Program Files\Java\jdk-10\bin\java.dll
0x00007fff14010000 - 0x00007fff14046000 	C:\Program Files\Java\jdk-10\bin\jdwp.dll
0x00007fff13fe0000 - 0x00007fff1400a000 	C:\Program Files\Java\jdk-10\bin\instrument.dll
0x00007fff15d10000 - 0x00007fff15d26000 	C:\Program Files\Java\jdk-10\bin\zip.dll
0x00007fff14250000 - 0x00007fff1425a000 	C:\Program Files\Java\jdk-10\bin\jimage.dll
0x00007fff19f70000 - 0x00007fff1b3b0000 	C:\WINDOWS\System32\SHELL32.dll
0x00007fff1bfe0000 - 0x00007fff1c089000 	C:\WINDOWS\System32\shcore.dll
0x00007fff191a0000 - 0x00007fff198ad000 	C:\WINDOWS\System32\windows.storage.dll
0x00007fff19cd0000 - 0x00007fff19d21000 	C:\WINDOWS\System32\shlwapi.dll
0x00007fff18940000 - 0x00007fff18951000 	C:\WINDOWS\System32\kernel.appcore.dll
0x00007fff18980000 - 0x00007fff1899f000 	C:\WINDOWS\System32\profapi.dll
0x00007fff188e0000 - 0x00007fff1892c000 	C:\WINDOWS\System32\powrprof.dll
0x00007fff18930000 - 0x00007fff1893a000 	C:\WINDOWS\System32\FLTLIB.DLL
0x00007fff140a0000 - 0x00007fff140aa000 	C:\Program Files\Java\jdk-10\bin\dt_socket.dll
0x00007fff18100000 - 0x00007fff18166000 	C:\WINDOWS\system32\mswsock.dll
0x00007fff129f0000 - 0x00007fff12a0a000 	C:\Program Files\Java\jdk-10\bin\net.dll
0x00007fff11f70000 - 0x00007fff1204c000 	C:\WINDOWS\SYSTEM32\WINHTTP.dll
0x00007fff129a0000 - 0x00007fff129b1000 	C:\Program Files\Java\jdk-10\bin\nio.dll

dbghelp: loaded successfully - version: 4.0.5 - missing functions: none
symbol engine: initialized successfully - sym options: 0x614 - pdb path: .;C:\Program Files\Java\jdk-10\bin;C:\WINDOWS\SYSTEM32;C:\WINDOWS\WinSxS\amd64_microsoft.windows.common-controls_6595b64144ccf1df_6.0.17134.228_none_fb4599993062b194;C:\Program Files\Java\jdk-10\bin\server

VM Arguments:
jvm_args: -agentlib:jdwp=transport=dt_socket,address=127.0.0.1:3629,suspend=y,server=n -javaagent:C:\Users\Mr.Lyu\Downloads\ideaIC-2018.2.win\lib\rt\debugger-agent.jar=file:/C:/Users/Mr.Lyu/AppData/Local/Temp/capture.props -Dfile.encoding=UTF-8 
java_command: nextPermutation
java_class_path (initial): D:\LCsolution\31. Next Permutation\out\production\31. Next Permutation;C:\Users\Mr.Lyu\Downloads\ideaIC-2018.2.win\lib\idea_rt.jar
Launcher Type: SUN_STANDARD

Logging:
Log output configuration:
#0: stdout all=warning uptime,level,tags
#1: stderr all=off uptime,level,tags

Environment Variables:
JAVA_HOME=C:\Program Files\Java\jdk-10
PATH=C:\Program Files (x86)\Common Files\Oracle\Java\javapath;C:\ProgramData\Oracle\Java\javapath;C:\Program Files (x86)\Intel\iCLS Client\;C:\Program Files\Intel\iCLS Client\;C:\Windows\system32;C:\Windows;C:\Windows\System32\Wbem;C:\Windows\System32\WindowsPowerShell\v1.0\;C:\Program Files (x86)\Intel\Intel(R) Management Engine Components\DAL;C:\Program Files\Intel\Intel(R) Management Engine Components\DAL;C:\Program Files (x86)\Intel\Intel(R) Management Engine Components\IPT;C:\Program Files\Intel\Intel(R) Management Engine Components\IPT;C:\Program Files (x86)\NVIDIA Corporation\PhysX\Common;C:\Program Files\Intel\WiFi\bin\;C:\Program Files\Common Files\Intel\WirelessCommon\;C:\Program Files\Git\cmd;C:\Program Files\Java\jdk-10\bin;C:\WINDOWS\system32;C:\WINDOWS;C:\WINDOWS\System32\Wbem;C:\WINDOWS\System32\WindowsPowerShell\v1.0\;C:\WINDOWS\System32\OpenSSH\;D:\Program Files\nodejs\;C:\ProgramData\ComposerSetup\bin;C:\Users\Mr.Lyu\AppData\Local\Programs\Python\Python37-32\Scripts\;C:\Users\Mr.Lyu\AppData\Local\Programs\Python\Python37-32\;C:\Users\Mr.Lyu\AppData\Local\Microsoft\WindowsApps;C:\Users\Mr.Lyu\AppData\Local\GitHubDesktop\bin;C:\Users\Mr.Lyu\AppData\Local\Microsoft\WindowsApps;C:\xampp\php;C:\Users\Mr.Lyu\AppData\Local\atom\bin;C:\Users\Mr.Lyu\AppData\Roaming\npm;D:\Program Files\nodejs;D:\Program Files\heroku\bin;C:\Users\Mr.Lyu\AppData\Roaming\Composer\vendor\bin
USERNAME=Mr.Lyu
OS=Windows_NT
PROCESSOR_IDENTIFIER=Intel64 Family 6 Model 142 Stepping 10, GenuineIntel



---------------  S Y S T E M  ---------------

OS: Windows 10 , 64 bit Build 17134 (10.0.17134.1)

CPU:total 8 (initial active 8) (4 cores per cpu, 2 threads per core) family 6 model 142 stepping 10, cmov, cx8, fxsr, mmx, sse, sse2, sse3, ssse3, sse4.1, sse4.2, popcnt, avx, avx2, aes, clmul, erms, 3dnowpref, lzcnt, ht, tsc, tscinvbit, bmi1, bmi2, adx, fma

Memory: 4k page, physical 8269924k(2727996k free), swap 19804260k(8960440k free)

vm_info: Java HotSpot(TM) 64-Bit Server VM (10+46) for windows-amd64 JRE (10+46), built on Mar  8 2018 02:11:18 by "mach5one" with MS VC++ 12.0 (VS2013)

END.
