#
# A fatal error has been detected by the Java Runtime Environment:
#
#  EXCEPTION_ACCESS_VIOLATION (0xc0000005) at pc=0x00000000606ad82c, pid=3860, tid=5668
#
# JRE version: Java(TM) SE Runtime Environment (10.0+46) (build 10+46)
# Java VM: Java HotSpot(TM) 64-Bit Server VM (10+46, mixed mode, tiered, compressed oops, g1 gc, windows-amd64)
# Problematic frame:
# V  [jvm.dll+0x31d82c]
#
# No core dump will be written. Minidumps are not enabled by default on client versions of Windows
#
# If you would like to submit a bug report, please visit:
#   http://bugreport.java.com/bugreport/crash.jsp
#

---------------  S U M M A R Y ------------

Command Line: -agentlib:jdwp=transport=dt_socket,address=127.0.0.1:61630,suspend=y,server=n -javaagent:C:\Users\Administrator\AppData\Local\Temp\capture20292jars\debugger-agent.jar=file:/C:/Users/Administrator/AppData/Local/Temp/capture.props -Dfile.encoding=UTF-8 A

Host: AMD A6-3400M APU with Radeon(tm) HD Graphics, 4 cores, 3G,  Windows 7 , 64 bit Build 7601 (6.1.7601.23864)
Time: Wed May 16 19:38:48 2018 ?D1¨²¡À¨º¡Á?¨º¡À?? elapsed time: 7056 seconds (0d 1h 57m 36s)

---------------  T H R E A D  ---------------

Current thread (0x000000001f7f5000):  VMThread "VM Thread" [stack: 0x0000000023000000,0x0000000023100000] [id=5668]

Stack: [0x0000000023000000,0x0000000023100000],  sp=0x00000000230ff020,  free space=1020k
Native frames: (J=compiled Java code, j=interpreted, Vv=VM code, C=native code)
V  [jvm.dll+0x31d82c]
V  [jvm.dll+0x31fbc0]
V  [jvm.dll+0x32024e]
V  [jvm.dll+0x31d9f5]
V  [jvm.dll+0x31cde3]
V  [jvm.dll+0x59048f]
V  [jvm.dll+0x590876]
V  [jvm.dll+0x590636]
V  [jvm.dll+0x55bdc8]
V  [jvm.dll+0x4738fa]
V  [jvm.dll+0x6c42dc]
V  [jvm.dll+0x6c2a45]
V  [jvm.dll+0x6c3250]
V  [jvm.dll+0x6c358c]
V  [jvm.dll+0x59ef10]
C  [msvcr120.dll+0x24f7f]
C  [msvcr120.dll+0x25126]
C  [kernel32.dll+0x159cd]
C  [ntdll.dll+0x2a561]


siginfo: EXCEPTION_ACCESS_VIOLATION (0xc0000005), reading address 0x00000000004c0008


Register to memory mapping:

RIP=0x00000000606ad82c jvm.dll
RAX=0x00000000004c0002 is an unknown value
RBX=0x00000000229e21a8 is pointing into metadata
RCX=0x0000000000000003 is an unknown value
RDX=0x000000000000100f is an unknown value
RSP=0x00000000230ff020 is an unknown value
RBP=0x0000000000000001 is an unknown value
RSI=0x0000000060d29b88 jvm.dll
RDI=0x00000000230ff2c0 is an unknown value
R8 =0x0000000000000000 is an unknown value
R9 =0x00000000229e21a8 is pointing into metadata
R10=0x00000000003fb420 is an unknown value
R11=0x00000000230ff2c0 is an unknown value
R12=0x0000000060b0d601 jvm.dll
R13=0x0000000000000000 is an unknown value
R14=0x0000000000000001 is an unknown value
R15=0x0000000000000000 is an unknown value


Registers:
RAX=0x00000000004c0002, RBX=0x00000000229e21a8, RCX=0x0000000000000003, RDX=0x000000000000100f
RSP=0x00000000230ff020, RBP=0x0000000000000001, RSI=0x0000000060d29b88, RDI=0x00000000230ff2c0
R8 =0x0000000000000000, R9 =0x00000000229e21a8, R10=0x00000000003fb420, R11=0x00000000230ff2c0
R12=0x0000000060b0d601, R13=0x0000000000000000, R14=0x0000000000000001, R15=0x0000000000000000
RIP=0x00000000606ad82c, EFLAGS=0x0000000000010216

Top of Stack: (sp=0x00000000230ff020)
0x00000000230ff020:   00000000230ff110 00000000606b114d
0x00000000230ff030:   00000000230ff200 0000000000000000
0x00000000230ff040:   0000000000000000 0000000060921396
0x00000000230ff050:   8fffffff4600006d 00000000606b138f
0x00000000230ff060:   00000c705e6be485 00000c705e6be495
0x00000000230ff070:   0000000000000000 00000000230ff110
0x00000000230ff080:   00000000230ff2c0 00000000606afbc0
0x00000000230ff090:   00000000230ff2c0 0000000000000090
0x00000000230ff0a0:   0000000000000001 000000001f7f5000
0x00000000230ff0b0:   0000009d00000090 000000b10000009d
0x00000000230ff0c0:   0000000000000000 000000000000009d
0x00000000230ff0d0:   00000000003fb3d0 00000000606b024e
0x00000000230ff0e0:   00000000230ff2c0 00000000230ff140
0x00000000230ff0f0:   0000000000000000 00000000003fb3d0
0x00000000230ff100:   0000000000006000 00000000606b20f1
0x00000000230ff110:   00000000229e2d00 000000001f7f5000 

Instructions: (pc=0x00000000606ad82c)
0x00000000606ad80c:   8b cb e8 2d 13 f1 ff 48 8b cb 8b d0 e8 43 3a f1
0x00000000606ad81c:   ff 48 8d 35 64 c3 67 00 48 63 c8 48 8b 44 cb 40
0x00000000606ad82c:   0f b6 48 06 8b 05 4e c3 67 00 80 f9 4c 74 2b 80
0x00000000606ad83c:   f9 5b 74 26 80 f9 4a 74 18 80 f9 44 74 13 48 8d 


VM_Operation (0x0000000024bff8b0): GetOrSetLocal, mode: safepoint, requested by thread 0x0000000023f49000


---------------  P R O C E S S  ---------------

Threads class SMR info:
_java_thread_list=0x0000000023fbd1d0, length=14, elements={
0x0000000000373800, 0x000000001f7f8000, 0x000000001f7fc000, 0x0000000022e29800,
0x0000000022e2b000, 0x0000000022e2c800, 0x0000000022e35800, 0x0000000022e36000,
0x0000000022e5c000, 0x0000000023f49000, 0x0000000023e88000, 0x0000000023f48800,
0x0000000023e70000, 0x0000000023e62000
}

Java Threads: ( => current thread )
  0x0000000000373800 JavaThread "main" [_thread_blocked, id=5496, stack(0x00000000024b0000,0x00000000025b0000)]
  0x000000001f7f8000 JavaThread "Reference Handler" daemon [_thread_blocked, id=8204, stack(0x0000000023140000,0x0000000023240000)]
  0x000000001f7fc000 JavaThread "Finalizer" daemon [_thread_blocked, id=5556, stack(0x00000000232e0000,0x00000000233e0000)]
  0x0000000022e29800 JavaThread "Signal Dispatcher" daemon [_thread_blocked, id=8656, stack(0x00000000234b0000,0x00000000235b0000)]
  0x0000000022e2b000 JavaThread "Attach Listener" daemon [_thread_blocked, id=1188, stack(0x0000000021e80000,0x0000000021f80000)]
  0x0000000022e2c800 JavaThread "C2 CompilerThread0" daemon [_thread_blocked, id=4024, stack(0x0000000023660000,0x0000000023760000)]
  0x0000000022e35800 JavaThread "C2 CompilerThread1" daemon [_thread_blocked, id=1428, stack(0x0000000023820000,0x0000000023920000)]
  0x0000000022e36000 JavaThread "C1 CompilerThread2" daemon [_thread_blocked, id=6216, stack(0x0000000023ae0000,0x0000000023be0000)]
  0x0000000022e5c000 JavaThread "Sweeper thread" daemon [_thread_blocked, id=6536, stack(0x00000000239d0000,0x0000000023ad0000)]
  0x0000000023f49000 JavaThread "JDWP Transport Listener: dt_socket" daemon [_thread_blocked, id=4036, stack(0x0000000024b00000,0x0000000024c00000)] _threads_hazard_ptr=0x0000000023fbd1d0
  0x0000000023e88000 JavaThread "JDWP Event Helper Thread" daemon [_thread_blocked, id=3584, stack(0x00000000249d0000,0x0000000024ad0000)]
  0x0000000023f48800 JavaThread "JDWP Command Reader" daemon [_thread_in_native, id=5308, stack(0x0000000024c40000,0x0000000024d40000)]
  0x0000000023e70000 JavaThread "Common-Cleaner" daemon [_thread_blocked, id=9192, stack(0x0000000024e40000,0x0000000024f40000)]
  0x0000000023e62000 JavaThread "Service Thread" daemon [_thread_blocked, id=5672, stack(0x00000000250c0000,0x00000000251c0000)]

Other Threads:
=>0x000000001f7f5000 VMThread "VM Thread" [stack: 0x0000000023000000,0x0000000023100000] [id=5668]
  0x0000000024125800 WatcherThread [stack: 0x0000000024fb0000,0x00000000250b0000] [id=3276]
  0x000000000038e800 GCTaskThread "GC Thread#0" [stack: 0x000000001cd80000,0x000000001ce80000] [id=7612]
  0x0000000000390000 GCTaskThread "GC Thread#1" [stack: 0x000000001cf20000,0x000000001d020000] [id=3500]
  0x0000000000391800 GCTaskThread "GC Thread#2" [stack: 0x000000001d0a0000,0x000000001d1a0000] [id=6484]
  0x0000000000395000 GCTaskThread "GC Thread#3" [stack: 0x000000001cc20000,0x000000001cd20000] [id=6372]
  0x00000000003c6000 ConcurrentGCThread "G1 Main Marker" [stack: 0x000000001f800000,0x000000001f900000] [id=6940]
  0x00000000003c7800 ConcurrentGCThread "G1 Conc#0" [stack: 0x000000001f900000,0x000000001fa00000] [id=6348]
  0x000000001f710800 ConcurrentGCThread "G1 Refine#0" [stack: 0x0000000021f90000,0x0000000022090000] [id=7944]
  0x00000000003fa000 ConcurrentGCThread "G1 Refine#1" [stack: 0x0000000022210000,0x0000000022310000] [id=6208]
  0x00000000003fe800 ConcurrentGCThread "G1 Refine#2" [stack: 0x0000000022350000,0x0000000022450000] [id=6908]
  0x00000000003ff000 ConcurrentGCThread "G1 Refine#3" [stack: 0x0000000022090000,0x0000000022190000] [id=6560]
  0x000000001f723000 ConcurrentGCThread "G1 Young RemSet Sampling" [stack: 0x0000000022450000,0x0000000022550000] [id=5320]

Threads with active compile tasks:

VM state:at safepoint (normal execution)

VM Mutex/Monitor currently owned by a thread:  ([mutex/lock_event])
[0x0000000000365cc0] Threads_lock - owner thread: 0x000000001f7f5000

Heap address: 0x00000000c8600000, size: 890 MB, Compressed Oops mode: 32-bit
Narrow klass base: 0x0000000000000000, Narrow klass shift: 0
Compressed class space size: 1073741824 Address: 0x000000007fff0000

Heap:
 garbage-first heap   total 57344K, used 3072K [0x00000000c8600000, 0x0000000100000000)
  region size 1024K, 4 young (4096K), 0 survivors (0K)
 Metaspace       used 6215K, capacity 6335K, committed 6528K, reserved 1056768K
  class space    used 498K, capacity 536K, committed 640K, reserved 1048576K
Heap Regions: E=young(eden), S=young(survivor), O=old, HS=humongous(starts), HC=humongous(continues), CS=collection set, F=free, A=archive, TS=gc time stamp, AC=allocation context, TAMS=top-at-mark-start (previous, next)
|   0|0x00000000c8600000, 0x00000000c8600000, 0x00000000c8700000|  0%| F|  |TS  0|AC  0|TAMS 0x00000000c8600000, 0x00000000c8600000|
|   1|0x00000000c8700000, 0x00000000c8700000, 0x00000000c8800000|  0%| F|  |TS  0|AC  0|TAMS 0x00000000c8700000, 0x00000000c8700000|
|   2|0x00000000c8800000, 0x00000000c8800000, 0x00000000c8900000|  0%| F|  |TS  0|AC  0|TAMS 0x00000000c8800000, 0x00000000c8800000|
|   3|0x00000000c8900000, 0x00000000c8900000, 0x00000000c8a00000|  0%| F|  |TS  0|AC  0|TAMS 0x00000000c8900000, 0x00000000c8900000|
|   4|0x00000000c8a00000, 0x00000000c8a00000, 0x00000000c8b00000|  0%| F|  |TS  0|AC  0|TAMS 0x00000000c8a00000, 0x00000000c8a00000|
|   5|0x00000000c8b00000, 0x00000000c8b00000, 0x00000000c8c00000|  0%| F|  |TS  0|AC  0|TAMS 0x00000000c8b00000, 0x00000000c8b00000|
|   6|0x00000000c8c00000, 0x00000000c8c00000, 0x00000000c8d00000|  0%| F|  |TS  0|AC  0|TAMS 0x00000000c8c00000, 0x00000000c8c00000|
|   7|0x00000000c8d00000, 0x00000000c8d00000, 0x00000000c8e00000|  0%| F|  |TS  0|AC  0|TAMS 0x00000000c8d00000, 0x00000000c8d00000|
|   8|0x00000000c8e00000, 0x00000000c8e00000, 0x00000000c8f00000|  0%| F|  |TS  0|AC  0|TAMS 0x00000000c8e00000, 0x00000000c8e00000|
|   9|0x00000000c8f00000, 0x00000000c8f00000, 0x00000000c9000000|  0%| F|  |TS  0|AC  0|TAMS 0x00000000c8f00000, 0x00000000c8f00000|
|  10|0x00000000c9000000, 0x00000000c9000000, 0x00000000c9100000|  0%| F|  |TS  0|AC  0|TAMS 0x00000000c9000000, 0x00000000c9000000|
|  11|0x00000000c9100000, 0x00000000c9100000, 0x00000000c9200000|  0%| F|  |TS  0|AC  0|TAMS 0x00000000c9100000, 0x00000000c9100000|
|  12|0x00000000c9200000, 0x00000000c9200000, 0x00000000c9300000|  0%| F|  |TS  0|AC  0|TAMS 0x00000000c9200000, 0x00000000c9200000|
|  13|0x00000000c9300000, 0x00000000c9300000, 0x00000000c9400000|  0%| F|  |TS  0|AC  0|TAMS 0x00000000c9300000, 0x00000000c9300000|
|  14|0x00000000c9400000, 0x00000000c9400000, 0x00000000c9500000|  0%| F|  |TS  0|AC  0|TAMS 0x00000000c9400000, 0x00000000c9400000|
|  15|0x00000000c9500000, 0x00000000c9500000, 0x00000000c9600000|  0%| F|  |TS  0|AC  0|TAMS 0x00000000c9500000, 0x00000000c9500000|
|  16|0x00000000c9600000, 0x00000000c9600000, 0x00000000c9700000|  0%| F|  |TS  0|AC  0|TAMS 0x00000000c9600000, 0x00000000c9600000|
|  17|0x00000000c9700000, 0x00000000c9700000, 0x00000000c9800000|  0%| F|  |TS  0|AC  0|TAMS 0x00000000c9700000, 0x00000000c9700000|
|  18|0x00000000c9800000, 0x00000000c9800000, 0x00000000c9900000|  0%| F|  |TS  0|AC  0|TAMS 0x00000000c9800000, 0x00000000c9800000|
|  19|0x00000000c9900000, 0x00000000c9900000, 0x00000000c9a00000|  0%| F|  |TS  0|AC  0|TAMS 0x00000000c9900000, 0x00000000c9900000|
|  20|0x00000000c9a00000, 0x00000000c9a00000, 0x00000000c9b00000|  0%| F|  |TS  0|AC  0|TAMS 0x00000000c9a00000, 0x00000000c9a00000|
|  21|0x00000000c9b00000, 0x00000000c9b00000, 0x00000000c9c00000|  0%| F|  |TS  0|AC  0|TAMS 0x00000000c9b00000, 0x00000000c9b00000|
|  22|0x00000000c9c00000, 0x00000000c9c00000, 0x00000000c9d00000|  0%| F|  |TS  0|AC  0|TAMS 0x00000000c9c00000, 0x00000000c9c00000|
|  23|0x00000000c9d00000, 0x00000000c9d00000, 0x00000000c9e00000|  0%| F|  |TS  0|AC  0|TAMS 0x00000000c9d00000, 0x00000000c9d00000|
|  24|0x00000000c9e00000, 0x00000000c9e00000, 0x00000000c9f00000|  0%| F|  |TS  0|AC  0|TAMS 0x00000000c9e00000, 0x00000000c9e00000|
|  25|0x00000000c9f00000, 0x00000000c9f00000, 0x00000000ca000000|  0%| F|  |TS  0|AC  0|TAMS 0x00000000c9f00000, 0x00000000c9f00000|
|  26|0x00000000ca000000, 0x00000000ca000000, 0x00000000ca100000|  0%| F|  |TS  0|AC  0|TAMS 0x00000000ca000000, 0x00000000ca000000|
|  27|0x00000000ca100000, 0x00000000ca100000, 0x00000000ca200000|  0%| F|  |TS  0|AC  0|TAMS 0x00000000ca100000, 0x00000000ca100000|
|  28|0x00000000ca200000, 0x00000000ca200000, 0x00000000ca300000|  0%| F|  |TS  0|AC  0|TAMS 0x00000000ca200000, 0x00000000ca200000|
|  29|0x00000000ca300000, 0x00000000ca300000, 0x00000000ca400000|  0%| F|  |TS  0|AC  0|TAMS 0x00000000ca300000, 0x00000000ca300000|
|  30|0x00000000ca400000, 0x00000000ca400000, 0x00000000ca500000|  0%| F|  |TS  0|AC  0|TAMS 0x00000000ca400000, 0x00000000ca400000|
|  31|0x00000000ca500000, 0x00000000ca500000, 0x00000000ca600000|  0%| F|  |TS  0|AC  0|TAMS 0x00000000ca500000, 0x00000000ca500000|
|  32|0x00000000ca600000, 0x00000000ca600000, 0x00000000ca700000|  0%| F|  |TS  0|AC  0|TAMS 0x00000000ca600000, 0x00000000ca600000|
|  33|0x00000000ca700000, 0x00000000ca700000, 0x00000000ca800000|  0%| F|  |TS  0|AC  0|TAMS 0x00000000ca700000, 0x00000000ca700000|
|  34|0x00000000ca800000, 0x00000000ca800000, 0x00000000ca900000|  0%| F|  |TS  0|AC  0|TAMS 0x00000000ca800000, 0x00000000ca800000|
|  35|0x00000000ca900000, 0x00000000ca900000, 0x00000000caa00000|  0%| F|  |TS  0|AC  0|TAMS 0x00000000ca900000, 0x00000000ca900000|
|  36|0x00000000caa00000, 0x00000000caa00000, 0x00000000cab00000|  0%| F|  |TS  0|AC  0|TAMS 0x00000000caa00000, 0x00000000caa00000|
|  37|0x00000000cab00000, 0x00000000cab00000, 0x00000000cac00000|  0%| F|  |TS  0|AC  0|TAMS 0x00000000cab00000, 0x00000000cab00000|
|  38|0x00000000cac00000, 0x00000000cac00000, 0x00000000cad00000|  0%| F|  |TS  0|AC  0|TAMS 0x00000000cac00000, 0x00000000cac00000|
|  39|0x00000000cad00000, 0x00000000cad00000, 0x00000000cae00000|  0%| F|  |TS  0|AC  0|TAMS 0x00000000cad00000, 0x00000000cad00000|
|  40|0x00000000cae00000, 0x00000000cae00000, 0x00000000caf00000|  0%| F|  |TS  0|AC  0|TAMS 0x00000000cae00000, 0x00000000cae00000|
|  41|0x00000000caf00000, 0x00000000caf00000, 0x00000000cb000000|  0%| F|  |TS  0|AC  0|TAMS 0x00000000caf00000, 0x00000000caf00000|
|  42|0x00000000cb000000, 0x00000000cb000000, 0x00000000cb100000|  0%| F|  |TS  0|AC  0|TAMS 0x00000000cb000000, 0x00000000cb000000|
|  43|0x00000000cb100000, 0x00000000cb100000, 0x00000000cb200000|  0%| F|  |TS  0|AC  0|TAMS 0x00000000cb100000, 0x00000000cb100000|
|  44|0x00000000cb200000, 0x00000000cb200000, 0x00000000cb300000|  0%| F|  |TS  0|AC  0|TAMS 0x00000000cb200000, 0x00000000cb200000|
|  45|0x00000000cb300000, 0x00000000cb300000, 0x00000000cb400000|  0%| F|  |TS  0|AC  0|TAMS 0x00000000cb300000, 0x00000000cb300000|
|  46|0x00000000cb400000, 0x00000000cb400000, 0x00000000cb500000|  0%| F|  |TS  0|AC  0|TAMS 0x00000000cb400000, 0x00000000cb400000|
|  47|0x00000000cb500000, 0x00000000cb500000, 0x00000000cb600000|  0%| F|  |TS  0|AC  0|TAMS 0x00000000cb500000, 0x00000000cb500000|
|  48|0x00000000cb600000, 0x00000000cb600000, 0x00000000cb700000|  0%| F|  |TS  0|AC  0|TAMS 0x00000000cb600000, 0x00000000cb600000|
|  49|0x00000000cb700000, 0x00000000cb700000, 0x00000000cb800000|  0%| F|  |TS  0|AC  0|TAMS 0x00000000cb700000, 0x00000000cb700000|
|  50|0x00000000cb800000, 0x00000000cb800000, 0x00000000cb900000|  0%| F|  |TS  0|AC  0|TAMS 0x00000000cb800000, 0x00000000cb800000|
|  51|0x00000000cb900000, 0x00000000cb900000, 0x00000000cba00000|  0%| F|  |TS  0|AC  0|TAMS 0x00000000cb900000, 0x00000000cb900000|
|  52|0x00000000cba00000, 0x00000000cbae0498, 0x00000000cbb00000| 87%| E|  |TS  0|AC  0|TAMS 0x00000000cba00000, 0x00000000cba00000|
|  53|0x00000000cbb00000, 0x00000000cbc00000, 0x00000000cbc00000|100%| E|CS|TS  0|AC  0|TAMS 0x00000000cbb00000, 0x00000000cbb00000|
|  54|0x00000000cbc00000, 0x00000000cbd00000, 0x00000000cbd00000|100%| E|CS|TS  0|AC  0|TAMS 0x00000000cbc00000, 0x00000000cbc00000|
|  55|0x00000000cbd00000, 0x00000000cbe00000, 0x00000000cbe00000|100%| E|CS|TS  0|AC  0|TAMS 0x00000000cbd00000, 0x00000000cbd00000|

Card table byte_map: [0x000000001d7a0000,0x000000001d960000] byte_map_base: 0x000000001d15d000

Marking Bits (Prev, Next): (CMBitMap*) 0x00000000003c5770, (CMBitMap*) 0x00000000003c57a8
 Prev Bits: [0x000000001db20000, 0x000000001e908000)
 Next Bits: [0x000000001e910000, 0x000000001f6f8000)

Polling page: 0x00000000000f0000

CodeHeap 'non-profiled nmethods': size=120064Kb used=90Kb max_used=90Kb free=119973Kb
 bounds [0x00000000154d0000, 0x0000000015740000, 0x000000001ca10000]
CodeHeap 'profiled nmethods': size=120000Kb used=285Kb max_used=285Kb free=119714Kb
 bounds [0x000000000dfa0000, 0x000000000e210000, 0x00000000154d0000]
CodeHeap 'non-nmethods': size=5696Kb used=1091Kb max_used=1091Kb free=4604Kb
 bounds [0x000000000da10000, 0x000000000dc80000, 0x000000000dfa0000]
 total_blobs=654 nmethods=243 adapters=246
 compilation: enabled

Compilation events (10 events):
Event: 1.041 Thread 0x0000000022e36000  223       1       java.lang.ThreadLocal::access$400 (5 bytes)
Event: 1.041 Thread 0x0000000022e36000 nmethod 223 0x00000000154e3e90 code [0x00000000154e4040, 0x00000000154e4130]
Event: 1.055 Thread 0x0000000022e36000  224       3       java.lang.String::lastIndexOf (29 bytes)
Event: 1.055 Thread 0x0000000022e36000 nmethod 224 0x000000000dfe6810 code [0x000000000dfe69e0, 0x000000000dfe6cd8]
Event: 1.057 Thread 0x0000000022e36000  225       3       java.lang.String::lastIndexOf (12 bytes)
Event: 1.058 Thread 0x0000000022e36000 nmethod 225 0x000000000dfe6e10 code [0x000000000dfe7000, 0x000000000dfe7458]
Event: 40.677 Thread 0x0000000022e36000  242       1       java.util.HashMap$Node::getKey (5 bytes)
Event: 40.677 Thread 0x0000000022e36000 nmethod 242 0x00000000154e6210 code [0x00000000154e63c0, 0x00000000154e64d0]
Event: 40.678 Thread 0x0000000022e36000  243       1       java.util.HashMap$Node::getValue (5 bytes)
Event: 40.679 Thread 0x0000000022e36000 nmethod 243 0x00000000154e6590 code [0x00000000154e6740, 0x00000000154e6850]

GC Heap History (0 events):
No events

Deoptimization events (1 events):
Event: 0.818 Thread 0x0000000000373800 Uncommon trap: reason=unstable_if action=reinterpret pc=0x00000000154d3198 method=java.lang.String.hashCode()I @ 14 c2

Classes redefined (10 events):
Event: 1067.687 Thread 0x000000001f7f5000 redefined class name=A, count=5
Event: 1140.144 Thread 0x000000001f7f5000 redefined class name=A, count=6
Event: 2003.544 Thread 0x000000001f7f5000 redefined class name=A, count=7
Event: 2049.340 Thread 0x000000001f7f5000 redefined class name=A, count=8
Event: 2073.481 Thread 0x000000001f7f5000 redefined class name=A, count=9
Event: 2134.177 Thread 0x000000001f7f5000 redefined class name=A, count=10
Event: 2153.607 Thread 0x000000001f7f5000 redefined class name=A, count=11
Event: 6558.700 Thread 0x000000001f7f5000 redefined class name=A, count=12
Event: 6855.872 Thread 0x000000001f7f5000 redefined class name=A, count=13
Event: 7055.813 Thread 0x000000001f7f5000 redefined class name=A, count=14

Internal exceptions (1 events):
Event: 8.638 Thread 0x0000000000373800 Exception <a 'java/lang/NoSuchMethodError'{0x00000000cbbfdb58}: method resolution failed> (0x00000000cbbfdb58) thrown at [t:/workspace/open/src/hotspot/share/prims/methodHandles.cpp, line 1226]

Events (10 events):
Event: 7055.854 Executing VM operation: GetFrameLocation done
Event: 7055.854 Executing VM operation: GetOrSetLocal
Event: 7055.854 Executing VM operation: GetOrSetLocal done
Event: 7055.981 Executing VM operation: GetFrameCount
Event: 7055.981 Executing VM operation: GetFrameCount done
Event: 7055.981 Executing VM operation: GetFrameLocation
Event: 7055.981 Executing VM operation: GetFrameLocation done
Event: 7055.983 Executing VM operation: GetFrameLocation
Event: 7055.983 Executing VM operation: GetFrameLocation done
Event: 7055.983 Executing VM operation: GetOrSetLocal


Dynamic libraries:
0x000000013f050000 - 0x000000013f08e000 	C:\Program Files\Java\jdk-10\bin\java.exe
0x0000000077880000 - 0x0000000077a2a000 	C:\Windows\SYSTEM32\ntdll.dll
0x0000000077760000 - 0x000000007787f000 	C:\Windows\system32\kernel32.dll
0x000007fefd590000 - 0x000007fefd5fa000 	C:\Windows\system32\KERNELBASE.dll
0x000007feff9e0000 - 0x000007feffabb000 	C:\Windows\system32\ADVAPI32.dll
0x000007feff940000 - 0x000007feff9df000 	C:\Windows\system32\msvcrt.dll
0x000007fefd9a0000 - 0x000007fefd9bf000 	C:\Windows\SYSTEM32\sechost.dll
0x000007feff630000 - 0x000007feff75d000 	C:\Windows\system32\RPCRT4.dll
0x0000000077660000 - 0x000000007775a000 	C:\Windows\system32\USER32.dll
0x000007fefd930000 - 0x000007fefd997000 	C:\Windows\system32\GDI32.dll
0x000007fefeb90000 - 0x000007fefeb9e000 	C:\Windows\system32\LPK.dll
0x000007feffac0000 - 0x000007feffb8b000 	C:\Windows\system32\USP10.dll
0x000007fefc040000 - 0x000007fefc234000 	C:\Windows\WinSxS\amd64_microsoft.windows.common-controls_6595b64144ccf1df_6.0.7601.18837_none_fa3b1e3d17594757\COMCTL32.dll
0x000007feff790000 - 0x000007feff801000 	C:\Windows\system32\SHLWAPI.dll
0x000007fefcee0000 - 0x000007fefceec000 	C:\Windows\system32\VERSION.dll
0x000007feff760000 - 0x000007feff78e000 	C:\Windows\system32\IMM32.DLL
0x000007feff810000 - 0x000007feff919000 	C:\Windows\system32\MSCTF.dll
0x000007feeeb20000 - 0x000007feeec0f000 	C:\Program Files\Java\jdk-10\bin\msvcr120.dll
0x000007fef7ca0000 - 0x000007fef7d46000 	C:\Program Files\Java\jdk-10\bin\msvcp120.dll
0x0000000060390000 - 0x0000000060dff000 	C:\Program Files\Java\jdk-10\bin\server\jvm.dll
0x000007fefb3e0000 - 0x000007fefb3e9000 	C:\Windows\system32\WSOCK32.dll
0x000007fefeb30000 - 0x000007fefeb7d000 	C:\Windows\system32\WS2_32.dll
0x000007fefeb80000 - 0x000007fefeb88000 	C:\Windows\system32\NSI.dll
0x000007fef98f0000 - 0x000007fef992b000 	C:\Windows\system32\WINMM.dll
0x0000000077a40000 - 0x0000000077a47000 	C:\Windows\system32\PSAPI.DLL
0x000007fefcd90000 - 0x000007fefcd9f000 	C:\Program Files\Java\jdk-10\bin\verify.dll
0x000007fef3670000 - 0x000007fef3795000 	C:\Windows\system32\DBGHELP.DLL
0x000007fef8050000 - 0x000007fef8077000 	C:\Program Files\Java\jdk-10\bin\java.dll
0x000007fef7ef0000 - 0x000007fef7f26000 	C:\Program Files\Java\jdk-10\bin\jdwp.dll
0x000007fef7d90000 - 0x000007fef7dba000 	C:\Program Files\Java\jdk-10\bin\instrument.dll
0x000007fef8160000 - 0x000007fef8176000 	C:\Program Files\Java\jdk-10\bin\zip.dll
0x000007fefcd80000 - 0x000007fefcd8a000 	C:\Program Files\Java\jdk-10\bin\jimage.dll
0x000007fefdbc0000 - 0x000007fefe94b000 	C:\Windows\system32\SHELL32.dll
0x000007fefd9c0000 - 0x000007fefdbbc000 	C:\Windows\system32\ole32.dll
0x000007fefd580000 - 0x000007fefd58f000 	C:\Windows\system32\profapi.dll
0x000007fefae10000 - 0x000007fefae1a000 	C:\Program Files\Java\jdk-10\bin\dt_socket.dll
0x000007fefca10000 - 0x000007fefca65000 	C:\Windows\system32\mswsock.dll
0x000007fefcef0000 - 0x000007fefcef7000 	C:\Windows\System32\wshtcpip.dll
0x000007fef7fe0000 - 0x000007fef7ffa000 	C:\Program Files\Java\jdk-10\bin\net.dll
0x000007fef8550000 - 0x000007fef85c1000 	C:\Windows\system32\WINHTTP.dll
0x000007fef84e0000 - 0x000007fef8544000 	C:\Windows\system32\webio.dll
0x000007fefca00000 - 0x000007fefca07000 	C:\Windows\System32\wship6.dll
0x000007fef7f70000 - 0x000007fef7f81000 	C:\Program Files\Java\jdk-10\bin\nio.dll

dbghelp: loaded successfully - version: 4.0.5 - missing functions: none
symbol engine: initialized successfully - sym options: 0x614 - pdb path: .;C:\Program Files\Java\jdk-10\bin;C:\Windows\SYSTEM32;C:\Windows\WinSxS\amd64_microsoft.windows.common-controls_6595b64144ccf1df_6.0.7601.18837_none_fa3b1e3d17594757;C:\Program Files\Java\jdk-10\bin\server

VM Arguments:
jvm_args: -agentlib:jdwp=transport=dt_socket,address=127.0.0.1:61630,suspend=y,server=n -javaagent:C:\Users\Administrator\AppData\Local\Temp\capture20292jars\debugger-agent.jar=file:/C:/Users/Administrator/AppData/Local/Temp/capture.props -Dfile.encoding=UTF-8 
java_command: A
java_class_path (initial): D:\GitBash\CS61B\skeleton-sp18-master\library-sp18\javalib;D:\LCsolution\621TaskScheduler\out\production\621TaskScheduler;D:\GitBash\CS61B\skeleton-sp18-master\library-sp18\javalib\algs4.jar;D:\GitBash\CS61B\skeleton-sp18-master\library-sp18\javalib\jh61b.jar;D:\GitBash\CS61B\skeleton-sp18-master\library-sp18\javalib\stdlib.jar;D:\GitBash\CS61B\skeleton-sp18-master\library-sp18\javalib\junit-4.12.jar;D:\GitBash\CS61B\skeleton-sp18-master\library-sp18\javalib\stdlib-package.jar;D:\GitBash\CS61B\skeleton-sp18-master\library-sp18\javalib\hamcrest-core-1.3.jar;F:\Program Files\IntelliJ\IntelliJ IDEA Community Edition 2018.1.1\lib\idea_rt.jar
Launcher Type: SUN_STANDARD

Logging:
Log output configuration:
#0: stdout all=warning uptime,level,tags
#1: stderr all=off uptime,level,tags

Environment Variables:
JAVA_HOME=C:\Program Files\Java\jdk-10
PATH=C:\ProgramData\Oracle\Java\javapath;C:\Windows\system32;C:\Windows;C:\Windows\System32\Wbem;C:\Windows\System32\WindowsPowerShell\v1.0\;C:\Program Files\Java\jdk-10\bin;G:\0 code\Python\Scripts\;G:\0 code\Python\
USERNAME=Administrator
OS=Windows_NT
PROCESSOR_IDENTIFIER=AMD64 Family 18 Model 1 Stepping 0, AuthenticAMD



---------------  S Y S T E M  ---------------

OS: Windows 7 , 64 bit Build 7601 (6.1.7601.23864)

CPU:total 4 (initial active 4) (4 cores per cpu, 1 threads per core) family 18 model 1 stepping 0, cmov, cx8, fxsr, mmx, sse, sse2, sse3, popcnt, mmxext, 3dnowpref, lzcnt, sse4a, tsc, tscinvbit, tscinv

Memory: 4k page, physical 3643504k(401976k free), swap 7989660k(672312k free)

vm_info: Java HotSpot(TM) 64-Bit Server VM (10+46) for windows-amd64 JRE (10+46), built on Mar  8 2018 02:11:18 by "mach5one" with MS VC++ 12.0 (VS2013)

END.
