#
# A fatal error has been detected by the Java Runtime Environment:
#
#  EXCEPTION_ACCESS_VIOLATION (0xc0000005) at pc=0x000000005758344b, pid=1712, tid=9656
#
# JRE version: Java(TM) SE Runtime Environment (10.0+46) (build 10+46)
# Java VM: Java HotSpot(TM) 64-Bit Server VM (10+46, mixed mode, tiered, compressed oops, g1 gc, windows-amd64)
# Problematic frame:
# V  [jvm.dll+0x23344b]
#
# No core dump will be written. Minidumps are not enabled by default on client versions of Windows
#
# If you would like to submit a bug report, please visit:
#   http://bugreport.java.com/bugreport/crash.jsp
#

---------------  S U M M A R Y ------------

Command Line: -agentlib:jdwp=transport=dt_socket,address=127.0.0.1:62992,suspend=y,server=n -javaagent:C:\Users\Administrator\AppData\Local\Temp\capture17533jars\debugger-agent.jar=file:/C:/Users/Administrator/AppData/Local/Temp/capture1.props -Dfile.encoding=UTF-8 Solution

Host: AMD A6-3400M APU with Radeon(tm) HD Graphics, 4 cores, 3G,  Windows 7 , 64 bit Build 7601 (6.1.7601.23864)
Time: Tue Jun 19 20:21:37 2018 ?D1¨²¡À¨º¡Á?¨º¡À?? elapsed time: 8473 seconds (0d 2h 21m 13s)

---------------  T H R E A D  ---------------

Current thread (0x0000000021a5b800):  VMThread "VM Thread" [stack: 0x0000000022070000,0x0000000022170000] [id=9656]

Stack: [0x0000000022070000,0x0000000022170000],  sp=0x000000002216f3e0,  free space=1020k
Native frames: (J=compiled Java code, j=interpreted, Vv=VM code, C=native code)
V  [jvm.dll+0x23344b]
V  [jvm.dll+0x478031]
V  [jvm.dll+0x1c340b]
V  [jvm.dll+0x47aba4]
V  [jvm.dll+0x4783cb]
V  [jvm.dll+0x6c42dc]
V  [jvm.dll+0x6c2a45]
V  [jvm.dll+0x6c3250]
V  [jvm.dll+0x6c358c]
V  [jvm.dll+0x59ef10]
C  [msvcr120.dll+0x24f7f]
C  [msvcr120.dll+0x25126]
C  [kernel32.dll+0x159cd]
C  [ntdll.dll+0x2a561]


siginfo: EXCEPTION_ACCESS_VIOLATION (0xc0000005), reading address 0xffffffffffffffff


Register to memory mapping:

RIP=0x000000005758344b jvm.dll
RAX=0x00b2000022310600 is an unknown value
RBX=0x00000000227a3c18 is pointing into metadata
RCX=0x00b2000022310600 is an unknown value
RDX=0x000000008005baa0 is pointing into metadata
RSP=0x000000002216f3e0 is an unknown value
RBP=0x000000008005baa0 is pointing into metadata
RSI=0x0000000000000000 is an unknown value
RDI=0x00000000003e4270 is an unknown value
R8 =0x000000002216f4e8 is an unknown value
R9 =0x00000000003e4270 is an unknown value
R10=0x00000000227a3170 is pointing into metadata
R11=0x000000008005baa0 is pointing into metadata
R12=0x0000000000000000 is an unknown value
R13=0x0000000021a5b800 is an unknown value
R14=0x00000000227a3bf0 is pointing into metadata
R15=0x000000002216f4e8 is an unknown value


Registers:
RAX=0x00b2000022310600, RBX=0x00000000227a3c18, RCX=0x00b2000022310600, RDX=0x000000008005baa0
RSP=0x000000002216f3e0, RBP=0x000000008005baa0, RSI=0x0000000000000000, RDI=0x00000000003e4270
R8 =0x000000002216f4e8, R9 =0x00000000003e4270, R10=0x00000000227a3170, R11=0x000000008005baa0
R12=0x0000000000000000, R13=0x0000000021a5b800, R14=0x00000000227a3bf0, R15=0x000000002216f4e8
RIP=0x000000005758344b, EFLAGS=0x0000000000010206

Top of Stack: (sp=0x000000002216f3e0)
0x000000002216f3e0:   0000000000000007 0000000023ccdc20
0x000000002216f3f0:   0000000000000006 0000000057687e75
0x000000002216f400:   000000002403f350 000000002216f548
0x000000002216f410:   0000000023cd4e18 00000000227a3170
0x000000002216f420:   000000008005baa0 00000000577c8031
0x000000002216f430:   00000000227a3c18 000000008005bc98
0x000000002216f440:   00000000003e4270 0000000023cd4e18
0x000000002216f450:   00000000227a3170 0000000021a5b800
0x000000002216f460:   0000000023cd4e18 00000000227a3170
0x000000002216f470:   0000000021a5b800 0000000021a5b800
0x000000002216f480:   00000000219846c0 00000000003de360
0x000000002216f490:   00000000003de370 00000000003de448
0x000000002216f4a0:   00000000000000d8 000000002216f580
0x000000002216f4b0:   000000002403f350 0000000080067168
0x000000002216f4c0:   0000000080067168 0000000000000000
0x000000002216f4d0:   000000008005bc98 000000005751340b 

Instructions: (pc=0x000000005758344b)
0x000000005758342b:   e8 14 a8 01 74 06 48 8b 7b 08 eb 2c 48 8b 03 48
0x000000005758343b:   89 5c 24 50 48 85 c0 0f 84 9b 00 00 00 48 8b 0b
0x000000005758344b:   48 8b 01 ff 50 10 84 c0 75 06 48 8b 7b 08 eb 08
0x000000005758345b:   48 8b 3b 48 89 5c 24 68 48 85 ff 0f 84 77 00 00 


VM_Operation (0x000000002403f350): RedefineClasses, mode: safepoint, requested by thread 0x0000000023b22800, redefining class Solution



---------------  P R O C E S S  ---------------

Threads class SMR info:
_java_thread_list=0x0000000023d1b540, length=14, elements={
0x0000000000407800, 0x0000000021a5e000, 0x0000000021a6a800, 0x0000000022bdf000,
0x0000000022be1000, 0x0000000022be2000, 0x0000000022bf3000, 0x0000000022bfb800,
0x0000000022c16800, 0x0000000023b22800, 0x0000000023c8f000, 0x0000000023c8a000,
0x0000000023c60000, 0x0000000023d19000
}

Java Threads: ( => current thread )
  0x0000000000407800 JavaThread "main" [_thread_blocked, id=7388, stack(0x0000000002160000,0x0000000002260000)]
  0x0000000021a5e000 JavaThread "Reference Handler" daemon [_thread_blocked, id=8640, stack(0x0000000022d40000,0x0000000022e40000)]
  0x0000000021a6a800 JavaThread "Finalizer" daemon [_thread_blocked, id=4632, stack(0x0000000023030000,0x0000000023130000)]
  0x0000000022bdf000 JavaThread "Signal Dispatcher" daemon [_thread_blocked, id=5556, stack(0x0000000022ef0000,0x0000000022ff0000)]
  0x0000000022be1000 JavaThread "Attach Listener" daemon [_thread_blocked, id=876, stack(0x0000000023280000,0x0000000023380000)]
  0x0000000022be2000 JavaThread "C2 CompilerThread0" daemon [_thread_blocked, id=2368, stack(0x00000000234c0000,0x00000000235c0000)]
  0x0000000022bf3000 JavaThread "C2 CompilerThread1" daemon [_thread_blocked, id=1496, stack(0x00000000233b0000,0x00000000234b0000)]
  0x0000000022bfb800 JavaThread "C1 CompilerThread2" daemon [_thread_blocked, id=9704, stack(0x00000000236b0000,0x00000000237b0000)]
  0x0000000022c16800 JavaThread "Sweeper thread" daemon [_thread_blocked, id=8324, stack(0x0000000023890000,0x0000000023990000)]
  0x0000000023b22800 JavaThread "JDWP Transport Listener: dt_socket" daemon [_thread_blocked, id=8276, stack(0x0000000023f40000,0x0000000024040000)]
  0x0000000023c8f000 JavaThread "JDWP Event Helper Thread" daemon [_thread_blocked, id=8836, stack(0x0000000024040000,0x0000000024140000)]
  0x0000000023c8a000 JavaThread "JDWP Command Reader" daemon [_thread_in_native, id=4616, stack(0x0000000023dc0000,0x0000000023ec0000)]
  0x0000000023c60000 JavaThread "Common-Cleaner" daemon [_thread_blocked, id=3812, stack(0x0000000024980000,0x0000000024a80000)]
  0x0000000023d19000 JavaThread "Service Thread" daemon [_thread_blocked, id=4488, stack(0x0000000024b50000,0x0000000024c50000)]

Other Threads:
=>0x0000000021a5b800 VMThread "VM Thread" [stack: 0x0000000022070000,0x0000000022170000] [id=9656]
  0x0000000023d1a800 WatcherThread [stack: 0x0000000024d90000,0x0000000024e90000] [id=9684]
  0x0000000000430800 GCTaskThread "GC Thread#0" [stack: 0x000000001c7f0000,0x000000001c8f0000] [id=7692]
  0x0000000000431800 GCTaskThread "GC Thread#1" [stack: 0x000000001c900000,0x000000001ca00000] [id=1540]
  0x0000000000433000 GCTaskThread "GC Thread#2" [stack: 0x000000001cbb0000,0x000000001ccb0000] [id=7768]
  0x0000000000439000 GCTaskThread "GC Thread#3" [stack: 0x000000001caa0000,0x000000001cba0000] [id=1512]
  0x000000000046a000 ConcurrentGCThread "G1 Main Marker" [stack: 0x000000001f360000,0x000000001f460000] [id=9340]
  0x000000000046b000 ConcurrentGCThread "G1 Conc#0" [stack: 0x000000001f540000,0x000000001f640000] [id=508]
  0x0000000021980800 ConcurrentGCThread "G1 Refine#0" [stack: 0x0000000021c40000,0x0000000021d40000] [id=6652]
  0x000000000048b000 ConcurrentGCThread "G1 Refine#1" [stack: 0x0000000021de0000,0x0000000021ee0000] [id=996]
  0x000000000048e800 ConcurrentGCThread "G1 Refine#2" [stack: 0x0000000021ae0000,0x0000000021be0000] [id=9712]
  0x000000000048f800 ConcurrentGCThread "G1 Refine#3" [stack: 0x0000000021f40000,0x0000000022040000] [id=1920]
  0x0000000021981800 ConcurrentGCThread "G1 Young RemSet Sampling" [stack: 0x0000000022210000,0x0000000022310000] [id=4180]

Threads with active compile tasks:

VM state:at safepoint (normal execution)

VM Mutex/Monitor currently owned by a thread:  ([mutex/lock_event])
[0x0000000000403ca0] Threads_lock - owner thread: 0x0000000021a5b800

Heap address: 0x00000000c8600000, size: 890 MB, Compressed Oops mode: 32-bit
Narrow klass base: 0x0000000000000000, Narrow klass shift: 0
Compressed class space size: 1073741824 Address: 0x000000007fff0000

Heap:
 garbage-first heap   total 57344K, used 2048K [0x00000000c8600000, 0x0000000100000000)
  region size 1024K, 3 young (3072K), 0 survivors (0K)
 Metaspace       used 5398K, capacity 5520K, committed 5632K, reserved 1056768K
  class space    used 449K, capacity 496K, committed 512K, reserved 1048576K
Heap Regions: E=young(eden), S=young(survivor), O=old, HS=humongous(starts), HC=humongous(continues), CS=collection set, F=free, A=archive, TS=gc time stamp, AC=allocation context, TAMS=top-at-mark-start (previous, next)
|   0|0x00000000c8600000, 0x00000000c8600000, 0x00000000c8700000|  0%| F|  |TS  0|AC  0|TAMS 0x00000000c8600000, 0x00000000c8600000|
|   1|0x00000000c8700000, 0x00000000c8700000, 0x00000000c8800000|  0%| F|  |TS  0|AC  0|TAMS 0x00000000c8700000, 0x00000000c8700000|
|   2|0x00000000c8800000, 0x00000000c8800000, 0x00000000c8900000|  0%| F|  |TS  0|AC  0|TAMS 0x00000000c8800000, 0x00000000c8800000|
|   3|0x00000000c8900000, 0x00000000c8900000, 0x00000000c8a00000|  0%| F|  |TS  0|AC  0|TAMS 0x00000000c8900000, 0x00000000c8900000|
|   4|0x00000000c8a00000, 0x00000000c8a00000, 0x00000000c8b00000|  0%| F|  |TS  0|AC  0|TAMS 0x00000000c8a00000, 0x00000000c8a00000|
|   5|0x00000000c8b00000, 0x00000000c8b00000, 0x00000000c8c00000|  0%| F|  |TS  0|AC  0|TAMS 0x00000000c8b00000, 0x00000000c8b00000|
|   6|0x00000000c8c00000, 0x00000000c8c00000, 0x00000000c8d00000|  0%| F|  |TS  0|AC  0|TAMS 0x00000000c8c00000, 0x00000000c8c00000|
|   7|0x00000000c8d00000, 0x00000000c8d00000, 0x00000000c8e00000|  0%| F|  |TS  0|AC  0|TAMS 0x00000000c8d00000, 0x00000000c8d00000|
|   8|0x00000000c8e00000, 0x00000000c8e00000, 0x00000000c8f00000|  0%| F|  |TS  0|AC  0|TAMS 0x00000000c8e00000, 0x00000000c8e00000|
|   9|0x00000000c8f00000, 0x00000000c8f00000, 0x00000000c9000000|  0%| F|  |TS  0|AC  0|TAMS 0x00000000c8f00000, 0x00000000c8f00000|
|  10|0x00000000c9000000, 0x00000000c9000000, 0x00000000c9100000|  0%| F|  |TS  0|AC  0|TAMS 0x00000000c9000000, 0x00000000c9000000|
|  11|0x00000000c9100000, 0x00000000c9100000, 0x00000000c9200000|  0%| F|  |TS  0|AC  0|TAMS 0x00000000c9100000, 0x00000000c9100000|
|  12|0x00000000c9200000, 0x00000000c9200000, 0x00000000c9300000|  0%| F|  |TS  0|AC  0|TAMS 0x00000000c9200000, 0x00000000c9200000|
|  13|0x00000000c9300000, 0x00000000c9300000, 0x00000000c9400000|  0%| F|  |TS  0|AC  0|TAMS 0x00000000c9300000, 0x00000000c9300000|
|  14|0x00000000c9400000, 0x00000000c9400000, 0x00000000c9500000|  0%| F|  |TS  0|AC  0|TAMS 0x00000000c9400000, 0x00000000c9400000|
|  15|0x00000000c9500000, 0x00000000c9500000, 0x00000000c9600000|  0%| F|  |TS  0|AC  0|TAMS 0x00000000c9500000, 0x00000000c9500000|
|  16|0x00000000c9600000, 0x00000000c9600000, 0x00000000c9700000|  0%| F|  |TS  0|AC  0|TAMS 0x00000000c9600000, 0x00000000c9600000|
|  17|0x00000000c9700000, 0x00000000c9700000, 0x00000000c9800000|  0%| F|  |TS  0|AC  0|TAMS 0x00000000c9700000, 0x00000000c9700000|
|  18|0x00000000c9800000, 0x00000000c9800000, 0x00000000c9900000|  0%| F|  |TS  0|AC  0|TAMS 0x00000000c9800000, 0x00000000c9800000|
|  19|0x00000000c9900000, 0x00000000c9900000, 0x00000000c9a00000|  0%| F|  |TS  0|AC  0|TAMS 0x00000000c9900000, 0x00000000c9900000|
|  20|0x00000000c9a00000, 0x00000000c9a00000, 0x00000000c9b00000|  0%| F|  |TS  0|AC  0|TAMS 0x00000000c9a00000, 0x00000000c9a00000|
|  21|0x00000000c9b00000, 0x00000000c9b00000, 0x00000000c9c00000|  0%| F|  |TS  0|AC  0|TAMS 0x00000000c9b00000, 0x00000000c9b00000|
|  22|0x00000000c9c00000, 0x00000000c9c00000, 0x00000000c9d00000|  0%| F|  |TS  0|AC  0|TAMS 0x00000000c9c00000, 0x00000000c9c00000|
|  23|0x00000000c9d00000, 0x00000000c9d00000, 0x00000000c9e00000|  0%| F|  |TS  0|AC  0|TAMS 0x00000000c9d00000, 0x00000000c9d00000|
|  24|0x00000000c9e00000, 0x00000000c9e00000, 0x00000000c9f00000|  0%| F|  |TS  0|AC  0|TAMS 0x00000000c9e00000, 0x00000000c9e00000|
|  25|0x00000000c9f00000, 0x00000000c9f00000, 0x00000000ca000000|  0%| F|  |TS  0|AC  0|TAMS 0x00000000c9f00000, 0x00000000c9f00000|
|  26|0x00000000ca000000, 0x00000000ca000000, 0x00000000ca100000|  0%| F|  |TS  0|AC  0|TAMS 0x00000000ca000000, 0x00000000ca000000|
|  27|0x00000000ca100000, 0x00000000ca100000, 0x00000000ca200000|  0%| F|  |TS  0|AC  0|TAMS 0x00000000ca100000, 0x00000000ca100000|
|  28|0x00000000ca200000, 0x00000000ca200000, 0x00000000ca300000|  0%| F|  |TS  0|AC  0|TAMS 0x00000000ca200000, 0x00000000ca200000|
|  29|0x00000000ca300000, 0x00000000ca300000, 0x00000000ca400000|  0%| F|  |TS  0|AC  0|TAMS 0x00000000ca300000, 0x00000000ca300000|
|  30|0x00000000ca400000, 0x00000000ca400000, 0x00000000ca500000|  0%| F|  |TS  0|AC  0|TAMS 0x00000000ca400000, 0x00000000ca400000|
|  31|0x00000000ca500000, 0x00000000ca500000, 0x00000000ca600000|  0%| F|  |TS  0|AC  0|TAMS 0x00000000ca500000, 0x00000000ca500000|
|  32|0x00000000ca600000, 0x00000000ca600000, 0x00000000ca700000|  0%| F|  |TS  0|AC  0|TAMS 0x00000000ca600000, 0x00000000ca600000|
|  33|0x00000000ca700000, 0x00000000ca700000, 0x00000000ca800000|  0%| F|  |TS  0|AC  0|TAMS 0x00000000ca700000, 0x00000000ca700000|
|  34|0x00000000ca800000, 0x00000000ca800000, 0x00000000ca900000|  0%| F|  |TS  0|AC  0|TAMS 0x00000000ca800000, 0x00000000ca800000|
|  35|0x00000000ca900000, 0x00000000ca900000, 0x00000000caa00000|  0%| F|  |TS  0|AC  0|TAMS 0x00000000ca900000, 0x00000000ca900000|
|  36|0x00000000caa00000, 0x00000000caa00000, 0x00000000cab00000|  0%| F|  |TS  0|AC  0|TAMS 0x00000000caa00000, 0x00000000caa00000|
|  37|0x00000000cab00000, 0x00000000cab00000, 0x00000000cac00000|  0%| F|  |TS  0|AC  0|TAMS 0x00000000cab00000, 0x00000000cab00000|
|  38|0x00000000cac00000, 0x00000000cac00000, 0x00000000cad00000|  0%| F|  |TS  0|AC  0|TAMS 0x00000000cac00000, 0x00000000cac00000|
|  39|0x00000000cad00000, 0x00000000cad00000, 0x00000000cae00000|  0%| F|  |TS  0|AC  0|TAMS 0x00000000cad00000, 0x00000000cad00000|
|  40|0x00000000cae00000, 0x00000000cae00000, 0x00000000caf00000|  0%| F|  |TS  0|AC  0|TAMS 0x00000000cae00000, 0x00000000cae00000|
|  41|0x00000000caf00000, 0x00000000caf00000, 0x00000000cb000000|  0%| F|  |TS  0|AC  0|TAMS 0x00000000caf00000, 0x00000000caf00000|
|  42|0x00000000cb000000, 0x00000000cb000000, 0x00000000cb100000|  0%| F|  |TS  0|AC  0|TAMS 0x00000000cb000000, 0x00000000cb000000|
|  43|0x00000000cb100000, 0x00000000cb100000, 0x00000000cb200000|  0%| F|  |TS  0|AC  0|TAMS 0x00000000cb100000, 0x00000000cb100000|
|  44|0x00000000cb200000, 0x00000000cb200000, 0x00000000cb300000|  0%| F|  |TS  0|AC  0|TAMS 0x00000000cb200000, 0x00000000cb200000|
|  45|0x00000000cb300000, 0x00000000cb300000, 0x00000000cb400000|  0%| F|  |TS  0|AC  0|TAMS 0x00000000cb300000, 0x00000000cb300000|
|  46|0x00000000cb400000, 0x00000000cb400000, 0x00000000cb500000|  0%| F|  |TS  0|AC  0|TAMS 0x00000000cb400000, 0x00000000cb400000|
|  47|0x00000000cb500000, 0x00000000cb500000, 0x00000000cb600000|  0%| F|  |TS  0|AC  0|TAMS 0x00000000cb500000, 0x00000000cb500000|
|  48|0x00000000cb600000, 0x00000000cb600000, 0x00000000cb700000|  0%| F|  |TS  0|AC  0|TAMS 0x00000000cb600000, 0x00000000cb600000|
|  49|0x00000000cb700000, 0x00000000cb700000, 0x00000000cb800000|  0%| F|  |TS  0|AC  0|TAMS 0x00000000cb700000, 0x00000000cb700000|
|  50|0x00000000cb800000, 0x00000000cb800000, 0x00000000cb900000|  0%| F|  |TS  0|AC  0|TAMS 0x00000000cb800000, 0x00000000cb800000|
|  51|0x00000000cb900000, 0x00000000cb900000, 0x00000000cba00000|  0%| F|  |TS  0|AC  0|TAMS 0x00000000cb900000, 0x00000000cb900000|
|  52|0x00000000cba00000, 0x00000000cba00000, 0x00000000cbb00000|  0%| F|  |TS  0|AC  0|TAMS 0x00000000cba00000, 0x00000000cba00000|
|  53|0x00000000cbb00000, 0x00000000cbbd7ad8, 0x00000000cbc00000| 84%| E|  |TS  0|AC  0|TAMS 0x00000000cbb00000, 0x00000000cbb00000|
|  54|0x00000000cbc00000, 0x00000000cbd00000, 0x00000000cbd00000|100%| E|CS|TS  0|AC  0|TAMS 0x00000000cbc00000, 0x00000000cbc00000|
|  55|0x00000000cbd00000, 0x00000000cbe00000, 0x00000000cbe00000|100%| E|CS|TS  0|AC  0|TAMS 0x00000000cbd00000, 0x00000000cbd00000|

Card table byte_map: [0x000000001d2b0000,0x000000001d470000] byte_map_base: 0x000000001cc6d000

Marking Bits (Prev, Next): (CMBitMap*) 0x0000000000469630, (CMBitMap*) 0x0000000000469668
 Prev Bits: [0x000000001d630000, 0x000000001e418000)
 Next Bits: [0x000000001e420000, 0x000000001f208000)

Polling page: 0x0000000000080000

CodeHeap 'non-profiled nmethods': size=120064Kb used=69Kb max_used=69Kb free=119994Kb
 bounds [0x0000000015190000, 0x0000000015400000, 0x000000001c6d0000]
CodeHeap 'profiled nmethods': size=120000Kb used=261Kb max_used=261Kb free=119738Kb
 bounds [0x000000000dc60000, 0x000000000ded0000, 0x0000000015190000]
CodeHeap 'non-nmethods': size=5696Kb used=1068Kb max_used=1079Kb free=4627Kb
 bounds [0x000000000d6d0000, 0x000000000d940000, 0x000000000dc60000]
 total_blobs=573 nmethods=199 adapters=211
 compilation: enabled

Compilation events (10 events):
Event: 0.629 Thread 0x0000000022bfb800 nmethod 195 0x000000000dc9f410 code [0x000000000dc9f640, 0x000000000dc9fbb8]
Event: 0.629 Thread 0x0000000022bfb800  197       3       java.lang.String::startsWith (138 bytes)
Event: 0.630 Thread 0x0000000022be2000 nmethod 194 0x00000000151a0b10 code [0x00000000151a0ca0, 0x00000000151a0df8]
Event: 0.630 Thread 0x0000000022bfb800 nmethod 197 0x000000000dc9fe10 code [0x000000000dca0060, 0x000000000dca0a30]
Event: 0.630 Thread 0x0000000022bfb800  196       3       java.lang.String::getBytes (44 bytes)
Event: 0.631 Thread 0x0000000022bfb800 nmethod 196 0x000000000dca0d10 code [0x000000000dca0f00, 0x000000000dca12b8]
Event: 0.650 Thread 0x0000000022bf3000  198       4       java.lang.StringLatin1::indexOf (61 bytes)
Event: 0.656 Thread 0x0000000022bf3000 nmethod 198 0x00000000151a0f10 code [0x00000000151a10a0, 0x00000000151a1238]
Event: 0.658 Thread 0x0000000022bfb800  199       1       java.nio.Buffer::position (5 bytes)
Event: 0.658 Thread 0x0000000022bfb800 nmethod 199 0x00000000151a1390 code [0x00000000151a1540, 0x00000000151a1650]

GC Heap History (0 events):
No events

Deoptimization events (2 events):
Event: 0.499 Thread 0x0000000000407800 Uncommon trap: reason=unstable_if action=reinterpret pc=0x0000000015198cec method=java.lang.String.isLatin1()Z @ 10 c2
Event: 0.513 Thread 0x0000000000407800 Uncommon trap: reason=unstable_if action=reinterpret pc=0x0000000015193314 method=java.lang.String.hashCode()I @ 14 c2

Classes redefined (10 events):
Event: 7216.958 Thread 0x0000000021a5b800 redefined class name=Solution, count=17
Event: 7241.283 Thread 0x0000000021a5b800 redefined class name=Solution, count=18
Event: 7317.624 Thread 0x0000000021a5b800 redefined class name=Solution, count=19
Event: 7362.640 Thread 0x0000000021a5b800 redefined class name=Solution, count=20
Event: 7612.088 Thread 0x0000000021a5b800 redefined class name=Solution, count=21
Event: 7808.173 Thread 0x0000000021a5b800 redefined class name=Solution, count=22
Event: 7885.454 Thread 0x0000000021a5b800 redefined class name=Solution, count=23
Event: 7952.712 Thread 0x0000000021a5b800 redefined class name=Solution, count=24
Event: 8068.085 Thread 0x0000000021a5b800 redefined class name=Solution, count=25
Event: 8166.892 Thread 0x0000000021a5b800 redefined class name=Solution, count=26

Internal exceptions (0 events):
No events

Events (10 events):
Event: 8459.292 Executing VM operation: ChangeBreakpoints done
Event: 8459.299 Executing VM operation: ChangeBreakpoints
Event: 8459.300 Executing VM operation: ChangeBreakpoints done
Event: 8467.231 Executing VM operation: ChangeBreakpoints
Event: 8467.231 Executing VM operation: ChangeBreakpoints done
Event: 8467.237 Executing VM operation: ChangeBreakpoints
Event: 8467.238 Executing VM operation: ChangeBreakpoints done
Event: 8473.841 Executing VM operation: ChangeBreakpoints
Event: 8473.841 Executing VM operation: ChangeBreakpoints done
Event: 8473.851 Executing VM operation: RedefineClasses


Dynamic libraries:
0x000000013f810000 - 0x000000013f84e000 	C:\Program Files\Java\jdk-10\bin\java.exe
0x0000000076eb0000 - 0x000000007705a000 	C:\Windows\SYSTEM32\ntdll.dll
0x0000000076d90000 - 0x0000000076eaf000 	C:\Windows\system32\kernel32.dll
0x000007fefcef0000 - 0x000007fefcf5a000 	C:\Windows\system32\KERNELBASE.dll
0x000007fefdcc0000 - 0x000007fefdd9b000 	C:\Windows\system32\ADVAPI32.dll
0x000007fefee60000 - 0x000007fefeeff000 	C:\Windows\system32\msvcrt.dll
0x000007feff120000 - 0x000007feff13f000 	C:\Windows\SYSTEM32\sechost.dll
0x000007fefd170000 - 0x000007fefd29d000 	C:\Windows\system32\RPCRT4.dll
0x0000000076c90000 - 0x0000000076d8a000 	C:\Windows\system32\USER32.dll
0x000007fefd470000 - 0x000007fefd4d7000 	C:\Windows\system32\GDI32.dll
0x000007feff100000 - 0x000007feff10e000 	C:\Windows\system32\LPK.dll
0x000007fefd3a0000 - 0x000007fefd46b000 	C:\Windows\system32\USP10.dll
0x000007fefb670000 - 0x000007fefb864000 	C:\Windows\WinSxS\amd64_microsoft.windows.common-controls_6595b64144ccf1df_6.0.7601.18837_none_fa3b1e3d17594757\COMCTL32.dll
0x000007fefd2a0000 - 0x000007fefd311000 	C:\Windows\system32\SHLWAPI.dll
0x000007fefc490000 - 0x000007fefc49c000 	C:\Windows\system32\VERSION.dll
0x000007fefcf60000 - 0x000007fefcf8e000 	C:\Windows\system32\IMM32.DLL
0x000007fefd930000 - 0x000007fefda39000 	C:\Windows\system32\MSCTF.dll
0x000007fef1a90000 - 0x000007fef1b7f000 	C:\Program Files\Java\jdk-10\bin\msvcr120.dll
0x000007fef3530000 - 0x000007fef35d6000 	C:\Program Files\Java\jdk-10\bin\msvcp120.dll
0x0000000057350000 - 0x0000000057dbf000 	C:\Program Files\Java\jdk-10\bin\server\jvm.dll
0x000007fefc3c0000 - 0x000007fefc3c9000 	C:\Windows\system32\WSOCK32.dll
0x000007fefdc70000 - 0x000007fefdcbd000 	C:\Windows\system32\WS2_32.dll
0x000007feff110000 - 0x000007feff118000 	C:\Windows\system32\NSI.dll
0x000007fef8b10000 - 0x000007fef8b4b000 	C:\Windows\system32\WINMM.dll
0x0000000077080000 - 0x0000000077087000 	C:\Windows\system32\PSAPI.DLL
0x000007fef7a70000 - 0x000007fef7a7f000 	C:\Program Files\Java\jdk-10\bin\verify.dll
0x000007fef1bb0000 - 0x000007fef1cd5000 	C:\Windows\system32\DBGHELP.DLL
0x000007fef3700000 - 0x000007fef3727000 	C:\Program Files\Java\jdk-10\bin\java.dll
0x000007fef34b0000 - 0x000007fef34e6000 	C:\Program Files\Java\jdk-10\bin\jdwp.dll
0x000007fef25a0000 - 0x000007fef25ca000 	C:\Program Files\Java\jdk-10\bin\instrument.dll
0x000007fef7a30000 - 0x000007fef7a46000 	C:\Program Files\Java\jdk-10\bin\zip.dll
0x000007fefc410000 - 0x000007fefc41a000 	C:\Program Files\Java\jdk-10\bin\jimage.dll
0x000007fefe0d0000 - 0x000007fefee5b000 	C:\Windows\system32\SHELL32.dll
0x000007fefef00000 - 0x000007feff0fc000 	C:\Windows\system32\ole32.dll
0x000007fefcba0000 - 0x000007fefcbaf000 	C:\Windows\system32\profapi.dll
0x000007fef7a20000 - 0x000007fef7a2a000 	C:\Program Files\Java\jdk-10\bin\dt_socket.dll
0x000007fefc040000 - 0x000007fefc095000 	C:\Windows\system32\mswsock.dll
0x000007fefc4a0000 - 0x000007fefc4a7000 	C:\Windows\System32\wshtcpip.dll
0x000007fef5de0000 - 0x000007fef5dfa000 	C:\Program Files\Java\jdk-10\bin\net.dll
0x000007fef9920000 - 0x000007fef9991000 	C:\Windows\system32\WINHTTP.dll
0x000007fef83e0000 - 0x000007fef8444000 	C:\Windows\system32\webio.dll
0x000007fefc030000 - 0x000007fefc037000 	C:\Windows\System32\wship6.dll
0x000007fef3510000 - 0x000007fef3521000 	C:\Program Files\Java\jdk-10\bin\nio.dll

dbghelp: loaded successfully - version: 4.0.5 - missing functions: none
symbol engine: initialized successfully - sym options: 0x614 - pdb path: .;C:\Program Files\Java\jdk-10\bin;C:\Windows\SYSTEM32;C:\Windows\WinSxS\amd64_microsoft.windows.common-controls_6595b64144ccf1df_6.0.7601.18837_none_fa3b1e3d17594757;C:\Program Files\Java\jdk-10\bin\server

VM Arguments:
jvm_args: -agentlib:jdwp=transport=dt_socket,address=127.0.0.1:62992,suspend=y,server=n -javaagent:C:\Users\Administrator\AppData\Local\Temp\capture17533jars\debugger-agent.jar=file:/C:/Users/Administrator/AppData/Local/Temp/capture1.props -Dfile.encoding=UTF-8 
java_command: Solution
java_class_path (initial): D:\LCsolution\240. Search a 2D Matrix II\out\production\240. Search a 2D Matrix II;D:\Program Files\JetBrains\IntelliJ IDEA Community Edition 2018.1.1\lib\idea_rt.jar
Launcher Type: SUN_STANDARD

Logging:
Log output configuration:
#0: stdout all=warning uptime,level,tags
#1: stderr all=off uptime,level,tags

Environment Variables:
JAVA_HOME=C:\Program Files\Java\jdk-10
PATH=C:\ProgramData\Oracle\Java\javapath;C:\Windows\system32;C:\Windows;C:\Windows\System32\Wbem;C:\Windows\System32\WindowsPowerShell\v1.0\;C:\Program Files\Java\jdk-10\bin;G:\0 code\Python\Scripts\;G:\0 code\Python\;C:\Users\Administrator\AppData\Local\GitHubDesktop\bin
USERNAME=Administrator
OS=Windows_NT
PROCESSOR_IDENTIFIER=AMD64 Family 18 Model 1 Stepping 0, AuthenticAMD



---------------  S Y S T E M  ---------------

OS: Windows 7 , 64 bit Build 7601 (6.1.7601.23864)

CPU:total 4 (initial active 4) (4 cores per cpu, 1 threads per core) family 18 model 1 stepping 0, cmov, cx8, fxsr, mmx, sse, sse2, sse3, popcnt, mmxext, 3dnowpref, lzcnt, sse4a, tsc, tscinvbit, tscinv

Memory: 4k page, physical 3643504k(502592k free), swap 12782904k(7100140k free)

vm_info: Java HotSpot(TM) 64-Bit Server VM (10+46) for windows-amd64 JRE (10+46), built on Mar  8 2018 02:11:18 by "mach5one" with MS VC++ 12.0 (VS2013)

END.
