#
# A fatal error has been detected by the Java Runtime Environment:
#
#  EXCEPTION_ACCESS_VIOLATION (0xc0000005) at pc=0x00000000577c3eb2, pid=5816, tid=9848
#
# JRE version: Java(TM) SE Runtime Environment (10.0+46) (build 10+46)
# Java VM: Java HotSpot(TM) 64-Bit Server VM (10+46, mixed mode, tiered, compressed oops, g1 gc, windows-amd64)
# Problematic frame:
# V  [jvm.dll+0x473eb2]
#
# No core dump will be written. Minidumps are not enabled by default on client versions of Windows
#
# If you would like to submit a bug report, please visit:
#   http://bugreport.java.com/bugreport/crash.jsp
#

---------------  S U M M A R Y ------------

Command Line: -agentlib:jdwp=transport=dt_socket,address=127.0.0.1:62810,suspend=y,server=n -javaagent:C:\Users\Administrator\AppData\Local\Temp\capture16666jars\debugger-agent.jar=file:/C:/Users/Administrator/AppData/Local/Temp/capture1.props -Dfile.encoding=UTF-8 Solution

Host: AMD A6-3400M APU with Radeon(tm) HD Graphics, 4 cores, 3G,  Windows 7 , 64 bit Build 7601 (6.1.7601.23864)
Time: Tue Jun 19 18:10:15 2018 ?D1¨²¡À¨º¡Á?¨º¡À?? elapsed time: 2775 seconds (0d 0h 46m 15s)

---------------  T H R E A D  ---------------

Current thread (0x0000000021bc0000):  VMThread "VM Thread" [stack: 0x0000000022f80000,0x0000000023080000] [id=9848]

Stack: [0x0000000022f80000,0x0000000023080000],  sp=0x000000002307f790,  free space=1021k
Native frames: (J=compiled Java code, j=interpreted, Vv=VM code, C=native code)
V  [jvm.dll+0x473eb2]
V  [jvm.dll+0x473877]
V  [jvm.dll+0x6c42dc]
V  [jvm.dll+0x6c2a45]
V  [jvm.dll+0x6c3250]
V  [jvm.dll+0x6c358c]
V  [jvm.dll+0x59ef10]
C  [msvcr120.dll+0x24f7f]
C  [msvcr120.dll+0x25126]
C  [kernel32.dll+0x159cd]
C  [ntdll.dll+0x2a561]


siginfo: EXCEPTION_ACCESS_VIOLATION (0xc0000005), reading address 0x000000ca228439b8


Register to memory mapping:

RIP=0x00000000577c3eb2 jvm.dll
RAX=0x000000ca228439b0 is an unknown value
RBX=0x0000000000000008 is an unknown value
RCX=0x00000000228434c8 is pointing into metadata
RDX=0x0000000000000002 is an unknown value
RSP=0x000000002307f790 is an unknown value
RBP=0x0000000022c25400 is an unknown value
RSI={method} {0x0000000022843a60} 
[error occurred during error reporting (printing register info), id 0xc0000005]

Registers:
RAX=0x000000ca228439b0, RBX=0x0000000000000008, RCX=0x00000000228434c8, RDX=0x0000000000000002
RSP=0x000000002307f790, RBP=0x0000000022c25400, RSI=0x0000000022843a58, RDI=0x000000002400bab0
R8 =0x00000000228434e0, R9 =0x000000002294e9d0, R10=0x0000000021b23290, R11=0x0000000021b847f0
R12=0x000000002307f840, R13=0x0000000021b35250, R14=0x0000000022c257d8, R15=0x000000008005bc98
RIP=0x00000000577c3eb2, EFLAGS=0x0000000000010202

Top of Stack: (sp=0x000000002307f790)
0x000000002307f790:   000000002422f560 000000002400bab0
0x000000002307f7a0:   000000002307f840 000000002400bab0
0x000000002307f7b0:   0000000022d6c1a0 0000000021b23290
0x000000002307f7c0:   0000000021b847f0 0000000000000000
0x000000002307f7d0:   0000000000000000 0000000022c257d8
0x000000002307f7e0:   000000002400bab0 000000002422f560
0x000000002307f7f0:   0000000022c25400 00000000000003d8
0x000000002307f800:   0000000057d25850 0000000057acd698
0x000000002307f810:   000000002422f5d0 00000000577c3877
0x000000002307f820:   000000002422f5d0 000000002307f840
0x000000002307f830:   000000002422f560 000000002400bab0
0x000000002307f840:   00000000578a9120 0000000000000000
0x000000002307f850:   0000000022c253f0 0000000057a142dc
0x000000002307f860:   0000000021af1250 0000000021bc0000
0x000000002307f870:   0000000000000000 0000000057b36a50
0x000000002307f880:   0000000000000000 000074c00000000e 

Instructions: (pc=0x00000000577c3eb2)
0x00000000577c3e92:   00 00 4c 8d 42 01 4e 8d 04 c1 0f 1f 40 00 49 8b
0x00000000577c3ea2:   30 0f b6 46 2a c0 e8 05 a8 01 74 1e 48 8b 46 08
0x00000000577c3eb2:   4c 8b 48 08 0f b7 48 2a 4d 39 6c c9 40 75 0b 0f
0x00000000577c3ec2:   b7 48 2c 4d 39 54 c9 40 74 0e 49 83 e8 08 48 ff 


VM_Operation (0x000000002422f560): ChangeBreakpoints, mode: safepoint, requested by thread 0x0000000023eb2000


---------------  P R O C E S S  ---------------

Threads class SMR info:
_java_thread_list=0x0000000023e5d7e0, length=14, elements={
0x0000000000377800, 0x0000000021bc2800, 0x0000000021bc6800, 0x0000000022c8a000,
0x0000000022c8c000, 0x0000000022c8d000, 0x0000000021bca000, 0x0000000021bce000,
0x0000000022d06000, 0x0000000023eb2000, 0x0000000023e7d000, 0x0000000023fd7800,
0x0000000023ec5800, 0x0000000023e56000
}

Java Threads: ( => current thread )
  0x0000000000377800 JavaThread "main" [_thread_blocked, id=8012, stack(0x00000000020b0000,0x00000000021b0000)]
  0x0000000021bc2800 JavaThread "Reference Handler" daemon [_thread_blocked, id=4588, stack(0x0000000023160000,0x0000000023260000)]
  0x0000000021bc6800 JavaThread "Finalizer" daemon [_thread_blocked, id=9268, stack(0x00000000232c0000,0x00000000233c0000)]
  0x0000000022c8a000 JavaThread "Signal Dispatcher" daemon [_thread_blocked, id=8404, stack(0x0000000022df0000,0x0000000022ef0000)]
  0x0000000022c8c000 JavaThread "Attach Listener" daemon [_thread_blocked, id=6436, stack(0x0000000023550000,0x0000000023650000)]
  0x0000000022c8d000 JavaThread "C2 CompilerThread0" daemon [_thread_blocked, id=9356, stack(0x0000000023720000,0x0000000023820000)]
  0x0000000021bca000 JavaThread "C2 CompilerThread1" daemon [_thread_blocked, id=6244, stack(0x0000000023940000,0x0000000023a40000)]
  0x0000000021bce000 JavaThread "C1 CompilerThread2" daemon [_thread_blocked, id=2568, stack(0x0000000023ac0000,0x0000000023bc0000)]
  0x0000000022d06000 JavaThread "Sweeper thread" daemon [_thread_blocked, id=7856, stack(0x0000000023bc0000,0x0000000023cc0000)]
  0x0000000023eb2000 JavaThread "JDWP Transport Listener: dt_socket" daemon [_thread_blocked, id=5392, stack(0x0000000024130000,0x0000000024230000)]
  0x0000000023e7d000 JavaThread "JDWP Event Helper Thread" daemon [_thread_blocked, id=5160, stack(0x0000000024340000,0x0000000024440000)]
  0x0000000023fd7800 JavaThread "JDWP Command Reader" daemon [_thread_in_native, id=5340, stack(0x0000000024550000,0x0000000024650000)]
  0x0000000023ec5800 JavaThread "Common-Cleaner" daemon [_thread_blocked, id=1356, stack(0x00000000247a0000,0x00000000248a0000)]
  0x0000000023e56000 JavaThread "Service Thread" daemon [_thread_blocked, id=9048, stack(0x00000000248d0000,0x00000000249d0000)]

Other Threads:
=>0x0000000021bc0000 VMThread "VM Thread" [stack: 0x0000000022f80000,0x0000000023080000] [id=9848]
  0x0000000023e59000 WatcherThread [stack: 0x0000000024a40000,0x0000000024b40000] [id=7600]
  0x00000000003a0800 GCTaskThread "GC Thread#0" [stack: 0x000000001c7c0000,0x000000001c8c0000] [id=3696]
  0x00000000003a1800 GCTaskThread "GC Thread#1" [stack: 0x000000001ca80000,0x000000001cb80000] [id=7568]
  0x00000000003a4000 GCTaskThread "GC Thread#2" [stack: 0x000000001cc50000,0x000000001cd50000] [id=9912]
  0x00000000003aa000 GCTaskThread "GC Thread#3" [stack: 0x000000001cda0000,0x000000001cea0000] [id=6072]
  0x00000000003de000 ConcurrentGCThread "G1 Main Marker" [stack: 0x000000001f4d0000,0x000000001f5d0000] [id=4956]
  0x00000000003df800 ConcurrentGCThread "G1 Conc#0" [stack: 0x000000001f6a0000,0x000000001f7a0000] [id=3492]
  0x00000000003ff800 ConcurrentGCThread "G1 Refine#0" [stack: 0x0000000021da0000,0x0000000021ea0000] [id=7748]
  0x0000000021ae8800 ConcurrentGCThread "G1 Refine#1" [stack: 0x0000000021f00000,0x0000000022000000] [id=7272]
  0x0000000021aec000 ConcurrentGCThread "G1 Refine#2" [stack: 0x0000000021c30000,0x0000000021d30000] [id=9352]
  0x0000000021aed800 ConcurrentGCThread "G1 Refine#3" [stack: 0x00000000220d0000,0x00000000221d0000] [id=6816]
  0x0000000021aee800 ConcurrentGCThread "G1 Young RemSet Sampling" [stack: 0x00000000222b0000,0x00000000223b0000] [id=4436]

Threads with active compile tasks:

VM state:at safepoint (normal execution)

VM Mutex/Monitor currently owned by a thread:  ([mutex/lock_event])
[0x0000000000373ca0] Threads_lock - owner thread: 0x0000000021bc0000

Heap address: 0x00000000c8600000, size: 890 MB, Compressed Oops mode: 32-bit
Narrow klass base: 0x0000000000000000, Narrow klass shift: 0
Compressed class space size: 1073741824 Address: 0x000000007fff0000

Heap:
 garbage-first heap   total 57344K, used 3072K [0x00000000c8600000, 0x0000000100000000)
  region size 1024K, 4 young (4096K), 0 survivors (0K)
 Metaspace       used 6210K, capacity 6360K, committed 6528K, reserved 1056768K
  class space    used 507K, capacity 544K, committed 640K, reserved 1048576K
Heap Regions: E=young(eden), S=young(survivor), O=old, HS=humongous(starts), HC=humongous(continues), CS=collection set, F=free, A=archive, TS=gc time stamp, AC=allocation context, TAMS=top-at-mark-start (previous, next)
|   0|0x00000000c8600000, 0x00000000c8600000, 0x00000000c8700000|  0%| F|  |TS  0|AC  0|TAMS 0x00000000c8600000, 0x00000000c8600000|
|   1|0x00000000c8700000, 0x00000000c8700000, 0x00000000c8800000|  0%| F|  |TS  0|AC  0|TAMS 0x00000000c8700000, 0x00000000c8700000|
|   2|0x00000000c8800000, 0x00000000c8800000, 0x00000000c8900000|  0%| F|  |TS  0|AC  0|TAMS 0x00000000c8800000, 0x00000000c8800000|
|   3|0x00000000c8900000, 0x00000000c8900000, 0x00000000c8a00000|  0%| F|  |TS  0|AC  0|TAMS 0x00000000c8900000, 0x00000000c8900000|
|   4|0x00000000c8a00000, 0x00000000c8a00000, 0x00000000c8b00000|  0%| F|  |TS  0|AC  0|TAMS 0x00000000c8a00000, 0x00000000c8a00000|
|   5|0x00000000c8b00000, 0x00000000c8b00000, 0x00000000c8c00000|  0%| F|  |TS  0|AC  0|TAMS 0x00000000c8b00000, 0x00000000c8b00000|
|   6|0x00000000c8c00000, 0x00000000c8c00000, 0x00000000c8d00000|  0%| F|  |TS  0|AC  0|TAMS 0x00000000c8c00000, 0x00000000c8c00000|
|   7|0x00000000c8d00000, 0x00000000c8d00000, 0x00000000c8e00000|  0%| F|  |TS  0|AC  0|TAMS 0x00000000c8d00000, 0x00000000c8d00000|
|   8|0x00000000c8e00000, 0x00000000c8e00000, 0x00000000c8f00000|  0%| F|  |TS  0|AC  0|TAMS 0x00000000c8e00000, 0x00000000c8e00000|
|   9|0x00000000c8f00000, 0x00000000c8f00000, 0x00000000c9000000|  0%| F|  |TS  0|AC  0|TAMS 0x00000000c8f00000, 0x00000000c8f00000|
|  10|0x00000000c9000000, 0x00000000c9000000, 0x00000000c9100000|  0%| F|  |TS  0|AC  0|TAMS 0x00000000c9000000, 0x00000000c9000000|
|  11|0x00000000c9100000, 0x00000000c9100000, 0x00000000c9200000|  0%| F|  |TS  0|AC  0|TAMS 0x00000000c9100000, 0x00000000c9100000|
|  12|0x00000000c9200000, 0x00000000c9200000, 0x00000000c9300000|  0%| F|  |TS  0|AC  0|TAMS 0x00000000c9200000, 0x00000000c9200000|
|  13|0x00000000c9300000, 0x00000000c9300000, 0x00000000c9400000|  0%| F|  |TS  0|AC  0|TAMS 0x00000000c9300000, 0x00000000c9300000|
|  14|0x00000000c9400000, 0x00000000c9400000, 0x00000000c9500000|  0%| F|  |TS  0|AC  0|TAMS 0x00000000c9400000, 0x00000000c9400000|
|  15|0x00000000c9500000, 0x00000000c9500000, 0x00000000c9600000|  0%| F|  |TS  0|AC  0|TAMS 0x00000000c9500000, 0x00000000c9500000|
|  16|0x00000000c9600000, 0x00000000c9600000, 0x00000000c9700000|  0%| F|  |TS  0|AC  0|TAMS 0x00000000c9600000, 0x00000000c9600000|
|  17|0x00000000c9700000, 0x00000000c9700000, 0x00000000c9800000|  0%| F|  |TS  0|AC  0|TAMS 0x00000000c9700000, 0x00000000c9700000|
|  18|0x00000000c9800000, 0x00000000c9800000, 0x00000000c9900000|  0%| F|  |TS  0|AC  0|TAMS 0x00000000c9800000, 0x00000000c9800000|
|  19|0x00000000c9900000, 0x00000000c9900000, 0x00000000c9a00000|  0%| F|  |TS  0|AC  0|TAMS 0x00000000c9900000, 0x00000000c9900000|
|  20|0x00000000c9a00000, 0x00000000c9a00000, 0x00000000c9b00000|  0%| F|  |TS  0|AC  0|TAMS 0x00000000c9a00000, 0x00000000c9a00000|
|  21|0x00000000c9b00000, 0x00000000c9b00000, 0x00000000c9c00000|  0%| F|  |TS  0|AC  0|TAMS 0x00000000c9b00000, 0x00000000c9b00000|
|  22|0x00000000c9c00000, 0x00000000c9c00000, 0x00000000c9d00000|  0%| F|  |TS  0|AC  0|TAMS 0x00000000c9c00000, 0x00000000c9c00000|
|  23|0x00000000c9d00000, 0x00000000c9d00000, 0x00000000c9e00000|  0%| F|  |TS  0|AC  0|TAMS 0x00000000c9d00000, 0x00000000c9d00000|
|  24|0x00000000c9e00000, 0x00000000c9e00000, 0x00000000c9f00000|  0%| F|  |TS  0|AC  0|TAMS 0x00000000c9e00000, 0x00000000c9e00000|
|  25|0x00000000c9f00000, 0x00000000c9f00000, 0x00000000ca000000|  0%| F|  |TS  0|AC  0|TAMS 0x00000000c9f00000, 0x00000000c9f00000|
|  26|0x00000000ca000000, 0x00000000ca000000, 0x00000000ca100000|  0%| F|  |TS  0|AC  0|TAMS 0x00000000ca000000, 0x00000000ca000000|
|  27|0x00000000ca100000, 0x00000000ca100000, 0x00000000ca200000|  0%| F|  |TS  0|AC  0|TAMS 0x00000000ca100000, 0x00000000ca100000|
|  28|0x00000000ca200000, 0x00000000ca200000, 0x00000000ca300000|  0%| F|  |TS  0|AC  0|TAMS 0x00000000ca200000, 0x00000000ca200000|
|  29|0x00000000ca300000, 0x00000000ca300000, 0x00000000ca400000|  0%| F|  |TS  0|AC  0|TAMS 0x00000000ca300000, 0x00000000ca300000|
|  30|0x00000000ca400000, 0x00000000ca400000, 0x00000000ca500000|  0%| F|  |TS  0|AC  0|TAMS 0x00000000ca400000, 0x00000000ca400000|
|  31|0x00000000ca500000, 0x00000000ca500000, 0x00000000ca600000|  0%| F|  |TS  0|AC  0|TAMS 0x00000000ca500000, 0x00000000ca500000|
|  32|0x00000000ca600000, 0x00000000ca600000, 0x00000000ca700000|  0%| F|  |TS  0|AC  0|TAMS 0x00000000ca600000, 0x00000000ca600000|
|  33|0x00000000ca700000, 0x00000000ca700000, 0x00000000ca800000|  0%| F|  |TS  0|AC  0|TAMS 0x00000000ca700000, 0x00000000ca700000|
|  34|0x00000000ca800000, 0x00000000ca800000, 0x00000000ca900000|  0%| F|  |TS  0|AC  0|TAMS 0x00000000ca800000, 0x00000000ca800000|
|  35|0x00000000ca900000, 0x00000000ca900000, 0x00000000caa00000|  0%| F|  |TS  0|AC  0|TAMS 0x00000000ca900000, 0x00000000ca900000|
|  36|0x00000000caa00000, 0x00000000caa00000, 0x00000000cab00000|  0%| F|  |TS  0|AC  0|TAMS 0x00000000caa00000, 0x00000000caa00000|
|  37|0x00000000cab00000, 0x00000000cab00000, 0x00000000cac00000|  0%| F|  |TS  0|AC  0|TAMS 0x00000000cab00000, 0x00000000cab00000|
|  38|0x00000000cac00000, 0x00000000cac00000, 0x00000000cad00000|  0%| F|  |TS  0|AC  0|TAMS 0x00000000cac00000, 0x00000000cac00000|
|  39|0x00000000cad00000, 0x00000000cad00000, 0x00000000cae00000|  0%| F|  |TS  0|AC  0|TAMS 0x00000000cad00000, 0x00000000cad00000|
|  40|0x00000000cae00000, 0x00000000cae00000, 0x00000000caf00000|  0%| F|  |TS  0|AC  0|TAMS 0x00000000cae00000, 0x00000000cae00000|
|  41|0x00000000caf00000, 0x00000000caf00000, 0x00000000cb000000|  0%| F|  |TS  0|AC  0|TAMS 0x00000000caf00000, 0x00000000caf00000|
|  42|0x00000000cb000000, 0x00000000cb000000, 0x00000000cb100000|  0%| F|  |TS  0|AC  0|TAMS 0x00000000cb000000, 0x00000000cb000000|
|  43|0x00000000cb100000, 0x00000000cb100000, 0x00000000cb200000|  0%| F|  |TS  0|AC  0|TAMS 0x00000000cb100000, 0x00000000cb100000|
|  44|0x00000000cb200000, 0x00000000cb200000, 0x00000000cb300000|  0%| F|  |TS  0|AC  0|TAMS 0x00000000cb200000, 0x00000000cb200000|
|  45|0x00000000cb300000, 0x00000000cb300000, 0x00000000cb400000|  0%| F|  |TS  0|AC  0|TAMS 0x00000000cb300000, 0x00000000cb300000|
|  46|0x00000000cb400000, 0x00000000cb400000, 0x00000000cb500000|  0%| F|  |TS  0|AC  0|TAMS 0x00000000cb400000, 0x00000000cb400000|
|  47|0x00000000cb500000, 0x00000000cb500000, 0x00000000cb600000|  0%| F|  |TS  0|AC  0|TAMS 0x00000000cb500000, 0x00000000cb500000|
|  48|0x00000000cb600000, 0x00000000cb600000, 0x00000000cb700000|  0%| F|  |TS  0|AC  0|TAMS 0x00000000cb600000, 0x00000000cb600000|
|  49|0x00000000cb700000, 0x00000000cb700000, 0x00000000cb800000|  0%| F|  |TS  0|AC  0|TAMS 0x00000000cb700000, 0x00000000cb700000|
|  50|0x00000000cb800000, 0x00000000cb800000, 0x00000000cb900000|  0%| F|  |TS  0|AC  0|TAMS 0x00000000cb800000, 0x00000000cb800000|
|  51|0x00000000cb900000, 0x00000000cb900000, 0x00000000cba00000|  0%| F|  |TS  0|AC  0|TAMS 0x00000000cb900000, 0x00000000cb900000|
|  52|0x00000000cba00000, 0x00000000cbb00000, 0x00000000cbb00000|100%| E|  |TS  0|AC  0|TAMS 0x00000000cba00000, 0x00000000cba00000|
|  53|0x00000000cbb00000, 0x00000000cbc00000, 0x00000000cbc00000|100%| E|CS|TS  0|AC  0|TAMS 0x00000000cbb00000, 0x00000000cbb00000|
|  54|0x00000000cbc00000, 0x00000000cbd00000, 0x00000000cbd00000|100%| E|CS|TS  0|AC  0|TAMS 0x00000000cbc00000, 0x00000000cbc00000|
|  55|0x00000000cbd00000, 0x00000000cbe00000, 0x00000000cbe00000|100%| E|CS|TS  0|AC  0|TAMS 0x00000000cbd00000, 0x00000000cbd00000|

Card table byte_map: [0x000000001d390000,0x000000001d550000] byte_map_base: 0x000000001cd4d000

Marking Bits (Prev, Next): (CMBitMap*) 0x00000000003dd990, (CMBitMap*) 0x00000000003dd9c8
 Prev Bits: [0x000000001d710000, 0x000000001e4f8000)
 Next Bits: [0x000000001e500000, 0x000000001f2e8000)

Polling page: 0x0000000000100000

CodeHeap 'non-profiled nmethods': size=120064Kb used=108Kb max_used=108Kb free=119955Kb
 bounds [0x0000000015100000, 0x0000000015370000, 0x000000001c640000]
CodeHeap 'profiled nmethods': size=120000Kb used=327Kb max_used=327Kb free=119672Kb
 bounds [0x000000000dbd0000, 0x000000000de40000, 0x0000000015100000]
CodeHeap 'non-nmethods': size=5696Kb used=1097Kb max_used=1106Kb free=4598Kb
 bounds [0x000000000d640000, 0x000000000d8b0000, 0x000000000dbd0000]
 total_blobs=716 nmethods=301 adapters=254
 compilation: enabled

Compilation events (10 events):
Event: 0.820 Thread 0x0000000021bce000  294       3       jdk.internal.org.objectweb.asm.ByteVector::putShort (52 bytes)
Event: 0.820 Thread 0x0000000021bce000 nmethod 294 0x000000000dc1fc90 code [0x000000000dc1fe60, 0x000000000dc200c8]
Event: 0.820 Thread 0x0000000021bce000  287       3       java.lang.Number::<init> (5 bytes)
Event: 0.820 Thread 0x0000000021bce000 nmethod 287 0x000000000dc20210 code [0x000000000dc203c0, 0x000000000dc20570]
Event: 0.820 Thread 0x0000000021bce000  290       3       sun.invoke.util.Wrapper::hashPrim (30 bytes)
Event: 0.822 Thread 0x0000000021bce000 nmethod 290 0x000000000dc20610 code [0x000000000dc208c0, 0x000000000dc21588]
Event: 0.822 Thread 0x0000000021bce000  301       1       java.nio.Buffer::limit (5 bytes)
Event: 0.822 Thread 0x0000000021bce000 nmethod 301 0x000000001511b010 code [0x000000001511b1c0, 0x000000001511b2d0]
Event: 0.822 Thread 0x0000000021bce000  288       3       java.lang.Byte::<init> (10 bytes)
Event: 0.823 Thread 0x0000000021bce000 nmethod 288 0x000000000dc21a90 code [0x000000000dc21c40, 0x000000000dc21e50]

GC Heap History (0 events):
No events

Deoptimization events (1 events):
Event: 0.524 Thread 0x0000000000377800 Uncommon trap: reason=unstable_if action=reinterpret pc=0x0000000015105818 method=java.lang.String.hashCode()I @ 14 c2

Classes redefined (10 events):
Event: 1106.100 Thread 0x0000000021bc0000 redefined class name=Solution, count=4
Event: 1433.653 Thread 0x0000000021bc0000 redefined class name=Solution, count=5
Event: 1610.967 Thread 0x0000000021bc0000 redefined class name=Solution, count=6
Event: 1641.574 Thread 0x0000000021bc0000 redefined class name=Solution, count=7
Event: 1664.740 Thread 0x0000000021bc0000 redefined class name=Solution, count=8
Event: 2087.155 Thread 0x0000000021bc0000 redefined class name=Solution, count=9
Event: 2259.379 Thread 0x0000000021bc0000 redefined class name=Solution, count=10
Event: 2451.664 Thread 0x0000000021bc0000 redefined class name=Solution, count=11
Event: 2550.318 Thread 0x0000000021bc0000 redefined class name=Solution, count=12
Event: 2712.633 Thread 0x0000000021bc0000 redefined class name=Solution, count=13

Internal exceptions (0 events):
No events

Events (10 events):
Event: 2712.679 Executing VM operation: GetFrameLocation done
Event: 2712.681 Executing VM operation: GetOrSetLocal
Event: 2712.681 Executing VM operation: GetOrSetLocal done
Event: 2712.737 Executing VM operation: GetFrameCount
Event: 2712.737 Executing VM operation: GetFrameCount done
Event: 2712.737 Executing VM operation: GetFrameLocation
Event: 2712.737 Executing VM operation: GetFrameLocation done
Event: 2774.676 Executing VM operation: ChangeBreakpoints
Event: 2774.677 Executing VM operation: ChangeBreakpoints done
Event: 2774.986 Executing VM operation: ChangeBreakpoints


Dynamic libraries:
0x000000013f810000 - 0x000000013f84e000 	C:\Program Files\Java\jdk-10\bin\java.exe
0x0000000076eb0000 - 0x000000007705a000 	C:\Windows\SYSTEM32\ntdll.dll
0x0000000076d90000 - 0x0000000076eaf000 	C:\Windows\system32\kernel32.dll
0x000007fefcef0000 - 0x000007fefcf5a000 	C:\Windows\system32\KERNELBASE.dll
0x000007fefdcc0000 - 0x000007fefdd9b000 	C:\Windows\system32\ADVAPI32.dll
0x000007fefee60000 - 0x000007fefeeff000 	C:\Windows\system32\msvcrt.dll
0x000007feff120000 - 0x000007feff13f000 	C:\Windows\SYSTEM32\sechost.dll
0x000007fefd170000 - 0x000007fefd29d000 	C:\Windows\system32\RPCRT4.dll
0x0000000076c90000 - 0x0000000076d8a000 	C:\Windows\system32\USER32.dll
0x000007fefd470000 - 0x000007fefd4d7000 	C:\Windows\system32\GDI32.dll
0x000007feff100000 - 0x000007feff10e000 	C:\Windows\system32\LPK.dll
0x000007fefd3a0000 - 0x000007fefd46b000 	C:\Windows\system32\USP10.dll
0x000007fefb670000 - 0x000007fefb864000 	C:\Windows\WinSxS\amd64_microsoft.windows.common-controls_6595b64144ccf1df_6.0.7601.18837_none_fa3b1e3d17594757\COMCTL32.dll
0x000007fefd2a0000 - 0x000007fefd311000 	C:\Windows\system32\SHLWAPI.dll
0x000007fefc490000 - 0x000007fefc49c000 	C:\Windows\system32\VERSION.dll
0x000007fefcf60000 - 0x000007fefcf8e000 	C:\Windows\system32\IMM32.DLL
0x000007fefd930000 - 0x000007fefda39000 	C:\Windows\system32\MSCTF.dll
0x000007fef1a90000 - 0x000007fef1b7f000 	C:\Program Files\Java\jdk-10\bin\msvcr120.dll
0x000007fef3530000 - 0x000007fef35d6000 	C:\Program Files\Java\jdk-10\bin\msvcp120.dll
0x0000000057350000 - 0x0000000057dbf000 	C:\Program Files\Java\jdk-10\bin\server\jvm.dll
0x000007fefc3c0000 - 0x000007fefc3c9000 	C:\Windows\system32\WSOCK32.dll
0x000007fefdc70000 - 0x000007fefdcbd000 	C:\Windows\system32\WS2_32.dll
0x000007feff110000 - 0x000007feff118000 	C:\Windows\system32\NSI.dll
0x000007fef8b10000 - 0x000007fef8b4b000 	C:\Windows\system32\WINMM.dll
0x0000000077080000 - 0x0000000077087000 	C:\Windows\system32\PSAPI.DLL
0x000007fef7a70000 - 0x000007fef7a7f000 	C:\Program Files\Java\jdk-10\bin\verify.dll
0x000007fef1bb0000 - 0x000007fef1cd5000 	C:\Windows\system32\DBGHELP.DLL
0x000007fef3700000 - 0x000007fef3727000 	C:\Program Files\Java\jdk-10\bin\java.dll
0x000007fef34b0000 - 0x000007fef34e6000 	C:\Program Files\Java\jdk-10\bin\jdwp.dll
0x000007fef25a0000 - 0x000007fef25ca000 	C:\Program Files\Java\jdk-10\bin\instrument.dll
0x000007fef7a30000 - 0x000007fef7a46000 	C:\Program Files\Java\jdk-10\bin\zip.dll
0x000007fefc410000 - 0x000007fefc41a000 	C:\Program Files\Java\jdk-10\bin\jimage.dll
0x000007fefe0d0000 - 0x000007fefee5b000 	C:\Windows\system32\SHELL32.dll
0x000007fefef00000 - 0x000007feff0fc000 	C:\Windows\system32\ole32.dll
0x000007fefcba0000 - 0x000007fefcbaf000 	C:\Windows\system32\profapi.dll
0x000007fef7a20000 - 0x000007fef7a2a000 	C:\Program Files\Java\jdk-10\bin\dt_socket.dll
0x000007fefc040000 - 0x000007fefc095000 	C:\Windows\system32\mswsock.dll
0x000007fefc4a0000 - 0x000007fefc4a7000 	C:\Windows\System32\wshtcpip.dll
0x000007fef5de0000 - 0x000007fef5dfa000 	C:\Program Files\Java\jdk-10\bin\net.dll
0x000007fef9920000 - 0x000007fef9991000 	C:\Windows\system32\WINHTTP.dll
0x000007fef83e0000 - 0x000007fef8444000 	C:\Windows\system32\webio.dll
0x000007fefc030000 - 0x000007fefc037000 	C:\Windows\System32\wship6.dll
0x000007fef3510000 - 0x000007fef3521000 	C:\Program Files\Java\jdk-10\bin\nio.dll

dbghelp: loaded successfully - version: 4.0.5 - missing functions: none
symbol engine: initialized successfully - sym options: 0x614 - pdb path: .;C:\Program Files\Java\jdk-10\bin;C:\Windows\SYSTEM32;C:\Windows\WinSxS\amd64_microsoft.windows.common-controls_6595b64144ccf1df_6.0.7601.18837_none_fa3b1e3d17594757;C:\Program Files\Java\jdk-10\bin\server

VM Arguments:
jvm_args: -agentlib:jdwp=transport=dt_socket,address=127.0.0.1:62810,suspend=y,server=n -javaagent:C:\Users\Administrator\AppData\Local\Temp\capture16666jars\debugger-agent.jar=file:/C:/Users/Administrator/AppData/Local/Temp/capture1.props -Dfile.encoding=UTF-8 
java_command: Solution
java_class_path (initial): D:\LCsolution\240. Search a 2D Matrix II\out\production\240. Search a 2D Matrix II;D:\Program Files\JetBrains\IntelliJ IDEA Community Edition 2018.1.1\lib\idea_rt.jar
Launcher Type: SUN_STANDARD

Logging:
Log output configuration:
#0: stdout all=warning uptime,level,tags
#1: stderr all=off uptime,level,tags

Environment Variables:
JAVA_HOME=C:\Program Files\Java\jdk-10
PATH=C:\ProgramData\Oracle\Java\javapath;C:\Windows\system32;C:\Windows;C:\Windows\System32\Wbem;C:\Windows\System32\WindowsPowerShell\v1.0\;C:\Program Files\Java\jdk-10\bin;G:\0 code\Python\Scripts\;G:\0 code\Python\;C:\Users\Administrator\AppData\Local\GitHubDesktop\bin
USERNAME=Administrator
OS=Windows_NT
PROCESSOR_IDENTIFIER=AMD64 Family 18 Model 1 Stepping 0, AuthenticAMD



---------------  S Y S T E M  ---------------

OS: Windows 7 , 64 bit Build 7601 (6.1.7601.23864)

CPU:total 4 (initial active 4) (4 cores per cpu, 1 threads per core) family 18 model 1 stepping 0, cmov, cx8, fxsr, mmx, sse, sse2, sse3, popcnt, mmxext, 3dnowpref, lzcnt, sse4a, tsc, tscinvbit, tscinv

Memory: 4k page, physical 3643504k(183044k free), swap 12782904k(7137772k free)

vm_info: Java HotSpot(TM) 64-Bit Server VM (10+46) for windows-amd64 JRE (10+46), built on Mar  8 2018 02:11:18 by "mach5one" with MS VC++ 12.0 (VS2013)

END.
