#
# A fatal error has been detected by the Java Runtime Environment:
#
#  EXCEPTION_ACCESS_VIOLATION (0xc0000005) at pc=0x000000005758344b, pid=5036, tid=8924
#
# JRE version: Java(TM) SE Runtime Environment (10.0+46) (build 10+46)
# Java VM: Java HotSpot(TM) 64-Bit Server VM (10+46, mixed mode, tiered, compressed oops, g1 gc, windows-amd64)
# Problematic frame:
# V  [jvm.dll+0x23344b]
#
# No core dump will be written. Minidumps are not enabled by default on client versions of Windows
#
# If you would like to submit a bug report, please visit:
#   http://bugreport.java.com/bugreport/crash.jsp
#

---------------  S U M M A R Y ------------

Command Line: -agentlib:jdwp=transport=dt_socket,address=127.0.0.1:63053,suspend=y,server=n -javaagent:C:\Users\Administrator\AppData\Local\Temp\capture13170jars\debugger-agent.jar=file:/C:/Users/Administrator/AppData/Local/Temp/capture1.props -Dfile.encoding=UTF-8 Solution

Host: AMD A6-3400M APU with Radeon(tm) HD Graphics, 4 cores, 3G,  Windows 7 , 64 bit Build 7601 (6.1.7601.23864)
Time: Tue Jun 19 20:21:37 2018 ?D1¨²¡À¨º¡Á?¨º¡À?? elapsed time: 7879 seconds (0d 2h 11m 19s)

---------------  T H R E A D  ---------------

Current thread (0x0000000021a3d800):  VMThread "VM Thread" [stack: 0x0000000022ce0000,0x0000000022de0000] [id=8924]

Stack: [0x0000000022ce0000,0x0000000022de0000],  sp=0x0000000022ddf410,  free space=1021k
Native frames: (J=compiled Java code, j=interpreted, Vv=VM code, C=native code)
V  [jvm.dll+0x23344b]
V  [jvm.dll+0x478031]
V  [jvm.dll+0x1c340b]
V  [jvm.dll+0x47aba4]
V  [jvm.dll+0x4783cb]
V  [jvm.dll+0x6c42dc]
V  [jvm.dll+0x6c2a45]
V  [jvm.dll+0x6c3250]
V  [jvm.dll+0x6c358c]
V  [jvm.dll+0x59ef10]
C  [msvcr120.dll+0x24f7f]
C  [msvcr120.dll+0x25126]
C  [kernel32.dll+0x159cd]
C  [ntdll.dll+0x2a561]


siginfo: EXCEPTION_ACCESS_VIOLATION (0xc0000005), reading address 0xffffffffffffffff


Register to memory mapping:

RIP=0x000000005758344b jvm.dll
RAX=0x00b20000222e0600 is an unknown value
RBX=0x0000000022773c18 is pointing into metadata
RCX=0x00b20000222e0600 is an unknown value
RDX=0x000000008005baa0 is pointing into metadata
RSP=0x0000000022ddf410 is an unknown value
RBP=0x000000008005baa0 is pointing into metadata
RSI=0x0000000000000000 is an unknown value
RDI=0x0000000000224270 is an unknown value
R8 =0x0000000022ddf518 is an unknown value
R9 =0x0000000000224270 is an unknown value
R10=0x0000000022773170 is pointing into metadata
R11=0x000000008005baa0 is pointing into metadata
R12=0x0000000000000000 is an unknown value
R13=0x0000000021a3d800 is an unknown value
R14=0x0000000022773bf0 is pointing into metadata
R15=0x0000000022ddf518 is an unknown value


Registers:
RAX=0x00b20000222e0600, RBX=0x0000000022773c18, RCX=0x00b20000222e0600, RDX=0x000000008005baa0
RSP=0x0000000022ddf410, RBP=0x000000008005baa0, RSI=0x0000000000000000, RDI=0x0000000000224270
R8 =0x0000000022ddf518, R9 =0x0000000000224270, R10=0x0000000022773170, R11=0x000000008005baa0
R12=0x0000000000000000, R13=0x0000000021a3d800, R14=0x0000000022773bf0, R15=0x0000000022ddf518
RIP=0x000000005758344b, EFLAGS=0x0000000000010206

Top of Stack: (sp=0x0000000022ddf410)
0x0000000022ddf410:   0000000000000007 0000000023b348f0
0x0000000022ddf420:   0000000000000006 0000000057687e75
0x0000000022ddf430:   000000002362f680 0000000022ddf578
0x0000000022ddf440:   0000000023b3b508 0000000022773170
0x0000000022ddf450:   000000008005baa0 00000000577c8031
0x0000000022ddf460:   0000000022773c18 000000008005bc98
0x0000000022ddf470:   0000000000224270 0000000023b3b508
0x0000000022ddf480:   0000000022773170 0000000021a3d800
0x0000000022ddf490:   0000000023b3b508 0000000022773170
0x0000000022ddf4a0:   0000000021a3d800 0000000021a3d800
0x0000000022ddf4b0:   000000002196dfc0 000000000021e360
0x0000000022ddf4c0:   000000000021e370 000000000021e448
0x0000000022ddf4d0:   00000000000000d8 0000000022ddf5b0
0x0000000022ddf4e0:   000000002362f680 0000000080072988
0x0000000022ddf4f0:   0000000080072988 0000000000000000
0x0000000022ddf500:   000000008005bc98 000000005751340b 

Instructions: (pc=0x000000005758344b)
0x000000005758342b:   e8 14 a8 01 74 06 48 8b 7b 08 eb 2c 48 8b 03 48
0x000000005758343b:   89 5c 24 50 48 85 c0 0f 84 9b 00 00 00 48 8b 0b
0x000000005758344b:   48 8b 01 ff 50 10 84 c0 75 06 48 8b 7b 08 eb 08
0x000000005758345b:   48 8b 3b 48 89 5c 24 68 48 85 ff 0f 84 77 00 00 


VM_Operation (0x000000002362f680): RedefineClasses, mode: safepoint, requested by thread 0x0000000023bd3800, redefining class Solution



---------------  P R O C E S S  ---------------

Threads class SMR info:
_java_thread_list=0x0000000023ab9a60, length=14, elements={
0x0000000000247800, 0x0000000021a40800, 0x0000000021a44800, 0x0000000022bb2000,
0x0000000022bb4000, 0x0000000022bb4800, 0x0000000022bb9800, 0x0000000022bba800,
0x0000000022bbd000, 0x0000000023bd3800, 0x0000000023c8c800, 0x0000000023c8d800,
0x0000000023c7d800, 0x0000000023ab7800
}

Java Threads: ( => current thread )
  0x0000000000247800 JavaThread "main" [_thread_blocked, id=8900, stack(0x0000000001ed0000,0x0000000001fd0000)]
  0x0000000021a40800 JavaThread "Reference Handler" daemon [_thread_blocked, id=3076, stack(0x0000000022e50000,0x0000000022f50000)]
  0x0000000021a44800 JavaThread "Finalizer" daemon [_thread_blocked, id=6876, stack(0x0000000023090000,0x0000000023190000)]
  0x0000000022bb2000 JavaThread "Signal Dispatcher" daemon [_thread_blocked, id=6796, stack(0x0000000023280000,0x0000000023380000)]
  0x0000000022bb4000 JavaThread "Attach Listener" daemon [_thread_blocked, id=4772, stack(0x0000000022f90000,0x0000000023090000)]
  0x0000000022bb4800 JavaThread "C2 CompilerThread0" daemon [_thread_blocked, id=8232, stack(0x0000000023410000,0x0000000023510000)]
  0x0000000022bb9800 JavaThread "C2 CompilerThread1" daemon [_thread_blocked, id=2552, stack(0x0000000021ef0000,0x0000000021ff0000)]
  0x0000000022bba800 JavaThread "C1 CompilerThread2" daemon [_thread_blocked, id=6772, stack(0x0000000023630000,0x0000000023730000)]
  0x0000000022bbd000 JavaThread "Sweeper thread" daemon [_thread_blocked, id=3428, stack(0x0000000023830000,0x0000000023930000)]
  0x0000000023bd3800 JavaThread "JDWP Transport Listener: dt_socket" daemon [_thread_blocked, id=9720, stack(0x0000000023530000,0x0000000023630000)]
  0x0000000023c8c800 JavaThread "JDWP Event Helper Thread" daemon [_thread_blocked, id=8736, stack(0x0000000024000000,0x0000000024100000)]
  0x0000000023c8d800 JavaThread "JDWP Command Reader" daemon [_thread_in_native, id=4716, stack(0x0000000024920000,0x0000000024a20000)]
  0x0000000023c7d800 JavaThread "Common-Cleaner" daemon [_thread_blocked, id=8748, stack(0x0000000024b70000,0x0000000024c70000)]
  0x0000000023ab7800 JavaThread "Service Thread" daemon [_thread_blocked, id=8608, stack(0x0000000024d80000,0x0000000024e80000)]

Other Threads:
=>0x0000000021a3d800 VMThread "VM Thread" [stack: 0x0000000022ce0000,0x0000000022de0000] [id=8924]
  0x0000000023abb800 WatcherThread [stack: 0x0000000023d50000,0x0000000023e50000] [id=5868]
  0x0000000000270800 GCTaskThread "GC Thread#0" [stack: 0x000000001c970000,0x000000001ca70000] [id=8164]
  0x0000000000271800 GCTaskThread "GC Thread#1" [stack: 0x00000000023b0000,0x00000000024b0000] [id=4476]
  0x0000000000273000 GCTaskThread "GC Thread#2" [stack: 0x000000001cc30000,0x000000001cd30000] [id=8972]
  0x0000000000279000 GCTaskThread "GC Thread#3" [stack: 0x000000001cb00000,0x000000001cc00000] [id=3728]
  0x00000000002aa000 ConcurrentGCThread "G1 Main Marker" [stack: 0x000000001f410000,0x000000001f510000] [id=8256]
  0x00000000002ab000 ConcurrentGCThread "G1 Conc#0" [stack: 0x000000001f630000,0x000000001f730000] [id=8932]
  0x00000000002cf800 ConcurrentGCThread "G1 Refine#0" [stack: 0x0000000021c20000,0x0000000021d20000] [id=5256]
  0x0000000021966800 ConcurrentGCThread "G1 Refine#1" [stack: 0x0000000021d80000,0x0000000021e80000] [id=4660]
  0x0000000021969000 ConcurrentGCThread "G1 Refine#2" [stack: 0x0000000021b20000,0x0000000021c20000] [id=4796]
  0x000000002196b000 ConcurrentGCThread "G1 Refine#3" [stack: 0x0000000021ff0000,0x00000000220f0000] [id=6864]
  0x000000002196c000 ConcurrentGCThread "G1 Young RemSet Sampling" [stack: 0x00000000221e0000,0x00000000222e0000] [id=4756]

Threads with active compile tasks:

VM state:at safepoint (normal execution)

VM Mutex/Monitor currently owned by a thread:  ([mutex/lock_event])
[0x0000000000243ca0] Threads_lock - owner thread: 0x0000000021a3d800

Heap address: 0x00000000c8600000, size: 890 MB, Compressed Oops mode: 32-bit
Narrow klass base: 0x0000000000000000, Narrow klass shift: 0
Compressed class space size: 1073741824 Address: 0x000000007fff0000

Heap:
 garbage-first heap   total 57344K, used 3072K [0x00000000c8600000, 0x0000000100000000)
  region size 1024K, 4 young (4096K), 0 survivors (0K)
 Metaspace       used 6348K, capacity 6424K, committed 6528K, reserved 1056768K
  class space    used 512K, capacity 544K, committed 640K, reserved 1048576K
Heap Regions: E=young(eden), S=young(survivor), O=old, HS=humongous(starts), HC=humongous(continues), CS=collection set, F=free, A=archive, TS=gc time stamp, AC=allocation context, TAMS=top-at-mark-start (previous, next)
|   0|0x00000000c8600000, 0x00000000c8600000, 0x00000000c8700000|  0%| F|  |TS  0|AC  0|TAMS 0x00000000c8600000, 0x00000000c8600000|
|   1|0x00000000c8700000, 0x00000000c8700000, 0x00000000c8800000|  0%| F|  |TS  0|AC  0|TAMS 0x00000000c8700000, 0x00000000c8700000|
|   2|0x00000000c8800000, 0x00000000c8800000, 0x00000000c8900000|  0%| F|  |TS  0|AC  0|TAMS 0x00000000c8800000, 0x00000000c8800000|
|   3|0x00000000c8900000, 0x00000000c8900000, 0x00000000c8a00000|  0%| F|  |TS  0|AC  0|TAMS 0x00000000c8900000, 0x00000000c8900000|
|   4|0x00000000c8a00000, 0x00000000c8a00000, 0x00000000c8b00000|  0%| F|  |TS  0|AC  0|TAMS 0x00000000c8a00000, 0x00000000c8a00000|
|   5|0x00000000c8b00000, 0x00000000c8b00000, 0x00000000c8c00000|  0%| F|  |TS  0|AC  0|TAMS 0x00000000c8b00000, 0x00000000c8b00000|
|   6|0x00000000c8c00000, 0x00000000c8c00000, 0x00000000c8d00000|  0%| F|  |TS  0|AC  0|TAMS 0x00000000c8c00000, 0x00000000c8c00000|
|   7|0x00000000c8d00000, 0x00000000c8d00000, 0x00000000c8e00000|  0%| F|  |TS  0|AC  0|TAMS 0x00000000c8d00000, 0x00000000c8d00000|
|   8|0x00000000c8e00000, 0x00000000c8e00000, 0x00000000c8f00000|  0%| F|  |TS  0|AC  0|TAMS 0x00000000c8e00000, 0x00000000c8e00000|
|   9|0x00000000c8f00000, 0x00000000c8f00000, 0x00000000c9000000|  0%| F|  |TS  0|AC  0|TAMS 0x00000000c8f00000, 0x00000000c8f00000|
|  10|0x00000000c9000000, 0x00000000c9000000, 0x00000000c9100000|  0%| F|  |TS  0|AC  0|TAMS 0x00000000c9000000, 0x00000000c9000000|
|  11|0x00000000c9100000, 0x00000000c9100000, 0x00000000c9200000|  0%| F|  |TS  0|AC  0|TAMS 0x00000000c9100000, 0x00000000c9100000|
|  12|0x00000000c9200000, 0x00000000c9200000, 0x00000000c9300000|  0%| F|  |TS  0|AC  0|TAMS 0x00000000c9200000, 0x00000000c9200000|
|  13|0x00000000c9300000, 0x00000000c9300000, 0x00000000c9400000|  0%| F|  |TS  0|AC  0|TAMS 0x00000000c9300000, 0x00000000c9300000|
|  14|0x00000000c9400000, 0x00000000c9400000, 0x00000000c9500000|  0%| F|  |TS  0|AC  0|TAMS 0x00000000c9400000, 0x00000000c9400000|
|  15|0x00000000c9500000, 0x00000000c9500000, 0x00000000c9600000|  0%| F|  |TS  0|AC  0|TAMS 0x00000000c9500000, 0x00000000c9500000|
|  16|0x00000000c9600000, 0x00000000c9600000, 0x00000000c9700000|  0%| F|  |TS  0|AC  0|TAMS 0x00000000c9600000, 0x00000000c9600000|
|  17|0x00000000c9700000, 0x00000000c9700000, 0x00000000c9800000|  0%| F|  |TS  0|AC  0|TAMS 0x00000000c9700000, 0x00000000c9700000|
|  18|0x00000000c9800000, 0x00000000c9800000, 0x00000000c9900000|  0%| F|  |TS  0|AC  0|TAMS 0x00000000c9800000, 0x00000000c9800000|
|  19|0x00000000c9900000, 0x00000000c9900000, 0x00000000c9a00000|  0%| F|  |TS  0|AC  0|TAMS 0x00000000c9900000, 0x00000000c9900000|
|  20|0x00000000c9a00000, 0x00000000c9a00000, 0x00000000c9b00000|  0%| F|  |TS  0|AC  0|TAMS 0x00000000c9a00000, 0x00000000c9a00000|
|  21|0x00000000c9b00000, 0x00000000c9b00000, 0x00000000c9c00000|  0%| F|  |TS  0|AC  0|TAMS 0x00000000c9b00000, 0x00000000c9b00000|
|  22|0x00000000c9c00000, 0x00000000c9c00000, 0x00000000c9d00000|  0%| F|  |TS  0|AC  0|TAMS 0x00000000c9c00000, 0x00000000c9c00000|
|  23|0x00000000c9d00000, 0x00000000c9d00000, 0x00000000c9e00000|  0%| F|  |TS  0|AC  0|TAMS 0x00000000c9d00000, 0x00000000c9d00000|
|  24|0x00000000c9e00000, 0x00000000c9e00000, 0x00000000c9f00000|  0%| F|  |TS  0|AC  0|TAMS 0x00000000c9e00000, 0x00000000c9e00000|
|  25|0x00000000c9f00000, 0x00000000c9f00000, 0x00000000ca000000|  0%| F|  |TS  0|AC  0|TAMS 0x00000000c9f00000, 0x00000000c9f00000|
|  26|0x00000000ca000000, 0x00000000ca000000, 0x00000000ca100000|  0%| F|  |TS  0|AC  0|TAMS 0x00000000ca000000, 0x00000000ca000000|
|  27|0x00000000ca100000, 0x00000000ca100000, 0x00000000ca200000|  0%| F|  |TS  0|AC  0|TAMS 0x00000000ca100000, 0x00000000ca100000|
|  28|0x00000000ca200000, 0x00000000ca200000, 0x00000000ca300000|  0%| F|  |TS  0|AC  0|TAMS 0x00000000ca200000, 0x00000000ca200000|
|  29|0x00000000ca300000, 0x00000000ca300000, 0x00000000ca400000|  0%| F|  |TS  0|AC  0|TAMS 0x00000000ca300000, 0x00000000ca300000|
|  30|0x00000000ca400000, 0x00000000ca400000, 0x00000000ca500000|  0%| F|  |TS  0|AC  0|TAMS 0x00000000ca400000, 0x00000000ca400000|
|  31|0x00000000ca500000, 0x00000000ca500000, 0x00000000ca600000|  0%| F|  |TS  0|AC  0|TAMS 0x00000000ca500000, 0x00000000ca500000|
|  32|0x00000000ca600000, 0x00000000ca600000, 0x00000000ca700000|  0%| F|  |TS  0|AC  0|TAMS 0x00000000ca600000, 0x00000000ca600000|
|  33|0x00000000ca700000, 0x00000000ca700000, 0x00000000ca800000|  0%| F|  |TS  0|AC  0|TAMS 0x00000000ca700000, 0x00000000ca700000|
|  34|0x00000000ca800000, 0x00000000ca800000, 0x00000000ca900000|  0%| F|  |TS  0|AC  0|TAMS 0x00000000ca800000, 0x00000000ca800000|
|  35|0x00000000ca900000, 0x00000000ca900000, 0x00000000caa00000|  0%| F|  |TS  0|AC  0|TAMS 0x00000000ca900000, 0x00000000ca900000|
|  36|0x00000000caa00000, 0x00000000caa00000, 0x00000000cab00000|  0%| F|  |TS  0|AC  0|TAMS 0x00000000caa00000, 0x00000000caa00000|
|  37|0x00000000cab00000, 0x00000000cab00000, 0x00000000cac00000|  0%| F|  |TS  0|AC  0|TAMS 0x00000000cab00000, 0x00000000cab00000|
|  38|0x00000000cac00000, 0x00000000cac00000, 0x00000000cad00000|  0%| F|  |TS  0|AC  0|TAMS 0x00000000cac00000, 0x00000000cac00000|
|  39|0x00000000cad00000, 0x00000000cad00000, 0x00000000cae00000|  0%| F|  |TS  0|AC  0|TAMS 0x00000000cad00000, 0x00000000cad00000|
|  40|0x00000000cae00000, 0x00000000cae00000, 0x00000000caf00000|  0%| F|  |TS  0|AC  0|TAMS 0x00000000cae00000, 0x00000000cae00000|
|  41|0x00000000caf00000, 0x00000000caf00000, 0x00000000cb000000|  0%| F|  |TS  0|AC  0|TAMS 0x00000000caf00000, 0x00000000caf00000|
|  42|0x00000000cb000000, 0x00000000cb000000, 0x00000000cb100000|  0%| F|  |TS  0|AC  0|TAMS 0x00000000cb000000, 0x00000000cb000000|
|  43|0x00000000cb100000, 0x00000000cb100000, 0x00000000cb200000|  0%| F|  |TS  0|AC  0|TAMS 0x00000000cb100000, 0x00000000cb100000|
|  44|0x00000000cb200000, 0x00000000cb200000, 0x00000000cb300000|  0%| F|  |TS  0|AC  0|TAMS 0x00000000cb200000, 0x00000000cb200000|
|  45|0x00000000cb300000, 0x00000000cb300000, 0x00000000cb400000|  0%| F|  |TS  0|AC  0|TAMS 0x00000000cb300000, 0x00000000cb300000|
|  46|0x00000000cb400000, 0x00000000cb400000, 0x00000000cb500000|  0%| F|  |TS  0|AC  0|TAMS 0x00000000cb400000, 0x00000000cb400000|
|  47|0x00000000cb500000, 0x00000000cb500000, 0x00000000cb600000|  0%| F|  |TS  0|AC  0|TAMS 0x00000000cb500000, 0x00000000cb500000|
|  48|0x00000000cb600000, 0x00000000cb600000, 0x00000000cb700000|  0%| F|  |TS  0|AC  0|TAMS 0x00000000cb600000, 0x00000000cb600000|
|  49|0x00000000cb700000, 0x00000000cb700000, 0x00000000cb800000|  0%| F|  |TS  0|AC  0|TAMS 0x00000000cb700000, 0x00000000cb700000|
|  50|0x00000000cb800000, 0x00000000cb800000, 0x00000000cb900000|  0%| F|  |TS  0|AC  0|TAMS 0x00000000cb800000, 0x00000000cb800000|
|  51|0x00000000cb900000, 0x00000000cb900000, 0x00000000cba00000|  0%| F|  |TS  0|AC  0|TAMS 0x00000000cb900000, 0x00000000cb900000|
|  52|0x00000000cba00000, 0x00000000cba8fe10, 0x00000000cbb00000| 56%| E|  |TS  0|AC  0|TAMS 0x00000000cba00000, 0x00000000cba00000|
|  53|0x00000000cbb00000, 0x00000000cbc00000, 0x00000000cbc00000|100%| E|CS|TS  0|AC  0|TAMS 0x00000000cbb00000, 0x00000000cbb00000|
|  54|0x00000000cbc00000, 0x00000000cbd00000, 0x00000000cbd00000|100%| E|CS|TS  0|AC  0|TAMS 0x00000000cbc00000, 0x00000000cbc00000|
|  55|0x00000000cbd00000, 0x00000000cbe00000, 0x00000000cbe00000|100%| E|CS|TS  0|AC  0|TAMS 0x00000000cbd00000, 0x00000000cbd00000|

Card table byte_map: [0x000000001d330000,0x000000001d4f0000] byte_map_base: 0x000000001cced000

Marking Bits (Prev, Next): (CMBitMap*) 0x00000000002a9630, (CMBitMap*) 0x00000000002a9668
 Prev Bits: [0x000000001d6b0000, 0x000000001e498000)
 Next Bits: [0x000000001e4a0000, 0x000000001f288000)

Polling page: 0x0000000000180000

CodeHeap 'non-profiled nmethods': size=120064Kb used=119Kb max_used=119Kb free=119944Kb
 bounds [0x0000000015380000, 0x00000000155f0000, 0x000000001c8c0000]
CodeHeap 'profiled nmethods': size=120000Kb used=438Kb max_used=438Kb free=119561Kb
 bounds [0x000000000de50000, 0x000000000e0c0000, 0x0000000015380000]
CodeHeap 'non-nmethods': size=5696Kb used=1097Kb max_used=1108Kb free=4598Kb
 bounds [0x000000000d8c0000, 0x000000000db30000, 0x000000000de50000]
 total_blobs=766 nmethods=345 adapters=254
 compilation: enabled

Compilation events (10 events):
Event: 0.894 Thread 0x0000000022bba800  334       3       jdk.internal.org.objectweb.asm.ByteVector::putShort (52 bytes)
Event: 0.895 Thread 0x0000000022bba800 nmethod 334 0x000000000debc690 code [0x000000000debc860, 0x000000000debcac8]
Event: 0.895 Thread 0x0000000022bba800  344       3       java.lang.invoke.MethodType::equals (31 bytes)
Event: 0.895 Thread 0x0000000022bba800 nmethod 344 0x000000000debcc10 code [0x000000000debcde0, 0x000000000debd028]
Event: 0.895 Thread 0x0000000022bba800  342       1       java.nio.Buffer::limit (5 bytes)
Event: 0.895 Thread 0x0000000022bba800 nmethod 342 0x000000001539d690 code [0x000000001539d840, 0x000000001539d950]
Event: 0.895 Thread 0x0000000022bba800  331       3       jdk.internal.org.objectweb.asm.ClassWriter::newUTF8 (70 bytes)
Event: 0.896 Thread 0x0000000022bba800 nmethod 331 0x000000000debd110 code [0x000000000debd320, 0x000000000debd6f8]
Event: 0.896 Thread 0x0000000022bba800  345       1       java.lang.invoke.MethodTypeForm::basicType (5 bytes)
Event: 0.896 Thread 0x0000000022bba800 nmethod 345 0x000000001539da10 code [0x000000001539dbc0, 0x000000001539dcd0]

GC Heap History (0 events):
No events

Deoptimization events (2 events):
Event: 0.550 Thread 0x0000000000247800 Uncommon trap: reason=unstable_if action=reinterpret pc=0x000000001538926c method=java.lang.String.isLatin1()Z @ 10 c2
Event: 0.565 Thread 0x0000000000247800 Uncommon trap: reason=unstable_if action=reinterpret pc=0x0000000015382418 method=java.lang.String.hashCode()I @ 14 c2

Classes redefined (10 events):
Event: 6622.699 Thread 0x0000000021a3d800 redefined class name=Solution, count=13
Event: 6646.905 Thread 0x0000000021a3d800 redefined class name=Solution, count=14
Event: 6723.328 Thread 0x0000000021a3d800 redefined class name=Solution, count=15
Event: 6768.258 Thread 0x0000000021a3d800 redefined class name=Solution, count=16
Event: 7017.720 Thread 0x0000000021a3d800 redefined class name=Solution, count=17
Event: 7213.792 Thread 0x0000000021a3d800 redefined class name=Solution, count=18
Event: 7291.074 Thread 0x0000000021a3d800 redefined class name=Solution, count=19
Event: 7358.345 Thread 0x0000000021a3d800 redefined class name=Solution, count=20
Event: 7473.709 Thread 0x0000000021a3d800 redefined class name=Solution, count=21
Event: 7572.549 Thread 0x0000000021a3d800 redefined class name=Solution, count=22

Internal exceptions (0 events):
No events

Events (10 events):
Event: 7864.732 Executing VM operation: ChangeBreakpoints done
Event: 7864.748 Executing VM operation: ChangeBreakpoints
Event: 7864.748 Executing VM operation: ChangeBreakpoints done
Event: 7872.669 Executing VM operation: ChangeBreakpoints
Event: 7872.669 Executing VM operation: ChangeBreakpoints done
Event: 7872.672 Executing VM operation: ChangeBreakpoints
Event: 7872.672 Executing VM operation: ChangeBreakpoints done
Event: 7879.816 Executing VM operation: ChangeBreakpoints
Event: 7879.816 Executing VM operation: ChangeBreakpoints done
Event: 7879.821 Executing VM operation: RedefineClasses


Dynamic libraries:
0x000000013f810000 - 0x000000013f84e000 	C:\Program Files\Java\jdk-10\bin\java.exe
0x0000000076eb0000 - 0x000000007705a000 	C:\Windows\SYSTEM32\ntdll.dll
0x0000000076d90000 - 0x0000000076eaf000 	C:\Windows\system32\kernel32.dll
0x000007fefcef0000 - 0x000007fefcf5a000 	C:\Windows\system32\KERNELBASE.dll
0x000007fefdcc0000 - 0x000007fefdd9b000 	C:\Windows\system32\ADVAPI32.dll
0x000007fefee60000 - 0x000007fefeeff000 	C:\Windows\system32\msvcrt.dll
0x000007feff120000 - 0x000007feff13f000 	C:\Windows\SYSTEM32\sechost.dll
0x000007fefd170000 - 0x000007fefd29d000 	C:\Windows\system32\RPCRT4.dll
0x0000000076c90000 - 0x0000000076d8a000 	C:\Windows\system32\USER32.dll
0x000007fefd470000 - 0x000007fefd4d7000 	C:\Windows\system32\GDI32.dll
0x000007feff100000 - 0x000007feff10e000 	C:\Windows\system32\LPK.dll
0x000007fefd3a0000 - 0x000007fefd46b000 	C:\Windows\system32\USP10.dll
0x000007fefb670000 - 0x000007fefb864000 	C:\Windows\WinSxS\amd64_microsoft.windows.common-controls_6595b64144ccf1df_6.0.7601.18837_none_fa3b1e3d17594757\COMCTL32.dll
0x000007fefd2a0000 - 0x000007fefd311000 	C:\Windows\system32\SHLWAPI.dll
0x000007fefc490000 - 0x000007fefc49c000 	C:\Windows\system32\VERSION.dll
0x000007fefcf60000 - 0x000007fefcf8e000 	C:\Windows\system32\IMM32.DLL
0x000007fefd930000 - 0x000007fefda39000 	C:\Windows\system32\MSCTF.dll
0x000007fef1a90000 - 0x000007fef1b7f000 	C:\Program Files\Java\jdk-10\bin\msvcr120.dll
0x000007fef3530000 - 0x000007fef35d6000 	C:\Program Files\Java\jdk-10\bin\msvcp120.dll
0x0000000057350000 - 0x0000000057dbf000 	C:\Program Files\Java\jdk-10\bin\server\jvm.dll
0x000007fefc3c0000 - 0x000007fefc3c9000 	C:\Windows\system32\WSOCK32.dll
0x000007fefdc70000 - 0x000007fefdcbd000 	C:\Windows\system32\WS2_32.dll
0x000007feff110000 - 0x000007feff118000 	C:\Windows\system32\NSI.dll
0x000007fef8b10000 - 0x000007fef8b4b000 	C:\Windows\system32\WINMM.dll
0x0000000077080000 - 0x0000000077087000 	C:\Windows\system32\PSAPI.DLL
0x000007fef7a70000 - 0x000007fef7a7f000 	C:\Program Files\Java\jdk-10\bin\verify.dll
0x000007fef1bb0000 - 0x000007fef1cd5000 	C:\Windows\system32\DBGHELP.DLL
0x000007fef3700000 - 0x000007fef3727000 	C:\Program Files\Java\jdk-10\bin\java.dll
0x000007fef34b0000 - 0x000007fef34e6000 	C:\Program Files\Java\jdk-10\bin\jdwp.dll
0x000007fef25a0000 - 0x000007fef25ca000 	C:\Program Files\Java\jdk-10\bin\instrument.dll
0x000007fef7a30000 - 0x000007fef7a46000 	C:\Program Files\Java\jdk-10\bin\zip.dll
0x000007fefc410000 - 0x000007fefc41a000 	C:\Program Files\Java\jdk-10\bin\jimage.dll
0x000007fefe0d0000 - 0x000007fefee5b000 	C:\Windows\system32\SHELL32.dll
0x000007fefef00000 - 0x000007feff0fc000 	C:\Windows\system32\ole32.dll
0x000007fefcba0000 - 0x000007fefcbaf000 	C:\Windows\system32\profapi.dll
0x000007fef7a20000 - 0x000007fef7a2a000 	C:\Program Files\Java\jdk-10\bin\dt_socket.dll
0x000007fefc040000 - 0x000007fefc095000 	C:\Windows\system32\mswsock.dll
0x000007fefc4a0000 - 0x000007fefc4a7000 	C:\Windows\System32\wshtcpip.dll
0x000007fef5de0000 - 0x000007fef5dfa000 	C:\Program Files\Java\jdk-10\bin\net.dll
0x000007fef9920000 - 0x000007fef9991000 	C:\Windows\system32\WINHTTP.dll
0x000007fef83e0000 - 0x000007fef8444000 	C:\Windows\system32\webio.dll
0x000007fefc030000 - 0x000007fefc037000 	C:\Windows\System32\wship6.dll
0x000007fef3510000 - 0x000007fef3521000 	C:\Program Files\Java\jdk-10\bin\nio.dll

dbghelp: loaded successfully - version: 4.0.5 - missing functions: none
symbol engine: initialized successfully - sym options: 0x614 - pdb path: .;C:\Program Files\Java\jdk-10\bin;C:\Windows\SYSTEM32;C:\Windows\WinSxS\amd64_microsoft.windows.common-controls_6595b64144ccf1df_6.0.7601.18837_none_fa3b1e3d17594757;C:\Program Files\Java\jdk-10\bin\server

VM Arguments:
jvm_args: -agentlib:jdwp=transport=dt_socket,address=127.0.0.1:63053,suspend=y,server=n -javaagent:C:\Users\Administrator\AppData\Local\Temp\capture13170jars\debugger-agent.jar=file:/C:/Users/Administrator/AppData/Local/Temp/capture1.props -Dfile.encoding=UTF-8 
java_command: Solution
java_class_path (initial): D:\LCsolution\240. Search a 2D Matrix II\out\production\240. Search a 2D Matrix II;D:\Program Files\JetBrains\IntelliJ IDEA Community Edition 2018.1.1\lib\idea_rt.jar
Launcher Type: SUN_STANDARD

Logging:
Log output configuration:
#0: stdout all=warning uptime,level,tags
#1: stderr all=off uptime,level,tags

Environment Variables:
JAVA_HOME=C:\Program Files\Java\jdk-10
PATH=C:\ProgramData\Oracle\Java\javapath;C:\Windows\system32;C:\Windows;C:\Windows\System32\Wbem;C:\Windows\System32\WindowsPowerShell\v1.0\;C:\Program Files\Java\jdk-10\bin;G:\0 code\Python\Scripts\;G:\0 code\Python\;C:\Users\Administrator\AppData\Local\GitHubDesktop\bin
USERNAME=Administrator
OS=Windows_NT
PROCESSOR_IDENTIFIER=AMD64 Family 18 Model 1 Stepping 0, AuthenticAMD



---------------  S Y S T E M  ---------------

OS: Windows 7 , 64 bit Build 7601 (6.1.7601.23864)

CPU:total 4 (initial active 4) (4 cores per cpu, 1 threads per core) family 18 model 1 stepping 0, cmov, cx8, fxsr, mmx, sse, sse2, sse3, popcnt, mmxext, 3dnowpref, lzcnt, sse4a, tsc, tscinvbit, tscinv

Memory: 4k page, physical 3643504k(528060k free), swap 12782904k(7496108k free)

vm_info: Java HotSpot(TM) 64-Bit Server VM (10+46) for windows-amd64 JRE (10+46), built on Mar  8 2018 02:11:18 by "mach5one" with MS VC++ 12.0 (VS2013)

END.
