#
# A fatal error has been detected by the Java Runtime Environment:
#
#  EXCEPTION_ACCESS_VIOLATION (0xc0000005) at pc=0x000000005d15d82c, pid=8976, tid=6088
#
# JRE version: Java(TM) SE Runtime Environment (10.0+46) (build 10+46)
# Java VM: Java HotSpot(TM) 64-Bit Server VM (10+46, mixed mode, tiered, compressed oops, g1 gc, windows-amd64)
# Problematic frame:
# V  [jvm.dll+0x31d82c]
#
# No core dump will be written. Minidumps are not enabled by default on client versions of Windows
#
# If you would like to submit a bug report, please visit:
#   http://bugreport.java.com/bugreport/crash.jsp
#

---------------  S U M M A R Y ------------

Command Line: -agentlib:jdwp=transport=dt_socket,address=127.0.0.1:52505,suspend=y,server=n -javaagent:C:\Users\Administrator\AppData\Local\Temp\capture6814jars\debugger-agent.jar=file:/C:/Users/Administrator/AppData/Local/Temp/capture.props -Dfile.encoding=UTF-8 A

Host: AMD A6-3400M APU with Radeon(tm) HD Graphics, 4 cores, 3G,  Windows 7 , 64 bit Build 7601 (6.1.7601.23864)
Time: Thu May 17 11:43:37 2018 ?D1¨²¡À¨º¡Á?¨º¡À?? elapsed time: 361 seconds (0d 0h 6m 1s)

---------------  T H R E A D  ---------------

Current thread (0x0000000021ec7800):  VMThread "VM Thread" [stack: 0x00000000231b0000,0x00000000232b0000] [id=6088]

Stack: [0x00000000231b0000,0x00000000232b0000],  sp=0x00000000232af3c0,  free space=1020k
Native frames: (J=compiled Java code, j=interpreted, Vv=VM code, C=native code)
V  [jvm.dll+0x31d82c]
V  [jvm.dll+0x31fbc0]
V  [jvm.dll+0x32024e]
V  [jvm.dll+0x31d9f5]
V  [jvm.dll+0x31cde3]
V  [jvm.dll+0x59048f]
V  [jvm.dll+0x590876]
V  [jvm.dll+0x590636]
V  [jvm.dll+0x55bdc8]
V  [jvm.dll+0x4738fa]
V  [jvm.dll+0x6c42dc]
V  [jvm.dll+0x6c2a45]
V  [jvm.dll+0x6c3250]
V  [jvm.dll+0x6c358c]
V  [jvm.dll+0x59ef10]
C  [msvcr120.dll+0x24f7f]
C  [msvcr120.dll+0x25126]
C  [kernel32.dll+0x159cd]
C  [ntdll.dll+0x2a561]


siginfo: EXCEPTION_ACCESS_VIOLATION (0xc0000005), reading address 0x0000000000000006


Register to memory mapping:

RIP=0x000000005d15d82c jvm.dll
RAX=0x0000000000000000 is an unknown value
RBX=0x0000000022c331b8 is pointing into metadata
RCX=0x0000000000000000 is an unknown value
RDX=0x0000000000000000 is an unknown value
RSP=0x00000000232af3c0 is an unknown value
RBP=0x0000000000000001 is an unknown value
RSI=0x000000005d7d9b88 jvm.dll
RDI=0x00000000232af660 is an unknown value
R8 =0x0000000000000000 is an unknown value
R9 =0x0000000022c331b8 is pointing into metadata
R10=0x0000000021e79858 is an unknown value
R11=0x00000000232af660 is an unknown value
R12=0x000000005d5bd601 jvm.dll
R13=0x0000000000000000 is an unknown value
R14=0x0000000000000001 is an unknown value
R15=0x0000000000000050 is an unknown value


Registers:
RAX=0x0000000000000000, RBX=0x0000000022c331b8, RCX=0x0000000000000000, RDX=0x0000000000000000
RSP=0x00000000232af3c0, RBP=0x0000000000000001, RSI=0x000000005d7d9b88, RDI=0x00000000232af660
R8 =0x0000000000000000, R9 =0x0000000022c331b8, R10=0x0000000021e79858, R11=0x00000000232af660
R12=0x000000005d5bd601, R13=0x0000000000000000, R14=0x0000000000000001, R15=0x0000000000000050
RIP=0x000000005d15d82c, EFLAGS=0x0000000000010216

Top of Stack: (sp=0x00000000232af3c0)
0x00000000232af3c0:   0000000000000014 000000005d16114d
0x00000000232af3d0:   00000000232af503 0000000000000000
0x00000000232af3e0:   0000000000000000 000000005d161426
0x00000000232af3f0:   00000000232af660 0000000021e797e0
0x00000000232af400:   00000434bbd3a81a 00000434bbd3a80a
0x00000000232af410:   0000000000000002 00000000232af4b0
0x00000000232af420:   00000000232af660 000000005d15fbc0
0x00000000232af430:   00000000232af4b0 0000000000000032
0x00000000232af440:   0000000000000001 00000000232af660
0x00000000232af450:   0000000000000032 0000000000000001
0x00000000232af460:   0000000000000050 0000000000000044
0x00000000232af470:   0000000021e797e0 000000005d16024e
0x00000000232af480:   00000000232af660 00000000232af4e0
0x00000000232af490:   0000000000000002 0000000021e797e0
0x00000000232af4a0:   0000000000006000 000000005d1620f1
0x00000000232af4b0:   0000000022c33de0 0000000021ec7800 

Instructions: (pc=0x000000005d15d82c)
0x000000005d15d80c:   8b cb e8 2d 13 f1 ff 48 8b cb 8b d0 e8 43 3a f1
0x000000005d15d81c:   ff 48 8d 35 64 c3 67 00 48 63 c8 48 8b 44 cb 40
0x000000005d15d82c:   0f b6 48 06 8b 05 4e c3 67 00 80 f9 4c 74 2b 80
0x000000005d15d83c:   f9 5b 74 26 80 f9 4a 74 18 80 f9 44 74 13 48 8d 


VM_Operation (0x000000002439f200): GetOrSetLocal, mode: safepoint, requested by thread 0x000000002417c000


---------------  P R O C E S S  ---------------

Threads class SMR info:
_java_thread_list=0x0000000024150130, length=14, elements={
0x0000000000462800, 0x0000000021eca800, 0x0000000021ecb800, 0x000000002306c800,
0x0000000023075800, 0x0000000023076800, 0x0000000023087000, 0x0000000023092000,
0x0000000023094800, 0x000000002417c000, 0x0000000024284800, 0x00000000245ff800,
0x000000002429e800, 0x0000000024159800
}

Java Threads: ( => current thread )
  0x0000000000462800 JavaThread "main" [_thread_blocked, id=9384, stack(0x00000000024b0000,0x00000000025b0000)]
  0x0000000021eca800 JavaThread "Reference Handler" daemon [_thread_blocked, id=3364, stack(0x00000000232f0000,0x00000000233f0000)]
  0x0000000021ecb800 JavaThread "Finalizer" daemon [_thread_blocked, id=9592, stack(0x0000000022550000,0x0000000022650000)]
  0x000000002306c800 JavaThread "Signal Dispatcher" daemon [_thread_blocked, id=4756, stack(0x0000000023460000,0x0000000023560000)]
  0x0000000023075800 JavaThread "Attach Listener" daemon [_thread_blocked, id=8912, stack(0x0000000023720000,0x0000000023820000)]
  0x0000000023076800 JavaThread "C2 CompilerThread0" daemon [_thread_blocked, id=8468, stack(0x0000000023910000,0x0000000023a10000)]
  0x0000000023087000 JavaThread "C2 CompilerThread1" daemon [_thread_blocked, id=10356, stack(0x00000000235c0000,0x00000000236c0000)]
  0x0000000023092000 JavaThread "C1 CompilerThread2" daemon [_thread_blocked, id=9492, stack(0x0000000023b50000,0x0000000023c50000)]
  0x0000000023094800 JavaThread "Sweeper thread" daemon [_thread_blocked, id=9004, stack(0x0000000023da0000,0x0000000023ea0000)]
  0x000000002417c000 JavaThread "JDWP Transport Listener: dt_socket" daemon [_thread_blocked, id=10672, stack(0x00000000242a0000,0x00000000243a0000)] _threads_hazard_ptr=0x0000000024150130
  0x0000000024284800 JavaThread "JDWP Event Helper Thread" daemon [_thread_blocked, id=6320, stack(0x00000000244b0000,0x00000000245b0000)]
  0x00000000245ff800 JavaThread "JDWP Command Reader" daemon [_thread_in_native, id=9732, stack(0x0000000024ee0000,0x0000000024fe0000)]
  0x000000002429e800 JavaThread "Common-Cleaner" daemon [_thread_blocked, id=3116, stack(0x0000000025060000,0x0000000025160000)]
  0x0000000024159800 JavaThread "Service Thread" daemon [_thread_blocked, id=1172, stack(0x0000000023c90000,0x0000000023d90000)]

Other Threads:
=>0x0000000021ec7800 VMThread "VM Thread" [stack: 0x00000000231b0000,0x00000000232b0000] [id=6088]
  0x0000000024151800 WatcherThread [stack: 0x0000000025210000,0x0000000025310000] [id=5936]
  0x000000000047b000 GCTaskThread "GC Thread#0" [stack: 0x0000000002850000,0x0000000002950000] [id=9056]
  0x000000000047c000 GCTaskThread "GC Thread#1" [stack: 0x000000001cdf0000,0x000000001cef0000] [id=8508]
  0x000000000047d800 GCTaskThread "GC Thread#2" [stack: 0x0000000002710000,0x0000000002810000] [id=10156]
  0x0000000000481000 GCTaskThread "GC Thread#3" [stack: 0x000000001cfa0000,0x000000001d0a0000] [id=3040]
  0x00000000004b5800 ConcurrentGCThread "G1 Main Marker" [stack: 0x000000001f7e0000,0x000000001f8e0000] [id=7208]
  0x00000000004b6800 ConcurrentGCThread "G1 Conc#0" [stack: 0x000000001f9b0000,0x000000001fab0000] [id=9364]
  0x0000000021df0800 ConcurrentGCThread "G1 Refine#0" [stack: 0x0000000021fc0000,0x00000000220c0000] [id=7600]
  0x00000000004e8000 ConcurrentGCThread "G1 Refine#1" [stack: 0x00000000220d0000,0x00000000221d0000] [id=9628]
  0x00000000004eb000 ConcurrentGCThread "G1 Refine#2" [stack: 0x0000000022280000,0x0000000022380000] [id=3680]
  0x00000000004ec800 ConcurrentGCThread "G1 Refine#3" [stack: 0x0000000022410000,0x0000000022510000] [id=10272]
  0x00000000004ed800 ConcurrentGCThread "G1 Young RemSet Sampling" [stack: 0x00000000226a0000,0x00000000227a0000] [id=10876]

Threads with active compile tasks:

VM state:at safepoint (normal execution)

VM Mutex/Monitor currently owned by a thread:  ([mutex/lock_event])
[0x0000000000455320] Threads_lock - owner thread: 0x0000000021ec7800

Heap address: 0x00000000c8600000, size: 890 MB, Compressed Oops mode: 32-bit
Narrow klass base: 0x0000000000000000, Narrow klass shift: 0
Compressed class space size: 1073741824 Address: 0x000000007fff0000

Heap:
 garbage-first heap   total 57344K, used 4096K [0x00000000c8600000, 0x0000000100000000)
  region size 1024K, 5 young (5120K), 0 survivors (0K)
 Metaspace       used 6174K, capacity 6287K, committed 6528K, reserved 1056768K
  class space    used 513K, capacity 583K, committed 640K, reserved 1048576K
Heap Regions: E=young(eden), S=young(survivor), O=old, HS=humongous(starts), HC=humongous(continues), CS=collection set, F=free, A=archive, TS=gc time stamp, AC=allocation context, TAMS=top-at-mark-start (previous, next)
|   0|0x00000000c8600000, 0x00000000c8600000, 0x00000000c8700000|  0%| F|  |TS  0|AC  0|TAMS 0x00000000c8600000, 0x00000000c8600000|
|   1|0x00000000c8700000, 0x00000000c8700000, 0x00000000c8800000|  0%| F|  |TS  0|AC  0|TAMS 0x00000000c8700000, 0x00000000c8700000|
|   2|0x00000000c8800000, 0x00000000c8800000, 0x00000000c8900000|  0%| F|  |TS  0|AC  0|TAMS 0x00000000c8800000, 0x00000000c8800000|
|   3|0x00000000c8900000, 0x00000000c8900000, 0x00000000c8a00000|  0%| F|  |TS  0|AC  0|TAMS 0x00000000c8900000, 0x00000000c8900000|
|   4|0x00000000c8a00000, 0x00000000c8a00000, 0x00000000c8b00000|  0%| F|  |TS  0|AC  0|TAMS 0x00000000c8a00000, 0x00000000c8a00000|
|   5|0x00000000c8b00000, 0x00000000c8b00000, 0x00000000c8c00000|  0%| F|  |TS  0|AC  0|TAMS 0x00000000c8b00000, 0x00000000c8b00000|
|   6|0x00000000c8c00000, 0x00000000c8c00000, 0x00000000c8d00000|  0%| F|  |TS  0|AC  0|TAMS 0x00000000c8c00000, 0x00000000c8c00000|
|   7|0x00000000c8d00000, 0x00000000c8d00000, 0x00000000c8e00000|  0%| F|  |TS  0|AC  0|TAMS 0x00000000c8d00000, 0x00000000c8d00000|
|   8|0x00000000c8e00000, 0x00000000c8e00000, 0x00000000c8f00000|  0%| F|  |TS  0|AC  0|TAMS 0x00000000c8e00000, 0x00000000c8e00000|
|   9|0x00000000c8f00000, 0x00000000c8f00000, 0x00000000c9000000|  0%| F|  |TS  0|AC  0|TAMS 0x00000000c8f00000, 0x00000000c8f00000|
|  10|0x00000000c9000000, 0x00000000c9000000, 0x00000000c9100000|  0%| F|  |TS  0|AC  0|TAMS 0x00000000c9000000, 0x00000000c9000000|
|  11|0x00000000c9100000, 0x00000000c9100000, 0x00000000c9200000|  0%| F|  |TS  0|AC  0|TAMS 0x00000000c9100000, 0x00000000c9100000|
|  12|0x00000000c9200000, 0x00000000c9200000, 0x00000000c9300000|  0%| F|  |TS  0|AC  0|TAMS 0x00000000c9200000, 0x00000000c9200000|
|  13|0x00000000c9300000, 0x00000000c9300000, 0x00000000c9400000|  0%| F|  |TS  0|AC  0|TAMS 0x00000000c9300000, 0x00000000c9300000|
|  14|0x00000000c9400000, 0x00000000c9400000, 0x00000000c9500000|  0%| F|  |TS  0|AC  0|TAMS 0x00000000c9400000, 0x00000000c9400000|
|  15|0x00000000c9500000, 0x00000000c9500000, 0x00000000c9600000|  0%| F|  |TS  0|AC  0|TAMS 0x00000000c9500000, 0x00000000c9500000|
|  16|0x00000000c9600000, 0x00000000c9600000, 0x00000000c9700000|  0%| F|  |TS  0|AC  0|TAMS 0x00000000c9600000, 0x00000000c9600000|
|  17|0x00000000c9700000, 0x00000000c9700000, 0x00000000c9800000|  0%| F|  |TS  0|AC  0|TAMS 0x00000000c9700000, 0x00000000c9700000|
|  18|0x00000000c9800000, 0x00000000c9800000, 0x00000000c9900000|  0%| F|  |TS  0|AC  0|TAMS 0x00000000c9800000, 0x00000000c9800000|
|  19|0x00000000c9900000, 0x00000000c9900000, 0x00000000c9a00000|  0%| F|  |TS  0|AC  0|TAMS 0x00000000c9900000, 0x00000000c9900000|
|  20|0x00000000c9a00000, 0x00000000c9a00000, 0x00000000c9b00000|  0%| F|  |TS  0|AC  0|TAMS 0x00000000c9a00000, 0x00000000c9a00000|
|  21|0x00000000c9b00000, 0x00000000c9b00000, 0x00000000c9c00000|  0%| F|  |TS  0|AC  0|TAMS 0x00000000c9b00000, 0x00000000c9b00000|
|  22|0x00000000c9c00000, 0x00000000c9c00000, 0x00000000c9d00000|  0%| F|  |TS  0|AC  0|TAMS 0x00000000c9c00000, 0x00000000c9c00000|
|  23|0x00000000c9d00000, 0x00000000c9d00000, 0x00000000c9e00000|  0%| F|  |TS  0|AC  0|TAMS 0x00000000c9d00000, 0x00000000c9d00000|
|  24|0x00000000c9e00000, 0x00000000c9e00000, 0x00000000c9f00000|  0%| F|  |TS  0|AC  0|TAMS 0x00000000c9e00000, 0x00000000c9e00000|
|  25|0x00000000c9f00000, 0x00000000c9f00000, 0x00000000ca000000|  0%| F|  |TS  0|AC  0|TAMS 0x00000000c9f00000, 0x00000000c9f00000|
|  26|0x00000000ca000000, 0x00000000ca000000, 0x00000000ca100000|  0%| F|  |TS  0|AC  0|TAMS 0x00000000ca000000, 0x00000000ca000000|
|  27|0x00000000ca100000, 0x00000000ca100000, 0x00000000ca200000|  0%| F|  |TS  0|AC  0|TAMS 0x00000000ca100000, 0x00000000ca100000|
|  28|0x00000000ca200000, 0x00000000ca200000, 0x00000000ca300000|  0%| F|  |TS  0|AC  0|TAMS 0x00000000ca200000, 0x00000000ca200000|
|  29|0x00000000ca300000, 0x00000000ca300000, 0x00000000ca400000|  0%| F|  |TS  0|AC  0|TAMS 0x00000000ca300000, 0x00000000ca300000|
|  30|0x00000000ca400000, 0x00000000ca400000, 0x00000000ca500000|  0%| F|  |TS  0|AC  0|TAMS 0x00000000ca400000, 0x00000000ca400000|
|  31|0x00000000ca500000, 0x00000000ca500000, 0x00000000ca600000|  0%| F|  |TS  0|AC  0|TAMS 0x00000000ca500000, 0x00000000ca500000|
|  32|0x00000000ca600000, 0x00000000ca600000, 0x00000000ca700000|  0%| F|  |TS  0|AC  0|TAMS 0x00000000ca600000, 0x00000000ca600000|
|  33|0x00000000ca700000, 0x00000000ca700000, 0x00000000ca800000|  0%| F|  |TS  0|AC  0|TAMS 0x00000000ca700000, 0x00000000ca700000|
|  34|0x00000000ca800000, 0x00000000ca800000, 0x00000000ca900000|  0%| F|  |TS  0|AC  0|TAMS 0x00000000ca800000, 0x00000000ca800000|
|  35|0x00000000ca900000, 0x00000000ca900000, 0x00000000caa00000|  0%| F|  |TS  0|AC  0|TAMS 0x00000000ca900000, 0x00000000ca900000|
|  36|0x00000000caa00000, 0x00000000caa00000, 0x00000000cab00000|  0%| F|  |TS  0|AC  0|TAMS 0x00000000caa00000, 0x00000000caa00000|
|  37|0x00000000cab00000, 0x00000000cab00000, 0x00000000cac00000|  0%| F|  |TS  0|AC  0|TAMS 0x00000000cab00000, 0x00000000cab00000|
|  38|0x00000000cac00000, 0x00000000cac00000, 0x00000000cad00000|  0%| F|  |TS  0|AC  0|TAMS 0x00000000cac00000, 0x00000000cac00000|
|  39|0x00000000cad00000, 0x00000000cad00000, 0x00000000cae00000|  0%| F|  |TS  0|AC  0|TAMS 0x00000000cad00000, 0x00000000cad00000|
|  40|0x00000000cae00000, 0x00000000cae00000, 0x00000000caf00000|  0%| F|  |TS  0|AC  0|TAMS 0x00000000cae00000, 0x00000000cae00000|
|  41|0x00000000caf00000, 0x00000000caf00000, 0x00000000cb000000|  0%| F|  |TS  0|AC  0|TAMS 0x00000000caf00000, 0x00000000caf00000|
|  42|0x00000000cb000000, 0x00000000cb000000, 0x00000000cb100000|  0%| F|  |TS  0|AC  0|TAMS 0x00000000cb000000, 0x00000000cb000000|
|  43|0x00000000cb100000, 0x00000000cb100000, 0x00000000cb200000|  0%| F|  |TS  0|AC  0|TAMS 0x00000000cb100000, 0x00000000cb100000|
|  44|0x00000000cb200000, 0x00000000cb200000, 0x00000000cb300000|  0%| F|  |TS  0|AC  0|TAMS 0x00000000cb200000, 0x00000000cb200000|
|  45|0x00000000cb300000, 0x00000000cb300000, 0x00000000cb400000|  0%| F|  |TS  0|AC  0|TAMS 0x00000000cb300000, 0x00000000cb300000|
|  46|0x00000000cb400000, 0x00000000cb400000, 0x00000000cb500000|  0%| F|  |TS  0|AC  0|TAMS 0x00000000cb400000, 0x00000000cb400000|
|  47|0x00000000cb500000, 0x00000000cb500000, 0x00000000cb600000|  0%| F|  |TS  0|AC  0|TAMS 0x00000000cb500000, 0x00000000cb500000|
|  48|0x00000000cb600000, 0x00000000cb600000, 0x00000000cb700000|  0%| F|  |TS  0|AC  0|TAMS 0x00000000cb600000, 0x00000000cb600000|
|  49|0x00000000cb700000, 0x00000000cb700000, 0x00000000cb800000|  0%| F|  |TS  0|AC  0|TAMS 0x00000000cb700000, 0x00000000cb700000|
|  50|0x00000000cb800000, 0x00000000cb800000, 0x00000000cb900000|  0%| F|  |TS  0|AC  0|TAMS 0x00000000cb800000, 0x00000000cb800000|
|  51|0x00000000cb900000, 0x00000000cb9486f0, 0x00000000cba00000| 28%| E|  |TS  0|AC  0|TAMS 0x00000000cb900000, 0x00000000cb900000|
|  52|0x00000000cba00000, 0x00000000cbb00000, 0x00000000cbb00000|100%| E|CS|TS  0|AC  0|TAMS 0x00000000cba00000, 0x00000000cba00000|
|  53|0x00000000cbb00000, 0x00000000cbc00000, 0x00000000cbc00000|100%| E|CS|TS  0|AC  0|TAMS 0x00000000cbb00000, 0x00000000cbb00000|
|  54|0x00000000cbc00000, 0x00000000cbd00000, 0x00000000cbd00000|100%| E|CS|TS  0|AC  0|TAMS 0x00000000cbc00000, 0x00000000cbc00000|
|  55|0x00000000cbd00000, 0x00000000cbe00000, 0x00000000cbe00000|100%| E|CS|TS  0|AC  0|TAMS 0x00000000cbd00000, 0x00000000cbd00000|

Card table byte_map: [0x000000001d6a0000,0x000000001d860000] byte_map_base: 0x000000001d05d000

Marking Bits (Prev, Next): (CMBitMap*) 0x00000000004b4b10, (CMBitMap*) 0x00000000004b4b48
 Prev Bits: [0x000000001da20000, 0x000000001e808000)
 Next Bits: [0x000000001e810000, 0x000000001f5f8000)

Polling page: 0x00000000000f0000

CodeHeap 'non-profiled nmethods': size=120064Kb used=97Kb max_used=97Kb free=119967Kb
 bounds [0x0000000015830000, 0x0000000015aa0000, 0x000000001cd70000]
CodeHeap 'profiled nmethods': size=120000Kb used=259Kb max_used=259Kb free=119740Kb
 bounds [0x000000000e300000, 0x000000000e570000, 0x0000000015830000]
CodeHeap 'non-nmethods': size=5696Kb used=1097Kb max_used=1097Kb free=4598Kb
 bounds [0x000000000dd70000, 0x000000000dfe0000, 0x000000000e300000]
 total_blobs=679 nmethods=259 adapters=255
 compilation: enabled

Compilation events (10 events):
Event: 0.629 Thread 0x0000000023092000 nmethod 202 0x000000000e33eb10 code [0x000000000e33ed60, 0x000000000e33f730]
Event: 0.629 Thread 0x0000000023092000  200       3       java.util.zip.ZipUtils::LG (22 bytes)
Event: 0.633 Thread 0x0000000023092000 nmethod 200 0x000000000e33fa10 code [0x000000000e33fbe0, 0x000000000e33fe90]
Event: 0.634 Thread 0x0000000023092000  201       3       java.lang.String::startsWith (7 bytes)
Event: 0.634 Thread 0x0000000023092000 nmethod 201 0x000000000e340010 code [0x000000000e3401c0, 0x000000000e340368]
Event: 0.634 Thread 0x0000000023092000  203       1       java.net.URL::getProtocol (5 bytes)
Event: 0.635 Thread 0x0000000023092000 nmethod 203 0x0000000015840e10 code [0x0000000015840fc0, 0x00000000158410d0]
Event: 0.636 Thread 0x0000000023076800 nmethod 199 0x0000000015841190 code [0x0000000015841320, 0x00000000158414d8]
Event: 0.643 Thread 0x0000000023092000  204       3       java.lang.StringLatin1::indexOf (121 bytes)
Event: 0.644 Thread 0x0000000023092000 nmethod 204 0x000000000e340410 code [0x000000000e340600, 0x000000000e340b30]

GC Heap History (0 events):
No events

Deoptimization events (2 events):
Event: 0.452 Thread 0x0000000000462800 Uncommon trap: reason=unstable_if action=reinterpret pc=0x0000000015831eec method=java.lang.String.isLatin1()Z @ 10 c2
Event: 0.482 Thread 0x0000000000462800 Uncommon trap: reason=unstable_if action=reinterpret pc=0x0000000015833b94 method=java.lang.String.hashCode()I @ 14 c2

Classes redefined (2 events):
Event: 81.066 Thread 0x0000000021ec7800 redefined class name=A, count=1
Event: 361.115 Thread 0x0000000021ec7800 redefined class name=A, count=2

Internal exceptions (0 events):
No events

Events (10 events):
Event: 361.121 Executing VM operation: GetOrSetLocal done
Event: 361.217 Executing VM operation: ChangeBreakpoints
Event: 361.217 Executing VM operation: ChangeBreakpoints done
Event: 361.328 Executing VM operation: GetFrameCount
Event: 361.328 Executing VM operation: GetFrameCount done
Event: 361.328 Executing VM operation: GetFrameLocation
Event: 361.328 Executing VM operation: GetFrameLocation done
Event: 361.370 Executing VM operation: GetFrameLocation
Event: 361.370 Executing VM operation: GetFrameLocation done
Event: 361.371 Executing VM operation: GetOrSetLocal


Dynamic libraries:
0x000000013f210000 - 0x000000013f24e000 	C:\Program Files\Java\jdk-10\bin\java.exe
0x0000000077880000 - 0x0000000077a2a000 	C:\Windows\SYSTEM32\ntdll.dll
0x0000000077760000 - 0x000000007787f000 	C:\Windows\system32\kernel32.dll
0x000007fefd590000 - 0x000007fefd5fa000 	C:\Windows\system32\KERNELBASE.dll
0x000007feff9e0000 - 0x000007feffabb000 	C:\Windows\system32\ADVAPI32.dll
0x000007feff940000 - 0x000007feff9df000 	C:\Windows\system32\msvcrt.dll
0x000007fefd9a0000 - 0x000007fefd9bf000 	C:\Windows\SYSTEM32\sechost.dll
0x000007feff630000 - 0x000007feff75d000 	C:\Windows\system32\RPCRT4.dll
0x0000000077660000 - 0x000000007775a000 	C:\Windows\system32\USER32.dll
0x000007fefd930000 - 0x000007fefd997000 	C:\Windows\system32\GDI32.dll
0x000007fefeb90000 - 0x000007fefeb9e000 	C:\Windows\system32\LPK.dll
0x000007feffac0000 - 0x000007feffb8b000 	C:\Windows\system32\USP10.dll
0x000007fefc040000 - 0x000007fefc234000 	C:\Windows\WinSxS\amd64_microsoft.windows.common-controls_6595b64144ccf1df_6.0.7601.18837_none_fa3b1e3d17594757\COMCTL32.dll
0x000007feff790000 - 0x000007feff801000 	C:\Windows\system32\SHLWAPI.dll
0x000007fefcee0000 - 0x000007fefceec000 	C:\Windows\system32\VERSION.dll
0x000007feff760000 - 0x000007feff78e000 	C:\Windows\system32\IMM32.DLL
0x000007feff810000 - 0x000007feff919000 	C:\Windows\system32\MSCTF.dll
0x000007fee80d0000 - 0x000007fee81bf000 	C:\Program Files\Java\jdk-10\bin\msvcr120.dll
0x000007fef2940000 - 0x000007fef29e6000 	C:\Program Files\Java\jdk-10\bin\msvcp120.dll
0x000000005ce40000 - 0x000000005d8af000 	C:\Program Files\Java\jdk-10\bin\server\jvm.dll
0x000007fefb3e0000 - 0x000007fefb3e9000 	C:\Windows\system32\WSOCK32.dll
0x000007fefeb30000 - 0x000007fefeb7d000 	C:\Windows\system32\WS2_32.dll
0x000007fefeb80000 - 0x000007fefeb88000 	C:\Windows\system32\NSI.dll
0x000007fef98f0000 - 0x000007fef992b000 	C:\Windows\system32\WINMM.dll
0x0000000077a40000 - 0x0000000077a47000 	C:\Windows\system32\PSAPI.DLL
0x000007fefcd90000 - 0x000007fefcd9f000 	C:\Program Files\Java\jdk-10\bin\verify.dll
0x000007fef3670000 - 0x000007fef3795000 	C:\Windows\system32\DBGHELP.DLL
0x000007fef8050000 - 0x000007fef8077000 	C:\Program Files\Java\jdk-10\bin\java.dll
0x000007fef7f80000 - 0x000007fef7fb6000 	C:\Program Files\Java\jdk-10\bin\jdwp.dll
0x000007fef7f50000 - 0x000007fef7f7a000 	C:\Program Files\Java\jdk-10\bin\instrument.dll
0x000007fef8160000 - 0x000007fef8176000 	C:\Program Files\Java\jdk-10\bin\zip.dll
0x000007fefcd80000 - 0x000007fefcd8a000 	C:\Program Files\Java\jdk-10\bin\jimage.dll
0x000007fefdbc0000 - 0x000007fefe94b000 	C:\Windows\system32\SHELL32.dll
0x000007fefd9c0000 - 0x000007fefdbbc000 	C:\Windows\system32\ole32.dll
0x000007fefd580000 - 0x000007fefd58f000 	C:\Windows\system32\profapi.dll
0x000007fefa9a0000 - 0x000007fefa9aa000 	C:\Program Files\Java\jdk-10\bin\dt_socket.dll
0x000007fefca10000 - 0x000007fefca65000 	C:\Windows\system32\mswsock.dll
0x000007fefcef0000 - 0x000007fefcef7000 	C:\Windows\System32\wshtcpip.dll
0x000007fef7fe0000 - 0x000007fef7ffa000 	C:\Program Files\Java\jdk-10\bin\net.dll
0x000007fef8550000 - 0x000007fef85c1000 	C:\Windows\system32\WINHTTP.dll
0x000007fef84e0000 - 0x000007fef8544000 	C:\Windows\system32\webio.dll
0x000007fefca00000 - 0x000007fefca07000 	C:\Windows\System32\wship6.dll
0x000007fef7f10000 - 0x000007fef7f21000 	C:\Program Files\Java\jdk-10\bin\nio.dll

dbghelp: loaded successfully - version: 4.0.5 - missing functions: none
symbol engine: initialized successfully - sym options: 0x614 - pdb path: .;C:\Program Files\Java\jdk-10\bin;C:\Windows\SYSTEM32;C:\Windows\WinSxS\amd64_microsoft.windows.common-controls_6595b64144ccf1df_6.0.7601.18837_none_fa3b1e3d17594757;C:\Program Files\Java\jdk-10\bin\server

VM Arguments:
jvm_args: -agentlib:jdwp=transport=dt_socket,address=127.0.0.1:52505,suspend=y,server=n -javaagent:C:\Users\Administrator\AppData\Local\Temp\capture6814jars\debugger-agent.jar=file:/C:/Users/Administrator/AppData/Local/Temp/capture.props -Dfile.encoding=UTF-8 
java_command: A
java_class_path (initial): D:\GitBash\CS61B\skeleton-sp18-master\library-sp18\javalib;D:\LCsolution\273IntegertoEnglishWords\out\production\273IntegertoEnglishWords;F:\Program Files\IntelliJ\IntelliJ IDEA Community Edition 2018.1.1\lib\idea_rt.jar
Launcher Type: SUN_STANDARD

Logging:
Log output configuration:
#0: stdout all=warning uptime,level,tags
#1: stderr all=off uptime,level,tags

Environment Variables:
JAVA_HOME=C:\Program Files\Java\jdk-10
PATH=C:\ProgramData\Oracle\Java\javapath;C:\Windows\system32;C:\Windows;C:\Windows\System32\Wbem;C:\Windows\System32\WindowsPowerShell\v1.0\;C:\Program Files\Java\jdk-10\bin;G:\0 code\Python\Scripts\;G:\0 code\Python\
USERNAME=Administrator
OS=Windows_NT
PROCESSOR_IDENTIFIER=AMD64 Family 18 Model 1 Stepping 0, AuthenticAMD



---------------  S Y S T E M  ---------------

OS: Windows 7 , 64 bit Build 7601 (6.1.7601.23864)

CPU:total 4 (initial active 4) (4 cores per cpu, 1 threads per core) family 18 model 1 stepping 0, cmov, cx8, fxsr, mmx, sse, sse2, sse3, popcnt, mmxext, 3dnowpref, lzcnt, sse4a, tsc, tscinvbit, tscinv

Memory: 4k page, physical 3643504k(230228k free), swap 9433592k(1155392k free)

vm_info: Java HotSpot(TM) 64-Bit Server VM (10+46) for windows-amd64 JRE (10+46), built on Mar  8 2018 02:11:18 by "mach5one" with MS VC++ 12.0 (VS2013)

END.
