#
# A fatal error has been detected by the Java Runtime Environment:
#
#  EXCEPTION_ACCESS_VIOLATION (0xc0000005) at pc=0x000000005d15d82c, pid=9956, tid=10784
#
# JRE version: Java(TM) SE Runtime Environment (10.0+46) (build 10+46)
# Java VM: Java HotSpot(TM) 64-Bit Server VM (10+46, mixed mode, tiered, compressed oops, g1 gc, windows-amd64)
# Problematic frame:
# V  [jvm.dll+0x31d82c]
#
# No core dump will be written. Minidumps are not enabled by default on client versions of Windows
#
# If you would like to submit a bug report, please visit:
#   http://bugreport.java.com/bugreport/crash.jsp
#

---------------  S U M M A R Y ------------

Command Line: -agentlib:jdwp=transport=dt_socket,address=127.0.0.1:52318,suspend=y,server=n -javaagent:C:\Users\Administrator\.IdeaIC2018.1\system\captureAgent\debugger-agent.jar=file:/C:/Users/Administrator/AppData/Local/Temp/capture.props -Dfile.encoding=UTF-8 A

Host: AMD A6-3400M APU with Radeon(tm) HD Graphics, 4 cores, 3G,  Windows 7 , 64 bit Build 7601 (6.1.7601.23864)
Time: Thu May 17 11:43:37 2018 ?D1¨²¡À¨º¡Á?¨º¡À?? elapsed time: 1259 seconds (0d 0h 20m 59s)

---------------  T H R E A D  ---------------

Current thread (0x0000000021c84000):  VMThread "VM Thread" [stack: 0x0000000023020000,0x0000000023120000] [id=10784]

Stack: [0x0000000023020000,0x0000000023120000],  sp=0x000000002311ec90,  free space=1019k
Native frames: (J=compiled Java code, j=interpreted, Vv=VM code, C=native code)
V  [jvm.dll+0x31d82c]
V  [jvm.dll+0x31fbc0]
V  [jvm.dll+0x32024e]
V  [jvm.dll+0x31d9f5]
V  [jvm.dll+0x31cde3]
V  [jvm.dll+0x59048f]
V  [jvm.dll+0x590876]
V  [jvm.dll+0x590636]
V  [jvm.dll+0x55bdc8]
V  [jvm.dll+0x4738fa]
V  [jvm.dll+0x6c42dc]
V  [jvm.dll+0x6c2a45]
V  [jvm.dll+0x6c3250]
V  [jvm.dll+0x6c358c]
V  [jvm.dll+0x59ef10]
C  [msvcr120.dll+0x24f7f]
C  [msvcr120.dll+0x25126]
C  [kernel32.dll+0x159cd]
C  [ntdll.dll+0x2a561]


siginfo: EXCEPTION_ACCESS_VIOLATION (0xc0000005), reading address 0x0000000000000006


Register to memory mapping:

RIP=0x000000005d15d82c jvm.dll
RAX=0x0000000000000000 is an unknown value
RBX=0x0000000022a031b0 is pointing into metadata
RCX=0x0000000000000000 is an unknown value
RDX=0x0000000000000000 is an unknown value
RSP=0x000000002311ec90 is an unknown value
RBP=0x0000000000000001 is an unknown value
RSI=0x000000005d7d9b88 jvm.dll
RDI=0x000000002311ef30 is an unknown value
R8 =0x0000000000000000 is an unknown value
R9 =0x0000000022a031b0 is pointing into metadata
R10=0x0000000021c3cc18 is an unknown value
R11=0x000000002311ef30 is an unknown value
R12=0x000000005d5bd601 jvm.dll
R13=0x0000000000000000 is an unknown value
R14=0x0000000000000001 is an unknown value
R15=0x0000000000000050 is an unknown value


Registers:
RAX=0x0000000000000000, RBX=0x0000000022a031b0, RCX=0x0000000000000000, RDX=0x0000000000000000
RSP=0x000000002311ec90, RBP=0x0000000000000001, RSI=0x000000005d7d9b88, RDI=0x000000002311ef30
R8 =0x0000000000000000, R9 =0x0000000022a031b0, R10=0x0000000021c3cc18, R11=0x000000002311ef30
R12=0x000000005d5bd601, R13=0x0000000000000000, R14=0x0000000000000001, R15=0x0000000000000050
RIP=0x000000005d15d82c, EFLAGS=0x0000000000010216

Top of Stack: (sp=0x000000002311ec90)
0x000000002311ec90:   0000000000000014 000000005d16114d
0x000000002311eca0:   000000002311ee03 0000000000000000
0x000000002311ecb0:   0000000000000000 000000005d161426
0x000000002311ecc0:   000000002311ef30 0000000021c3cba0
0x000000002311ecd0:   00005026d9b70369 00005026d9b70359
0x000000002311ece0:   0000000000000002 000000002311ed80
0x000000002311ecf0:   000000002311ef30 000000005d15fbc0
0x000000002311ed00:   000000002311ed80 0000000000000032
0x000000002311ed10:   0000000000000001 000000002311ef30
0x000000002311ed20:   0000000000000032 0000000000000001
0x000000002311ed30:   0000000000000050 0000000000000044
0x000000002311ed40:   0000000021c3cba0 000000005d16024e
0x000000002311ed50:   000000002311ef30 000000002311edb0
0x000000002311ed60:   0000000000000002 0000000021c3cba0
0x000000002311ed70:   0000000000006000 000000005d1620f1
0x000000002311ed80:   0000000022a03d98 0000000021c84000 

Instructions: (pc=0x000000005d15d82c)
0x000000005d15d80c:   8b cb e8 2d 13 f1 ff 48 8b cb 8b d0 e8 43 3a f1
0x000000005d15d81c:   ff 48 8d 35 64 c3 67 00 48 63 c8 48 8b 44 cb 40
0x000000005d15d82c:   0f b6 48 06 8b 05 4e c3 67 00 80 f9 4c 74 2b 80
0x000000005d15d83c:   f9 5b 74 26 80 f9 4a 74 18 80 f9 44 74 13 48 8d 


VM_Operation (0x00000000237bf4a0): GetOrSetLocal, mode: safepoint, requested by thread 0x0000000023c09800


---------------  P R O C E S S  ---------------

Threads class SMR info:
_java_thread_list=0x0000000023edb020, length=14, elements={
0x0000000000142800, 0x0000000021c86000, 0x0000000021c8b000, 0x0000000022e44800,
0x0000000022e45800, 0x0000000022e46800, 0x0000000022e4e800, 0x0000000022e5f800,
0x0000000022ea5800, 0x0000000023c09800, 0x0000000023c64800, 0x0000000023c67000,
0x0000000023c9d000, 0x0000000023ef6800
}

Java Threads: ( => current thread )
  0x0000000000142800 JavaThread "main" [_thread_blocked, id=6460, stack(0x0000000002430000,0x0000000002530000)]
  0x0000000021c86000 JavaThread "Reference Handler" daemon [_thread_blocked, id=4728, stack(0x0000000021fc0000,0x00000000220c0000)]
  0x0000000021c8b000 JavaThread "Finalizer" daemon [_thread_blocked, id=864, stack(0x00000000231b0000,0x00000000232b0000)]
  0x0000000022e44800 JavaThread "Signal Dispatcher" daemon [_thread_blocked, id=3732, stack(0x00000000232c0000,0x00000000233c0000)]
  0x0000000022e45800 JavaThread "Attach Listener" daemon [_thread_blocked, id=10372, stack(0x0000000023410000,0x0000000023510000)]
  0x0000000022e46800 JavaThread "C2 CompilerThread0" daemon [_thread_blocked, id=7704, stack(0x00000000235c0000,0x00000000236c0000)]
  0x0000000022e4e800 JavaThread "C2 CompilerThread1" daemon [_thread_blocked, id=6600, stack(0x0000000021da0000,0x0000000021ea0000)]
  0x0000000022e5f800 JavaThread "C1 CompilerThread2" daemon [_thread_blocked, id=9528, stack(0x0000000023810000,0x0000000023910000)]
  0x0000000022ea5800 JavaThread "Sweeper thread" daemon [_thread_blocked, id=9692, stack(0x00000000239c0000,0x0000000023ac0000)]
  0x0000000023c09800 JavaThread "JDWP Transport Listener: dt_socket" daemon [_thread_blocked, id=9316, stack(0x00000000236c0000,0x00000000237c0000)] _threads_hazard_ptr=0x0000000023edb020
  0x0000000023c64800 JavaThread "JDWP Event Helper Thread" daemon [_thread_blocked, id=10792, stack(0x0000000024900000,0x0000000024a00000)]
  0x0000000023c67000 JavaThread "JDWP Command Reader" daemon [_thread_in_native, id=9792, stack(0x0000000024ae0000,0x0000000024be0000)]
  0x0000000023c9d000 JavaThread "Common-Cleaner" daemon [_thread_blocked, id=9900, stack(0x0000000024cf0000,0x0000000024df0000)]
  0x0000000023ef6800 JavaThread "Service Thread" daemon [_thread_blocked, id=9964, stack(0x0000000024f80000,0x0000000025080000)]

Other Threads:
=>0x0000000021c84000 VMThread "VM Thread" [stack: 0x0000000023020000,0x0000000023120000] [id=10784]
  0x0000000023edc800 WatcherThread [stack: 0x0000000024be0000,0x0000000024ce0000] [id=8240]
  0x000000000015b000 GCTaskThread "GC Thread#0" [stack: 0x000000001caf0000,0x000000001cbf0000] [id=5548]
  0x000000000015c000 GCTaskThread "GC Thread#1" [stack: 0x000000001cc60000,0x000000001cd60000] [id=6932]
  0x000000000015d800 GCTaskThread "GC Thread#2" [stack: 0x000000001cf00000,0x000000001d000000] [id=10812]
  0x0000000000161000 GCTaskThread "GC Thread#3" [stack: 0x000000001d0a0000,0x000000001d1a0000] [id=10660]
  0x0000000000197000 ConcurrentGCThread "G1 Main Marker" [stack: 0x000000001f640000,0x000000001f740000] [id=10192]
  0x0000000000199000 ConcurrentGCThread "G1 Conc#0" [stack: 0x000000001f870000,0x000000001f970000] [id=3816]
  0x00000000001cf800 ConcurrentGCThread "G1 Refine#0" [stack: 0x0000000021ca0000,0x0000000021da0000] [id=10856]
  0x0000000021ba3800 ConcurrentGCThread "G1 Refine#1" [stack: 0x0000000021ea0000,0x0000000021fa0000] [id=10720]
  0x0000000021ba7000 ConcurrentGCThread "G1 Refine#2" [stack: 0x0000000022120000,0x0000000022220000] [id=11052]
  0x0000000021baa000 ConcurrentGCThread "G1 Refine#3" [stack: 0x0000000022330000,0x0000000022430000] [id=8488]
  0x0000000021bb3000 ConcurrentGCThread "G1 Young RemSet Sampling" [stack: 0x0000000022470000,0x0000000022570000] [id=9684]

Threads with active compile tasks:

VM state:at safepoint (normal execution)

VM Mutex/Monitor currently owned by a thread:  ([mutex/lock_event])
[0x0000000000135320] Threads_lock - owner thread: 0x0000000021c84000

Heap address: 0x00000000c8600000, size: 890 MB, Compressed Oops mode: 32-bit
Narrow klass base: 0x0000000000000000, Narrow klass shift: 0
Compressed class space size: 1073741824 Address: 0x000000007fff0000

Heap:
 garbage-first heap   total 57344K, used 4096K [0x00000000c8600000, 0x0000000100000000)
  region size 1024K, 5 young (5120K), 0 survivors (0K)
 Metaspace       used 6297K, capacity 6457K, committed 6528K, reserved 1056768K
  class space    used 531K, capacity 598K, committed 640K, reserved 1048576K
Heap Regions: E=young(eden), S=young(survivor), O=old, HS=humongous(starts), HC=humongous(continues), CS=collection set, F=free, A=archive, TS=gc time stamp, AC=allocation context, TAMS=top-at-mark-start (previous, next)
|   0|0x00000000c8600000, 0x00000000c8600000, 0x00000000c8700000|  0%| F|  |TS  0|AC  0|TAMS 0x00000000c8600000, 0x00000000c8600000|
|   1|0x00000000c8700000, 0x00000000c8700000, 0x00000000c8800000|  0%| F|  |TS  0|AC  0|TAMS 0x00000000c8700000, 0x00000000c8700000|
|   2|0x00000000c8800000, 0x00000000c8800000, 0x00000000c8900000|  0%| F|  |TS  0|AC  0|TAMS 0x00000000c8800000, 0x00000000c8800000|
|   3|0x00000000c8900000, 0x00000000c8900000, 0x00000000c8a00000|  0%| F|  |TS  0|AC  0|TAMS 0x00000000c8900000, 0x00000000c8900000|
|   4|0x00000000c8a00000, 0x00000000c8a00000, 0x00000000c8b00000|  0%| F|  |TS  0|AC  0|TAMS 0x00000000c8a00000, 0x00000000c8a00000|
|   5|0x00000000c8b00000, 0x00000000c8b00000, 0x00000000c8c00000|  0%| F|  |TS  0|AC  0|TAMS 0x00000000c8b00000, 0x00000000c8b00000|
|   6|0x00000000c8c00000, 0x00000000c8c00000, 0x00000000c8d00000|  0%| F|  |TS  0|AC  0|TAMS 0x00000000c8c00000, 0x00000000c8c00000|
|   7|0x00000000c8d00000, 0x00000000c8d00000, 0x00000000c8e00000|  0%| F|  |TS  0|AC  0|TAMS 0x00000000c8d00000, 0x00000000c8d00000|
|   8|0x00000000c8e00000, 0x00000000c8e00000, 0x00000000c8f00000|  0%| F|  |TS  0|AC  0|TAMS 0x00000000c8e00000, 0x00000000c8e00000|
|   9|0x00000000c8f00000, 0x00000000c8f00000, 0x00000000c9000000|  0%| F|  |TS  0|AC  0|TAMS 0x00000000c8f00000, 0x00000000c8f00000|
|  10|0x00000000c9000000, 0x00000000c9000000, 0x00000000c9100000|  0%| F|  |TS  0|AC  0|TAMS 0x00000000c9000000, 0x00000000c9000000|
|  11|0x00000000c9100000, 0x00000000c9100000, 0x00000000c9200000|  0%| F|  |TS  0|AC  0|TAMS 0x00000000c9100000, 0x00000000c9100000|
|  12|0x00000000c9200000, 0x00000000c9200000, 0x00000000c9300000|  0%| F|  |TS  0|AC  0|TAMS 0x00000000c9200000, 0x00000000c9200000|
|  13|0x00000000c9300000, 0x00000000c9300000, 0x00000000c9400000|  0%| F|  |TS  0|AC  0|TAMS 0x00000000c9300000, 0x00000000c9300000|
|  14|0x00000000c9400000, 0x00000000c9400000, 0x00000000c9500000|  0%| F|  |TS  0|AC  0|TAMS 0x00000000c9400000, 0x00000000c9400000|
|  15|0x00000000c9500000, 0x00000000c9500000, 0x00000000c9600000|  0%| F|  |TS  0|AC  0|TAMS 0x00000000c9500000, 0x00000000c9500000|
|  16|0x00000000c9600000, 0x00000000c9600000, 0x00000000c9700000|  0%| F|  |TS  0|AC  0|TAMS 0x00000000c9600000, 0x00000000c9600000|
|  17|0x00000000c9700000, 0x00000000c9700000, 0x00000000c9800000|  0%| F|  |TS  0|AC  0|TAMS 0x00000000c9700000, 0x00000000c9700000|
|  18|0x00000000c9800000, 0x00000000c9800000, 0x00000000c9900000|  0%| F|  |TS  0|AC  0|TAMS 0x00000000c9800000, 0x00000000c9800000|
|  19|0x00000000c9900000, 0x00000000c9900000, 0x00000000c9a00000|  0%| F|  |TS  0|AC  0|TAMS 0x00000000c9900000, 0x00000000c9900000|
|  20|0x00000000c9a00000, 0x00000000c9a00000, 0x00000000c9b00000|  0%| F|  |TS  0|AC  0|TAMS 0x00000000c9a00000, 0x00000000c9a00000|
|  21|0x00000000c9b00000, 0x00000000c9b00000, 0x00000000c9c00000|  0%| F|  |TS  0|AC  0|TAMS 0x00000000c9b00000, 0x00000000c9b00000|
|  22|0x00000000c9c00000, 0x00000000c9c00000, 0x00000000c9d00000|  0%| F|  |TS  0|AC  0|TAMS 0x00000000c9c00000, 0x00000000c9c00000|
|  23|0x00000000c9d00000, 0x00000000c9d00000, 0x00000000c9e00000|  0%| F|  |TS  0|AC  0|TAMS 0x00000000c9d00000, 0x00000000c9d00000|
|  24|0x00000000c9e00000, 0x00000000c9e00000, 0x00000000c9f00000|  0%| F|  |TS  0|AC  0|TAMS 0x00000000c9e00000, 0x00000000c9e00000|
|  25|0x00000000c9f00000, 0x00000000c9f00000, 0x00000000ca000000|  0%| F|  |TS  0|AC  0|TAMS 0x00000000c9f00000, 0x00000000c9f00000|
|  26|0x00000000ca000000, 0x00000000ca000000, 0x00000000ca100000|  0%| F|  |TS  0|AC  0|TAMS 0x00000000ca000000, 0x00000000ca000000|
|  27|0x00000000ca100000, 0x00000000ca100000, 0x00000000ca200000|  0%| F|  |TS  0|AC  0|TAMS 0x00000000ca100000, 0x00000000ca100000|
|  28|0x00000000ca200000, 0x00000000ca200000, 0x00000000ca300000|  0%| F|  |TS  0|AC  0|TAMS 0x00000000ca200000, 0x00000000ca200000|
|  29|0x00000000ca300000, 0x00000000ca300000, 0x00000000ca400000|  0%| F|  |TS  0|AC  0|TAMS 0x00000000ca300000, 0x00000000ca300000|
|  30|0x00000000ca400000, 0x00000000ca400000, 0x00000000ca500000|  0%| F|  |TS  0|AC  0|TAMS 0x00000000ca400000, 0x00000000ca400000|
|  31|0x00000000ca500000, 0x00000000ca500000, 0x00000000ca600000|  0%| F|  |TS  0|AC  0|TAMS 0x00000000ca500000, 0x00000000ca500000|
|  32|0x00000000ca600000, 0x00000000ca600000, 0x00000000ca700000|  0%| F|  |TS  0|AC  0|TAMS 0x00000000ca600000, 0x00000000ca600000|
|  33|0x00000000ca700000, 0x00000000ca700000, 0x00000000ca800000|  0%| F|  |TS  0|AC  0|TAMS 0x00000000ca700000, 0x00000000ca700000|
|  34|0x00000000ca800000, 0x00000000ca800000, 0x00000000ca900000|  0%| F|  |TS  0|AC  0|TAMS 0x00000000ca800000, 0x00000000ca800000|
|  35|0x00000000ca900000, 0x00000000ca900000, 0x00000000caa00000|  0%| F|  |TS  0|AC  0|TAMS 0x00000000ca900000, 0x00000000ca900000|
|  36|0x00000000caa00000, 0x00000000caa00000, 0x00000000cab00000|  0%| F|  |TS  0|AC  0|TAMS 0x00000000caa00000, 0x00000000caa00000|
|  37|0x00000000cab00000, 0x00000000cab00000, 0x00000000cac00000|  0%| F|  |TS  0|AC  0|TAMS 0x00000000cab00000, 0x00000000cab00000|
|  38|0x00000000cac00000, 0x00000000cac00000, 0x00000000cad00000|  0%| F|  |TS  0|AC  0|TAMS 0x00000000cac00000, 0x00000000cac00000|
|  39|0x00000000cad00000, 0x00000000cad00000, 0x00000000cae00000|  0%| F|  |TS  0|AC  0|TAMS 0x00000000cad00000, 0x00000000cad00000|
|  40|0x00000000cae00000, 0x00000000cae00000, 0x00000000caf00000|  0%| F|  |TS  0|AC  0|TAMS 0x00000000cae00000, 0x00000000cae00000|
|  41|0x00000000caf00000, 0x00000000caf00000, 0x00000000cb000000|  0%| F|  |TS  0|AC  0|TAMS 0x00000000caf00000, 0x00000000caf00000|
|  42|0x00000000cb000000, 0x00000000cb000000, 0x00000000cb100000|  0%| F|  |TS  0|AC  0|TAMS 0x00000000cb000000, 0x00000000cb000000|
|  43|0x00000000cb100000, 0x00000000cb100000, 0x00000000cb200000|  0%| F|  |TS  0|AC  0|TAMS 0x00000000cb100000, 0x00000000cb100000|
|  44|0x00000000cb200000, 0x00000000cb200000, 0x00000000cb300000|  0%| F|  |TS  0|AC  0|TAMS 0x00000000cb200000, 0x00000000cb200000|
|  45|0x00000000cb300000, 0x00000000cb300000, 0x00000000cb400000|  0%| F|  |TS  0|AC  0|TAMS 0x00000000cb300000, 0x00000000cb300000|
|  46|0x00000000cb400000, 0x00000000cb400000, 0x00000000cb500000|  0%| F|  |TS  0|AC  0|TAMS 0x00000000cb400000, 0x00000000cb400000|
|  47|0x00000000cb500000, 0x00000000cb500000, 0x00000000cb600000|  0%| F|  |TS  0|AC  0|TAMS 0x00000000cb500000, 0x00000000cb500000|
|  48|0x00000000cb600000, 0x00000000cb600000, 0x00000000cb700000|  0%| F|  |TS  0|AC  0|TAMS 0x00000000cb600000, 0x00000000cb600000|
|  49|0x00000000cb700000, 0x00000000cb700000, 0x00000000cb800000|  0%| F|  |TS  0|AC  0|TAMS 0x00000000cb700000, 0x00000000cb700000|
|  50|0x00000000cb800000, 0x00000000cb800000, 0x00000000cb900000|  0%| F|  |TS  0|AC  0|TAMS 0x00000000cb800000, 0x00000000cb800000|
|  51|0x00000000cb900000, 0x00000000cba00000, 0x00000000cba00000|100%| E|  |TS  0|AC  0|TAMS 0x00000000cb900000, 0x00000000cb900000|
|  52|0x00000000cba00000, 0x00000000cbb00000, 0x00000000cbb00000|100%| E|CS|TS  0|AC  0|TAMS 0x00000000cba00000, 0x00000000cba00000|
|  53|0x00000000cbb00000, 0x00000000cbc00000, 0x00000000cbc00000|100%| E|CS|TS  0|AC  0|TAMS 0x00000000cbb00000, 0x00000000cbb00000|
|  54|0x00000000cbc00000, 0x00000000cbd00000, 0x00000000cbd00000|100%| E|CS|TS  0|AC  0|TAMS 0x00000000cbc00000, 0x00000000cbc00000|
|  55|0x00000000cbd00000, 0x00000000cbe00000, 0x00000000cbe00000|100%| E|CS|TS  0|AC  0|TAMS 0x00000000cbd00000, 0x00000000cbd00000|

Card table byte_map: [0x000000001d580000,0x000000001d740000] byte_map_base: 0x000000001cf3d000

Marking Bits (Prev, Next): (CMBitMap*) 0x00000000001966a0, (CMBitMap*) 0x00000000001966d8
 Prev Bits: [0x000000001d900000, 0x000000001e6e8000)
 Next Bits: [0x000000001e6f0000, 0x000000001f4d8000)

Polling page: 0x00000000001f0000

CodeHeap 'non-profiled nmethods': size=120064Kb used=105Kb max_used=105Kb free=119958Kb
 bounds [0x00000000154a0000, 0x0000000015710000, 0x000000001c9e0000]
CodeHeap 'profiled nmethods': size=120000Kb used=267Kb max_used=267Kb free=119732Kb
 bounds [0x000000000df70000, 0x000000000e1e0000, 0x00000000154a0000]
CodeHeap 'non-nmethods': size=5696Kb used=1099Kb max_used=1099Kb free=4596Kb
 bounds [0x000000000d9e0000, 0x000000000dc50000, 0x000000000df70000]
 total_blobs=688 nmethods=266 adapters=259
 compilation: enabled

Compilation events (10 events):
Event: 1.321 Thread 0x0000000022e46800  199       4       java.lang.StringLatin1::indexOf (61 bytes)
Event: 1.323 Thread 0x0000000022e5f800  200       3       java.lang.AbstractStringBuilder::newCapacity (55 bytes)
Event: 1.324 Thread 0x0000000022e5f800 nmethod 200 0x000000000dfb1a10 code [0x000000000dfb1be0, 0x000000000dfb1e88]
Event: 1.324 Thread 0x0000000022e5f800  201       3       java.lang.StringLatin1::indexOf (121 bytes)
Event: 1.325 Thread 0x0000000022e5f800 nmethod 201 0x000000000dfb1f90 code [0x000000000dfb2180, 0x000000000dfb26b0]
Event: 1.325 Thread 0x0000000022e5f800  202       3       java.lang.String::startsWith (7 bytes)
Event: 1.326 Thread 0x0000000022e5f800 nmethod 202 0x000000000dfb2910 code [0x000000000dfb2ac0, 0x000000000dfb2c68]
Event: 1.330 Thread 0x0000000022e46800 nmethod 199 0x00000000154b2190 code [0x00000000154b2320, 0x00000000154b24b8]
Event: 1.331 Thread 0x0000000022e5f800  203       1       java.net.URL::getProtocol (5 bytes)
Event: 1.331 Thread 0x0000000022e5f800 nmethod 203 0x00000000154b2610 code [0x00000000154b27c0, 0x00000000154b28d0]

GC Heap History (0 events):
No events

Deoptimization events (2 events):
Event: 0.887 Thread 0x0000000000142800 Uncommon trap: reason=unstable_if action=reinterpret pc=0x00000000154aab70 method=java.util.AbstractCollection.isEmpty()Z @ 4 c2
Event: 1.118 Thread 0x0000000000142800 Uncommon trap: reason=unstable_if action=reinterpret pc=0x00000000154a3198 method=java.lang.String.hashCode()I @ 14 c2

Classes redefined (7 events):
Event: 361.001 Thread 0x0000000021c84000 redefined class name=A, count=1
Event: 581.577 Thread 0x0000000021c84000 redefined class name=A, count=2
Event: 726.802 Thread 0x0000000021c84000 redefined class name=A, count=3
Event: 760.677 Thread 0x0000000021c84000 redefined class name=A, count=4
Event: 898.348 Thread 0x0000000021c84000 redefined class name=A, count=5
Event: 978.228 Thread 0x0000000021c84000 redefined class name=A, count=6
Event: 1259.133 Thread 0x0000000021c84000 redefined class name=A, count=7

Internal exceptions (4 events):
Event: 754.557 Thread 0x0000000000142800 Exception <a 'java/lang/NoSuchMethodError'{0x00000000cb97f580}: java.lang.invoke.DirectMethodHandle$Holder.invokeStatic(Ljava/lang/Object;Ljava/lang/Object;Ljava/lang/Object;Ljava/lang/Object;Ljava/lang/Object;Ljava/lang/Object;Ljava/lang/Object;Ljava/lan
Event: 755.039 Thread 0x0000000000142800 Exception <a 'java/lang/NoSuchMethodError'{0x00000000cb9a0ce8}: java.lang.invoke.DirectMethodHandle$Holder.invokeStatic(Ljava/lang/Object;Ljava/lang/Object;Ljava/lang/Object;Ljava/lang/Object;Ljava/lang/Object;Ljava/lang/Object;Ljava/lang/Object;Ljava/lan
Event: 755.549 Thread 0x0000000000142800 Exception <a 'java/lang/NoSuchMethodError'{0x00000000cb9c3308}: java.lang.invoke.DirectMethodHandle$Holder.invokeStatic(Ljava/lang/Object;Ljava/lang/Object;Ljava/lang/Object;Ljava/lang/Object;Ljava/lang/Object;Ljava/lang/Object;Ljava/lang/Object;Ljava/lan
Event: 756.122 Thread 0x0000000000142800 Exception <a 'java/lang/NoSuchMethodError'{0x00000000cb9e7cd8}: java.lang.invoke.DirectMethodHandle$Holder.invokeStatic(Ljava/lang/Object;Ljava/lang/Object;Ljava/lang/Object;Ljava/lang/Object;Ljava/lang/Object;Ljava/lang/Object;Ljava/lang/Object;Ljava/lan

Events (10 events):
Event: 1259.142 Executing VM operation: GetFrameLocation done
Event: 1259.142 Executing VM operation: GetOrSetLocal
Event: 1259.142 Executing VM operation: GetOrSetLocal done
Event: 1259.207 Executing VM operation: ChangeBreakpoints
Event: 1259.207 Executing VM operation: ChangeBreakpoints done
Event: 1259.269 Executing VM operation: GetFrameCount
Event: 1259.269 Executing VM operation: GetFrameCount done
Event: 1259.269 Executing VM operation: GetFrameLocation
Event: 1259.270 Executing VM operation: GetFrameLocation done
Event: 1259.284 Executing VM operation: GetOrSetLocal


Dynamic libraries:
0x000000013f210000 - 0x000000013f24e000 	C:\Program Files\Java\jdk-10\bin\java.exe
0x0000000077880000 - 0x0000000077a2a000 	C:\Windows\SYSTEM32\ntdll.dll
0x0000000077760000 - 0x000000007787f000 	C:\Windows\system32\kernel32.dll
0x000007fefd590000 - 0x000007fefd5fa000 	C:\Windows\system32\KERNELBASE.dll
0x000007feff9e0000 - 0x000007feffabb000 	C:\Windows\system32\ADVAPI32.dll
0x000007feff940000 - 0x000007feff9df000 	C:\Windows\system32\msvcrt.dll
0x000007fefd9a0000 - 0x000007fefd9bf000 	C:\Windows\SYSTEM32\sechost.dll
0x000007feff630000 - 0x000007feff75d000 	C:\Windows\system32\RPCRT4.dll
0x0000000077660000 - 0x000000007775a000 	C:\Windows\system32\USER32.dll
0x000007fefd930000 - 0x000007fefd997000 	C:\Windows\system32\GDI32.dll
0x000007fefeb90000 - 0x000007fefeb9e000 	C:\Windows\system32\LPK.dll
0x000007feffac0000 - 0x000007feffb8b000 	C:\Windows\system32\USP10.dll
0x000007fefc040000 - 0x000007fefc234000 	C:\Windows\WinSxS\amd64_microsoft.windows.common-controls_6595b64144ccf1df_6.0.7601.18837_none_fa3b1e3d17594757\COMCTL32.dll
0x000007feff790000 - 0x000007feff801000 	C:\Windows\system32\SHLWAPI.dll
0x000007fefcee0000 - 0x000007fefceec000 	C:\Windows\system32\VERSION.dll
0x000007feff760000 - 0x000007feff78e000 	C:\Windows\system32\IMM32.DLL
0x000007feff810000 - 0x000007feff919000 	C:\Windows\system32\MSCTF.dll
0x000007fee80d0000 - 0x000007fee81bf000 	C:\Program Files\Java\jdk-10\bin\msvcr120.dll
0x000007fef2940000 - 0x000007fef29e6000 	C:\Program Files\Java\jdk-10\bin\msvcp120.dll
0x000000005ce40000 - 0x000000005d8af000 	C:\Program Files\Java\jdk-10\bin\server\jvm.dll
0x000007fefb3e0000 - 0x000007fefb3e9000 	C:\Windows\system32\WSOCK32.dll
0x000007fefeb30000 - 0x000007fefeb7d000 	C:\Windows\system32\WS2_32.dll
0x000007fefeb80000 - 0x000007fefeb88000 	C:\Windows\system32\NSI.dll
0x000007fef98f0000 - 0x000007fef992b000 	C:\Windows\system32\WINMM.dll
0x0000000077a40000 - 0x0000000077a47000 	C:\Windows\system32\PSAPI.DLL
0x000007fefcd90000 - 0x000007fefcd9f000 	C:\Program Files\Java\jdk-10\bin\verify.dll
0x000007fef3670000 - 0x000007fef3795000 	C:\Windows\system32\DBGHELP.DLL
0x000007fef8050000 - 0x000007fef8077000 	C:\Program Files\Java\jdk-10\bin\java.dll
0x000007fef7f80000 - 0x000007fef7fb6000 	C:\Program Files\Java\jdk-10\bin\jdwp.dll
0x000007fef7f50000 - 0x000007fef7f7a000 	C:\Program Files\Java\jdk-10\bin\instrument.dll
0x000007fef8160000 - 0x000007fef8176000 	C:\Program Files\Java\jdk-10\bin\zip.dll
0x000007fefcd80000 - 0x000007fefcd8a000 	C:\Program Files\Java\jdk-10\bin\jimage.dll
0x000007fefdbc0000 - 0x000007fefe94b000 	C:\Windows\system32\SHELL32.dll
0x000007fefd9c0000 - 0x000007fefdbbc000 	C:\Windows\system32\ole32.dll
0x000007fefd580000 - 0x000007fefd58f000 	C:\Windows\system32\profapi.dll
0x000007fefa9a0000 - 0x000007fefa9aa000 	C:\Program Files\Java\jdk-10\bin\dt_socket.dll
0x000007fefca10000 - 0x000007fefca65000 	C:\Windows\system32\mswsock.dll
0x000007fefcef0000 - 0x000007fefcef7000 	C:\Windows\System32\wshtcpip.dll
0x000007fef7fe0000 - 0x000007fef7ffa000 	C:\Program Files\Java\jdk-10\bin\net.dll
0x000007fef8550000 - 0x000007fef85c1000 	C:\Windows\system32\WINHTTP.dll
0x000007fef84e0000 - 0x000007fef8544000 	C:\Windows\system32\webio.dll
0x000007fefca00000 - 0x000007fefca07000 	C:\Windows\System32\wship6.dll
0x000007fef7f10000 - 0x000007fef7f21000 	C:\Program Files\Java\jdk-10\bin\nio.dll

dbghelp: loaded successfully - version: 4.0.5 - missing functions: none
symbol engine: initialized successfully - sym options: 0x614 - pdb path: .;C:\Program Files\Java\jdk-10\bin;C:\Windows\SYSTEM32;C:\Windows\WinSxS\amd64_microsoft.windows.common-controls_6595b64144ccf1df_6.0.7601.18837_none_fa3b1e3d17594757;C:\Program Files\Java\jdk-10\bin\server

VM Arguments:
jvm_args: -agentlib:jdwp=transport=dt_socket,address=127.0.0.1:52318,suspend=y,server=n -javaagent:C:\Users\Administrator\.IdeaIC2018.1\system\captureAgent\debugger-agent.jar=file:/C:/Users/Administrator/AppData/Local/Temp/capture.props -Dfile.encoding=UTF-8 
java_command: A
java_class_path (initial): D:\GitBash\CS61B\skeleton-sp18-master\library-sp18\javalib;D:\LCsolution\273IntegertoEnglishWords\out\production\273IntegertoEnglishWords;F:\Program Files\IntelliJ\IntelliJ IDEA Community Edition 2018.1.1\lib\idea_rt.jar
Launcher Type: SUN_STANDARD

Logging:
Log output configuration:
#0: stdout all=warning uptime,level,tags
#1: stderr all=off uptime,level,tags

Environment Variables:
JAVA_HOME=C:\Program Files\Java\jdk-10
PATH=C:\ProgramData\Oracle\Java\javapath;C:\Windows\system32;C:\Windows;C:\Windows\System32\Wbem;C:\Windows\System32\WindowsPowerShell\v1.0\;C:\Program Files\Java\jdk-10\bin;G:\0 code\Python\Scripts\;G:\0 code\Python\
USERNAME=Administrator
OS=Windows_NT
PROCESSOR_IDENTIFIER=AMD64 Family 18 Model 1 Stepping 0, AuthenticAMD



---------------  S Y S T E M  ---------------

OS: Windows 7 , 64 bit Build 7601 (6.1.7601.23864)

CPU:total 4 (initial active 4) (4 cores per cpu, 1 threads per core) family 18 model 1 stepping 0, cmov, cx8, fxsr, mmx, sse, sse2, sse3, popcnt, mmxext, 3dnowpref, lzcnt, sse4a, tsc, tscinvbit, tscinv

Memory: 4k page, physical 3643504k(237556k free), swap 9433592k(1158200k free)

vm_info: Java HotSpot(TM) 64-Bit Server VM (10+46) for windows-amd64 JRE (10+46), built on Mar  8 2018 02:11:18 by "mach5one" with MS VC++ 12.0 (VS2013)

END.
