#
# A fatal error has been detected by the Java Runtime Environment:
#
#  Internal Error (t:/workspace/open/src/hotspot/share/oops/generateOopMap.cpp:1632), pid=6512, tid=4056
#  Error: ShouldNotReachHere()
#
# JRE version: Java(TM) SE Runtime Environment (10.0+46) (build 10+46)
# Java VM: Java HotSpot(TM) 64-Bit Server VM (10+46, mixed mode, tiered, compressed oops, g1 gc, windows-amd64)
# No core dump will be written. Minidumps are not enabled by default on client versions of Windows
#
# If you would like to submit a bug report, please visit:
#   http://bugreport.java.com/bugreport/crash.jsp
#

---------------  S U M M A R Y ------------

Command Line: -agentlib:jdwp=transport=dt_socket,address=127.0.0.1:53852,suspend=y,server=n -javaagent:C:\Users\Administrator\.IdeaIC2018.1\system\captureAgent\debugger-agent.jar=file:/C:/Users/Administrator/AppData/Local/Temp/capture1.props -Dfile.encoding=UTF-8 Solution

Host: AMD A6-3400M APU with Radeon(tm) HD Graphics, 4 cores, 3G,  Windows 7 , 64 bit Build 7601 (6.1.7601.23864)
Time: Sat Jun 16 16:10:25 2018 ?D1¨²¡À¨º¡Á?¨º¡À?? elapsed time: 337 seconds (0d 0h 5m 37s)

---------------  T H R E A D  ---------------

Current thread (0x0000000022f7f800):  VMThread "VM Thread" [stack: 0x0000000023170000,0x0000000023270000] [id=4056]

Stack: [0x0000000023170000,0x0000000023270000]
[error occurred during error reporting (printing stack bounds), id 0xe0000000]

Native frames: (J=compiled Java code, j=interpreted, Vv=VM code, C=native code)
V  [jvm.dll+0x59fbf9]
V  [jvm.dll+0x6bca11]
V  [jvm.dll+0x6bdc06]
V  [jvm.dll+0x6be1f5]
V  [jvm.dll+0x6be1ab]
V  [jvm.dll+0x59f3f3]
V  [jvm.dll+0x59f7f8]
C  [ntdll.dll+0x2812d]
C  [ntdll.dll+0x1855f]
C  [ntdll.dll+0x4bcb8]
C  0x000000000d920ea7

VM_Operation (0x00000000240ef470): GetOrSetLocal, mode: safepoint, requested by thread 0x0000000023d7a000


---------------  P R O C E S S  ---------------

Threads class SMR info:
_java_thread_list=0x0000000023ec7df0, length=14, elements={
0x0000000000324000, 0x0000000022f82000, 0x0000000022f85000, 0x0000000022fac000,
0x0000000022fad000, 0x0000000022fae800, 0x0000000022fb3800, 0x0000000022fc0000,
0x000000002300d800, 0x0000000023d7a000, 0x0000000023e3c000, 0x0000000023e3f000,
0x0000000023c89000, 0x0000000023ec1000
}

Java Threads: ( => current thread )
  0x0000000000324000 JavaThread "main" [_thread_blocked, id=3968, stack(0x0000000002570000,0x0000000002670000)]
  0x0000000022f82000 JavaThread "Reference Handler" daemon [_thread_blocked, id=6652, stack(0x0000000022250000,0x0000000022350000)]
  0x0000000022f85000 JavaThread "Finalizer" daemon [_thread_blocked, id=9100, stack(0x0000000023270000,0x0000000023370000)]
  0x0000000022fac000 JavaThread "Signal Dispatcher" daemon [_thread_blocked, id=6836, stack(0x00000000233f0000,0x00000000234f0000)]
  0x0000000022fad000 JavaThread "Attach Listener" daemon [_thread_blocked, id=1760, stack(0x00000000224d0000,0x00000000225d0000)]
  0x0000000022fae800 JavaThread "C2 CompilerThread0" daemon [_thread_blocked, id=6268, stack(0x0000000023570000,0x0000000023670000)]
  0x0000000022fb3800 JavaThread "C2 CompilerThread1" daemon [_thread_blocked, id=7668, stack(0x00000000237c0000,0x00000000238c0000)]
  0x0000000022fc0000 JavaThread "C1 CompilerThread2" daemon [_thread_blocked, id=4944, stack(0x0000000023970000,0x0000000023a70000)]
  0x000000002300d800 JavaThread "Sweeper thread" daemon [_thread_blocked, id=4632, stack(0x0000000023ab0000,0x0000000023bb0000)]
  0x0000000023d7a000 JavaThread "JDWP Transport Listener: dt_socket" daemon [_thread_blocked, id=8476, stack(0x0000000023ff0000,0x00000000240f0000)] _threads_hazard_ptr=0x0000000023ec7df0
  0x0000000023e3c000 JavaThread "JDWP Event Helper Thread" daemon [_thread_blocked, id=7872, stack(0x00000000242e0000,0x00000000243e0000)]
  0x0000000023e3f000 JavaThread "JDWP Command Reader" daemon [_thread_in_native, id=8260, stack(0x0000000024490000,0x0000000024590000)]
  0x0000000023c89000 JavaThread "Common-Cleaner" daemon [_thread_blocked, id=9032, stack(0x0000000024660000,0x0000000024760000)]
  0x0000000023ec1000 JavaThread "Service Thread" daemon [_thread_blocked, id=9052, stack(0x00000000241c0000,0x00000000242c0000)]

Other Threads:
=>0x0000000022f7f800 VMThread "VM Thread" [stack: 0x0000000023170000,0x0000000023270000] [id=4056]
  0x0000000023ec4800 WatcherThread [stack: 0x0000000024830000,0x0000000024930000] [id=8064]
  0x000000000034d000 GCTaskThread "GC Thread#0" [stack: 0x000000001cbf0000,0x000000001ccf0000] [id=8436]
  0x000000000034e800 GCTaskThread "GC Thread#1" [stack: 0x000000001ce70000,0x000000001cf70000] [id=3484]
  0x0000000000350800 GCTaskThread "GC Thread#2" [stack: 0x000000001cd60000,0x000000001ce60000] [id=3664]
  0x0000000000354000 GCTaskThread "GC Thread#3" [stack: 0x000000001d090000,0x000000001d190000] [id=7852]
  0x0000000000385000 ConcurrentGCThread "G1 Main Marker" [stack: 0x000000001f7a0000,0x000000001f8a0000] [id=5744]
  0x0000000000386800 ConcurrentGCThread "G1 Conc#0" [stack: 0x000000001f8d0000,0x000000001f9d0000] [id=5200]
  0x00000000003a4800 ConcurrentGCThread "G1 Refine#0" [stack: 0x0000000021e60000,0x0000000021f60000] [id=6596]
  0x00000000003aa000 ConcurrentGCThread "G1 Refine#1" [stack: 0x0000000022150000,0x0000000022250000] [id=8740]
  0x00000000003ac800 ConcurrentGCThread "G1 Refine#2" [stack: 0x0000000021ff0000,0x00000000220f0000] [id=8784]
  0x00000000003ad800 ConcurrentGCThread "G1 Refine#3" [stack: 0x00000000223b0000,0x00000000224b0000] [id=1180]
  0x00000000003ae800 ConcurrentGCThread "G1 Young RemSet Sampling" [stack: 0x00000000225e0000,0x00000000226e0000] [id=4716]

Threads with active compile tasks:

VM state:at safepoint (normal execution)

VM Mutex/Monitor currently owned by a thread:  ([mutex/lock_event])
[0x000000000031f030] Threads_lock - owner thread: 0x0000000022f7f800

Heap address: 0x00000000c8600000, size: 890 MB, Compressed Oops mode: 32-bit
Narrow klass base: 0x0000000000000000, Narrow klass shift: 0
Compressed class space size: 1073741824 Address: 0x000000007fff0000

Heap:
 garbage-first heap   total 57344K, used 2048K [0x00000000c8600000, 0x0000000100000000)
  region size 1024K, 3 young (3072K), 0 survivors (0K)
 Metaspace       used 5185K, capacity 5264K, committed 5376K, reserved 1056768K
  class space    used 437K, capacity 496K, committed 512K, reserved 1048576K
Heap Regions: E=young(eden), S=young(survivor), O=old, HS=humongous(starts), HC=humongous(continues), CS=collection set, F=free, A=archive, TS=gc time stamp, AC=allocation context, TAMS=top-at-mark-start (previous, next)
|   0|0x00000000c8600000, 0x00000000c8600000, 0x00000000c8700000|  0%| F|  |TS  0|AC  0|TAMS 0x00000000c8600000, 0x00000000c8600000|
|   1|0x00000000c8700000, 0x00000000c8700000, 0x00000000c8800000|  0%| F|  |TS  0|AC  0|TAMS 0x00000000c8700000, 0x00000000c8700000|
|   2|0x00000000c8800000, 0x00000000c8800000, 0x00000000c8900000|  0%| F|  |TS  0|AC  0|TAMS 0x00000000c8800000, 0x00000000c8800000|
|   3|0x00000000c8900000, 0x00000000c8900000, 0x00000000c8a00000|  0%| F|  |TS  0|AC  0|TAMS 0x00000000c8900000, 0x00000000c8900000|
|   4|0x00000000c8a00000, 0x00000000c8a00000, 0x00000000c8b00000|  0%| F|  |TS  0|AC  0|TAMS 0x00000000c8a00000, 0x00000000c8a00000|
|   5|0x00000000c8b00000, 0x00000000c8b00000, 0x00000000c8c00000|  0%| F|  |TS  0|AC  0|TAMS 0x00000000c8b00000, 0x00000000c8b00000|
|   6|0x00000000c8c00000, 0x00000000c8c00000, 0x00000000c8d00000|  0%| F|  |TS  0|AC  0|TAMS 0x00000000c8c00000, 0x00000000c8c00000|
|   7|0x00000000c8d00000, 0x00000000c8d00000, 0x00000000c8e00000|  0%| F|  |TS  0|AC  0|TAMS 0x00000000c8d00000, 0x00000000c8d00000|
|   8|0x00000000c8e00000, 0x00000000c8e00000, 0x00000000c8f00000|  0%| F|  |TS  0|AC  0|TAMS 0x00000000c8e00000, 0x00000000c8e00000|
|   9|0x00000000c8f00000, 0x00000000c8f00000, 0x00000000c9000000|  0%| F|  |TS  0|AC  0|TAMS 0x00000000c8f00000, 0x00000000c8f00000|
|  10|0x00000000c9000000, 0x00000000c9000000, 0x00000000c9100000|  0%| F|  |TS  0|AC  0|TAMS 0x00000000c9000000, 0x00000000c9000000|
|  11|0x00000000c9100000, 0x00000000c9100000, 0x00000000c9200000|  0%| F|  |TS  0|AC  0|TAMS 0x00000000c9100000, 0x00000000c9100000|
|  12|0x00000000c9200000, 0x00000000c9200000, 0x00000000c9300000|  0%| F|  |TS  0|AC  0|TAMS 0x00000000c9200000, 0x00000000c9200000|
|  13|0x00000000c9300000, 0x00000000c9300000, 0x00000000c9400000|  0%| F|  |TS  0|AC  0|TAMS 0x00000000c9300000, 0x00000000c9300000|
|  14|0x00000000c9400000, 0x00000000c9400000, 0x00000000c9500000|  0%| F|  |TS  0|AC  0|TAMS 0x00000000c9400000, 0x00000000c9400000|
|  15|0x00000000c9500000, 0x00000000c9500000, 0x00000000c9600000|  0%| F|  |TS  0|AC  0|TAMS 0x00000000c9500000, 0x00000000c9500000|
|  16|0x00000000c9600000, 0x00000000c9600000, 0x00000000c9700000|  0%| F|  |TS  0|AC  0|TAMS 0x00000000c9600000, 0x00000000c9600000|
|  17|0x00000000c9700000, 0x00000000c9700000, 0x00000000c9800000|  0%| F|  |TS  0|AC  0|TAMS 0x00000000c9700000, 0x00000000c9700000|
|  18|0x00000000c9800000, 0x00000000c9800000, 0x00000000c9900000|  0%| F|  |TS  0|AC  0|TAMS 0x00000000c9800000, 0x00000000c9800000|
|  19|0x00000000c9900000, 0x00000000c9900000, 0x00000000c9a00000|  0%| F|  |TS  0|AC  0|TAMS 0x00000000c9900000, 0x00000000c9900000|
|  20|0x00000000c9a00000, 0x00000000c9a00000, 0x00000000c9b00000|  0%| F|  |TS  0|AC  0|TAMS 0x00000000c9a00000, 0x00000000c9a00000|
|  21|0x00000000c9b00000, 0x00000000c9b00000, 0x00000000c9c00000|  0%| F|  |TS  0|AC  0|TAMS 0x00000000c9b00000, 0x00000000c9b00000|
|  22|0x00000000c9c00000, 0x00000000c9c00000, 0x00000000c9d00000|  0%| F|  |TS  0|AC  0|TAMS 0x00000000c9c00000, 0x00000000c9c00000|
|  23|0x00000000c9d00000, 0x00000000c9d00000, 0x00000000c9e00000|  0%| F|  |TS  0|AC  0|TAMS 0x00000000c9d00000, 0x00000000c9d00000|
|  24|0x00000000c9e00000, 0x00000000c9e00000, 0x00000000c9f00000|  0%| F|  |TS  0|AC  0|TAMS 0x00000000c9e00000, 0x00000000c9e00000|
|  25|0x00000000c9f00000, 0x00000000c9f00000, 0x00000000ca000000|  0%| F|  |TS  0|AC  0|TAMS 0x00000000c9f00000, 0x00000000c9f00000|
|  26|0x00000000ca000000, 0x00000000ca000000, 0x00000000ca100000|  0%| F|  |TS  0|AC  0|TAMS 0x00000000ca000000, 0x00000000ca000000|
|  27|0x00000000ca100000, 0x00000000ca100000, 0x00000000ca200000|  0%| F|  |TS  0|AC  0|TAMS 0x00000000ca100000, 0x00000000ca100000|
|  28|0x00000000ca200000, 0x00000000ca200000, 0x00000000ca300000|  0%| F|  |TS  0|AC  0|TAMS 0x00000000ca200000, 0x00000000ca200000|
|  29|0x00000000ca300000, 0x00000000ca300000, 0x00000000ca400000|  0%| F|  |TS  0|AC  0|TAMS 0x00000000ca300000, 0x00000000ca300000|
|  30|0x00000000ca400000, 0x00000000ca400000, 0x00000000ca500000|  0%| F|  |TS  0|AC  0|TAMS 0x00000000ca400000, 0x00000000ca400000|
|  31|0x00000000ca500000, 0x00000000ca500000, 0x00000000ca600000|  0%| F|  |TS  0|AC  0|TAMS 0x00000000ca500000, 0x00000000ca500000|
|  32|0x00000000ca600000, 0x00000000ca600000, 0x00000000ca700000|  0%| F|  |TS  0|AC  0|TAMS 0x00000000ca600000, 0x00000000ca600000|
|  33|0x00000000ca700000, 0x00000000ca700000, 0x00000000ca800000|  0%| F|  |TS  0|AC  0|TAMS 0x00000000ca700000, 0x00000000ca700000|
|  34|0x00000000ca800000, 0x00000000ca800000, 0x00000000ca900000|  0%| F|  |TS  0|AC  0|TAMS 0x00000000ca800000, 0x00000000ca800000|
|  35|0x00000000ca900000, 0x00000000ca900000, 0x00000000caa00000|  0%| F|  |TS  0|AC  0|TAMS 0x00000000ca900000, 0x00000000ca900000|
|  36|0x00000000caa00000, 0x00000000caa00000, 0x00000000cab00000|  0%| F|  |TS  0|AC  0|TAMS 0x00000000caa00000, 0x00000000caa00000|
|  37|0x00000000cab00000, 0x00000000cab00000, 0x00000000cac00000|  0%| F|  |TS  0|AC  0|TAMS 0x00000000cab00000, 0x00000000cab00000|
|  38|0x00000000cac00000, 0x00000000cac00000, 0x00000000cad00000|  0%| F|  |TS  0|AC  0|TAMS 0x00000000cac00000, 0x00000000cac00000|
|  39|0x00000000cad00000, 0x00000000cad00000, 0x00000000cae00000|  0%| F|  |TS  0|AC  0|TAMS 0x00000000cad00000, 0x00000000cad00000|
|  40|0x00000000cae00000, 0x00000000cae00000, 0x00000000caf00000|  0%| F|  |TS  0|AC  0|TAMS 0x00000000cae00000, 0x00000000cae00000|
|  41|0x00000000caf00000, 0x00000000caf00000, 0x00000000cb000000|  0%| F|  |TS  0|AC  0|TAMS 0x00000000caf00000, 0x00000000caf00000|
|  42|0x00000000cb000000, 0x00000000cb000000, 0x00000000cb100000|  0%| F|  |TS  0|AC  0|TAMS 0x00000000cb000000, 0x00000000cb000000|
|  43|0x00000000cb100000, 0x00000000cb100000, 0x00000000cb200000|  0%| F|  |TS  0|AC  0|TAMS 0x00000000cb100000, 0x00000000cb100000|
|  44|0x00000000cb200000, 0x00000000cb200000, 0x00000000cb300000|  0%| F|  |TS  0|AC  0|TAMS 0x00000000cb200000, 0x00000000cb200000|
|  45|0x00000000cb300000, 0x00000000cb300000, 0x00000000cb400000|  0%| F|  |TS  0|AC  0|TAMS 0x00000000cb300000, 0x00000000cb300000|
|  46|0x00000000cb400000, 0x00000000cb400000, 0x00000000cb500000|  0%| F|  |TS  0|AC  0|TAMS 0x00000000cb400000, 0x00000000cb400000|
|  47|0x00000000cb500000, 0x00000000cb500000, 0x00000000cb600000|  0%| F|  |TS  0|AC  0|TAMS 0x00000000cb500000, 0x00000000cb500000|
|  48|0x00000000cb600000, 0x00000000cb600000, 0x00000000cb700000|  0%| F|  |TS  0|AC  0|TAMS 0x00000000cb600000, 0x00000000cb600000|
|  49|0x00000000cb700000, 0x00000000cb700000, 0x00000000cb800000|  0%| F|  |TS  0|AC  0|TAMS 0x00000000cb700000, 0x00000000cb700000|
|  50|0x00000000cb800000, 0x00000000cb800000, 0x00000000cb900000|  0%| F|  |TS  0|AC  0|TAMS 0x00000000cb800000, 0x00000000cb800000|
|  51|0x00000000cb900000, 0x00000000cb900000, 0x00000000cba00000|  0%| F|  |TS  0|AC  0|TAMS 0x00000000cb900000, 0x00000000cb900000|
|  52|0x00000000cba00000, 0x00000000cba00000, 0x00000000cbb00000|  0%| F|  |TS  0|AC  0|TAMS 0x00000000cba00000, 0x00000000cba00000|
|  53|0x00000000cbb00000, 0x00000000cbc00000, 0x00000000cbc00000|100%| E|  |TS  0|AC  0|TAMS 0x00000000cbb00000, 0x00000000cbb00000|
|  54|0x00000000cbc00000, 0x00000000cbd00000, 0x00000000cbd00000|100%| E|CS|TS  0|AC  0|TAMS 0x00000000cbc00000, 0x00000000cbc00000|
|  55|0x00000000cbd00000, 0x00000000cbe00000, 0x00000000cbe00000|100%| E|CS|TS  0|AC  0|TAMS 0x00000000cbd00000, 0x00000000cbd00000|

Card table byte_map: [0x000000001d680000,0x000000001d840000] byte_map_base: 0x000000001d03d000

Marking Bits (Prev, Next): (CMBitMap*) 0x0000000000384630, (CMBitMap*) 0x0000000000384668
 Prev Bits: [0x000000001da00000, 0x000000001e7e8000)
 Next Bits: [0x000000001e7f0000, 0x000000001f5d8000)

Polling page: 0x00000000001f0000

CodeHeap 'non-profiled nmethods': size=120064Kb used=67Kb max_used=67Kb free=119996Kb
 bounds [0x00000000153e0000, 0x0000000015650000, 0x000000001c920000]
CodeHeap 'profiled nmethods': size=120000Kb used=224Kb max_used=224Kb free=119775Kb
 bounds [0x000000000deb0000, 0x000000000e120000, 0x00000000153e0000]
CodeHeap 'non-nmethods': size=5696Kb used=1069Kb max_used=1080Kb free=4626Kb
 bounds [0x000000000d920000, 0x000000000db90000, 0x000000000deb0000]
 total_blobs=561 nmethods=187 adapters=211
 compilation: enabled

Compilation events (10 events):
Event: 1.117 Thread 0x0000000022fc0000  183       3       java.lang.StringLatin1::lastIndexOf (40 bytes)
Event: 1.118 Thread 0x0000000022fc0000 nmethod 183 0x000000000dee6610 code [0x000000000dee67e0, 0x000000000dee6bd0]
Event: 1.118 Thread 0x0000000022fc0000  184       3       java.lang.String::startsWith (138 bytes)
Event: 1.120 Thread 0x0000000022fc0000 nmethod 184 0x000000000dee6d10 code [0x000000000dee6f60, 0x000000000dee7930]
Event: 1.125 Thread 0x0000000022fae800  185       4       java.lang.StringLatin1::indexOf (61 bytes)
Event: 1.134 Thread 0x0000000022fae800 nmethod 185 0x00000000153f0610 code [0x00000000153f07a0, 0x00000000153f0938]
Event: 1.171 Thread 0x0000000022fc0000  186       3       java.lang.AbstractStringBuilder::newCapacity (55 bytes)
Event: 1.172 Thread 0x0000000022fc0000 nmethod 186 0x000000000dee7c10 code [0x000000000dee7de0, 0x000000000dee8088]
Event: 1.200 Thread 0x0000000022fc0000  187       1       java.nio.Buffer::position (5 bytes)
Event: 1.200 Thread 0x0000000022fc0000 nmethod 187 0x00000000153f0a90 code [0x00000000153f0c40, 0x00000000153f0d50]

GC Heap History (0 events):
No events

Deoptimization events (2 events):
Event: 0.925 Thread 0x0000000000324000 Uncommon trap: reason=unstable_if action=reinterpret pc=0x00000000153e8f6c method=java.lang.String.isLatin1()Z @ 10 c2
Event: 0.958 Thread 0x0000000000324000 Uncommon trap: reason=unstable_if action=reinterpret pc=0x00000000153e5298 method=java.lang.String.hashCode()I @ 14 c2

Classes redefined (3 events):
Event: 141.001 Thread 0x0000000022f7f800 redefined class name=Solution, count=1
Event: 171.062 Thread 0x0000000022f7f800 redefined class name=Solution, count=2
Event: 337.843 Thread 0x0000000022f7f800 redefined class name=Solution, count=3

Internal exceptions (0 events):
No events

Events (10 events):
Event: 337.853 Executing VM operation: GetOrSetLocal done
Event: 337.874 Executing VM operation: ChangeBreakpoints
Event: 337.875 Executing VM operation: ChangeBreakpoints done
Event: 337.879 Executing VM operation: GetFrameCount
Event: 337.879 Executing VM operation: GetFrameCount done
Event: 337.879 Executing VM operation: GetFrameLocation
Event: 337.879 Executing VM operation: GetFrameLocation done
Event: 337.882 Executing VM operation: GetFrameLocation
Event: 337.882 Executing VM operation: GetFrameLocation done
Event: 337.882 Executing VM operation: GetOrSetLocal


Dynamic libraries:
0x000000013fe60000 - 0x000000013fe9e000 	C:\Program Files\Java\jdk-10\bin\java.exe
0x0000000076eb0000 - 0x000000007705a000 	C:\Windows\SYSTEM32\ntdll.dll
0x0000000076d90000 - 0x0000000076eaf000 	C:\Windows\system32\kernel32.dll
0x000007fefcef0000 - 0x000007fefcf5a000 	C:\Windows\system32\KERNELBASE.dll
0x000007fefdcc0000 - 0x000007fefdd9b000 	C:\Windows\system32\ADVAPI32.dll
0x000007fefee60000 - 0x000007fefeeff000 	C:\Windows\system32\msvcrt.dll
0x000007feff120000 - 0x000007feff13f000 	C:\Windows\SYSTEM32\sechost.dll
0x000007fefd170000 - 0x000007fefd29d000 	C:\Windows\system32\RPCRT4.dll
0x0000000076c90000 - 0x0000000076d8a000 	C:\Windows\system32\USER32.dll
0x000007fefd470000 - 0x000007fefd4d7000 	C:\Windows\system32\GDI32.dll
0x000007feff100000 - 0x000007feff10e000 	C:\Windows\system32\LPK.dll
0x000007fefd3a0000 - 0x000007fefd46b000 	C:\Windows\system32\USP10.dll
0x000007fefb670000 - 0x000007fefb864000 	C:\Windows\WinSxS\amd64_microsoft.windows.common-controls_6595b64144ccf1df_6.0.7601.18837_none_fa3b1e3d17594757\COMCTL32.dll
0x000007fefd2a0000 - 0x000007fefd311000 	C:\Windows\system32\SHLWAPI.dll
0x000007fefc490000 - 0x000007fefc49c000 	C:\Windows\system32\VERSION.dll
0x000007fefcf60000 - 0x000007fefcf8e000 	C:\Windows\system32\IMM32.DLL
0x000007fefd930000 - 0x000007fefda39000 	C:\Windows\system32\MSCTF.dll
0x000007fef1890000 - 0x000007fef197f000 	C:\Program Files\Java\jdk-10\bin\msvcr120.dll
0x000007fef35b0000 - 0x000007fef3656000 	C:\Program Files\Java\jdk-10\bin\msvcp120.dll
0x0000000053060000 - 0x0000000053acf000 	C:\Program Files\Java\jdk-10\bin\server\jvm.dll
0x000007fefc430000 - 0x000007fefc439000 	C:\Windows\system32\WSOCK32.dll
0x000007fefdc70000 - 0x000007fefdcbd000 	C:\Windows\system32\WS2_32.dll
0x000007feff110000 - 0x000007feff118000 	C:\Windows\system32\NSI.dll
0x000007fef8b10000 - 0x000007fef8b4b000 	C:\Windows\system32\WINMM.dll
0x0000000077080000 - 0x0000000077087000 	C:\Windows\system32\PSAPI.DLL
0x000007fef8030000 - 0x000007fef803f000 	C:\Program Files\Java\jdk-10\bin\verify.dll
0x000007fef1bb0000 - 0x000007fef1cd5000 	C:\Windows\system32\DBGHELP.DLL
0x000007fef58e0000 - 0x000007fef5907000 	C:\Program Files\Java\jdk-10\bin\java.dll
0x000007fef3f60000 - 0x000007fef3f96000 	C:\Program Files\Java\jdk-10\bin\jdwp.dll
0x000007fef3f30000 - 0x000007fef3f5a000 	C:\Program Files\Java\jdk-10\bin\instrument.dll
0x000007fef8010000 - 0x000007fef8026000 	C:\Program Files\Java\jdk-10\bin\zip.dll
0x000007fef8040000 - 0x000007fef804a000 	C:\Program Files\Java\jdk-10\bin\jimage.dll
0x000007fefe0d0000 - 0x000007fefee5b000 	C:\Windows\system32\SHELL32.dll
0x000007fefef00000 - 0x000007feff0fc000 	C:\Windows\system32\ole32.dll
0x000007fefcba0000 - 0x000007fefcbaf000 	C:\Windows\system32\profapi.dll
0x000007fef7850000 - 0x000007fef785a000 	C:\Program Files\Java\jdk-10\bin\dt_socket.dll
0x000007fefc040000 - 0x000007fefc095000 	C:\Windows\system32\mswsock.dll
0x000007fefc4a0000 - 0x000007fefc4a7000 	C:\Windows\System32\wshtcpip.dll
0x000007fef56c0000 - 0x000007fef56da000 	C:\Program Files\Java\jdk-10\bin\net.dll
0x000007fef9920000 - 0x000007fef9991000 	C:\Windows\system32\WINHTTP.dll
0x000007fef83e0000 - 0x000007fef8444000 	C:\Windows\system32\webio.dll
0x000007fefc030000 - 0x000007fefc037000 	C:\Windows\System32\wship6.dll
0x000007fef4300000 - 0x000007fef4311000 	C:\Program Files\Java\jdk-10\bin\nio.dll

dbghelp: loaded successfully - version: 4.0.5 - missing functions: none
symbol engine: initialized successfully - sym options: 0x614 - pdb path: .;C:\Program Files\Java\jdk-10\bin;C:\Windows\SYSTEM32;C:\Windows\WinSxS\amd64_microsoft.windows.common-controls_6595b64144ccf1df_6.0.7601.18837_none_fa3b1e3d17594757;C:\Program Files\Java\jdk-10\bin\server

VM Arguments:
jvm_args: -agentlib:jdwp=transport=dt_socket,address=127.0.0.1:53852,suspend=y,server=n -javaagent:C:\Users\Administrator\.IdeaIC2018.1\system\captureAgent\debugger-agent.jar=file:/C:/Users/Administrator/AppData/Local/Temp/capture1.props -Dfile.encoding=UTF-8 
java_command: Solution
java_class_path (initial): D:\LCsolution\3. Longest Substring Without Repeating Characters\out\production\3. Longest Substring Without Repeating Characters;D:\Program Files\JetBrains\IntelliJ IDEA Community Edition 2018.1.1\lib\idea_rt.jar
Launcher Type: SUN_STANDARD

Logging:
Log output configuration:
#0: stdout all=warning uptime,level,tags
#1: stderr all=off uptime,level,tags

Environment Variables:
JAVA_HOME=C:\Program Files\Java\jdk-10
PATH=C:\ProgramData\Oracle\Java\javapath;C:\Windows\system32;C:\Windows;C:\Windows\System32\Wbem;C:\Windows\System32\WindowsPowerShell\v1.0\;C:\Program Files\Java\jdk-10\bin;G:\0 code\Python\Scripts\;G:\0 code\Python\;C:\Users\Administrator\AppData\Local\GitHubDesktop\bin
USERNAME=Administrator
OS=Windows_NT
PROCESSOR_IDENTIFIER=AMD64 Family 18 Model 1 Stepping 0, AuthenticAMD



---------------  S Y S T E M  ---------------

OS: Windows 7 , 64 bit Build 7601 (6.1.7601.23864)

CPU:total 4 (initial active 4) (4 cores per cpu, 1 threads per core) family 18 model 1 stepping 0, cmov, cx8, fxsr, mmx, sse, sse2, sse3, popcnt, mmxext, 3dnowpref, lzcnt, sse4a, tsc, tscinvbit, tscinv

Memory: 4k page, physical 3643504k(448864k free), swap 7285148k(2451468k free)

vm_info: Java HotSpot(TM) 64-Bit Server VM (10+46) for windows-amd64 JRE (10+46), built on Mar  8 2018 02:11:18 by "mach5one" with MS VC++ 12.0 (VS2013)

END.
