#
# A fatal error has been detected by the Java Runtime Environment:
#
#  Internal Error (t:/workspace/open/src/hotspot/share/oops/generateOopMap.cpp:2162), pid=10248, tid=5212
#  fatal error: Illegal class file encountered. Try running with -Xverify:all in method start
#
# JRE version: Java(TM) SE Runtime Environment (10.0+46) (build 10+46)
# Java VM: Java HotSpot(TM) 64-Bit Server VM (10+46, mixed mode, tiered, compressed oops, g1 gc, windows-amd64)
# No core dump will be written. Minidumps are not enabled by default on client versions of Windows
#
# If you would like to submit a bug report, please visit:
#   http://bugreport.java.com/bugreport/crash.jsp
#

---------------  S U M M A R Y ------------

Command Line: -agentlib:jdwp=transport=dt_socket,address=127.0.0.1:62497,suspend=y,server=n -javaagent:C:\Users\Administrator\AppData\Local\Temp\capture14236jars\debugger-agent.jar=file:/C:/Users/Administrator/AppData/Local/Temp/capture.props -Dfile.encoding=UTF-8 A

Host: AMD A6-3400M APU with Radeon(tm) HD Graphics, 4 cores, 3G,  Windows 7 , 64 bit Build 7601 (6.1.7601.23864)
Time: Sat May 26 11:40:13 2018 ?D1¨²¡À¨º¡Á?¨º¡À?? elapsed time: 274 seconds (0d 0h 4m 34s)

---------------  T H R E A D  ---------------

Current thread (0x0000000021cab000):  VMThread "VM Thread" [stack: 0x0000000062f40000,0x0000000063040000] [id=5212]

Stack: [0x0000000062f40000,0x0000000063040000]
[error occurred during error reporting (printing stack bounds), id 0xe0000000]

Native frames: (J=compiled Java code, j=interpreted, Vv=VM code, C=native code)
V  [jvm.dll+0x59fbf9]
V  [jvm.dll+0x6bca11]
V  [jvm.dll+0x6bdc06]
V  [jvm.dll+0x6be1f5]
V  [jvm.dll+0x6be1ab]
V  [jvm.dll+0x59f3f3]
V  [jvm.dll+0x59f7f8]
C  [ntdll.dll+0x2812d]
C  [ntdll.dll+0x1855f]
C  [ntdll.dll+0x4bcb8]
C  0x000000000d9e0ea7

VM_Operation (0x000000006428f400): GetOrSetLocal, mode: safepoint, requested by thread 0x0000000063e44800


---------------  P R O C E S S  ---------------

Threads class SMR info:
_java_thread_list=0x0000000063d01910, length=14, elements={
0x0000000000423000, 0x0000000021cad800, 0x0000000021cb1000, 0x0000000062e1a000,
0x0000000062e1b000, 0x0000000062e1c000, 0x0000000062e20800, 0x0000000062e21800,
0x0000000062e24800, 0x0000000063e44800, 0x0000000063f20800, 0x0000000063c92800,
0x0000000063d41800, 0x0000000063d02000
}

Java Threads: ( => current thread )
  0x0000000000423000 JavaThread "main" [_thread_blocked, id=1872, stack(0x0000000002460000,0x0000000002560000)]
  0x0000000021cad800 JavaThread "Reference Handler" daemon [_thread_blocked, id=10004, stack(0x0000000063180000,0x0000000063280000)]
  0x0000000021cb1000 JavaThread "Finalizer" daemon [_thread_blocked, id=5684, stack(0x0000000063310000,0x0000000063410000)]
  0x0000000062e1a000 JavaThread "Signal Dispatcher" daemon [_thread_blocked, id=5520, stack(0x0000000022340000,0x0000000022440000)]
  0x0000000062e1b000 JavaThread "Attach Listener" daemon [_thread_blocked, id=10912, stack(0x0000000063450000,0x0000000063550000)]
  0x0000000062e1c000 JavaThread "C2 CompilerThread0" daemon [_thread_blocked, id=2536, stack(0x0000000063670000,0x0000000063770000)]
  0x0000000062e20800 JavaThread "C2 CompilerThread1" daemon [_thread_blocked, id=9096, stack(0x0000000063790000,0x0000000063890000)]
  0x0000000062e21800 JavaThread "C1 CompilerThread2" daemon [_thread_blocked, id=9888, stack(0x0000000063910000,0x0000000063a10000)]
  0x0000000062e24800 JavaThread "Sweeper thread" daemon [_thread_blocked, id=8888, stack(0x0000000063a70000,0x0000000063b70000)]
  0x0000000063e44800 JavaThread "JDWP Transport Listener: dt_socket" daemon [_thread_blocked, id=9244, stack(0x0000000064190000,0x0000000064290000)] _threads_hazard_ptr=0x0000000063d01910
  0x0000000063f20800 JavaThread "JDWP Event Helper Thread" daemon [_thread_blocked, id=6256, stack(0x0000000064300000,0x0000000064400000)]
  0x0000000063c92800 JavaThread "JDWP Command Reader" daemon [_thread_in_native, id=8244, stack(0x0000000063060000,0x0000000063160000)]
  0x0000000063d41800 JavaThread "Common-Cleaner" daemon [_thread_blocked, id=9468, stack(0x00000000644d0000,0x00000000645d0000)]
  0x0000000063d02000 JavaThread "Service Thread" daemon [_thread_blocked, id=7096, stack(0x0000000063560000,0x0000000063660000)]

Other Threads:
=>0x0000000021cab000 VMThread "VM Thread" [stack: 0x0000000062f40000,0x0000000063040000] [id=5212]
  0x0000000063e8d800 WatcherThread [stack: 0x0000000064600000,0x0000000064700000] [id=4880]
  0x000000000043d000 GCTaskThread "GC Thread#0" [stack: 0x000000001cc30000,0x000000001cd30000] [id=10148]
  0x000000000043e800 GCTaskThread "GC Thread#1" [stack: 0x000000001cad0000,0x000000001cbd0000] [id=9744]
  0x0000000000440000 GCTaskThread "GC Thread#2" [stack: 0x000000001ce90000,0x000000001cf90000] [id=5560]
  0x0000000000443800 GCTaskThread "GC Thread#3" [stack: 0x000000001cfb0000,0x000000001d0b0000] [id=4056]
  0x0000000000474800 ConcurrentGCThread "G1 Main Marker" [stack: 0x000000001f630000,0x000000001f730000] [id=3892]
  0x0000000000476000 ConcurrentGCThread "G1 Conc#0" [stack: 0x000000001f790000,0x000000001f890000] [id=3492]
  0x0000000021bd0800 ConcurrentGCThread "G1 Refine#0" [stack: 0x0000000021d00000,0x0000000021e00000] [id=10388]
  0x00000000004ad000 ConcurrentGCThread "G1 Refine#1" [stack: 0x0000000021ed0000,0x0000000021fd0000] [id=9632]
  0x0000000021bd5800 ConcurrentGCThread "G1 Refine#2" [stack: 0x0000000022020000,0x0000000022120000] [id=4768]
  0x0000000021bd6800 ConcurrentGCThread "G1 Refine#3" [stack: 0x00000000221e0000,0x00000000222e0000] [id=4612]
  0x0000000021bd7800 ConcurrentGCThread "G1 Young RemSet Sampling" [stack: 0x0000000022440000,0x0000000022540000] [id=6412]

Threads with active compile tasks:

VM state:at safepoint (normal execution)

VM Mutex/Monitor currently owned by a thread:  ([mutex/lock_event])
[0x00000000004154b0] Threads_lock - owner thread: 0x0000000021cab000

Heap address: 0x00000000c8600000, size: 890 MB, Compressed Oops mode: 32-bit
Narrow klass base: 0x0000000000000000, Narrow klass shift: 0
Compressed class space size: 1073741824 Address: 0x0000000022540000

Heap:
 garbage-first heap   total 57344K, used 2048K [0x00000000c8600000, 0x0000000100000000)
  region size 1024K, 3 young (3072K), 0 survivors (0K)
 Metaspace       used 5194K, capacity 5328K, committed 5376K, reserved 1056768K
  class space    used 438K, capacity 496K, committed 512K, reserved 1048576K
Heap Regions: E=young(eden), S=young(survivor), O=old, HS=humongous(starts), HC=humongous(continues), CS=collection set, F=free, A=archive, TS=gc time stamp, AC=allocation context, TAMS=top-at-mark-start (previous, next)
|   0|0x00000000c8600000, 0x00000000c8600000, 0x00000000c8700000|  0%| F|  |TS  0|AC  0|TAMS 0x00000000c8600000, 0x00000000c8600000|
|   1|0x00000000c8700000, 0x00000000c8700000, 0x00000000c8800000|  0%| F|  |TS  0|AC  0|TAMS 0x00000000c8700000, 0x00000000c8700000|
|   2|0x00000000c8800000, 0x00000000c8800000, 0x00000000c8900000|  0%| F|  |TS  0|AC  0|TAMS 0x00000000c8800000, 0x00000000c8800000|
|   3|0x00000000c8900000, 0x00000000c8900000, 0x00000000c8a00000|  0%| F|  |TS  0|AC  0|TAMS 0x00000000c8900000, 0x00000000c8900000|
|   4|0x00000000c8a00000, 0x00000000c8a00000, 0x00000000c8b00000|  0%| F|  |TS  0|AC  0|TAMS 0x00000000c8a00000, 0x00000000c8a00000|
|   5|0x00000000c8b00000, 0x00000000c8b00000, 0x00000000c8c00000|  0%| F|  |TS  0|AC  0|TAMS 0x00000000c8b00000, 0x00000000c8b00000|
|   6|0x00000000c8c00000, 0x00000000c8c00000, 0x00000000c8d00000|  0%| F|  |TS  0|AC  0|TAMS 0x00000000c8c00000, 0x00000000c8c00000|
|   7|0x00000000c8d00000, 0x00000000c8d00000, 0x00000000c8e00000|  0%| F|  |TS  0|AC  0|TAMS 0x00000000c8d00000, 0x00000000c8d00000|
|   8|0x00000000c8e00000, 0x00000000c8e00000, 0x00000000c8f00000|  0%| F|  |TS  0|AC  0|TAMS 0x00000000c8e00000, 0x00000000c8e00000|
|   9|0x00000000c8f00000, 0x00000000c8f00000, 0x00000000c9000000|  0%| F|  |TS  0|AC  0|TAMS 0x00000000c8f00000, 0x00000000c8f00000|
|  10|0x00000000c9000000, 0x00000000c9000000, 0x00000000c9100000|  0%| F|  |TS  0|AC  0|TAMS 0x00000000c9000000, 0x00000000c9000000|
|  11|0x00000000c9100000, 0x00000000c9100000, 0x00000000c9200000|  0%| F|  |TS  0|AC  0|TAMS 0x00000000c9100000, 0x00000000c9100000|
|  12|0x00000000c9200000, 0x00000000c9200000, 0x00000000c9300000|  0%| F|  |TS  0|AC  0|TAMS 0x00000000c9200000, 0x00000000c9200000|
|  13|0x00000000c9300000, 0x00000000c9300000, 0x00000000c9400000|  0%| F|  |TS  0|AC  0|TAMS 0x00000000c9300000, 0x00000000c9300000|
|  14|0x00000000c9400000, 0x00000000c9400000, 0x00000000c9500000|  0%| F|  |TS  0|AC  0|TAMS 0x00000000c9400000, 0x00000000c9400000|
|  15|0x00000000c9500000, 0x00000000c9500000, 0x00000000c9600000|  0%| F|  |TS  0|AC  0|TAMS 0x00000000c9500000, 0x00000000c9500000|
|  16|0x00000000c9600000, 0x00000000c9600000, 0x00000000c9700000|  0%| F|  |TS  0|AC  0|TAMS 0x00000000c9600000, 0x00000000c9600000|
|  17|0x00000000c9700000, 0x00000000c9700000, 0x00000000c9800000|  0%| F|  |TS  0|AC  0|TAMS 0x00000000c9700000, 0x00000000c9700000|
|  18|0x00000000c9800000, 0x00000000c9800000, 0x00000000c9900000|  0%| F|  |TS  0|AC  0|TAMS 0x00000000c9800000, 0x00000000c9800000|
|  19|0x00000000c9900000, 0x00000000c9900000, 0x00000000c9a00000|  0%| F|  |TS  0|AC  0|TAMS 0x00000000c9900000, 0x00000000c9900000|
|  20|0x00000000c9a00000, 0x00000000c9a00000, 0x00000000c9b00000|  0%| F|  |TS  0|AC  0|TAMS 0x00000000c9a00000, 0x00000000c9a00000|
|  21|0x00000000c9b00000, 0x00000000c9b00000, 0x00000000c9c00000|  0%| F|  |TS  0|AC  0|TAMS 0x00000000c9b00000, 0x00000000c9b00000|
|  22|0x00000000c9c00000, 0x00000000c9c00000, 0x00000000c9d00000|  0%| F|  |TS  0|AC  0|TAMS 0x00000000c9c00000, 0x00000000c9c00000|
|  23|0x00000000c9d00000, 0x00000000c9d00000, 0x00000000c9e00000|  0%| F|  |TS  0|AC  0|TAMS 0x00000000c9d00000, 0x00000000c9d00000|
|  24|0x00000000c9e00000, 0x00000000c9e00000, 0x00000000c9f00000|  0%| F|  |TS  0|AC  0|TAMS 0x00000000c9e00000, 0x00000000c9e00000|
|  25|0x00000000c9f00000, 0x00000000c9f00000, 0x00000000ca000000|  0%| F|  |TS  0|AC  0|TAMS 0x00000000c9f00000, 0x00000000c9f00000|
|  26|0x00000000ca000000, 0x00000000ca000000, 0x00000000ca100000|  0%| F|  |TS  0|AC  0|TAMS 0x00000000ca000000, 0x00000000ca000000|
|  27|0x00000000ca100000, 0x00000000ca100000, 0x00000000ca200000|  0%| F|  |TS  0|AC  0|TAMS 0x00000000ca100000, 0x00000000ca100000|
|  28|0x00000000ca200000, 0x00000000ca200000, 0x00000000ca300000|  0%| F|  |TS  0|AC  0|TAMS 0x00000000ca200000, 0x00000000ca200000|
|  29|0x00000000ca300000, 0x00000000ca300000, 0x00000000ca400000|  0%| F|  |TS  0|AC  0|TAMS 0x00000000ca300000, 0x00000000ca300000|
|  30|0x00000000ca400000, 0x00000000ca400000, 0x00000000ca500000|  0%| F|  |TS  0|AC  0|TAMS 0x00000000ca400000, 0x00000000ca400000|
|  31|0x00000000ca500000, 0x00000000ca500000, 0x00000000ca600000|  0%| F|  |TS  0|AC  0|TAMS 0x00000000ca500000, 0x00000000ca500000|
|  32|0x00000000ca600000, 0x00000000ca600000, 0x00000000ca700000|  0%| F|  |TS  0|AC  0|TAMS 0x00000000ca600000, 0x00000000ca600000|
|  33|0x00000000ca700000, 0x00000000ca700000, 0x00000000ca800000|  0%| F|  |TS  0|AC  0|TAMS 0x00000000ca700000, 0x00000000ca700000|
|  34|0x00000000ca800000, 0x00000000ca800000, 0x00000000ca900000|  0%| F|  |TS  0|AC  0|TAMS 0x00000000ca800000, 0x00000000ca800000|
|  35|0x00000000ca900000, 0x00000000ca900000, 0x00000000caa00000|  0%| F|  |TS  0|AC  0|TAMS 0x00000000ca900000, 0x00000000ca900000|
|  36|0x00000000caa00000, 0x00000000caa00000, 0x00000000cab00000|  0%| F|  |TS  0|AC  0|TAMS 0x00000000caa00000, 0x00000000caa00000|
|  37|0x00000000cab00000, 0x00000000cab00000, 0x00000000cac00000|  0%| F|  |TS  0|AC  0|TAMS 0x00000000cab00000, 0x00000000cab00000|
|  38|0x00000000cac00000, 0x00000000cac00000, 0x00000000cad00000|  0%| F|  |TS  0|AC  0|TAMS 0x00000000cac00000, 0x00000000cac00000|
|  39|0x00000000cad00000, 0x00000000cad00000, 0x00000000cae00000|  0%| F|  |TS  0|AC  0|TAMS 0x00000000cad00000, 0x00000000cad00000|
|  40|0x00000000cae00000, 0x00000000cae00000, 0x00000000caf00000|  0%| F|  |TS  0|AC  0|TAMS 0x00000000cae00000, 0x00000000cae00000|
|  41|0x00000000caf00000, 0x00000000caf00000, 0x00000000cb000000|  0%| F|  |TS  0|AC  0|TAMS 0x00000000caf00000, 0x00000000caf00000|
|  42|0x00000000cb000000, 0x00000000cb000000, 0x00000000cb100000|  0%| F|  |TS  0|AC  0|TAMS 0x00000000cb000000, 0x00000000cb000000|
|  43|0x00000000cb100000, 0x00000000cb100000, 0x00000000cb200000|  0%| F|  |TS  0|AC  0|TAMS 0x00000000cb100000, 0x00000000cb100000|
|  44|0x00000000cb200000, 0x00000000cb200000, 0x00000000cb300000|  0%| F|  |TS  0|AC  0|TAMS 0x00000000cb200000, 0x00000000cb200000|
|  45|0x00000000cb300000, 0x00000000cb300000, 0x00000000cb400000|  0%| F|  |TS  0|AC  0|TAMS 0x00000000cb300000, 0x00000000cb300000|
|  46|0x00000000cb400000, 0x00000000cb400000, 0x00000000cb500000|  0%| F|  |TS  0|AC  0|TAMS 0x00000000cb400000, 0x00000000cb400000|
|  47|0x00000000cb500000, 0x00000000cb500000, 0x00000000cb600000|  0%| F|  |TS  0|AC  0|TAMS 0x00000000cb500000, 0x00000000cb500000|
|  48|0x00000000cb600000, 0x00000000cb600000, 0x00000000cb700000|  0%| F|  |TS  0|AC  0|TAMS 0x00000000cb600000, 0x00000000cb600000|
|  49|0x00000000cb700000, 0x00000000cb700000, 0x00000000cb800000|  0%| F|  |TS  0|AC  0|TAMS 0x00000000cb700000, 0x00000000cb700000|
|  50|0x00000000cb800000, 0x00000000cb800000, 0x00000000cb900000|  0%| F|  |TS  0|AC  0|TAMS 0x00000000cb800000, 0x00000000cb800000|
|  51|0x00000000cb900000, 0x00000000cb900000, 0x00000000cba00000|  0%| F|  |TS  0|AC  0|TAMS 0x00000000cb900000, 0x00000000cb900000|
|  52|0x00000000cba00000, 0x00000000cba00000, 0x00000000cbb00000|  0%| F|  |TS  0|AC  0|TAMS 0x00000000cba00000, 0x00000000cba00000|
|  53|0x00000000cbb00000, 0x00000000cbbdbb10, 0x00000000cbc00000| 85%| E|  |TS  0|AC  0|TAMS 0x00000000cbb00000, 0x00000000cbb00000|
|  54|0x00000000cbc00000, 0x00000000cbd00000, 0x00000000cbd00000|100%| E|CS|TS  0|AC  0|TAMS 0x00000000cbc00000, 0x00000000cbc00000|
|  55|0x00000000cbd00000, 0x00000000cbe00000, 0x00000000cbe00000|100%| E|CS|TS  0|AC  0|TAMS 0x00000000cbd00000, 0x00000000cbd00000|

Card table byte_map: [0x000000001d5a0000,0x000000001d760000] byte_map_base: 0x000000001cf5d000

Marking Bits (Prev, Next): (CMBitMap*) 0x0000000000473fd0, (CMBitMap*) 0x0000000000474008
 Prev Bits: [0x000000001d920000, 0x000000001e708000)
 Next Bits: [0x000000001e710000, 0x000000001f4f8000)

Polling page: 0x00000000002f0000

CodeHeap 'non-profiled nmethods': size=120064Kb used=72Kb max_used=72Kb free=119991Kb
 bounds [0x00000000154a0000, 0x0000000015710000, 0x000000001c9e0000]
CodeHeap 'profiled nmethods': size=120000Kb used=239Kb max_used=239Kb free=119760Kb
 bounds [0x000000000df70000, 0x000000000e1e0000, 0x00000000154a0000]
CodeHeap 'non-nmethods': size=5696Kb used=1074Kb max_used=1085Kb free=4621Kb
 bounds [0x000000000d9e0000, 0x000000000dc50000, 0x000000000df70000]
 total_blobs=568 nmethods=196 adapters=211
 compilation: enabled

Compilation events (10 events):
Event: 2.144 Thread 0x0000000062e21800  194       3       java.lang.StringLatin1::indexOf (121 bytes)
Event: 2.150 Thread 0x0000000062e21800 nmethod 194 0x000000000dfab090 code [0x000000000dfab280, 0x000000000dfab7b0]
Event: 2.150 Thread 0x0000000062e21800  193       3       java.lang.String::startsWith (7 bytes)
Event: 2.151 Thread 0x0000000062e21800 nmethod 193 0x000000000dfaba10 code [0x000000000dfabbc0, 0x000000000dfabd68]
Event: 2.151 Thread 0x0000000062e21800  195       1       java.net.URL::getProtocol (5 bytes)
Event: 2.151 Thread 0x0000000062e21800 nmethod 195 0x00000000154b1810 code [0x00000000154b19c0, 0x00000000154b1ad0]
Event: 2.163 Thread 0x0000000062e21800  196       1       java.nio.Buffer::position (5 bytes)
Event: 2.164 Thread 0x0000000062e21800 nmethod 196 0x00000000154b1b90 code [0x00000000154b1d40, 0x00000000154b1e50]
Event: 2.164 Thread 0x0000000062e21800  197       1       java.nio.Buffer::limit (5 bytes)
Event: 2.164 Thread 0x0000000062e21800 nmethod 197 0x00000000154b1f10 code [0x00000000154b20c0, 0x00000000154b21d0]

GC Heap History (0 events):
No events

Deoptimization events (2 events):
Event: 1.981 Thread 0x0000000000423000 Uncommon trap: reason=unstable_if action=reinterpret pc=0x00000000154a16ec method=java.lang.String.isLatin1()Z @ 10 c2
Event: 2.002 Thread 0x0000000000423000 Uncommon trap: reason=unstable_if action=reinterpret pc=0x00000000154a2510 method=java.lang.String.hashCode()I @ 14 c2

Classes redefined (4 events):
Event: 55.256 Thread 0x0000000021cab000 redefined class name=A, count=1
Event: 89.811 Thread 0x0000000021cab000 redefined class name=A, count=2
Event: 112.182 Thread 0x0000000021cab000 redefined class name=A, count=3
Event: 274.154 Thread 0x0000000021cab000 redefined class name=A, count=4

Internal exceptions (0 events):
No events

Events (10 events):
Event: 274.392 Executing VM operation: ChangeBreakpoints done
Event: 274.395 Executing VM operation: ChangeBreakpoints
Event: 274.395 Executing VM operation: ChangeBreakpoints done
Event: 274.479 Executing VM operation: GetFrameCount
Event: 274.479 Executing VM operation: GetFrameCount done
Event: 274.479 Executing VM operation: GetFrameLocation
Event: 274.479 Executing VM operation: GetFrameLocation done
Event: 274.480 Executing VM operation: GetFrameLocation
Event: 274.480 Executing VM operation: GetFrameLocation done
Event: 274.480 Executing VM operation: GetOrSetLocal


Dynamic libraries:
0x000000013fef0000 - 0x000000013ff2e000 	C:\Program Files\Java\jdk-10\bin\java.exe
0x00000000778d0000 - 0x0000000077a7a000 	C:\Windows\SYSTEM32\ntdll.dll
0x00000000777b0000 - 0x00000000778cf000 	C:\Windows\system32\kernel32.dll
0x000007fefd910000 - 0x000007fefd97a000 	C:\Windows\system32\KERNELBASE.dll
0x000007fefe340000 - 0x000007fefe41b000 	C:\Windows\system32\ADVAPI32.dll
0x000007fefec30000 - 0x000007fefeccf000 	C:\Windows\system32\msvcrt.dll
0x000007fefeb00000 - 0x000007fefeb1f000 	C:\Windows\SYSTEM32\sechost.dll
0x000007fefe9d0000 - 0x000007fefeafd000 	C:\Windows\system32\RPCRT4.dll
0x00000000776b0000 - 0x00000000777aa000 	C:\Windows\system32\USER32.dll
0x000007fefe600000 - 0x000007fefe667000 	C:\Windows\system32\GDI32.dll
0x000007fefdcf0000 - 0x000007fefdcfe000 	C:\Windows\system32\LPK.dll
0x000007feffb10000 - 0x000007feffbdb000 	C:\Windows\system32\USP10.dll
0x000007fefc090000 - 0x000007fefc284000 	C:\Windows\WinSxS\amd64_microsoft.windows.common-controls_6595b64144ccf1df_6.0.7601.18837_none_fa3b1e3d17594757\COMCTL32.dll
0x000007fefe950000 - 0x000007fefe9c1000 	C:\Windows\system32\SHLWAPI.dll
0x000007fefcf30000 - 0x000007fefcf3c000 	C:\Windows\system32\VERSION.dll
0x000007fefde50000 - 0x000007fefde7e000 	C:\Windows\system32\IMM32.DLL
0x000007fefeb20000 - 0x000007fefec29000 	C:\Windows\system32\MSCTF.dll
0x000007fef2390000 - 0x000007fef247f000 	C:\Program Files\Java\jdk-10\bin\msvcr120.dll
0x000007fef67e0000 - 0x000007fef6886000 	C:\Program Files\Java\jdk-10\bin\msvcp120.dll
0x0000000065bf0000 - 0x000000006665f000 	C:\Program Files\Java\jdk-10\bin\server\jvm.dll
0x000007fef8cc0000 - 0x000007fef8cc9000 	C:\Windows\system32\WSOCK32.dll
0x000007fefde00000 - 0x000007fefde4d000 	C:\Windows\system32\WS2_32.dll
0x000007fefed70000 - 0x000007fefed78000 	C:\Windows\system32\NSI.dll
0x000007fef9280000 - 0x000007fef92bb000 	C:\Windows\system32\WINMM.dll
0x0000000077aa0000 - 0x0000000077aa7000 	C:\Windows\system32\PSAPI.DLL
0x000007fefb430000 - 0x000007fefb43f000 	C:\Program Files\Java\jdk-10\bin\verify.dll
0x000007fef2d50000 - 0x000007fef2e75000 	C:\Windows\system32\DBGHELP.DLL
0x000007fef6940000 - 0x000007fef6967000 	C:\Program Files\Java\jdk-10\bin\java.dll
0x000007fef6900000 - 0x000007fef6936000 	C:\Program Files\Java\jdk-10\bin\jdwp.dll
0x000007fef68d0000 - 0x000007fef68fa000 	C:\Program Files\Java\jdk-10\bin\instrument.dll
0x000007fef68b0000 - 0x000007fef68c6000 	C:\Program Files\Java\jdk-10\bin\zip.dll
0x000007fefb070000 - 0x000007fefb07a000 	C:\Program Files\Java\jdk-10\bin\jimage.dll
0x000007fefed80000 - 0x000007feffb0b000 	C:\Windows\system32\SHELL32.dll
0x000007fefe670000 - 0x000007fefe86c000 	C:\Windows\system32\ole32.dll
0x000007fefd5d0000 - 0x000007fefd5df000 	C:\Windows\system32\profapi.dll
0x000007fefa850000 - 0x000007fefa85a000 	C:\Program Files\Java\jdk-10\bin\dt_socket.dll
0x000007fefca60000 - 0x000007fefcab5000 	C:\Windows\system32\mswsock.dll
0x000007fefcf40000 - 0x000007fefcf47000 	C:\Windows\System32\wshtcpip.dll
0x000007fef7a60000 - 0x000007fef7a7a000 	C:\Program Files\Java\jdk-10\bin\net.dll
0x000007fef8580000 - 0x000007fef85f1000 	C:\Windows\system32\WINHTTP.dll
0x000007fef8510000 - 0x000007fef8574000 	C:\Windows\system32\webio.dll
0x000007fefca50000 - 0x000007fefca57000 	C:\Windows\System32\wship6.dll
0x000007fef67c0000 - 0x000007fef67d1000 	C:\Program Files\Java\jdk-10\bin\nio.dll

dbghelp: loaded successfully - version: 4.0.5 - missing functions: none
symbol engine: initialized successfully - sym options: 0x614 - pdb path: .;C:\Program Files\Java\jdk-10\bin;C:\Windows\SYSTEM32;C:\Windows\WinSxS\amd64_microsoft.windows.common-controls_6595b64144ccf1df_6.0.7601.18837_none_fa3b1e3d17594757;C:\Program Files\Java\jdk-10\bin\server

VM Arguments:
jvm_args: -agentlib:jdwp=transport=dt_socket,address=127.0.0.1:62497,suspend=y,server=n -javaagent:C:\Users\Administrator\AppData\Local\Temp\capture14236jars\debugger-agent.jar=file:/C:/Users/Administrator/AppData/Local/Temp/capture.props -Dfile.encoding=UTF-8 
java_command: A
java_class_path (initial): D:\GitBash\CS61B\skeleton-sp18-master\library-sp18\javalib;D:\LCsolution\689. Maximum Sum of 3 Non-Overlapping Subarrays(DP)\out\production\689. Maximum Sum of 3 Non-Overlapping Subarrays(DP);F:\Program Files\IntelliJ\IntelliJ IDEA Community Edition 2018.1.1\lib\idea_rt.jar
Launcher Type: SUN_STANDARD

Logging:
Log output configuration:
#0: stdout all=warning uptime,level,tags
#1: stderr all=off uptime,level,tags

Environment Variables:
JAVA_HOME=C:\Program Files\Java\jdk-10
PATH=C:\ProgramData\Oracle\Java\javapath;C:\Windows\system32;C:\Windows;C:\Windows\System32\Wbem;C:\Windows\System32\WindowsPowerShell\v1.0\;C:\Program Files\Java\jdk-10\bin;G:\0 code\Python\Scripts\;G:\0 code\Python\
USERNAME=Administrator
OS=Windows_NT
PROCESSOR_IDENTIFIER=AMD64 Family 18 Model 1 Stepping 0, AuthenticAMD



---------------  S Y S T E M  ---------------

OS: Windows 7 , 64 bit Build 7601 (6.1.7601.23864)

CPU:total 4 (initial active 4) (4 cores per cpu, 1 threads per core) family 18 model 1 stepping 0, cmov, cx8, fxsr, mmx, sse, sse2, sse3, popcnt, mmxext, 3dnowpref, lzcnt, sse4a, tsc, tscinvbit, tscinv

Memory: 4k page, physical 3643504k(400684k free), swap 9293668k(2422388k free)

vm_info: Java HotSpot(TM) 64-Bit Server VM (10+46) for windows-amd64 JRE (10+46), built on Mar  8 2018 02:11:18 by "mach5one" with MS VC++ 12.0 (VS2013)

END.
