#
# A fatal error has been detected by the Java Runtime Environment:
#
#  EXCEPTION_ACCESS_VIOLATION (0xc0000005) at pc=0x0000000063f43eb2, pid=2608, tid=10600
#
# JRE version: Java(TM) SE Runtime Environment (10.0+46) (build 10+46)
# Java VM: Java HotSpot(TM) 64-Bit Server VM (10+46, mixed mode, tiered, compressed oops, g1 gc, windows-amd64)
# Problematic frame:
# V  [jvm.dll+0x473eb2]
#
# No core dump will be written. Minidumps are not enabled by default on client versions of Windows
#
# If you would like to submit a bug report, please visit:
#   http://bugreport.java.com/bugreport/crash.jsp
#

---------------  S U M M A R Y ------------

Command Line: -agentlib:jdwp=transport=dt_socket,address=127.0.0.1:63101,suspend=y,server=n -javaagent:C:\Users\Administrator\AppData\Local\Temp\capture4380jars\debugger-agent.jar=file:/C:/Users/Administrator/AppData/Local/Temp/capture2.props -Dfile.encoding=UTF-8 Solution

Host: AMD A6-3400M APU with Radeon(tm) HD Graphics, 4 cores, 3G,  Windows 7 , 64 bit Build 7601 (6.1.7601.23864)
Time: Sun Jul 01 20:05:26 2018 ?D1¨²¡À¨º¡Á?¨º¡À?? elapsed time: 388 seconds (0d 0h 6m 28s)

---------------  T H R E A D  ---------------

Current thread (0x0000000021b2e800):  VMThread "VM Thread" [stack: 0x0000000021fe0000,0x00000000220e0000] [id=10600]

Stack: [0x0000000021fe0000,0x00000000220e0000],  sp=0x00000000220df790,  free space=1021k
Native frames: (J=compiled Java code, j=interpreted, Vv=VM code, C=native code)
V  [jvm.dll+0x473eb2]
V  [jvm.dll+0x474ae7]
V  [jvm.dll+0x6c42dc]
V  [jvm.dll+0x6c2a45]
V  [jvm.dll+0x6c3250]
V  [jvm.dll+0x6c358c]
V  [jvm.dll+0x59ef10]
C  [msvcr120.dll+0x24f7f]
C  [msvcr120.dll+0x25126]
C  [kernel32.dll+0x159cd]
C  [ntdll.dll+0x2a561]


siginfo: EXCEPTION_ACCESS_VIOLATION (0xc0000005), reading address 0x000000ca627d3a50


Register to memory mapping:

RIP=0x0000000063f43eb2 jvm.dll
RAX=0x000000ca627d3a48 is an unknown value
RBX=0x0000000000000008 is an unknown value
RCX=0x00000000627d3628 is pointing into metadata
RDX=0x0000000000000004 is an unknown value
RSP=0x00000000220df790 is an unknown value
RBP=0x00000000647896c0 is an unknown value
RSI={method} {0x00000000627d3b50} 
[error occurred during error reporting (printing register info), id 0xc0000005]

Registers:
RAX=0x000000ca627d3a48, RBX=0x0000000000000008, RCX=0x00000000627d3628, RDX=0x0000000000000004
RSP=0x00000000220df790, RBP=0x00000000647896c0, RSI=0x00000000627d3b48, RDI=0x000000006531f0d0
R8 =0x00000000627d3650, R9 =0x00000000627eb710, R10=0x0000000021a92b10, R11=0x000000000045ab70
R12=0x00000000220df840, R13=0x0000000021aa4ad0, R14=0x000000000049a0a8, R15=0x00000000223b4208
RIP=0x0000000063f43eb2, EFLAGS=0x0000000000010202

Top of Stack: (sp=0x00000000220df790)
0x00000000220df790:   000000006531f0d0 00000000647bf3d0
0x00000000220df7a0:   00000000647bf3d0 000000006531f0d0
0x00000000220df7b0:   0000000000000000 0000000021a92b10
0x00000000220df7c0:   000000000045ab70 0000000000000000
0x00000000220df7d0:   0000000000000000 000000000049a0a8
0x00000000220df7e0:   000000006531f0d0 00000000647bf3d0
0x00000000220df7f0:   00000000647896c0 00000000000003d8
0x00000000220df800:   00000000644a5850 000000006424d698
0x00000000220df810:   00000000647bf400 0000000063f44ae7
0x00000000220df820:   000000006531f0d0 00000000220df840
0x00000000220df830:   00000000647bf3d0 000000006531f0d0
0x00000000220df840:   000000006402cfe0 0000000000000000
0x00000000220df850:   0000000000499cc0 00000000641942dc
0x00000000220df860:   0000000021a60ad0 0000000000499cd0
0x00000000220df870:   000000006531f060 00000000642b6a50
0x00000000220df880:   0000000000000000 0000f4650000000e 

Instructions: (pc=0x0000000063f43eb2)
0x0000000063f43e92:   00 00 4c 8d 42 01 4e 8d 04 c1 0f 1f 40 00 49 8b
0x0000000063f43ea2:   30 0f b6 46 2a c0 e8 05 a8 01 74 1e 48 8b 46 08
0x0000000063f43eb2:   4c 8b 48 08 0f b7 48 2a 4d 39 6c c9 40 75 0b 0f
0x0000000063f43ec2:   b7 48 2c 4d 39 54 c9 40 74 0e 49 83 e8 08 48 ff 


VM_Operation (0x000000006531f060): ChangeBreakpoints, mode: safepoint, requested by thread 0x00000000647c2800


---------------  P R O C E S S  ---------------

Threads class SMR info:
_java_thread_list=0x000000006479d990, length=14, elements={
0x0000000000432800, 0x0000000021b31000, 0x0000000021b35000, 0x0000000062c19800,
0x0000000062c1b800, 0x0000000062c1c800, 0x0000000062c21800, 0x0000000062c22800,
0x0000000062c25000, 0x00000000647c2800, 0x0000000064868000, 0x000000006486f000,
0x0000000064897000, 0x000000006479e000
}

Java Threads: ( => current thread )
  0x0000000000432800 JavaThread "main" [_thread_blocked, id=4056, stack(0x0000000001f10000,0x0000000002010000)]
  0x0000000021b31000 JavaThread "Reference Handler" daemon [_thread_blocked, id=3980, stack(0x0000000062dd0000,0x0000000062ed0000)]
  0x0000000021b35000 JavaThread "Finalizer" daemon [_thread_blocked, id=4376, stack(0x0000000062f80000,0x0000000063080000)]
  0x0000000062c19800 JavaThread "Signal Dispatcher" daemon [_thread_blocked, id=3392, stack(0x00000000631d0000,0x00000000632d0000)]
  0x0000000062c1b800 JavaThread "Attach Listener" daemon [_thread_blocked, id=11308, stack(0x00000000630c0000,0x00000000631c0000)]
  0x0000000062c1c800 JavaThread "C2 CompilerThread0" daemon [_thread_blocked, id=5884, stack(0x00000000632e0000,0x00000000633e0000)]
  0x0000000062c21800 JavaThread "C2 CompilerThread1" daemon [_thread_blocked, id=3820, stack(0x0000000063400000,0x0000000063500000)]
  0x0000000062c22800 JavaThread "C1 CompilerThread2" daemon [_thread_blocked, id=6688, stack(0x0000000063640000,0x0000000063740000)]
  0x0000000062c25000 JavaThread "Sweeper thread" daemon [_thread_blocked, id=3516, stack(0x0000000063750000,0x0000000063850000)]
  0x00000000647c2800 JavaThread "JDWP Transport Listener: dt_socket" daemon [_thread_blocked, id=5892, stack(0x0000000065220000,0x0000000065320000)]
  0x0000000064868000 JavaThread "JDWP Event Helper Thread" daemon [_thread_blocked, id=7032, stack(0x0000000065390000,0x0000000065490000)]
  0x000000006486f000 JavaThread "JDWP Command Reader" daemon [_thread_in_native, id=4844, stack(0x00000000655c0000,0x00000000656c0000)]
  0x0000000064897000 JavaThread "Common-Cleaner" daemon [_thread_blocked, id=3856, stack(0x00000000657c0000,0x00000000658c0000)]
  0x000000006479e000 JavaThread "Service Thread" daemon [_thread_blocked, id=8692, stack(0x00000000658c0000,0x00000000659c0000)]

Other Threads:
=>0x0000000021b2e800 VMThread "VM Thread" [stack: 0x0000000021fe0000,0x00000000220e0000] [id=10600]
  0x00000000647a0800 WatcherThread [stack: 0x0000000065a20000,0x0000000065b20000] [id=10032]
  0x000000000045e000 GCTaskThread "GC Thread#0" [stack: 0x000000001c8a0000,0x000000001c9a0000] [id=9156]
  0x000000000045f000 GCTaskThread "GC Thread#1" [stack: 0x000000001ca70000,0x000000001cb70000] [id=10868]
  0x0000000000461000 GCTaskThread "GC Thread#2" [stack: 0x000000001cc20000,0x000000001cd20000] [id=9264]
  0x0000000000464000 GCTaskThread "GC Thread#3" [stack: 0x000000001cd90000,0x000000001ce90000] [id=3788]
  0x0000000000496800 ConcurrentGCThread "G1 Main Marker" [stack: 0x000000001f310000,0x000000001f410000] [id=10468]
  0x0000000000498000 ConcurrentGCThread "G1 Conc#0" [stack: 0x000000001f500000,0x000000001f600000] [id=3644]
  0x0000000021a50800 ConcurrentGCThread "G1 Refine#0" [stack: 0x0000000021cb0000,0x0000000021db0000] [id=12252]
  0x0000000021a51800 ConcurrentGCThread "G1 Refine#1" [stack: 0x0000000021ec0000,0x0000000021fc0000] [id=12048]
  0x0000000021a54800 ConcurrentGCThread "G1 Refine#2" [stack: 0x0000000021b50000,0x0000000021c50000] [id=11024]
  0x0000000021a5d800 ConcurrentGCThread "G1 Refine#3" [stack: 0x00000000220f0000,0x00000000221f0000] [id=6008]
  0x0000000021a5e000 ConcurrentGCThread "G1 Young RemSet Sampling" [stack: 0x0000000022240000,0x0000000022340000] [id=9616]

Threads with active compile tasks:

VM state:at safepoint (normal execution)

VM Mutex/Monitor currently owned by a thread:  ([mutex/lock_event])
[0x000000000042eff0] Threads_lock - owner thread: 0x0000000021b2e800

Heap address: 0x00000000c8600000, size: 890 MB, Compressed Oops mode: 32-bit
Narrow klass base: 0x0000000000000000, Narrow klass shift: 0
Compressed class space size: 1073741824 Address: 0x0000000022340000

Heap:
 garbage-first heap   total 57344K, used 2048K [0x00000000c8600000, 0x0000000100000000)
  region size 1024K, 3 young (3072K), 0 survivors (0K)
 Metaspace       used 5212K, capacity 5328K, committed 5376K, reserved 1056768K
  class space    used 441K, capacity 496K, committed 512K, reserved 1048576K
Heap Regions: E=young(eden), S=young(survivor), O=old, HS=humongous(starts), HC=humongous(continues), CS=collection set, F=free, A=archive, TS=gc time stamp, AC=allocation context, TAMS=top-at-mark-start (previous, next)
|   0|0x00000000c8600000, 0x00000000c8600000, 0x00000000c8700000|  0%| F|  |TS  0|AC  0|TAMS 0x00000000c8600000, 0x00000000c8600000|
|   1|0x00000000c8700000, 0x00000000c8700000, 0x00000000c8800000|  0%| F|  |TS  0|AC  0|TAMS 0x00000000c8700000, 0x00000000c8700000|
|   2|0x00000000c8800000, 0x00000000c8800000, 0x00000000c8900000|  0%| F|  |TS  0|AC  0|TAMS 0x00000000c8800000, 0x00000000c8800000|
|   3|0x00000000c8900000, 0x00000000c8900000, 0x00000000c8a00000|  0%| F|  |TS  0|AC  0|TAMS 0x00000000c8900000, 0x00000000c8900000|
|   4|0x00000000c8a00000, 0x00000000c8a00000, 0x00000000c8b00000|  0%| F|  |TS  0|AC  0|TAMS 0x00000000c8a00000, 0x00000000c8a00000|
|   5|0x00000000c8b00000, 0x00000000c8b00000, 0x00000000c8c00000|  0%| F|  |TS  0|AC  0|TAMS 0x00000000c8b00000, 0x00000000c8b00000|
|   6|0x00000000c8c00000, 0x00000000c8c00000, 0x00000000c8d00000|  0%| F|  |TS  0|AC  0|TAMS 0x00000000c8c00000, 0x00000000c8c00000|
|   7|0x00000000c8d00000, 0x00000000c8d00000, 0x00000000c8e00000|  0%| F|  |TS  0|AC  0|TAMS 0x00000000c8d00000, 0x00000000c8d00000|
|   8|0x00000000c8e00000, 0x00000000c8e00000, 0x00000000c8f00000|  0%| F|  |TS  0|AC  0|TAMS 0x00000000c8e00000, 0x00000000c8e00000|
|   9|0x00000000c8f00000, 0x00000000c8f00000, 0x00000000c9000000|  0%| F|  |TS  0|AC  0|TAMS 0x00000000c8f00000, 0x00000000c8f00000|
|  10|0x00000000c9000000, 0x00000000c9000000, 0x00000000c9100000|  0%| F|  |TS  0|AC  0|TAMS 0x00000000c9000000, 0x00000000c9000000|
|  11|0x00000000c9100000, 0x00000000c9100000, 0x00000000c9200000|  0%| F|  |TS  0|AC  0|TAMS 0x00000000c9100000, 0x00000000c9100000|
|  12|0x00000000c9200000, 0x00000000c9200000, 0x00000000c9300000|  0%| F|  |TS  0|AC  0|TAMS 0x00000000c9200000, 0x00000000c9200000|
|  13|0x00000000c9300000, 0x00000000c9300000, 0x00000000c9400000|  0%| F|  |TS  0|AC  0|TAMS 0x00000000c9300000, 0x00000000c9300000|
|  14|0x00000000c9400000, 0x00000000c9400000, 0x00000000c9500000|  0%| F|  |TS  0|AC  0|TAMS 0x00000000c9400000, 0x00000000c9400000|
|  15|0x00000000c9500000, 0x00000000c9500000, 0x00000000c9600000|  0%| F|  |TS  0|AC  0|TAMS 0x00000000c9500000, 0x00000000c9500000|
|  16|0x00000000c9600000, 0x00000000c9600000, 0x00000000c9700000|  0%| F|  |TS  0|AC  0|TAMS 0x00000000c9600000, 0x00000000c9600000|
|  17|0x00000000c9700000, 0x00000000c9700000, 0x00000000c9800000|  0%| F|  |TS  0|AC  0|TAMS 0x00000000c9700000, 0x00000000c9700000|
|  18|0x00000000c9800000, 0x00000000c9800000, 0x00000000c9900000|  0%| F|  |TS  0|AC  0|TAMS 0x00000000c9800000, 0x00000000c9800000|
|  19|0x00000000c9900000, 0x00000000c9900000, 0x00000000c9a00000|  0%| F|  |TS  0|AC  0|TAMS 0x00000000c9900000, 0x00000000c9900000|
|  20|0x00000000c9a00000, 0x00000000c9a00000, 0x00000000c9b00000|  0%| F|  |TS  0|AC  0|TAMS 0x00000000c9a00000, 0x00000000c9a00000|
|  21|0x00000000c9b00000, 0x00000000c9b00000, 0x00000000c9c00000|  0%| F|  |TS  0|AC  0|TAMS 0x00000000c9b00000, 0x00000000c9b00000|
|  22|0x00000000c9c00000, 0x00000000c9c00000, 0x00000000c9d00000|  0%| F|  |TS  0|AC  0|TAMS 0x00000000c9c00000, 0x00000000c9c00000|
|  23|0x00000000c9d00000, 0x00000000c9d00000, 0x00000000c9e00000|  0%| F|  |TS  0|AC  0|TAMS 0x00000000c9d00000, 0x00000000c9d00000|
|  24|0x00000000c9e00000, 0x00000000c9e00000, 0x00000000c9f00000|  0%| F|  |TS  0|AC  0|TAMS 0x00000000c9e00000, 0x00000000c9e00000|
|  25|0x00000000c9f00000, 0x00000000c9f00000, 0x00000000ca000000|  0%| F|  |TS  0|AC  0|TAMS 0x00000000c9f00000, 0x00000000c9f00000|
|  26|0x00000000ca000000, 0x00000000ca000000, 0x00000000ca100000|  0%| F|  |TS  0|AC  0|TAMS 0x00000000ca000000, 0x00000000ca000000|
|  27|0x00000000ca100000, 0x00000000ca100000, 0x00000000ca200000|  0%| F|  |TS  0|AC  0|TAMS 0x00000000ca100000, 0x00000000ca100000|
|  28|0x00000000ca200000, 0x00000000ca200000, 0x00000000ca300000|  0%| F|  |TS  0|AC  0|TAMS 0x00000000ca200000, 0x00000000ca200000|
|  29|0x00000000ca300000, 0x00000000ca300000, 0x00000000ca400000|  0%| F|  |TS  0|AC  0|TAMS 0x00000000ca300000, 0x00000000ca300000|
|  30|0x00000000ca400000, 0x00000000ca400000, 0x00000000ca500000|  0%| F|  |TS  0|AC  0|TAMS 0x00000000ca400000, 0x00000000ca400000|
|  31|0x00000000ca500000, 0x00000000ca500000, 0x00000000ca600000|  0%| F|  |TS  0|AC  0|TAMS 0x00000000ca500000, 0x00000000ca500000|
|  32|0x00000000ca600000, 0x00000000ca600000, 0x00000000ca700000|  0%| F|  |TS  0|AC  0|TAMS 0x00000000ca600000, 0x00000000ca600000|
|  33|0x00000000ca700000, 0x00000000ca700000, 0x00000000ca800000|  0%| F|  |TS  0|AC  0|TAMS 0x00000000ca700000, 0x00000000ca700000|
|  34|0x00000000ca800000, 0x00000000ca800000, 0x00000000ca900000|  0%| F|  |TS  0|AC  0|TAMS 0x00000000ca800000, 0x00000000ca800000|
|  35|0x00000000ca900000, 0x00000000ca900000, 0x00000000caa00000|  0%| F|  |TS  0|AC  0|TAMS 0x00000000ca900000, 0x00000000ca900000|
|  36|0x00000000caa00000, 0x00000000caa00000, 0x00000000cab00000|  0%| F|  |TS  0|AC  0|TAMS 0x00000000caa00000, 0x00000000caa00000|
|  37|0x00000000cab00000, 0x00000000cab00000, 0x00000000cac00000|  0%| F|  |TS  0|AC  0|TAMS 0x00000000cab00000, 0x00000000cab00000|
|  38|0x00000000cac00000, 0x00000000cac00000, 0x00000000cad00000|  0%| F|  |TS  0|AC  0|TAMS 0x00000000cac00000, 0x00000000cac00000|
|  39|0x00000000cad00000, 0x00000000cad00000, 0x00000000cae00000|  0%| F|  |TS  0|AC  0|TAMS 0x00000000cad00000, 0x00000000cad00000|
|  40|0x00000000cae00000, 0x00000000cae00000, 0x00000000caf00000|  0%| F|  |TS  0|AC  0|TAMS 0x00000000cae00000, 0x00000000cae00000|
|  41|0x00000000caf00000, 0x00000000caf00000, 0x00000000cb000000|  0%| F|  |TS  0|AC  0|TAMS 0x00000000caf00000, 0x00000000caf00000|
|  42|0x00000000cb000000, 0x00000000cb000000, 0x00000000cb100000|  0%| F|  |TS  0|AC  0|TAMS 0x00000000cb000000, 0x00000000cb000000|
|  43|0x00000000cb100000, 0x00000000cb100000, 0x00000000cb200000|  0%| F|  |TS  0|AC  0|TAMS 0x00000000cb100000, 0x00000000cb100000|
|  44|0x00000000cb200000, 0x00000000cb200000, 0x00000000cb300000|  0%| F|  |TS  0|AC  0|TAMS 0x00000000cb200000, 0x00000000cb200000|
|  45|0x00000000cb300000, 0x00000000cb300000, 0x00000000cb400000|  0%| F|  |TS  0|AC  0|TAMS 0x00000000cb300000, 0x00000000cb300000|
|  46|0x00000000cb400000, 0x00000000cb400000, 0x00000000cb500000|  0%| F|  |TS  0|AC  0|TAMS 0x00000000cb400000, 0x00000000cb400000|
|  47|0x00000000cb500000, 0x00000000cb500000, 0x00000000cb600000|  0%| F|  |TS  0|AC  0|TAMS 0x00000000cb500000, 0x00000000cb500000|
|  48|0x00000000cb600000, 0x00000000cb600000, 0x00000000cb700000|  0%| F|  |TS  0|AC  0|TAMS 0x00000000cb600000, 0x00000000cb600000|
|  49|0x00000000cb700000, 0x00000000cb700000, 0x00000000cb800000|  0%| F|  |TS  0|AC  0|TAMS 0x00000000cb700000, 0x00000000cb700000|
|  50|0x00000000cb800000, 0x00000000cb800000, 0x00000000cb900000|  0%| F|  |TS  0|AC  0|TAMS 0x00000000cb800000, 0x00000000cb800000|
|  51|0x00000000cb900000, 0x00000000cb900000, 0x00000000cba00000|  0%| F|  |TS  0|AC  0|TAMS 0x00000000cb900000, 0x00000000cb900000|
|  52|0x00000000cba00000, 0x00000000cba00000, 0x00000000cbb00000|  0%| F|  |TS  0|AC  0|TAMS 0x00000000cba00000, 0x00000000cba00000|
|  53|0x00000000cbb00000, 0x00000000cbc00000, 0x00000000cbc00000|100%| E|  |TS  0|AC  0|TAMS 0x00000000cbb00000, 0x00000000cbb00000|
|  54|0x00000000cbc00000, 0x00000000cbd00000, 0x00000000cbd00000|100%| E|CS|TS  0|AC  0|TAMS 0x00000000cbc00000, 0x00000000cbc00000|
|  55|0x00000000cbd00000, 0x00000000cbe00000, 0x00000000cbe00000|100%| E|CS|TS  0|AC  0|TAMS 0x00000000cbd00000, 0x00000000cbd00000|

Card table byte_map: [0x000000001d380000,0x000000001d540000] byte_map_base: 0x000000001cd3d000

Marking Bits (Prev, Next): (CMBitMap*) 0x0000000000495d70, (CMBitMap*) 0x0000000000495da8
 Prev Bits: [0x000000001d700000, 0x000000001e4e8000)
 Next Bits: [0x000000001e4f0000, 0x000000001f2d8000)

Polling page: 0x00000000000f0000

CodeHeap 'non-profiled nmethods': size=120064Kb used=68Kb max_used=68Kb free=119995Kb
 bounds [0x0000000014fe0000, 0x0000000015250000, 0x000000001c520000]
CodeHeap 'profiled nmethods': size=120000Kb used=223Kb max_used=223Kb free=119776Kb
 bounds [0x000000000dab0000, 0x000000000dd20000, 0x0000000014fe0000]
CodeHeap 'non-nmethods': size=5696Kb used=1071Kb max_used=1082Kb free=4624Kb
 bounds [0x000000000d520000, 0x000000000d790000, 0x000000000dab0000]
 total_blobs=551 nmethods=179 adapters=211
 compilation: enabled

Compilation events (10 events):
Event: 0.779 Thread 0x0000000062c21800  175       4       java.lang.String::charAt (25 bytes)
Event: 0.782 Thread 0x0000000062c21800 nmethod 175 0x0000000014ff0790 code [0x0000000014ff0920, 0x0000000014ff0a78]
Event: 0.783 Thread 0x0000000062c1c800  176 %     4       java.lang.StringLatin1::hashCode @ 10 (42 bytes)
Event: 0.792 Thread 0x0000000062c1c800 nmethod 176% 0x0000000014ff0b90 code [0x0000000014ff0d40, 0x0000000014ff0f98]
Event: 0.800 Thread 0x0000000062c22800  177       3       java.lang.AbstractStringBuilder::newCapacity (55 bytes)
Event: 0.800 Thread 0x0000000062c22800 nmethod 177 0x000000000dae6e90 code [0x000000000dae7060, 0x000000000dae7308]
Event: 0.807 Thread 0x0000000062c22800  178       3       sun.nio.fs.WindowsPathParser::isSlash (18 bytes)
Event: 0.808 Thread 0x0000000062c22800 nmethod 178 0x000000000dae7410 code [0x000000000dae75c0, 0x000000000dae7790]
Event: 0.851 Thread 0x0000000062c22800  179       3       java.lang.AbstractStringBuilder::<init> (39 bytes)
Event: 0.852 Thread 0x0000000062c22800 nmethod 179 0x000000000dae7810 code [0x000000000dae79e0, 0x000000000dae7cb0]

GC Heap History (0 events):
No events

Deoptimization events (1 events):
Event: 0.637 Thread 0x0000000000432800 Uncommon trap: reason=unstable_if action=reinterpret pc=0x0000000014fe6fa4 method=java.lang.String.hashCode()I @ 14 c2

Classes redefined (8 events):
Event: 43.461 Thread 0x0000000021b2e800 redefined class name=Solution, count=1
Event: 43.462 Thread 0x0000000021b2e800 redefined class name=Solution$TreeNode, count=1
Event: 82.238 Thread 0x0000000021b2e800 redefined class name=Solution, count=2
Event: 82.239 Thread 0x0000000021b2e800 redefined class name=Solution$TreeNode, count=2
Event: 255.857 Thread 0x0000000021b2e800 redefined class name=Solution, count=3
Event: 255.858 Thread 0x0000000021b2e800 redefined class name=Solution$TreeNode, count=3
Event: 290.829 Thread 0x0000000021b2e800 redefined class name=Solution, count=4
Event: 290.830 Thread 0x0000000021b2e800 redefined class name=Solution$TreeNode, count=4

Internal exceptions (0 events):
No events

Events (10 events):
Event: 290.925 Executing VM operation: GetFrameLocation done
Event: 379.428 Executing VM operation: ChangeBreakpoints
Event: 379.428 Executing VM operation: ChangeBreakpoints done
Event: 379.456 Executing VM operation: ChangeBreakpoints
Event: 379.456 Executing VM operation: ChangeBreakpoints done
Event: 386.903 Executing VM operation: ChangeBreakpoints
Event: 386.903 Executing VM operation: ChangeBreakpoints done
Event: 387.393 Executing VM operation: ChangeBreakpoints
Event: 387.394 Executing VM operation: ChangeBreakpoints done
Event: 388.421 Executing VM operation: ChangeBreakpoints


Dynamic libraries:
0x000000013fb10000 - 0x000000013fb4e000 	C:\Program Files\Java\jdk-10\bin\java.exe
0x0000000076eb0000 - 0x000000007705a000 	C:\Windows\SYSTEM32\ntdll.dll
0x0000000076d90000 - 0x0000000076eaf000 	C:\Windows\system32\kernel32.dll
0x000007fefcef0000 - 0x000007fefcf5a000 	C:\Windows\system32\KERNELBASE.dll
0x000007fefdcc0000 - 0x000007fefdd9b000 	C:\Windows\system32\ADVAPI32.dll
0x000007fefee60000 - 0x000007fefeeff000 	C:\Windows\system32\msvcrt.dll
0x000007feff120000 - 0x000007feff13f000 	C:\Windows\SYSTEM32\sechost.dll
0x000007fefd170000 - 0x000007fefd29d000 	C:\Windows\system32\RPCRT4.dll
0x0000000076c90000 - 0x0000000076d8a000 	C:\Windows\system32\USER32.dll
0x000007fefd470000 - 0x000007fefd4d7000 	C:\Windows\system32\GDI32.dll
0x000007feff100000 - 0x000007feff10e000 	C:\Windows\system32\LPK.dll
0x000007fefd3a0000 - 0x000007fefd46b000 	C:\Windows\system32\USP10.dll
0x000007fefb670000 - 0x000007fefb864000 	C:\Windows\WinSxS\amd64_microsoft.windows.common-controls_6595b64144ccf1df_6.0.7601.18837_none_fa3b1e3d17594757\COMCTL32.dll
0x000007fefd2a0000 - 0x000007fefd311000 	C:\Windows\system32\SHLWAPI.dll
0x000007fefc490000 - 0x000007fefc49c000 	C:\Windows\system32\VERSION.dll
0x000007fefcf60000 - 0x000007fefcf8e000 	C:\Windows\system32\IMM32.DLL
0x000007fefd930000 - 0x000007fefda39000 	C:\Windows\system32\MSCTF.dll
0x000007fef0190000 - 0x000007fef027f000 	C:\Program Files\Java\jdk-10\bin\msvcr120.dll
0x000007fef33f0000 - 0x000007fef3496000 	C:\Program Files\Java\jdk-10\bin\msvcp120.dll
0x0000000063ad0000 - 0x000000006453f000 	C:\Program Files\Java\jdk-10\bin\server\jvm.dll
0x000007fefa970000 - 0x000007fefa979000 	C:\Windows\system32\WSOCK32.dll
0x000007fefdc70000 - 0x000007fefdcbd000 	C:\Windows\system32\WS2_32.dll
0x000007feff110000 - 0x000007feff118000 	C:\Windows\system32\NSI.dll
0x000007fef8b10000 - 0x000007fef8b4b000 	C:\Windows\system32\WINMM.dll
0x0000000077080000 - 0x0000000077087000 	C:\Windows\system32\PSAPI.DLL
0x000007fefc410000 - 0x000007fefc41f000 	C:\Program Files\Java\jdk-10\bin\verify.dll
0x000007fef1bb0000 - 0x000007fef1cd5000 	C:\Windows\system32\DBGHELP.DLL
0x000007fef3f20000 - 0x000007fef3f47000 	C:\Program Files\Java\jdk-10\bin\java.dll
0x000007fef33b0000 - 0x000007fef33e6000 	C:\Program Files\Java\jdk-10\bin\jdwp.dll
0x000007fef3560000 - 0x000007fef358a000 	C:\Program Files\Java\jdk-10\bin\instrument.dll
0x000007fefc3b0000 - 0x000007fefc3c6000 	C:\Program Files\Java\jdk-10\bin\zip.dll
0x000007fef8000000 - 0x000007fef800a000 	C:\Program Files\Java\jdk-10\bin\jimage.dll
0x000007fefe0d0000 - 0x000007fefee5b000 	C:\Windows\system32\SHELL32.dll
0x000007fefef00000 - 0x000007feff0fc000 	C:\Windows\system32\ole32.dll
0x000007fefcba0000 - 0x000007fefcbaf000 	C:\Windows\system32\profapi.dll
0x000007fef7ff0000 - 0x000007fef7ffa000 	C:\Program Files\Java\jdk-10\bin\dt_socket.dll
0x000007fefc040000 - 0x000007fefc095000 	C:\Windows\system32\mswsock.dll
0x000007fefc4a0000 - 0x000007fefc4a7000 	C:\Windows\System32\wshtcpip.dll
0x000007fef7a30000 - 0x000007fef7a4a000 	C:\Program Files\Java\jdk-10\bin\net.dll
0x000007fef9920000 - 0x000007fef9991000 	C:\Windows\system32\WINHTTP.dll
0x000007fef83e0000 - 0x000007fef8444000 	C:\Windows\system32\webio.dll
0x000007fefc030000 - 0x000007fefc037000 	C:\Windows\System32\wship6.dll
0x000007fef42b0000 - 0x000007fef42c1000 	C:\Program Files\Java\jdk-10\bin\nio.dll

dbghelp: loaded successfully - version: 4.0.5 - missing functions: none
symbol engine: initialized successfully - sym options: 0x614 - pdb path: .;C:\Program Files\Java\jdk-10\bin;C:\Windows\SYSTEM32;C:\Windows\WinSxS\amd64_microsoft.windows.common-controls_6595b64144ccf1df_6.0.7601.18837_none_fa3b1e3d17594757;C:\Program Files\Java\jdk-10\bin\server

VM Arguments:
jvm_args: -agentlib:jdwp=transport=dt_socket,address=127.0.0.1:63101,suspend=y,server=n -javaagent:C:\Users\Administrator\AppData\Local\Temp\capture4380jars\debugger-agent.jar=file:/C:/Users/Administrator/AppData/Local/Temp/capture2.props -Dfile.encoding=UTF-8 
java_command: Solution
java_class_path (initial): D:\LCsolution\776. Split BST\out\production\776. Split BST;D:\Program Files\JetBrains\IntelliJ IDEA Community Edition 2018.1.1\lib\idea_rt.jar
Launcher Type: SUN_STANDARD

Logging:
Log output configuration:
#0: stdout all=warning uptime,level,tags
#1: stderr all=off uptime,level,tags

Environment Variables:
JAVA_HOME=C:\Program Files\Java\jdk-10
PATH=C:\ProgramData\Oracle\Java\javapath;C:\Windows\system32;C:\Windows;C:\Windows\System32\Wbem;C:\Windows\System32\WindowsPowerShell\v1.0\;C:\Program Files\Java\jdk-10\bin;G:\0 code\Python\Scripts\;G:\0 code\Python\;C:\Users\Administrator\AppData\Local\GitHubDesktop\bin
USERNAME=Administrator
OS=Windows_NT
PROCESSOR_IDENTIFIER=AMD64 Family 18 Model 1 Stepping 0, AuthenticAMD



---------------  S Y S T E M  ---------------

OS: Windows 7 , 64 bit Build 7601 (6.1.7601.23864)

CPU:total 4 (initial active 4) (4 cores per cpu, 1 threads per core) family 18 model 1 stepping 0, cmov, cx8, fxsr, mmx, sse, sse2, sse3, popcnt, mmxext, 3dnowpref, lzcnt, sse4a, tsc, tscinvbit, tscinv

Memory: 4k page, physical 3643504k(144372k free), swap 12782904k(4272092k free)

vm_info: Java HotSpot(TM) 64-Bit Server VM (10+46) for windows-amd64 JRE (10+46), built on Mar  8 2018 02:11:18 by "mach5one" with MS VC++ 12.0 (VS2013)

END.
