#
# A fatal error has been detected by the Java Runtime Environment:
#
#  EXCEPTION_ACCESS_VIOLATION (0xc0000005) at pc=0x000000005bb63eb2, pid=5184, tid=8800
#
# JRE version: Java(TM) SE Runtime Environment (10.0+46) (build 10+46)
# Java VM: Java HotSpot(TM) 64-Bit Server VM (10+46, mixed mode, tiered, compressed oops, g1 gc, windows-amd64)
# Problematic frame:
# V  [jvm.dll+0x473eb2]
#
# No core dump will be written. Minidumps are not enabled by default on client versions of Windows
#
# If you would like to submit a bug report, please visit:
#   http://bugreport.java.com/bugreport/crash.jsp
#

---------------  S U M M A R Y ------------

Command Line: -agentlib:jdwp=transport=dt_socket,address=127.0.0.1:57861,suspend=y,server=n -javaagent:C:\Users\Administrator\AppData\Local\Temp\capture9705jars\debugger-agent.jar=file:/C:/Users/Administrator/AppData/Local/Temp/capture1.props -Dfile.encoding=UTF-8 Solution

Host: AMD A6-3400M APU with Radeon(tm) HD Graphics, 4 cores, 3G,  Windows 7 , 64 bit Build 7601 (6.1.7601.23864)
Time: Mon Jun 18 21:15:23 2018 ?D1¨²¡À¨º¡Á?¨º¡À?? elapsed time: 129 seconds (0d 0h 2m 9s)

---------------  T H R E A D  ---------------

Current thread (0x00000000218ef000):  VMThread "VM Thread" [stack: 0x0000000021c10000,0x0000000021d10000] [id=8800]

Stack: [0x0000000021c10000,0x0000000021d10000],  sp=0x0000000021d0f180,  free space=1020k
Native frames: (J=compiled Java code, j=interpreted, Vv=VM code, C=native code)
V  [jvm.dll+0x473eb2]
V  [jvm.dll+0x473877]
V  [jvm.dll+0x6c42dc]
V  [jvm.dll+0x6c2a45]
V  [jvm.dll+0x6c3250]
V  [jvm.dll+0x6c358c]
V  [jvm.dll+0x59ef10]
C  [msvcr120.dll+0x24f7f]
C  [msvcr120.dll+0x25126]
C  [kernel32.dll+0x159cd]
C  [ntdll.dll+0x2a561]


siginfo: EXCEPTION_ACCESS_VIOLATION (0xc0000005), reading address 0xffffffffffffffff


Register to memory mapping:

RIP=0x000000005bb63eb2 jvm.dll
RAX=0x0000ca0022683db8 is an unknown value
RBX=0x0000000000000008 is an unknown value
RCX=0x000000000000003d is an unknown value
RDX=0x0000000000000003 is an unknown value
RSP=0x0000000021d0f180 is an unknown value
RBP=0x0000000022a65400 is an unknown value
RSI={method} {0x0000000022683e30} 
[error occurred during error reporting (printing register info), id 0xc0000005]

Registers:
RAX=0x0000ca0022683db8, RBX=0x0000000000000008, RCX=0x000000000000003d, RDX=0x0000000000000003
RSP=0x0000000021d0f180, RBP=0x0000000022a65400, RSI=0x0000000022683e28, RDI=0x000000002398be70
R8 =0x0000000022683790, R9 =0x00000000226831a8, R10=0x0000000021852370, R11=0x00000000218e6230
R12=0x0000000021d0f230, R13=0x0000000021864330, R14=0x0000000022a657d8, R15=0x0000000080064030
RIP=0x000000005bb63eb2, EFLAGS=0x0000000000010202

Top of Stack: (sp=0x0000000021d0f180)
0x0000000021d0f180:   00000000246bf4d0 000000002398be70
0x0000000021d0f190:   0000000021d0f230 000000002398be70
0x0000000021d0f1a0:   0000000023968f30 0000000021852370
0x0000000021d0f1b0:   00000000218e6230 0000000000000000
0x0000000021d0f1c0:   0000000000000000 0000000022a657d8
0x0000000021d0f1d0:   000000002398be70 00000000246bf4d0
0x0000000021d0f1e0:   0000000022a65400 00000000000003d8
0x0000000021d0f1f0:   000000005c0c5850 000000005be6d698
0x0000000021d0f200:   00000000246bf540 000000005bb63877
0x0000000021d0f210:   00000000246bf540 0000000021d0f230
0x0000000021d0f220:   00000000246bf4d0 000000002398be70
0x0000000021d0f230:   000000005bc49120 0000000000000000
0x0000000021d0f240:   0000000022a653f0 000000005bdb42dc
0x0000000021d0f250:   0000000021820770 00000000218ef000
0x0000000021d0f260:   0000000000000000 000000005bed6a50
0x0000000021d0f270:   0000000000000000 00004e090000000e 

Instructions: (pc=0x000000005bb63eb2)
0x000000005bb63e92:   00 00 4c 8d 42 01 4e 8d 04 c1 0f 1f 40 00 49 8b
0x000000005bb63ea2:   30 0f b6 46 2a c0 e8 05 a8 01 74 1e 48 8b 46 08
0x000000005bb63eb2:   4c 8b 48 08 0f b7 48 2a 4d 39 6c c9 40 75 0b 0f
0x000000005bb63ec2:   b7 48 2c 4d 39 54 c9 40 74 0e 49 83 e8 08 48 ff 


VM_Operation (0x00000000246bf4d0): ChangeBreakpoints, mode: safepoint, requested by thread 0x0000000023a23000


---------------  P R O C E S S  ---------------

Threads class SMR info:
_java_thread_list=0x0000000023973df0, length=14, elements={
0x0000000000367800, 0x00000000218f1800, 0x00000000218f6000, 0x0000000022aca000,
0x0000000022acc000, 0x0000000022acd000, 0x0000000022ad2000, 0x0000000022ad2800,
0x0000000022b40000, 0x0000000023a23000, 0x0000000023a1a000, 0x00000000239c5000,
0x00000000238fb800, 0x000000002396f000
}

Java Threads: ( => current thread )
  0x0000000000367800 JavaThread "main" [_thread_blocked, id=7016, stack(0x0000000002020000,0x0000000002120000)]
  0x00000000218f1800 JavaThread "Reference Handler" daemon [_thread_blocked, id=8048, stack(0x0000000022cc0000,0x0000000022dc0000)]
  0x00000000218f6000 JavaThread "Finalizer" daemon [_thread_blocked, id=5340, stack(0x0000000022fb0000,0x00000000230b0000)]
  0x0000000022aca000 JavaThread "Signal Dispatcher" daemon [_thread_blocked, id=7608, stack(0x0000000023150000,0x0000000023250000)]
  0x0000000022acc000 JavaThread "Attach Listener" daemon [_thread_blocked, id=5400, stack(0x0000000022e90000,0x0000000022f90000)]
  0x0000000022acd000 JavaThread "C2 CompilerThread0" daemon [_thread_blocked, id=8500, stack(0x0000000023380000,0x0000000023480000)]
  0x0000000022ad2000 JavaThread "C2 CompilerThread1" daemon [_thread_blocked, id=5572, stack(0x0000000023270000,0x0000000023370000)]
  0x0000000022ad2800 JavaThread "C1 CompilerThread2" daemon [_thread_blocked, id=9424, stack(0x0000000023650000,0x0000000023750000)]
  0x0000000022b40000 JavaThread "Sweeper thread" daemon [_thread_blocked, id=6840, stack(0x0000000023490000,0x0000000023590000)]
  0x0000000023a23000 JavaThread "JDWP Transport Listener: dt_socket" daemon [_thread_blocked, id=5332, stack(0x00000000245c0000,0x00000000246c0000)]
  0x0000000023a1a000 JavaThread "JDWP Event Helper Thread" daemon [_thread_blocked, id=9192, stack(0x0000000024830000,0x0000000024930000)]
  0x00000000239c5000 JavaThread "JDWP Command Reader" daemon [_thread_in_native, id=6900, stack(0x0000000024700000,0x0000000024800000)]
  0x00000000238fb800 JavaThread "Common-Cleaner" daemon [_thread_blocked, id=8140, stack(0x00000000249f0000,0x0000000024af0000)]
  0x000000002396f000 JavaThread "Service Thread" daemon [_thread_blocked, id=4572, stack(0x0000000024be0000,0x0000000024ce0000)]

Other Threads:
=>0x00000000218ef000 VMThread "VM Thread" [stack: 0x0000000021c10000,0x0000000021d10000] [id=8800]
  0x0000000023975000 WatcherThread [stack: 0x0000000024d40000,0x0000000024e40000] [id=3904]
  0x0000000000390800 GCTaskThread "GC Thread#0" [stack: 0x000000001c6e0000,0x000000001c7e0000] [id=5396]
  0x0000000000391800 GCTaskThread "GC Thread#1" [stack: 0x000000001c990000,0x000000001ca90000] [id=8420]
  0x0000000000394000 GCTaskThread "GC Thread#2" [stack: 0x000000001cac0000,0x000000001cbc0000] [id=9488]
  0x0000000000399800 GCTaskThread "GC Thread#3" [stack: 0x000000001cbd0000,0x000000001ccd0000] [id=5096]
  0x00000000003ca800 ConcurrentGCThread "G1 Main Marker" [stack: 0x000000001f1c0000,0x000000001f2c0000] [id=6940]
  0x00000000003cc000 ConcurrentGCThread "G1 Conc#0" [stack: 0x000000001f2c0000,0x000000001f3c0000] [id=9580]
  0x0000000021810800 ConcurrentGCThread "G1 Refine#0" [stack: 0x0000000021920000,0x0000000021a20000] [id=8124]
  0x00000000003ef000 ConcurrentGCThread "G1 Refine#1" [stack: 0x0000000021b00000,0x0000000021c00000] [id=6648]
  0x000000002181b000 ConcurrentGCThread "G1 Refine#2" [stack: 0x0000000021d90000,0x0000000021e90000] [id=8172]
  0x000000002181c000 ConcurrentGCThread "G1 Refine#3" [stack: 0x0000000021f30000,0x0000000022030000] [id=8836]
  0x000000002181d000 ConcurrentGCThread "G1 Young RemSet Sampling" [stack: 0x00000000220f0000,0x00000000221f0000] [id=6956]

Threads with active compile tasks:

VM state:at safepoint (normal execution)

VM Mutex/Monitor currently owned by a thread:  ([mutex/lock_event])
[0x0000000000363cb0] Threads_lock - owner thread: 0x00000000218ef000

Heap address: 0x00000000c8600000, size: 890 MB, Compressed Oops mode: 32-bit
Narrow klass base: 0x0000000000000000, Narrow klass shift: 0
Compressed class space size: 1073741824 Address: 0x000000007fff0000

Heap:
 garbage-first heap   total 57344K, used 3072K [0x00000000c8600000, 0x0000000100000000)
  region size 1024K, 4 young (4096K), 0 survivors (0K)
 Metaspace       used 5247K, capacity 5392K, committed 5632K, reserved 1056768K
  class space    used 444K, capacity 496K, committed 512K, reserved 1048576K
Heap Regions: E=young(eden), S=young(survivor), O=old, HS=humongous(starts), HC=humongous(continues), CS=collection set, F=free, A=archive, TS=gc time stamp, AC=allocation context, TAMS=top-at-mark-start (previous, next)
|   0|0x00000000c8600000, 0x00000000c8600000, 0x00000000c8700000|  0%| F|  |TS  0|AC  0|TAMS 0x00000000c8600000, 0x00000000c8600000|
|   1|0x00000000c8700000, 0x00000000c8700000, 0x00000000c8800000|  0%| F|  |TS  0|AC  0|TAMS 0x00000000c8700000, 0x00000000c8700000|
|   2|0x00000000c8800000, 0x00000000c8800000, 0x00000000c8900000|  0%| F|  |TS  0|AC  0|TAMS 0x00000000c8800000, 0x00000000c8800000|
|   3|0x00000000c8900000, 0x00000000c8900000, 0x00000000c8a00000|  0%| F|  |TS  0|AC  0|TAMS 0x00000000c8900000, 0x00000000c8900000|
|   4|0x00000000c8a00000, 0x00000000c8a00000, 0x00000000c8b00000|  0%| F|  |TS  0|AC  0|TAMS 0x00000000c8a00000, 0x00000000c8a00000|
|   5|0x00000000c8b00000, 0x00000000c8b00000, 0x00000000c8c00000|  0%| F|  |TS  0|AC  0|TAMS 0x00000000c8b00000, 0x00000000c8b00000|
|   6|0x00000000c8c00000, 0x00000000c8c00000, 0x00000000c8d00000|  0%| F|  |TS  0|AC  0|TAMS 0x00000000c8c00000, 0x00000000c8c00000|
|   7|0x00000000c8d00000, 0x00000000c8d00000, 0x00000000c8e00000|  0%| F|  |TS  0|AC  0|TAMS 0x00000000c8d00000, 0x00000000c8d00000|
|   8|0x00000000c8e00000, 0x00000000c8e00000, 0x00000000c8f00000|  0%| F|  |TS  0|AC  0|TAMS 0x00000000c8e00000, 0x00000000c8e00000|
|   9|0x00000000c8f00000, 0x00000000c8f00000, 0x00000000c9000000|  0%| F|  |TS  0|AC  0|TAMS 0x00000000c8f00000, 0x00000000c8f00000|
|  10|0x00000000c9000000, 0x00000000c9000000, 0x00000000c9100000|  0%| F|  |TS  0|AC  0|TAMS 0x00000000c9000000, 0x00000000c9000000|
|  11|0x00000000c9100000, 0x00000000c9100000, 0x00000000c9200000|  0%| F|  |TS  0|AC  0|TAMS 0x00000000c9100000, 0x00000000c9100000|
|  12|0x00000000c9200000, 0x00000000c9200000, 0x00000000c9300000|  0%| F|  |TS  0|AC  0|TAMS 0x00000000c9200000, 0x00000000c9200000|
|  13|0x00000000c9300000, 0x00000000c9300000, 0x00000000c9400000|  0%| F|  |TS  0|AC  0|TAMS 0x00000000c9300000, 0x00000000c9300000|
|  14|0x00000000c9400000, 0x00000000c9400000, 0x00000000c9500000|  0%| F|  |TS  0|AC  0|TAMS 0x00000000c9400000, 0x00000000c9400000|
|  15|0x00000000c9500000, 0x00000000c9500000, 0x00000000c9600000|  0%| F|  |TS  0|AC  0|TAMS 0x00000000c9500000, 0x00000000c9500000|
|  16|0x00000000c9600000, 0x00000000c9600000, 0x00000000c9700000|  0%| F|  |TS  0|AC  0|TAMS 0x00000000c9600000, 0x00000000c9600000|
|  17|0x00000000c9700000, 0x00000000c9700000, 0x00000000c9800000|  0%| F|  |TS  0|AC  0|TAMS 0x00000000c9700000, 0x00000000c9700000|
|  18|0x00000000c9800000, 0x00000000c9800000, 0x00000000c9900000|  0%| F|  |TS  0|AC  0|TAMS 0x00000000c9800000, 0x00000000c9800000|
|  19|0x00000000c9900000, 0x00000000c9900000, 0x00000000c9a00000|  0%| F|  |TS  0|AC  0|TAMS 0x00000000c9900000, 0x00000000c9900000|
|  20|0x00000000c9a00000, 0x00000000c9a00000, 0x00000000c9b00000|  0%| F|  |TS  0|AC  0|TAMS 0x00000000c9a00000, 0x00000000c9a00000|
|  21|0x00000000c9b00000, 0x00000000c9b00000, 0x00000000c9c00000|  0%| F|  |TS  0|AC  0|TAMS 0x00000000c9b00000, 0x00000000c9b00000|
|  22|0x00000000c9c00000, 0x00000000c9c00000, 0x00000000c9d00000|  0%| F|  |TS  0|AC  0|TAMS 0x00000000c9c00000, 0x00000000c9c00000|
|  23|0x00000000c9d00000, 0x00000000c9d00000, 0x00000000c9e00000|  0%| F|  |TS  0|AC  0|TAMS 0x00000000c9d00000, 0x00000000c9d00000|
|  24|0x00000000c9e00000, 0x00000000c9e00000, 0x00000000c9f00000|  0%| F|  |TS  0|AC  0|TAMS 0x00000000c9e00000, 0x00000000c9e00000|
|  25|0x00000000c9f00000, 0x00000000c9f00000, 0x00000000ca000000|  0%| F|  |TS  0|AC  0|TAMS 0x00000000c9f00000, 0x00000000c9f00000|
|  26|0x00000000ca000000, 0x00000000ca000000, 0x00000000ca100000|  0%| F|  |TS  0|AC  0|TAMS 0x00000000ca000000, 0x00000000ca000000|
|  27|0x00000000ca100000, 0x00000000ca100000, 0x00000000ca200000|  0%| F|  |TS  0|AC  0|TAMS 0x00000000ca100000, 0x00000000ca100000|
|  28|0x00000000ca200000, 0x00000000ca200000, 0x00000000ca300000|  0%| F|  |TS  0|AC  0|TAMS 0x00000000ca200000, 0x00000000ca200000|
|  29|0x00000000ca300000, 0x00000000ca300000, 0x00000000ca400000|  0%| F|  |TS  0|AC  0|TAMS 0x00000000ca300000, 0x00000000ca300000|
|  30|0x00000000ca400000, 0x00000000ca400000, 0x00000000ca500000|  0%| F|  |TS  0|AC  0|TAMS 0x00000000ca400000, 0x00000000ca400000|
|  31|0x00000000ca500000, 0x00000000ca500000, 0x00000000ca600000|  0%| F|  |TS  0|AC  0|TAMS 0x00000000ca500000, 0x00000000ca500000|
|  32|0x00000000ca600000, 0x00000000ca600000, 0x00000000ca700000|  0%| F|  |TS  0|AC  0|TAMS 0x00000000ca600000, 0x00000000ca600000|
|  33|0x00000000ca700000, 0x00000000ca700000, 0x00000000ca800000|  0%| F|  |TS  0|AC  0|TAMS 0x00000000ca700000, 0x00000000ca700000|
|  34|0x00000000ca800000, 0x00000000ca800000, 0x00000000ca900000|  0%| F|  |TS  0|AC  0|TAMS 0x00000000ca800000, 0x00000000ca800000|
|  35|0x00000000ca900000, 0x00000000ca900000, 0x00000000caa00000|  0%| F|  |TS  0|AC  0|TAMS 0x00000000ca900000, 0x00000000ca900000|
|  36|0x00000000caa00000, 0x00000000caa00000, 0x00000000cab00000|  0%| F|  |TS  0|AC  0|TAMS 0x00000000caa00000, 0x00000000caa00000|
|  37|0x00000000cab00000, 0x00000000cab00000, 0x00000000cac00000|  0%| F|  |TS  0|AC  0|TAMS 0x00000000cab00000, 0x00000000cab00000|
|  38|0x00000000cac00000, 0x00000000cac00000, 0x00000000cad00000|  0%| F|  |TS  0|AC  0|TAMS 0x00000000cac00000, 0x00000000cac00000|
|  39|0x00000000cad00000, 0x00000000cad00000, 0x00000000cae00000|  0%| F|  |TS  0|AC  0|TAMS 0x00000000cad00000, 0x00000000cad00000|
|  40|0x00000000cae00000, 0x00000000cae00000, 0x00000000caf00000|  0%| F|  |TS  0|AC  0|TAMS 0x00000000cae00000, 0x00000000cae00000|
|  41|0x00000000caf00000, 0x00000000caf00000, 0x00000000cb000000|  0%| F|  |TS  0|AC  0|TAMS 0x00000000caf00000, 0x00000000caf00000|
|  42|0x00000000cb000000, 0x00000000cb000000, 0x00000000cb100000|  0%| F|  |TS  0|AC  0|TAMS 0x00000000cb000000, 0x00000000cb000000|
|  43|0x00000000cb100000, 0x00000000cb100000, 0x00000000cb200000|  0%| F|  |TS  0|AC  0|TAMS 0x00000000cb100000, 0x00000000cb100000|
|  44|0x00000000cb200000, 0x00000000cb200000, 0x00000000cb300000|  0%| F|  |TS  0|AC  0|TAMS 0x00000000cb200000, 0x00000000cb200000|
|  45|0x00000000cb300000, 0x00000000cb300000, 0x00000000cb400000|  0%| F|  |TS  0|AC  0|TAMS 0x00000000cb300000, 0x00000000cb300000|
|  46|0x00000000cb400000, 0x00000000cb400000, 0x00000000cb500000|  0%| F|  |TS  0|AC  0|TAMS 0x00000000cb400000, 0x00000000cb400000|
|  47|0x00000000cb500000, 0x00000000cb500000, 0x00000000cb600000|  0%| F|  |TS  0|AC  0|TAMS 0x00000000cb500000, 0x00000000cb500000|
|  48|0x00000000cb600000, 0x00000000cb600000, 0x00000000cb700000|  0%| F|  |TS  0|AC  0|TAMS 0x00000000cb600000, 0x00000000cb600000|
|  49|0x00000000cb700000, 0x00000000cb700000, 0x00000000cb800000|  0%| F|  |TS  0|AC  0|TAMS 0x00000000cb700000, 0x00000000cb700000|
|  50|0x00000000cb800000, 0x00000000cb800000, 0x00000000cb900000|  0%| F|  |TS  0|AC  0|TAMS 0x00000000cb800000, 0x00000000cb800000|
|  51|0x00000000cb900000, 0x00000000cb900000, 0x00000000cba00000|  0%| F|  |TS  0|AC  0|TAMS 0x00000000cb900000, 0x00000000cb900000|
|  52|0x00000000cba00000, 0x00000000cba037f0, 0x00000000cbb00000|  1%| E|  |TS  0|AC  0|TAMS 0x00000000cba00000, 0x00000000cba00000|
|  53|0x00000000cbb00000, 0x00000000cbc00000, 0x00000000cbc00000|100%| E|CS|TS  0|AC  0|TAMS 0x00000000cbb00000, 0x00000000cbb00000|
|  54|0x00000000cbc00000, 0x00000000cbd00000, 0x00000000cbd00000|100%| E|CS|TS  0|AC  0|TAMS 0x00000000cbc00000, 0x00000000cbc00000|
|  55|0x00000000cbd00000, 0x00000000cbe00000, 0x00000000cbe00000|100%| E|CS|TS  0|AC  0|TAMS 0x00000000cbd00000, 0x00000000cbd00000|

Card table byte_map: [0x000000001d1c0000,0x000000001d380000] byte_map_base: 0x000000001cb7d000

Marking Bits (Prev, Next): (CMBitMap*) 0x00000000003c9f60, (CMBitMap*) 0x00000000003c9f98
 Prev Bits: [0x000000001d540000, 0x000000001e328000)
 Next Bits: [0x000000001e330000, 0x000000001f118000)

Polling page: 0x0000000001b20000

CodeHeap 'non-profiled nmethods': size=120064Kb used=65Kb max_used=65Kb free=119998Kb
 bounds [0x0000000015050000, 0x00000000152c0000, 0x000000001c590000]
CodeHeap 'profiled nmethods': size=120000Kb used=206Kb max_used=206Kb free=119793Kb
 bounds [0x000000000db20000, 0x000000000dd90000, 0x0000000015050000]
CodeHeap 'non-nmethods': size=5696Kb used=1069Kb max_used=1081Kb free=4626Kb
 bounds [0x000000000d590000, 0x000000000d800000, 0x000000000db20000]
 total_blobs=548 nmethods=174 adapters=211
 compilation: enabled

Compilation events (10 events):
Event: 0.707 Thread 0x0000000022ad2800 nmethod 171 0x000000000db51e90 code [0x000000000db52040, 0x000000000db52290]
Event: 0.707 Thread 0x0000000022ad2000 nmethod 164 0x000000001505fd10 code [0x000000001505fea0, 0x000000001505fff8]
Event: 0.709 Thread 0x0000000022acd000  172       4       java.lang.StringLatin1::indexOf (61 bytes)
Event: 0.709 Thread 0x0000000022ad2800  173       3       sun.nio.fs.WindowsPathParser::isInvalidPathChar (22 bytes)
Event: 0.710 Thread 0x0000000022ad2800 nmethod 173 0x000000000db52390 code [0x000000000db52580, 0x000000000db52928]
Event: 0.710 Thread 0x0000000022ad2800  175       3       sun.nio.fs.WindowsPathParser::isSlash (18 bytes)
Event: 0.710 Thread 0x0000000022ad2800 nmethod 175 0x000000000db52a90 code [0x000000000db52c40, 0x000000000db52e10]
Event: 0.710 Thread 0x0000000022ad2800  174       3       java.lang.String::substring (58 bytes)
Event: 0.711 Thread 0x0000000022ad2800 nmethod 174 0x000000000db52e90 code [0x000000000db530c0, 0x000000000db537c8]
Event: 0.715 Thread 0x0000000022acd000 nmethod 172 0x0000000015060110 code [0x00000000150602a0, 0x0000000015060438]

GC Heap History (0 events):
No events

Deoptimization events (2 events):
Event: 0.529 Thread 0x0000000000367800 Uncommon trap: reason=unstable_if action=reinterpret pc=0x00000000150591ec method=java.lang.String.isLatin1()Z @ 10 c2
Event: 0.551 Thread 0x0000000000367800 Uncommon trap: reason=unstable_if action=reinterpret pc=0x0000000015051c18 method=java.lang.String.hashCode()I @ 14 c2

Classes redefined (8 events):
Event: 88.194 Thread 0x00000000218ef000 redefined class name=Solution, count=1
Event: 88.195 Thread 0x00000000218ef000 redefined class name=Solution$TreeNode, count=1
Event: 97.740 Thread 0x00000000218ef000 redefined class name=Solution, count=2
Event: 97.741 Thread 0x00000000218ef000 redefined class name=Solution$TreeNode, count=2
Event: 108.245 Thread 0x00000000218ef000 redefined class name=Solution, count=3
Event: 108.246 Thread 0x00000000218ef000 redefined class name=Solution$TreeNode, count=3
Event: 122.775 Thread 0x00000000218ef000 redefined class name=Solution, count=4
Event: 122.776 Thread 0x00000000218ef000 redefined class name=Solution$TreeNode, count=4

Internal exceptions (0 events):
No events

Events (10 events):
Event: 123.260 Executing VM operation: ThreadsSuspendJVMTI done
Event: 123.272 Executing VM operation: ThreadsSuspendJVMTI
Event: 123.272 Executing VM operation: ThreadsSuspendJVMTI done
Event: 123.297 Executing VM operation: ThreadsSuspendJVMTI
Event: 123.298 Executing VM operation: ThreadsSuspendJVMTI done
Event: 123.309 Executing VM operation: ThreadsSuspendJVMTI
Event: 123.309 Executing VM operation: ThreadsSuspendJVMTI done
Event: 128.381 Executing VM operation: ChangeBreakpoints
Event: 128.381 Executing VM operation: ChangeBreakpoints done
Event: 129.186 Executing VM operation: ChangeBreakpoints


Dynamic libraries:
0x000000013f220000 - 0x000000013f25e000 	C:\Program Files\Java\jdk-10\bin\java.exe
0x0000000076eb0000 - 0x000000007705a000 	C:\Windows\SYSTEM32\ntdll.dll
0x0000000076d90000 - 0x0000000076eaf000 	C:\Windows\system32\kernel32.dll
0x000007fefcef0000 - 0x000007fefcf5a000 	C:\Windows\system32\KERNELBASE.dll
0x000007fefdcc0000 - 0x000007fefdd9b000 	C:\Windows\system32\ADVAPI32.dll
0x000007fefee60000 - 0x000007fefeeff000 	C:\Windows\system32\msvcrt.dll
0x000007feff120000 - 0x000007feff13f000 	C:\Windows\SYSTEM32\sechost.dll
0x000007fefd170000 - 0x000007fefd29d000 	C:\Windows\system32\RPCRT4.dll
0x0000000076c90000 - 0x0000000076d8a000 	C:\Windows\system32\USER32.dll
0x000007fefd470000 - 0x000007fefd4d7000 	C:\Windows\system32\GDI32.dll
0x000007feff100000 - 0x000007feff10e000 	C:\Windows\system32\LPK.dll
0x000007fefd3a0000 - 0x000007fefd46b000 	C:\Windows\system32\USP10.dll
0x000007fefb670000 - 0x000007fefb864000 	C:\Windows\WinSxS\amd64_microsoft.windows.common-controls_6595b64144ccf1df_6.0.7601.18837_none_fa3b1e3d17594757\COMCTL32.dll
0x000007fefd2a0000 - 0x000007fefd311000 	C:\Windows\system32\SHLWAPI.dll
0x000007fefc490000 - 0x000007fefc49c000 	C:\Windows\system32\VERSION.dll
0x000007fefcf60000 - 0x000007fefcf8e000 	C:\Windows\system32\IMM32.DLL
0x000007fefd930000 - 0x000007fefda39000 	C:\Windows\system32\MSCTF.dll
0x000007fef34f0000 - 0x000007fef35df000 	C:\Program Files\Java\jdk-10\bin\msvcr120.dll
0x000007fef2320000 - 0x000007fef23c6000 	C:\Program Files\Java\jdk-10\bin\msvcp120.dll
0x000000005b6f0000 - 0x000000005c15f000 	C:\Program Files\Java\jdk-10\bin\server\jvm.dll
0x000007fefc410000 - 0x000007fefc419000 	C:\Windows\system32\WSOCK32.dll
0x000007fefdc70000 - 0x000007fefdcbd000 	C:\Windows\system32\WS2_32.dll
0x000007feff110000 - 0x000007feff118000 	C:\Windows\system32\NSI.dll
0x000007fef8b10000 - 0x000007fef8b4b000 	C:\Windows\system32\WINMM.dll
0x0000000077080000 - 0x0000000077087000 	C:\Windows\system32\PSAPI.DLL
0x000007fef5de0000 - 0x000007fef5def000 	C:\Program Files\Java\jdk-10\bin\verify.dll
0x000007fef1bb0000 - 0x000007fef1cd5000 	C:\Windows\system32\DBGHELP.DLL
0x000007fef4150000 - 0x000007fef4177000 	C:\Program Files\Java\jdk-10\bin\java.dll
0x000007fef36f0000 - 0x000007fef3726000 	C:\Program Files\Java\jdk-10\bin\jdwp.dll
0x000007fef2840000 - 0x000007fef286a000 	C:\Program Files\Java\jdk-10\bin\instrument.dll
0x000007fef58c0000 - 0x000007fef58d6000 	C:\Program Files\Java\jdk-10\bin\zip.dll
0x000007fef7a70000 - 0x000007fef7a7a000 	C:\Program Files\Java\jdk-10\bin\jimage.dll
0x000007fefe0d0000 - 0x000007fefee5b000 	C:\Windows\system32\SHELL32.dll
0x000007fefef00000 - 0x000007feff0fc000 	C:\Windows\system32\ole32.dll
0x000007fefcba0000 - 0x000007fefcbaf000 	C:\Windows\system32\profapi.dll
0x000007fef4310000 - 0x000007fef431a000 	C:\Program Files\Java\jdk-10\bin\dt_socket.dll
0x000007fefc040000 - 0x000007fefc095000 	C:\Windows\system32\mswsock.dll
0x000007fefc4a0000 - 0x000007fefc4a7000 	C:\Windows\System32\wshtcpip.dll
0x000007fef4130000 - 0x000007fef414a000 	C:\Program Files\Java\jdk-10\bin\net.dll
0x000007fef9920000 - 0x000007fef9991000 	C:\Windows\system32\WINHTTP.dll
0x000007fef83e0000 - 0x000007fef8444000 	C:\Windows\system32\webio.dll
0x000007fefc030000 - 0x000007fefc037000 	C:\Windows\System32\wship6.dll
0x000007fef3f20000 - 0x000007fef3f31000 	C:\Program Files\Java\jdk-10\bin\nio.dll

dbghelp: loaded successfully - version: 4.0.5 - missing functions: none
symbol engine: initialized successfully - sym options: 0x614 - pdb path: .;C:\Program Files\Java\jdk-10\bin;C:\Windows\SYSTEM32;C:\Windows\WinSxS\amd64_microsoft.windows.common-controls_6595b64144ccf1df_6.0.7601.18837_none_fa3b1e3d17594757;C:\Program Files\Java\jdk-10\bin\server

VM Arguments:
jvm_args: -agentlib:jdwp=transport=dt_socket,address=127.0.0.1:57861,suspend=y,server=n -javaagent:C:\Users\Administrator\AppData\Local\Temp\capture9705jars\debugger-agent.jar=file:/C:/Users/Administrator/AppData/Local/Temp/capture1.props -Dfile.encoding=UTF-8 
java_command: Solution
java_class_path (initial): D:\LCsolution\545. Boundary of Binary Tree\out\production\545. Boundary of Binary Tree;D:\Program Files\JetBrains\IntelliJ IDEA Community Edition 2018.1.1\lib\idea_rt.jar
Launcher Type: SUN_STANDARD

Logging:
Log output configuration:
#0: stdout all=warning uptime,level,tags
#1: stderr all=off uptime,level,tags

Environment Variables:
JAVA_HOME=C:\Program Files\Java\jdk-10
PATH=C:\ProgramData\Oracle\Java\javapath;C:\Windows\system32;C:\Windows;C:\Windows\System32\Wbem;C:\Windows\System32\WindowsPowerShell\v1.0\;C:\Program Files\Java\jdk-10\bin;G:\0 code\Python\Scripts\;G:\0 code\Python\;C:\Users\Administrator\AppData\Local\GitHubDesktop\bin
USERNAME=Administrator
OS=Windows_NT
PROCESSOR_IDENTIFIER=AMD64 Family 18 Model 1 Stepping 0, AuthenticAMD



---------------  S Y S T E M  ---------------

OS: Windows 7 , 64 bit Build 7601 (6.1.7601.23864)

CPU:total 4 (initial active 4) (4 cores per cpu, 1 threads per core) family 18 model 1 stepping 0, cmov, cx8, fxsr, mmx, sse, sse2, sse3, popcnt, mmxext, 3dnowpref, lzcnt, sse4a, tsc, tscinvbit, tscinv

Memory: 4k page, physical 3643504k(326296k free), swap 12782904k(7386828k free)

vm_info: Java HotSpot(TM) 64-Bit Server VM (10+46) for windows-amd64 JRE (10+46), built on Mar  8 2018 02:11:18 by "mach5one" with MS VC++ 12.0 (VS2013)

END.
