#
# A fatal error has been detected by the Java Runtime Environment:
#
#  Internal Error (t:/workspace/open/src/hotspot/share/oops/generateOopMap.cpp:2162), pid=3744, tid=9900
#  fatal error: Illegal class file encountered. Try running with -Xverify:all in method boundaryOfBinaryTree
#
# JRE version: Java(TM) SE Runtime Environment (10.0+46) (build 10+46)
# Java VM: Java HotSpot(TM) 64-Bit Server VM (10+46, mixed mode, tiered, compressed oops, g1 gc, windows-amd64)
# No core dump will be written. Minidumps are not enabled by default on client versions of Windows
#
# If you would like to submit a bug report, please visit:
#   http://bugreport.java.com/bugreport/crash.jsp
#

---------------  S U M M A R Y ------------

Command Line: -agentlib:jdwp=transport=dt_socket,address=127.0.0.1:57846,suspend=y,server=n -javaagent:C:\Users\Administrator\.IdeaIC2018.1\system\captureAgent\debugger-agent.jar=file:/C:/Users/Administrator/AppData/Local/Temp/capture1.props -Dfile.encoding=UTF-8 Solution

Host: AMD A6-3400M APU with Radeon(tm) HD Graphics, 4 cores, 3G,  Windows 7 , 64 bit Build 7601 (6.1.7601.23864)
Time: Mon Jun 18 21:14:52 2018 ?D1¨²¡À¨º¡Á?¨º¡À?? elapsed time: 106 seconds (0d 0h 1m 46s)

---------------  T H R E A D  ---------------

Current thread (0x000000001cd0e000):  VMThread "VM Thread" [stack: 0x0000000022110000,0x0000000022210000] [id=9900]

Stack: [0x0000000022110000,0x0000000022210000]
[error occurred during error reporting (printing stack bounds), id 0xe0000000]

Native frames: (J=compiled Java code, j=interpreted, Vv=VM code, C=native code)
V  [jvm.dll+0x59fbf9]
V  [jvm.dll+0x6bca11]
V  [jvm.dll+0x6bdc06]
V  [jvm.dll+0x6be1f5]
V  [jvm.dll+0x6be1ab]
V  [jvm.dll+0x59f3f3]
V  [jvm.dll+0x59f7f8]
C  [ntdll.dll+0x2812d]
C  [ntdll.dll+0x1855f]
C  [ntdll.dll+0x4bcb8]
C  0x000000000d960ea7

VM_Operation (0x0000000023e6f230): GetOrSetLocal, mode: safepoint, requested by thread 0x0000000023a7e800


---------------  P R O C E S S  ---------------

Threads class SMR info:
_java_thread_list=0x0000000023a347c0, length=14, elements={
0x0000000000467800, 0x000000001cd11000, 0x0000000022bdf800, 0x0000000022bf9000,
0x0000000022bfb000, 0x0000000022bfc800, 0x0000000022c01000, 0x000000001cd17000,
0x0000000022c6a800, 0x0000000023a7e800, 0x00000000239cb800, 0x00000000239f9000,
0x0000000023a71000, 0x0000000023a35000
}

Java Threads: ( => current thread )
  0x0000000000467800 JavaThread "main" [_thread_blocked, id=7440, stack(0x0000000001fd0000,0x00000000020d0000)]
  0x000000001cd11000 JavaThread "Reference Handler" daemon [_thread_blocked, id=6008, stack(0x0000000022e80000,0x0000000022f80000)]
  0x0000000022bdf800 JavaThread "Finalizer" daemon [_thread_blocked, id=1752, stack(0x0000000022f80000,0x0000000023080000)]
  0x0000000022bf9000 JavaThread "Signal Dispatcher" daemon [_thread_blocked, id=8728, stack(0x0000000023100000,0x0000000023200000)]
  0x0000000022bfb000 JavaThread "Attach Listener" daemon [_thread_blocked, id=8608, stack(0x0000000022d60000,0x0000000022e60000)]
  0x0000000022bfc800 JavaThread "C2 CompilerThread0" daemon [_thread_blocked, id=6308, stack(0x0000000023230000,0x0000000023330000)]
  0x0000000022c01000 JavaThread "C2 CompilerThread1" daemon [_thread_blocked, id=8516, stack(0x00000000233b0000,0x00000000234b0000)]
  0x000000001cd17000 JavaThread "C1 CompilerThread2" daemon [_thread_blocked, id=6328, stack(0x00000000234d0000,0x00000000235d0000)]
  0x0000000022c6a800 JavaThread "Sweeper thread" daemon [_thread_blocked, id=1664, stack(0x00000000237b0000,0x00000000238b0000)]
  0x0000000023a7e800 JavaThread "JDWP Transport Listener: dt_socket" daemon [_thread_blocked, id=5372, stack(0x0000000023d70000,0x0000000023e70000)] _threads_hazard_ptr=0x0000000023a347c0
  0x00000000239cb800 JavaThread "JDWP Event Helper Thread" daemon [_thread_blocked, id=6480, stack(0x0000000023f50000,0x0000000024050000)]
  0x00000000239f9000 JavaThread "JDWP Command Reader" daemon [_thread_in_native, id=9024, stack(0x0000000024080000,0x0000000024180000)]
  0x0000000023a71000 JavaThread "Common-Cleaner" daemon [_thread_blocked, id=5672, stack(0x00000000241b0000,0x00000000242b0000)]
  0x0000000023a35000 JavaThread "Service Thread" daemon [_thread_blocked, id=6592, stack(0x0000000023660000,0x0000000023760000)]

Other Threads:
=>0x000000001cd0e000 VMThread "VM Thread" [stack: 0x0000000022110000,0x0000000022210000] [id=9900]
  0x0000000023a2f800 WatcherThread [stack: 0x0000000024410000,0x0000000024510000] [id=8652]
  0x0000000000490800 GCTaskThread "GC Thread#0" [stack: 0x0000000002440000,0x0000000002540000] [id=5800]
  0x0000000000491800 GCTaskThread "GC Thread#1" [stack: 0x000000001cb20000,0x000000001cc20000] [id=7932]
  0x0000000000493000 GCTaskThread "GC Thread#2" [stack: 0x000000001cd20000,0x000000001ce20000] [id=7420]
  0x0000000000499800 GCTaskThread "GC Thread#3" [stack: 0x000000001cea0000,0x000000001cfa0000] [id=2136]
  0x00000000004cb000 ConcurrentGCThread "G1 Main Marker" [stack: 0x000000001f5d0000,0x000000001f6d0000] [id=9528]
  0x00000000004d4000 ConcurrentGCThread "G1 Conc#0" [stack: 0x000000001f770000,0x000000001f870000] [id=4064]
  0x000000001cc32800 ConcurrentGCThread "G1 Refine#0" [stack: 0x0000000021bb0000,0x0000000021cb0000] [id=9908]
  0x000000001cc37000 ConcurrentGCThread "G1 Refine#1" [stack: 0x0000000021e20000,0x0000000021f20000] [id=5944]
  0x000000001cc3a800 ConcurrentGCThread "G1 Refine#2" [stack: 0x0000000022000000,0x0000000022100000] [id=7416]
  0x000000001cc3b800 ConcurrentGCThread "G1 Refine#3" [stack: 0x0000000022220000,0x0000000022320000] [id=4940]
  0x000000001cc3d000 ConcurrentGCThread "G1 Young RemSet Sampling" [stack: 0x0000000021d20000,0x0000000021e20000] [id=9968]

Threads with active compile tasks:

VM state:at safepoint (normal execution)

VM Mutex/Monitor currently owned by a thread:  ([mutex/lock_event])
[0x0000000000463cb0] Threads_lock - owner thread: 0x000000001cd0e000

Heap address: 0x00000000c8600000, size: 890 MB, Compressed Oops mode: 32-bit
Narrow klass base: 0x0000000000000000, Narrow klass shift: 0
Compressed class space size: 1073741824 Address: 0x000000007fff0000

Heap:
 garbage-first heap   total 57344K, used 2048K [0x00000000c8600000, 0x0000000100000000)
  region size 1024K, 3 young (3072K), 0 survivors (0K)
 Metaspace       used 5247K, capacity 5392K, committed 5632K, reserved 1056768K
  class space    used 443K, capacity 496K, committed 512K, reserved 1048576K
Heap Regions: E=young(eden), S=young(survivor), O=old, HS=humongous(starts), HC=humongous(continues), CS=collection set, F=free, A=archive, TS=gc time stamp, AC=allocation context, TAMS=top-at-mark-start (previous, next)
|   0|0x00000000c8600000, 0x00000000c8600000, 0x00000000c8700000|  0%| F|  |TS  0|AC  0|TAMS 0x00000000c8600000, 0x00000000c8600000|
|   1|0x00000000c8700000, 0x00000000c8700000, 0x00000000c8800000|  0%| F|  |TS  0|AC  0|TAMS 0x00000000c8700000, 0x00000000c8700000|
|   2|0x00000000c8800000, 0x00000000c8800000, 0x00000000c8900000|  0%| F|  |TS  0|AC  0|TAMS 0x00000000c8800000, 0x00000000c8800000|
|   3|0x00000000c8900000, 0x00000000c8900000, 0x00000000c8a00000|  0%| F|  |TS  0|AC  0|TAMS 0x00000000c8900000, 0x00000000c8900000|
|   4|0x00000000c8a00000, 0x00000000c8a00000, 0x00000000c8b00000|  0%| F|  |TS  0|AC  0|TAMS 0x00000000c8a00000, 0x00000000c8a00000|
|   5|0x00000000c8b00000, 0x00000000c8b00000, 0x00000000c8c00000|  0%| F|  |TS  0|AC  0|TAMS 0x00000000c8b00000, 0x00000000c8b00000|
|   6|0x00000000c8c00000, 0x00000000c8c00000, 0x00000000c8d00000|  0%| F|  |TS  0|AC  0|TAMS 0x00000000c8c00000, 0x00000000c8c00000|
|   7|0x00000000c8d00000, 0x00000000c8d00000, 0x00000000c8e00000|  0%| F|  |TS  0|AC  0|TAMS 0x00000000c8d00000, 0x00000000c8d00000|
|   8|0x00000000c8e00000, 0x00000000c8e00000, 0x00000000c8f00000|  0%| F|  |TS  0|AC  0|TAMS 0x00000000c8e00000, 0x00000000c8e00000|
|   9|0x00000000c8f00000, 0x00000000c8f00000, 0x00000000c9000000|  0%| F|  |TS  0|AC  0|TAMS 0x00000000c8f00000, 0x00000000c8f00000|
|  10|0x00000000c9000000, 0x00000000c9000000, 0x00000000c9100000|  0%| F|  |TS  0|AC  0|TAMS 0x00000000c9000000, 0x00000000c9000000|
|  11|0x00000000c9100000, 0x00000000c9100000, 0x00000000c9200000|  0%| F|  |TS  0|AC  0|TAMS 0x00000000c9100000, 0x00000000c9100000|
|  12|0x00000000c9200000, 0x00000000c9200000, 0x00000000c9300000|  0%| F|  |TS  0|AC  0|TAMS 0x00000000c9200000, 0x00000000c9200000|
|  13|0x00000000c9300000, 0x00000000c9300000, 0x00000000c9400000|  0%| F|  |TS  0|AC  0|TAMS 0x00000000c9300000, 0x00000000c9300000|
|  14|0x00000000c9400000, 0x00000000c9400000, 0x00000000c9500000|  0%| F|  |TS  0|AC  0|TAMS 0x00000000c9400000, 0x00000000c9400000|
|  15|0x00000000c9500000, 0x00000000c9500000, 0x00000000c9600000|  0%| F|  |TS  0|AC  0|TAMS 0x00000000c9500000, 0x00000000c9500000|
|  16|0x00000000c9600000, 0x00000000c9600000, 0x00000000c9700000|  0%| F|  |TS  0|AC  0|TAMS 0x00000000c9600000, 0x00000000c9600000|
|  17|0x00000000c9700000, 0x00000000c9700000, 0x00000000c9800000|  0%| F|  |TS  0|AC  0|TAMS 0x00000000c9700000, 0x00000000c9700000|
|  18|0x00000000c9800000, 0x00000000c9800000, 0x00000000c9900000|  0%| F|  |TS  0|AC  0|TAMS 0x00000000c9800000, 0x00000000c9800000|
|  19|0x00000000c9900000, 0x00000000c9900000, 0x00000000c9a00000|  0%| F|  |TS  0|AC  0|TAMS 0x00000000c9900000, 0x00000000c9900000|
|  20|0x00000000c9a00000, 0x00000000c9a00000, 0x00000000c9b00000|  0%| F|  |TS  0|AC  0|TAMS 0x00000000c9a00000, 0x00000000c9a00000|
|  21|0x00000000c9b00000, 0x00000000c9b00000, 0x00000000c9c00000|  0%| F|  |TS  0|AC  0|TAMS 0x00000000c9b00000, 0x00000000c9b00000|
|  22|0x00000000c9c00000, 0x00000000c9c00000, 0x00000000c9d00000|  0%| F|  |TS  0|AC  0|TAMS 0x00000000c9c00000, 0x00000000c9c00000|
|  23|0x00000000c9d00000, 0x00000000c9d00000, 0x00000000c9e00000|  0%| F|  |TS  0|AC  0|TAMS 0x00000000c9d00000, 0x00000000c9d00000|
|  24|0x00000000c9e00000, 0x00000000c9e00000, 0x00000000c9f00000|  0%| F|  |TS  0|AC  0|TAMS 0x00000000c9e00000, 0x00000000c9e00000|
|  25|0x00000000c9f00000, 0x00000000c9f00000, 0x00000000ca000000|  0%| F|  |TS  0|AC  0|TAMS 0x00000000c9f00000, 0x00000000c9f00000|
|  26|0x00000000ca000000, 0x00000000ca000000, 0x00000000ca100000|  0%| F|  |TS  0|AC  0|TAMS 0x00000000ca000000, 0x00000000ca000000|
|  27|0x00000000ca100000, 0x00000000ca100000, 0x00000000ca200000|  0%| F|  |TS  0|AC  0|TAMS 0x00000000ca100000, 0x00000000ca100000|
|  28|0x00000000ca200000, 0x00000000ca200000, 0x00000000ca300000|  0%| F|  |TS  0|AC  0|TAMS 0x00000000ca200000, 0x00000000ca200000|
|  29|0x00000000ca300000, 0x00000000ca300000, 0x00000000ca400000|  0%| F|  |TS  0|AC  0|TAMS 0x00000000ca300000, 0x00000000ca300000|
|  30|0x00000000ca400000, 0x00000000ca400000, 0x00000000ca500000|  0%| F|  |TS  0|AC  0|TAMS 0x00000000ca400000, 0x00000000ca400000|
|  31|0x00000000ca500000, 0x00000000ca500000, 0x00000000ca600000|  0%| F|  |TS  0|AC  0|TAMS 0x00000000ca500000, 0x00000000ca500000|
|  32|0x00000000ca600000, 0x00000000ca600000, 0x00000000ca700000|  0%| F|  |TS  0|AC  0|TAMS 0x00000000ca600000, 0x00000000ca600000|
|  33|0x00000000ca700000, 0x00000000ca700000, 0x00000000ca800000|  0%| F|  |TS  0|AC  0|TAMS 0x00000000ca700000, 0x00000000ca700000|
|  34|0x00000000ca800000, 0x00000000ca800000, 0x00000000ca900000|  0%| F|  |TS  0|AC  0|TAMS 0x00000000ca800000, 0x00000000ca800000|
|  35|0x00000000ca900000, 0x00000000ca900000, 0x00000000caa00000|  0%| F|  |TS  0|AC  0|TAMS 0x00000000ca900000, 0x00000000ca900000|
|  36|0x00000000caa00000, 0x00000000caa00000, 0x00000000cab00000|  0%| F|  |TS  0|AC  0|TAMS 0x00000000caa00000, 0x00000000caa00000|
|  37|0x00000000cab00000, 0x00000000cab00000, 0x00000000cac00000|  0%| F|  |TS  0|AC  0|TAMS 0x00000000cab00000, 0x00000000cab00000|
|  38|0x00000000cac00000, 0x00000000cac00000, 0x00000000cad00000|  0%| F|  |TS  0|AC  0|TAMS 0x00000000cac00000, 0x00000000cac00000|
|  39|0x00000000cad00000, 0x00000000cad00000, 0x00000000cae00000|  0%| F|  |TS  0|AC  0|TAMS 0x00000000cad00000, 0x00000000cad00000|
|  40|0x00000000cae00000, 0x00000000cae00000, 0x00000000caf00000|  0%| F|  |TS  0|AC  0|TAMS 0x00000000cae00000, 0x00000000cae00000|
|  41|0x00000000caf00000, 0x00000000caf00000, 0x00000000cb000000|  0%| F|  |TS  0|AC  0|TAMS 0x00000000caf00000, 0x00000000caf00000|
|  42|0x00000000cb000000, 0x00000000cb000000, 0x00000000cb100000|  0%| F|  |TS  0|AC  0|TAMS 0x00000000cb000000, 0x00000000cb000000|
|  43|0x00000000cb100000, 0x00000000cb100000, 0x00000000cb200000|  0%| F|  |TS  0|AC  0|TAMS 0x00000000cb100000, 0x00000000cb100000|
|  44|0x00000000cb200000, 0x00000000cb200000, 0x00000000cb300000|  0%| F|  |TS  0|AC  0|TAMS 0x00000000cb200000, 0x00000000cb200000|
|  45|0x00000000cb300000, 0x00000000cb300000, 0x00000000cb400000|  0%| F|  |TS  0|AC  0|TAMS 0x00000000cb300000, 0x00000000cb300000|
|  46|0x00000000cb400000, 0x00000000cb400000, 0x00000000cb500000|  0%| F|  |TS  0|AC  0|TAMS 0x00000000cb400000, 0x00000000cb400000|
|  47|0x00000000cb500000, 0x00000000cb500000, 0x00000000cb600000|  0%| F|  |TS  0|AC  0|TAMS 0x00000000cb500000, 0x00000000cb500000|
|  48|0x00000000cb600000, 0x00000000cb600000, 0x00000000cb700000|  0%| F|  |TS  0|AC  0|TAMS 0x00000000cb600000, 0x00000000cb600000|
|  49|0x00000000cb700000, 0x00000000cb700000, 0x00000000cb800000|  0%| F|  |TS  0|AC  0|TAMS 0x00000000cb700000, 0x00000000cb700000|
|  50|0x00000000cb800000, 0x00000000cb800000, 0x00000000cb900000|  0%| F|  |TS  0|AC  0|TAMS 0x00000000cb800000, 0x00000000cb800000|
|  51|0x00000000cb900000, 0x00000000cb900000, 0x00000000cba00000|  0%| F|  |TS  0|AC  0|TAMS 0x00000000cb900000, 0x00000000cb900000|
|  52|0x00000000cba00000, 0x00000000cba00000, 0x00000000cbb00000|  0%| F|  |TS  0|AC  0|TAMS 0x00000000cba00000, 0x00000000cba00000|
|  53|0x00000000cbb00000, 0x00000000cbbd7af0, 0x00000000cbc00000| 84%| E|  |TS  0|AC  0|TAMS 0x00000000cbb00000, 0x00000000cbb00000|
|  54|0x00000000cbc00000, 0x00000000cbd00000, 0x00000000cbd00000|100%| E|CS|TS  0|AC  0|TAMS 0x00000000cbc00000, 0x00000000cbc00000|
|  55|0x00000000cbd00000, 0x00000000cbe00000, 0x00000000cbe00000|100%| E|CS|TS  0|AC  0|TAMS 0x00000000cbd00000, 0x00000000cbd00000|

Card table byte_map: [0x000000001d490000,0x000000001d650000] byte_map_base: 0x000000001ce4d000

Marking Bits (Prev, Next): (CMBitMap*) 0x00000000004ca840, (CMBitMap*) 0x00000000004ca878
 Prev Bits: [0x000000001d810000, 0x000000001e5f8000)
 Next Bits: [0x000000001e600000, 0x000000001f3e8000)

Polling page: 0x00000000000f0000

CodeHeap 'non-profiled nmethods': size=120064Kb used=63Kb max_used=63Kb free=120000Kb
 bounds [0x0000000015420000, 0x0000000015690000, 0x000000001c960000]
CodeHeap 'profiled nmethods': size=120000Kb used=230Kb max_used=230Kb free=119769Kb
 bounds [0x000000000def0000, 0x000000000e160000, 0x0000000015420000]
CodeHeap 'non-nmethods': size=5696Kb used=1069Kb max_used=1081Kb free=4626Kb
 bounds [0x000000000d960000, 0x000000000dbd0000, 0x000000000def0000]
 total_blobs=558 nmethods=188 adapters=211
 compilation: enabled

Compilation events (10 events):
Event: 0.650 Thread 0x000000001cd17000 nmethod 182 0x000000000df27f90 code [0x000000000df28140, 0x000000000df282e8]
Event: 0.650 Thread 0x000000001cd17000  183       3       java.lang.AbstractStringBuilder::append (45 bytes)
Event: 0.651 Thread 0x000000001cd17000 nmethod 183 0x000000000df28390 code [0x000000000df285c0, 0x000000000df28b38]
Event: 0.651 Thread 0x000000001cd17000  184       3       java.lang.String::getBytes (44 bytes)
Event: 0.651 Thread 0x000000001cd17000 nmethod 184 0x000000000df28d90 code [0x000000000df28f80, 0x000000000df29338]
Event: 0.652 Thread 0x0000000022bfc800 nmethod 185 0x000000001542f090 code [0x000000001542f220, 0x000000001542f378]
Event: 0.664 Thread 0x000000001cd17000  186       3       java.lang.AbstractStringBuilder::newCapacity (55 bytes)
Event: 0.665 Thread 0x000000001cd17000 nmethod 186 0x000000000df29510 code [0x000000000df296e0, 0x000000000df29988]
Event: 0.678 Thread 0x0000000022c01000  187       4       java.lang.StringLatin1::indexOf (61 bytes)
Event: 0.685 Thread 0x0000000022c01000 nmethod 187 0x000000001542f910 code [0x000000001542faa0, 0x000000001542fc38]

GC Heap History (0 events):
No events

Deoptimization events (1 events):
Event: 0.510 Thread 0x0000000000467800 Uncommon trap: reason=unstable_if action=reinterpret pc=0x0000000015422a24 method=java.lang.String.hashCode()I @ 14 c2

Classes redefined (6 events):
Event: 8.280 Thread 0x000000001cd0e000 redefined class name=Solution, count=1
Event: 8.281 Thread 0x000000001cd0e000 redefined class name=Solution$TreeNode, count=1
Event: 96.769 Thread 0x000000001cd0e000 redefined class name=Solution, count=2
Event: 96.769 Thread 0x000000001cd0e000 redefined class name=Solution$TreeNode, count=2
Event: 106.418 Thread 0x000000001cd0e000 redefined class name=Solution, count=3
Event: 106.419 Thread 0x000000001cd0e000 redefined class name=Solution$TreeNode, count=3

Internal exceptions (0 events):
No events

Events (10 events):
Event: 106.420 Executing VM operation: RedefineClasses done
Event: 106.421 Executing VM operation: GetFrameCount
Event: 106.421 Executing VM operation: GetFrameCount done
Event: 106.422 Executing VM operation: GetFrameCount
Event: 106.422 Executing VM operation: GetFrameCount done
Event: 106.422 Executing VM operation: GetFrameLocation
Event: 106.422 Executing VM operation: GetFrameLocation done
Event: 106.423 Executing VM operation: GetFrameLocation
Event: 106.423 Executing VM operation: GetFrameLocation done
Event: 106.423 Executing VM operation: GetOrSetLocal


Dynamic libraries:
0x000000013f220000 - 0x000000013f25e000 	C:\Program Files\Java\jdk-10\bin\java.exe
0x0000000076eb0000 - 0x000000007705a000 	C:\Windows\SYSTEM32\ntdll.dll
0x0000000076d90000 - 0x0000000076eaf000 	C:\Windows\system32\kernel32.dll
0x000007fefcef0000 - 0x000007fefcf5a000 	C:\Windows\system32\KERNELBASE.dll
0x000007fefdcc0000 - 0x000007fefdd9b000 	C:\Windows\system32\ADVAPI32.dll
0x000007fefee60000 - 0x000007fefeeff000 	C:\Windows\system32\msvcrt.dll
0x000007feff120000 - 0x000007feff13f000 	C:\Windows\SYSTEM32\sechost.dll
0x000007fefd170000 - 0x000007fefd29d000 	C:\Windows\system32\RPCRT4.dll
0x0000000076c90000 - 0x0000000076d8a000 	C:\Windows\system32\USER32.dll
0x000007fefd470000 - 0x000007fefd4d7000 	C:\Windows\system32\GDI32.dll
0x000007feff100000 - 0x000007feff10e000 	C:\Windows\system32\LPK.dll
0x000007fefd3a0000 - 0x000007fefd46b000 	C:\Windows\system32\USP10.dll
0x000007fefb670000 - 0x000007fefb864000 	C:\Windows\WinSxS\amd64_microsoft.windows.common-controls_6595b64144ccf1df_6.0.7601.18837_none_fa3b1e3d17594757\COMCTL32.dll
0x000007fefd2a0000 - 0x000007fefd311000 	C:\Windows\system32\SHLWAPI.dll
0x000007fefc490000 - 0x000007fefc49c000 	C:\Windows\system32\VERSION.dll
0x000007fefcf60000 - 0x000007fefcf8e000 	C:\Windows\system32\IMM32.DLL
0x000007fefd930000 - 0x000007fefda39000 	C:\Windows\system32\MSCTF.dll
0x000007fef34f0000 - 0x000007fef35df000 	C:\Program Files\Java\jdk-10\bin\msvcr120.dll
0x000007fef2320000 - 0x000007fef23c6000 	C:\Program Files\Java\jdk-10\bin\msvcp120.dll
0x000000005b6f0000 - 0x000000005c15f000 	C:\Program Files\Java\jdk-10\bin\server\jvm.dll
0x000007fefc410000 - 0x000007fefc419000 	C:\Windows\system32\WSOCK32.dll
0x000007fefdc70000 - 0x000007fefdcbd000 	C:\Windows\system32\WS2_32.dll
0x000007feff110000 - 0x000007feff118000 	C:\Windows\system32\NSI.dll
0x000007fef8b10000 - 0x000007fef8b4b000 	C:\Windows\system32\WINMM.dll
0x0000000077080000 - 0x0000000077087000 	C:\Windows\system32\PSAPI.DLL
0x000007fef5de0000 - 0x000007fef5def000 	C:\Program Files\Java\jdk-10\bin\verify.dll
0x000007fef1bb0000 - 0x000007fef1cd5000 	C:\Windows\system32\DBGHELP.DLL
0x000007fef4150000 - 0x000007fef4177000 	C:\Program Files\Java\jdk-10\bin\java.dll
0x000007fef36f0000 - 0x000007fef3726000 	C:\Program Files\Java\jdk-10\bin\jdwp.dll
0x000007fef2840000 - 0x000007fef286a000 	C:\Program Files\Java\jdk-10\bin\instrument.dll
0x000007fef58c0000 - 0x000007fef58d6000 	C:\Program Files\Java\jdk-10\bin\zip.dll
0x000007fef7a70000 - 0x000007fef7a7a000 	C:\Program Files\Java\jdk-10\bin\jimage.dll
0x000007fefe0d0000 - 0x000007fefee5b000 	C:\Windows\system32\SHELL32.dll
0x000007fefef00000 - 0x000007feff0fc000 	C:\Windows\system32\ole32.dll
0x000007fefcba0000 - 0x000007fefcbaf000 	C:\Windows\system32\profapi.dll
0x000007fef4310000 - 0x000007fef431a000 	C:\Program Files\Java\jdk-10\bin\dt_socket.dll
0x000007fefc040000 - 0x000007fefc095000 	C:\Windows\system32\mswsock.dll
0x000007fefc4a0000 - 0x000007fefc4a7000 	C:\Windows\System32\wshtcpip.dll
0x000007fef4130000 - 0x000007fef414a000 	C:\Program Files\Java\jdk-10\bin\net.dll
0x000007fef9920000 - 0x000007fef9991000 	C:\Windows\system32\WINHTTP.dll
0x000007fef83e0000 - 0x000007fef8444000 	C:\Windows\system32\webio.dll
0x000007fefc030000 - 0x000007fefc037000 	C:\Windows\System32\wship6.dll
0x000007fef3f20000 - 0x000007fef3f31000 	C:\Program Files\Java\jdk-10\bin\nio.dll

dbghelp: loaded successfully - version: 4.0.5 - missing functions: none
symbol engine: initialized successfully - sym options: 0x614 - pdb path: .;C:\Program Files\Java\jdk-10\bin;C:\Windows\SYSTEM32;C:\Windows\WinSxS\amd64_microsoft.windows.common-controls_6595b64144ccf1df_6.0.7601.18837_none_fa3b1e3d17594757;C:\Program Files\Java\jdk-10\bin\server

VM Arguments:
jvm_args: -agentlib:jdwp=transport=dt_socket,address=127.0.0.1:57846,suspend=y,server=n -javaagent:C:\Users\Administrator\.IdeaIC2018.1\system\captureAgent\debugger-agent.jar=file:/C:/Users/Administrator/AppData/Local/Temp/capture1.props -Dfile.encoding=UTF-8 
java_command: Solution
java_class_path (initial): D:\LCsolution\545. Boundary of Binary Tree\out\production\545. Boundary of Binary Tree;D:\Program Files\JetBrains\IntelliJ IDEA Community Edition 2018.1.1\lib\idea_rt.jar
Launcher Type: SUN_STANDARD

Logging:
Log output configuration:
#0: stdout all=warning uptime,level,tags
#1: stderr all=off uptime,level,tags

Environment Variables:
JAVA_HOME=C:\Program Files\Java\jdk-10
PATH=C:\ProgramData\Oracle\Java\javapath;C:\Windows\system32;C:\Windows;C:\Windows\System32\Wbem;C:\Windows\System32\WindowsPowerShell\v1.0\;C:\Program Files\Java\jdk-10\bin;G:\0 code\Python\Scripts\;G:\0 code\Python\;C:\Users\Administrator\AppData\Local\GitHubDesktop\bin
USERNAME=Administrator
OS=Windows_NT
PROCESSOR_IDENTIFIER=AMD64 Family 18 Model 1 Stepping 0, AuthenticAMD



---------------  S Y S T E M  ---------------

OS: Windows 7 , 64 bit Build 7601 (6.1.7601.23864)

CPU:total 4 (initial active 4) (4 cores per cpu, 1 threads per core) family 18 model 1 stepping 0, cmov, cx8, fxsr, mmx, sse, sse2, sse3, popcnt, mmxext, 3dnowpref, lzcnt, sse4a, tsc, tscinvbit, tscinv

Memory: 4k page, physical 3643504k(393960k free), swap 12782904k(7175232k free)

vm_info: Java HotSpot(TM) 64-Bit Server VM (10+46) for windows-amd64 JRE (10+46), built on Mar  8 2018 02:11:18 by "mach5one" with MS VC++ 12.0 (VS2013)

END.
