#
# A fatal error has been detected by the Java Runtime Environment:
#
#  Internal Error (t:/workspace/open/src/hotspot/share/oops/generateOopMap.cpp:2162), pid=6820, tid=10100
#  fatal error: Illegal class file encountered. Try running with -Xverify:all in method start
#
# JRE version: Java(TM) SE Runtime Environment (10.0+46) (build 10+46)
# Java VM: Java HotSpot(TM) 64-Bit Server VM (10+46, mixed mode, tiered, compressed oops, g1 gc, windows-amd64)
# No core dump will be written. Minidumps are not enabled by default on client versions of Windows
#
# If you would like to submit a bug report, please visit:
#   http://bugreport.java.com/bugreport/crash.jsp
#

---------------  S U M M A R Y ------------

Command Line: -agentlib:jdwp=transport=dt_socket,address=127.0.0.1:56933,suspend=y,server=n -javaagent:C:\Users\Administrator\AppData\Local\Temp\capture269jars\debugger-agent.jar=file:/C:/Users/Administrator/AppData/Local/Temp/capture1.props -Dfile.encoding=UTF-8 Solution

Host: AMD A6-3400M APU with Radeon(tm) HD Graphics, 4 cores, 3G,  Windows 7 , 64 bit Build 7601 (6.1.7601.23864)
Time: Mon Jun 18 21:10:39 2018 ?D1¨²¡À¨º¡Á?¨º¡À?? elapsed time: 482 seconds (0d 0h 8m 2s)

---------------  T H R E A D  ---------------

Current thread (0x0000000021ade800):  VMThread "VM Thread" [stack: 0x0000000022c10000,0x0000000022d10000] [id=10100]

Stack: [0x0000000022c10000,0x0000000022d10000]
[error occurred during error reporting (printing stack bounds), id 0xe0000000]

Native frames: (J=compiled Java code, j=interpreted, Vv=VM code, C=native code)
V  [jvm.dll+0x59fbf9]
V  [jvm.dll+0x6bca11]
V  [jvm.dll+0x6bdc06]
V  [jvm.dll+0x6be1f5]
V  [jvm.dll+0x6be1ab]
V  [jvm.dll+0x59f3f3]
V  [jvm.dll+0x59f7f8]
C  [ntdll.dll+0x2812d]
C  [ntdll.dll+0x1855f]
C  [ntdll.dll+0x4bcb8]
C  0x000000000d6f0ea7

VM_Operation (0x000000002375f760): GetOrSetLocal, mode: safepoint, requested by thread 0x00000000240e8000


---------------  P R O C E S S  ---------------

Threads class SMR info:
_java_thread_list=0x0000000023b93680, length=14, elements={
0x00000000002d7800, 0x0000000021ae1000, 0x0000000021ae5000, 0x0000000022aba000,
0x0000000022abc000, 0x0000000022abd800, 0x0000000022ac2800, 0x0000000022b30000,
0x0000000022b32800, 0x00000000240e8000, 0x0000000023c69000, 0x0000000023be2000,
0x0000000023e0c800, 0x0000000023b90800
}

Java Threads: ( => current thread )
  0x00000000002d7800 JavaThread "main" [_thread_blocked, id=7732, stack(0x0000000002170000,0x0000000002270000)]
  0x0000000021ae1000 JavaThread "Reference Handler" daemon [_thread_blocked, id=8972, stack(0x0000000022d90000,0x0000000022e90000)]
  0x0000000021ae5000 JavaThread "Finalizer" daemon [_thread_blocked, id=8976, stack(0x0000000022ff0000,0x00000000230f0000)]
  0x0000000022aba000 JavaThread "Signal Dispatcher" daemon [_thread_blocked, id=6804, stack(0x0000000023190000,0x0000000023290000)]
  0x0000000022abc000 JavaThread "Attach Listener" daemon [_thread_blocked, id=5724, stack(0x0000000023330000,0x0000000023430000)]
  0x0000000022abd800 JavaThread "C2 CompilerThread0" daemon [_thread_blocked, id=4260, stack(0x00000000234e0000,0x00000000235e0000)]
  0x0000000022ac2800 JavaThread "C2 CompilerThread1" daemon [_thread_blocked, id=8940, stack(0x0000000023760000,0x0000000023860000)]
  0x0000000022b30000 JavaThread "C1 CompilerThread2" daemon [_thread_blocked, id=3400, stack(0x0000000023910000,0x0000000023a10000)]
  0x0000000022b32800 JavaThread "Sweeper thread" daemon [_thread_blocked, id=9904, stack(0x0000000022e90000,0x0000000022f90000)]
  0x00000000240e8000 JavaThread "JDWP Transport Listener: dt_socket" daemon [_thread_blocked, id=6568, stack(0x0000000023660000,0x0000000023760000)] _threads_hazard_ptr=0x0000000023b93680
  0x0000000023c69000 JavaThread "JDWP Event Helper Thread" daemon [_thread_blocked, id=9360, stack(0x0000000023ed0000,0x0000000023fd0000)]
  0x0000000023be2000 JavaThread "JDWP Command Reader" daemon [_thread_in_native, id=9884, stack(0x0000000024890000,0x0000000024990000)]
  0x0000000023e0c800 JavaThread "Common-Cleaner" daemon [_thread_blocked, id=2780, stack(0x0000000024ae0000,0x0000000024be0000)]
  0x0000000023b90800 JavaThread "Service Thread" daemon [_thread_blocked, id=4440, stack(0x0000000024c60000,0x0000000024d60000)]

Other Threads:
=>0x0000000021ade800 VMThread "VM Thread" [stack: 0x0000000022c10000,0x0000000022d10000] [id=10100]
  0x0000000023b96800 WatcherThread [stack: 0x0000000024ed0000,0x0000000024fd0000] [id=3296]
  0x0000000000300800 GCTaskThread "GC Thread#0" [stack: 0x000000001c880000,0x000000001c980000] [id=4364]
  0x0000000000301800 GCTaskThread "GC Thread#1" [stack: 0x000000001c9b0000,0x000000001cab0000] [id=6756]
  0x0000000000304000 GCTaskThread "GC Thread#2" [stack: 0x000000001cb20000,0x000000001cc20000] [id=8044]
  0x0000000000309800 GCTaskThread "GC Thread#3" [stack: 0x000000001cdd0000,0x000000001ced0000] [id=9232]
  0x000000000033a800 ConcurrentGCThread "G1 Main Marker" [stack: 0x000000001f330000,0x000000001f430000] [id=3968]
  0x000000000033c000 ConcurrentGCThread "G1 Conc#0" [stack: 0x000000001f5c0000,0x000000001f6c0000] [id=5664]
  0x0000000021a00800 ConcurrentGCThread "G1 Refine#0" [stack: 0x0000000021b00000,0x0000000021c00000] [id=10096]
  0x000000000035e000 ConcurrentGCThread "G1 Refine#1" [stack: 0x0000000021ca0000,0x0000000021da0000] [id=7508]
  0x000000000035f800 ConcurrentGCThread "G1 Refine#2" [stack: 0x0000000021f90000,0x0000000022090000] [id=2000]
  0x0000000021a0c000 ConcurrentGCThread "G1 Refine#3" [stack: 0x0000000021e80000,0x0000000021f80000] [id=3084]
  0x0000000021a0c800 ConcurrentGCThread "G1 Young RemSet Sampling" [stack: 0x00000000220e0000,0x00000000221e0000] [id=2568]

Threads with active compile tasks:

VM state:at safepoint (normal execution)

VM Mutex/Monitor currently owned by a thread:  ([mutex/lock_event])
[0x00000000002d3cb0] Threads_lock - owner thread: 0x0000000021ade800

Heap address: 0x00000000c8600000, size: 890 MB, Compressed Oops mode: 32-bit
Narrow klass base: 0x0000000000000000, Narrow klass shift: 0
Compressed class space size: 1073741824 Address: 0x000000007fff0000

Heap:
 garbage-first heap   total 57344K, used 2048K [0x00000000c8600000, 0x0000000100000000)
  region size 1024K, 3 young (3072K), 0 survivors (0K)
 Metaspace       used 5270K, capacity 5392K, committed 5632K, reserved 1056768K
  class space    used 446K, capacity 496K, committed 512K, reserved 1048576K
Heap Regions: E=young(eden), S=young(survivor), O=old, HS=humongous(starts), HC=humongous(continues), CS=collection set, F=free, A=archive, TS=gc time stamp, AC=allocation context, TAMS=top-at-mark-start (previous, next)
|   0|0x00000000c8600000, 0x00000000c8600000, 0x00000000c8700000|  0%| F|  |TS  0|AC  0|TAMS 0x00000000c8600000, 0x00000000c8600000|
|   1|0x00000000c8700000, 0x00000000c8700000, 0x00000000c8800000|  0%| F|  |TS  0|AC  0|TAMS 0x00000000c8700000, 0x00000000c8700000|
|   2|0x00000000c8800000, 0x00000000c8800000, 0x00000000c8900000|  0%| F|  |TS  0|AC  0|TAMS 0x00000000c8800000, 0x00000000c8800000|
|   3|0x00000000c8900000, 0x00000000c8900000, 0x00000000c8a00000|  0%| F|  |TS  0|AC  0|TAMS 0x00000000c8900000, 0x00000000c8900000|
|   4|0x00000000c8a00000, 0x00000000c8a00000, 0x00000000c8b00000|  0%| F|  |TS  0|AC  0|TAMS 0x00000000c8a00000, 0x00000000c8a00000|
|   5|0x00000000c8b00000, 0x00000000c8b00000, 0x00000000c8c00000|  0%| F|  |TS  0|AC  0|TAMS 0x00000000c8b00000, 0x00000000c8b00000|
|   6|0x00000000c8c00000, 0x00000000c8c00000, 0x00000000c8d00000|  0%| F|  |TS  0|AC  0|TAMS 0x00000000c8c00000, 0x00000000c8c00000|
|   7|0x00000000c8d00000, 0x00000000c8d00000, 0x00000000c8e00000|  0%| F|  |TS  0|AC  0|TAMS 0x00000000c8d00000, 0x00000000c8d00000|
|   8|0x00000000c8e00000, 0x00000000c8e00000, 0x00000000c8f00000|  0%| F|  |TS  0|AC  0|TAMS 0x00000000c8e00000, 0x00000000c8e00000|
|   9|0x00000000c8f00000, 0x00000000c8f00000, 0x00000000c9000000|  0%| F|  |TS  0|AC  0|TAMS 0x00000000c8f00000, 0x00000000c8f00000|
|  10|0x00000000c9000000, 0x00000000c9000000, 0x00000000c9100000|  0%| F|  |TS  0|AC  0|TAMS 0x00000000c9000000, 0x00000000c9000000|
|  11|0x00000000c9100000, 0x00000000c9100000, 0x00000000c9200000|  0%| F|  |TS  0|AC  0|TAMS 0x00000000c9100000, 0x00000000c9100000|
|  12|0x00000000c9200000, 0x00000000c9200000, 0x00000000c9300000|  0%| F|  |TS  0|AC  0|TAMS 0x00000000c9200000, 0x00000000c9200000|
|  13|0x00000000c9300000, 0x00000000c9300000, 0x00000000c9400000|  0%| F|  |TS  0|AC  0|TAMS 0x00000000c9300000, 0x00000000c9300000|
|  14|0x00000000c9400000, 0x00000000c9400000, 0x00000000c9500000|  0%| F|  |TS  0|AC  0|TAMS 0x00000000c9400000, 0x00000000c9400000|
|  15|0x00000000c9500000, 0x00000000c9500000, 0x00000000c9600000|  0%| F|  |TS  0|AC  0|TAMS 0x00000000c9500000, 0x00000000c9500000|
|  16|0x00000000c9600000, 0x00000000c9600000, 0x00000000c9700000|  0%| F|  |TS  0|AC  0|TAMS 0x00000000c9600000, 0x00000000c9600000|
|  17|0x00000000c9700000, 0x00000000c9700000, 0x00000000c9800000|  0%| F|  |TS  0|AC  0|TAMS 0x00000000c9700000, 0x00000000c9700000|
|  18|0x00000000c9800000, 0x00000000c9800000, 0x00000000c9900000|  0%| F|  |TS  0|AC  0|TAMS 0x00000000c9800000, 0x00000000c9800000|
|  19|0x00000000c9900000, 0x00000000c9900000, 0x00000000c9a00000|  0%| F|  |TS  0|AC  0|TAMS 0x00000000c9900000, 0x00000000c9900000|
|  20|0x00000000c9a00000, 0x00000000c9a00000, 0x00000000c9b00000|  0%| F|  |TS  0|AC  0|TAMS 0x00000000c9a00000, 0x00000000c9a00000|
|  21|0x00000000c9b00000, 0x00000000c9b00000, 0x00000000c9c00000|  0%| F|  |TS  0|AC  0|TAMS 0x00000000c9b00000, 0x00000000c9b00000|
|  22|0x00000000c9c00000, 0x00000000c9c00000, 0x00000000c9d00000|  0%| F|  |TS  0|AC  0|TAMS 0x00000000c9c00000, 0x00000000c9c00000|
|  23|0x00000000c9d00000, 0x00000000c9d00000, 0x00000000c9e00000|  0%| F|  |TS  0|AC  0|TAMS 0x00000000c9d00000, 0x00000000c9d00000|
|  24|0x00000000c9e00000, 0x00000000c9e00000, 0x00000000c9f00000|  0%| F|  |TS  0|AC  0|TAMS 0x00000000c9e00000, 0x00000000c9e00000|
|  25|0x00000000c9f00000, 0x00000000c9f00000, 0x00000000ca000000|  0%| F|  |TS  0|AC  0|TAMS 0x00000000c9f00000, 0x00000000c9f00000|
|  26|0x00000000ca000000, 0x00000000ca000000, 0x00000000ca100000|  0%| F|  |TS  0|AC  0|TAMS 0x00000000ca000000, 0x00000000ca000000|
|  27|0x00000000ca100000, 0x00000000ca100000, 0x00000000ca200000|  0%| F|  |TS  0|AC  0|TAMS 0x00000000ca100000, 0x00000000ca100000|
|  28|0x00000000ca200000, 0x00000000ca200000, 0x00000000ca300000|  0%| F|  |TS  0|AC  0|TAMS 0x00000000ca200000, 0x00000000ca200000|
|  29|0x00000000ca300000, 0x00000000ca300000, 0x00000000ca400000|  0%| F|  |TS  0|AC  0|TAMS 0x00000000ca300000, 0x00000000ca300000|
|  30|0x00000000ca400000, 0x00000000ca400000, 0x00000000ca500000|  0%| F|  |TS  0|AC  0|TAMS 0x00000000ca400000, 0x00000000ca400000|
|  31|0x00000000ca500000, 0x00000000ca500000, 0x00000000ca600000|  0%| F|  |TS  0|AC  0|TAMS 0x00000000ca500000, 0x00000000ca500000|
|  32|0x00000000ca600000, 0x00000000ca600000, 0x00000000ca700000|  0%| F|  |TS  0|AC  0|TAMS 0x00000000ca600000, 0x00000000ca600000|
|  33|0x00000000ca700000, 0x00000000ca700000, 0x00000000ca800000|  0%| F|  |TS  0|AC  0|TAMS 0x00000000ca700000, 0x00000000ca700000|
|  34|0x00000000ca800000, 0x00000000ca800000, 0x00000000ca900000|  0%| F|  |TS  0|AC  0|TAMS 0x00000000ca800000, 0x00000000ca800000|
|  35|0x00000000ca900000, 0x00000000ca900000, 0x00000000caa00000|  0%| F|  |TS  0|AC  0|TAMS 0x00000000ca900000, 0x00000000ca900000|
|  36|0x00000000caa00000, 0x00000000caa00000, 0x00000000cab00000|  0%| F|  |TS  0|AC  0|TAMS 0x00000000caa00000, 0x00000000caa00000|
|  37|0x00000000cab00000, 0x00000000cab00000, 0x00000000cac00000|  0%| F|  |TS  0|AC  0|TAMS 0x00000000cab00000, 0x00000000cab00000|
|  38|0x00000000cac00000, 0x00000000cac00000, 0x00000000cad00000|  0%| F|  |TS  0|AC  0|TAMS 0x00000000cac00000, 0x00000000cac00000|
|  39|0x00000000cad00000, 0x00000000cad00000, 0x00000000cae00000|  0%| F|  |TS  0|AC  0|TAMS 0x00000000cad00000, 0x00000000cad00000|
|  40|0x00000000cae00000, 0x00000000cae00000, 0x00000000caf00000|  0%| F|  |TS  0|AC  0|TAMS 0x00000000cae00000, 0x00000000cae00000|
|  41|0x00000000caf00000, 0x00000000caf00000, 0x00000000cb000000|  0%| F|  |TS  0|AC  0|TAMS 0x00000000caf00000, 0x00000000caf00000|
|  42|0x00000000cb000000, 0x00000000cb000000, 0x00000000cb100000|  0%| F|  |TS  0|AC  0|TAMS 0x00000000cb000000, 0x00000000cb000000|
|  43|0x00000000cb100000, 0x00000000cb100000, 0x00000000cb200000|  0%| F|  |TS  0|AC  0|TAMS 0x00000000cb100000, 0x00000000cb100000|
|  44|0x00000000cb200000, 0x00000000cb200000, 0x00000000cb300000|  0%| F|  |TS  0|AC  0|TAMS 0x00000000cb200000, 0x00000000cb200000|
|  45|0x00000000cb300000, 0x00000000cb300000, 0x00000000cb400000|  0%| F|  |TS  0|AC  0|TAMS 0x00000000cb300000, 0x00000000cb300000|
|  46|0x00000000cb400000, 0x00000000cb400000, 0x00000000cb500000|  0%| F|  |TS  0|AC  0|TAMS 0x00000000cb400000, 0x00000000cb400000|
|  47|0x00000000cb500000, 0x00000000cb500000, 0x00000000cb600000|  0%| F|  |TS  0|AC  0|TAMS 0x00000000cb500000, 0x00000000cb500000|
|  48|0x00000000cb600000, 0x00000000cb600000, 0x00000000cb700000|  0%| F|  |TS  0|AC  0|TAMS 0x00000000cb600000, 0x00000000cb600000|
|  49|0x00000000cb700000, 0x00000000cb700000, 0x00000000cb800000|  0%| F|  |TS  0|AC  0|TAMS 0x00000000cb700000, 0x00000000cb700000|
|  50|0x00000000cb800000, 0x00000000cb800000, 0x00000000cb900000|  0%| F|  |TS  0|AC  0|TAMS 0x00000000cb800000, 0x00000000cb800000|
|  51|0x00000000cb900000, 0x00000000cb900000, 0x00000000cba00000|  0%| F|  |TS  0|AC  0|TAMS 0x00000000cb900000, 0x00000000cb900000|
|  52|0x00000000cba00000, 0x00000000cba00000, 0x00000000cbb00000|  0%| F|  |TS  0|AC  0|TAMS 0x00000000cba00000, 0x00000000cba00000|
|  53|0x00000000cbb00000, 0x00000000cbbd7b00, 0x00000000cbc00000| 84%| E|  |TS  0|AC  0|TAMS 0x00000000cbb00000, 0x00000000cbb00000|
|  54|0x00000000cbc00000, 0x00000000cbd00000, 0x00000000cbd00000|100%| E|CS|TS  0|AC  0|TAMS 0x00000000cbc00000, 0x00000000cbc00000|
|  55|0x00000000cbd00000, 0x00000000cbe00000, 0x00000000cbe00000|100%| E|CS|TS  0|AC  0|TAMS 0x00000000cbd00000, 0x00000000cbd00000|

Card table byte_map: [0x000000001d3c0000,0x000000001d580000] byte_map_base: 0x000000001cd7d000

Marking Bits (Prev, Next): (CMBitMap*) 0x0000000000339f60, (CMBitMap*) 0x0000000000339f98
 Prev Bits: [0x000000001d740000, 0x000000001e528000)
 Next Bits: [0x000000001e530000, 0x000000001f318000)

Polling page: 0x00000000001f0000

CodeHeap 'non-profiled nmethods': size=120064Kb used=66Kb max_used=66Kb free=119997Kb
 bounds [0x00000000151b0000, 0x0000000015420000, 0x000000001c6f0000]
CodeHeap 'profiled nmethods': size=120000Kb used=248Kb max_used=248Kb free=119751Kb
 bounds [0x000000000dc80000, 0x000000000def0000, 0x00000000151b0000]
CodeHeap 'non-nmethods': size=5696Kb used=1070Kb max_used=1081Kb free=4625Kb
 bounds [0x000000000d6f0000, 0x000000000d960000, 0x000000000dc80000]
 total_blobs=561 nmethods=189 adapters=211
 compilation: enabled

Compilation events (10 events):
Event: 0.884 Thread 0x0000000022b30000  185       3       java.lang.StringBuilder::append (8 bytes)
Event: 0.884 Thread 0x0000000022b30000 nmethod 185 0x000000000dcbc810 code [0x000000000dcbc9c0, 0x000000000dcbcb68]
Event: 0.884 Thread 0x0000000022b30000  186       3       java.lang.AbstractStringBuilder::append (45 bytes)
Event: 0.885 Thread 0x0000000022b30000 nmethod 186 0x000000000dcbcc10 code [0x000000000dcbce40, 0x000000000dcbd3b8]
Event: 0.896 Thread 0x0000000022b30000  187       3       java.lang.AbstractStringBuilder::newCapacity (55 bytes)
Event: 0.896 Thread 0x0000000022b30000 nmethod 187 0x000000000dcbd610 code [0x000000000dcbd7e0, 0x000000000dcbda88]
Event: 0.903 Thread 0x0000000022ac2800  188       4       java.lang.StringLatin1::indexOf (61 bytes)
Event: 0.909 Thread 0x0000000022ac2800 nmethod 188 0x00000000151c0410 code [0x00000000151c05a0, 0x00000000151c0758]
Event: 0.928 Thread 0x0000000022b30000  189       3       java.lang.AbstractStringBuilder::<init> (39 bytes)
Event: 0.928 Thread 0x0000000022b30000 nmethod 189 0x000000000dcbdb90 code [0x000000000dcbdd60, 0x000000000dcbe030]

GC Heap History (0 events):
No events

Deoptimization events (2 events):
Event: 0.730 Thread 0x00000000002d7800 Uncommon trap: reason=unstable_if action=reinterpret pc=0x00000000151b5dec method=java.lang.String.isLatin1()Z @ 10 c2
Event: 0.747 Thread 0x00000000002d7800 Uncommon trap: reason=unstable_if action=reinterpret pc=0x00000000151b3698 method=java.lang.String.hashCode()I @ 14 c2

Classes redefined (10 events):
Event: 252.778 Thread 0x0000000021ade800 redefined class name=Solution$TreeNode, count=1
Event: 252.779 Thread 0x0000000021ade800 redefined class name=Solution, count=1
Event: 342.285 Thread 0x0000000021ade800 redefined class name=Solution$TreeNode, count=2
Event: 342.286 Thread 0x0000000021ade800 redefined class name=Solution, count=2
Event: 351.410 Thread 0x0000000021ade800 redefined class name=Solution$TreeNode, count=3
Event: 351.411 Thread 0x0000000021ade800 redefined class name=Solution, count=3
Event: 373.168 Thread 0x0000000021ade800 redefined class name=Solution$TreeNode, count=4
Event: 373.169 Thread 0x0000000021ade800 redefined class name=Solution, count=4
Event: 481.643 Thread 0x0000000021ade800 redefined class name=Solution$TreeNode, count=5
Event: 481.644 Thread 0x0000000021ade800 redefined class name=Solution, count=5

Internal exceptions (0 events):
No events

Events (10 events):
Event: 482.008 Executing VM operation: GetFrameLocation done
Event: 482.008 Executing VM operation: GetOrSetLocal
Event: 482.008 Executing VM operation: GetOrSetLocal done
Event: 482.077 Executing VM operation: GetFrameCount
Event: 482.077 Executing VM operation: GetFrameCount done
Event: 482.077 Executing VM operation: GetFrameLocation
Event: 482.077 Executing VM operation: GetFrameLocation done
Event: 482.079 Executing VM operation: GetFrameLocation
Event: 482.079 Executing VM operation: GetFrameLocation done
Event: 482.079 Executing VM operation: GetOrSetLocal


Dynamic libraries:
0x000000013f220000 - 0x000000013f25e000 	C:\Program Files\Java\jdk-10\bin\java.exe
0x0000000076eb0000 - 0x000000007705a000 	C:\Windows\SYSTEM32\ntdll.dll
0x0000000076d90000 - 0x0000000076eaf000 	C:\Windows\system32\kernel32.dll
0x000007fefcef0000 - 0x000007fefcf5a000 	C:\Windows\system32\KERNELBASE.dll
0x000007fefdcc0000 - 0x000007fefdd9b000 	C:\Windows\system32\ADVAPI32.dll
0x000007fefee60000 - 0x000007fefeeff000 	C:\Windows\system32\msvcrt.dll
0x000007feff120000 - 0x000007feff13f000 	C:\Windows\SYSTEM32\sechost.dll
0x000007fefd170000 - 0x000007fefd29d000 	C:\Windows\system32\RPCRT4.dll
0x0000000076c90000 - 0x0000000076d8a000 	C:\Windows\system32\USER32.dll
0x000007fefd470000 - 0x000007fefd4d7000 	C:\Windows\system32\GDI32.dll
0x000007feff100000 - 0x000007feff10e000 	C:\Windows\system32\LPK.dll
0x000007fefd3a0000 - 0x000007fefd46b000 	C:\Windows\system32\USP10.dll
0x000007fefb670000 - 0x000007fefb864000 	C:\Windows\WinSxS\amd64_microsoft.windows.common-controls_6595b64144ccf1df_6.0.7601.18837_none_fa3b1e3d17594757\COMCTL32.dll
0x000007fefd2a0000 - 0x000007fefd311000 	C:\Windows\system32\SHLWAPI.dll
0x000007fefc490000 - 0x000007fefc49c000 	C:\Windows\system32\VERSION.dll
0x000007fefcf60000 - 0x000007fefcf8e000 	C:\Windows\system32\IMM32.DLL
0x000007fefd930000 - 0x000007fefda39000 	C:\Windows\system32\MSCTF.dll
0x000007fef34f0000 - 0x000007fef35df000 	C:\Program Files\Java\jdk-10\bin\msvcr120.dll
0x000007fef2320000 - 0x000007fef23c6000 	C:\Program Files\Java\jdk-10\bin\msvcp120.dll
0x000000005b6f0000 - 0x000000005c15f000 	C:\Program Files\Java\jdk-10\bin\server\jvm.dll
0x000007fefc410000 - 0x000007fefc419000 	C:\Windows\system32\WSOCK32.dll
0x000007fefdc70000 - 0x000007fefdcbd000 	C:\Windows\system32\WS2_32.dll
0x000007feff110000 - 0x000007feff118000 	C:\Windows\system32\NSI.dll
0x000007fef8b10000 - 0x000007fef8b4b000 	C:\Windows\system32\WINMM.dll
0x0000000077080000 - 0x0000000077087000 	C:\Windows\system32\PSAPI.DLL
0x000007fef5de0000 - 0x000007fef5def000 	C:\Program Files\Java\jdk-10\bin\verify.dll
0x000007fef1bb0000 - 0x000007fef1cd5000 	C:\Windows\system32\DBGHELP.DLL
0x000007fef4150000 - 0x000007fef4177000 	C:\Program Files\Java\jdk-10\bin\java.dll
0x000007fef3170000 - 0x000007fef31a6000 	C:\Program Files\Java\jdk-10\bin\jdwp.dll
0x000007fef3700000 - 0x000007fef372a000 	C:\Program Files\Java\jdk-10\bin\instrument.dll
0x000007fef58c0000 - 0x000007fef58d6000 	C:\Program Files\Java\jdk-10\bin\zip.dll
0x000007fef7a70000 - 0x000007fef7a7a000 	C:\Program Files\Java\jdk-10\bin\jimage.dll
0x000007fefe0d0000 - 0x000007fefee5b000 	C:\Windows\system32\SHELL32.dll
0x000007fefef00000 - 0x000007feff0fc000 	C:\Windows\system32\ole32.dll
0x000007fefcba0000 - 0x000007fefcbaf000 	C:\Windows\system32\profapi.dll
0x000007fef4300000 - 0x000007fef430a000 	C:\Program Files\Java\jdk-10\bin\dt_socket.dll
0x000007fefc040000 - 0x000007fefc095000 	C:\Windows\system32\mswsock.dll
0x000007fefc4a0000 - 0x000007fefc4a7000 	C:\Windows\System32\wshtcpip.dll
0x000007fef4130000 - 0x000007fef414a000 	C:\Program Files\Java\jdk-10\bin\net.dll
0x000007fef9920000 - 0x000007fef9991000 	C:\Windows\system32\WINHTTP.dll
0x000007fef83e0000 - 0x000007fef8444000 	C:\Windows\system32\webio.dll
0x000007fefc030000 - 0x000007fefc037000 	C:\Windows\System32\wship6.dll
0x000007fef3f20000 - 0x000007fef3f31000 	C:\Program Files\Java\jdk-10\bin\nio.dll

dbghelp: loaded successfully - version: 4.0.5 - missing functions: none
symbol engine: initialized successfully - sym options: 0x614 - pdb path: .;C:\Program Files\Java\jdk-10\bin;C:\Windows\SYSTEM32;C:\Windows\WinSxS\amd64_microsoft.windows.common-controls_6595b64144ccf1df_6.0.7601.18837_none_fa3b1e3d17594757;C:\Program Files\Java\jdk-10\bin\server

VM Arguments:
jvm_args: -agentlib:jdwp=transport=dt_socket,address=127.0.0.1:56933,suspend=y,server=n -javaagent:C:\Users\Administrator\AppData\Local\Temp\capture269jars\debugger-agent.jar=file:/C:/Users/Administrator/AppData/Local/Temp/capture1.props -Dfile.encoding=UTF-8 
java_command: Solution
java_class_path (initial): D:\LCsolution\545. Boundary of Binary Tree\out\production\545. Boundary of Binary Tree;D:\Program Files\JetBrains\IntelliJ IDEA Community Edition 2018.1.1\lib\idea_rt.jar
Launcher Type: SUN_STANDARD

Logging:
Log output configuration:
#0: stdout all=warning uptime,level,tags
#1: stderr all=off uptime,level,tags

Environment Variables:
JAVA_HOME=C:\Program Files\Java\jdk-10
PATH=C:\ProgramData\Oracle\Java\javapath;C:\Windows\system32;C:\Windows;C:\Windows\System32\Wbem;C:\Windows\System32\WindowsPowerShell\v1.0\;C:\Program Files\Java\jdk-10\bin;G:\0 code\Python\Scripts\;G:\0 code\Python\;C:\Users\Administrator\AppData\Local\GitHubDesktop\bin
USERNAME=Administrator
OS=Windows_NT
PROCESSOR_IDENTIFIER=AMD64 Family 18 Model 1 Stepping 0, AuthenticAMD



---------------  S Y S T E M  ---------------

OS: Windows 7 , 64 bit Build 7601 (6.1.7601.23864)

CPU:total 4 (initial active 4) (4 cores per cpu, 1 threads per core) family 18 model 1 stepping 0, cmov, cx8, fxsr, mmx, sse, sse2, sse3, popcnt, mmxext, 3dnowpref, lzcnt, sse4a, tsc, tscinvbit, tscinv

Memory: 4k page, physical 3643504k(344536k free), swap 12782904k(7187300k free)

vm_info: Java HotSpot(TM) 64-Bit Server VM (10+46) for windows-amd64 JRE (10+46), built on Mar  8 2018 02:11:18 by "mach5one" with MS VC++ 12.0 (VS2013)

END.
