#
# A fatal error has been detected by the Java Runtime Environment:
#
#  Internal Error (t:/workspace/open/src/hotspot/share/oops/generateOopMap.cpp:1632), pid=8672, tid=6072
#  Error: ShouldNotReachHere()
#
# JRE version: Java(TM) SE Runtime Environment (10.0+46) (build 10+46)
# Java VM: Java HotSpot(TM) 64-Bit Server VM (10+46, mixed mode, tiered, compressed oops, g1 gc, windows-amd64)
# No core dump will be written. Minidumps are not enabled by default on client versions of Windows
#
# If you would like to submit a bug report, please visit:
#   http://bugreport.java.com/bugreport/crash.jsp
#

---------------  S U M M A R Y ------------

Command Line: -agentlib:jdwp=transport=dt_socket,address=127.0.0.1:50991,suspend=y,server=n -javaagent:C:\Users\Administrator\.IdeaIC2018.1\system\captureAgent\debugger-agent.jar=file:/C:/Users/Administrator/AppData/Local/Temp/capture2.props -Dfile.encoding=UTF-8 Solution

Host: AMD A6-3400M APU with Radeon(tm) HD Graphics, 4 cores, 3G,  Windows 7 , 64 bit Build 7601 (6.1.7601.23864)
Time: Mon Jul 16 15:52:33 2018 ?D1¨²¡À¨º¡Á?¨º¡À?? elapsed time: 295 seconds (0d 0h 4m 55s)

---------------  T H R E A D  ---------------

Current thread (0x000000001cf0f800):  VMThread "VM Thread" [stack: 0x0000000063210000,0x0000000063310000] [id=6072]

Stack: [0x0000000063210000,0x0000000063310000]
[error occurred during error reporting (printing stack bounds), id 0xe0000000]

Native frames: (J=compiled Java code, j=interpreted, Vv=VM code, C=native code)
V  [jvm.dll+0x59fbf9]
V  [jvm.dll+0x6bca11]
V  [jvm.dll+0x6bdc06]
V  [jvm.dll+0x6be1f5]
V  [jvm.dll+0x6be1ab]
V  [jvm.dll+0x59f3f3]
V  [jvm.dll+0x59f7f8]
C  [ntdll.dll+0x2812d]
C  [ntdll.dll+0x1855f]
C  [ntdll.dll+0x4bcb8]
C  0x000000000dc30ea7

VM_Operation (0x00000000643ff650): GetOrSetLocal, mode: safepoint, requested by thread 0x00000000640ec800


---------------  P R O C E S S  ---------------

Threads class SMR info:
_java_thread_list=0x0000000064037c60, length=14, elements={
0x0000000000344000, 0x000000001cf12000, 0x000000001cf15800, 0x0000000062f79000,
0x0000000062f7a000, 0x0000000062f7b000, 0x0000000062f80000, 0x0000000062f82800,
0x0000000062f8d800, 0x00000000640ec800, 0x000000006403c000, 0x000000006400c800,
0x0000000063fa6800, 0x0000000064035800
}

Java Threads: ( => current thread )
  0x0000000000344000 JavaThread "main" [_thread_blocked, id=8584, stack(0x0000000002370000,0x0000000002470000)]
  0x000000001cf12000 JavaThread "Reference Handler" daemon [_thread_blocked, id=2016, stack(0x0000000063340000,0x0000000063440000)]
  0x000000001cf15800 JavaThread "Finalizer" daemon [_thread_blocked, id=9112, stack(0x0000000063440000,0x0000000063540000)]
  0x0000000062f79000 JavaThread "Signal Dispatcher" daemon [_thread_blocked, id=8532, stack(0x0000000022470000,0x0000000022570000)]
  0x0000000062f7a000 JavaThread "Attach Listener" daemon [_thread_blocked, id=9180, stack(0x0000000063610000,0x0000000063710000)]
  0x0000000062f7b000 JavaThread "C2 CompilerThread0" daemon [_thread_blocked, id=7780, stack(0x0000000063110000,0x0000000063210000)]
  0x0000000062f80000 JavaThread "C2 CompilerThread1" daemon [_thread_blocked, id=3192, stack(0x0000000063890000,0x0000000063990000)]
  0x0000000062f82800 JavaThread "C1 CompilerThread2" daemon [_thread_blocked, id=1408, stack(0x0000000063a50000,0x0000000063b50000)]
  0x0000000062f8d800 JavaThread "Sweeper thread" daemon [_thread_blocked, id=6052, stack(0x0000000063c90000,0x0000000063d90000)]
  0x00000000640ec800 JavaThread "JDWP Transport Listener: dt_socket" daemon [_thread_blocked, id=7236, stack(0x0000000064300000,0x0000000064400000)] _threads_hazard_ptr=0x0000000064037c60
  0x000000006403c000 JavaThread "JDWP Event Helper Thread" daemon [_thread_blocked, id=8492, stack(0x0000000063b70000,0x0000000063c70000)]
  0x000000006400c800 JavaThread "JDWP Command Reader" daemon [_thread_in_native, id=7388, stack(0x0000000064400000,0x0000000064500000)]
  0x0000000063fa6800 JavaThread "Common-Cleaner" daemon [_thread_blocked, id=9004, stack(0x0000000064520000,0x0000000064620000)]
  0x0000000064035800 JavaThread "Service Thread" daemon [_thread_blocked, id=7396, stack(0x0000000064200000,0x0000000064300000)]

Other Threads:
=>0x000000001cf0f800 VMThread "VM Thread" [stack: 0x0000000063210000,0x0000000063310000] [id=6072]
  0x0000000064038800 WatcherThread [stack: 0x00000000646a0000,0x00000000647a0000] [id=3888]
  0x000000000036d000 GCTaskThread "GC Thread#0" [stack: 0x0000000002650000,0x0000000002750000] [id=7384]
  0x000000000036e800 GCTaskThread "GC Thread#1" [stack: 0x000000001cd20000,0x000000001ce20000] [id=7596]
  0x0000000000372800 GCTaskThread "GC Thread#2" [stack: 0x000000001cf20000,0x000000001d020000] [id=7120]
  0x0000000000374800 GCTaskThread "GC Thread#3" [stack: 0x000000001d170000,0x000000001d270000] [id=8684]
  0x00000000003a5800 ConcurrentGCThread "G1 Main Marker" [stack: 0x000000001f770000,0x000000001f870000] [id=8880]
  0x00000000003a7000 ConcurrentGCThread "G1 Conc#0" [stack: 0x000000001f930000,0x000000001fa30000] [id=5820]
  0x000000001ce30800 ConcurrentGCThread "G1 Refine#0" [stack: 0x0000000021df0000,0x0000000021ef0000] [id=7680]
  0x00000000003cc000 ConcurrentGCThread "G1 Refine#1" [stack: 0x0000000021fa0000,0x00000000220a0000] [id=5996]
  0x00000000003ce000 ConcurrentGCThread "G1 Refine#2" [stack: 0x00000000221a0000,0x00000000222a0000] [id=3276]
  0x00000000003cf000 ConcurrentGCThread "G1 Refine#3" [stack: 0x0000000022370000,0x0000000022470000] [id=6664]
  0x000000001ce39000 ConcurrentGCThread "G1 Young RemSet Sampling" [stack: 0x00000000225a0000,0x00000000226a0000] [id=5140]

Threads with active compile tasks:

VM state:at safepoint (normal execution)

VM Mutex/Monitor currently owned by a thread:  ([mutex/lock_event])
[0x000000000033f330] Threads_lock - owner thread: 0x000000001cf0f800

Heap address: 0x00000000c8600000, size: 890 MB, Compressed Oops mode: 32-bit
Narrow klass base: 0x0000000000000000, Narrow klass shift: 0
Compressed class space size: 1073741824 Address: 0x00000000226a0000

Heap:
 garbage-first heap   total 57344K, used 2048K [0x00000000c8600000, 0x0000000100000000)
  region size 1024K, 3 young (3072K), 0 survivors (0K)
 Metaspace       used 5221K, capacity 5328K, committed 5376K, reserved 1056768K
  class space    used 439K, capacity 496K, committed 512K, reserved 1048576K
Heap Regions: E=young(eden), S=young(survivor), O=old, HS=humongous(starts), HC=humongous(continues), CS=collection set, F=free, A=archive, TS=gc time stamp, AC=allocation context, TAMS=top-at-mark-start (previous, next)
|   0|0x00000000c8600000, 0x00000000c8600000, 0x00000000c8700000|  0%| F|  |TS  0|AC  0|TAMS 0x00000000c8600000, 0x00000000c8600000|
|   1|0x00000000c8700000, 0x00000000c8700000, 0x00000000c8800000|  0%| F|  |TS  0|AC  0|TAMS 0x00000000c8700000, 0x00000000c8700000|
|   2|0x00000000c8800000, 0x00000000c8800000, 0x00000000c8900000|  0%| F|  |TS  0|AC  0|TAMS 0x00000000c8800000, 0x00000000c8800000|
|   3|0x00000000c8900000, 0x00000000c8900000, 0x00000000c8a00000|  0%| F|  |TS  0|AC  0|TAMS 0x00000000c8900000, 0x00000000c8900000|
|   4|0x00000000c8a00000, 0x00000000c8a00000, 0x00000000c8b00000|  0%| F|  |TS  0|AC  0|TAMS 0x00000000c8a00000, 0x00000000c8a00000|
|   5|0x00000000c8b00000, 0x00000000c8b00000, 0x00000000c8c00000|  0%| F|  |TS  0|AC  0|TAMS 0x00000000c8b00000, 0x00000000c8b00000|
|   6|0x00000000c8c00000, 0x00000000c8c00000, 0x00000000c8d00000|  0%| F|  |TS  0|AC  0|TAMS 0x00000000c8c00000, 0x00000000c8c00000|
|   7|0x00000000c8d00000, 0x00000000c8d00000, 0x00000000c8e00000|  0%| F|  |TS  0|AC  0|TAMS 0x00000000c8d00000, 0x00000000c8d00000|
|   8|0x00000000c8e00000, 0x00000000c8e00000, 0x00000000c8f00000|  0%| F|  |TS  0|AC  0|TAMS 0x00000000c8e00000, 0x00000000c8e00000|
|   9|0x00000000c8f00000, 0x00000000c8f00000, 0x00000000c9000000|  0%| F|  |TS  0|AC  0|TAMS 0x00000000c8f00000, 0x00000000c8f00000|
|  10|0x00000000c9000000, 0x00000000c9000000, 0x00000000c9100000|  0%| F|  |TS  0|AC  0|TAMS 0x00000000c9000000, 0x00000000c9000000|
|  11|0x00000000c9100000, 0x00000000c9100000, 0x00000000c9200000|  0%| F|  |TS  0|AC  0|TAMS 0x00000000c9100000, 0x00000000c9100000|
|  12|0x00000000c9200000, 0x00000000c9200000, 0x00000000c9300000|  0%| F|  |TS  0|AC  0|TAMS 0x00000000c9200000, 0x00000000c9200000|
|  13|0x00000000c9300000, 0x00000000c9300000, 0x00000000c9400000|  0%| F|  |TS  0|AC  0|TAMS 0x00000000c9300000, 0x00000000c9300000|
|  14|0x00000000c9400000, 0x00000000c9400000, 0x00000000c9500000|  0%| F|  |TS  0|AC  0|TAMS 0x00000000c9400000, 0x00000000c9400000|
|  15|0x00000000c9500000, 0x00000000c9500000, 0x00000000c9600000|  0%| F|  |TS  0|AC  0|TAMS 0x00000000c9500000, 0x00000000c9500000|
|  16|0x00000000c9600000, 0x00000000c9600000, 0x00000000c9700000|  0%| F|  |TS  0|AC  0|TAMS 0x00000000c9600000, 0x00000000c9600000|
|  17|0x00000000c9700000, 0x00000000c9700000, 0x00000000c9800000|  0%| F|  |TS  0|AC  0|TAMS 0x00000000c9700000, 0x00000000c9700000|
|  18|0x00000000c9800000, 0x00000000c9800000, 0x00000000c9900000|  0%| F|  |TS  0|AC  0|TAMS 0x00000000c9800000, 0x00000000c9800000|
|  19|0x00000000c9900000, 0x00000000c9900000, 0x00000000c9a00000|  0%| F|  |TS  0|AC  0|TAMS 0x00000000c9900000, 0x00000000c9900000|
|  20|0x00000000c9a00000, 0x00000000c9a00000, 0x00000000c9b00000|  0%| F|  |TS  0|AC  0|TAMS 0x00000000c9a00000, 0x00000000c9a00000|
|  21|0x00000000c9b00000, 0x00000000c9b00000, 0x00000000c9c00000|  0%| F|  |TS  0|AC  0|TAMS 0x00000000c9b00000, 0x00000000c9b00000|
|  22|0x00000000c9c00000, 0x00000000c9c00000, 0x00000000c9d00000|  0%| F|  |TS  0|AC  0|TAMS 0x00000000c9c00000, 0x00000000c9c00000|
|  23|0x00000000c9d00000, 0x00000000c9d00000, 0x00000000c9e00000|  0%| F|  |TS  0|AC  0|TAMS 0x00000000c9d00000, 0x00000000c9d00000|
|  24|0x00000000c9e00000, 0x00000000c9e00000, 0x00000000c9f00000|  0%| F|  |TS  0|AC  0|TAMS 0x00000000c9e00000, 0x00000000c9e00000|
|  25|0x00000000c9f00000, 0x00000000c9f00000, 0x00000000ca000000|  0%| F|  |TS  0|AC  0|TAMS 0x00000000c9f00000, 0x00000000c9f00000|
|  26|0x00000000ca000000, 0x00000000ca000000, 0x00000000ca100000|  0%| F|  |TS  0|AC  0|TAMS 0x00000000ca000000, 0x00000000ca000000|
|  27|0x00000000ca100000, 0x00000000ca100000, 0x00000000ca200000|  0%| F|  |TS  0|AC  0|TAMS 0x00000000ca100000, 0x00000000ca100000|
|  28|0x00000000ca200000, 0x00000000ca200000, 0x00000000ca300000|  0%| F|  |TS  0|AC  0|TAMS 0x00000000ca200000, 0x00000000ca200000|
|  29|0x00000000ca300000, 0x00000000ca300000, 0x00000000ca400000|  0%| F|  |TS  0|AC  0|TAMS 0x00000000ca300000, 0x00000000ca300000|
|  30|0x00000000ca400000, 0x00000000ca400000, 0x00000000ca500000|  0%| F|  |TS  0|AC  0|TAMS 0x00000000ca400000, 0x00000000ca400000|
|  31|0x00000000ca500000, 0x00000000ca500000, 0x00000000ca600000|  0%| F|  |TS  0|AC  0|TAMS 0x00000000ca500000, 0x00000000ca500000|
|  32|0x00000000ca600000, 0x00000000ca600000, 0x00000000ca700000|  0%| F|  |TS  0|AC  0|TAMS 0x00000000ca600000, 0x00000000ca600000|
|  33|0x00000000ca700000, 0x00000000ca700000, 0x00000000ca800000|  0%| F|  |TS  0|AC  0|TAMS 0x00000000ca700000, 0x00000000ca700000|
|  34|0x00000000ca800000, 0x00000000ca800000, 0x00000000ca900000|  0%| F|  |TS  0|AC  0|TAMS 0x00000000ca800000, 0x00000000ca800000|
|  35|0x00000000ca900000, 0x00000000ca900000, 0x00000000caa00000|  0%| F|  |TS  0|AC  0|TAMS 0x00000000ca900000, 0x00000000ca900000|
|  36|0x00000000caa00000, 0x00000000caa00000, 0x00000000cab00000|  0%| F|  |TS  0|AC  0|TAMS 0x00000000caa00000, 0x00000000caa00000|
|  37|0x00000000cab00000, 0x00000000cab00000, 0x00000000cac00000|  0%| F|  |TS  0|AC  0|TAMS 0x00000000cab00000, 0x00000000cab00000|
|  38|0x00000000cac00000, 0x00000000cac00000, 0x00000000cad00000|  0%| F|  |TS  0|AC  0|TAMS 0x00000000cac00000, 0x00000000cac00000|
|  39|0x00000000cad00000, 0x00000000cad00000, 0x00000000cae00000|  0%| F|  |TS  0|AC  0|TAMS 0x00000000cad00000, 0x00000000cad00000|
|  40|0x00000000cae00000, 0x00000000cae00000, 0x00000000caf00000|  0%| F|  |TS  0|AC  0|TAMS 0x00000000cae00000, 0x00000000cae00000|
|  41|0x00000000caf00000, 0x00000000caf00000, 0x00000000cb000000|  0%| F|  |TS  0|AC  0|TAMS 0x00000000caf00000, 0x00000000caf00000|
|  42|0x00000000cb000000, 0x00000000cb000000, 0x00000000cb100000|  0%| F|  |TS  0|AC  0|TAMS 0x00000000cb000000, 0x00000000cb000000|
|  43|0x00000000cb100000, 0x00000000cb100000, 0x00000000cb200000|  0%| F|  |TS  0|AC  0|TAMS 0x00000000cb100000, 0x00000000cb100000|
|  44|0x00000000cb200000, 0x00000000cb200000, 0x00000000cb300000|  0%| F|  |TS  0|AC  0|TAMS 0x00000000cb200000, 0x00000000cb200000|
|  45|0x00000000cb300000, 0x00000000cb300000, 0x00000000cb400000|  0%| F|  |TS  0|AC  0|TAMS 0x00000000cb300000, 0x00000000cb300000|
|  46|0x00000000cb400000, 0x00000000cb400000, 0x00000000cb500000|  0%| F|  |TS  0|AC  0|TAMS 0x00000000cb400000, 0x00000000cb400000|
|  47|0x00000000cb500000, 0x00000000cb500000, 0x00000000cb600000|  0%| F|  |TS  0|AC  0|TAMS 0x00000000cb500000, 0x00000000cb500000|
|  48|0x00000000cb600000, 0x00000000cb600000, 0x00000000cb700000|  0%| F|  |TS  0|AC  0|TAMS 0x00000000cb600000, 0x00000000cb600000|
|  49|0x00000000cb700000, 0x00000000cb700000, 0x00000000cb800000|  0%| F|  |TS  0|AC  0|TAMS 0x00000000cb700000, 0x00000000cb700000|
|  50|0x00000000cb800000, 0x00000000cb800000, 0x00000000cb900000|  0%| F|  |TS  0|AC  0|TAMS 0x00000000cb800000, 0x00000000cb800000|
|  51|0x00000000cb900000, 0x00000000cb900000, 0x00000000cba00000|  0%| F|  |TS  0|AC  0|TAMS 0x00000000cb900000, 0x00000000cb900000|
|  52|0x00000000cba00000, 0x00000000cba00000, 0x00000000cbb00000|  0%| F|  |TS  0|AC  0|TAMS 0x00000000cba00000, 0x00000000cba00000|
|  53|0x00000000cbb00000, 0x00000000cbc00000, 0x00000000cbc00000|100%| E|  |TS  0|AC  0|TAMS 0x00000000cbb00000, 0x00000000cbb00000|
|  54|0x00000000cbc00000, 0x00000000cbd00000, 0x00000000cbd00000|100%| E|CS|TS  0|AC  0|TAMS 0x00000000cbc00000, 0x00000000cbc00000|
|  55|0x00000000cbd00000, 0x00000000cbe00000, 0x00000000cbe00000|100%| E|CS|TS  0|AC  0|TAMS 0x00000000cbd00000, 0x00000000cbd00000|

Card table byte_map: [0x000000001d650000,0x000000001d810000] byte_map_base: 0x000000001d00d000

Marking Bits (Prev, Next): (CMBitMap*) 0x00000000003a4c70, (CMBitMap*) 0x00000000003a4ca8
 Prev Bits: [0x000000001d9d0000, 0x000000001e7b8000)
 Next Bits: [0x000000001e7c0000, 0x000000001f5a8000)

Polling page: 0x0000000001b20000

CodeHeap 'non-profiled nmethods': size=120064Kb used=69Kb max_used=69Kb free=119994Kb
 bounds [0x00000000156f0000, 0x0000000015960000, 0x000000001cc30000]
CodeHeap 'profiled nmethods': size=120000Kb used=264Kb max_used=264Kb free=119735Kb
 bounds [0x000000000e1c0000, 0x000000000e430000, 0x00000000156f0000]
CodeHeap 'non-nmethods': size=5696Kb used=1069Kb max_used=1080Kb free=4626Kb
 bounds [0x000000000dc30000, 0x000000000dea0000, 0x000000000e1c0000]
 total_blobs=580 nmethods=204 adapters=211
 compilation: enabled

Compilation events (10 events):
Event: 0.669 Thread 0x0000000062f80000  200       4       java.lang.String::charAt (25 bytes)
Event: 0.669 Thread 0x0000000062f82800  201       3       java.lang.String::getBytes (44 bytes)
Event: 0.670 Thread 0x0000000062f82800 nmethod 201 0x000000000e200a10 code [0x000000000e200c00, 0x000000000e200fb8]
Event: 0.670 Thread 0x0000000062f82800  202       3       java.lang.String::startsWith (138 bytes)
Event: 0.672 Thread 0x0000000062f82800 nmethod 202 0x000000000e201190 code [0x000000000e2013e0, 0x000000000e201db0]
Event: 0.672 Thread 0x0000000062f80000 nmethod 200 0x0000000015700a10 code [0x0000000015700ba0, 0x0000000015700cf8]
Event: 0.672 Thread 0x0000000062f82800  203       1       java.lang.Object::<init> (1 bytes)
Event: 0.673 Thread 0x0000000062f82800 nmethod 203 0x0000000015700e10 code [0x0000000015700fc0, 0x00000000157010d0]
Event: 0.680 Thread 0x0000000062f7b000  204       4       java.lang.StringLatin1::indexOf (61 bytes)
Event: 0.686 Thread 0x0000000062f7b000 nmethod 204 0x0000000015701190 code [0x0000000015701320, 0x00000000157014d8]

GC Heap History (0 events):
No events

Deoptimization events (2 events):
Event: 0.541 Thread 0x0000000000344000 Uncommon trap: reason=unstable_if action=reinterpret pc=0x00000000156f97ec method=java.lang.String.isLatin1()Z @ 10 c2
Event: 0.557 Thread 0x0000000000344000 Uncommon trap: reason=unstable_if action=reinterpret pc=0x00000000156f3214 method=java.lang.String.hashCode()I @ 14 c2

Classes redefined (7 events):
Event: 29.792 Thread 0x000000001cf0f800 redefined class name=Solution, count=1
Event: 87.064 Thread 0x000000001cf0f800 redefined class name=Solution, count=2
Event: 108.118 Thread 0x000000001cf0f800 redefined class name=Solution, count=3
Event: 168.799 Thread 0x000000001cf0f800 redefined class name=Solution, count=4
Event: 196.024 Thread 0x000000001cf0f800 redefined class name=Solution, count=5
Event: 253.638 Thread 0x000000001cf0f800 redefined class name=Solution, count=6
Event: 295.963 Thread 0x000000001cf0f800 redefined class name=Solution, count=7

Internal exceptions (0 events):
No events

Events (10 events):
Event: 295.967 Executing VM operation: GetOrSetLocal done
Event: 295.978 Executing VM operation: ChangeBreakpoints
Event: 295.978 Executing VM operation: ChangeBreakpoints done
Event: 295.990 Executing VM operation: GetFrameCount
Event: 295.990 Executing VM operation: GetFrameCount done
Event: 295.990 Executing VM operation: GetFrameLocation
Event: 295.990 Executing VM operation: GetFrameLocation done
Event: 295.991 Executing VM operation: GetFrameLocation
Event: 295.991 Executing VM operation: GetFrameLocation done
Event: 295.991 Executing VM operation: GetOrSetLocal


Dynamic libraries:
0x000000013f9d0000 - 0x000000013fa0e000 	C:\Program Files\Java\jdk-10\bin\java.exe
0x0000000077890000 - 0x0000000077a3a000 	C:\Windows\SYSTEM32\ntdll.dll
0x0000000077670000 - 0x000000007778f000 	C:\Windows\system32\kernel32.dll
0x000007fefd790000 - 0x000007fefd7fa000 	C:\Windows\system32\KERNELBASE.dll
0x000007feff920000 - 0x000007feff9fb000 	C:\Windows\system32\ADVAPI32.dll
0x000007fefd9d0000 - 0x000007fefda6f000 	C:\Windows\system32\msvcrt.dll
0x000007fefd9b0000 - 0x000007fefd9cf000 	C:\Windows\SYSTEM32\sechost.dll
0x000007feffa60000 - 0x000007feffb8d000 	C:\Windows\system32\RPCRT4.dll
0x0000000077790000 - 0x000000007788a000 	C:\Windows\system32\USER32.dll
0x000007fefd940000 - 0x000007fefd9a7000 	C:\Windows\system32\GDI32.dll
0x000007feffb90000 - 0x000007feffb9e000 	C:\Windows\system32\LPK.dll
0x000007fefde50000 - 0x000007fefdf1b000 	C:\Windows\system32\USP10.dll
0x000007fefc050000 - 0x000007fefc244000 	C:\Windows\WinSxS\amd64_microsoft.windows.common-controls_6595b64144ccf1df_6.0.7601.18837_none_fa3b1e3d17594757\COMCTL32.dll
0x000007fefe3c0000 - 0x000007fefe431000 	C:\Windows\system32\SHLWAPI.dll
0x000007fefce40000 - 0x000007fefce4c000 	C:\Windows\system32\VERSION.dll
0x000007fefe890000 - 0x000007fefe8be000 	C:\Windows\system32\IMM32.DLL
0x000007fefe2b0000 - 0x000007fefe3b9000 	C:\Windows\system32\MSCTF.dll
0x000007feebcc0000 - 0x000007feebdaf000 	C:\Program Files\Java\jdk-10\bin\msvcr120.dll
0x000007feee9d0000 - 0x000007feeea76000 	C:\Program Files\Java\jdk-10\bin\msvcp120.dll
0x0000000064b80000 - 0x00000000655ef000 	C:\Program Files\Java\jdk-10\bin\server\jvm.dll
0x000007fefb3f0000 - 0x000007fefb3f9000 	C:\Windows\system32\WSOCK32.dll
0x000007fefdf20000 - 0x000007fefdf6d000 	C:\Windows\system32\WS2_32.dll
0x000007fefe2a0000 - 0x000007fefe2a8000 	C:\Windows\system32\NSI.dll
0x000007fef90a0000 - 0x000007fef90db000 	C:\Windows\system32\WINMM.dll
0x0000000077a50000 - 0x0000000077a57000 	C:\Windows\system32\PSAPI.DLL
0x000007fef6630000 - 0x000007fef663f000 	C:\Program Files\Java\jdk-10\bin\verify.dll
0x000007feef870000 - 0x000007feef995000 	C:\Windows\system32\DBGHELP.DLL
0x000007fef1aa0000 - 0x000007fef1ac7000 	C:\Program Files\Java\jdk-10\bin\java.dll
0x000007feef4c0000 - 0x000007feef4f6000 	C:\Program Files\Java\jdk-10\bin\jdwp.dll
0x000007fef0820000 - 0x000007fef084a000 	C:\Program Files\Java\jdk-10\bin\instrument.dll
0x000007fef62d0000 - 0x000007fef62e6000 	C:\Program Files\Java\jdk-10\bin\zip.dll
0x000007fef6320000 - 0x000007fef632a000 	C:\Program Files\Java\jdk-10\bin\jimage.dll
0x000007fefeaf0000 - 0x000007feff87b000 	C:\Windows\system32\SHELL32.dll
0x000007fefdc50000 - 0x000007fefde4c000 	C:\Windows\system32\ole32.dll
0x000007fefd580000 - 0x000007fefd58f000 	C:\Windows\system32\profapi.dll
0x000007fef47a0000 - 0x000007fef47aa000 	C:\Program Files\Java\jdk-10\bin\dt_socket.dll
0x000007fefca20000 - 0x000007fefca75000 	C:\Windows\system32\mswsock.dll
0x000007fefce50000 - 0x000007fefce57000 	C:\Windows\System32\wshtcpip.dll
0x000007fef1c00000 - 0x000007fef1c1a000 	C:\Program Files\Java\jdk-10\bin\net.dll
0x000007fef8c40000 - 0x000007fef8cb1000 	C:\Windows\system32\WINHTTP.dll
0x000007fef8bd0000 - 0x000007fef8c34000 	C:\Windows\system32\webio.dll
0x000007fefca10000 - 0x000007fefca17000 	C:\Windows\System32\wship6.dll
0x000007fef0d10000 - 0x000007fef0d21000 	C:\Program Files\Java\jdk-10\bin\nio.dll

dbghelp: loaded successfully - version: 4.0.5 - missing functions: none
symbol engine: initialized successfully - sym options: 0x614 - pdb path: .;C:\Program Files\Java\jdk-10\bin;C:\Windows\SYSTEM32;C:\Windows\WinSxS\amd64_microsoft.windows.common-controls_6595b64144ccf1df_6.0.7601.18837_none_fa3b1e3d17594757;C:\Program Files\Java\jdk-10\bin\server

VM Arguments:
jvm_args: -agentlib:jdwp=transport=dt_socket,address=127.0.0.1:50991,suspend=y,server=n -javaagent:C:\Users\Administrator\.IdeaIC2018.1\system\captureAgent\debugger-agent.jar=file:/C:/Users/Administrator/AppData/Local/Temp/capture2.props -Dfile.encoding=UTF-8 
java_command: Solution
java_class_path (initial): D:\LCsolution\209. Minimum Size Subarray Sum\out\production\209. Minimum Size Subarray Sum;D:\Program Files\JetBrains\IntelliJ IDEA Community Edition 2018.1.1\lib\idea_rt.jar
Launcher Type: SUN_STANDARD

Logging:
Log output configuration:
#0: stdout all=warning uptime,level,tags
#1: stderr all=off uptime,level,tags

Environment Variables:
JAVA_HOME=C:\Program Files\Java\jdk-10
PATH=C:\ProgramData\Oracle\Java\javapath;C:\Windows\system32;C:\Windows;C:\Windows\System32\Wbem;C:\Windows\System32\WindowsPowerShell\v1.0\;C:\Program Files\Java\jdk-10\bin;F:\Program Files\nodejs\;G:\0 code\Python\Scripts\;G:\0 code\Python\;C:\Users\Administrator\AppData\Local\GitHubDesktop\bin;C:\Users\Administrator\AppData\Roaming\npm
USERNAME=Administrator
OS=Windows_NT
PROCESSOR_IDENTIFIER=AMD64 Family 18 Model 1 Stepping 0, AuthenticAMD



---------------  S Y S T E M  ---------------

OS: Windows 7 , 64 bit Build 7601 (6.1.7601.23864)

CPU:total 4 (initial active 4) (4 cores per cpu, 1 threads per core) family 18 model 1 stepping 0, cmov, cx8, fxsr, mmx, sse, sse2, sse3, popcnt, mmxext, 3dnowpref, lzcnt, sse4a, tsc, tscinvbit, tscinv

Memory: 4k page, physical 3643504k(449800k free), swap 7285148k(2044276k free)

vm_info: Java HotSpot(TM) 64-Bit Server VM (10+46) for windows-amd64 JRE (10+46), built on Mar  8 2018 02:11:18 by "mach5one" with MS VC++ 12.0 (VS2013)

END.
