#
# A fatal error has been detected by the Java Runtime Environment:
#
#  Internal Error (t:/workspace/open/src/hotspot/share/oops/generateOopMap.cpp:1632), pid=7004, tid=8508
#  Error: ShouldNotReachHere()
#
# JRE version: Java(TM) SE Runtime Environment (10.0+46) (build 10+46)
# Java VM: Java HotSpot(TM) 64-Bit Server VM (10+46, mixed mode, tiered, compressed oops, g1 gc, windows-amd64)
# No core dump will be written. Minidumps are not enabled by default on client versions of Windows
#
# If you would like to submit a bug report, please visit:
#   http://bugreport.java.com/bugreport/crash.jsp
#

---------------  S U M M A R Y ------------

Command Line: -agentlib:jdwp=transport=dt_socket,address=127.0.0.1:51005,suspend=y,server=n -javaagent:C:\Users\Administrator\AppData\Local\Temp\capture3320jars\debugger-agent.jar=file:/C:/Users/Administrator/AppData/Local/Temp/capture2.props -Dfile.encoding=UTF-8 Solution

Host: AMD A6-3400M APU with Radeon(tm) HD Graphics, 4 cores, 3G,  Windows 7 , 64 bit Build 7601 (6.1.7601.23864)
Time: Mon Jul 16 15:52:33 2018 ?D1¨²¡À¨º¡Á?¨º¡À?? elapsed time: 255 seconds (0d 0h 4m 15s)

---------------  T H R E A D  ---------------

Current thread (0x0000000021f87000):  VMThread "VM Thread" [stack: 0x0000000063150000,0x0000000063250000] [id=8508]

Stack: [0x0000000063150000,0x0000000063250000]
[error occurred during error reporting (printing stack bounds), id 0xe0000000]

Native frames: (J=compiled Java code, j=interpreted, Vv=VM code, C=native code)
V  [jvm.dll+0x59fbf9]
V  [jvm.dll+0x6bca11]
V  [jvm.dll+0x6bdc06]
V  [jvm.dll+0x6be1f5]
V  [jvm.dll+0x6be1ab]
V  [jvm.dll+0x59f3f3]
V  [jvm.dll+0x59f7f8]
C  [ntdll.dll+0x2812d]
C  [ntdll.dll+0x1855f]
C  [ntdll.dll+0x4bcb8]
C  0x000000000d9d0ea7

VM_Operation (0x0000000063b2f1d0): GetOrSetLocal, mode: safepoint, requested by thread 0x0000000063e6f800


---------------  P R O C E S S  ---------------

Threads class SMR info:
_java_thread_list=0x0000000063dfbde0, length=14, elements={
0x0000000000364000, 0x0000000021f89800, 0x0000000021f8c800, 0x0000000062ee9800,
0x0000000062eea800, 0x0000000062eeb000, 0x0000000062f4f000, 0x0000000062f55800,
0x0000000062f56000, 0x0000000063e6f800, 0x0000000063f9c800, 0x0000000063f9f000,
0x000000006409e000, 0x0000000063dce800
}

Java Threads: ( => current thread )
  0x0000000000364000 JavaThread "main" [_thread_blocked, id=5104, stack(0x0000000002450000,0x0000000002550000)]
  0x0000000021f89800 JavaThread "Reference Handler" daemon [_thread_blocked, id=7520, stack(0x0000000063390000,0x0000000063490000)]
  0x0000000021f8c800 JavaThread "Finalizer" daemon [_thread_blocked, id=3952, stack(0x0000000063280000,0x0000000063380000)]
  0x0000000062ee9800 JavaThread "Signal Dispatcher" daemon [_thread_blocked, id=8184, stack(0x0000000063040000,0x0000000063140000)]
  0x0000000062eea800 JavaThread "Attach Listener" daemon [_thread_blocked, id=7224, stack(0x0000000063670000,0x0000000063770000)]
  0x0000000062eeb000 JavaThread "C2 CompilerThread0" daemon [_thread_blocked, id=6464, stack(0x00000000634f0000,0x00000000635f0000)]
  0x0000000062f4f000 JavaThread "C2 CompilerThread1" daemon [_thread_blocked, id=8820, stack(0x00000000637d0000,0x00000000638d0000)]
  0x0000000062f55800 JavaThread "C1 CompilerThread2" daemon [_thread_blocked, id=4164, stack(0x0000000063920000,0x0000000063a20000)]
  0x0000000062f56000 JavaThread "Sweeper thread" daemon [_thread_blocked, id=6452, stack(0x0000000063ba0000,0x0000000063ca0000)]
  0x0000000063e6f800 JavaThread "JDWP Transport Listener: dt_socket" daemon [_thread_blocked, id=7836, stack(0x0000000063a30000,0x0000000063b30000)] _threads_hazard_ptr=0x0000000063dfbde0
  0x0000000063f9c800 JavaThread "JDWP Event Helper Thread" daemon [_thread_blocked, id=7616, stack(0x0000000064110000,0x0000000064210000)]
  0x0000000063f9f000 JavaThread "JDWP Command Reader" daemon [_thread_in_native, id=6512, stack(0x0000000065670000,0x0000000065770000)]
  0x000000006409e000 JavaThread "Common-Cleaner" daemon [_thread_blocked, id=8568, stack(0x0000000065890000,0x0000000065990000)]
  0x0000000063dce800 JavaThread "Service Thread" daemon [_thread_blocked, id=8040, stack(0x0000000065ad0000,0x0000000065bd0000)]

Other Threads:
=>0x0000000021f87000 VMThread "VM Thread" [stack: 0x0000000063150000,0x0000000063250000] [id=8508]
  0x0000000063dfa800 WatcherThread [stack: 0x0000000065d40000,0x0000000065e40000] [id=7852]
  0x000000000038d000 GCTaskThread "GC Thread#0" [stack: 0x000000001cc90000,0x000000001cd90000] [id=9092]
  0x000000000038e800 GCTaskThread "GC Thread#1" [stack: 0x000000001ce80000,0x000000001cf80000] [id=8596]
  0x0000000000392800 GCTaskThread "GC Thread#2" [stack: 0x000000001d100000,0x000000001d200000] [id=1756]
  0x0000000000394800 GCTaskThread "GC Thread#3" [stack: 0x000000001d220000,0x000000001d320000] [id=7880]
  0x00000000003c6000 ConcurrentGCThread "G1 Main Marker" [stack: 0x000000001f780000,0x000000001f880000] [id=3624]
  0x00000000003c7800 ConcurrentGCThread "G1 Conc#0" [stack: 0x000000001fa60000,0x000000001fb60000] [id=6276]
  0x0000000021ea0800 ConcurrentGCThread "G1 Refine#0" [stack: 0x0000000022100000,0x0000000022200000] [id=7100]
  0x00000000003ef000 ConcurrentGCThread "G1 Refine#1" [stack: 0x0000000022240000,0x0000000022340000] [id=7216]
  0x0000000021ea7800 ConcurrentGCThread "G1 Refine#2" [stack: 0x0000000021fe0000,0x00000000220e0000] [id=8452]
  0x0000000021ea8800 ConcurrentGCThread "G1 Refine#3" [stack: 0x0000000022410000,0x0000000022510000] [id=2980]
  0x0000000021eb1800 ConcurrentGCThread "G1 Young RemSet Sampling" [stack: 0x0000000022510000,0x0000000022610000] [id=7808]

Threads with active compile tasks:

VM state:at safepoint (normal execution)

VM Mutex/Monitor currently owned by a thread:  ([mutex/lock_event])
[0x000000000035f330] Threads_lock - owner thread: 0x0000000021f87000

Heap address: 0x00000000c8600000, size: 890 MB, Compressed Oops mode: 32-bit
Narrow klass base: 0x0000000000000000, Narrow klass shift: 0
Compressed class space size: 1073741824 Address: 0x0000000022610000

Heap:
 garbage-first heap   total 57344K, used 2048K [0x00000000c8600000, 0x0000000100000000)
  region size 1024K, 3 young (3072K), 0 survivors (0K)
 Metaspace       used 5222K, capacity 5392K, committed 5632K, reserved 1056768K
  class space    used 439K, capacity 496K, committed 512K, reserved 1048576K
Heap Regions: E=young(eden), S=young(survivor), O=old, HS=humongous(starts), HC=humongous(continues), CS=collection set, F=free, A=archive, TS=gc time stamp, AC=allocation context, TAMS=top-at-mark-start (previous, next)
|   0|0x00000000c8600000, 0x00000000c8600000, 0x00000000c8700000|  0%| F|  |TS  0|AC  0|TAMS 0x00000000c8600000, 0x00000000c8600000|
|   1|0x00000000c8700000, 0x00000000c8700000, 0x00000000c8800000|  0%| F|  |TS  0|AC  0|TAMS 0x00000000c8700000, 0x00000000c8700000|
|   2|0x00000000c8800000, 0x00000000c8800000, 0x00000000c8900000|  0%| F|  |TS  0|AC  0|TAMS 0x00000000c8800000, 0x00000000c8800000|
|   3|0x00000000c8900000, 0x00000000c8900000, 0x00000000c8a00000|  0%| F|  |TS  0|AC  0|TAMS 0x00000000c8900000, 0x00000000c8900000|
|   4|0x00000000c8a00000, 0x00000000c8a00000, 0x00000000c8b00000|  0%| F|  |TS  0|AC  0|TAMS 0x00000000c8a00000, 0x00000000c8a00000|
|   5|0x00000000c8b00000, 0x00000000c8b00000, 0x00000000c8c00000|  0%| F|  |TS  0|AC  0|TAMS 0x00000000c8b00000, 0x00000000c8b00000|
|   6|0x00000000c8c00000, 0x00000000c8c00000, 0x00000000c8d00000|  0%| F|  |TS  0|AC  0|TAMS 0x00000000c8c00000, 0x00000000c8c00000|
|   7|0x00000000c8d00000, 0x00000000c8d00000, 0x00000000c8e00000|  0%| F|  |TS  0|AC  0|TAMS 0x00000000c8d00000, 0x00000000c8d00000|
|   8|0x00000000c8e00000, 0x00000000c8e00000, 0x00000000c8f00000|  0%| F|  |TS  0|AC  0|TAMS 0x00000000c8e00000, 0x00000000c8e00000|
|   9|0x00000000c8f00000, 0x00000000c8f00000, 0x00000000c9000000|  0%| F|  |TS  0|AC  0|TAMS 0x00000000c8f00000, 0x00000000c8f00000|
|  10|0x00000000c9000000, 0x00000000c9000000, 0x00000000c9100000|  0%| F|  |TS  0|AC  0|TAMS 0x00000000c9000000, 0x00000000c9000000|
|  11|0x00000000c9100000, 0x00000000c9100000, 0x00000000c9200000|  0%| F|  |TS  0|AC  0|TAMS 0x00000000c9100000, 0x00000000c9100000|
|  12|0x00000000c9200000, 0x00000000c9200000, 0x00000000c9300000|  0%| F|  |TS  0|AC  0|TAMS 0x00000000c9200000, 0x00000000c9200000|
|  13|0x00000000c9300000, 0x00000000c9300000, 0x00000000c9400000|  0%| F|  |TS  0|AC  0|TAMS 0x00000000c9300000, 0x00000000c9300000|
|  14|0x00000000c9400000, 0x00000000c9400000, 0x00000000c9500000|  0%| F|  |TS  0|AC  0|TAMS 0x00000000c9400000, 0x00000000c9400000|
|  15|0x00000000c9500000, 0x00000000c9500000, 0x00000000c9600000|  0%| F|  |TS  0|AC  0|TAMS 0x00000000c9500000, 0x00000000c9500000|
|  16|0x00000000c9600000, 0x00000000c9600000, 0x00000000c9700000|  0%| F|  |TS  0|AC  0|TAMS 0x00000000c9600000, 0x00000000c9600000|
|  17|0x00000000c9700000, 0x00000000c9700000, 0x00000000c9800000|  0%| F|  |TS  0|AC  0|TAMS 0x00000000c9700000, 0x00000000c9700000|
|  18|0x00000000c9800000, 0x00000000c9800000, 0x00000000c9900000|  0%| F|  |TS  0|AC  0|TAMS 0x00000000c9800000, 0x00000000c9800000|
|  19|0x00000000c9900000, 0x00000000c9900000, 0x00000000c9a00000|  0%| F|  |TS  0|AC  0|TAMS 0x00000000c9900000, 0x00000000c9900000|
|  20|0x00000000c9a00000, 0x00000000c9a00000, 0x00000000c9b00000|  0%| F|  |TS  0|AC  0|TAMS 0x00000000c9a00000, 0x00000000c9a00000|
|  21|0x00000000c9b00000, 0x00000000c9b00000, 0x00000000c9c00000|  0%| F|  |TS  0|AC  0|TAMS 0x00000000c9b00000, 0x00000000c9b00000|
|  22|0x00000000c9c00000, 0x00000000c9c00000, 0x00000000c9d00000|  0%| F|  |TS  0|AC  0|TAMS 0x00000000c9c00000, 0x00000000c9c00000|
|  23|0x00000000c9d00000, 0x00000000c9d00000, 0x00000000c9e00000|  0%| F|  |TS  0|AC  0|TAMS 0x00000000c9d00000, 0x00000000c9d00000|
|  24|0x00000000c9e00000, 0x00000000c9e00000, 0x00000000c9f00000|  0%| F|  |TS  0|AC  0|TAMS 0x00000000c9e00000, 0x00000000c9e00000|
|  25|0x00000000c9f00000, 0x00000000c9f00000, 0x00000000ca000000|  0%| F|  |TS  0|AC  0|TAMS 0x00000000c9f00000, 0x00000000c9f00000|
|  26|0x00000000ca000000, 0x00000000ca000000, 0x00000000ca100000|  0%| F|  |TS  0|AC  0|TAMS 0x00000000ca000000, 0x00000000ca000000|
|  27|0x00000000ca100000, 0x00000000ca100000, 0x00000000ca200000|  0%| F|  |TS  0|AC  0|TAMS 0x00000000ca100000, 0x00000000ca100000|
|  28|0x00000000ca200000, 0x00000000ca200000, 0x00000000ca300000|  0%| F|  |TS  0|AC  0|TAMS 0x00000000ca200000, 0x00000000ca200000|
|  29|0x00000000ca300000, 0x00000000ca300000, 0x00000000ca400000|  0%| F|  |TS  0|AC  0|TAMS 0x00000000ca300000, 0x00000000ca300000|
|  30|0x00000000ca400000, 0x00000000ca400000, 0x00000000ca500000|  0%| F|  |TS  0|AC  0|TAMS 0x00000000ca400000, 0x00000000ca400000|
|  31|0x00000000ca500000, 0x00000000ca500000, 0x00000000ca600000|  0%| F|  |TS  0|AC  0|TAMS 0x00000000ca500000, 0x00000000ca500000|
|  32|0x00000000ca600000, 0x00000000ca600000, 0x00000000ca700000|  0%| F|  |TS  0|AC  0|TAMS 0x00000000ca600000, 0x00000000ca600000|
|  33|0x00000000ca700000, 0x00000000ca700000, 0x00000000ca800000|  0%| F|  |TS  0|AC  0|TAMS 0x00000000ca700000, 0x00000000ca700000|
|  34|0x00000000ca800000, 0x00000000ca800000, 0x00000000ca900000|  0%| F|  |TS  0|AC  0|TAMS 0x00000000ca800000, 0x00000000ca800000|
|  35|0x00000000ca900000, 0x00000000ca900000, 0x00000000caa00000|  0%| F|  |TS  0|AC  0|TAMS 0x00000000ca900000, 0x00000000ca900000|
|  36|0x00000000caa00000, 0x00000000caa00000, 0x00000000cab00000|  0%| F|  |TS  0|AC  0|TAMS 0x00000000caa00000, 0x00000000caa00000|
|  37|0x00000000cab00000, 0x00000000cab00000, 0x00000000cac00000|  0%| F|  |TS  0|AC  0|TAMS 0x00000000cab00000, 0x00000000cab00000|
|  38|0x00000000cac00000, 0x00000000cac00000, 0x00000000cad00000|  0%| F|  |TS  0|AC  0|TAMS 0x00000000cac00000, 0x00000000cac00000|
|  39|0x00000000cad00000, 0x00000000cad00000, 0x00000000cae00000|  0%| F|  |TS  0|AC  0|TAMS 0x00000000cad00000, 0x00000000cad00000|
|  40|0x00000000cae00000, 0x00000000cae00000, 0x00000000caf00000|  0%| F|  |TS  0|AC  0|TAMS 0x00000000cae00000, 0x00000000cae00000|
|  41|0x00000000caf00000, 0x00000000caf00000, 0x00000000cb000000|  0%| F|  |TS  0|AC  0|TAMS 0x00000000caf00000, 0x00000000caf00000|
|  42|0x00000000cb000000, 0x00000000cb000000, 0x00000000cb100000|  0%| F|  |TS  0|AC  0|TAMS 0x00000000cb000000, 0x00000000cb000000|
|  43|0x00000000cb100000, 0x00000000cb100000, 0x00000000cb200000|  0%| F|  |TS  0|AC  0|TAMS 0x00000000cb100000, 0x00000000cb100000|
|  44|0x00000000cb200000, 0x00000000cb200000, 0x00000000cb300000|  0%| F|  |TS  0|AC  0|TAMS 0x00000000cb200000, 0x00000000cb200000|
|  45|0x00000000cb300000, 0x00000000cb300000, 0x00000000cb400000|  0%| F|  |TS  0|AC  0|TAMS 0x00000000cb300000, 0x00000000cb300000|
|  46|0x00000000cb400000, 0x00000000cb400000, 0x00000000cb500000|  0%| F|  |TS  0|AC  0|TAMS 0x00000000cb400000, 0x00000000cb400000|
|  47|0x00000000cb500000, 0x00000000cb500000, 0x00000000cb600000|  0%| F|  |TS  0|AC  0|TAMS 0x00000000cb500000, 0x00000000cb500000|
|  48|0x00000000cb600000, 0x00000000cb600000, 0x00000000cb700000|  0%| F|  |TS  0|AC  0|TAMS 0x00000000cb600000, 0x00000000cb600000|
|  49|0x00000000cb700000, 0x00000000cb700000, 0x00000000cb800000|  0%| F|  |TS  0|AC  0|TAMS 0x00000000cb700000, 0x00000000cb700000|
|  50|0x00000000cb800000, 0x00000000cb800000, 0x00000000cb900000|  0%| F|  |TS  0|AC  0|TAMS 0x00000000cb800000, 0x00000000cb800000|
|  51|0x00000000cb900000, 0x00000000cb900000, 0x00000000cba00000|  0%| F|  |TS  0|AC  0|TAMS 0x00000000cb900000, 0x00000000cb900000|
|  52|0x00000000cba00000, 0x00000000cba00000, 0x00000000cbb00000|  0%| F|  |TS  0|AC  0|TAMS 0x00000000cba00000, 0x00000000cba00000|
|  53|0x00000000cbb00000, 0x00000000cbc00000, 0x00000000cbc00000|100%| E|  |TS  0|AC  0|TAMS 0x00000000cbb00000, 0x00000000cbb00000|
|  54|0x00000000cbc00000, 0x00000000cbd00000, 0x00000000cbd00000|100%| E|CS|TS  0|AC  0|TAMS 0x00000000cbc00000, 0x00000000cbc00000|
|  55|0x00000000cbd00000, 0x00000000cbe00000, 0x00000000cbe00000|100%| E|CS|TS  0|AC  0|TAMS 0x00000000cbd00000, 0x00000000cbd00000|

Card table byte_map: [0x000000001d810000,0x000000001d9d0000] byte_map_base: 0x000000001d1cd000

Marking Bits (Prev, Next): (CMBitMap*) 0x00000000003c5520, (CMBitMap*) 0x00000000003c5558
 Prev Bits: [0x000000001db90000, 0x000000001e978000)
 Next Bits: [0x000000001e980000, 0x000000001f768000)

Polling page: 0x0000000000080000

CodeHeap 'non-profiled nmethods': size=120064Kb used=71Kb max_used=71Kb free=119992Kb
 bounds [0x0000000015490000, 0x0000000015700000, 0x000000001c9d0000]
CodeHeap 'profiled nmethods': size=120000Kb used=269Kb max_used=269Kb free=119730Kb
 bounds [0x000000000df60000, 0x000000000e1d0000, 0x0000000015490000]
CodeHeap 'non-nmethods': size=5696Kb used=1070Kb max_used=1081Kb free=4625Kb
 bounds [0x000000000d9d0000, 0x000000000dc40000, 0x000000000df60000]
 total_blobs=584 nmethods=210 adapters=211
 compilation: enabled

Compilation events (10 events):
Event: 0.884 Thread 0x0000000062f55800  206       1       java.util.ArrayList$SubList::access$300 (5 bytes)
Event: 0.885 Thread 0x0000000062f55800 nmethod 206 0x00000000154a1190 code [0x00000000154a1340, 0x00000000154a1430]
Event: 0.889 Thread 0x0000000062eeb000  207       4       java.lang.String::charAt (25 bytes)
Event: 0.892 Thread 0x0000000062eeb000 nmethod 207 0x00000000154a1510 code [0x00000000154a16a0, 0x00000000154a17f8]
Event: 0.892 Thread 0x0000000062f55800  208       3       java.lang.String::getBytes (44 bytes)
Event: 0.893 Thread 0x0000000062f55800 nmethod 208 0x000000000dfa1e90 code [0x000000000dfa2080, 0x000000000dfa2438]
Event: 0.893 Thread 0x0000000062f55800  209       3       java.lang.String::startsWith (138 bytes)
Event: 0.895 Thread 0x0000000062f55800 nmethod 209 0x000000000dfa2610 code [0x000000000dfa2860, 0x000000000dfa3230]
Event: 0.923 Thread 0x0000000062f4f000  210       4       java.lang.StringLatin1::indexOf (61 bytes)
Event: 0.930 Thread 0x0000000062f4f000 nmethod 210 0x00000000154a1910 code [0x00000000154a1aa0, 0x00000000154a1c58]

GC Heap History (0 events):
No events

Deoptimization events (1 events):
Event: 0.735 Thread 0x0000000000364000 Uncommon trap: reason=unstable_if action=reinterpret pc=0x0000000015493d94 method=java.lang.String.hashCode()I @ 14 c2

Classes redefined (6 events):
Event: 46.050 Thread 0x0000000021f87000 redefined class name=Solution, count=1
Event: 67.108 Thread 0x0000000021f87000 redefined class name=Solution, count=2
Event: 127.808 Thread 0x0000000021f87000 redefined class name=Solution, count=3
Event: 154.996 Thread 0x0000000021f87000 redefined class name=Solution, count=4
Event: 212.682 Thread 0x0000000021f87000 redefined class name=Solution, count=5
Event: 255.074 Thread 0x0000000021f87000 redefined class name=Solution, count=6

Internal exceptions (0 events):
No events

Events (10 events):
Event: 255.083 Executing VM operation: GetOrSetLocal done
Event: 255.096 Executing VM operation: ChangeBreakpoints
Event: 255.097 Executing VM operation: ChangeBreakpoints done
Event: 255.100 Executing VM operation: GetFrameCount
Event: 255.100 Executing VM operation: GetFrameCount done
Event: 255.100 Executing VM operation: GetFrameLocation
Event: 255.100 Executing VM operation: GetFrameLocation done
Event: 255.101 Executing VM operation: GetFrameLocation
Event: 255.101 Executing VM operation: GetFrameLocation done
Event: 255.102 Executing VM operation: GetOrSetLocal


Dynamic libraries:
0x000000013f9d0000 - 0x000000013fa0e000 	C:\Program Files\Java\jdk-10\bin\java.exe
0x0000000077890000 - 0x0000000077a3a000 	C:\Windows\SYSTEM32\ntdll.dll
0x0000000077670000 - 0x000000007778f000 	C:\Windows\system32\kernel32.dll
0x000007fefd790000 - 0x000007fefd7fa000 	C:\Windows\system32\KERNELBASE.dll
0x000007feff920000 - 0x000007feff9fb000 	C:\Windows\system32\ADVAPI32.dll
0x000007fefd9d0000 - 0x000007fefda6f000 	C:\Windows\system32\msvcrt.dll
0x000007fefd9b0000 - 0x000007fefd9cf000 	C:\Windows\SYSTEM32\sechost.dll
0x000007feffa60000 - 0x000007feffb8d000 	C:\Windows\system32\RPCRT4.dll
0x0000000077790000 - 0x000000007788a000 	C:\Windows\system32\USER32.dll
0x000007fefd940000 - 0x000007fefd9a7000 	C:\Windows\system32\GDI32.dll
0x000007feffb90000 - 0x000007feffb9e000 	C:\Windows\system32\LPK.dll
0x000007fefde50000 - 0x000007fefdf1b000 	C:\Windows\system32\USP10.dll
0x000007fefc050000 - 0x000007fefc244000 	C:\Windows\WinSxS\amd64_microsoft.windows.common-controls_6595b64144ccf1df_6.0.7601.18837_none_fa3b1e3d17594757\COMCTL32.dll
0x000007fefe3c0000 - 0x000007fefe431000 	C:\Windows\system32\SHLWAPI.dll
0x000007fefce40000 - 0x000007fefce4c000 	C:\Windows\system32\VERSION.dll
0x000007fefe890000 - 0x000007fefe8be000 	C:\Windows\system32\IMM32.DLL
0x000007fefe2b0000 - 0x000007fefe3b9000 	C:\Windows\system32\MSCTF.dll
0x000007feebcc0000 - 0x000007feebdaf000 	C:\Program Files\Java\jdk-10\bin\msvcr120.dll
0x000007feee9d0000 - 0x000007feeea76000 	C:\Program Files\Java\jdk-10\bin\msvcp120.dll
0x0000000064b80000 - 0x00000000655ef000 	C:\Program Files\Java\jdk-10\bin\server\jvm.dll
0x000007fefb3f0000 - 0x000007fefb3f9000 	C:\Windows\system32\WSOCK32.dll
0x000007fefdf20000 - 0x000007fefdf6d000 	C:\Windows\system32\WS2_32.dll
0x000007fefe2a0000 - 0x000007fefe2a8000 	C:\Windows\system32\NSI.dll
0x000007fef90a0000 - 0x000007fef90db000 	C:\Windows\system32\WINMM.dll
0x0000000077a50000 - 0x0000000077a57000 	C:\Windows\system32\PSAPI.DLL
0x000007fef6630000 - 0x000007fef663f000 	C:\Program Files\Java\jdk-10\bin\verify.dll
0x000007feef870000 - 0x000007feef995000 	C:\Windows\system32\DBGHELP.DLL
0x000007fef1aa0000 - 0x000007fef1ac7000 	C:\Program Files\Java\jdk-10\bin\java.dll
0x000007feef4c0000 - 0x000007feef4f6000 	C:\Program Files\Java\jdk-10\bin\jdwp.dll
0x000007fef0820000 - 0x000007fef084a000 	C:\Program Files\Java\jdk-10\bin\instrument.dll
0x000007fef62d0000 - 0x000007fef62e6000 	C:\Program Files\Java\jdk-10\bin\zip.dll
0x000007fef6320000 - 0x000007fef632a000 	C:\Program Files\Java\jdk-10\bin\jimage.dll
0x000007fefeaf0000 - 0x000007feff87b000 	C:\Windows\system32\SHELL32.dll
0x000007fefdc50000 - 0x000007fefde4c000 	C:\Windows\system32\ole32.dll
0x000007fefd580000 - 0x000007fefd58f000 	C:\Windows\system32\profapi.dll
0x000007fef47a0000 - 0x000007fef47aa000 	C:\Program Files\Java\jdk-10\bin\dt_socket.dll
0x000007fefca20000 - 0x000007fefca75000 	C:\Windows\system32\mswsock.dll
0x000007fefce50000 - 0x000007fefce57000 	C:\Windows\System32\wshtcpip.dll
0x000007fef1c00000 - 0x000007fef1c1a000 	C:\Program Files\Java\jdk-10\bin\net.dll
0x000007fef8c40000 - 0x000007fef8cb1000 	C:\Windows\system32\WINHTTP.dll
0x000007fef8bd0000 - 0x000007fef8c34000 	C:\Windows\system32\webio.dll
0x000007fefca10000 - 0x000007fefca17000 	C:\Windows\System32\wship6.dll
0x000007fef0d10000 - 0x000007fef0d21000 	C:\Program Files\Java\jdk-10\bin\nio.dll

dbghelp: loaded successfully - version: 4.0.5 - missing functions: none
symbol engine: initialized successfully - sym options: 0x614 - pdb path: .;C:\Program Files\Java\jdk-10\bin;C:\Windows\SYSTEM32;C:\Windows\WinSxS\amd64_microsoft.windows.common-controls_6595b64144ccf1df_6.0.7601.18837_none_fa3b1e3d17594757;C:\Program Files\Java\jdk-10\bin\server

VM Arguments:
jvm_args: -agentlib:jdwp=transport=dt_socket,address=127.0.0.1:51005,suspend=y,server=n -javaagent:C:\Users\Administrator\AppData\Local\Temp\capture3320jars\debugger-agent.jar=file:/C:/Users/Administrator/AppData/Local/Temp/capture2.props -Dfile.encoding=UTF-8 
java_command: Solution
java_class_path (initial): D:\LCsolution\209. Minimum Size Subarray Sum\out\production\209. Minimum Size Subarray Sum;D:\Program Files\JetBrains\IntelliJ IDEA Community Edition 2018.1.1\lib\idea_rt.jar
Launcher Type: SUN_STANDARD

Logging:
Log output configuration:
#0: stdout all=warning uptime,level,tags
#1: stderr all=off uptime,level,tags

Environment Variables:
JAVA_HOME=C:\Program Files\Java\jdk-10
PATH=C:\ProgramData\Oracle\Java\javapath;C:\Windows\system32;C:\Windows;C:\Windows\System32\Wbem;C:\Windows\System32\WindowsPowerShell\v1.0\;C:\Program Files\Java\jdk-10\bin;F:\Program Files\nodejs\;G:\0 code\Python\Scripts\;G:\0 code\Python\;C:\Users\Administrator\AppData\Local\GitHubDesktop\bin;C:\Users\Administrator\AppData\Roaming\npm
USERNAME=Administrator
OS=Windows_NT
PROCESSOR_IDENTIFIER=AMD64 Family 18 Model 1 Stepping 0, AuthenticAMD



---------------  S Y S T E M  ---------------

OS: Windows 7 , 64 bit Build 7601 (6.1.7601.23864)

CPU:total 4 (initial active 4) (4 cores per cpu, 1 threads per core) family 18 model 1 stepping 0, cmov, cx8, fxsr, mmx, sse, sse2, sse3, popcnt, mmxext, 3dnowpref, lzcnt, sse4a, tsc, tscinvbit, tscinv

Memory: 4k page, physical 3643504k(430928k free), swap 7285148k(2044596k free)

vm_info: Java HotSpot(TM) 64-Bit Server VM (10+46) for windows-amd64 JRE (10+46), built on Mar  8 2018 02:11:18 by "mach5one" with MS VC++ 12.0 (VS2013)

END.
