#
# A fatal error has been detected by the Java Runtime Environment:
#
#  EXCEPTION_ACCESS_VIOLATION (0xc0000005) at pc=0x0000000066f41263, pid=8728, tid=9232
#
# JRE version: Java(TM) SE Runtime Environment (10.0+46) (build 10+46)
# Java VM: Java HotSpot(TM) 64-Bit Server VM (10+46, mixed mode, tiered, compressed oops, g1 gc, windows-amd64)
# Problematic frame:
# V  [jvm.dll+0x231263]
#
# No core dump will be written. Minidumps are not enabled by default on client versions of Windows
#
# If you would like to submit a bug report, please visit:
#   http://bugreport.java.com/bugreport/crash.jsp
#

---------------  S U M M A R Y ------------

Command Line: -agentlib:jdwp=transport=dt_socket,address=127.0.0.1:57202,suspend=y,server=n -javaagent:C:\Users\Administrator\AppData\Local\Temp\capture14364jars\debugger-agent.jar=file:/C:/Users/Administrator/AppData/Local/Temp/capture.props -Dfile.encoding=UTF-8 A

Host: AMD A6-3400M APU with Radeon(tm) HD Graphics, 4 cores, 3G,  Windows 7 , 64 bit Build 7601 (6.1.7601.23864)
Time: Sat May 12 00:03:28 2018 ?D1¨²¡À¨º¡Á?¨º¡À?? elapsed time: 1219 seconds (0d 0h 20m 19s)

---------------  T H R E A D  ---------------

Current thread (0x0000000021ec2800):  VMThread "VM Thread" [stack: 0x0000000062fd0000,0x00000000630d0000] [id=9232]

Stack: [0x0000000062fd0000,0x00000000630d0000],  sp=0x00000000630cf188,  free space=1020k
Native frames: (J=compiled Java code, j=interpreted, Vv=VM code, C=native code)
V  [jvm.dll+0x231263]


siginfo: EXCEPTION_ACCESS_VIOLATION (0xc0000005), reading address 0x0000000062a62272


Register to memory mapping:

RIP=0x0000000066f41263 jvm.dll
RAX=0x0000000000006418 is an unknown value
RBX=0x0000000062a30170 is pointing into metadata
RCX=0x0000000062a30170 is pointing into metadata
RDX=0x0000000000006418 is an unknown value
RSP=0x00000000630cf188 is an unknown value
RBP=0x0000000000000001 is an unknown value
RSI=0x00000000630cf430 is an unknown value
RDI=0x00000000630cf430 is an unknown value
R8 =0x0000000000000000 is an unknown value
R9 =0x0000000062a30170 is pointing into metadata
R10=0x0000000062a30170 is pointing into metadata
R11=0x000000002260baa0 is pointing into metadata
R12=0x000000006748d601 jvm.dll
R13=0x0000000000000000 is an unknown value
R14=0x0000000000000001 is an unknown value
R15=0x0000000000000000 is an unknown value


Registers:
RAX=0x0000000000006418, RBX=0x0000000062a30170, RCX=0x0000000062a30170, RDX=0x0000000000006418
RSP=0x00000000630cf188, RBP=0x0000000000000001, RSI=0x00000000630cf430, RDI=0x00000000630cf430
R8 =0x0000000000000000, R9 =0x0000000062a30170, R10=0x0000000062a30170, R11=0x000000002260baa0
R12=0x000000006748d601, R13=0x0000000000000000, R14=0x0000000000000001, R15=0x0000000000000000
RIP=0x0000000066f41263, EFLAGS=0x0000000000010216

Top of Stack: (sp=0x00000000630cf188)
0x00000000630cf188:   000000006702d81d 00000000630cf280
0x00000000630cf198:   0000000066e24dde 00000000630cf300
0x00000000630cf1a8:   0000000000000000 0000000000000000
0x00000000630cf1b8:   00000000672a1396 00000000630cf280
0x00000000630cf1c8:   000000006702e593 0000ddcd9a152d4c
0x00000000630cf1d8:   0000000000000000 0000000000000000
0x00000000630cf1e8:   00000000630cf280 00000000630cf430
0x00000000630cf1f8:   000000006702fbc0 0000000021e7aa40
0x00000000630cf208:   0000000000000003 0000000000000001
0x00000000630cf218:   0000000067030f54 0000001000000003
0x00000000630cf228:   000000b100000010 0000000000000000
0x00000000630cf238:   0000000000000010 0000000021e7aa40
0x00000000630cf248:   000000006703024e 00000000630cf430
0x00000000630cf258:   00000000630cf2b0 0000000000000000
0x00000000630cf268:   0000000021e7aa40 0000000000006000
0x00000000630cf278:   00000000670320f1 0000000062a30928 

Instructions: (pc=0x0000000066f41263)
0x0000000066f41243:   99 f0 ff ff 48 8b 5c 24 30 48 83 c4 20 5f c3 cc
0x0000000066f41253:   cc cc cc cc cc cc cc cc cc cc cc cc cc 48 63 c2
0x0000000066f41263:   0f b7 44 c1 42 c3 cc cc cc cc cc cc cc 48 8b 41
0x0000000066f41273:   08 48 8b 08 8b 01 8d 04 85 04 00 00 00 c3 cc cc 


VM_Operation (0x0000000064b0f460): GetOrSetLocal, mode: safepoint, requested by thread 0x0000000064065800


---------------  P R O C E S S  ---------------

Threads class SMR info:
_java_thread_list=0x00000000640e5c60, length=14, elements={
0x0000000000443800, 0x0000000021ec5000, 0x0000000021ec8000, 0x0000000062e78000,
0x0000000062e79000, 0x0000000062e7a000, 0x0000000062e7f000, 0x0000000062e88000,
0x0000000062eb1800, 0x0000000064065800, 0x00000000641bf800, 0x000000006404a800,
0x0000000064057800, 0x0000000063fc2000
}

Java Threads: ( => current thread )
  0x0000000000443800 JavaThread "main" [_thread_blocked, id=10208, stack(0x0000000002340000,0x0000000002440000)]
  0x0000000021ec5000 JavaThread "Reference Handler" daemon [_thread_blocked, id=9416, stack(0x0000000063180000,0x0000000063280000)]
  0x0000000021ec8000 JavaThread "Finalizer" daemon [_thread_blocked, id=9944, stack(0x0000000063310000,0x0000000063410000)]
  0x0000000062e78000 JavaThread "Signal Dispatcher" daemon [_thread_blocked, id=9780, stack(0x00000000635c0000,0x00000000636c0000)]
  0x0000000062e79000 JavaThread "Attach Listener" daemon [_thread_blocked, id=9984, stack(0x0000000063770000,0x0000000063870000)]
  0x0000000062e7a000 JavaThread "C2 CompilerThread0" daemon [_thread_blocked, id=7696, stack(0x0000000063910000,0x0000000063a10000)]
  0x0000000062e7f000 JavaThread "C2 CompilerThread1" daemon [_thread_blocked, id=9364, stack(0x0000000063410000,0x0000000063510000)]
  0x0000000062e88000 JavaThread "C1 CompilerThread2" daemon [_thread_blocked, id=9304, stack(0x0000000063a30000,0x0000000063b30000)]
  0x0000000062eb1800 JavaThread "Sweeper thread" daemon [_thread_blocked, id=3224, stack(0x0000000063cc0000,0x0000000063dc0000)]
  0x0000000064065800 JavaThread "JDWP Transport Listener: dt_socket" daemon [_thread_blocked, id=4112, stack(0x0000000064a10000,0x0000000064b10000)] _threads_hazard_ptr=0x00000000640e5c60
  0x00000000641bf800 JavaThread "JDWP Event Helper Thread" daemon [_thread_blocked, id=7604, stack(0x0000000064c40000,0x0000000064d40000)]
  0x000000006404a800 JavaThread "JDWP Command Reader" daemon [_thread_in_native, id=8672, stack(0x0000000064e50000,0x0000000064f50000)]
  0x0000000064057800 JavaThread "Common-Cleaner" daemon [_thread_blocked, id=5416, stack(0x0000000064d40000,0x0000000064e40000)]
  0x0000000063fc2000 JavaThread "Service Thread" daemon [_thread_blocked, id=6504, stack(0x0000000064fc0000,0x00000000650c0000)]

Other Threads:
=>0x0000000021ec2800 VMThread "VM Thread" [stack: 0x0000000062fd0000,0x00000000630d0000] [id=9232]
  0x000000006403e000 WatcherThread [stack: 0x00000000651b0000,0x00000000652b0000] [id=3988]
  0x000000000045e000 GCTaskThread "GC Thread#0" [stack: 0x000000001cbc0000,0x000000001ccc0000] [id=9224]
  0x000000000045f000 GCTaskThread "GC Thread#1" [stack: 0x000000001ce30000,0x000000001cf30000] [id=6136]
  0x0000000000460800 GCTaskThread "GC Thread#2" [stack: 0x000000001ccf0000,0x000000001cdf0000] [id=9256]
  0x0000000000464000 GCTaskThread "GC Thread#3" [stack: 0x000000001cfa0000,0x000000001d0a0000] [id=9800]
  0x000000000049e800 ConcurrentGCThread "G1 Main Marker" [stack: 0x000000001f6d0000,0x000000001f7d0000] [id=10004]
  0x00000000004a0000 ConcurrentGCThread "G1 Conc#0" [stack: 0x000000001f890000,0x000000001f990000] [id=9928]
  0x0000000021de5800 ConcurrentGCThread "G1 Refine#0" [stack: 0x0000000022020000,0x0000000022120000] [id=9952]
  0x0000000021dea000 ConcurrentGCThread "G1 Refine#1" [stack: 0x0000000022290000,0x0000000022390000] [id=9980]
  0x0000000021ded000 ConcurrentGCThread "G1 Refine#2" [stack: 0x0000000022150000,0x0000000022250000] [id=9920]
  0x0000000021df0000 ConcurrentGCThread "G1 Refine#3" [stack: 0x00000000224a0000,0x00000000225a0000] [id=9908]
  0x0000000021df1000 ConcurrentGCThread "G1 Young RemSet Sampling" [stack: 0x0000000021ee0000,0x0000000021fe0000] [id=2788]

Threads with active compile tasks:

VM state:at safepoint (normal execution)

VM Mutex/Monitor currently owned by a thread:  ([mutex/lock_event])
[0x0000000000435d10] Threads_lock - owner thread: 0x0000000021ec2800

Heap address: 0x00000000c8600000, size: 890 MB, Compressed Oops mode: 32-bit
Narrow klass base: 0x0000000000000000, Narrow klass shift: 0
Compressed class space size: 1073741824 Address: 0x00000000225a0000

Heap:
 garbage-first heap   total 57344K, used 2048K [0x00000000c8600000, 0x0000000100000000)
  region size 1024K, 3 young (3072K), 0 survivors (0K)
 Metaspace       used 5194K, capacity 5316K, committed 5376K, reserved 1056768K
  class space    used 437K, capacity 496K, committed 512K, reserved 1048576K
Heap Regions: E=young(eden), S=young(survivor), O=old, HS=humongous(starts), HC=humongous(continues), CS=collection set, F=free, A=archive, TS=gc time stamp, AC=allocation context, TAMS=top-at-mark-start (previous, next)
|   0|0x00000000c8600000, 0x00000000c8600000, 0x00000000c8700000|  0%| F|  |TS  0|AC  0|TAMS 0x00000000c8600000, 0x00000000c8600000|
|   1|0x00000000c8700000, 0x00000000c8700000, 0x00000000c8800000|  0%| F|  |TS  0|AC  0|TAMS 0x00000000c8700000, 0x00000000c8700000|
|   2|0x00000000c8800000, 0x00000000c8800000, 0x00000000c8900000|  0%| F|  |TS  0|AC  0|TAMS 0x00000000c8800000, 0x00000000c8800000|
|   3|0x00000000c8900000, 0x00000000c8900000, 0x00000000c8a00000|  0%| F|  |TS  0|AC  0|TAMS 0x00000000c8900000, 0x00000000c8900000|
|   4|0x00000000c8a00000, 0x00000000c8a00000, 0x00000000c8b00000|  0%| F|  |TS  0|AC  0|TAMS 0x00000000c8a00000, 0x00000000c8a00000|
|   5|0x00000000c8b00000, 0x00000000c8b00000, 0x00000000c8c00000|  0%| F|  |TS  0|AC  0|TAMS 0x00000000c8b00000, 0x00000000c8b00000|
|   6|0x00000000c8c00000, 0x00000000c8c00000, 0x00000000c8d00000|  0%| F|  |TS  0|AC  0|TAMS 0x00000000c8c00000, 0x00000000c8c00000|
|   7|0x00000000c8d00000, 0x00000000c8d00000, 0x00000000c8e00000|  0%| F|  |TS  0|AC  0|TAMS 0x00000000c8d00000, 0x00000000c8d00000|
|   8|0x00000000c8e00000, 0x00000000c8e00000, 0x00000000c8f00000|  0%| F|  |TS  0|AC  0|TAMS 0x00000000c8e00000, 0x00000000c8e00000|
|   9|0x00000000c8f00000, 0x00000000c8f00000, 0x00000000c9000000|  0%| F|  |TS  0|AC  0|TAMS 0x00000000c8f00000, 0x00000000c8f00000|
|  10|0x00000000c9000000, 0x00000000c9000000, 0x00000000c9100000|  0%| F|  |TS  0|AC  0|TAMS 0x00000000c9000000, 0x00000000c9000000|
|  11|0x00000000c9100000, 0x00000000c9100000, 0x00000000c9200000|  0%| F|  |TS  0|AC  0|TAMS 0x00000000c9100000, 0x00000000c9100000|
|  12|0x00000000c9200000, 0x00000000c9200000, 0x00000000c9300000|  0%| F|  |TS  0|AC  0|TAMS 0x00000000c9200000, 0x00000000c9200000|
|  13|0x00000000c9300000, 0x00000000c9300000, 0x00000000c9400000|  0%| F|  |TS  0|AC  0|TAMS 0x00000000c9300000, 0x00000000c9300000|
|  14|0x00000000c9400000, 0x00000000c9400000, 0x00000000c9500000|  0%| F|  |TS  0|AC  0|TAMS 0x00000000c9400000, 0x00000000c9400000|
|  15|0x00000000c9500000, 0x00000000c9500000, 0x00000000c9600000|  0%| F|  |TS  0|AC  0|TAMS 0x00000000c9500000, 0x00000000c9500000|
|  16|0x00000000c9600000, 0x00000000c9600000, 0x00000000c9700000|  0%| F|  |TS  0|AC  0|TAMS 0x00000000c9600000, 0x00000000c9600000|
|  17|0x00000000c9700000, 0x00000000c9700000, 0x00000000c9800000|  0%| F|  |TS  0|AC  0|TAMS 0x00000000c9700000, 0x00000000c9700000|
|  18|0x00000000c9800000, 0x00000000c9800000, 0x00000000c9900000|  0%| F|  |TS  0|AC  0|TAMS 0x00000000c9800000, 0x00000000c9800000|
|  19|0x00000000c9900000, 0x00000000c9900000, 0x00000000c9a00000|  0%| F|  |TS  0|AC  0|TAMS 0x00000000c9900000, 0x00000000c9900000|
|  20|0x00000000c9a00000, 0x00000000c9a00000, 0x00000000c9b00000|  0%| F|  |TS  0|AC  0|TAMS 0x00000000c9a00000, 0x00000000c9a00000|
|  21|0x00000000c9b00000, 0x00000000c9b00000, 0x00000000c9c00000|  0%| F|  |TS  0|AC  0|TAMS 0x00000000c9b00000, 0x00000000c9b00000|
|  22|0x00000000c9c00000, 0x00000000c9c00000, 0x00000000c9d00000|  0%| F|  |TS  0|AC  0|TAMS 0x00000000c9c00000, 0x00000000c9c00000|
|  23|0x00000000c9d00000, 0x00000000c9d00000, 0x00000000c9e00000|  0%| F|  |TS  0|AC  0|TAMS 0x00000000c9d00000, 0x00000000c9d00000|
|  24|0x00000000c9e00000, 0x00000000c9e00000, 0x00000000c9f00000|  0%| F|  |TS  0|AC  0|TAMS 0x00000000c9e00000, 0x00000000c9e00000|
|  25|0x00000000c9f00000, 0x00000000c9f00000, 0x00000000ca000000|  0%| F|  |TS  0|AC  0|TAMS 0x00000000c9f00000, 0x00000000c9f00000|
|  26|0x00000000ca000000, 0x00000000ca000000, 0x00000000ca100000|  0%| F|  |TS  0|AC  0|TAMS 0x00000000ca000000, 0x00000000ca000000|
|  27|0x00000000ca100000, 0x00000000ca100000, 0x00000000ca200000|  0%| F|  |TS  0|AC  0|TAMS 0x00000000ca100000, 0x00000000ca100000|
|  28|0x00000000ca200000, 0x00000000ca200000, 0x00000000ca300000|  0%| F|  |TS  0|AC  0|TAMS 0x00000000ca200000, 0x00000000ca200000|
|  29|0x00000000ca300000, 0x00000000ca300000, 0x00000000ca400000|  0%| F|  |TS  0|AC  0|TAMS 0x00000000ca300000, 0x00000000ca300000|
|  30|0x00000000ca400000, 0x00000000ca400000, 0x00000000ca500000|  0%| F|  |TS  0|AC  0|TAMS 0x00000000ca400000, 0x00000000ca400000|
|  31|0x00000000ca500000, 0x00000000ca500000, 0x00000000ca600000|  0%| F|  |TS  0|AC  0|TAMS 0x00000000ca500000, 0x00000000ca500000|
|  32|0x00000000ca600000, 0x00000000ca600000, 0x00000000ca700000|  0%| F|  |TS  0|AC  0|TAMS 0x00000000ca600000, 0x00000000ca600000|
|  33|0x00000000ca700000, 0x00000000ca700000, 0x00000000ca800000|  0%| F|  |TS  0|AC  0|TAMS 0x00000000ca700000, 0x00000000ca700000|
|  34|0x00000000ca800000, 0x00000000ca800000, 0x00000000ca900000|  0%| F|  |TS  0|AC  0|TAMS 0x00000000ca800000, 0x00000000ca800000|
|  35|0x00000000ca900000, 0x00000000ca900000, 0x00000000caa00000|  0%| F|  |TS  0|AC  0|TAMS 0x00000000ca900000, 0x00000000ca900000|
|  36|0x00000000caa00000, 0x00000000caa00000, 0x00000000cab00000|  0%| F|  |TS  0|AC  0|TAMS 0x00000000caa00000, 0x00000000caa00000|
|  37|0x00000000cab00000, 0x00000000cab00000, 0x00000000cac00000|  0%| F|  |TS  0|AC  0|TAMS 0x00000000cab00000, 0x00000000cab00000|
|  38|0x00000000cac00000, 0x00000000cac00000, 0x00000000cad00000|  0%| F|  |TS  0|AC  0|TAMS 0x00000000cac00000, 0x00000000cac00000|
|  39|0x00000000cad00000, 0x00000000cad00000, 0x00000000cae00000|  0%| F|  |TS  0|AC  0|TAMS 0x00000000cad00000, 0x00000000cad00000|
|  40|0x00000000cae00000, 0x00000000cae00000, 0x00000000caf00000|  0%| F|  |TS  0|AC  0|TAMS 0x00000000cae00000, 0x00000000cae00000|
|  41|0x00000000caf00000, 0x00000000caf00000, 0x00000000cb000000|  0%| F|  |TS  0|AC  0|TAMS 0x00000000caf00000, 0x00000000caf00000|
|  42|0x00000000cb000000, 0x00000000cb000000, 0x00000000cb100000|  0%| F|  |TS  0|AC  0|TAMS 0x00000000cb000000, 0x00000000cb000000|
|  43|0x00000000cb100000, 0x00000000cb100000, 0x00000000cb200000|  0%| F|  |TS  0|AC  0|TAMS 0x00000000cb100000, 0x00000000cb100000|
|  44|0x00000000cb200000, 0x00000000cb200000, 0x00000000cb300000|  0%| F|  |TS  0|AC  0|TAMS 0x00000000cb200000, 0x00000000cb200000|
|  45|0x00000000cb300000, 0x00000000cb300000, 0x00000000cb400000|  0%| F|  |TS  0|AC  0|TAMS 0x00000000cb300000, 0x00000000cb300000|
|  46|0x00000000cb400000, 0x00000000cb400000, 0x00000000cb500000|  0%| F|  |TS  0|AC  0|TAMS 0x00000000cb400000, 0x00000000cb400000|
|  47|0x00000000cb500000, 0x00000000cb500000, 0x00000000cb600000|  0%| F|  |TS  0|AC  0|TAMS 0x00000000cb500000, 0x00000000cb500000|
|  48|0x00000000cb600000, 0x00000000cb600000, 0x00000000cb700000|  0%| F|  |TS  0|AC  0|TAMS 0x00000000cb600000, 0x00000000cb600000|
|  49|0x00000000cb700000, 0x00000000cb700000, 0x00000000cb800000|  0%| F|  |TS  0|AC  0|TAMS 0x00000000cb700000, 0x00000000cb700000|
|  50|0x00000000cb800000, 0x00000000cb800000, 0x00000000cb900000|  0%| F|  |TS  0|AC  0|TAMS 0x00000000cb800000, 0x00000000cb800000|
|  51|0x00000000cb900000, 0x00000000cb900000, 0x00000000cba00000|  0%| F|  |TS  0|AC  0|TAMS 0x00000000cb900000, 0x00000000cb900000|
|  52|0x00000000cba00000, 0x00000000cba00000, 0x00000000cbb00000|  0%| F|  |TS  0|AC  0|TAMS 0x00000000cba00000, 0x00000000cba00000|
|  53|0x00000000cbb00000, 0x00000000cbc00000, 0x00000000cbc00000|100%| E|  |TS  0|AC  0|TAMS 0x00000000cbb00000, 0x00000000cbb00000|
|  54|0x00000000cbc00000, 0x00000000cbd00000, 0x00000000cbd00000|100%| E|CS|TS  0|AC  0|TAMS 0x00000000cbc00000, 0x00000000cbc00000|
|  55|0x00000000cbd00000, 0x00000000cbe00000, 0x00000000cbe00000|100%| E|CS|TS  0|AC  0|TAMS 0x00000000cbd00000, 0x00000000cbd00000|

Card table byte_map: [0x000000001d6a0000,0x000000001d860000] byte_map_base: 0x000000001d05d000

Marking Bits (Prev, Next): (CMBitMap*) 0x000000000049dfa0, (CMBitMap*) 0x000000000049dfd8
 Prev Bits: [0x000000001da20000, 0x000000001e808000)
 Next Bits: [0x000000001e810000, 0x000000001f5f8000)

Polling page: 0x00000000000f0000

CodeHeap 'non-profiled nmethods': size=120064Kb used=74Kb max_used=74Kb free=119989Kb
 bounds [0x00000000153d0000, 0x0000000015640000, 0x000000001c910000]
CodeHeap 'profiled nmethods': size=120000Kb used=271Kb max_used=271Kb free=119728Kb
 bounds [0x000000000dea0000, 0x000000000e110000, 0x00000000153d0000]
CodeHeap 'non-nmethods': size=5696Kb used=1070Kb max_used=1081Kb free=4625Kb
 bounds [0x000000000d910000, 0x000000000db80000, 0x000000000dea0000]
 total_blobs=592 nmethods=214 adapters=211
 compilation: enabled

Compilation events (10 events):
Event: 1.994 Thread 0x0000000062e88000  209       1       java.util.zip.Inflater$InflaterZStreamRef::address (5 bytes)
Event: 1.994 Thread 0x0000000062e88000 nmethod 209 0x00000000153e1d90 code [0x00000000153e1f40, 0x00000000153e2050]
Event: 1.999 Thread 0x0000000062e88000  210       3       java.lang.StringBuilder::<init> (7 bytes)
Event: 1.999 Thread 0x0000000062e88000 nmethod 210 0x000000000dee2d90 code [0x000000000dee2f40, 0x000000000dee30e8]
Event: 2.011 Thread 0x0000000062e88000  211       1       java.lang.ThreadLocal::access$400 (5 bytes)
Event: 2.012 Thread 0x0000000062e88000 nmethod 211 0x00000000153e2110 code [0x00000000153e22c0, 0x00000000153e23b0]
Event: 2.064 Thread 0x0000000062e88000  213       3       java.lang.String::lastIndexOf (29 bytes)
Event: 2.064 Thread 0x0000000062e88000 nmethod 213 0x000000000dee3190 code [0x000000000dee3360, 0x000000000dee3658]
Event: 2.065 Thread 0x0000000062e88000  214       3       java.lang.String::lastIndexOf (12 bytes)
Event: 2.065 Thread 0x0000000062e88000 nmethod 214 0x000000000dee3790 code [0x000000000dee3980, 0x000000000dee3dd8]

GC Heap History (0 events):
No events

Deoptimization events (1 events):
Event: 1.672 Thread 0x0000000000443800 Uncommon trap: reason=unstable_if action=reinterpret pc=0x00000000153d4014 method=java.lang.String.hashCode()I @ 14 c2

Classes redefined (2 events):
Event: 167.150 Thread 0x0000000021ec2800 redefined class name=A, count=1
Event: 365.696 Thread 0x0000000021ec2800 redefined class name=A, count=2

Internal exceptions (0 events):
No events

Events (10 events):
Event: 1219.296 Executing VM operation: ChangeBreakpoints done
Event: 1219.376 Executing VM operation: ChangeBreakpoints
Event: 1219.382 Executing VM operation: ChangeBreakpoints done
Event: 1219.485 Executing VM operation: GetFrameCount
Event: 1219.485 Executing VM operation: GetFrameCount done
Event: 1219.487 Executing VM operation: GetFrameLocation
Event: 1219.487 Executing VM operation: GetFrameLocation done
Event: 1219.490 Executing VM operation: GetFrameLocation
Event: 1219.491 Executing VM operation: GetFrameLocation done
Event: 1219.492 Executing VM operation: GetOrSetLocal


Dynamic libraries:
0x000000013fbf0000 - 0x000000013fc2e000 	C:\Program Files\Java\jdk-10\bin\java.exe
0x0000000076e20000 - 0x0000000076fca000 	C:\Windows\SYSTEM32\ntdll.dll
0x0000000076c00000 - 0x0000000076d1f000 	C:\Windows\system32\kernel32.dll
0x000007fefce60000 - 0x000007fefceca000 	C:\Windows\system32\KERNELBASE.dll
0x000007fefe210000 - 0x000007fefe2eb000 	C:\Windows\system32\ADVAPI32.dll
0x000007fefe7b0000 - 0x000007fefe84f000 	C:\Windows\system32\msvcrt.dll
0x000007fefefa0000 - 0x000007fefefbf000 	C:\Windows\SYSTEM32\sechost.dll
0x000007fefe9f0000 - 0x000007fefeb1d000 	C:\Windows\system32\RPCRT4.dll
0x0000000076d20000 - 0x0000000076e1a000 	C:\Windows\system32\USER32.dll
0x000007fefeba0000 - 0x000007fefec07000 	C:\Windows\system32\GDI32.dll
0x000007fefe5c0000 - 0x000007fefe5ce000 	C:\Windows\system32\LPK.dll
0x000007fefe4f0000 - 0x000007fefe5bb000 	C:\Windows\system32\USP10.dll
0x000007fefb5e0000 - 0x000007fefb7d4000 	C:\Windows\WinSxS\amd64_microsoft.windows.common-controls_6595b64144ccf1df_6.0.7601.18837_none_fa3b1e3d17594757\COMCTL32.dll
0x000007fefe2f0000 - 0x000007fefe361000 	C:\Windows\system32\SHLWAPI.dll
0x000007fefc470000 - 0x000007fefc47c000 	C:\Windows\system32\VERSION.dll
0x000007fefced0000 - 0x000007fefcefe000 	C:\Windows\system32\IMM32.DLL
0x000007feff020000 - 0x000007feff129000 	C:\Windows\system32\MSCTF.dll
0x000007fef27c0000 - 0x000007fef28af000 	C:\Program Files\Java\jdk-10\bin\msvcr120.dll
0x000007fef39a0000 - 0x000007fef3a46000 	C:\Program Files\Java\jdk-10\bin\msvcp120.dll
0x0000000066d10000 - 0x000000006777f000 	C:\Program Files\Java\jdk-10\bin\server\jvm.dll
0x000007fef9970000 - 0x000007fef9979000 	C:\Windows\system32\WSOCK32.dll
0x000007fefdc90000 - 0x000007fefdcdd000 	C:\Windows\system32\WS2_32.dll
0x000007fefe9e0000 - 0x000007fefe9e8000 	C:\Windows\system32\NSI.dll
0x000007fef9100000 - 0x000007fef913b000 	C:\Windows\system32\WINMM.dll
0x0000000076fe0000 - 0x0000000076fe7000 	C:\Windows\system32\PSAPI.DLL
0x000007fef8ae0000 - 0x000007fef8aef000 	C:\Program Files\Java\jdk-10\bin\verify.dll
0x000007fef07a0000 - 0x000007fef08c5000 	C:\Windows\system32\DBGHELP.DLL
0x000007fef8ab0000 - 0x000007fef8ad7000 	C:\Program Files\Java\jdk-10\bin\java.dll
0x000007fef4a10000 - 0x000007fef4a46000 	C:\Program Files\Java\jdk-10\bin\jdwp.dll
0x000007fef4cb0000 - 0x000007fef4cda000 	C:\Program Files\Java\jdk-10\bin\instrument.dll
0x000007fef7b20000 - 0x000007fef7b36000 	C:\Program Files\Java\jdk-10\bin\zip.dll
0x000007fef8af0000 - 0x000007fef8afa000 	C:\Program Files\Java\jdk-10\bin\jimage.dll
0x000007fefcf00000 - 0x000007fefdc8b000 	C:\Windows\system32\SHELL32.dll
0x000007fefe010000 - 0x000007fefe20c000 	C:\Windows\system32\ole32.dll
0x000007fefcb20000 - 0x000007fefcb2f000 	C:\Windows\system32\profapi.dll
0x000007fef8a70000 - 0x000007fef8a7a000 	C:\Program Files\Java\jdk-10\bin\dt_socket.dll
0x000007fefbfb0000 - 0x000007fefc005000 	C:\Windows\system32\mswsock.dll
0x000007fefc480000 - 0x000007fefc487000 	C:\Windows\System32\wshtcpip.dll
0x000007fef7b40000 - 0x000007fef7b5a000 	C:\Program Files\Java\jdk-10\bin\net.dll
0x000007fef87d0000 - 0x000007fef8841000 	C:\Windows\system32\WINHTTP.dll
0x000007fef8760000 - 0x000007fef87c4000 	C:\Windows\system32\webio.dll
0x000007fefbfa0000 - 0x000007fefbfa7000 	C:\Windows\System32\wship6.dll
0x000007fef6400000 - 0x000007fef6411000 	C:\Program Files\Java\jdk-10\bin\nio.dll

dbghelp: loaded successfully - version: 4.0.5 - missing functions: none
symbol engine: initialized successfully - sym options: 0x614 - pdb path: .;C:\Program Files\Java\jdk-10\bin;C:\Windows\SYSTEM32;C:\Windows\WinSxS\amd64_microsoft.windows.common-controls_6595b64144ccf1df_6.0.7601.18837_none_fa3b1e3d17594757;C:\Program Files\Java\jdk-10\bin\server

VM Arguments:
jvm_args: -agentlib:jdwp=transport=dt_socket,address=127.0.0.1:57202,suspend=y,server=n -javaagent:C:\Users\Administrator\AppData\Local\Temp\capture14364jars\debugger-agent.jar=file:/C:/Users/Administrator/AppData/Local/Temp/capture.props -Dfile.encoding=UTF-8 
java_command: A
java_class_path (initial): D:\GitBash\CS61B\skeleton-sp18-master\library-sp18\javalib;D:\LCsolution\7ReverseInteger\out\production\7ReverseInteger;D:\GitBash\CS61B\skeleton-sp18-master\library-sp18\javalib\algs4.jar;D:\GitBash\CS61B\skeleton-sp18-master\library-sp18\javalib\jh61b.jar;D:\GitBash\CS61B\skeleton-sp18-master\library-sp18\javalib\stdlib.jar;D:\GitBash\CS61B\skeleton-sp18-master\library-sp18\javalib\junit-4.12.jar;D:\GitBash\CS61B\skeleton-sp18-master\library-sp18\javalib\stdlib-package.jar;D:\GitBash\CS61B\skeleton-sp18-master\library-sp18\javalib\hamcrest-core-1.3.jar;F:\Program Files\IntelliJ\IntelliJ IDEA Community Edition 2018.1.1\lib\idea_rt.jar
Launcher Type: SUN_STANDARD

Logging:
Log output configuration:
#0: stdout all=warning uptime,level,tags
#1: stderr all=off uptime,level,tags

Environment Variables:
JAVA_HOME=C:\Program Files\Java\jdk-10
PATH=C:\ProgramData\Oracle\Java\javapath;C:\Windows\system32;C:\Windows;C:\Windows\System32\Wbem;C:\Windows\System32\WindowsPowerShell\v1.0\;C:\Program Files\Java\jdk-10\bin;G:\0 code\Python\Scripts\;G:\0 code\Python\
USERNAME=Administrator
OS=Windows_NT
PROCESSOR_IDENTIFIER=AMD64 Family 18 Model 1 Stepping 0, AuthenticAMD



---------------  S Y S T E M  ---------------

OS: Windows 7 , 64 bit Build 7601 (6.1.7601.23864)

CPU:total 4 (initial active 4) (4 cores per cpu, 1 threads per core) family 18 model 1 stepping 0, cmov, cx8, fxsr, mmx, sse, sse2, sse3, popcnt, mmxext, 3dnowpref, lzcnt, sse4a, tsc, tscinvbit, tscinv

Memory: 4k page, physical 3643504k(328484k free), swap 7596444k(586856k free)

vm_info: Java HotSpot(TM) 64-Bit Server VM (10+46) for windows-amd64 JRE (10+46), built on Mar  8 2018 02:11:18 by "mach5one" with MS VC++ 12.0 (VS2013)

END.
