#
# A fatal error has been detected by the Java Runtime Environment:
#
#  Internal Error (t:/workspace/open/src/hotspot/share/utilities/constantTag.cpp:60), pid=8492, tid=6272
#  Error: ShouldNotReachHere()
#
# JRE version: Java(TM) SE Runtime Environment (10.0+46) (build 10+46)
# Java VM: Java HotSpot(TM) 64-Bit Server VM (10+46, mixed mode, tiered, compressed oops, g1 gc, windows-amd64)
# No core dump will be written. Minidumps are not enabled by default on client versions of Windows
#
# If you would like to submit a bug report, please visit:
#   http://bugreport.java.com/bugreport/crash.jsp
#

---------------  S U M M A R Y ------------

Command Line: -agentlib:jdwp=transport=dt_socket,address=127.0.0.1:55822,suspend=y,server=n -javaagent:C:\Users\Administrator\AppData\Local\Temp\capture17005jars\debugger-agent.jar=file:/C:/Users/Administrator/AppData/Local/Temp/capture.props -Dfile.encoding=UTF-8 A

Host: AMD A6-3400M APU with Radeon(tm) HD Graphics, 4 cores, 3G,  Windows 7 , 64 bit Build 7601 (6.1.7601.23864)
Time: Fri May 11 21:05:57 2018 ?D1¨²¡À¨º¡Á?¨º¡À?? elapsed time: 382 seconds (0d 0h 6m 22s)

---------------  T H R E A D  ---------------

Current thread (0x0000000021cb3000):  VMThread "VM Thread" [stack: 0x0000000062e70000,0x0000000062f70000] [id=6272]

Stack: [0x0000000062e70000,0x0000000062f70000]
[error occurred during error reporting (printing stack bounds), id 0xe0000000]

Native frames: (J=compiled Java code, j=interpreted, Vv=VM code, C=native code)
V  [jvm.dll+0x59fbf9]
V  [jvm.dll+0x6bca11]
V  [jvm.dll+0x6bdc06]
V  [jvm.dll+0x6be1f5]
V  [jvm.dll+0x6be1ab]
V  [jvm.dll+0x59f3f3]
V  [jvm.dll+0x59f7f8]
C  [ntdll.dll+0x2812d]
C  [ntdll.dll+0x1855f]
C  [ntdll.dll+0x4bcb8]
C  0x000000000d840ea7

VM_Operation (0x000000006498f1e0): GetOrSetLocal, mode: safepoint, requested by thread 0x0000000063dcf800


---------------  P R O C E S S  ---------------

Threads class SMR info:
_java_thread_list=0x0000000063ff9d10, length=14, elements={
0x0000000000133800, 0x0000000021cb5000, 0x0000000021cb8000, 0x0000000062cb8800,
0x0000000062cb9800, 0x0000000062cba800, 0x0000000062cbf800, 0x0000000062cc0000,
0x0000000062cc3000, 0x0000000063dcf800, 0x0000000063f4a000, 0x0000000063f4b000,
0x0000000063feb800, 0x0000000063d9b800
}

Java Threads: ( => current thread )
  0x0000000000133800 JavaThread "main" [_thread_blocked, id=2896, stack(0x00000000022a0000,0x00000000023a0000)]
  0x0000000021cb5000 JavaThread "Reference Handler" daemon [_thread_blocked, id=9044, stack(0x0000000063130000,0x0000000063230000)]
  0x0000000021cb8000 JavaThread "Finalizer" daemon [_thread_blocked, id=7020, stack(0x00000000632a0000,0x00000000633a0000)]
  0x0000000062cb8800 JavaThread "Signal Dispatcher" daemon [_thread_blocked, id=7944, stack(0x0000000062fe0000,0x00000000630e0000)]
  0x0000000062cb9800 JavaThread "Attach Listener" daemon [_thread_blocked, id=6980, stack(0x0000000063500000,0x0000000063600000)]
  0x0000000062cba800 JavaThread "C2 CompilerThread0" daemon [_thread_blocked, id=8592, stack(0x00000000636e0000,0x00000000637e0000)]
  0x0000000062cbf800 JavaThread "C2 CompilerThread1" daemon [_thread_blocked, id=6856, stack(0x0000000063840000,0x0000000063940000)]
  0x0000000062cc0000 JavaThread "C1 CompilerThread2" daemon [_thread_blocked, id=9204, stack(0x0000000063a80000,0x0000000063b80000)]
  0x0000000062cc3000 JavaThread "Sweeper thread" daemon [_thread_blocked, id=8652, stack(0x0000000063b90000,0x0000000063c90000)]
  0x0000000063dcf800 JavaThread "JDWP Transport Listener: dt_socket" daemon [_thread_blocked, id=4368, stack(0x0000000064890000,0x0000000064990000)] _threads_hazard_ptr=0x0000000063ff9d10
  0x0000000063f4a000 JavaThread "JDWP Event Helper Thread" daemon [_thread_blocked, id=6232, stack(0x00000000649d0000,0x0000000064ad0000)]
  0x0000000063f4b000 JavaThread "JDWP Command Reader" daemon [_thread_in_native, id=4592, stack(0x00000000633d0000,0x00000000634d0000)]
  0x0000000063feb800 JavaThread "Common-Cleaner" daemon [_thread_blocked, id=7100, stack(0x0000000064b00000,0x0000000064c00000)]
  0x0000000063d9b800 JavaThread "Service Thread" daemon [_thread_blocked, id=6124, stack(0x0000000064d40000,0x0000000064e40000)]

Other Threads:
=>0x0000000021cb3000 VMThread "VM Thread" [stack: 0x0000000062e70000,0x0000000062f70000] [id=6272]
  0x0000000063f0f800 WatcherThread [stack: 0x0000000064f60000,0x0000000065060000] [id=9196]
  0x000000000014d000 GCTaskThread "GC Thread#0" [stack: 0x000000001caa0000,0x000000001cba0000] [id=8584]
  0x000000000014e000 GCTaskThread "GC Thread#1" [stack: 0x000000001cd20000,0x000000001ce20000] [id=3872]
  0x0000000000150800 GCTaskThread "GC Thread#2" [stack: 0x000000001ce80000,0x000000001cf80000] [id=8568]
  0x0000000000153800 GCTaskThread "GC Thread#3" [stack: 0x000000001cfe0000,0x000000001d0e0000] [id=8932]
  0x0000000000186800 ConcurrentGCThread "G1 Main Marker" [stack: 0x000000001f560000,0x000000001f660000] [id=8456]
  0x0000000000188000 ConcurrentGCThread "G1 Conc#0" [stack: 0x000000001f680000,0x000000001f780000] [id=5388]
  0x0000000021bd5800 ConcurrentGCThread "G1 Refine#0" [stack: 0x0000000021d20000,0x0000000021e20000] [id=8748]
  0x0000000021bda000 ConcurrentGCThread "G1 Refine#1" [stack: 0x0000000021f30000,0x0000000022030000] [id=8876]
  0x0000000021bdd000 ConcurrentGCThread "G1 Refine#2" [stack: 0x0000000022190000,0x0000000022290000] [id=6236]
  0x0000000021be0800 ConcurrentGCThread "G1 Refine#3" [stack: 0x00000000222e0000,0x00000000223e0000] [id=4244]
  0x0000000021be1800 ConcurrentGCThread "G1 Young RemSet Sampling" [stack: 0x0000000022060000,0x0000000022160000] [id=2232]

Threads with active compile tasks:

VM state:at safepoint (normal execution)

VM Mutex/Monitor currently owned by a thread:  ([mutex/lock_event])
[0x0000000000125400] Threads_lock - owner thread: 0x0000000021cb3000

Heap address: 0x00000000c8600000, size: 890 MB, Compressed Oops mode: 32-bit
Narrow klass base: 0x0000000000000000, Narrow klass shift: 0
Compressed class space size: 1073741824 Address: 0x00000000223e0000

Heap:
 garbage-first heap   total 57344K, used 2048K [0x00000000c8600000, 0x0000000100000000)
  region size 1024K, 3 young (3072K), 0 survivors (0K)
 Metaspace       used 5190K, capacity 5264K, committed 5376K, reserved 1056768K
  class space    used 439K, capacity 496K, committed 512K, reserved 1048576K
Heap Regions: E=young(eden), S=young(survivor), O=old, HS=humongous(starts), HC=humongous(continues), CS=collection set, F=free, A=archive, TS=gc time stamp, AC=allocation context, TAMS=top-at-mark-start (previous, next)
|   0|0x00000000c8600000, 0x00000000c8600000, 0x00000000c8700000|  0%| F|  |TS  0|AC  0|TAMS 0x00000000c8600000, 0x00000000c8600000|
|   1|0x00000000c8700000, 0x00000000c8700000, 0x00000000c8800000|  0%| F|  |TS  0|AC  0|TAMS 0x00000000c8700000, 0x00000000c8700000|
|   2|0x00000000c8800000, 0x00000000c8800000, 0x00000000c8900000|  0%| F|  |TS  0|AC  0|TAMS 0x00000000c8800000, 0x00000000c8800000|
|   3|0x00000000c8900000, 0x00000000c8900000, 0x00000000c8a00000|  0%| F|  |TS  0|AC  0|TAMS 0x00000000c8900000, 0x00000000c8900000|
|   4|0x00000000c8a00000, 0x00000000c8a00000, 0x00000000c8b00000|  0%| F|  |TS  0|AC  0|TAMS 0x00000000c8a00000, 0x00000000c8a00000|
|   5|0x00000000c8b00000, 0x00000000c8b00000, 0x00000000c8c00000|  0%| F|  |TS  0|AC  0|TAMS 0x00000000c8b00000, 0x00000000c8b00000|
|   6|0x00000000c8c00000, 0x00000000c8c00000, 0x00000000c8d00000|  0%| F|  |TS  0|AC  0|TAMS 0x00000000c8c00000, 0x00000000c8c00000|
|   7|0x00000000c8d00000, 0x00000000c8d00000, 0x00000000c8e00000|  0%| F|  |TS  0|AC  0|TAMS 0x00000000c8d00000, 0x00000000c8d00000|
|   8|0x00000000c8e00000, 0x00000000c8e00000, 0x00000000c8f00000|  0%| F|  |TS  0|AC  0|TAMS 0x00000000c8e00000, 0x00000000c8e00000|
|   9|0x00000000c8f00000, 0x00000000c8f00000, 0x00000000c9000000|  0%| F|  |TS  0|AC  0|TAMS 0x00000000c8f00000, 0x00000000c8f00000|
|  10|0x00000000c9000000, 0x00000000c9000000, 0x00000000c9100000|  0%| F|  |TS  0|AC  0|TAMS 0x00000000c9000000, 0x00000000c9000000|
|  11|0x00000000c9100000, 0x00000000c9100000, 0x00000000c9200000|  0%| F|  |TS  0|AC  0|TAMS 0x00000000c9100000, 0x00000000c9100000|
|  12|0x00000000c9200000, 0x00000000c9200000, 0x00000000c9300000|  0%| F|  |TS  0|AC  0|TAMS 0x00000000c9200000, 0x00000000c9200000|
|  13|0x00000000c9300000, 0x00000000c9300000, 0x00000000c9400000|  0%| F|  |TS  0|AC  0|TAMS 0x00000000c9300000, 0x00000000c9300000|
|  14|0x00000000c9400000, 0x00000000c9400000, 0x00000000c9500000|  0%| F|  |TS  0|AC  0|TAMS 0x00000000c9400000, 0x00000000c9400000|
|  15|0x00000000c9500000, 0x00000000c9500000, 0x00000000c9600000|  0%| F|  |TS  0|AC  0|TAMS 0x00000000c9500000, 0x00000000c9500000|
|  16|0x00000000c9600000, 0x00000000c9600000, 0x00000000c9700000|  0%| F|  |TS  0|AC  0|TAMS 0x00000000c9600000, 0x00000000c9600000|
|  17|0x00000000c9700000, 0x00000000c9700000, 0x00000000c9800000|  0%| F|  |TS  0|AC  0|TAMS 0x00000000c9700000, 0x00000000c9700000|
|  18|0x00000000c9800000, 0x00000000c9800000, 0x00000000c9900000|  0%| F|  |TS  0|AC  0|TAMS 0x00000000c9800000, 0x00000000c9800000|
|  19|0x00000000c9900000, 0x00000000c9900000, 0x00000000c9a00000|  0%| F|  |TS  0|AC  0|TAMS 0x00000000c9900000, 0x00000000c9900000|
|  20|0x00000000c9a00000, 0x00000000c9a00000, 0x00000000c9b00000|  0%| F|  |TS  0|AC  0|TAMS 0x00000000c9a00000, 0x00000000c9a00000|
|  21|0x00000000c9b00000, 0x00000000c9b00000, 0x00000000c9c00000|  0%| F|  |TS  0|AC  0|TAMS 0x00000000c9b00000, 0x00000000c9b00000|
|  22|0x00000000c9c00000, 0x00000000c9c00000, 0x00000000c9d00000|  0%| F|  |TS  0|AC  0|TAMS 0x00000000c9c00000, 0x00000000c9c00000|
|  23|0x00000000c9d00000, 0x00000000c9d00000, 0x00000000c9e00000|  0%| F|  |TS  0|AC  0|TAMS 0x00000000c9d00000, 0x00000000c9d00000|
|  24|0x00000000c9e00000, 0x00000000c9e00000, 0x00000000c9f00000|  0%| F|  |TS  0|AC  0|TAMS 0x00000000c9e00000, 0x00000000c9e00000|
|  25|0x00000000c9f00000, 0x00000000c9f00000, 0x00000000ca000000|  0%| F|  |TS  0|AC  0|TAMS 0x00000000c9f00000, 0x00000000c9f00000|
|  26|0x00000000ca000000, 0x00000000ca000000, 0x00000000ca100000|  0%| F|  |TS  0|AC  0|TAMS 0x00000000ca000000, 0x00000000ca000000|
|  27|0x00000000ca100000, 0x00000000ca100000, 0x00000000ca200000|  0%| F|  |TS  0|AC  0|TAMS 0x00000000ca100000, 0x00000000ca100000|
|  28|0x00000000ca200000, 0x00000000ca200000, 0x00000000ca300000|  0%| F|  |TS  0|AC  0|TAMS 0x00000000ca200000, 0x00000000ca200000|
|  29|0x00000000ca300000, 0x00000000ca300000, 0x00000000ca400000|  0%| F|  |TS  0|AC  0|TAMS 0x00000000ca300000, 0x00000000ca300000|
|  30|0x00000000ca400000, 0x00000000ca400000, 0x00000000ca500000|  0%| F|  |TS  0|AC  0|TAMS 0x00000000ca400000, 0x00000000ca400000|
|  31|0x00000000ca500000, 0x00000000ca500000, 0x00000000ca600000|  0%| F|  |TS  0|AC  0|TAMS 0x00000000ca500000, 0x00000000ca500000|
|  32|0x00000000ca600000, 0x00000000ca600000, 0x00000000ca700000|  0%| F|  |TS  0|AC  0|TAMS 0x00000000ca600000, 0x00000000ca600000|
|  33|0x00000000ca700000, 0x00000000ca700000, 0x00000000ca800000|  0%| F|  |TS  0|AC  0|TAMS 0x00000000ca700000, 0x00000000ca700000|
|  34|0x00000000ca800000, 0x00000000ca800000, 0x00000000ca900000|  0%| F|  |TS  0|AC  0|TAMS 0x00000000ca800000, 0x00000000ca800000|
|  35|0x00000000ca900000, 0x00000000ca900000, 0x00000000caa00000|  0%| F|  |TS  0|AC  0|TAMS 0x00000000ca900000, 0x00000000ca900000|
|  36|0x00000000caa00000, 0x00000000caa00000, 0x00000000cab00000|  0%| F|  |TS  0|AC  0|TAMS 0x00000000caa00000, 0x00000000caa00000|
|  37|0x00000000cab00000, 0x00000000cab00000, 0x00000000cac00000|  0%| F|  |TS  0|AC  0|TAMS 0x00000000cab00000, 0x00000000cab00000|
|  38|0x00000000cac00000, 0x00000000cac00000, 0x00000000cad00000|  0%| F|  |TS  0|AC  0|TAMS 0x00000000cac00000, 0x00000000cac00000|
|  39|0x00000000cad00000, 0x00000000cad00000, 0x00000000cae00000|  0%| F|  |TS  0|AC  0|TAMS 0x00000000cad00000, 0x00000000cad00000|
|  40|0x00000000cae00000, 0x00000000cae00000, 0x00000000caf00000|  0%| F|  |TS  0|AC  0|TAMS 0x00000000cae00000, 0x00000000cae00000|
|  41|0x00000000caf00000, 0x00000000caf00000, 0x00000000cb000000|  0%| F|  |TS  0|AC  0|TAMS 0x00000000caf00000, 0x00000000caf00000|
|  42|0x00000000cb000000, 0x00000000cb000000, 0x00000000cb100000|  0%| F|  |TS  0|AC  0|TAMS 0x00000000cb000000, 0x00000000cb000000|
|  43|0x00000000cb100000, 0x00000000cb100000, 0x00000000cb200000|  0%| F|  |TS  0|AC  0|TAMS 0x00000000cb100000, 0x00000000cb100000|
|  44|0x00000000cb200000, 0x00000000cb200000, 0x00000000cb300000|  0%| F|  |TS  0|AC  0|TAMS 0x00000000cb200000, 0x00000000cb200000|
|  45|0x00000000cb300000, 0x00000000cb300000, 0x00000000cb400000|  0%| F|  |TS  0|AC  0|TAMS 0x00000000cb300000, 0x00000000cb300000|
|  46|0x00000000cb400000, 0x00000000cb400000, 0x00000000cb500000|  0%| F|  |TS  0|AC  0|TAMS 0x00000000cb400000, 0x00000000cb400000|
|  47|0x00000000cb500000, 0x00000000cb500000, 0x00000000cb600000|  0%| F|  |TS  0|AC  0|TAMS 0x00000000cb500000, 0x00000000cb500000|
|  48|0x00000000cb600000, 0x00000000cb600000, 0x00000000cb700000|  0%| F|  |TS  0|AC  0|TAMS 0x00000000cb600000, 0x00000000cb600000|
|  49|0x00000000cb700000, 0x00000000cb700000, 0x00000000cb800000|  0%| F|  |TS  0|AC  0|TAMS 0x00000000cb700000, 0x00000000cb700000|
|  50|0x00000000cb800000, 0x00000000cb800000, 0x00000000cb900000|  0%| F|  |TS  0|AC  0|TAMS 0x00000000cb800000, 0x00000000cb800000|
|  51|0x00000000cb900000, 0x00000000cb900000, 0x00000000cba00000|  0%| F|  |TS  0|AC  0|TAMS 0x00000000cb900000, 0x00000000cb900000|
|  52|0x00000000cba00000, 0x00000000cba00000, 0x00000000cbb00000|  0%| F|  |TS  0|AC  0|TAMS 0x00000000cba00000, 0x00000000cba00000|
|  53|0x00000000cbb00000, 0x00000000cbbdba88, 0x00000000cbc00000| 85%| E|  |TS  0|AC  0|TAMS 0x00000000cbb00000, 0x00000000cbb00000|
|  54|0x00000000cbc00000, 0x00000000cbd00000, 0x00000000cbd00000|100%| E|CS|TS  0|AC  0|TAMS 0x00000000cbc00000, 0x00000000cbc00000|
|  55|0x00000000cbd00000, 0x00000000cbe00000, 0x00000000cbe00000|100%| E|CS|TS  0|AC  0|TAMS 0x00000000cbd00000, 0x00000000cbd00000|

Card table byte_map: [0x000000001d5d0000,0x000000001d790000] byte_map_base: 0x000000001cf8d000

Marking Bits (Prev, Next): (CMBitMap*) 0x0000000000185f90, (CMBitMap*) 0x0000000000185fc8
 Prev Bits: [0x000000001d950000, 0x000000001e738000)
 Next Bits: [0x000000001e740000, 0x000000001f528000)

Polling page: 0x0000000000080000

CodeHeap 'non-profiled nmethods': size=120064Kb used=74Kb max_used=74Kb free=119990Kb
 bounds [0x0000000015300000, 0x0000000015570000, 0x000000001c840000]
CodeHeap 'profiled nmethods': size=120000Kb used=275Kb max_used=275Kb free=119724Kb
 bounds [0x000000000ddd0000, 0x000000000e040000, 0x0000000015300000]
CodeHeap 'non-nmethods': size=5696Kb used=1069Kb max_used=1080Kb free=4626Kb
 bounds [0x000000000d840000, 0x000000000dab0000, 0x000000000ddd0000]
 total_blobs=583 nmethods=209 adapters=211
 compilation: enabled

Compilation events (10 events):
Event: 1.480 Thread 0x0000000062cc0000  205       3       java.lang.String::lastIndexOf (29 bytes)
Event: 1.481 Thread 0x0000000062cc0000 nmethod 205 0x000000000de13090 code [0x000000000de13260, 0x000000000de13558]
Event: 1.526 Thread 0x0000000062cc0000  206       3       java.lang.String::lastIndexOf (12 bytes)
Event: 1.528 Thread 0x0000000062cc0000 nmethod 206 0x000000000de13690 code [0x000000000de13880, 0x000000000de13cd8]
Event: 1.531 Thread 0x0000000062cba800  209       4       java.lang.String::length (11 bytes)
Event: 1.531 Thread 0x0000000062cc0000  207       3       java.lang.AbstractStringBuilder::<init> (39 bytes)
Event: 1.532 Thread 0x0000000062cc0000 nmethod 207 0x000000000de13e90 code [0x000000000de14060, 0x000000000de14330]
Event: 1.532 Thread 0x0000000062cc0000  208       3       java.lang.StringBuilder::toString (35 bytes)
Event: 1.533 Thread 0x0000000062cc0000 nmethod 208 0x000000000de14410 code [0x000000000de14600, 0x000000000de14b18]
Event: 1.533 Thread 0x0000000062cba800 nmethod 209 0x0000000015312510 code [0x00000000153126a0, 0x0000000015312738]

GC Heap History (0 events):
No events

Deoptimization events (1 events):
Event: 1.210 Thread 0x0000000000133800 Uncommon trap: reason=unstable_if action=reinterpret pc=0x0000000015303594 method=java.lang.String.hashCode()I @ 14 c2

Classes redefined (3 events):
Event: 256.193 Thread 0x0000000021cb3000 redefined class name=A, count=1
Event: 315.710 Thread 0x0000000021cb3000 redefined class name=A, count=2
Event: 382.610 Thread 0x0000000021cb3000 redefined class name=A, count=3

Internal exceptions (0 events):
No events

Events (10 events):
Event: 382.610 Executing VM operation: RedefineClasses done
Event: 382.620 Executing VM operation: GetFrameCount
Event: 382.620 Executing VM operation: GetFrameCount done
Event: 382.624 Executing VM operation: GetFrameCount
Event: 382.624 Executing VM operation: GetFrameCount done
Event: 382.624 Executing VM operation: GetFrameLocation
Event: 382.624 Executing VM operation: GetFrameLocation done
Event: 382.627 Executing VM operation: GetFrameLocation
Event: 382.628 Executing VM operation: GetFrameLocation done
Event: 382.628 Executing VM operation: GetOrSetLocal


Dynamic libraries:
0x000000013f190000 - 0x000000013f1ce000 	C:\Program Files\Java\jdk-10\bin\java.exe
0x0000000076e20000 - 0x0000000076fca000 	C:\Windows\SYSTEM32\ntdll.dll
0x0000000076c00000 - 0x0000000076d1f000 	C:\Windows\system32\kernel32.dll
0x000007fefce60000 - 0x000007fefceca000 	C:\Windows\system32\KERNELBASE.dll
0x000007fefe210000 - 0x000007fefe2eb000 	C:\Windows\system32\ADVAPI32.dll
0x000007fefe7b0000 - 0x000007fefe84f000 	C:\Windows\system32\msvcrt.dll
0x000007fefefa0000 - 0x000007fefefbf000 	C:\Windows\SYSTEM32\sechost.dll
0x000007fefe9f0000 - 0x000007fefeb1d000 	C:\Windows\system32\RPCRT4.dll
0x0000000076d20000 - 0x0000000076e1a000 	C:\Windows\system32\USER32.dll
0x000007fefeba0000 - 0x000007fefec07000 	C:\Windows\system32\GDI32.dll
0x000007fefe5c0000 - 0x000007fefe5ce000 	C:\Windows\system32\LPK.dll
0x000007fefe4f0000 - 0x000007fefe5bb000 	C:\Windows\system32\USP10.dll
0x000007fefb5e0000 - 0x000007fefb7d4000 	C:\Windows\WinSxS\amd64_microsoft.windows.common-controls_6595b64144ccf1df_6.0.7601.18837_none_fa3b1e3d17594757\COMCTL32.dll
0x000007fefe2f0000 - 0x000007fefe361000 	C:\Windows\system32\SHLWAPI.dll
0x000007fefc470000 - 0x000007fefc47c000 	C:\Windows\system32\VERSION.dll
0x000007fefced0000 - 0x000007fefcefe000 	C:\Windows\system32\IMM32.DLL
0x000007feff020000 - 0x000007feff129000 	C:\Windows\system32\MSCTF.dll
0x000007fef3960000 - 0x000007fef3a4f000 	C:\Program Files\Java\jdk-10\bin\msvcr120.dll
0x000007fef4e80000 - 0x000007fef4f26000 	C:\Program Files\Java\jdk-10\bin\msvcp120.dll
0x0000000068be0000 - 0x000000006964f000 	C:\Program Files\Java\jdk-10\bin\server\jvm.dll
0x000007fef9970000 - 0x000007fef9979000 	C:\Windows\system32\WSOCK32.dll
0x000007fefdc90000 - 0x000007fefdcdd000 	C:\Windows\system32\WS2_32.dll
0x000007fefe9e0000 - 0x000007fefe9e8000 	C:\Windows\system32\NSI.dll
0x000007fef9100000 - 0x000007fef913b000 	C:\Windows\system32\WINMM.dll
0x0000000076fe0000 - 0x0000000076fe7000 	C:\Windows\system32\PSAPI.DLL
0x000007fef9db0000 - 0x000007fef9dbf000 	C:\Program Files\Java\jdk-10\bin\verify.dll
0x000007fef07a0000 - 0x000007fef08c5000 	C:\Windows\system32\DBGHELP.DLL
0x000007fef8b20000 - 0x000007fef8b47000 	C:\Program Files\Java\jdk-10\bin\java.dll
0x000007fef7b50000 - 0x000007fef7b86000 	C:\Program Files\Java\jdk-10\bin\jdwp.dll
0x000007fef7b20000 - 0x000007fef7b4a000 	C:\Program Files\Java\jdk-10\bin\instrument.dll
0x000007fef8b00000 - 0x000007fef8b16000 	C:\Program Files\Java\jdk-10\bin\zip.dll
0x000007fef9da0000 - 0x000007fef9daa000 	C:\Program Files\Java\jdk-10\bin\jimage.dll
0x000007fefcf00000 - 0x000007fefdc8b000 	C:\Windows\system32\SHELL32.dll
0x000007fefe010000 - 0x000007fefe20c000 	C:\Windows\system32\ole32.dll
0x000007fefcb20000 - 0x000007fefcb2f000 	C:\Windows\system32\profapi.dll
0x000007fef8ab0000 - 0x000007fef8aba000 	C:\Program Files\Java\jdk-10\bin\dt_socket.dll
0x000007fefbfb0000 - 0x000007fefc005000 	C:\Windows\system32\mswsock.dll
0x000007fefc480000 - 0x000007fefc487000 	C:\Windows\System32\wshtcpip.dll
0x000007fef8ae0000 - 0x000007fef8afa000 	C:\Program Files\Java\jdk-10\bin\net.dll
0x000007fef87d0000 - 0x000007fef8841000 	C:\Windows\system32\WINHTTP.dll
0x000007fef8760000 - 0x000007fef87c4000 	C:\Windows\system32\webio.dll
0x000007fefbfa0000 - 0x000007fefbfa7000 	C:\Windows\System32\wship6.dll
0x000007fef8ac0000 - 0x000007fef8ad1000 	C:\Program Files\Java\jdk-10\bin\nio.dll

dbghelp: loaded successfully - version: 4.0.5 - missing functions: none
symbol engine: initialized successfully - sym options: 0x614 - pdb path: .;C:\Program Files\Java\jdk-10\bin;C:\Windows\SYSTEM32;C:\Windows\WinSxS\amd64_microsoft.windows.common-controls_6595b64144ccf1df_6.0.7601.18837_none_fa3b1e3d17594757;C:\Program Files\Java\jdk-10\bin\server

VM Arguments:
jvm_args: -agentlib:jdwp=transport=dt_socket,address=127.0.0.1:55822,suspend=y,server=n -javaagent:C:\Users\Administrator\AppData\Local\Temp\capture17005jars\debugger-agent.jar=file:/C:/Users/Administrator/AppData/Local/Temp/capture.props -Dfile.encoding=UTF-8 
java_command: A
java_class_path (initial): D:\GitBash\CS61B\skeleton-sp18-master\library-sp18\javalib;D:\LCsolution\5ZigZagConversion\out\production\5ZigZagConversion;D:\GitBash\CS61B\skeleton-sp18-master\library-sp18;F:\Program Files\IntelliJ\IntelliJ IDEA Community Edition 2018.1.1\lib\idea_rt.jar
Launcher Type: SUN_STANDARD

Logging:
Log output configuration:
#0: stdout all=warning uptime,level,tags
#1: stderr all=off uptime,level,tags

Environment Variables:
JAVA_HOME=C:\Program Files\Java\jdk-10
PATH=C:\ProgramData\Oracle\Java\javapath;C:\Windows\system32;C:\Windows;C:\Windows\System32\Wbem;C:\Windows\System32\WindowsPowerShell\v1.0\;C:\Program Files\Java\jdk-10\bin;G:\0 code\Python\Scripts\;G:\0 code\Python\
USERNAME=Administrator
OS=Windows_NT
PROCESSOR_IDENTIFIER=AMD64 Family 18 Model 1 Stepping 0, AuthenticAMD



---------------  S Y S T E M  ---------------

OS: Windows 7 , 64 bit Build 7601 (6.1.7601.23864)

CPU:total 4 (initial active 4) (4 cores per cpu, 1 threads per core) family 18 model 1 stepping 0, cmov, cx8, fxsr, mmx, sse, sse2, sse3, popcnt, mmxext, 3dnowpref, lzcnt, sse4a, tsc, tscinvbit, tscinv

Memory: 4k page, physical 3643504k(454376k free), swap 7285148k(993980k free)

vm_info: Java HotSpot(TM) 64-Bit Server VM (10+46) for windows-amd64 JRE (10+46), built on Mar  8 2018 02:11:18 by "mach5one" with MS VC++ 12.0 (VS2013)

END.
