#
# A fatal error has been detected by the Java Runtime Environment:
#
#  EXCEPTION_ACCESS_VIOLATION (0xc0000005) at pc=0x0000000077adc095, pid=8388, tid=9304
#
# JRE version: Java(TM) SE Runtime Environment (10.0+46) (build 10+46)
# Java VM: Java HotSpot(TM) 64-Bit Server VM (10+46, mixed mode, tiered, compressed oops, g1 gc, windows-amd64)
# Problematic frame:
# V  [jvm.dll+0x54c095]
#
# No core dump will be written. Minidumps are not enabled by default on client versions of Windows
#
# If you would like to submit a bug report, please visit:
#   http://bugreport.java.com/bugreport/crash.jsp
#

---------------  S U M M A R Y ------------

Command Line: -agentlib:jdwp=transport=dt_socket,address=127.0.0.1:49372,suspend=y,server=n -javaagent:C:\Users\Administrator\AppData\Local\Temp\capture8337jars\debugger-agent.jar=file:/C:/Users/Administrator/AppData/Local/Temp/capture2.props -Dfile.encoding=UTF-8 Solution

Host: AMD A6-3400M APU with Radeon(tm) HD Graphics, 4 cores, 3G,  Windows 7 , 64 bit Build 7601 (6.1.7601.23864)
Time: Thu Jun 28 17:28:27 2018 ?D1¨²¡À¨º¡Á?¨º¡À?? elapsed time: 1523 seconds (0d 0h 25m 23s)

---------------  T H R E A D  ---------------

Current thread (0x000000001f6cf000):  VMThread "VM Thread" [stack: 0x0000000063030000,0x0000000063130000] [id=9304]

Stack: [0x0000000063030000,0x0000000063130000],  sp=0x000000006312dfe8,  free space=1015k
Native frames: (J=compiled Java code, j=interpreted, Vv=VM code, C=native code)
V  [jvm.dll+0x54c095]


siginfo: EXCEPTION_ACCESS_VIOLATION (0xc0000005), reading address 0xffffffffffffffff


Register to memory mapping:

RIP=0x0000000077adc095 jvm.dll
RAX=0x2d00000077d869d0 is an unknown value
RBX=0x000000006312e070 is an unknown value
RCX=0x0000000062973b08 is pointing into metadata
RDX=0x000000000da7b501 is at code_begin+2561 in an Interpreter codelet
invoke return entry points  [0x000000000da7ab00, 0x000000000da7c780]  7296 bytes
RSP=0x000000006312dfe8 is an unknown value
RBP=0x000000001f6cf000 is an unknown value
RSI=0x0000000077adc090 jvm.dll
RDI=0x0000000077adc090 jvm.dll
R8 =0x0000000000008980 is an unknown value
R9 =0x0000000001e40000 is an unknown value
R10=0x000000000da70000 is an unknown value
R11=0x000000000213f080 is pointing into the stack for thread: 0x0000000000236800
R12=0x0000000077d0d698 jvm.dll
R13=0x0000000077f65850 jvm.dll
R14=0x000000001f689858 is an unknown value
R15=0x00000000000003d8 is an unknown value


Registers:
RAX=0x2d00000077d869d0, RBX=0x000000006312e070, RCX=0x0000000062973b08, RDX=0x000000000da7b501
RSP=0x000000006312dfe8, RBP=0x000000001f6cf000, RSI=0x0000000077adc090, RDI=0x0000000077adc090
R8 =0x0000000000008980, R9 =0x0000000001e40000, R10=0x000000000da70000, R11=0x000000000213f080
R12=0x0000000077d0d698, R13=0x0000000077f65850, R14=0x000000001f689858, R15=0x00000000000003d8
RIP=0x0000000077adc095, EFLAGS=0x0000000000010202

Top of Stack: (sp=0x000000006312dfe8)
0x000000006312dfe8:   0000000077848733 000000006312e040
0x000000006312dff8:   000000001f6cf000 0000000077adc090
0x000000006312e008:   000000000213ef08 0000000077adc090
0x000000006312e018:   0000000077c18297 0000000000236800
0x000000006312e028:   000000001f6cf000 0000000077adc090
0x000000006312e038:   0000000077c453ec 000000000213f090
0x000000006312e048:   000000000da7b5b4 000000000da78990
0x000000006312e058:   0000000000000000 000000000213f0f0
0x000000006312e068:   000000000213f090 000000000213f090
0x000000006312e078:   000000000da7b5b4 000000000da78990
0x000000006312e088:   0000000000000000 000000000213f0f0
0x000000006312e098:   000000000213f090 0000000000000001
0x000000006312e0a8:   0000000062e06728 0000000000000005
0x000000006312e0b8:   000000001f600e30 000000001f689470
0x000000006312e0c8:   000000007764c161 000000000da78990
0x000000006312e0d8:   0000000000000000 000000000213f158 

Instructions: (pc=0x0000000077adc095)
0x0000000077adc075:   46 00 48 8b 5c 24 40 48 83 c4 20 5d c3 cc cc cc
0x0000000077adc085:   cc cc cc cc cc cc cc cc cc cc cc 48 8b 01 b2 01
0x0000000077adc095:   48 ff 60 68 cc cc cc cc cc cc cc 40 53 48 83 ec
0x0000000077adc0a5:   20 48 8b 15 73 3c 46 00 48 8b d9 48 85 d2 74 21 


VM_Operation (0x000000006470f9c0): RedefineClasses, mode: safepoint, requested by thread 0x0000000063c17000


---------------  P R O C E S S  ---------------

Threads class SMR info:
_java_thread_list=0x0000000063a80b30, length=14, elements={
0x0000000000236800, 0x000000001f6d2000, 0x0000000062d9f800, 0x0000000062dba000,
0x0000000062dbc000, 0x0000000062dbd800, 0x000000001f6da800, 0x000000001f6de000,
0x0000000062e1c000, 0x0000000063c17000, 0x0000000063c2f800, 0x0000000063c65800,
0x0000000062e1d000, 0x0000000062e1d800
}

Java Threads: ( => current thread )
  0x0000000000236800 JavaThread "main" [_thread_blocked, id=10312, stack(0x0000000002040000,0x0000000002140000)]
  0x000000001f6d2000 JavaThread "Reference Handler" daemon [_thread_blocked, id=6628, stack(0x00000000222b0000,0x00000000223b0000)]
  0x0000000062d9f800 JavaThread "Finalizer" daemon [_thread_blocked, id=5308, stack(0x0000000062f10000,0x0000000063010000)]
  0x0000000062dba000 JavaThread "Signal Dispatcher" daemon [_thread_blocked, id=8572, stack(0x0000000063240000,0x0000000063340000)]
  0x0000000062dbc000 JavaThread "Attach Listener" daemon [_thread_blocked, id=8196, stack(0x0000000063510000,0x0000000063610000)]
  0x0000000062dbd800 JavaThread "C2 CompilerThread0" daemon [_thread_blocked, id=10416, stack(0x0000000063140000,0x0000000063240000)]
  0x000000001f6da800 JavaThread "C2 CompilerThread1" daemon [_thread_blocked, id=11540, stack(0x00000000636c0000,0x00000000637c0000)]
  0x000000001f6de000 JavaThread "C1 CompilerThread2" daemon [_thread_blocked, id=7440, stack(0x00000000638a0000,0x00000000639a0000)]
  0x0000000062e1c000 JavaThread "Sweeper thread" daemon [_thread_blocked, id=3892, stack(0x0000000063410000,0x0000000063510000)]
  0x0000000063c17000 JavaThread "JDWP Transport Listener: dt_socket" daemon [_thread_blocked, id=6136, stack(0x0000000064610000,0x0000000064710000)]
  0x0000000063c2f800 JavaThread "JDWP Event Helper Thread" daemon [_thread_blocked, id=10684, stack(0x0000000064840000,0x0000000064940000)]
  0x0000000063c65800 JavaThread "JDWP Command Reader" daemon [_thread_in_native, id=4548, stack(0x0000000064a20000,0x0000000064b20000)]
  0x0000000062e1d000 JavaThread "Common-Cleaner" daemon [_thread_blocked, id=6260, stack(0x0000000064b90000,0x0000000064c90000)]
  0x0000000062e1d800 JavaThread "Service Thread" daemon [_thread_blocked, id=11804, stack(0x0000000064d10000,0x0000000064e10000)]

Other Threads:
=>0x000000001f6cf000 VMThread "VM Thread" [stack: 0x0000000063030000,0x0000000063130000] [id=9304]
  0x0000000063a82800 WatcherThread [stack: 0x0000000064e60000,0x0000000064f60000] [id=8716]
  0x000000000025f000 GCTaskThread "GC Thread#0" [stack: 0x0000000002440000,0x0000000002540000] [id=8804]
  0x0000000000260800 GCTaskThread "GC Thread#1" [stack: 0x000000001cb60000,0x000000001cc60000] [id=7416]
  0x0000000000265000 GCTaskThread "GC Thread#2" [stack: 0x000000001cd20000,0x000000001ce20000] [id=3392]
  0x0000000000268800 GCTaskThread "GC Thread#3" [stack: 0x000000001ce40000,0x000000001cf40000] [id=10264]
  0x000000000029b800 ConcurrentGCThread "G1 Main Marker" [stack: 0x000000001f4e0000,0x000000001f5e0000] [id=4268]
  0x000000000029c800 ConcurrentGCThread "G1 Conc#0" [stack: 0x000000001f6e0000,0x000000001f7e0000] [id=6580]
  0x000000001f5f4800 ConcurrentGCThread "G1 Refine#0" [stack: 0x0000000021ba0000,0x0000000021ca0000] [id=9276]
  0x00000000002bf000 ConcurrentGCThread "G1 Refine#1" [stack: 0x0000000021d90000,0x0000000021e90000] [id=6060]
  0x000000001f5fb800 ConcurrentGCThread "G1 Refine#2" [stack: 0x0000000021f80000,0x0000000022080000] [id=1444]
  0x000000001f5fd000 ConcurrentGCThread "G1 Refine#3" [stack: 0x0000000022150000,0x0000000022250000] [id=3768]
  0x000000001f5fe000 ConcurrentGCThread "G1 Young RemSet Sampling" [stack: 0x00000000223e0000,0x00000000224e0000] [id=11200]

Threads with active compile tasks:

VM state:at safepoint (normal execution)

VM Mutex/Monitor currently owned by a thread:  ([mutex/lock_event])
[0x00000000002329f0] Threads_lock - owner thread: 0x000000001f6cf000

Heap address: 0x00000000c8600000, size: 890 MB, Compressed Oops mode: 32-bit
Narrow klass base: 0x0000000000000000, Narrow klass shift: 0
Compressed class space size: 1073741824 Address: 0x00000000224e0000

Heap:
 garbage-first heap   total 57344K, used 2048K [0x00000000c8600000, 0x0000000100000000)
  region size 1024K, 3 young (3072K), 0 survivors (0K)
 Metaspace       used 5251K, capacity 5328K, committed 5376K, reserved 1056768K
  class space    used 443K, capacity 496K, committed 512K, reserved 1048576K
Heap Regions: E=young(eden), S=young(survivor), O=old, HS=humongous(starts), HC=humongous(continues), CS=collection set, F=free, A=archive, TS=gc time stamp, AC=allocation context, TAMS=top-at-mark-start (previous, next)
|   0|0x00000000c8600000, 0x00000000c8600000, 0x00000000c8700000|  0%| F|  |TS  0|AC  0|TAMS 0x00000000c8600000, 0x00000000c8600000|
|   1|0x00000000c8700000, 0x00000000c8700000, 0x00000000c8800000|  0%| F|  |TS  0|AC  0|TAMS 0x00000000c8700000, 0x00000000c8700000|
|   2|0x00000000c8800000, 0x00000000c8800000, 0x00000000c8900000|  0%| F|  |TS  0|AC  0|TAMS 0x00000000c8800000, 0x00000000c8800000|
|   3|0x00000000c8900000, 0x00000000c8900000, 0x00000000c8a00000|  0%| F|  |TS  0|AC  0|TAMS 0x00000000c8900000, 0x00000000c8900000|
|   4|0x00000000c8a00000, 0x00000000c8a00000, 0x00000000c8b00000|  0%| F|  |TS  0|AC  0|TAMS 0x00000000c8a00000, 0x00000000c8a00000|
|   5|0x00000000c8b00000, 0x00000000c8b00000, 0x00000000c8c00000|  0%| F|  |TS  0|AC  0|TAMS 0x00000000c8b00000, 0x00000000c8b00000|
|   6|0x00000000c8c00000, 0x00000000c8c00000, 0x00000000c8d00000|  0%| F|  |TS  0|AC  0|TAMS 0x00000000c8c00000, 0x00000000c8c00000|
|   7|0x00000000c8d00000, 0x00000000c8d00000, 0x00000000c8e00000|  0%| F|  |TS  0|AC  0|TAMS 0x00000000c8d00000, 0x00000000c8d00000|
|   8|0x00000000c8e00000, 0x00000000c8e00000, 0x00000000c8f00000|  0%| F|  |TS  0|AC  0|TAMS 0x00000000c8e00000, 0x00000000c8e00000|
|   9|0x00000000c8f00000, 0x00000000c8f00000, 0x00000000c9000000|  0%| F|  |TS  0|AC  0|TAMS 0x00000000c8f00000, 0x00000000c8f00000|
|  10|0x00000000c9000000, 0x00000000c9000000, 0x00000000c9100000|  0%| F|  |TS  0|AC  0|TAMS 0x00000000c9000000, 0x00000000c9000000|
|  11|0x00000000c9100000, 0x00000000c9100000, 0x00000000c9200000|  0%| F|  |TS  0|AC  0|TAMS 0x00000000c9100000, 0x00000000c9100000|
|  12|0x00000000c9200000, 0x00000000c9200000, 0x00000000c9300000|  0%| F|  |TS  0|AC  0|TAMS 0x00000000c9200000, 0x00000000c9200000|
|  13|0x00000000c9300000, 0x00000000c9300000, 0x00000000c9400000|  0%| F|  |TS  0|AC  0|TAMS 0x00000000c9300000, 0x00000000c9300000|
|  14|0x00000000c9400000, 0x00000000c9400000, 0x00000000c9500000|  0%| F|  |TS  0|AC  0|TAMS 0x00000000c9400000, 0x00000000c9400000|
|  15|0x00000000c9500000, 0x00000000c9500000, 0x00000000c9600000|  0%| F|  |TS  0|AC  0|TAMS 0x00000000c9500000, 0x00000000c9500000|
|  16|0x00000000c9600000, 0x00000000c9600000, 0x00000000c9700000|  0%| F|  |TS  0|AC  0|TAMS 0x00000000c9600000, 0x00000000c9600000|
|  17|0x00000000c9700000, 0x00000000c9700000, 0x00000000c9800000|  0%| F|  |TS  0|AC  0|TAMS 0x00000000c9700000, 0x00000000c9700000|
|  18|0x00000000c9800000, 0x00000000c9800000, 0x00000000c9900000|  0%| F|  |TS  0|AC  0|TAMS 0x00000000c9800000, 0x00000000c9800000|
|  19|0x00000000c9900000, 0x00000000c9900000, 0x00000000c9a00000|  0%| F|  |TS  0|AC  0|TAMS 0x00000000c9900000, 0x00000000c9900000|
|  20|0x00000000c9a00000, 0x00000000c9a00000, 0x00000000c9b00000|  0%| F|  |TS  0|AC  0|TAMS 0x00000000c9a00000, 0x00000000c9a00000|
|  21|0x00000000c9b00000, 0x00000000c9b00000, 0x00000000c9c00000|  0%| F|  |TS  0|AC  0|TAMS 0x00000000c9b00000, 0x00000000c9b00000|
|  22|0x00000000c9c00000, 0x00000000c9c00000, 0x00000000c9d00000|  0%| F|  |TS  0|AC  0|TAMS 0x00000000c9c00000, 0x00000000c9c00000|
|  23|0x00000000c9d00000, 0x00000000c9d00000, 0x00000000c9e00000|  0%| F|  |TS  0|AC  0|TAMS 0x00000000c9d00000, 0x00000000c9d00000|
|  24|0x00000000c9e00000, 0x00000000c9e00000, 0x00000000c9f00000|  0%| F|  |TS  0|AC  0|TAMS 0x00000000c9e00000, 0x00000000c9e00000|
|  25|0x00000000c9f00000, 0x00000000c9f00000, 0x00000000ca000000|  0%| F|  |TS  0|AC  0|TAMS 0x00000000c9f00000, 0x00000000c9f00000|
|  26|0x00000000ca000000, 0x00000000ca000000, 0x00000000ca100000|  0%| F|  |TS  0|AC  0|TAMS 0x00000000ca000000, 0x00000000ca000000|
|  27|0x00000000ca100000, 0x00000000ca100000, 0x00000000ca200000|  0%| F|  |TS  0|AC  0|TAMS 0x00000000ca100000, 0x00000000ca100000|
|  28|0x00000000ca200000, 0x00000000ca200000, 0x00000000ca300000|  0%| F|  |TS  0|AC  0|TAMS 0x00000000ca200000, 0x00000000ca200000|
|  29|0x00000000ca300000, 0x00000000ca300000, 0x00000000ca400000|  0%| F|  |TS  0|AC  0|TAMS 0x00000000ca300000, 0x00000000ca300000|
|  30|0x00000000ca400000, 0x00000000ca400000, 0x00000000ca500000|  0%| F|  |TS  0|AC  0|TAMS 0x00000000ca400000, 0x00000000ca400000|
|  31|0x00000000ca500000, 0x00000000ca500000, 0x00000000ca600000|  0%| F|  |TS  0|AC  0|TAMS 0x00000000ca500000, 0x00000000ca500000|
|  32|0x00000000ca600000, 0x00000000ca600000, 0x00000000ca700000|  0%| F|  |TS  0|AC  0|TAMS 0x00000000ca600000, 0x00000000ca600000|
|  33|0x00000000ca700000, 0x00000000ca700000, 0x00000000ca800000|  0%| F|  |TS  0|AC  0|TAMS 0x00000000ca700000, 0x00000000ca700000|
|  34|0x00000000ca800000, 0x00000000ca800000, 0x00000000ca900000|  0%| F|  |TS  0|AC  0|TAMS 0x00000000ca800000, 0x00000000ca800000|
|  35|0x00000000ca900000, 0x00000000ca900000, 0x00000000caa00000|  0%| F|  |TS  0|AC  0|TAMS 0x00000000ca900000, 0x00000000ca900000|
|  36|0x00000000caa00000, 0x00000000caa00000, 0x00000000cab00000|  0%| F|  |TS  0|AC  0|TAMS 0x00000000caa00000, 0x00000000caa00000|
|  37|0x00000000cab00000, 0x00000000cab00000, 0x00000000cac00000|  0%| F|  |TS  0|AC  0|TAMS 0x00000000cab00000, 0x00000000cab00000|
|  38|0x00000000cac00000, 0x00000000cac00000, 0x00000000cad00000|  0%| F|  |TS  0|AC  0|TAMS 0x00000000cac00000, 0x00000000cac00000|
|  39|0x00000000cad00000, 0x00000000cad00000, 0x00000000cae00000|  0%| F|  |TS  0|AC  0|TAMS 0x00000000cad00000, 0x00000000cad00000|
|  40|0x00000000cae00000, 0x00000000cae00000, 0x00000000caf00000|  0%| F|  |TS  0|AC  0|TAMS 0x00000000cae00000, 0x00000000cae00000|
|  41|0x00000000caf00000, 0x00000000caf00000, 0x00000000cb000000|  0%| F|  |TS  0|AC  0|TAMS 0x00000000caf00000, 0x00000000caf00000|
|  42|0x00000000cb000000, 0x00000000cb000000, 0x00000000cb100000|  0%| F|  |TS  0|AC  0|TAMS 0x00000000cb000000, 0x00000000cb000000|
|  43|0x00000000cb100000, 0x00000000cb100000, 0x00000000cb200000|  0%| F|  |TS  0|AC  0|TAMS 0x00000000cb100000, 0x00000000cb100000|
|  44|0x00000000cb200000, 0x00000000cb200000, 0x00000000cb300000|  0%| F|  |TS  0|AC  0|TAMS 0x00000000cb200000, 0x00000000cb200000|
|  45|0x00000000cb300000, 0x00000000cb300000, 0x00000000cb400000|  0%| F|  |TS  0|AC  0|TAMS 0x00000000cb300000, 0x00000000cb300000|
|  46|0x00000000cb400000, 0x00000000cb400000, 0x00000000cb500000|  0%| F|  |TS  0|AC  0|TAMS 0x00000000cb400000, 0x00000000cb400000|
|  47|0x00000000cb500000, 0x00000000cb500000, 0x00000000cb600000|  0%| F|  |TS  0|AC  0|TAMS 0x00000000cb500000, 0x00000000cb500000|
|  48|0x00000000cb600000, 0x00000000cb600000, 0x00000000cb700000|  0%| F|  |TS  0|AC  0|TAMS 0x00000000cb600000, 0x00000000cb600000|
|  49|0x00000000cb700000, 0x00000000cb700000, 0x00000000cb800000|  0%| F|  |TS  0|AC  0|TAMS 0x00000000cb700000, 0x00000000cb700000|
|  50|0x00000000cb800000, 0x00000000cb800000, 0x00000000cb900000|  0%| F|  |TS  0|AC  0|TAMS 0x00000000cb800000, 0x00000000cb800000|
|  51|0x00000000cb900000, 0x00000000cb900000, 0x00000000cba00000|  0%| F|  |TS  0|AC  0|TAMS 0x00000000cb900000, 0x00000000cb900000|
|  52|0x00000000cba00000, 0x00000000cba00000, 0x00000000cbb00000|  0%| F|  |TS  0|AC  0|TAMS 0x00000000cba00000, 0x00000000cba00000|
|  53|0x00000000cbb00000, 0x00000000cbc00000, 0x00000000cbc00000|100%| E|  |TS  0|AC  0|TAMS 0x00000000cbb00000, 0x00000000cbb00000|
|  54|0x00000000cbc00000, 0x00000000cbd00000, 0x00000000cbd00000|100%| E|CS|TS  0|AC  0|TAMS 0x00000000cbc00000, 0x00000000cbc00000|
|  55|0x00000000cbd00000, 0x00000000cbe00000, 0x00000000cbe00000|100%| E|CS|TS  0|AC  0|TAMS 0x00000000cbd00000, 0x00000000cbd00000|

Card table byte_map: [0x000000001d430000,0x000000001d5f0000] byte_map_base: 0x000000001cded000

Marking Bits (Prev, Next): (CMBitMap*) 0x000000000029ad00, (CMBitMap*) 0x000000000029ad38
 Prev Bits: [0x000000001d7b0000, 0x000000001e598000)
 Next Bits: [0x000000001e5a0000, 0x000000001f388000)

Polling page: 0x0000000000080000

CodeHeap 'non-profiled nmethods': size=120064Kb used=71Kb max_used=71Kb free=119992Kb
 bounds [0x0000000015530000, 0x00000000157a0000, 0x000000001ca70000]
CodeHeap 'profiled nmethods': size=120000Kb used=256Kb max_used=256Kb free=119743Kb
 bounds [0x000000000e000000, 0x000000000e270000, 0x0000000015530000]
CodeHeap 'non-nmethods': size=5696Kb used=1068Kb max_used=1079Kb free=4627Kb
 bounds [0x000000000da70000, 0x000000000dce0000, 0x000000000e000000]
 total_blobs=579 nmethods=205 adapters=211
 compilation: enabled

Compilation events (10 events):
Event: 0.739 Thread 0x000000001f6de000  200       3       java.lang.AbstractStringBuilder::<init> (39 bytes)
Event: 0.740 Thread 0x000000001f6de000 nmethod 200 0x000000000e03e890 code [0x000000000e03ea60, 0x000000000e03ed30]
Event: 0.747 Thread 0x000000001f6de000  201       3       java.lang.StringBuilder::toString (35 bytes)
Event: 0.748 Thread 0x000000001f6de000 nmethod 201 0x000000000e03ee10 code [0x000000000e03f000, 0x000000000e03f518]
Event: 0.748 Thread 0x000000001f6de000  203       3       sun.nio.fs.WindowsPathParser::isInvalidPathChar (22 bytes)
Event: 0.748 Thread 0x000000001f6de000 nmethod 203 0x000000000e03f690 code [0x000000000e03f880, 0x000000000e03fc28]
Event: 0.748 Thread 0x000000001f6de000  202       1       java.nio.Buffer::position (5 bytes)
Event: 0.749 Thread 0x000000001f6de000 nmethod 202 0x0000000015541a10 code [0x0000000015541bc0, 0x0000000015541cd0]
Event: 0.836 Thread 0x000000001f6de000  205       3       java.lang.StringUTF16::compress (50 bytes)
Event: 0.837 Thread 0x000000001f6de000 nmethod 205 0x000000000e03fd90 code [0x000000000e03ff60, 0x000000000e0401f0]

GC Heap History (0 events):
No events

Deoptimization events (1 events):
Event: 0.564 Thread 0x0000000000236800 Uncommon trap: reason=unstable_if action=reinterpret pc=0x0000000015534118 method=java.lang.String.hashCode()I @ 14 c2

Classes redefined (10 events):
Event: 1026.636 Thread 0x000000001f6cf000 redefined class name=Solution, count=2
Event: 1026.637 Thread 0x000000001f6cf000 redefined class name=Solution$TreeNode, count=2
Event: 1168.465 Thread 0x000000001f6cf000 redefined class name=Solution, count=3
Event: 1168.466 Thread 0x000000001f6cf000 redefined class name=Solution$TreeNode, count=3
Event: 1204.030 Thread 0x000000001f6cf000 redefined class name=Solution, count=4
Event: 1204.031 Thread 0x000000001f6cf000 redefined class name=Solution$TreeNode, count=4
Event: 1377.891 Thread 0x000000001f6cf000 redefined class name=Solution, count=5
Event: 1377.892 Thread 0x000000001f6cf000 redefined class name=Solution$TreeNode, count=5
Event: 1406.315 Thread 0x000000001f6cf000 redefined class name=Solution, count=6
Event: 1406.315 Thread 0x000000001f6cf000 redefined class name=Solution$TreeNode, count=6

Internal exceptions (0 events):
No events

Events (10 events):
Event: 1511.189 Executing VM operation: ChangeBreakpoints done
Event: 1511.196 Executing VM operation: ChangeBreakpoints
Event: 1511.196 Executing VM operation: ChangeBreakpoints done
Event: 1516.997 Executing VM operation: ChangeBreakpoints
Event: 1516.997 Executing VM operation: ChangeBreakpoints done
Event: 1517.001 Executing VM operation: ChangeBreakpoints
Event: 1517.001 Executing VM operation: ChangeBreakpoints done
Event: 1523.488 Executing VM operation: ChangeBreakpoints
Event: 1523.488 Executing VM operation: ChangeBreakpoints done
Event: 1523.494 Executing VM operation: RedefineClasses


Dynamic libraries:
0x000000013f430000 - 0x000000013f46e000 	C:\Program Files\Java\jdk-10\bin\java.exe
0x0000000076eb0000 - 0x000000007705a000 	C:\Windows\SYSTEM32\ntdll.dll
0x0000000076d90000 - 0x0000000076eaf000 	C:\Windows\system32\kernel32.dll
0x000007fefcef0000 - 0x000007fefcf5a000 	C:\Windows\system32\KERNELBASE.dll
0x000007fefdcc0000 - 0x000007fefdd9b000 	C:\Windows\system32\ADVAPI32.dll
0x000007fefee60000 - 0x000007fefeeff000 	C:\Windows\system32\msvcrt.dll
0x000007feff120000 - 0x000007feff13f000 	C:\Windows\SYSTEM32\sechost.dll
0x000007fefd170000 - 0x000007fefd29d000 	C:\Windows\system32\RPCRT4.dll
0x0000000076c90000 - 0x0000000076d8a000 	C:\Windows\system32\USER32.dll
0x000007fefd470000 - 0x000007fefd4d7000 	C:\Windows\system32\GDI32.dll
0x000007feff100000 - 0x000007feff10e000 	C:\Windows\system32\LPK.dll
0x000007fefd3a0000 - 0x000007fefd46b000 	C:\Windows\system32\USP10.dll
0x000007fefb670000 - 0x000007fefb864000 	C:\Windows\WinSxS\amd64_microsoft.windows.common-controls_6595b64144ccf1df_6.0.7601.18837_none_fa3b1e3d17594757\COMCTL32.dll
0x000007fefd2a0000 - 0x000007fefd311000 	C:\Windows\system32\SHLWAPI.dll
0x000007fefc490000 - 0x000007fefc49c000 	C:\Windows\system32\VERSION.dll
0x000007fefcf60000 - 0x000007fefcf8e000 	C:\Windows\system32\IMM32.DLL
0x000007fefd930000 - 0x000007fefda39000 	C:\Windows\system32\MSCTF.dll
0x000007feefaf0000 - 0x000007feefbdf000 	C:\Program Files\Java\jdk-10\bin\msvcr120.dll
0x000007feefc20000 - 0x000007feefcc6000 	C:\Program Files\Java\jdk-10\bin\msvcp120.dll
0x0000000077590000 - 0x0000000077fff000 	C:\Program Files\Java\jdk-10\bin\server\jvm.dll
0x000007fefa970000 - 0x000007fefa979000 	C:\Windows\system32\WSOCK32.dll
0x000007fefdc70000 - 0x000007fefdcbd000 	C:\Windows\system32\WS2_32.dll
0x000007feff110000 - 0x000007feff118000 	C:\Windows\system32\NSI.dll
0x000007fef8b10000 - 0x000007fef8b4b000 	C:\Windows\system32\WINMM.dll
0x0000000077080000 - 0x0000000077087000 	C:\Windows\system32\PSAPI.DLL
0x000007fef7ff0000 - 0x000007fef7fff000 	C:\Program Files\Java\jdk-10\bin\verify.dll
0x000007fef1bb0000 - 0x000007fef1cd5000 	C:\Windows\system32\DBGHELP.DLL
0x000007fef33f0000 - 0x000007fef3417000 	C:\Program Files\Java\jdk-10\bin\java.dll
0x000007fef33b0000 - 0x000007fef33e6000 	C:\Program Files\Java\jdk-10\bin\jdwp.dll
0x000007fef3380000 - 0x000007fef33aa000 	C:\Program Files\Java\jdk-10\bin\instrument.dll
0x000007fef42b0000 - 0x000007fef42c6000 	C:\Program Files\Java\jdk-10\bin\zip.dll
0x000007fefc3c0000 - 0x000007fefc3ca000 	C:\Program Files\Java\jdk-10\bin\jimage.dll
0x000007fefe0d0000 - 0x000007fefee5b000 	C:\Windows\system32\SHELL32.dll
0x000007fefef00000 - 0x000007feff0fc000 	C:\Windows\system32\ole32.dll
0x000007fefcba0000 - 0x000007fefcbaf000 	C:\Windows\system32\profapi.dll
0x000007fef3750000 - 0x000007fef375a000 	C:\Program Files\Java\jdk-10\bin\dt_socket.dll
0x000007fefc040000 - 0x000007fefc095000 	C:\Windows\system32\mswsock.dll
0x000007fefc4a0000 - 0x000007fefc4a7000 	C:\Windows\System32\wshtcpip.dll
0x000007fef72e0000 - 0x000007fef72fa000 	C:\Program Files\Java\jdk-10\bin\net.dll
0x000007fef9920000 - 0x000007fef9991000 	C:\Windows\system32\WINHTTP.dll
0x000007fef83e0000 - 0x000007fef8444000 	C:\Windows\system32\webio.dll
0x000007fefc030000 - 0x000007fefc037000 	C:\Windows\System32\wship6.dll
0x000007fef41c0000 - 0x000007fef41d1000 	C:\Program Files\Java\jdk-10\bin\nio.dll

dbghelp: loaded successfully - version: 4.0.5 - missing functions: none
symbol engine: initialized successfully - sym options: 0x614 - pdb path: .;C:\Program Files\Java\jdk-10\bin;C:\Windows\SYSTEM32;C:\Windows\WinSxS\amd64_microsoft.windows.common-controls_6595b64144ccf1df_6.0.7601.18837_none_fa3b1e3d17594757;C:\Program Files\Java\jdk-10\bin\server

VM Arguments:
jvm_args: -agentlib:jdwp=transport=dt_socket,address=127.0.0.1:49372,suspend=y,server=n -javaagent:C:\Users\Administrator\AppData\Local\Temp\capture8337jars\debugger-agent.jar=file:/C:/Users/Administrator/AppData/Local/Temp/capture2.props -Dfile.encoding=UTF-8 
java_command: Solution
java_class_path (initial): D:\LCsolution\662. Maximum Width of Binary Tree\out\production\662. Maximum Width of Binary Tree;D:\Program Files\JetBrains\IntelliJ IDEA Community Edition 2018.1.1\lib\idea_rt.jar
Launcher Type: SUN_STANDARD

Logging:
Log output configuration:
#0: stdout all=warning uptime,level,tags
#1: stderr all=off uptime,level,tags

Environment Variables:
JAVA_HOME=C:\Program Files\Java\jdk-10
PATH=C:\ProgramData\Oracle\Java\javapath;C:\Windows\system32;C:\Windows;C:\Windows\System32\Wbem;C:\Windows\System32\WindowsPowerShell\v1.0\;C:\Program Files\Java\jdk-10\bin;G:\0 code\Python\Scripts\;G:\0 code\Python\;C:\Users\Administrator\AppData\Local\GitHubDesktop\bin
USERNAME=Administrator
OS=Windows_NT
PROCESSOR_IDENTIFIER=AMD64 Family 18 Model 1 Stepping 0, AuthenticAMD



---------------  S Y S T E M  ---------------

OS: Windows 7 , 64 bit Build 7601 (6.1.7601.23864)

CPU:total 4 (initial active 4) (4 cores per cpu, 1 threads per core) family 18 model 1 stepping 0, cmov, cx8, fxsr, mmx, sse, sse2, sse3, popcnt, mmxext, 3dnowpref, lzcnt, sse4a, tsc, tscinvbit, tscinv

Memory: 4k page, physical 3643504k(315464k free), swap 12782904k(6026712k free)

vm_info: Java HotSpot(TM) 64-Bit Server VM (10+46) for windows-amd64 JRE (10+46), built on Mar  8 2018 02:11:18 by "mach5one" with MS VC++ 12.0 (VS2013)

END.
