#
# A fatal error has been detected by the Java Runtime Environment:
#
#  EXCEPTION_ACCESS_VIOLATION (0xc0000005) at pc=0x00000000638e344e, pid=104052, tid=108064
#
# JRE version: Java(TM) SE Runtime Environment (10.0+46) (build 10+46)
# Java VM: Java HotSpot(TM) 64-Bit Server VM (10+46, mixed mode, tiered, compressed oops, g1 gc, windows-amd64)
# Problematic frame:
# V  [jvm.dll+0x23344e]
#
# No core dump will be written. Minidumps are not enabled by default on client versions of Windows
#
# If you would like to submit a bug report, please visit:
#   http://bugreport.java.com/bugreport/crash.jsp
#

---------------  S U M M A R Y ------------

Command Line: -agentlib:jdwp=transport=dt_socket,address=127.0.0.1:9890,suspend=y,server=n -javaagent:C:\Users\Mr.Lyu\Downloads\ideaIC-2018.2.win\lib\rt\debugger-agent.jar=file:/C:/Users/Mr.Lyu/AppData/Local/Temp/capture.props -Dfile.encoding=UTF-8 MedianFinder

Host: Intel(R) Core(TM) i5-8250U CPU @ 1.60GHz, 8 cores, 7G,  Windows 10 , 64 bit Build 17134 (10.0.17134.1)
Time: Wed Aug 15 09:18:27 2018 ?D1¨²¡À¨º¡Á?¨º¡À?? elapsed time: 1545 seconds (0d 0h 25m 45s)

---------------  T H R E A D  ---------------

Current thread (0x000001ddb1650800):  VMThread "VM Thread" [stack: 0x000000bfdfe00000,0x000000bfdff00000] [id=108064]

Stack: [0x000000bfdfe00000,0x000000bfdff00000],  sp=0x000000bfdfeff490,  free space=1021k
Native frames: (J=compiled Java code, j=interpreted, Vv=VM code, C=native code)
V  [jvm.dll+0x23344e]
V  [jvm.dll+0x478031]
V  [jvm.dll+0x1c340b]
V  [jvm.dll+0x47aba4]
V  [jvm.dll+0x4783cb]
V  [jvm.dll+0x6c42dc]
V  [jvm.dll+0x6c2a45]
V  [jvm.dll+0x6c3250]
V  [jvm.dll+0x6c358c]
V  [jvm.dll+0x59ef10]
C  [msvcr120.dll+0x24f7f]
C  [msvcr120.dll+0x25126]
C  [KERNEL32.DLL+0x13034]
C  [ntdll.dll+0x71431]


siginfo: EXCEPTION_ACCESS_VIOLATION (0xc0000005), reading address 0x0000000000000010


Register to memory mapping:

RIP=0x00000000638e344e jvm.dll
RAX=0x0000000000000000 is an unknown value
RBX=0x000001ddb1b040f8 is pointing into metadata
RCX=0x000001ddb12dd728 is an unknown value
RDX=0x000000010006baa0 is pointing into metadata
RSP=0x000000bfdfeff490 is an unknown value
RBP=0x000000010006baa0 is pointing into metadata
RSI=0x0000000000000004 is an unknown value
RDI={method} {0x000001ddb1670608} '<init>' '()V' in 'java/lang/Object'
R8 =0x000000bfdfeff598 is an unknown value
R9 =0x000001ddb1613a30 is an unknown value
R10=0x000001ddb1b03140 is pointing into metadata
R11=0x000000010006baa0 is pointing into metadata
R12=0x0000000000000000 is an unknown value
R13=0x000001ddb1650800 is an unknown value
R14=0x000001ddb1b04050 is pointing into metadata
R15=0x000000bfdfeff598 is an unknown value


Registers:
RAX=0x0000000000000000, RBX=0x000001ddb1b040f8, RCX=0x000001ddb12dd728, RDX=0x000000010006baa0
RSP=0x000000bfdfeff490, RBP=0x000000010006baa0, RSI=0x0000000000000004, RDI=0x000001ddb1670600
R8 =0x000000bfdfeff598, R9 =0x000001ddb1613a30, R10=0x000001ddb1b03140, R11=0x000000010006baa0
R12=0x0000000000000000, R13=0x000001ddb1650800, R14=0x000001ddb1b04050, R15=0x000000bfdfeff598
RIP=0x00000000638e344e, EFLAGS=0x0000000000010206

Top of Stack: (sp=0x000000bfdfeff490)
0x000000bfdfeff490:   0000000000000007 000001ddb269ac70
0x000000bfdfeff4a0:   000000000000000b 00000000639e7e75
0x000000bfdfeff4b0:   000000bfe08ff1c0 000000bfdfeff5f8
0x000000bfdfeff4c0:   000001ddb26a1a18 000001ddb1b03140
0x000000bfdfeff4d0:   000000010006baa0 0000000063b28031
0x000000bfdfeff4e0:   000001ddb1b040f8 0000000100088430
0x000000bfdfeff4f0:   000001ddb1613a30 000001ddb1b04078
0x000000bfdfeff500:   000001ddb1b03140 000001ddb1650800
0x000000bfdfeff510:   000001ddb26a1a18 000001ddb1b03140
0x000000bfdfeff520:   000001ddb1650800 000001ddb1650800
0x000000bfdfeff530:   000001ddb16030f0 000001ddb14d0de0
0x000000bfdfeff540:   000001ddb14d0df0 000001ddb14d0ec8
0x000000bfdfeff550:   00000000000000d8 000000bfdfeff630
0x000000bfdfeff560:   000000bfe08ff1c0 0000000100089cc0
0x000000bfdfeff570:   0000000100089cc0 0000000000000000
0x000000bfdfeff580:   0000000100088430 000000006387340b 

Instructions: (pc=0x00000000638e344e)
0x00000000638e342e:   01 74 06 48 8b 7b 08 eb 2c 48 8b 03 48 89 5c 24
0x00000000638e343e:   50 48 85 c0 0f 84 9b 00 00 00 48 8b 0b 48 8b 01
0x00000000638e344e:   ff 50 10 84 c0 75 06 48 8b 7b 08 eb 08 48 8b 3b
0x00000000638e345e:   48 89 5c 24 68 48 85 ff 0f 84 77 00 00 00 48 8b 


VM_Operation (0x000000bfe08ff1c0): RedefineClasses, mode: safepoint, requested by thread 0x000001ddb24ad800, redefining class MedianFinder



---------------  P R O C E S S  ---------------

Threads class SMR info:
_java_thread_list=0x000001ddb250a000, length=15, elements={
0x000001dd8d741000, 0x000001ddb165e000, 0x000001ddb165f000, 0x000001ddb1ed4000,
0x000001ddb1ed5000, 0x000001ddb1ed9000, 0x000001ddb1ed9800, 0x000001ddb1edf800,
0x000001ddb1ee5800, 0x000001ddb1ef6800, 0x000001ddb24ad800, 0x000001ddb256b000,
0x000001ddb244d800, 0x000001ddb244e800, 0x000001ddb2519000
}

Java Threads: ( => current thread )
  0x000001dd8d741000 JavaThread "main" [_thread_blocked, id=117472, stack(0x000000bfde900000,0x000000bfdea00000)]
  0x000001ddb165e000 JavaThread "Reference Handler" daemon [_thread_blocked, id=105400, stack(0x000000bfdff00000,0x000000bfe0000000)]
  0x000001ddb165f000 JavaThread "Finalizer" daemon [_thread_blocked, id=4320, stack(0x000000bfe0000000,0x000000bfe0100000)]
  0x000001ddb1ed4000 JavaThread "Signal Dispatcher" daemon [_thread_blocked, id=117272, stack(0x000000bfe0100000,0x000000bfe0200000)]
  0x000001ddb1ed5000 JavaThread "Attach Listener" daemon [_thread_blocked, id=121548, stack(0x000000bfe0200000,0x000000bfe0300000)]
  0x000001ddb1ed9000 JavaThread "C2 CompilerThread0" daemon [_thread_blocked, id=104604, stack(0x000000bfe0300000,0x000000bfe0400000)]
  0x000001ddb1ed9800 JavaThread "C2 CompilerThread1" daemon [_thread_blocked, id=119696, stack(0x000000bfe0400000,0x000000bfe0500000)]
  0x000001ddb1edf800 JavaThread "C2 CompilerThread2" daemon [_thread_blocked, id=119268, stack(0x000000bfe0500000,0x000000bfe0600000)]
  0x000001ddb1ee5800 JavaThread "C1 CompilerThread3" daemon [_thread_blocked, id=121136, stack(0x000000bfe0600000,0x000000bfe0700000)]
  0x000001ddb1ef6800 JavaThread "Sweeper thread" daemon [_thread_blocked, id=113700, stack(0x000000bfe0700000,0x000000bfe0800000)]
  0x000001ddb24ad800 JavaThread "JDWP Transport Listener: dt_socket" daemon [_thread_blocked, id=109200, stack(0x000000bfe0800000,0x000000bfe0900000)]
  0x000001ddb256b000 JavaThread "JDWP Event Helper Thread" daemon [_thread_blocked, id=121140, stack(0x000000bfe0900000,0x000000bfe0a00000)]
  0x000001ddb244d800 JavaThread "JDWP Command Reader" daemon [_thread_in_native, id=103180, stack(0x000000bfe0a00000,0x000000bfe0b00000)]
  0x000001ddb244e800 JavaThread "Common-Cleaner" daemon [_thread_blocked, id=118860, stack(0x000000bfe0b00000,0x000000bfe0c00000)]
  0x000001ddb2519000 JavaThread "Service Thread" daemon [_thread_blocked, id=121396, stack(0x000000bfe0c00000,0x000000bfe0d00000)]

Other Threads:
=>0x000001ddb1650800 VMThread "VM Thread" [stack: 0x000000bfdfe00000,0x000000bfdff00000] [id=108064]
  0x000001ddb21df000 WatcherThread [stack: 0x000000bfe0d00000,0x000000bfe0e00000] [id=110032]
  0x000001dd8d75d800 GCTaskThread "GC Thread#0" [stack: 0x000000bfdea00000,0x000000bfdeb00000] [id=118668]
  0x000001dd8d760000 GCTaskThread "GC Thread#1" [stack: 0x000000bfdeb00000,0x000000bfdec00000] [id=41008]
  0x000001dd8d762800 GCTaskThread "GC Thread#2" [stack: 0x000000bfdec00000,0x000000bfded00000] [id=120340]
  0x000001dd8d765800 GCTaskThread "GC Thread#3" [stack: 0x000000bfded00000,0x000000bfdee00000] [id=116412]
  0x000001dd8d76d000 GCTaskThread "GC Thread#4" [stack: 0x000000bfdee00000,0x000000bfdef00000] [id=93500]
  0x000001dd8d770800 GCTaskThread "GC Thread#5" [stack: 0x000000bfdef00000,0x000000bfdf000000] [id=117288]
  0x000001dd8d771800 GCTaskThread "GC Thread#6" [stack: 0x000000bfdf000000,0x000000bfdf100000] [id=121432]
  0x000001dd8d774000 GCTaskThread "GC Thread#7" [stack: 0x000000bfdf100000,0x000000bfdf200000] [id=119092]
  0x000001dd8d7f4800 ConcurrentGCThread "G1 Main Marker" [stack: 0x000000bfdf200000,0x000000bfdf300000] [id=120072]
  0x000001dd8d773800 ConcurrentGCThread "G1 Conc#0" [stack: 0x000000bfdf300000,0x000000bfdf400000] [id=116392]
  0x000001dd8d779800 ConcurrentGCThread "G1 Conc#1" [stack: 0x000000bfdf400000,0x000000bfdf500000] [id=107248]
  0x000001ddb14c4800 ConcurrentGCThread "G1 Refine#0" [stack: 0x000000bfdf500000,0x000000bfdf600000] [id=121304]
  0x000001ddb14c7000 ConcurrentGCThread "G1 Refine#1" [stack: 0x000000bfdf600000,0x000000bfdf700000] [id=117980]
  0x000001ddb14cc000 ConcurrentGCThread "G1 Refine#2" [stack: 0x000000bfdf700000,0x000000bfdf800000] [id=119520]
  0x000001ddb14ce800 ConcurrentGCThread "G1 Refine#3" [stack: 0x000000bfdf800000,0x000000bfdf900000] [id=102024]
  0x000001ddb14cf800 ConcurrentGCThread "G1 Refine#4" [stack: 0x000000bfdf900000,0x000000bfdfa00000] [id=56960]
  0x000001ddb14d2800 ConcurrentGCThread "G1 Refine#5" [stack: 0x000000bfdfa00000,0x000000bfdfb00000] [id=116364]
  0x000001ddb14db000 ConcurrentGCThread "G1 Refine#6" [stack: 0x000000bfdfb00000,0x000000bfdfc00000] [id=120828]
  0x000001ddb14dc000 ConcurrentGCThread "G1 Refine#7" [stack: 0x000000bfdfc00000,0x000000bfdfd00000] [id=94140]
  0x000001ddb14dc800 ConcurrentGCThread "G1 Young RemSet Sampling" [stack: 0x000000bfdfd00000,0x000000bfdfe00000] [id=115884]

Threads with active compile tasks:

VM state:at safepoint (normal execution)

VM Mutex/Monitor currently owned by a thread:  ([mutex/lock_event])
[0x000001dd8d73fb00] Threads_lock - owner thread: 0x000001ddb1650800

Heap address: 0x0000000081c00000, size: 2020 MB, Compressed Oops mode: 32-bit
Narrow klass base: 0x0000000000000000, Narrow klass shift: 3
Compressed class space size: 1073741824 Address: 0x0000000100000000

Heap:
 garbage-first heap   total 131072K, used 4096K [0x0000000081c00000, 0x0000000100000000)
  region size 1024K, 5 young (5120K), 0 survivors (0K)
 Metaspace       used 6318K, capacity 6459K, committed 6528K, reserved 1056768K
  class space    used 514K, capacity 577K, committed 640K, reserved 1048576K
Heap Regions: E=young(eden), S=young(survivor), O=old, HS=humongous(starts), HC=humongous(continues), CS=collection set, F=free, A=archive, TS=gc time stamp, AC=allocation context, TAMS=top-at-mark-start (previous, next)
|   0|0x0000000081c00000, 0x0000000081c00000, 0x0000000081d00000|  0%| F|  |TS  0|AC  0|TAMS 0x0000000081c00000, 0x0000000081c00000|
|   1|0x0000000081d00000, 0x0000000081d00000, 0x0000000081e00000|  0%| F|  |TS  0|AC  0|TAMS 0x0000000081d00000, 0x0000000081d00000|
|   2|0x0000000081e00000, 0x0000000081e00000, 0x0000000081f00000|  0%| F|  |TS  0|AC  0|TAMS 0x0000000081e00000, 0x0000000081e00000|
|   3|0x0000000081f00000, 0x0000000081f00000, 0x0000000082000000|  0%| F|  |TS  0|AC  0|TAMS 0x0000000081f00000, 0x0000000081f00000|
|   4|0x0000000082000000, 0x0000000082000000, 0x0000000082100000|  0%| F|  |TS  0|AC  0|TAMS 0x0000000082000000, 0x0000000082000000|
|   5|0x0000000082100000, 0x0000000082100000, 0x0000000082200000|  0%| F|  |TS  0|AC  0|TAMS 0x0000000082100000, 0x0000000082100000|
|   6|0x0000000082200000, 0x0000000082200000, 0x0000000082300000|  0%| F|  |TS  0|AC  0|TAMS 0x0000000082200000, 0x0000000082200000|
|   7|0x0000000082300000, 0x0000000082300000, 0x0000000082400000|  0%| F|  |TS  0|AC  0|TAMS 0x0000000082300000, 0x0000000082300000|
|   8|0x0000000082400000, 0x0000000082400000, 0x0000000082500000|  0%| F|  |TS  0|AC  0|TAMS 0x0000000082400000, 0x0000000082400000|
|   9|0x0000000082500000, 0x0000000082500000, 0x0000000082600000|  0%| F|  |TS  0|AC  0|TAMS 0x0000000082500000, 0x0000000082500000|
|  10|0x0000000082600000, 0x0000000082600000, 0x0000000082700000|  0%| F|  |TS  0|AC  0|TAMS 0x0000000082600000, 0x0000000082600000|
|  11|0x0000000082700000, 0x0000000082700000, 0x0000000082800000|  0%| F|  |TS  0|AC  0|TAMS 0x0000000082700000, 0x0000000082700000|
|  12|0x0000000082800000, 0x0000000082800000, 0x0000000082900000|  0%| F|  |TS  0|AC  0|TAMS 0x0000000082800000, 0x0000000082800000|
|  13|0x0000000082900000, 0x0000000082900000, 0x0000000082a00000|  0%| F|  |TS  0|AC  0|TAMS 0x0000000082900000, 0x0000000082900000|
|  14|0x0000000082a00000, 0x0000000082a00000, 0x0000000082b00000|  0%| F|  |TS  0|AC  0|TAMS 0x0000000082a00000, 0x0000000082a00000|
|  15|0x0000000082b00000, 0x0000000082b00000, 0x0000000082c00000|  0%| F|  |TS  0|AC  0|TAMS 0x0000000082b00000, 0x0000000082b00000|
|  16|0x0000000082c00000, 0x0000000082c00000, 0x0000000082d00000|  0%| F|  |TS  0|AC  0|TAMS 0x0000000082c00000, 0x0000000082c00000|
|  17|0x0000000082d00000, 0x0000000082d00000, 0x0000000082e00000|  0%| F|  |TS  0|AC  0|TAMS 0x0000000082d00000, 0x0000000082d00000|
|  18|0x0000000082e00000, 0x0000000082e00000, 0x0000000082f00000|  0%| F|  |TS  0|AC  0|TAMS 0x0000000082e00000, 0x0000000082e00000|
|  19|0x0000000082f00000, 0x0000000082f00000, 0x0000000083000000|  0%| F|  |TS  0|AC  0|TAMS 0x0000000082f00000, 0x0000000082f00000|
|  20|0x0000000083000000, 0x0000000083000000, 0x0000000083100000|  0%| F|  |TS  0|AC  0|TAMS 0x0000000083000000, 0x0000000083000000|
|  21|0x0000000083100000, 0x0000000083100000, 0x0000000083200000|  0%| F|  |TS  0|AC  0|TAMS 0x0000000083100000, 0x0000000083100000|
|  22|0x0000000083200000, 0x0000000083200000, 0x0000000083300000|  0%| F|  |TS  0|AC  0|TAMS 0x0000000083200000, 0x0000000083200000|
|  23|0x0000000083300000, 0x0000000083300000, 0x0000000083400000|  0%| F|  |TS  0|AC  0|TAMS 0x0000000083300000, 0x0000000083300000|
|  24|0x0000000083400000, 0x0000000083400000, 0x0000000083500000|  0%| F|  |TS  0|AC  0|TAMS 0x0000000083400000, 0x0000000083400000|
|  25|0x0000000083500000, 0x0000000083500000, 0x0000000083600000|  0%| F|  |TS  0|AC  0|TAMS 0x0000000083500000, 0x0000000083500000|
|  26|0x0000000083600000, 0x0000000083600000, 0x0000000083700000|  0%| F|  |TS  0|AC  0|TAMS 0x0000000083600000, 0x0000000083600000|
|  27|0x0000000083700000, 0x0000000083700000, 0x0000000083800000|  0%| F|  |TS  0|AC  0|TAMS 0x0000000083700000, 0x0000000083700000|
|  28|0x0000000083800000, 0x0000000083800000, 0x0000000083900000|  0%| F|  |TS  0|AC  0|TAMS 0x0000000083800000, 0x0000000083800000|
|  29|0x0000000083900000, 0x0000000083900000, 0x0000000083a00000|  0%| F|  |TS  0|AC  0|TAMS 0x0000000083900000, 0x0000000083900000|
|  30|0x0000000083a00000, 0x0000000083a00000, 0x0000000083b00000|  0%| F|  |TS  0|AC  0|TAMS 0x0000000083a00000, 0x0000000083a00000|
|  31|0x0000000083b00000, 0x0000000083b00000, 0x0000000083c00000|  0%| F|  |TS  0|AC  0|TAMS 0x0000000083b00000, 0x0000000083b00000|
|  32|0x0000000083c00000, 0x0000000083c00000, 0x0000000083d00000|  0%| F|  |TS  0|AC  0|TAMS 0x0000000083c00000, 0x0000000083c00000|
|  33|0x0000000083d00000, 0x0000000083d00000, 0x0000000083e00000|  0%| F|  |TS  0|AC  0|TAMS 0x0000000083d00000, 0x0000000083d00000|
|  34|0x0000000083e00000, 0x0000000083e00000, 0x0000000083f00000|  0%| F|  |TS  0|AC  0|TAMS 0x0000000083e00000, 0x0000000083e00000|
|  35|0x0000000083f00000, 0x0000000083f00000, 0x0000000084000000|  0%| F|  |TS  0|AC  0|TAMS 0x0000000083f00000, 0x0000000083f00000|
|  36|0x0000000084000000, 0x0000000084000000, 0x0000000084100000|  0%| F|  |TS  0|AC  0|TAMS 0x0000000084000000, 0x0000000084000000|
|  37|0x0000000084100000, 0x0000000084100000, 0x0000000084200000|  0%| F|  |TS  0|AC  0|TAMS 0x0000000084100000, 0x0000000084100000|
|  38|0x0000000084200000, 0x0000000084200000, 0x0000000084300000|  0%| F|  |TS  0|AC  0|TAMS 0x0000000084200000, 0x0000000084200000|
|  39|0x0000000084300000, 0x0000000084300000, 0x0000000084400000|  0%| F|  |TS  0|AC  0|TAMS 0x0000000084300000, 0x0000000084300000|
|  40|0x0000000084400000, 0x0000000084400000, 0x0000000084500000|  0%| F|  |TS  0|AC  0|TAMS 0x0000000084400000, 0x0000000084400000|
|  41|0x0000000084500000, 0x0000000084500000, 0x0000000084600000|  0%| F|  |TS  0|AC  0|TAMS 0x0000000084500000, 0x0000000084500000|
|  42|0x0000000084600000, 0x0000000084600000, 0x0000000084700000|  0%| F|  |TS  0|AC  0|TAMS 0x0000000084600000, 0x0000000084600000|
|  43|0x0000000084700000, 0x0000000084700000, 0x0000000084800000|  0%| F|  |TS  0|AC  0|TAMS 0x0000000084700000, 0x0000000084700000|
|  44|0x0000000084800000, 0x0000000084800000, 0x0000000084900000|  0%| F|  |TS  0|AC  0|TAMS 0x0000000084800000, 0x0000000084800000|
|  45|0x0000000084900000, 0x0000000084900000, 0x0000000084a00000|  0%| F|  |TS  0|AC  0|TAMS 0x0000000084900000, 0x0000000084900000|
|  46|0x0000000084a00000, 0x0000000084a00000, 0x0000000084b00000|  0%| F|  |TS  0|AC  0|TAMS 0x0000000084a00000, 0x0000000084a00000|
|  47|0x0000000084b00000, 0x0000000084b00000, 0x0000000084c00000|  0%| F|  |TS  0|AC  0|TAMS 0x0000000084b00000, 0x0000000084b00000|
|  48|0x0000000084c00000, 0x0000000084c00000, 0x0000000084d00000|  0%| F|  |TS  0|AC  0|TAMS 0x0000000084c00000, 0x0000000084c00000|
|  49|0x0000000084d00000, 0x0000000084d00000, 0x0000000084e00000|  0%| F|  |TS  0|AC  0|TAMS 0x0000000084d00000, 0x0000000084d00000|
|  50|0x0000000084e00000, 0x0000000084e00000, 0x0000000084f00000|  0%| F|  |TS  0|AC  0|TAMS 0x0000000084e00000, 0x0000000084e00000|
|  51|0x0000000084f00000, 0x0000000084f00000, 0x0000000085000000|  0%| F|  |TS  0|AC  0|TAMS 0x0000000084f00000, 0x0000000084f00000|
|  52|0x0000000085000000, 0x0000000085000000, 0x0000000085100000|  0%| F|  |TS  0|AC  0|TAMS 0x0000000085000000, 0x0000000085000000|
|  53|0x0000000085100000, 0x0000000085100000, 0x0000000085200000|  0%| F|  |TS  0|AC  0|TAMS 0x0000000085100000, 0x0000000085100000|
|  54|0x0000000085200000, 0x0000000085200000, 0x0000000085300000|  0%| F|  |TS  0|AC  0|TAMS 0x0000000085200000, 0x0000000085200000|
|  55|0x0000000085300000, 0x0000000085300000, 0x0000000085400000|  0%| F|  |TS  0|AC  0|TAMS 0x0000000085300000, 0x0000000085300000|
|  56|0x0000000085400000, 0x0000000085400000, 0x0000000085500000|  0%| F|  |TS  0|AC  0|TAMS 0x0000000085400000, 0x0000000085400000|
|  57|0x0000000085500000, 0x0000000085500000, 0x0000000085600000|  0%| F|  |TS  0|AC  0|TAMS 0x0000000085500000, 0x0000000085500000|
|  58|0x0000000085600000, 0x0000000085600000, 0x0000000085700000|  0%| F|  |TS  0|AC  0|TAMS 0x0000000085600000, 0x0000000085600000|
|  59|0x0000000085700000, 0x0000000085700000, 0x0000000085800000|  0%| F|  |TS  0|AC  0|TAMS 0x0000000085700000, 0x0000000085700000|
|  60|0x0000000085800000, 0x0000000085800000, 0x0000000085900000|  0%| F|  |TS  0|AC  0|TAMS 0x0000000085800000, 0x0000000085800000|
|  61|0x0000000085900000, 0x0000000085900000, 0x0000000085a00000|  0%| F|  |TS  0|AC  0|TAMS 0x0000000085900000, 0x0000000085900000|
|  62|0x0000000085a00000, 0x0000000085a00000, 0x0000000085b00000|  0%| F|  |TS  0|AC  0|TAMS 0x0000000085a00000, 0x0000000085a00000|
|  63|0x0000000085b00000, 0x0000000085b00000, 0x0000000085c00000|  0%| F|  |TS  0|AC  0|TAMS 0x0000000085b00000, 0x0000000085b00000|
|  64|0x0000000085c00000, 0x0000000085c00000, 0x0000000085d00000|  0%| F|  |TS  0|AC  0|TAMS 0x0000000085c00000, 0x0000000085c00000|
|  65|0x0000000085d00000, 0x0000000085d00000, 0x0000000085e00000|  0%| F|  |TS  0|AC  0|TAMS 0x0000000085d00000, 0x0000000085d00000|
|  66|0x0000000085e00000, 0x0000000085e00000, 0x0000000085f00000|  0%| F|  |TS  0|AC  0|TAMS 0x0000000085e00000, 0x0000000085e00000|
|  67|0x0000000085f00000, 0x0000000085f00000, 0x0000000086000000|  0%| F|  |TS  0|AC  0|TAMS 0x0000000085f00000, 0x0000000085f00000|
|  68|0x0000000086000000, 0x0000000086000000, 0x0000000086100000|  0%| F|  |TS  0|AC  0|TAMS 0x0000000086000000, 0x0000000086000000|
|  69|0x0000000086100000, 0x0000000086100000, 0x0000000086200000|  0%| F|  |TS  0|AC  0|TAMS 0x0000000086100000, 0x0000000086100000|
|  70|0x0000000086200000, 0x0000000086200000, 0x0000000086300000|  0%| F|  |TS  0|AC  0|TAMS 0x0000000086200000, 0x0000000086200000|
|  71|0x0000000086300000, 0x0000000086300000, 0x0000000086400000|  0%| F|  |TS  0|AC  0|TAMS 0x0000000086300000, 0x0000000086300000|
|  72|0x0000000086400000, 0x0000000086400000, 0x0000000086500000|  0%| F|  |TS  0|AC  0|TAMS 0x0000000086400000, 0x0000000086400000|
|  73|0x0000000086500000, 0x0000000086500000, 0x0000000086600000|  0%| F|  |TS  0|AC  0|TAMS 0x0000000086500000, 0x0000000086500000|
|  74|0x0000000086600000, 0x0000000086600000, 0x0000000086700000|  0%| F|  |TS  0|AC  0|TAMS 0x0000000086600000, 0x0000000086600000|
|  75|0x0000000086700000, 0x0000000086700000, 0x0000000086800000|  0%| F|  |TS  0|AC  0|TAMS 0x0000000086700000, 0x0000000086700000|
|  76|0x0000000086800000, 0x0000000086800000, 0x0000000086900000|  0%| F|  |TS  0|AC  0|TAMS 0x0000000086800000, 0x0000000086800000|
|  77|0x0000000086900000, 0x0000000086900000, 0x0000000086a00000|  0%| F|  |TS  0|AC  0|TAMS 0x0000000086900000, 0x0000000086900000|
|  78|0x0000000086a00000, 0x0000000086a00000, 0x0000000086b00000|  0%| F|  |TS  0|AC  0|TAMS 0x0000000086a00000, 0x0000000086a00000|
|  79|0x0000000086b00000, 0x0000000086b00000, 0x0000000086c00000|  0%| F|  |TS  0|AC  0|TAMS 0x0000000086b00000, 0x0000000086b00000|
|  80|0x0000000086c00000, 0x0000000086c00000, 0x0000000086d00000|  0%| F|  |TS  0|AC  0|TAMS 0x0000000086c00000, 0x0000000086c00000|
|  81|0x0000000086d00000, 0x0000000086d00000, 0x0000000086e00000|  0%| F|  |TS  0|AC  0|TAMS 0x0000000086d00000, 0x0000000086d00000|
|  82|0x0000000086e00000, 0x0000000086e00000, 0x0000000086f00000|  0%| F|  |TS  0|AC  0|TAMS 0x0000000086e00000, 0x0000000086e00000|
|  83|0x0000000086f00000, 0x0000000086f00000, 0x0000000087000000|  0%| F|  |TS  0|AC  0|TAMS 0x0000000086f00000, 0x0000000086f00000|
|  84|0x0000000087000000, 0x0000000087000000, 0x0000000087100000|  0%| F|  |TS  0|AC  0|TAMS 0x0000000087000000, 0x0000000087000000|
|  85|0x0000000087100000, 0x0000000087100000, 0x0000000087200000|  0%| F|  |TS  0|AC  0|TAMS 0x0000000087100000, 0x0000000087100000|
|  86|0x0000000087200000, 0x0000000087200000, 0x0000000087300000|  0%| F|  |TS  0|AC  0|TAMS 0x0000000087200000, 0x0000000087200000|
|  87|0x0000000087300000, 0x0000000087300000, 0x0000000087400000|  0%| F|  |TS  0|AC  0|TAMS 0x0000000087300000, 0x0000000087300000|
|  88|0x0000000087400000, 0x0000000087400000, 0x0000000087500000|  0%| F|  |TS  0|AC  0|TAMS 0x0000000087400000, 0x0000000087400000|
|  89|0x0000000087500000, 0x0000000087500000, 0x0000000087600000|  0%| F|  |TS  0|AC  0|TAMS 0x0000000087500000, 0x0000000087500000|
|  90|0x0000000087600000, 0x0000000087600000, 0x0000000087700000|  0%| F|  |TS  0|AC  0|TAMS 0x0000000087600000, 0x0000000087600000|
|  91|0x0000000087700000, 0x0000000087700000, 0x0000000087800000|  0%| F|  |TS  0|AC  0|TAMS 0x0000000087700000, 0x0000000087700000|
|  92|0x0000000087800000, 0x0000000087800000, 0x0000000087900000|  0%| F|  |TS  0|AC  0|TAMS 0x0000000087800000, 0x0000000087800000|
|  93|0x0000000087900000, 0x0000000087900000, 0x0000000087a00000|  0%| F|  |TS  0|AC  0|TAMS 0x0000000087900000, 0x0000000087900000|
|  94|0x0000000087a00000, 0x0000000087a00000, 0x0000000087b00000|  0%| F|  |TS  0|AC  0|TAMS 0x0000000087a00000, 0x0000000087a00000|
|  95|0x0000000087b00000, 0x0000000087b00000, 0x0000000087c00000|  0%| F|  |TS  0|AC  0|TAMS 0x0000000087b00000, 0x0000000087b00000|
|  96|0x0000000087c00000, 0x0000000087c00000, 0x0000000087d00000|  0%| F|  |TS  0|AC  0|TAMS 0x0000000087c00000, 0x0000000087c00000|
|  97|0x0000000087d00000, 0x0000000087d00000, 0x0000000087e00000|  0%| F|  |TS  0|AC  0|TAMS 0x0000000087d00000, 0x0000000087d00000|
|  98|0x0000000087e00000, 0x0000000087e00000, 0x0000000087f00000|  0%| F|  |TS  0|AC  0|TAMS 0x0000000087e00000, 0x0000000087e00000|
|  99|0x0000000087f00000, 0x0000000087f00000, 0x0000000088000000|  0%| F|  |TS  0|AC  0|TAMS 0x0000000087f00000, 0x0000000087f00000|
| 100|0x0000000088000000, 0x0000000088000000, 0x0000000088100000|  0%| F|  |TS  0|AC  0|TAMS 0x0000000088000000, 0x0000000088000000|
| 101|0x0000000088100000, 0x0000000088100000, 0x0000000088200000|  0%| F|  |TS  0|AC  0|TAMS 0x0000000088100000, 0x0000000088100000|
| 102|0x0000000088200000, 0x0000000088200000, 0x0000000088300000|  0%| F|  |TS  0|AC  0|TAMS 0x0000000088200000, 0x0000000088200000|
| 103|0x0000000088300000, 0x0000000088300000, 0x0000000088400000|  0%| F|  |TS  0|AC  0|TAMS 0x0000000088300000, 0x0000000088300000|
| 104|0x0000000088400000, 0x0000000088400000, 0x0000000088500000|  0%| F|  |TS  0|AC  0|TAMS 0x0000000088400000, 0x0000000088400000|
| 105|0x0000000088500000, 0x0000000088500000, 0x0000000088600000|  0%| F|  |TS  0|AC  0|TAMS 0x0000000088500000, 0x0000000088500000|
| 106|0x0000000088600000, 0x0000000088600000, 0x0000000088700000|  0%| F|  |TS  0|AC  0|TAMS 0x0000000088600000, 0x0000000088600000|
| 107|0x0000000088700000, 0x0000000088700000, 0x0000000088800000|  0%| F|  |TS  0|AC  0|TAMS 0x0000000088700000, 0x0000000088700000|
| 108|0x0000000088800000, 0x0000000088800000, 0x0000000088900000|  0%| F|  |TS  0|AC  0|TAMS 0x0000000088800000, 0x0000000088800000|
| 109|0x0000000088900000, 0x0000000088900000, 0x0000000088a00000|  0%| F|  |TS  0|AC  0|TAMS 0x0000000088900000, 0x0000000088900000|
| 110|0x0000000088a00000, 0x0000000088a00000, 0x0000000088b00000|  0%| F|  |TS  0|AC  0|TAMS 0x0000000088a00000, 0x0000000088a00000|
| 111|0x0000000088b00000, 0x0000000088b00000, 0x0000000088c00000|  0%| F|  |TS  0|AC  0|TAMS 0x0000000088b00000, 0x0000000088b00000|
| 112|0x0000000088c00000, 0x0000000088c00000, 0x0000000088d00000|  0%| F|  |TS  0|AC  0|TAMS 0x0000000088c00000, 0x0000000088c00000|
| 113|0x0000000088d00000, 0x0000000088d00000, 0x0000000088e00000|  0%| F|  |TS  0|AC  0|TAMS 0x0000000088d00000, 0x0000000088d00000|
| 114|0x0000000088e00000, 0x0000000088e00000, 0x0000000088f00000|  0%| F|  |TS  0|AC  0|TAMS 0x0000000088e00000, 0x0000000088e00000|
| 115|0x0000000088f00000, 0x0000000088f00000, 0x0000000089000000|  0%| F|  |TS  0|AC  0|TAMS 0x0000000088f00000, 0x0000000088f00000|
| 116|0x0000000089000000, 0x0000000089000000, 0x0000000089100000|  0%| F|  |TS  0|AC  0|TAMS 0x0000000089000000, 0x0000000089000000|
| 117|0x0000000089100000, 0x0000000089100000, 0x0000000089200000|  0%| F|  |TS  0|AC  0|TAMS 0x0000000089100000, 0x0000000089100000|
| 118|0x0000000089200000, 0x0000000089200000, 0x0000000089300000|  0%| F|  |TS  0|AC  0|TAMS 0x0000000089200000, 0x0000000089200000|
| 119|0x0000000089300000, 0x0000000089300000, 0x0000000089400000|  0%| F|  |TS  0|AC  0|TAMS 0x0000000089300000, 0x0000000089300000|
| 120|0x0000000089400000, 0x0000000089400000, 0x0000000089500000|  0%| F|  |TS  0|AC  0|TAMS 0x0000000089400000, 0x0000000089400000|
| 121|0x0000000089500000, 0x0000000089500000, 0x0000000089600000|  0%| F|  |TS  0|AC  0|TAMS 0x0000000089500000, 0x0000000089500000|
| 122|0x0000000089600000, 0x0000000089600000, 0x0000000089700000|  0%| F|  |TS  0|AC  0|TAMS 0x0000000089600000, 0x0000000089600000|
| 123|0x0000000089700000, 0x0000000089800000, 0x0000000089800000|100%| E|  |TS  0|AC  0|TAMS 0x0000000089700000, 0x0000000089700000|
| 124|0x0000000089800000, 0x0000000089900000, 0x0000000089900000|100%| E|CS|TS  0|AC  0|TAMS 0x0000000089800000, 0x0000000089800000|
| 125|0x0000000089900000, 0x0000000089a00000, 0x0000000089a00000|100%| E|CS|TS  0|AC  0|TAMS 0x0000000089900000, 0x0000000089900000|
| 126|0x0000000089a00000, 0x0000000089b00000, 0x0000000089b00000|100%| E|CS|TS  0|AC  0|TAMS 0x0000000089a00000, 0x0000000089a00000|
| 127|0x0000000089b00000, 0x0000000089c00000, 0x0000000089c00000|100%| E|CS|TS  0|AC  0|TAMS 0x0000000089b00000, 0x0000000089b00000|

Card table byte_map: [0x000001ddaa440000,0x000001ddaa840000] byte_map_base: 0x000001ddaa032000

Marking Bits (Prev, Next): (CMBitMap*) 0x000001dd8d7f38c0, (CMBitMap*) 0x000001dd8d7f38f8
 Prev Bits: [0x000001ddaac40000, 0x000001ddacbd0000)
 Next Bits: [0x000001ddacbd0000, 0x000001ddaeb60000)

Polling page: 0x000001dd8d700000

CodeHeap 'non-profiled nmethods': size=120000Kb used=122Kb max_used=122Kb free=119878Kb
 bounds [0x000001dda20b0000, 0x000001dda2320000, 0x000001dda95e0000]
CodeHeap 'profiled nmethods': size=120000Kb used=417Kb max_used=417Kb free=119583Kb
 bounds [0x000001dd9ab80000, 0x000001dd9adf0000, 0x000001dda20b0000]
CodeHeap 'non-nmethods': size=5760Kb used=1135Kb max_used=1135Kb free=4624Kb
 bounds [0x000001dd9a5e0000, 0x000001dd9a850000, 0x000001dd9ab80000]
 total_blobs=758 nmethods=331 adapters=260
 compilation: enabled

Compilation events (10 events):
Event: 0.331 Thread 0x000001ddb1ee5800  327       3       jdk.internal.math.FDBigInteger::<init> (30 bytes)
Event: 0.331 Thread 0x000001ddb1ee5800 nmethod 327 0x000001dd9abe5c90 code [0x000001dd9abe5e60, 0x000001dd9abe60d0]
Event: 0.331 Thread 0x000001ddb1ee5800  328       3       jdk.internal.math.FDBigInteger::trimLeadingZeros (57 bytes)
Event: 0.331 Thread 0x000001ddb1ee5800 nmethod 328 0x000001dd9abe6210 code [0x000001dd9abe63e0, 0x000001dd9abe6718]
Event: 0.331 Thread 0x000001ddb1ee5800  329       3       java.lang.invoke.MethodType::insertParameterTypes (121 bytes)
Event: 0.332 Thread 0x000001ddb1ee5800 nmethod 329 0x000001dd9abe6810 code [0x000001dd9abe6b20, 0x000001dd9abe79e0]
Event: 0.332 Thread 0x000001ddb1ee5800  330       3       java.lang.invoke.MethodType::parameterCount (6 bytes)
Event: 0.333 Thread 0x000001ddb1ee5800 nmethod 330 0x000001dd9abe8010 code [0x000001dd9abe81c0, 0x000001dd9abe8318]
Event: 0.333 Thread 0x000001ddb1ee5800  331       1       java.nio.Buffer::position (5 bytes)
Event: 0.333 Thread 0x000001ddb1ee5800 nmethod 331 0x000001dda20ce490 code [0x000001dda20ce640, 0x000001dda20ce758]

GC Heap History (0 events):
No events

Deoptimization events (2 events):
Event: 0.162 Thread 0x000001dd8d741000 Uncommon trap: reason=unstable_if action=reinterpret pc=0x000001dda20b8300 method=java.util.AbstractCollection.isEmpty()Z @ 4 c2
Event: 0.214 Thread 0x000001dd8d741000 Uncommon trap: reason=unstable_if action=reinterpret pc=0x000001dda20b29a8 method=java.lang.String.hashCode()I @ 14 c2

Classes redefined (10 events):
Event: 79.103 Thread 0x000001ddb1650800 redefined class name=MedianFinder, count=2
Event: 79.104 Thread 0x000001ddb1650800 redefined class name=MedianFinder$TreeNode, count=2
Event: 971.912 Thread 0x000001ddb1650800 redefined class name=MedianFinder, count=3
Event: 971.913 Thread 0x000001ddb1650800 redefined class name=MedianFinder$TreeNode, count=3
Event: 1093.246 Thread 0x000001ddb1650800 redefined class name=MedianFinder, count=4
Event: 1093.247 Thread 0x000001ddb1650800 redefined class name=MedianFinder$TreeNode, count=4
Event: 1170.422 Thread 0x000001ddb1650800 redefined class name=MedianFinder, count=5
Event: 1170.423 Thread 0x000001ddb1650800 redefined class name=MedianFinder$TreeNode, count=5
Event: 1301.870 Thread 0x000001ddb1650800 redefined class name=MedianFinder, count=6
Event: 1301.871 Thread 0x000001ddb1650800 redefined class name=MedianFinder$TreeNode, count=6

Internal exceptions (0 events):
No events

Events (10 events):
Event: 1527.888 Executing VM operation: ChangeBreakpoints done
Event: 1529.243 Executing VM operation: ChangeBreakpoints
Event: 1529.243 Executing VM operation: ChangeBreakpoints done
Event: 1530.005 Executing VM operation: ChangeBreakpoints
Event: 1530.005 Executing VM operation: ChangeBreakpoints done
Event: 1545.572 Executing VM operation: ChangeBreakpoints
Event: 1545.572 Executing VM operation: ChangeBreakpoints done
Event: 1545.575 Executing VM operation: ChangeBreakpoints
Event: 1545.575 Executing VM operation: ChangeBreakpoints done
Event: 1545.578 Executing VM operation: RedefineClasses


Dynamic libraries:
0x00007ff7f82b0000 - 0x00007ff7f82ee000 	C:\Program Files\Java\jdk-10\bin\java.exe
0x00007ff812a70000 - 0x00007ff812c51000 	C:\WINDOWS\SYSTEM32\ntdll.dll
0x00007ff811f10000 - 0x00007ff811fc2000 	C:\WINDOWS\System32\KERNEL32.DLL
0x00007ff80efe0000 - 0x00007ff80f253000 	C:\WINDOWS\System32\KERNELBASE.dll
0x00007ff812840000 - 0x00007ff8128e1000 	C:\WINDOWS\System32\ADVAPI32.dll
0x00007ff811e40000 - 0x00007ff811ede000 	C:\WINDOWS\System32\msvcrt.dll
0x00007ff8128f0000 - 0x00007ff81294b000 	C:\WINDOWS\System32\sechost.dll
0x00007ff811430000 - 0x00007ff811554000 	C:\WINDOWS\System32\RPCRT4.dll
0x00007ff811560000 - 0x00007ff8116f0000 	C:\WINDOWS\System32\USER32.dll
0x00007ff80fee0000 - 0x00007ff80ff00000 	C:\WINDOWS\System32\win32u.dll
0x00007ff811ee0000 - 0x00007ff811f08000 	C:\WINDOWS\System32\GDI32.dll
0x00007ff80ee40000 - 0x00007ff80efd2000 	C:\WINDOWS\System32\gdi32full.dll
0x00007ff80f3f0000 - 0x00007ff80f48f000 	C:\WINDOWS\System32\msvcp_win.dll
0x00007ff80fde0000 - 0x00007ff80feda000 	C:\WINDOWS\System32\ucrtbase.dll
0x00007ff8029d0000 - 0x00007ff802c39000 	C:\WINDOWS\WinSxS\amd64_microsoft.windows.common-controls_6595b64144ccf1df_6.0.17134.191_none_fb3e94b130690543\COMCTL32.dll
0x00007ff8122a0000 - 0x00007ff8125c3000 	C:\WINDOWS\System32\combase.dll
0x00007ff80f370000 - 0x00007ff80f3ea000 	C:\WINDOWS\System32\bcryptPrimitives.dll
0x00007ff804cc0000 - 0x00007ff804cca000 	C:\WINDOWS\SYSTEM32\VERSION.dll
0x00007ff8129b0000 - 0x00007ff8129dd000 	C:\WINDOWS\System32\IMM32.DLL
0x00007fffe7cc0000 - 0x00007fffe7daf000 	C:\Program Files\Java\jdk-10\bin\msvcr120.dll
0x00007fffe7c10000 - 0x00007fffe7cb6000 	C:\Program Files\Java\jdk-10\bin\msvcp120.dll
0x00000000636b0000 - 0x000000006411f000 	C:\Program Files\Java\jdk-10\bin\server\jvm.dll
0x00007ff80ff00000 - 0x00007ff80ff08000 	C:\WINDOWS\System32\PSAPI.DLL
0x00007ffff03e0000 - 0x00007ffff03e9000 	C:\WINDOWS\SYSTEM32\WSOCK32.dll
0x00007ff80cc50000 - 0x00007ff80cc73000 	C:\WINDOWS\SYSTEM32\WINMM.dll
0x00007ff812730000 - 0x00007ff81279c000 	C:\WINDOWS\System32\WS2_32.dll
0x00007ff80c800000 - 0x00007ff80c82a000 	C:\WINDOWS\SYSTEM32\winmmbase.dll
0x00007ff80fba0000 - 0x00007ff80fbe9000 	C:\WINDOWS\System32\cfgmgr32.dll
0x00007ff80cdc0000 - 0x00007ff80cdcf000 	C:\Program Files\Java\jdk-10\bin\verify.dll
0x00007ffff2bf0000 - 0x00007ffff2db9000 	C:\WINDOWS\SYSTEM32\DBGHELP.DLL
0x00007ffff2b70000 - 0x00007ffff2b99000 	C:\WINDOWS\SYSTEM32\dbgcore.DLL
0x00007ffffb270000 - 0x00007ffffb297000 	C:\Program Files\Java\jdk-10\bin\java.dll
0x00007ffff8bd0000 - 0x00007ffff8c06000 	C:\Program Files\Java\jdk-10\bin\jdwp.dll
0x00007ffff7900000 - 0x00007ffff792a000 	C:\Program Files\Java\jdk-10\bin\instrument.dll
0x00007ffffb840000 - 0x00007ffffb856000 	C:\Program Files\Java\jdk-10\bin\zip.dll
0x00007ff80cda0000 - 0x00007ff80cdaa000 	C:\Program Files\Java\jdk-10\bin\jimage.dll
0x00007ff80ff20000 - 0x00007ff811360000 	C:\WINDOWS\System32\SHELL32.dll
0x00007ff811fd0000 - 0x00007ff812079000 	C:\WINDOWS\System32\shcore.dll
0x00007ff80f490000 - 0x00007ff80fb9d000 	C:\WINDOWS\System32\windows.storage.dll
0x00007ff812950000 - 0x00007ff8129a1000 	C:\WINDOWS\System32\shlwapi.dll
0x00007ff80ede0000 - 0x00007ff80edf1000 	C:\WINDOWS\System32\kernel.appcore.dll
0x00007ff80ee20000 - 0x00007ff80ee3f000 	C:\WINDOWS\System32\profapi.dll
0x00007ff80ed80000 - 0x00007ff80edcc000 	C:\WINDOWS\System32\powrprof.dll
0x00007ff80edd0000 - 0x00007ff80edda000 	C:\WINDOWS\System32\FLTLIB.DLL
0x00007ff80a2e0000 - 0x00007ff80a2ea000 	C:\Program Files\Java\jdk-10\bin\dt_socket.dll
0x00007ff80e600000 - 0x00007ff80e666000 	C:\WINDOWS\system32\mswsock.dll
0x00007ffffb250000 - 0x00007ffffb26a000 	C:\Program Files\Java\jdk-10\bin\net.dll
0x00007ff8083f0000 - 0x00007ff8084cc000 	C:\WINDOWS\SYSTEM32\WINHTTP.dll
0x00007fffef310000 - 0x00007fffef321000 	C:\Program Files\Java\jdk-10\bin\nio.dll

dbghelp: loaded successfully - version: 4.0.5 - missing functions: none
symbol engine: initialized successfully - sym options: 0x614 - pdb path: .;C:\Program Files\Java\jdk-10\bin;C:\WINDOWS\SYSTEM32;C:\WINDOWS\WinSxS\amd64_microsoft.windows.common-controls_6595b64144ccf1df_6.0.17134.191_none_fb3e94b130690543;C:\Program Files\Java\jdk-10\bin\server

VM Arguments:
jvm_args: -agentlib:jdwp=transport=dt_socket,address=127.0.0.1:9890,suspend=y,server=n -javaagent:C:\Users\Mr.Lyu\Downloads\ideaIC-2018.2.win\lib\rt\debugger-agent.jar=file:/C:/Users/Mr.Lyu/AppData/Local/Temp/capture.props -Dfile.encoding=UTF-8 
java_command: MedianFinder
java_class_path (initial): D:\LCsolution\295. Find Median from Data Stream\out\production\295. Find Median from Data Stream;C:\Users\Mr.Lyu\Downloads\ideaIC-2018.2.win\lib\idea_rt.jar
Launcher Type: SUN_STANDARD

Logging:
Log output configuration:
#0: stdout all=warning uptime,level,tags
#1: stderr all=off uptime,level,tags

Environment Variables:
JAVA_HOME=C:\Program Files\Java\jdk-10
PATH=C:\ProgramData\Oracle\Java\javapath;C:\Program Files (x86)\Intel\iCLS Client\;C:\Program Files\Intel\iCLS Client\;C:\Windows\system32;C:\Windows;C:\Windows\System32\Wbem;C:\Windows\System32\WindowsPowerShell\v1.0\;C:\Program Files (x86)\Intel\Intel(R) Management Engine Components\DAL;C:\Program Files\Intel\Intel(R) Management Engine Components\DAL;C:\Program Files (x86)\Intel\Intel(R) Management Engine Components\IPT;C:\Program Files\Intel\Intel(R) Management Engine Components\IPT;C:\Program Files (x86)\NVIDIA Corporation\PhysX\Common;C:\Program Files\Intel\WiFi\bin\;C:\Program Files\Common Files\Intel\WirelessCommon\;C:\Program Files\Git\cmd;C:\Program Files\Java\jdk-10\bin;C:\WINDOWS\system32;C:\WINDOWS;C:\WINDOWS\System32\Wbem;C:\WINDOWS\System32\WindowsPowerShell\v1.0\;C:\WINDOWS\System32\OpenSSH\;D:\Program Files\nodejs\;C:\ProgramData\ComposerSetup\bin;C:\Users\Mr.Lyu\AppData\Local\Programs\Python\Python37-32\Scripts\;C:\Users\Mr.Lyu\AppData\Local\Programs\Python\Python37-32\;C:\Users\Mr.Lyu\AppData\Local\Microsoft\WindowsApps;C:\Users\Mr.Lyu\AppData\Local\GitHubDesktop\bin;C:\Users\Mr.Lyu\AppData\Local\Microsoft\WindowsApps;C:\xampp\php;C:\Users\Mr.Lyu\AppData\Local\atom\bin;C:\Users\Mr.Lyu\AppData\Roaming\npm;D:\Program Files\nodejs;D:\Program Files\heroku\bin;C:\Users\Mr.Lyu\AppData\Roaming\Composer\vendor\bin
USERNAME=Mr.Lyu
OS=Windows_NT
PROCESSOR_IDENTIFIER=Intel64 Family 6 Model 142 Stepping 10, GenuineIntel



---------------  S Y S T E M  ---------------

OS: Windows 10 , 64 bit Build 17134 (10.0.17134.1)

CPU:total 8 (initial active 8) (4 cores per cpu, 2 threads per core) family 6 model 142 stepping 10, cmov, cx8, fxsr, mmx, sse, sse2, sse3, ssse3, sse4.1, sse4.2, popcnt, avx, avx2, aes, clmul, erms, 3dnowpref, lzcnt, ht, tsc, tscinvbit, bmi1, bmi2, adx, fma

Memory: 4k page, physical 8269924k(1702864k free), swap 19270584k(3490648k free)

vm_info: Java HotSpot(TM) 64-Bit Server VM (10+46) for windows-amd64 JRE (10+46), built on Mar  8 2018 02:11:18 by "mach5one" with MS VC++ 12.0 (VS2013)

END.
