#
# A fatal error has been detected by the Java Runtime Environment:
#
#  EXCEPTION_ACCESS_VIOLATION (0xc0000005) at pc=0x00000000638e344e, pid=114900, tid=110272
#
# JRE version: Java(TM) SE Runtime Environment (10.0+46) (build 10+46)
# Java VM: Java HotSpot(TM) 64-Bit Server VM (10+46, mixed mode, tiered, compressed oops, g1 gc, windows-amd64)
# Problematic frame:
# V  [jvm.dll+0x23344e]
#
# No core dump will be written. Minidumps are not enabled by default on client versions of Windows
#
# If you would like to submit a bug report, please visit:
#   http://bugreport.java.com/bugreport/crash.jsp
#

---------------  S U M M A R Y ------------

Command Line: -agentlib:jdwp=transport=dt_socket,address=127.0.0.1:9815,suspend=y,server=n -javaagent:C:\Users\Mr.Lyu\Downloads\ideaIC-2018.2.win\lib\rt\debugger-agent.jar=file:/C:/Users/Mr.Lyu/AppData/Local/Temp/capture.props -Dfile.encoding=UTF-8 MedianFinder

Host: Intel(R) Core(TM) i5-8250U CPU @ 1.60GHz, 8 cores, 7G,  Windows 10 , 64 bit Build 17134 (10.0.17134.1)
Time: Wed Aug 15 09:18:27 2018 ?D1¨²¡À¨º¡Á?¨º¡À?? elapsed time: 1844 seconds (0d 0h 30m 44s)

---------------  T H R E A D  ---------------

Current thread (0x000002677e95f800):  VMThread "VM Thread" [stack: 0x000000ca6e000000,0x000000ca6e100000] [id=110272]

Stack: [0x000000ca6e000000,0x000000ca6e100000],  sp=0x000000ca6e0ff580,  free space=1021k
Native frames: (J=compiled Java code, j=interpreted, Vv=VM code, C=native code)
V  [jvm.dll+0x23344e]
V  [jvm.dll+0x478031]
V  [jvm.dll+0x1c340b]
V  [jvm.dll+0x47aba4]
V  [jvm.dll+0x4783cb]
V  [jvm.dll+0x6c42dc]
V  [jvm.dll+0x6c2a45]
V  [jvm.dll+0x6c3250]
V  [jvm.dll+0x6c358c]
V  [jvm.dll+0x59ef10]
C  [msvcr120.dll+0x24f7f]
C  [msvcr120.dll+0x25126]
C  [KERNEL32.DLL+0x13034]
C  [ntdll.dll+0x71431]


siginfo: EXCEPTION_ACCESS_VIOLATION (0xc0000005), reading address 0x0000000000000010


Register to memory mapping:

RIP=0x00000000638e344e jvm.dll
RAX=0x0000000000000000 is an unknown value
RBX=0x000002677ee14100 is pointing into metadata
RCX=0x000002677e2d0700 is an unknown value
RDX=0x000000010006baa0 is pointing into metadata
RSP=0x000000ca6e0ff580 is an unknown value
RBP=0x000000010006baa0 is pointing into metadata
RSI=0x0000000000000004 is an unknown value
RDI={method} {0x000002677e980608} '<init>' '()V' in 'java/lang/Object'
R8 =0x000000ca6e0ff688 is an unknown value
R9 =0x000002677e9214d0 is an unknown value
R10=0x000002677ee13140 is pointing into metadata
R11=0x000000010006baa0 is pointing into metadata
R12=0x0000000000000000 is an unknown value
R13=0x000002677e95f800 is an unknown value
R14=0x000002677ee14058 is pointing into metadata
R15=0x000000ca6e0ff688 is an unknown value


Registers:
RAX=0x0000000000000000, RBX=0x000002677ee14100, RCX=0x000002677e2d0700, RDX=0x000000010006baa0
RSP=0x000000ca6e0ff580, RBP=0x000000010006baa0, RSI=0x0000000000000004, RDI=0x000002677e980600
R8 =0x000000ca6e0ff688, R9 =0x000002677e9214d0, R10=0x000002677ee13140, R11=0x000000010006baa0
R12=0x0000000000000000, R13=0x000002677e95f800, R14=0x000002677ee14058, R15=0x000000ca6e0ff688
RIP=0x00000000638e344e, EFLAGS=0x0000000000010206

Top of Stack: (sp=0x000000ca6e0ff580)
0x000000ca6e0ff580:   0000000000000007 000002677f9aa800
0x000000ca6e0ff590:   000000000000000b 00000000639e7e75
0x000000ca6e0ff5a0:   000000ca6eaff2d0 000000ca6e0ff6e8
0x000000ca6e0ff5b0:   000002677f9b1378 000002677ee13140
0x000000ca6e0ff5c0:   000000010006baa0 0000000063b28031
0x000000ca6e0ff5d0:   000002677ee14100 0000000100088430
0x000000ca6e0ff5e0:   000002677e9214d0 000002677ee14080
0x000000ca6e0ff5f0:   000002677ee13140 000002677e95f800
0x000000ca6e0ff600:   000002677f9b1378 000002677ee13140
0x000000ca6e0ff610:   000002677e95f800 000002677e95f800
0x000000ca6e0ff620:   000002677e912340 000002677e7e4770
0x000000ca6e0ff630:   000002677e7e4780 000002677e7e4858
0x000000ca6e0ff640:   00000000000000d8 000000ca6e0ff720
0x000000ca6e0ff650:   000000ca6eaff2d0 000000010008a0d8
0x000000ca6e0ff660:   000000010008a0d8 0000000000000000
0x000000ca6e0ff670:   0000000100088430 000000006387340b 

Instructions: (pc=0x00000000638e344e)
0x00000000638e342e:   01 74 06 48 8b 7b 08 eb 2c 48 8b 03 48 89 5c 24
0x00000000638e343e:   50 48 85 c0 0f 84 9b 00 00 00 48 8b 0b 48 8b 01
0x00000000638e344e:   ff 50 10 84 c0 75 06 48 8b 7b 08 eb 08 48 8b 3b
0x00000000638e345e:   48 89 5c 24 68 48 85 ff 0f 84 77 00 00 00 48 8b 


VM_Operation (0x000000ca6eaff2d0): RedefineClasses, mode: safepoint, requested by thread 0x000002677f78c000, redefining class MedianFinder



---------------  P R O C E S S  ---------------

Threads class SMR info:
_java_thread_list=0x000002677f789910, length=15, elements={
0x0000026776fb1000, 0x000002677e975000, 0x000002677e97e000, 0x000002677f234800,
0x000002677f235800, 0x000002677f239000, 0x000002677f29f800, 0x000002677f2a6800,
0x000002677f2b1000, 0x000002677f2de000, 0x000002677f78c000, 0x000002677f8f2000,
0x000002677f7e5800, 0x000002677f5a7000, 0x000002677f48a800
}

Java Threads: ( => current thread )
  0x0000026776fb1000 JavaThread "main" [_thread_blocked, id=115288, stack(0x000000ca6cb00000,0x000000ca6cc00000)]
  0x000002677e975000 JavaThread "Reference Handler" daemon [_thread_blocked, id=116632, stack(0x000000ca6e100000,0x000000ca6e200000)]
  0x000002677e97e000 JavaThread "Finalizer" daemon [_thread_blocked, id=119880, stack(0x000000ca6e200000,0x000000ca6e300000)]
  0x000002677f234800 JavaThread "Signal Dispatcher" daemon [_thread_blocked, id=120268, stack(0x000000ca6e300000,0x000000ca6e400000)]
  0x000002677f235800 JavaThread "Attach Listener" daemon [_thread_blocked, id=114044, stack(0x000000ca6e400000,0x000000ca6e500000)]
  0x000002677f239000 JavaThread "C2 CompilerThread0" daemon [_thread_blocked, id=108984, stack(0x000000ca6e500000,0x000000ca6e600000)]
  0x000002677f29f800 JavaThread "C2 CompilerThread1" daemon [_thread_blocked, id=114788, stack(0x000000ca6e600000,0x000000ca6e700000)]
  0x000002677f2a6800 JavaThread "C2 CompilerThread2" daemon [_thread_blocked, id=118140, stack(0x000000ca6e700000,0x000000ca6e800000)]
  0x000002677f2b1000 JavaThread "C1 CompilerThread3" daemon [_thread_blocked, id=103080, stack(0x000000ca6e800000,0x000000ca6e900000)]
  0x000002677f2de000 JavaThread "Sweeper thread" daemon [_thread_blocked, id=112780, stack(0x000000ca6e900000,0x000000ca6ea00000)]
  0x000002677f78c000 JavaThread "JDWP Transport Listener: dt_socket" daemon [_thread_blocked, id=75840, stack(0x000000ca6ea00000,0x000000ca6eb00000)]
  0x000002677f8f2000 JavaThread "JDWP Event Helper Thread" daemon [_thread_blocked, id=121532, stack(0x000000ca6eb00000,0x000000ca6ec00000)]
  0x000002677f7e5800 JavaThread "JDWP Command Reader" daemon [_thread_in_native, id=10816, stack(0x000000ca6ec00000,0x000000ca6ed00000)]
  0x000002677f5a7000 JavaThread "Common-Cleaner" daemon [_thread_blocked, id=81188, stack(0x000000ca6ed00000,0x000000ca6ee00000)]
  0x000002677f48a800 JavaThread "Service Thread" daemon [_thread_blocked, id=120840, stack(0x000000ca6ee00000,0x000000ca6ef00000)]

Other Threads:
=>0x000002677e95f800 VMThread "VM Thread" [stack: 0x000000ca6e000000,0x000000ca6e100000] [id=110272]
  0x000002677f77b000 WatcherThread [stack: 0x000000ca6ef00000,0x000000ca6f000000] [id=113964]
  0x0000026776fce800 GCTaskThread "GC Thread#0" [stack: 0x000000ca6cc00000,0x000000ca6cd00000] [id=112720]
  0x0000026776fd1000 GCTaskThread "GC Thread#1" [stack: 0x000000ca6cd00000,0x000000ca6ce00000] [id=95032]
  0x0000026776fd3000 GCTaskThread "GC Thread#2" [stack: 0x000000ca6ce00000,0x000000ca6cf00000] [id=83628]
  0x0000026776fd4800 GCTaskThread "GC Thread#3" [stack: 0x000000ca6cf00000,0x000000ca6d000000] [id=121008]
  0x0000026776fd8800 GCTaskThread "GC Thread#4" [stack: 0x000000ca6d000000,0x000000ca6d100000] [id=108568]
  0x0000026776fda000 GCTaskThread "GC Thread#5" [stack: 0x000000ca6d100000,0x000000ca6d200000] [id=119024]
  0x0000026776fdc800 GCTaskThread "GC Thread#6" [stack: 0x000000ca6d200000,0x000000ca6d300000] [id=110360]
  0x0000026776fde800 GCTaskThread "GC Thread#7" [stack: 0x000000ca6d300000,0x000000ca6d400000] [id=118344]
  0x000002677704e800 ConcurrentGCThread "G1 Main Marker" [stack: 0x000000ca6d400000,0x000000ca6d500000] [id=121212]
  0x000002677705f800 ConcurrentGCThread "G1 Conc#0" [stack: 0x000000ca6d500000,0x000000ca6d600000] [id=121316]
  0x000002677705c000 ConcurrentGCThread "G1 Conc#1" [stack: 0x000000ca6d600000,0x000000ca6d700000] [id=96840]
  0x000002677e7dd800 ConcurrentGCThread "G1 Refine#0" [stack: 0x000000ca6d700000,0x000000ca6d800000] [id=115568]
  0x000002677e7de800 ConcurrentGCThread "G1 Refine#1" [stack: 0x000000ca6d800000,0x000000ca6d900000] [id=121260]
  0x000002677e7df000 ConcurrentGCThread "G1 Refine#2" [stack: 0x000000ca6d900000,0x000000ca6da00000] [id=118744]
  0x000002677e7e1800 ConcurrentGCThread "G1 Refine#3" [stack: 0x000000ca6da00000,0x000000ca6db00000] [id=117540]
  0x000002677e7e2800 ConcurrentGCThread "G1 Refine#4" [stack: 0x000000ca6db00000,0x000000ca6dc00000] [id=114236]
  0x000002677e7e6800 ConcurrentGCThread "G1 Refine#5" [stack: 0x000000ca6dc00000,0x000000ca6dd00000] [id=114308]
  0x000002677e7e7000 ConcurrentGCThread "G1 Refine#6" [stack: 0x000000ca6dd00000,0x000000ca6de00000] [id=112136]
  0x000002677e7ec000 ConcurrentGCThread "G1 Refine#7" [stack: 0x000000ca6de00000,0x000000ca6df00000] [id=61120]
  0x000002677e7ec800 ConcurrentGCThread "G1 Young RemSet Sampling" [stack: 0x000000ca6df00000,0x000000ca6e000000] [id=60168]

Threads with active compile tasks:

VM state:at safepoint (normal execution)

VM Mutex/Monitor currently owned by a thread:  ([mutex/lock_event])
[0x0000026776fb0130] Threads_lock - owner thread: 0x000002677e95f800

Heap address: 0x0000000081c00000, size: 2020 MB, Compressed Oops mode: 32-bit
Narrow klass base: 0x0000000000000000, Narrow klass shift: 3
Compressed class space size: 1073741824 Address: 0x0000000100000000

Heap:
 garbage-first heap   total 131072K, used 4096K [0x0000000081c00000, 0x0000000100000000)
  region size 1024K, 5 young (5120K), 0 survivors (0K)
 Metaspace       used 6319K, capacity 6459K, committed 6528K, reserved 1056768K
  class space    used 515K, capacity 577K, committed 640K, reserved 1048576K
Heap Regions: E=young(eden), S=young(survivor), O=old, HS=humongous(starts), HC=humongous(continues), CS=collection set, F=free, A=archive, TS=gc time stamp, AC=allocation context, TAMS=top-at-mark-start (previous, next)
|   0|0x0000000081c00000, 0x0000000081c00000, 0x0000000081d00000|  0%| F|  |TS  0|AC  0|TAMS 0x0000000081c00000, 0x0000000081c00000|
|   1|0x0000000081d00000, 0x0000000081d00000, 0x0000000081e00000|  0%| F|  |TS  0|AC  0|TAMS 0x0000000081d00000, 0x0000000081d00000|
|   2|0x0000000081e00000, 0x0000000081e00000, 0x0000000081f00000|  0%| F|  |TS  0|AC  0|TAMS 0x0000000081e00000, 0x0000000081e00000|
|   3|0x0000000081f00000, 0x0000000081f00000, 0x0000000082000000|  0%| F|  |TS  0|AC  0|TAMS 0x0000000081f00000, 0x0000000081f00000|
|   4|0x0000000082000000, 0x0000000082000000, 0x0000000082100000|  0%| F|  |TS  0|AC  0|TAMS 0x0000000082000000, 0x0000000082000000|
|   5|0x0000000082100000, 0x0000000082100000, 0x0000000082200000|  0%| F|  |TS  0|AC  0|TAMS 0x0000000082100000, 0x0000000082100000|
|   6|0x0000000082200000, 0x0000000082200000, 0x0000000082300000|  0%| F|  |TS  0|AC  0|TAMS 0x0000000082200000, 0x0000000082200000|
|   7|0x0000000082300000, 0x0000000082300000, 0x0000000082400000|  0%| F|  |TS  0|AC  0|TAMS 0x0000000082300000, 0x0000000082300000|
|   8|0x0000000082400000, 0x0000000082400000, 0x0000000082500000|  0%| F|  |TS  0|AC  0|TAMS 0x0000000082400000, 0x0000000082400000|
|   9|0x0000000082500000, 0x0000000082500000, 0x0000000082600000|  0%| F|  |TS  0|AC  0|TAMS 0x0000000082500000, 0x0000000082500000|
|  10|0x0000000082600000, 0x0000000082600000, 0x0000000082700000|  0%| F|  |TS  0|AC  0|TAMS 0x0000000082600000, 0x0000000082600000|
|  11|0x0000000082700000, 0x0000000082700000, 0x0000000082800000|  0%| F|  |TS  0|AC  0|TAMS 0x0000000082700000, 0x0000000082700000|
|  12|0x0000000082800000, 0x0000000082800000, 0x0000000082900000|  0%| F|  |TS  0|AC  0|TAMS 0x0000000082800000, 0x0000000082800000|
|  13|0x0000000082900000, 0x0000000082900000, 0x0000000082a00000|  0%| F|  |TS  0|AC  0|TAMS 0x0000000082900000, 0x0000000082900000|
|  14|0x0000000082a00000, 0x0000000082a00000, 0x0000000082b00000|  0%| F|  |TS  0|AC  0|TAMS 0x0000000082a00000, 0x0000000082a00000|
|  15|0x0000000082b00000, 0x0000000082b00000, 0x0000000082c00000|  0%| F|  |TS  0|AC  0|TAMS 0x0000000082b00000, 0x0000000082b00000|
|  16|0x0000000082c00000, 0x0000000082c00000, 0x0000000082d00000|  0%| F|  |TS  0|AC  0|TAMS 0x0000000082c00000, 0x0000000082c00000|
|  17|0x0000000082d00000, 0x0000000082d00000, 0x0000000082e00000|  0%| F|  |TS  0|AC  0|TAMS 0x0000000082d00000, 0x0000000082d00000|
|  18|0x0000000082e00000, 0x0000000082e00000, 0x0000000082f00000|  0%| F|  |TS  0|AC  0|TAMS 0x0000000082e00000, 0x0000000082e00000|
|  19|0x0000000082f00000, 0x0000000082f00000, 0x0000000083000000|  0%| F|  |TS  0|AC  0|TAMS 0x0000000082f00000, 0x0000000082f00000|
|  20|0x0000000083000000, 0x0000000083000000, 0x0000000083100000|  0%| F|  |TS  0|AC  0|TAMS 0x0000000083000000, 0x0000000083000000|
|  21|0x0000000083100000, 0x0000000083100000, 0x0000000083200000|  0%| F|  |TS  0|AC  0|TAMS 0x0000000083100000, 0x0000000083100000|
|  22|0x0000000083200000, 0x0000000083200000, 0x0000000083300000|  0%| F|  |TS  0|AC  0|TAMS 0x0000000083200000, 0x0000000083200000|
|  23|0x0000000083300000, 0x0000000083300000, 0x0000000083400000|  0%| F|  |TS  0|AC  0|TAMS 0x0000000083300000, 0x0000000083300000|
|  24|0x0000000083400000, 0x0000000083400000, 0x0000000083500000|  0%| F|  |TS  0|AC  0|TAMS 0x0000000083400000, 0x0000000083400000|
|  25|0x0000000083500000, 0x0000000083500000, 0x0000000083600000|  0%| F|  |TS  0|AC  0|TAMS 0x0000000083500000, 0x0000000083500000|
|  26|0x0000000083600000, 0x0000000083600000, 0x0000000083700000|  0%| F|  |TS  0|AC  0|TAMS 0x0000000083600000, 0x0000000083600000|
|  27|0x0000000083700000, 0x0000000083700000, 0x0000000083800000|  0%| F|  |TS  0|AC  0|TAMS 0x0000000083700000, 0x0000000083700000|
|  28|0x0000000083800000, 0x0000000083800000, 0x0000000083900000|  0%| F|  |TS  0|AC  0|TAMS 0x0000000083800000, 0x0000000083800000|
|  29|0x0000000083900000, 0x0000000083900000, 0x0000000083a00000|  0%| F|  |TS  0|AC  0|TAMS 0x0000000083900000, 0x0000000083900000|
|  30|0x0000000083a00000, 0x0000000083a00000, 0x0000000083b00000|  0%| F|  |TS  0|AC  0|TAMS 0x0000000083a00000, 0x0000000083a00000|
|  31|0x0000000083b00000, 0x0000000083b00000, 0x0000000083c00000|  0%| F|  |TS  0|AC  0|TAMS 0x0000000083b00000, 0x0000000083b00000|
|  32|0x0000000083c00000, 0x0000000083c00000, 0x0000000083d00000|  0%| F|  |TS  0|AC  0|TAMS 0x0000000083c00000, 0x0000000083c00000|
|  33|0x0000000083d00000, 0x0000000083d00000, 0x0000000083e00000|  0%| F|  |TS  0|AC  0|TAMS 0x0000000083d00000, 0x0000000083d00000|
|  34|0x0000000083e00000, 0x0000000083e00000, 0x0000000083f00000|  0%| F|  |TS  0|AC  0|TAMS 0x0000000083e00000, 0x0000000083e00000|
|  35|0x0000000083f00000, 0x0000000083f00000, 0x0000000084000000|  0%| F|  |TS  0|AC  0|TAMS 0x0000000083f00000, 0x0000000083f00000|
|  36|0x0000000084000000, 0x0000000084000000, 0x0000000084100000|  0%| F|  |TS  0|AC  0|TAMS 0x0000000084000000, 0x0000000084000000|
|  37|0x0000000084100000, 0x0000000084100000, 0x0000000084200000|  0%| F|  |TS  0|AC  0|TAMS 0x0000000084100000, 0x0000000084100000|
|  38|0x0000000084200000, 0x0000000084200000, 0x0000000084300000|  0%| F|  |TS  0|AC  0|TAMS 0x0000000084200000, 0x0000000084200000|
|  39|0x0000000084300000, 0x0000000084300000, 0x0000000084400000|  0%| F|  |TS  0|AC  0|TAMS 0x0000000084300000, 0x0000000084300000|
|  40|0x0000000084400000, 0x0000000084400000, 0x0000000084500000|  0%| F|  |TS  0|AC  0|TAMS 0x0000000084400000, 0x0000000084400000|
|  41|0x0000000084500000, 0x0000000084500000, 0x0000000084600000|  0%| F|  |TS  0|AC  0|TAMS 0x0000000084500000, 0x0000000084500000|
|  42|0x0000000084600000, 0x0000000084600000, 0x0000000084700000|  0%| F|  |TS  0|AC  0|TAMS 0x0000000084600000, 0x0000000084600000|
|  43|0x0000000084700000, 0x0000000084700000, 0x0000000084800000|  0%| F|  |TS  0|AC  0|TAMS 0x0000000084700000, 0x0000000084700000|
|  44|0x0000000084800000, 0x0000000084800000, 0x0000000084900000|  0%| F|  |TS  0|AC  0|TAMS 0x0000000084800000, 0x0000000084800000|
|  45|0x0000000084900000, 0x0000000084900000, 0x0000000084a00000|  0%| F|  |TS  0|AC  0|TAMS 0x0000000084900000, 0x0000000084900000|
|  46|0x0000000084a00000, 0x0000000084a00000, 0x0000000084b00000|  0%| F|  |TS  0|AC  0|TAMS 0x0000000084a00000, 0x0000000084a00000|
|  47|0x0000000084b00000, 0x0000000084b00000, 0x0000000084c00000|  0%| F|  |TS  0|AC  0|TAMS 0x0000000084b00000, 0x0000000084b00000|
|  48|0x0000000084c00000, 0x0000000084c00000, 0x0000000084d00000|  0%| F|  |TS  0|AC  0|TAMS 0x0000000084c00000, 0x0000000084c00000|
|  49|0x0000000084d00000, 0x0000000084d00000, 0x0000000084e00000|  0%| F|  |TS  0|AC  0|TAMS 0x0000000084d00000, 0x0000000084d00000|
|  50|0x0000000084e00000, 0x0000000084e00000, 0x0000000084f00000|  0%| F|  |TS  0|AC  0|TAMS 0x0000000084e00000, 0x0000000084e00000|
|  51|0x0000000084f00000, 0x0000000084f00000, 0x0000000085000000|  0%| F|  |TS  0|AC  0|TAMS 0x0000000084f00000, 0x0000000084f00000|
|  52|0x0000000085000000, 0x0000000085000000, 0x0000000085100000|  0%| F|  |TS  0|AC  0|TAMS 0x0000000085000000, 0x0000000085000000|
|  53|0x0000000085100000, 0x0000000085100000, 0x0000000085200000|  0%| F|  |TS  0|AC  0|TAMS 0x0000000085100000, 0x0000000085100000|
|  54|0x0000000085200000, 0x0000000085200000, 0x0000000085300000|  0%| F|  |TS  0|AC  0|TAMS 0x0000000085200000, 0x0000000085200000|
|  55|0x0000000085300000, 0x0000000085300000, 0x0000000085400000|  0%| F|  |TS  0|AC  0|TAMS 0x0000000085300000, 0x0000000085300000|
|  56|0x0000000085400000, 0x0000000085400000, 0x0000000085500000|  0%| F|  |TS  0|AC  0|TAMS 0x0000000085400000, 0x0000000085400000|
|  57|0x0000000085500000, 0x0000000085500000, 0x0000000085600000|  0%| F|  |TS  0|AC  0|TAMS 0x0000000085500000, 0x0000000085500000|
|  58|0x0000000085600000, 0x0000000085600000, 0x0000000085700000|  0%| F|  |TS  0|AC  0|TAMS 0x0000000085600000, 0x0000000085600000|
|  59|0x0000000085700000, 0x0000000085700000, 0x0000000085800000|  0%| F|  |TS  0|AC  0|TAMS 0x0000000085700000, 0x0000000085700000|
|  60|0x0000000085800000, 0x0000000085800000, 0x0000000085900000|  0%| F|  |TS  0|AC  0|TAMS 0x0000000085800000, 0x0000000085800000|
|  61|0x0000000085900000, 0x0000000085900000, 0x0000000085a00000|  0%| F|  |TS  0|AC  0|TAMS 0x0000000085900000, 0x0000000085900000|
|  62|0x0000000085a00000, 0x0000000085a00000, 0x0000000085b00000|  0%| F|  |TS  0|AC  0|TAMS 0x0000000085a00000, 0x0000000085a00000|
|  63|0x0000000085b00000, 0x0000000085b00000, 0x0000000085c00000|  0%| F|  |TS  0|AC  0|TAMS 0x0000000085b00000, 0x0000000085b00000|
|  64|0x0000000085c00000, 0x0000000085c00000, 0x0000000085d00000|  0%| F|  |TS  0|AC  0|TAMS 0x0000000085c00000, 0x0000000085c00000|
|  65|0x0000000085d00000, 0x0000000085d00000, 0x0000000085e00000|  0%| F|  |TS  0|AC  0|TAMS 0x0000000085d00000, 0x0000000085d00000|
|  66|0x0000000085e00000, 0x0000000085e00000, 0x0000000085f00000|  0%| F|  |TS  0|AC  0|TAMS 0x0000000085e00000, 0x0000000085e00000|
|  67|0x0000000085f00000, 0x0000000085f00000, 0x0000000086000000|  0%| F|  |TS  0|AC  0|TAMS 0x0000000085f00000, 0x0000000085f00000|
|  68|0x0000000086000000, 0x0000000086000000, 0x0000000086100000|  0%| F|  |TS  0|AC  0|TAMS 0x0000000086000000, 0x0000000086000000|
|  69|0x0000000086100000, 0x0000000086100000, 0x0000000086200000|  0%| F|  |TS  0|AC  0|TAMS 0x0000000086100000, 0x0000000086100000|
|  70|0x0000000086200000, 0x0000000086200000, 0x0000000086300000|  0%| F|  |TS  0|AC  0|TAMS 0x0000000086200000, 0x0000000086200000|
|  71|0x0000000086300000, 0x0000000086300000, 0x0000000086400000|  0%| F|  |TS  0|AC  0|TAMS 0x0000000086300000, 0x0000000086300000|
|  72|0x0000000086400000, 0x0000000086400000, 0x0000000086500000|  0%| F|  |TS  0|AC  0|TAMS 0x0000000086400000, 0x0000000086400000|
|  73|0x0000000086500000, 0x0000000086500000, 0x0000000086600000|  0%| F|  |TS  0|AC  0|TAMS 0x0000000086500000, 0x0000000086500000|
|  74|0x0000000086600000, 0x0000000086600000, 0x0000000086700000|  0%| F|  |TS  0|AC  0|TAMS 0x0000000086600000, 0x0000000086600000|
|  75|0x0000000086700000, 0x0000000086700000, 0x0000000086800000|  0%| F|  |TS  0|AC  0|TAMS 0x0000000086700000, 0x0000000086700000|
|  76|0x0000000086800000, 0x0000000086800000, 0x0000000086900000|  0%| F|  |TS  0|AC  0|TAMS 0x0000000086800000, 0x0000000086800000|
|  77|0x0000000086900000, 0x0000000086900000, 0x0000000086a00000|  0%| F|  |TS  0|AC  0|TAMS 0x0000000086900000, 0x0000000086900000|
|  78|0x0000000086a00000, 0x0000000086a00000, 0x0000000086b00000|  0%| F|  |TS  0|AC  0|TAMS 0x0000000086a00000, 0x0000000086a00000|
|  79|0x0000000086b00000, 0x0000000086b00000, 0x0000000086c00000|  0%| F|  |TS  0|AC  0|TAMS 0x0000000086b00000, 0x0000000086b00000|
|  80|0x0000000086c00000, 0x0000000086c00000, 0x0000000086d00000|  0%| F|  |TS  0|AC  0|TAMS 0x0000000086c00000, 0x0000000086c00000|
|  81|0x0000000086d00000, 0x0000000086d00000, 0x0000000086e00000|  0%| F|  |TS  0|AC  0|TAMS 0x0000000086d00000, 0x0000000086d00000|
|  82|0x0000000086e00000, 0x0000000086e00000, 0x0000000086f00000|  0%| F|  |TS  0|AC  0|TAMS 0x0000000086e00000, 0x0000000086e00000|
|  83|0x0000000086f00000, 0x0000000086f00000, 0x0000000087000000|  0%| F|  |TS  0|AC  0|TAMS 0x0000000086f00000, 0x0000000086f00000|
|  84|0x0000000087000000, 0x0000000087000000, 0x0000000087100000|  0%| F|  |TS  0|AC  0|TAMS 0x0000000087000000, 0x0000000087000000|
|  85|0x0000000087100000, 0x0000000087100000, 0x0000000087200000|  0%| F|  |TS  0|AC  0|TAMS 0x0000000087100000, 0x0000000087100000|
|  86|0x0000000087200000, 0x0000000087200000, 0x0000000087300000|  0%| F|  |TS  0|AC  0|TAMS 0x0000000087200000, 0x0000000087200000|
|  87|0x0000000087300000, 0x0000000087300000, 0x0000000087400000|  0%| F|  |TS  0|AC  0|TAMS 0x0000000087300000, 0x0000000087300000|
|  88|0x0000000087400000, 0x0000000087400000, 0x0000000087500000|  0%| F|  |TS  0|AC  0|TAMS 0x0000000087400000, 0x0000000087400000|
|  89|0x0000000087500000, 0x0000000087500000, 0x0000000087600000|  0%| F|  |TS  0|AC  0|TAMS 0x0000000087500000, 0x0000000087500000|
|  90|0x0000000087600000, 0x0000000087600000, 0x0000000087700000|  0%| F|  |TS  0|AC  0|TAMS 0x0000000087600000, 0x0000000087600000|
|  91|0x0000000087700000, 0x0000000087700000, 0x0000000087800000|  0%| F|  |TS  0|AC  0|TAMS 0x0000000087700000, 0x0000000087700000|
|  92|0x0000000087800000, 0x0000000087800000, 0x0000000087900000|  0%| F|  |TS  0|AC  0|TAMS 0x0000000087800000, 0x0000000087800000|
|  93|0x0000000087900000, 0x0000000087900000, 0x0000000087a00000|  0%| F|  |TS  0|AC  0|TAMS 0x0000000087900000, 0x0000000087900000|
|  94|0x0000000087a00000, 0x0000000087a00000, 0x0000000087b00000|  0%| F|  |TS  0|AC  0|TAMS 0x0000000087a00000, 0x0000000087a00000|
|  95|0x0000000087b00000, 0x0000000087b00000, 0x0000000087c00000|  0%| F|  |TS  0|AC  0|TAMS 0x0000000087b00000, 0x0000000087b00000|
|  96|0x0000000087c00000, 0x0000000087c00000, 0x0000000087d00000|  0%| F|  |TS  0|AC  0|TAMS 0x0000000087c00000, 0x0000000087c00000|
|  97|0x0000000087d00000, 0x0000000087d00000, 0x0000000087e00000|  0%| F|  |TS  0|AC  0|TAMS 0x0000000087d00000, 0x0000000087d00000|
|  98|0x0000000087e00000, 0x0000000087e00000, 0x0000000087f00000|  0%| F|  |TS  0|AC  0|TAMS 0x0000000087e00000, 0x0000000087e00000|
|  99|0x0000000087f00000, 0x0000000087f00000, 0x0000000088000000|  0%| F|  |TS  0|AC  0|TAMS 0x0000000087f00000, 0x0000000087f00000|
| 100|0x0000000088000000, 0x0000000088000000, 0x0000000088100000|  0%| F|  |TS  0|AC  0|TAMS 0x0000000088000000, 0x0000000088000000|
| 101|0x0000000088100000, 0x0000000088100000, 0x0000000088200000|  0%| F|  |TS  0|AC  0|TAMS 0x0000000088100000, 0x0000000088100000|
| 102|0x0000000088200000, 0x0000000088200000, 0x0000000088300000|  0%| F|  |TS  0|AC  0|TAMS 0x0000000088200000, 0x0000000088200000|
| 103|0x0000000088300000, 0x0000000088300000, 0x0000000088400000|  0%| F|  |TS  0|AC  0|TAMS 0x0000000088300000, 0x0000000088300000|
| 104|0x0000000088400000, 0x0000000088400000, 0x0000000088500000|  0%| F|  |TS  0|AC  0|TAMS 0x0000000088400000, 0x0000000088400000|
| 105|0x0000000088500000, 0x0000000088500000, 0x0000000088600000|  0%| F|  |TS  0|AC  0|TAMS 0x0000000088500000, 0x0000000088500000|
| 106|0x0000000088600000, 0x0000000088600000, 0x0000000088700000|  0%| F|  |TS  0|AC  0|TAMS 0x0000000088600000, 0x0000000088600000|
| 107|0x0000000088700000, 0x0000000088700000, 0x0000000088800000|  0%| F|  |TS  0|AC  0|TAMS 0x0000000088700000, 0x0000000088700000|
| 108|0x0000000088800000, 0x0000000088800000, 0x0000000088900000|  0%| F|  |TS  0|AC  0|TAMS 0x0000000088800000, 0x0000000088800000|
| 109|0x0000000088900000, 0x0000000088900000, 0x0000000088a00000|  0%| F|  |TS  0|AC  0|TAMS 0x0000000088900000, 0x0000000088900000|
| 110|0x0000000088a00000, 0x0000000088a00000, 0x0000000088b00000|  0%| F|  |TS  0|AC  0|TAMS 0x0000000088a00000, 0x0000000088a00000|
| 111|0x0000000088b00000, 0x0000000088b00000, 0x0000000088c00000|  0%| F|  |TS  0|AC  0|TAMS 0x0000000088b00000, 0x0000000088b00000|
| 112|0x0000000088c00000, 0x0000000088c00000, 0x0000000088d00000|  0%| F|  |TS  0|AC  0|TAMS 0x0000000088c00000, 0x0000000088c00000|
| 113|0x0000000088d00000, 0x0000000088d00000, 0x0000000088e00000|  0%| F|  |TS  0|AC  0|TAMS 0x0000000088d00000, 0x0000000088d00000|
| 114|0x0000000088e00000, 0x0000000088e00000, 0x0000000088f00000|  0%| F|  |TS  0|AC  0|TAMS 0x0000000088e00000, 0x0000000088e00000|
| 115|0x0000000088f00000, 0x0000000088f00000, 0x0000000089000000|  0%| F|  |TS  0|AC  0|TAMS 0x0000000088f00000, 0x0000000088f00000|
| 116|0x0000000089000000, 0x0000000089000000, 0x0000000089100000|  0%| F|  |TS  0|AC  0|TAMS 0x0000000089000000, 0x0000000089000000|
| 117|0x0000000089100000, 0x0000000089100000, 0x0000000089200000|  0%| F|  |TS  0|AC  0|TAMS 0x0000000089100000, 0x0000000089100000|
| 118|0x0000000089200000, 0x0000000089200000, 0x0000000089300000|  0%| F|  |TS  0|AC  0|TAMS 0x0000000089200000, 0x0000000089200000|
| 119|0x0000000089300000, 0x0000000089300000, 0x0000000089400000|  0%| F|  |TS  0|AC  0|TAMS 0x0000000089300000, 0x0000000089300000|
| 120|0x0000000089400000, 0x0000000089400000, 0x0000000089500000|  0%| F|  |TS  0|AC  0|TAMS 0x0000000089400000, 0x0000000089400000|
| 121|0x0000000089500000, 0x0000000089500000, 0x0000000089600000|  0%| F|  |TS  0|AC  0|TAMS 0x0000000089500000, 0x0000000089500000|
| 122|0x0000000089600000, 0x0000000089600000, 0x0000000089700000|  0%| F|  |TS  0|AC  0|TAMS 0x0000000089600000, 0x0000000089600000|
| 123|0x0000000089700000, 0x000000008977b648, 0x0000000089800000| 48%| E|  |TS  0|AC  0|TAMS 0x0000000089700000, 0x0000000089700000|
| 124|0x0000000089800000, 0x0000000089900000, 0x0000000089900000|100%| E|CS|TS  0|AC  0|TAMS 0x0000000089800000, 0x0000000089800000|
| 125|0x0000000089900000, 0x0000000089a00000, 0x0000000089a00000|100%| E|CS|TS  0|AC  0|TAMS 0x0000000089900000, 0x0000000089900000|
| 126|0x0000000089a00000, 0x0000000089b00000, 0x0000000089b00000|100%| E|CS|TS  0|AC  0|TAMS 0x0000000089a00000, 0x0000000089a00000|
| 127|0x0000000089b00000, 0x0000000089c00000, 0x0000000089c00000|100%| E|CS|TS  0|AC  0|TAMS 0x0000000089b00000, 0x0000000089b00000|

Card table byte_map: [0x00000267777d0000,0x0000026777bd0000] byte_map_base: 0x00000267773c2000

Marking Bits (Prev, Next): (CMBitMap*) 0x000002677704db20, (CMBitMap*) 0x000002677704db58
 Prev Bits: [0x0000026777fd0000, 0x0000026779f60000)
 Next Bits: [0x0000026779f60000, 0x000002677bef0000)

Polling page: 0x0000026774b20000

CodeHeap 'non-profiled nmethods': size=120000Kb used=121Kb max_used=121Kb free=119878Kb
 bounds [0x0000026712d80000, 0x0000026712ff0000, 0x000002671a2b0000]
CodeHeap 'profiled nmethods': size=120000Kb used=449Kb max_used=449Kb free=119550Kb
 bounds [0x000002670b850000, 0x000002670bac0000, 0x0000026712d80000]
CodeHeap 'non-nmethods': size=5760Kb used=1135Kb max_used=1144Kb free=4624Kb
 bounds [0x000002670b2b0000, 0x000002670b520000, 0x000002670b850000]
 total_blobs=762 nmethods=335 adapters=260
 compilation: enabled

Compilation events (10 events):
Event: 0.370 Thread 0x000002677f2b1000  334       3       jdk.internal.math.FDBigInteger::mult (64 bytes)
Event: 0.371 Thread 0x000002677f2b1000 nmethod 334 0x000002670b8bea90 code [0x000002670b8bec60, 0x000002670b8beef8]
Event: 0.371 Thread 0x000002677f2b1000  320       3       jdk.internal.org.objectweb.asm.ClassWriter::newUTF8 (70 bytes)
Event: 0.371 Thread 0x000002677f2b1000 nmethod 320 0x000002670b8bf110 code [0x000002670b8bf320, 0x000002670b8bf720]
Event: 0.371 Thread 0x000002677f2b1000  316       3       java.lang.invoke.LambdaForm$Name::isParam (13 bytes)
Event: 0.371 Thread 0x000002677f2b1000 nmethod 316 0x000002670b8bf910 code [0x000002670b8bfac0, 0x000002670b8bfc78]
Event: 0.371 Thread 0x000002677f2b1000  317   !   3       java.util.AbstractList$Itr::next (45 bytes)
Event: 0.371 Thread 0x000002677f2b1000 nmethod 317 0x000002670b8bfd10 code [0x000002670b8bff40, 0x000002670b8c0480]
Event: 0.371 Thread 0x000002677f2b1000  335       1       java.nio.Buffer::position (5 bytes)
Event: 0.372 Thread 0x000002677f2b1000 nmethod 335 0x0000026712d9e290 code [0x0000026712d9e440, 0x0000026712d9e558]

GC Heap History (0 events):
No events

Deoptimization events (2 events):
Event: 0.232 Thread 0x0000026776fb1000 Uncommon trap: reason=unstable_if action=reinterpret pc=0x0000026712d8577c method=java.lang.String.isLatin1()Z @ 10 c2
Event: 0.240 Thread 0x0000026776fb1000 Uncommon trap: reason=unstable_if action=reinterpret pc=0x0000026712d83a28 method=java.lang.String.hashCode()I @ 14 c2

Classes redefined (10 events):
Event: 377.750 Thread 0x000002677e95f800 redefined class name=MedianFinder, count=3
Event: 377.751 Thread 0x000002677e95f800 redefined class name=MedianFinder$TreeNode, count=3
Event: 1270.576 Thread 0x000002677e95f800 redefined class name=MedianFinder, count=4
Event: 1270.577 Thread 0x000002677e95f800 redefined class name=MedianFinder$TreeNode, count=4
Event: 1391.905 Thread 0x000002677e95f800 redefined class name=MedianFinder, count=5
Event: 1391.906 Thread 0x000002677e95f800 redefined class name=MedianFinder$TreeNode, count=5
Event: 1469.075 Thread 0x000002677e95f800 redefined class name=MedianFinder, count=6
Event: 1469.076 Thread 0x000002677e95f800 redefined class name=MedianFinder$TreeNode, count=6
Event: 1600.527 Thread 0x000002677e95f800 redefined class name=MedianFinder, count=7
Event: 1600.528 Thread 0x000002677e95f800 redefined class name=MedianFinder$TreeNode, count=7

Internal exceptions (0 events):
No events

Events (10 events):
Event: 1826.568 Executing VM operation: ChangeBreakpoints done
Event: 1827.923 Executing VM operation: ChangeBreakpoints
Event: 1827.923 Executing VM operation: ChangeBreakpoints done
Event: 1828.686 Executing VM operation: ChangeBreakpoints
Event: 1828.686 Executing VM operation: ChangeBreakpoints done
Event: 1844.175 Executing VM operation: ChangeBreakpoints
Event: 1844.175 Executing VM operation: ChangeBreakpoints done
Event: 1844.175 Executing VM operation: ChangeBreakpoints
Event: 1844.175 Executing VM operation: ChangeBreakpoints done
Event: 1844.184 Executing VM operation: RedefineClasses


Dynamic libraries:
0x00007ff7f82b0000 - 0x00007ff7f82ee000 	C:\Program Files\Java\jdk-10\bin\java.exe
0x00007ff812a70000 - 0x00007ff812c51000 	C:\WINDOWS\SYSTEM32\ntdll.dll
0x00007ff811f10000 - 0x00007ff811fc2000 	C:\WINDOWS\System32\KERNEL32.DLL
0x00007ff80efe0000 - 0x00007ff80f253000 	C:\WINDOWS\System32\KERNELBASE.dll
0x00007ff812840000 - 0x00007ff8128e1000 	C:\WINDOWS\System32\ADVAPI32.dll
0x00007ff811e40000 - 0x00007ff811ede000 	C:\WINDOWS\System32\msvcrt.dll
0x00007ff8128f0000 - 0x00007ff81294b000 	C:\WINDOWS\System32\sechost.dll
0x00007ff811430000 - 0x00007ff811554000 	C:\WINDOWS\System32\RPCRT4.dll
0x00007ff811560000 - 0x00007ff8116f0000 	C:\WINDOWS\System32\USER32.dll
0x00007ff80fee0000 - 0x00007ff80ff00000 	C:\WINDOWS\System32\win32u.dll
0x00007ff811ee0000 - 0x00007ff811f08000 	C:\WINDOWS\System32\GDI32.dll
0x00007ff80ee40000 - 0x00007ff80efd2000 	C:\WINDOWS\System32\gdi32full.dll
0x00007ff80f3f0000 - 0x00007ff80f48f000 	C:\WINDOWS\System32\msvcp_win.dll
0x00007ff80fde0000 - 0x00007ff80feda000 	C:\WINDOWS\System32\ucrtbase.dll
0x00007ff8029d0000 - 0x00007ff802c39000 	C:\WINDOWS\WinSxS\amd64_microsoft.windows.common-controls_6595b64144ccf1df_6.0.17134.191_none_fb3e94b130690543\COMCTL32.dll
0x00007ff8122a0000 - 0x00007ff8125c3000 	C:\WINDOWS\System32\combase.dll
0x00007ff80f370000 - 0x00007ff80f3ea000 	C:\WINDOWS\System32\bcryptPrimitives.dll
0x00007ff804cc0000 - 0x00007ff804cca000 	C:\WINDOWS\SYSTEM32\VERSION.dll
0x00007ff8129b0000 - 0x00007ff8129dd000 	C:\WINDOWS\System32\IMM32.DLL
0x00007fffe7cc0000 - 0x00007fffe7daf000 	C:\Program Files\Java\jdk-10\bin\msvcr120.dll
0x00007fffe7c10000 - 0x00007fffe7cb6000 	C:\Program Files\Java\jdk-10\bin\msvcp120.dll
0x00000000636b0000 - 0x000000006411f000 	C:\Program Files\Java\jdk-10\bin\server\jvm.dll
0x00007ff80ff00000 - 0x00007ff80ff08000 	C:\WINDOWS\System32\PSAPI.DLL
0x00007ffff03e0000 - 0x00007ffff03e9000 	C:\WINDOWS\SYSTEM32\WSOCK32.dll
0x00007ff80cc50000 - 0x00007ff80cc73000 	C:\WINDOWS\SYSTEM32\WINMM.dll
0x00007ff812730000 - 0x00007ff81279c000 	C:\WINDOWS\System32\WS2_32.dll
0x00007ff80c800000 - 0x00007ff80c82a000 	C:\WINDOWS\SYSTEM32\winmmbase.dll
0x00007ff80fba0000 - 0x00007ff80fbe9000 	C:\WINDOWS\System32\cfgmgr32.dll
0x00007ff80cdc0000 - 0x00007ff80cdcf000 	C:\Program Files\Java\jdk-10\bin\verify.dll
0x00007ffff2bf0000 - 0x00007ffff2db9000 	C:\WINDOWS\SYSTEM32\DBGHELP.DLL
0x00007ffff2b70000 - 0x00007ffff2b99000 	C:\WINDOWS\SYSTEM32\dbgcore.DLL
0x00007ffffb270000 - 0x00007ffffb297000 	C:\Program Files\Java\jdk-10\bin\java.dll
0x00007ffff8bd0000 - 0x00007ffff8c06000 	C:\Program Files\Java\jdk-10\bin\jdwp.dll
0x00007ffff7900000 - 0x00007ffff792a000 	C:\Program Files\Java\jdk-10\bin\instrument.dll
0x00007ffffb840000 - 0x00007ffffb856000 	C:\Program Files\Java\jdk-10\bin\zip.dll
0x00007ff80cda0000 - 0x00007ff80cdaa000 	C:\Program Files\Java\jdk-10\bin\jimage.dll
0x00007ff80ff20000 - 0x00007ff811360000 	C:\WINDOWS\System32\SHELL32.dll
0x00007ff811fd0000 - 0x00007ff812079000 	C:\WINDOWS\System32\shcore.dll
0x00007ff80f490000 - 0x00007ff80fb9d000 	C:\WINDOWS\System32\windows.storage.dll
0x00007ff812950000 - 0x00007ff8129a1000 	C:\WINDOWS\System32\shlwapi.dll
0x00007ff80ede0000 - 0x00007ff80edf1000 	C:\WINDOWS\System32\kernel.appcore.dll
0x00007ff80ee20000 - 0x00007ff80ee3f000 	C:\WINDOWS\System32\profapi.dll
0x00007ff80ed80000 - 0x00007ff80edcc000 	C:\WINDOWS\System32\powrprof.dll
0x00007ff80edd0000 - 0x00007ff80edda000 	C:\WINDOWS\System32\FLTLIB.DLL
0x00007ff80a2e0000 - 0x00007ff80a2ea000 	C:\Program Files\Java\jdk-10\bin\dt_socket.dll
0x00007ff80e600000 - 0x00007ff80e666000 	C:\WINDOWS\system32\mswsock.dll
0x00007ffffb250000 - 0x00007ffffb26a000 	C:\Program Files\Java\jdk-10\bin\net.dll
0x00007ff8083f0000 - 0x00007ff8084cc000 	C:\WINDOWS\SYSTEM32\WINHTTP.dll
0x00007fffef310000 - 0x00007fffef321000 	C:\Program Files\Java\jdk-10\bin\nio.dll

dbghelp: loaded successfully - version: 4.0.5 - missing functions: none
symbol engine: initialized successfully - sym options: 0x614 - pdb path: .;C:\Program Files\Java\jdk-10\bin;C:\WINDOWS\SYSTEM32;C:\WINDOWS\WinSxS\amd64_microsoft.windows.common-controls_6595b64144ccf1df_6.0.17134.191_none_fb3e94b130690543;C:\Program Files\Java\jdk-10\bin\server

VM Arguments:
jvm_args: -agentlib:jdwp=transport=dt_socket,address=127.0.0.1:9815,suspend=y,server=n -javaagent:C:\Users\Mr.Lyu\Downloads\ideaIC-2018.2.win\lib\rt\debugger-agent.jar=file:/C:/Users/Mr.Lyu/AppData/Local/Temp/capture.props -Dfile.encoding=UTF-8 
java_command: MedianFinder
java_class_path (initial): D:\LCsolution\295. Find Median from Data Stream\out\production\295. Find Median from Data Stream;C:\Users\Mr.Lyu\Downloads\ideaIC-2018.2.win\lib\idea_rt.jar
Launcher Type: SUN_STANDARD

Logging:
Log output configuration:
#0: stdout all=warning uptime,level,tags
#1: stderr all=off uptime,level,tags

Environment Variables:
JAVA_HOME=C:\Program Files\Java\jdk-10
PATH=C:\ProgramData\Oracle\Java\javapath;C:\Program Files (x86)\Intel\iCLS Client\;C:\Program Files\Intel\iCLS Client\;C:\Windows\system32;C:\Windows;C:\Windows\System32\Wbem;C:\Windows\System32\WindowsPowerShell\v1.0\;C:\Program Files (x86)\Intel\Intel(R) Management Engine Components\DAL;C:\Program Files\Intel\Intel(R) Management Engine Components\DAL;C:\Program Files (x86)\Intel\Intel(R) Management Engine Components\IPT;C:\Program Files\Intel\Intel(R) Management Engine Components\IPT;C:\Program Files (x86)\NVIDIA Corporation\PhysX\Common;C:\Program Files\Intel\WiFi\bin\;C:\Program Files\Common Files\Intel\WirelessCommon\;C:\Program Files\Git\cmd;C:\Program Files\Java\jdk-10\bin;C:\WINDOWS\system32;C:\WINDOWS;C:\WINDOWS\System32\Wbem;C:\WINDOWS\System32\WindowsPowerShell\v1.0\;C:\WINDOWS\System32\OpenSSH\;D:\Program Files\nodejs\;C:\ProgramData\ComposerSetup\bin;C:\Users\Mr.Lyu\AppData\Local\Programs\Python\Python37-32\Scripts\;C:\Users\Mr.Lyu\AppData\Local\Programs\Python\Python37-32\;C:\Users\Mr.Lyu\AppData\Local\Microsoft\WindowsApps;C:\Users\Mr.Lyu\AppData\Local\GitHubDesktop\bin;C:\Users\Mr.Lyu\AppData\Local\Microsoft\WindowsApps;C:\xampp\php;C:\Users\Mr.Lyu\AppData\Local\atom\bin;C:\Users\Mr.Lyu\AppData\Roaming\npm;D:\Program Files\nodejs;D:\Program Files\heroku\bin;C:\Users\Mr.Lyu\AppData\Roaming\Composer\vendor\bin
USERNAME=Mr.Lyu
OS=Windows_NT
PROCESSOR_IDENTIFIER=Intel64 Family 6 Model 142 Stepping 10, GenuineIntel



---------------  S Y S T E M  ---------------

OS: Windows 10 , 64 bit Build 17134 (10.0.17134.1)

CPU:total 8 (initial active 8) (4 cores per cpu, 2 threads per core) family 6 model 142 stepping 10, cmov, cx8, fxsr, mmx, sse, sse2, sse3, ssse3, sse4.1, sse4.2, popcnt, avx, avx2, aes, clmul, erms, 3dnowpref, lzcnt, ht, tsc, tscinvbit, bmi1, bmi2, adx, fma

Memory: 4k page, physical 8269924k(1699808k free), swap 19270584k(3280324k free)

vm_info: Java HotSpot(TM) 64-Bit Server VM (10+46) for windows-amd64 JRE (10+46), built on Mar  8 2018 02:11:18 by "mach5one" with MS VC++ 12.0 (VS2013)

END.
