#
# A fatal error has been detected by the Java Runtime Environment:
#
#  Internal Error (t:/workspace/open/src/hotspot/share/oops/generateOopMap.cpp:1632), pid=7852, tid=11428
#  Error: ShouldNotReachHere()
#
# JRE version: Java(TM) SE Runtime Environment (10.0+46) (build 10+46)
# Java VM: Java HotSpot(TM) 64-Bit Server VM (10+46, mixed mode, tiered, compressed oops, g1 gc, windows-amd64)
# No core dump will be written. Minidumps are not enabled by default on client versions of Windows
#
# If you would like to submit a bug report, please visit:
#   http://bugreport.java.com/bugreport/crash.jsp
#

---------------  S U M M A R Y ------------

Command Line: -agentlib:jdwp=transport=dt_socket,address=127.0.0.1:52861,suspend=y,server=n -javaagent:C:\Users\Administrator\AppData\Local\Temp\capture12241jars\debugger-agent.jar=file:/C:/Users/Administrator/AppData/Local/Temp/capture2.props -Dfile.encoding=UTF-8 Solution

Host: AMD A6-3400M APU with Radeon(tm) HD Graphics, 4 cores, 3G,  Windows 7 , 64 bit Build 7601 (6.1.7601.23864)
Time: Wed Jun 27 15:52:14 2018 ?D1¨²¡À¨º¡Á?¨º¡À?? elapsed time: 9299 seconds (0d 2h 34m 59s)

---------------  T H R E A D  ---------------

Current thread (0x0000000021a5d800):  VMThread "VM Thread" [stack: 0x0000000022e40000,0x0000000022f40000] [id=11428]

Stack: [0x0000000022e40000,0x0000000022f40000]
[error occurred during error reporting (printing stack bounds), id 0xe0000000]

Native frames: (J=compiled Java code, j=interpreted, Vv=VM code, C=native code)
V  [jvm.dll+0x59fbf9]
V  [jvm.dll+0x6bca11]
V  [jvm.dll+0x6bdc06]
V  [jvm.dll+0x6be1f5]
V  [jvm.dll+0x6be1ab]
V  [jvm.dll+0x59f3f3]
V  [jvm.dll+0x59f7f8]
C  [ntdll.dll+0x2812d]
C  [ntdll.dll+0x1855f]
C  [ntdll.dll+0x4bcb8]
C  0x000000000d5d0ea7

VM_Operation (0x000000002402f510): GetOrSetLocal, mode: safepoint, requested by thread 0x00000000239a8800


---------------  P R O C E S S  ---------------

Threads class SMR info:
_java_thread_list=0x00000000239ba700, length=14, elements={
0x00000000004e6800, 0x0000000021a60800, 0x0000000022cb7000, 0x0000000022cda800,
0x0000000022cdc800, 0x0000000022cdd800, 0x0000000021a6d800, 0x0000000022ce4000,
0x0000000022ce6800, 0x00000000239a8800, 0x00000000239d3000, 0x00000000239d7000,
0x0000000023986800, 0x00000000239b8000
}

Java Threads: ( => current thread )
  0x00000000004e6800 JavaThread "main" [_thread_blocked, id=5924, stack(0x0000000002130000,0x0000000002230000)]
  0x0000000021a60800 JavaThread "Reference Handler" daemon [_thread_blocked, id=11516, stack(0x0000000022fc0000,0x00000000230c0000)]
  0x0000000022cb7000 JavaThread "Finalizer" daemon [_thread_blocked, id=9452, stack(0x0000000021b10000,0x0000000021c10000)]
  0x0000000022cda800 JavaThread "Signal Dispatcher" daemon [_thread_blocked, id=7348, stack(0x0000000023290000,0x0000000023390000)]
  0x0000000022cdc800 JavaThread "Attach Listener" daemon [_thread_blocked, id=4648, stack(0x00000000230c0000,0x00000000231c0000)]
  0x0000000022cdd800 JavaThread "C2 CompilerThread0" daemon [_thread_blocked, id=8508, stack(0x0000000023450000,0x0000000023550000)]
  0x0000000021a6d800 JavaThread "C2 CompilerThread1" daemon [_thread_blocked, id=9360, stack(0x0000000023720000,0x0000000023820000)]
  0x0000000022ce4000 JavaThread "C1 CompilerThread2" daemon [_thread_blocked, id=6828, stack(0x0000000022050000,0x0000000022150000)]
  0x0000000022ce6800 JavaThread "Sweeper thread" daemon [_thread_blocked, id=5476, stack(0x0000000023590000,0x0000000023690000)]
  0x00000000239a8800 JavaThread "JDWP Transport Listener: dt_socket" daemon [_thread_blocked, id=11908, stack(0x0000000023f30000,0x0000000024030000)] _threads_hazard_ptr=0x00000000239ba700
  0x00000000239d3000 JavaThread "JDWP Event Helper Thread" daemon [_thread_blocked, id=3380, stack(0x00000000240a0000,0x00000000241a0000)]
  0x00000000239d7000 JavaThread "JDWP Command Reader" daemon [_thread_in_native, id=248, stack(0x0000000023c90000,0x0000000023d90000)]
  0x0000000023986800 JavaThread "Common-Cleaner" daemon [_thread_blocked, id=2808, stack(0x00000000241f0000,0x00000000242f0000)]
  0x00000000239b8000 JavaThread "Service Thread" daemon [_thread_blocked, id=9444, stack(0x0000000024c60000,0x0000000024d60000)]

Other Threads:
=>0x0000000021a5d800 VMThread "VM Thread" [stack: 0x0000000022e40000,0x0000000022f40000] [id=11428]
  0x00000000239b9800 WatcherThread [stack: 0x0000000024e30000,0x0000000024f30000] [id=10412]
  0x000000000050f000 GCTaskThread "GC Thread#0" [stack: 0x000000001c7d0000,0x000000001c8d0000] [id=6528]
  0x0000000000510800 GCTaskThread "GC Thread#1" [stack: 0x000000001c990000,0x000000001ca90000] [id=9456]
  0x0000000000514000 GCTaskThread "GC Thread#2" [stack: 0x000000001cbb0000,0x000000001ccb0000] [id=4856]
  0x0000000000517800 GCTaskThread "GC Thread#3" [stack: 0x000000001cd50000,0x000000001ce50000] [id=10624]
  0x000000000054a800 ConcurrentGCThread "G1 Main Marker" [stack: 0x000000001f3d0000,0x000000001f4d0000] [id=8468]
  0x000000000054b800 ConcurrentGCThread "G1 Conc#0" [stack: 0x000000001f650000,0x000000001f750000] [id=10548]
  0x0000000021980800 ConcurrentGCThread "G1 Refine#0" [stack: 0x0000000021c30000,0x0000000021d30000] [id=8752]
  0x000000000056d800 ConcurrentGCThread "G1 Refine#1" [stack: 0x0000000021d50000,0x0000000021e50000] [id=7284]
  0x0000000021981800 ConcurrentGCThread "G1 Refine#2" [stack: 0x0000000021f40000,0x0000000022040000] [id=7508]
  0x0000000021982800 ConcurrentGCThread "G1 Refine#3" [stack: 0x0000000022150000,0x0000000022250000] [id=8700]
  0x0000000021984000 ConcurrentGCThread "G1 Young RemSet Sampling" [stack: 0x0000000022300000,0x0000000022400000] [id=6232]

Threads with active compile tasks:

VM state:at safepoint (normal execution)

VM Mutex/Monitor currently owned by a thread:  ([mutex/lock_event])
[0x00000000004e29f0] Threads_lock - owner thread: 0x0000000021a5d800

Heap address: 0x00000000c8600000, size: 890 MB, Compressed Oops mode: 32-bit
Narrow klass base: 0x0000000000000000, Narrow klass shift: 0
Compressed class space size: 1073741824 Address: 0x000000007fff0000

Heap:
 garbage-first heap   total 57344K, used 2048K [0x00000000c8600000, 0x0000000100000000)
  region size 1024K, 3 young (3072K), 0 survivors (0K)
 Metaspace       used 5171K, capacity 5264K, committed 5376K, reserved 1056768K
  class space    used 437K, capacity 496K, committed 512K, reserved 1048576K
Heap Regions: E=young(eden), S=young(survivor), O=old, HS=humongous(starts), HC=humongous(continues), CS=collection set, F=free, A=archive, TS=gc time stamp, AC=allocation context, TAMS=top-at-mark-start (previous, next)
|   0|0x00000000c8600000, 0x00000000c8600000, 0x00000000c8700000|  0%| F|  |TS  0|AC  0|TAMS 0x00000000c8600000, 0x00000000c8600000|
|   1|0x00000000c8700000, 0x00000000c8700000, 0x00000000c8800000|  0%| F|  |TS  0|AC  0|TAMS 0x00000000c8700000, 0x00000000c8700000|
|   2|0x00000000c8800000, 0x00000000c8800000, 0x00000000c8900000|  0%| F|  |TS  0|AC  0|TAMS 0x00000000c8800000, 0x00000000c8800000|
|   3|0x00000000c8900000, 0x00000000c8900000, 0x00000000c8a00000|  0%| F|  |TS  0|AC  0|TAMS 0x00000000c8900000, 0x00000000c8900000|
|   4|0x00000000c8a00000, 0x00000000c8a00000, 0x00000000c8b00000|  0%| F|  |TS  0|AC  0|TAMS 0x00000000c8a00000, 0x00000000c8a00000|
|   5|0x00000000c8b00000, 0x00000000c8b00000, 0x00000000c8c00000|  0%| F|  |TS  0|AC  0|TAMS 0x00000000c8b00000, 0x00000000c8b00000|
|   6|0x00000000c8c00000, 0x00000000c8c00000, 0x00000000c8d00000|  0%| F|  |TS  0|AC  0|TAMS 0x00000000c8c00000, 0x00000000c8c00000|
|   7|0x00000000c8d00000, 0x00000000c8d00000, 0x00000000c8e00000|  0%| F|  |TS  0|AC  0|TAMS 0x00000000c8d00000, 0x00000000c8d00000|
|   8|0x00000000c8e00000, 0x00000000c8e00000, 0x00000000c8f00000|  0%| F|  |TS  0|AC  0|TAMS 0x00000000c8e00000, 0x00000000c8e00000|
|   9|0x00000000c8f00000, 0x00000000c8f00000, 0x00000000c9000000|  0%| F|  |TS  0|AC  0|TAMS 0x00000000c8f00000, 0x00000000c8f00000|
|  10|0x00000000c9000000, 0x00000000c9000000, 0x00000000c9100000|  0%| F|  |TS  0|AC  0|TAMS 0x00000000c9000000, 0x00000000c9000000|
|  11|0x00000000c9100000, 0x00000000c9100000, 0x00000000c9200000|  0%| F|  |TS  0|AC  0|TAMS 0x00000000c9100000, 0x00000000c9100000|
|  12|0x00000000c9200000, 0x00000000c9200000, 0x00000000c9300000|  0%| F|  |TS  0|AC  0|TAMS 0x00000000c9200000, 0x00000000c9200000|
|  13|0x00000000c9300000, 0x00000000c9300000, 0x00000000c9400000|  0%| F|  |TS  0|AC  0|TAMS 0x00000000c9300000, 0x00000000c9300000|
|  14|0x00000000c9400000, 0x00000000c9400000, 0x00000000c9500000|  0%| F|  |TS  0|AC  0|TAMS 0x00000000c9400000, 0x00000000c9400000|
|  15|0x00000000c9500000, 0x00000000c9500000, 0x00000000c9600000|  0%| F|  |TS  0|AC  0|TAMS 0x00000000c9500000, 0x00000000c9500000|
|  16|0x00000000c9600000, 0x00000000c9600000, 0x00000000c9700000|  0%| F|  |TS  0|AC  0|TAMS 0x00000000c9600000, 0x00000000c9600000|
|  17|0x00000000c9700000, 0x00000000c9700000, 0x00000000c9800000|  0%| F|  |TS  0|AC  0|TAMS 0x00000000c9700000, 0x00000000c9700000|
|  18|0x00000000c9800000, 0x00000000c9800000, 0x00000000c9900000|  0%| F|  |TS  0|AC  0|TAMS 0x00000000c9800000, 0x00000000c9800000|
|  19|0x00000000c9900000, 0x00000000c9900000, 0x00000000c9a00000|  0%| F|  |TS  0|AC  0|TAMS 0x00000000c9900000, 0x00000000c9900000|
|  20|0x00000000c9a00000, 0x00000000c9a00000, 0x00000000c9b00000|  0%| F|  |TS  0|AC  0|TAMS 0x00000000c9a00000, 0x00000000c9a00000|
|  21|0x00000000c9b00000, 0x00000000c9b00000, 0x00000000c9c00000|  0%| F|  |TS  0|AC  0|TAMS 0x00000000c9b00000, 0x00000000c9b00000|
|  22|0x00000000c9c00000, 0x00000000c9c00000, 0x00000000c9d00000|  0%| F|  |TS  0|AC  0|TAMS 0x00000000c9c00000, 0x00000000c9c00000|
|  23|0x00000000c9d00000, 0x00000000c9d00000, 0x00000000c9e00000|  0%| F|  |TS  0|AC  0|TAMS 0x00000000c9d00000, 0x00000000c9d00000|
|  24|0x00000000c9e00000, 0x00000000c9e00000, 0x00000000c9f00000|  0%| F|  |TS  0|AC  0|TAMS 0x00000000c9e00000, 0x00000000c9e00000|
|  25|0x00000000c9f00000, 0x00000000c9f00000, 0x00000000ca000000|  0%| F|  |TS  0|AC  0|TAMS 0x00000000c9f00000, 0x00000000c9f00000|
|  26|0x00000000ca000000, 0x00000000ca000000, 0x00000000ca100000|  0%| F|  |TS  0|AC  0|TAMS 0x00000000ca000000, 0x00000000ca000000|
|  27|0x00000000ca100000, 0x00000000ca100000, 0x00000000ca200000|  0%| F|  |TS  0|AC  0|TAMS 0x00000000ca100000, 0x00000000ca100000|
|  28|0x00000000ca200000, 0x00000000ca200000, 0x00000000ca300000|  0%| F|  |TS  0|AC  0|TAMS 0x00000000ca200000, 0x00000000ca200000|
|  29|0x00000000ca300000, 0x00000000ca300000, 0x00000000ca400000|  0%| F|  |TS  0|AC  0|TAMS 0x00000000ca300000, 0x00000000ca300000|
|  30|0x00000000ca400000, 0x00000000ca400000, 0x00000000ca500000|  0%| F|  |TS  0|AC  0|TAMS 0x00000000ca400000, 0x00000000ca400000|
|  31|0x00000000ca500000, 0x00000000ca500000, 0x00000000ca600000|  0%| F|  |TS  0|AC  0|TAMS 0x00000000ca500000, 0x00000000ca500000|
|  32|0x00000000ca600000, 0x00000000ca600000, 0x00000000ca700000|  0%| F|  |TS  0|AC  0|TAMS 0x00000000ca600000, 0x00000000ca600000|
|  33|0x00000000ca700000, 0x00000000ca700000, 0x00000000ca800000|  0%| F|  |TS  0|AC  0|TAMS 0x00000000ca700000, 0x00000000ca700000|
|  34|0x00000000ca800000, 0x00000000ca800000, 0x00000000ca900000|  0%| F|  |TS  0|AC  0|TAMS 0x00000000ca800000, 0x00000000ca800000|
|  35|0x00000000ca900000, 0x00000000ca900000, 0x00000000caa00000|  0%| F|  |TS  0|AC  0|TAMS 0x00000000ca900000, 0x00000000ca900000|
|  36|0x00000000caa00000, 0x00000000caa00000, 0x00000000cab00000|  0%| F|  |TS  0|AC  0|TAMS 0x00000000caa00000, 0x00000000caa00000|
|  37|0x00000000cab00000, 0x00000000cab00000, 0x00000000cac00000|  0%| F|  |TS  0|AC  0|TAMS 0x00000000cab00000, 0x00000000cab00000|
|  38|0x00000000cac00000, 0x00000000cac00000, 0x00000000cad00000|  0%| F|  |TS  0|AC  0|TAMS 0x00000000cac00000, 0x00000000cac00000|
|  39|0x00000000cad00000, 0x00000000cad00000, 0x00000000cae00000|  0%| F|  |TS  0|AC  0|TAMS 0x00000000cad00000, 0x00000000cad00000|
|  40|0x00000000cae00000, 0x00000000cae00000, 0x00000000caf00000|  0%| F|  |TS  0|AC  0|TAMS 0x00000000cae00000, 0x00000000cae00000|
|  41|0x00000000caf00000, 0x00000000caf00000, 0x00000000cb000000|  0%| F|  |TS  0|AC  0|TAMS 0x00000000caf00000, 0x00000000caf00000|
|  42|0x00000000cb000000, 0x00000000cb000000, 0x00000000cb100000|  0%| F|  |TS  0|AC  0|TAMS 0x00000000cb000000, 0x00000000cb000000|
|  43|0x00000000cb100000, 0x00000000cb100000, 0x00000000cb200000|  0%| F|  |TS  0|AC  0|TAMS 0x00000000cb100000, 0x00000000cb100000|
|  44|0x00000000cb200000, 0x00000000cb200000, 0x00000000cb300000|  0%| F|  |TS  0|AC  0|TAMS 0x00000000cb200000, 0x00000000cb200000|
|  45|0x00000000cb300000, 0x00000000cb300000, 0x00000000cb400000|  0%| F|  |TS  0|AC  0|TAMS 0x00000000cb300000, 0x00000000cb300000|
|  46|0x00000000cb400000, 0x00000000cb400000, 0x00000000cb500000|  0%| F|  |TS  0|AC  0|TAMS 0x00000000cb400000, 0x00000000cb400000|
|  47|0x00000000cb500000, 0x00000000cb500000, 0x00000000cb600000|  0%| F|  |TS  0|AC  0|TAMS 0x00000000cb500000, 0x00000000cb500000|
|  48|0x00000000cb600000, 0x00000000cb600000, 0x00000000cb700000|  0%| F|  |TS  0|AC  0|TAMS 0x00000000cb600000, 0x00000000cb600000|
|  49|0x00000000cb700000, 0x00000000cb700000, 0x00000000cb800000|  0%| F|  |TS  0|AC  0|TAMS 0x00000000cb700000, 0x00000000cb700000|
|  50|0x00000000cb800000, 0x00000000cb800000, 0x00000000cb900000|  0%| F|  |TS  0|AC  0|TAMS 0x00000000cb800000, 0x00000000cb800000|
|  51|0x00000000cb900000, 0x00000000cb900000, 0x00000000cba00000|  0%| F|  |TS  0|AC  0|TAMS 0x00000000cb900000, 0x00000000cb900000|
|  52|0x00000000cba00000, 0x00000000cba00000, 0x00000000cbb00000|  0%| F|  |TS  0|AC  0|TAMS 0x00000000cba00000, 0x00000000cba00000|
|  53|0x00000000cbb00000, 0x00000000cbbd8258, 0x00000000cbc00000| 84%| E|  |TS  0|AC  0|TAMS 0x00000000cbb00000, 0x00000000cbb00000|
|  54|0x00000000cbc00000, 0x00000000cbd00000, 0x00000000cbd00000|100%| E|CS|TS  0|AC  0|TAMS 0x00000000cbc00000, 0x00000000cbc00000|
|  55|0x00000000cbd00000, 0x00000000cbe00000, 0x00000000cbe00000|100%| E|CS|TS  0|AC  0|TAMS 0x00000000cbd00000, 0x00000000cbd00000|

Card table byte_map: [0x000000001d340000,0x000000001d500000] byte_map_base: 0x000000001ccfd000

Marking Bits (Prev, Next): (CMBitMap*) 0x0000000000549b50, (CMBitMap*) 0x0000000000549b88
 Prev Bits: [0x000000001d6c0000, 0x000000001e4a8000)
 Next Bits: [0x000000001e4b0000, 0x000000001f298000)

Polling page: 0x00000000001f0000

CodeHeap 'non-profiled nmethods': size=120064Kb used=68Kb max_used=68Kb free=119995Kb
 bounds [0x0000000015090000, 0x0000000015300000, 0x000000001c5d0000]
CodeHeap 'profiled nmethods': size=120000Kb used=227Kb max_used=227Kb free=119772Kb
 bounds [0x000000000db60000, 0x000000000ddd0000, 0x0000000015090000]
CodeHeap 'non-nmethods': size=5696Kb used=1070Kb max_used=1081Kb free=4626Kb
 bounds [0x000000000d5d0000, 0x000000000d840000, 0x000000000db60000]
 total_blobs=562 nmethods=186 adapters=211
 compilation: enabled

Compilation events (10 events):
Event: 1.602 Thread 0x0000000022ce4000  183       3       java.util.concurrent.ConcurrentHashMap::setTabAt (20 bytes)
Event: 1.602 Thread 0x0000000022ce4000 nmethod 183 0x000000000db96990 code [0x000000000db96b40, 0x000000000db96d90]
Event: 1.604 Thread 0x0000000022ce4000  184       3       sun.nio.fs.WindowsPathParser::isInvalidPathChar (22 bytes)
Event: 1.605 Thread 0x0000000022ce4000 nmethod 184 0x000000000db96e90 code [0x000000000db97080, 0x000000000db97428]
Event: 1.605 Thread 0x0000000022ce4000  185       3       sun.nio.fs.WindowsPathParser::isSlash (18 bytes)
Event: 1.605 Thread 0x0000000022ce4000 nmethod 185 0x000000000db97590 code [0x000000000db97740, 0x000000000db97910]
Event: 1.605 Thread 0x0000000022ce4000  186       3       java.lang.String::substring (58 bytes)
Event: 1.606 Thread 0x0000000022ce4000 nmethod 186 0x000000000db97990 code [0x000000000db97bc0, 0x000000000db982c8]
Event: 1.606 Thread 0x0000000022ce4000  187       3       java.lang.String::getBytes (44 bytes)
Event: 1.606 Thread 0x0000000022ce4000 nmethod 187 0x000000000db98590 code [0x000000000db98780, 0x000000000db98b38]

GC Heap History (0 events):
No events

Deoptimization events (2 events):
Event: 1.084 Thread 0x00000000004e6800 Uncommon trap: reason=unstable_if action=reinterpret pc=0x00000000150987ec method=java.lang.String.isLatin1()Z @ 10 c2
Event: 1.119 Thread 0x00000000004e6800 Uncommon trap: reason=unstable_if action=reinterpret pc=0x0000000015092d98 method=java.lang.String.hashCode()I @ 14 c2

Classes redefined (2 events):
Event: 34.114 Thread 0x0000000021a5d800 redefined class name=Solution, count=1
Event: 41.993 Thread 0x0000000021a5d800 redefined class name=Solution, count=2

Internal exceptions (0 events):
No events

Events (10 events):
Event: 9298.798 Executing VM operation: GetFrameLocation done
Event: 9298.798 Executing VM operation: GetOrSetLocal
Event: 9298.802 Executing VM operation: GetOrSetLocal done
Event: 9299.209 Executing VM operation: GetFrameCount
Event: 9299.209 Executing VM operation: GetFrameCount done
Event: 9299.209 Executing VM operation: GetFrameLocation
Event: 9299.209 Executing VM operation: GetFrameLocation done
Event: 9299.212 Executing VM operation: GetFrameLocation
Event: 9299.212 Executing VM operation: GetFrameLocation done
Event: 9299.214 Executing VM operation: GetOrSetLocal


Dynamic libraries:
0x000000013f6e0000 - 0x000000013f71e000 	C:\Program Files\Java\jdk-10\bin\java.exe
0x0000000076eb0000 - 0x000000007705a000 	C:\Windows\SYSTEM32\ntdll.dll
0x0000000076d90000 - 0x0000000076eaf000 	C:\Windows\system32\kernel32.dll
0x000007fefcef0000 - 0x000007fefcf5a000 	C:\Windows\system32\KERNELBASE.dll
0x000007fefdcc0000 - 0x000007fefdd9b000 	C:\Windows\system32\ADVAPI32.dll
0x000007fefee60000 - 0x000007fefeeff000 	C:\Windows\system32\msvcrt.dll
0x000007feff120000 - 0x000007feff13f000 	C:\Windows\SYSTEM32\sechost.dll
0x000007fefd170000 - 0x000007fefd29d000 	C:\Windows\system32\RPCRT4.dll
0x0000000076c90000 - 0x0000000076d8a000 	C:\Windows\system32\USER32.dll
0x000007fefd470000 - 0x000007fefd4d7000 	C:\Windows\system32\GDI32.dll
0x000007feff100000 - 0x000007feff10e000 	C:\Windows\system32\LPK.dll
0x000007fefd3a0000 - 0x000007fefd46b000 	C:\Windows\system32\USP10.dll
0x000007fefb670000 - 0x000007fefb864000 	C:\Windows\WinSxS\amd64_microsoft.windows.common-controls_6595b64144ccf1df_6.0.7601.18837_none_fa3b1e3d17594757\COMCTL32.dll
0x000007fefd2a0000 - 0x000007fefd311000 	C:\Windows\system32\SHLWAPI.dll
0x000007fefc490000 - 0x000007fefc49c000 	C:\Windows\system32\VERSION.dll
0x000007fefcf60000 - 0x000007fefcf8e000 	C:\Windows\system32\IMM32.DLL
0x000007fefd930000 - 0x000007fefda39000 	C:\Windows\system32\MSCTF.dll
0x000007fef33b0000 - 0x000007fef349f000 	C:\Program Files\Java\jdk-10\bin\msvcr120.dll
0x000007fef01d0000 - 0x000007fef0276000 	C:\Program Files\Java\jdk-10\bin\msvcp120.dll
0x00000000612d0000 - 0x0000000061d3f000 	C:\Program Files\Java\jdk-10\bin\server\jvm.dll
0x000007fefa970000 - 0x000007fefa979000 	C:\Windows\system32\WSOCK32.dll
0x000007fefdc70000 - 0x000007fefdcbd000 	C:\Windows\system32\WS2_32.dll
0x000007feff110000 - 0x000007feff118000 	C:\Windows\system32\NSI.dll
0x000007fef8b10000 - 0x000007fef8b4b000 	C:\Windows\system32\WINMM.dll
0x0000000077080000 - 0x0000000077087000 	C:\Windows\system32\PSAPI.DLL
0x000007fefc3c0000 - 0x000007fefc3cf000 	C:\Program Files\Java\jdk-10\bin\verify.dll
0x000007fef1bb0000 - 0x000007fef1cd5000 	C:\Windows\system32\DBGHELP.DLL
0x000007fef41b0000 - 0x000007fef41d7000 	C:\Program Files\Java\jdk-10\bin\java.dll
0x000007fef3370000 - 0x000007fef33a6000 	C:\Program Files\Java\jdk-10\bin\jdwp.dll
0x000007fef3560000 - 0x000007fef358a000 	C:\Program Files\Java\jdk-10\bin\instrument.dll
0x000007fef7a30000 - 0x000007fef7a46000 	C:\Program Files\Java\jdk-10\bin\zip.dll
0x000007fef7ff0000 - 0x000007fef7ffa000 	C:\Program Files\Java\jdk-10\bin\jimage.dll
0x000007fefe0d0000 - 0x000007fefee5b000 	C:\Windows\system32\SHELL32.dll
0x000007fefef00000 - 0x000007feff0fc000 	C:\Windows\system32\ole32.dll
0x000007fefcba0000 - 0x000007fefcbaf000 	C:\Windows\system32\profapi.dll
0x000007fef58d0000 - 0x000007fef58da000 	C:\Program Files\Java\jdk-10\bin\dt_socket.dll
0x000007fefc040000 - 0x000007fefc095000 	C:\Windows\system32\mswsock.dll
0x000007fefc4a0000 - 0x000007fefc4a7000 	C:\Windows\System32\wshtcpip.dll
0x000007fef72e0000 - 0x000007fef72fa000 	C:\Program Files\Java\jdk-10\bin\net.dll
0x000007fef9920000 - 0x000007fef9991000 	C:\Windows\system32\WINHTTP.dll
0x000007fef83e0000 - 0x000007fef8444000 	C:\Windows\system32\webio.dll
0x000007fefc030000 - 0x000007fefc037000 	C:\Windows\System32\wship6.dll
0x000007fef5de0000 - 0x000007fef5df1000 	C:\Program Files\Java\jdk-10\bin\nio.dll

dbghelp: loaded successfully - version: 4.0.5 - missing functions: none
symbol engine: initialized successfully - sym options: 0x614 - pdb path: .;C:\Program Files\Java\jdk-10\bin;C:\Windows\SYSTEM32;C:\Windows\WinSxS\amd64_microsoft.windows.common-controls_6595b64144ccf1df_6.0.7601.18837_none_fa3b1e3d17594757;C:\Program Files\Java\jdk-10\bin\server

VM Arguments:
jvm_args: -agentlib:jdwp=transport=dt_socket,address=127.0.0.1:52861,suspend=y,server=n -javaagent:C:\Users\Administrator\AppData\Local\Temp\capture12241jars\debugger-agent.jar=file:/C:/Users/Administrator/AppData/Local/Temp/capture2.props -Dfile.encoding=UTF-8 
java_command: Solution
java_class_path (initial): D:\LCsolution\119. Pascal's Triangle IIuntitled\out\production\119. Pascal's Triangle IIuntitled;D:\Program Files\JetBrains\IntelliJ IDEA Community Edition 2018.1.1\lib\idea_rt.jar
Launcher Type: SUN_STANDARD

Logging:
Log output configuration:
#0: stdout all=warning uptime,level,tags
#1: stderr all=off uptime,level,tags

Environment Variables:
JAVA_HOME=C:\Program Files\Java\jdk-10
PATH=C:\ProgramData\Oracle\Java\javapath;C:\Windows\system32;C:\Windows;C:\Windows\System32\Wbem;C:\Windows\System32\WindowsPowerShell\v1.0\;C:\Program Files\Java\jdk-10\bin;G:\0 code\Python\Scripts\;G:\0 code\Python\;C:\Users\Administrator\AppData\Local\GitHubDesktop\bin
USERNAME=Administrator
OS=Windows_NT
PROCESSOR_IDENTIFIER=AMD64 Family 18 Model 1 Stepping 0, AuthenticAMD



---------------  S Y S T E M  ---------------

OS: Windows 7 , 64 bit Build 7601 (6.1.7601.23864)

CPU:total 4 (initial active 4) (4 cores per cpu, 1 threads per core) family 18 model 1 stepping 0, cmov, cx8, fxsr, mmx, sse, sse2, sse3, popcnt, mmxext, 3dnowpref, lzcnt, sse4a, tsc, tscinvbit, tscinv

Memory: 4k page, physical 3643504k(243660k free), swap 12782904k(5339196k free)

vm_info: Java HotSpot(TM) 64-Bit Server VM (10+46) for windows-amd64 JRE (10+46), built on Mar  8 2018 02:11:18 by "mach5one" with MS VC++ 12.0 (VS2013)

END.
