#
# A fatal error has been detected by the Java Runtime Environment:
#
#  Internal Error (t:/workspace/open/src/hotspot/share/oops/generateOopMap.cpp:1632), pid=10584, tid=8428
#  Error: ShouldNotReachHere()
#
# JRE version: Java(TM) SE Runtime Environment (10.0+46) (build 10+46)
# Java VM: Java HotSpot(TM) 64-Bit Server VM (10+46, mixed mode, tiered, compressed oops, g1 gc, windows-amd64)
# No core dump will be written. Minidumps are not enabled by default on client versions of Windows
#
# If you would like to submit a bug report, please visit:
#   http://bugreport.java.com/bugreport/crash.jsp
#

---------------  S U M M A R Y ------------

Command Line: -agentlib:jdwp=transport=dt_socket,address=127.0.0.1:52813,suspend=y,server=n -javaagent:C:\Users\Administrator\AppData\Local\Temp\capture5500jars\debugger-agent.jar=file:/C:/Users/Administrator/AppData/Local/Temp/capture2.props -Dfile.encoding=UTF-8 Solution

Host: AMD A6-3400M APU with Radeon(tm) HD Graphics, 4 cores, 3G,  Windows 7 , 64 bit Build 7601 (6.1.7601.23864)
Time: Wed Jun 27 13:17:15 2018 ?D1¨²¡À¨º¡Á?¨º¡À?? elapsed time: 184 seconds (0d 0h 3m 4s)

---------------  T H R E A D  ---------------

Current thread (0x0000000021945000):  VMThread "VM Thread" [stack: 0x0000000022b30000,0x0000000022c30000] [id=8428]

Stack: [0x0000000022b30000,0x0000000022c30000]
[error occurred during error reporting (printing stack bounds), id 0xe0000000]

Native frames: (J=compiled Java code, j=interpreted, Vv=VM code, C=native code)
V  [jvm.dll+0x59fbf9]
V  [jvm.dll+0x6bca11]
V  [jvm.dll+0x6bdc06]
V  [jvm.dll+0x6be1f5]
V  [jvm.dll+0x6be1ab]
V  [jvm.dll+0x59f3f3]
V  [jvm.dll+0x59f7f8]
C  [ntdll.dll+0x2812d]
C  [ntdll.dll+0x1855f]
C  [ntdll.dll+0x4bcb8]
C  0x000000000d920ea7

VM_Operation (0x0000000023def730): GetOrSetLocal, mode: safepoint, requested by thread 0x00000000237ee000


---------------  P R O C E S S  ---------------

Threads class SMR info:
_java_thread_list=0x0000000023970340, length=14, elements={
0x0000000000286800, 0x0000000021947800, 0x000000002194b800, 0x0000000022996000,
0x0000000022998000, 0x0000000022999000, 0x000000002299e000, 0x000000002299e800,
0x00000000229a1800, 0x00000000237ee000, 0x000000002399c800, 0x000000002398a800,
0x00000000235f8800, 0x000000002386e800
}

Java Threads: ( => current thread )
  0x0000000000286800 JavaThread "main" [_thread_blocked, id=8804, stack(0x0000000002060000,0x0000000002160000)]
  0x0000000021947800 JavaThread "Reference Handler" daemon [_thread_blocked, id=11236, stack(0x0000000022d70000,0x0000000022e70000)]
  0x000000002194b800 JavaThread "Finalizer" daemon [_thread_blocked, id=3644, stack(0x0000000022f30000,0x0000000023030000)]
  0x0000000022996000 JavaThread "Signal Dispatcher" daemon [_thread_blocked, id=1388, stack(0x00000000230e0000,0x00000000231e0000)]
  0x0000000022998000 JavaThread "Attach Listener" daemon [_thread_blocked, id=1444, stack(0x00000000231f0000,0x00000000232f0000)]
  0x0000000022999000 JavaThread "C2 CompilerThread0" daemon [_thread_blocked, id=8284, stack(0x0000000023310000,0x0000000023410000)]
  0x000000002299e000 JavaThread "C2 CompilerThread1" daemon [_thread_blocked, id=11936, stack(0x0000000021bc0000,0x0000000021cc0000)]
  0x000000002299e800 JavaThread "C1 CompilerThread2" daemon [_thread_blocked, id=7776, stack(0x0000000022c30000,0x0000000022d30000)]
  0x00000000229a1800 JavaThread "Sweeper thread" daemon [_thread_blocked, id=11924, stack(0x00000000234d0000,0x00000000235d0000)]
  0x00000000237ee000 JavaThread "JDWP Transport Listener: dt_socket" daemon [_thread_blocked, id=10600, stack(0x0000000023cf0000,0x0000000023df0000)] _threads_hazard_ptr=0x0000000023970340
  0x000000002399c800 JavaThread "JDWP Event Helper Thread" daemon [_thread_blocked, id=10176, stack(0x0000000023e80000,0x0000000023f80000)]
  0x000000002398a800 JavaThread "JDWP Command Reader" daemon [_thread_in_native, id=4176, stack(0x0000000024790000,0x0000000024890000)]
  0x00000000235f8800 JavaThread "Common-Cleaner" daemon [_thread_blocked, id=9496, stack(0x00000000248d0000,0x00000000249d0000)]
  0x000000002386e800 JavaThread "Service Thread" daemon [_thread_blocked, id=7768, stack(0x0000000024af0000,0x0000000024bf0000)]

Other Threads:
=>0x0000000021945000 VMThread "VM Thread" [stack: 0x0000000022b30000,0x0000000022c30000] [id=8428]
  0x0000000023870800 WatcherThread [stack: 0x0000000024c80000,0x0000000024d80000] [id=2096]
  0x00000000002af000 GCTaskThread "GC Thread#0" [stack: 0x0000000002450000,0x0000000002550000] [id=7152]
  0x00000000002b0800 GCTaskThread "GC Thread#1" [stack: 0x000000001c9d0000,0x000000001cad0000] [id=7008]
  0x00000000002b4000 GCTaskThread "GC Thread#2" [stack: 0x0000000002340000,0x0000000002440000] [id=10284]
  0x00000000002b7800 GCTaskThread "GC Thread#3" [stack: 0x000000001cc20000,0x000000001cd20000] [id=9788]
  0x00000000002f2800 ConcurrentGCThread "G1 Main Marker" [stack: 0x000000001f170000,0x000000001f270000] [id=9036]
  0x00000000002f5000 ConcurrentGCThread "G1 Conc#0" [stack: 0x000000001f420000,0x000000001f520000] [id=8880]
  0x000000002186a800 ConcurrentGCThread "G1 Refine#0" [stack: 0x0000000021ac0000,0x0000000021bc0000] [id=1752]
  0x000000002186f000 ConcurrentGCThread "G1 Refine#1" [stack: 0x0000000021cf0000,0x0000000021df0000] [id=11284]
  0x0000000021872800 ConcurrentGCThread "G1 Refine#2" [stack: 0x0000000021e00000,0x0000000021f00000] [id=6244]
  0x0000000021873800 ConcurrentGCThread "G1 Refine#3" [stack: 0x0000000021970000,0x0000000021a70000] [id=11432]
  0x0000000021874000 ConcurrentGCThread "G1 Young RemSet Sampling" [stack: 0x0000000021fc0000,0x00000000220c0000] [id=3668]

Threads with active compile tasks:

VM state:at safepoint (normal execution)

VM Mutex/Monitor currently owned by a thread:  ([mutex/lock_event])
[0x00000000002829f0] Threads_lock - owner thread: 0x0000000021945000

Heap address: 0x00000000c8600000, size: 890 MB, Compressed Oops mode: 32-bit
Narrow klass base: 0x0000000000000000, Narrow klass shift: 0
Compressed class space size: 1073741824 Address: 0x000000007fff0000

Heap:
 garbage-first heap   total 57344K, used 2048K [0x00000000c8600000, 0x0000000100000000)
  region size 1024K, 3 young (3072K), 0 survivors (0K)
 Metaspace       used 5195K, capacity 5328K, committed 5376K, reserved 1056768K
  class space    used 439K, capacity 496K, committed 512K, reserved 1048576K
Heap Regions: E=young(eden), S=young(survivor), O=old, HS=humongous(starts), HC=humongous(continues), CS=collection set, F=free, A=archive, TS=gc time stamp, AC=allocation context, TAMS=top-at-mark-start (previous, next)
|   0|0x00000000c8600000, 0x00000000c8600000, 0x00000000c8700000|  0%| F|  |TS  0|AC  0|TAMS 0x00000000c8600000, 0x00000000c8600000|
|   1|0x00000000c8700000, 0x00000000c8700000, 0x00000000c8800000|  0%| F|  |TS  0|AC  0|TAMS 0x00000000c8700000, 0x00000000c8700000|
|   2|0x00000000c8800000, 0x00000000c8800000, 0x00000000c8900000|  0%| F|  |TS  0|AC  0|TAMS 0x00000000c8800000, 0x00000000c8800000|
|   3|0x00000000c8900000, 0x00000000c8900000, 0x00000000c8a00000|  0%| F|  |TS  0|AC  0|TAMS 0x00000000c8900000, 0x00000000c8900000|
|   4|0x00000000c8a00000, 0x00000000c8a00000, 0x00000000c8b00000|  0%| F|  |TS  0|AC  0|TAMS 0x00000000c8a00000, 0x00000000c8a00000|
|   5|0x00000000c8b00000, 0x00000000c8b00000, 0x00000000c8c00000|  0%| F|  |TS  0|AC  0|TAMS 0x00000000c8b00000, 0x00000000c8b00000|
|   6|0x00000000c8c00000, 0x00000000c8c00000, 0x00000000c8d00000|  0%| F|  |TS  0|AC  0|TAMS 0x00000000c8c00000, 0x00000000c8c00000|
|   7|0x00000000c8d00000, 0x00000000c8d00000, 0x00000000c8e00000|  0%| F|  |TS  0|AC  0|TAMS 0x00000000c8d00000, 0x00000000c8d00000|
|   8|0x00000000c8e00000, 0x00000000c8e00000, 0x00000000c8f00000|  0%| F|  |TS  0|AC  0|TAMS 0x00000000c8e00000, 0x00000000c8e00000|
|   9|0x00000000c8f00000, 0x00000000c8f00000, 0x00000000c9000000|  0%| F|  |TS  0|AC  0|TAMS 0x00000000c8f00000, 0x00000000c8f00000|
|  10|0x00000000c9000000, 0x00000000c9000000, 0x00000000c9100000|  0%| F|  |TS  0|AC  0|TAMS 0x00000000c9000000, 0x00000000c9000000|
|  11|0x00000000c9100000, 0x00000000c9100000, 0x00000000c9200000|  0%| F|  |TS  0|AC  0|TAMS 0x00000000c9100000, 0x00000000c9100000|
|  12|0x00000000c9200000, 0x00000000c9200000, 0x00000000c9300000|  0%| F|  |TS  0|AC  0|TAMS 0x00000000c9200000, 0x00000000c9200000|
|  13|0x00000000c9300000, 0x00000000c9300000, 0x00000000c9400000|  0%| F|  |TS  0|AC  0|TAMS 0x00000000c9300000, 0x00000000c9300000|
|  14|0x00000000c9400000, 0x00000000c9400000, 0x00000000c9500000|  0%| F|  |TS  0|AC  0|TAMS 0x00000000c9400000, 0x00000000c9400000|
|  15|0x00000000c9500000, 0x00000000c9500000, 0x00000000c9600000|  0%| F|  |TS  0|AC  0|TAMS 0x00000000c9500000, 0x00000000c9500000|
|  16|0x00000000c9600000, 0x00000000c9600000, 0x00000000c9700000|  0%| F|  |TS  0|AC  0|TAMS 0x00000000c9600000, 0x00000000c9600000|
|  17|0x00000000c9700000, 0x00000000c9700000, 0x00000000c9800000|  0%| F|  |TS  0|AC  0|TAMS 0x00000000c9700000, 0x00000000c9700000|
|  18|0x00000000c9800000, 0x00000000c9800000, 0x00000000c9900000|  0%| F|  |TS  0|AC  0|TAMS 0x00000000c9800000, 0x00000000c9800000|
|  19|0x00000000c9900000, 0x00000000c9900000, 0x00000000c9a00000|  0%| F|  |TS  0|AC  0|TAMS 0x00000000c9900000, 0x00000000c9900000|
|  20|0x00000000c9a00000, 0x00000000c9a00000, 0x00000000c9b00000|  0%| F|  |TS  0|AC  0|TAMS 0x00000000c9a00000, 0x00000000c9a00000|
|  21|0x00000000c9b00000, 0x00000000c9b00000, 0x00000000c9c00000|  0%| F|  |TS  0|AC  0|TAMS 0x00000000c9b00000, 0x00000000c9b00000|
|  22|0x00000000c9c00000, 0x00000000c9c00000, 0x00000000c9d00000|  0%| F|  |TS  0|AC  0|TAMS 0x00000000c9c00000, 0x00000000c9c00000|
|  23|0x00000000c9d00000, 0x00000000c9d00000, 0x00000000c9e00000|  0%| F|  |TS  0|AC  0|TAMS 0x00000000c9d00000, 0x00000000c9d00000|
|  24|0x00000000c9e00000, 0x00000000c9e00000, 0x00000000c9f00000|  0%| F|  |TS  0|AC  0|TAMS 0x00000000c9e00000, 0x00000000c9e00000|
|  25|0x00000000c9f00000, 0x00000000c9f00000, 0x00000000ca000000|  0%| F|  |TS  0|AC  0|TAMS 0x00000000c9f00000, 0x00000000c9f00000|
|  26|0x00000000ca000000, 0x00000000ca000000, 0x00000000ca100000|  0%| F|  |TS  0|AC  0|TAMS 0x00000000ca000000, 0x00000000ca000000|
|  27|0x00000000ca100000, 0x00000000ca100000, 0x00000000ca200000|  0%| F|  |TS  0|AC  0|TAMS 0x00000000ca100000, 0x00000000ca100000|
|  28|0x00000000ca200000, 0x00000000ca200000, 0x00000000ca300000|  0%| F|  |TS  0|AC  0|TAMS 0x00000000ca200000, 0x00000000ca200000|
|  29|0x00000000ca300000, 0x00000000ca300000, 0x00000000ca400000|  0%| F|  |TS  0|AC  0|TAMS 0x00000000ca300000, 0x00000000ca300000|
|  30|0x00000000ca400000, 0x00000000ca400000, 0x00000000ca500000|  0%| F|  |TS  0|AC  0|TAMS 0x00000000ca400000, 0x00000000ca400000|
|  31|0x00000000ca500000, 0x00000000ca500000, 0x00000000ca600000|  0%| F|  |TS  0|AC  0|TAMS 0x00000000ca500000, 0x00000000ca500000|
|  32|0x00000000ca600000, 0x00000000ca600000, 0x00000000ca700000|  0%| F|  |TS  0|AC  0|TAMS 0x00000000ca600000, 0x00000000ca600000|
|  33|0x00000000ca700000, 0x00000000ca700000, 0x00000000ca800000|  0%| F|  |TS  0|AC  0|TAMS 0x00000000ca700000, 0x00000000ca700000|
|  34|0x00000000ca800000, 0x00000000ca800000, 0x00000000ca900000|  0%| F|  |TS  0|AC  0|TAMS 0x00000000ca800000, 0x00000000ca800000|
|  35|0x00000000ca900000, 0x00000000ca900000, 0x00000000caa00000|  0%| F|  |TS  0|AC  0|TAMS 0x00000000ca900000, 0x00000000ca900000|
|  36|0x00000000caa00000, 0x00000000caa00000, 0x00000000cab00000|  0%| F|  |TS  0|AC  0|TAMS 0x00000000caa00000, 0x00000000caa00000|
|  37|0x00000000cab00000, 0x00000000cab00000, 0x00000000cac00000|  0%| F|  |TS  0|AC  0|TAMS 0x00000000cab00000, 0x00000000cab00000|
|  38|0x00000000cac00000, 0x00000000cac00000, 0x00000000cad00000|  0%| F|  |TS  0|AC  0|TAMS 0x00000000cac00000, 0x00000000cac00000|
|  39|0x00000000cad00000, 0x00000000cad00000, 0x00000000cae00000|  0%| F|  |TS  0|AC  0|TAMS 0x00000000cad00000, 0x00000000cad00000|
|  40|0x00000000cae00000, 0x00000000cae00000, 0x00000000caf00000|  0%| F|  |TS  0|AC  0|TAMS 0x00000000cae00000, 0x00000000cae00000|
|  41|0x00000000caf00000, 0x00000000caf00000, 0x00000000cb000000|  0%| F|  |TS  0|AC  0|TAMS 0x00000000caf00000, 0x00000000caf00000|
|  42|0x00000000cb000000, 0x00000000cb000000, 0x00000000cb100000|  0%| F|  |TS  0|AC  0|TAMS 0x00000000cb000000, 0x00000000cb000000|
|  43|0x00000000cb100000, 0x00000000cb100000, 0x00000000cb200000|  0%| F|  |TS  0|AC  0|TAMS 0x00000000cb100000, 0x00000000cb100000|
|  44|0x00000000cb200000, 0x00000000cb200000, 0x00000000cb300000|  0%| F|  |TS  0|AC  0|TAMS 0x00000000cb200000, 0x00000000cb200000|
|  45|0x00000000cb300000, 0x00000000cb300000, 0x00000000cb400000|  0%| F|  |TS  0|AC  0|TAMS 0x00000000cb300000, 0x00000000cb300000|
|  46|0x00000000cb400000, 0x00000000cb400000, 0x00000000cb500000|  0%| F|  |TS  0|AC  0|TAMS 0x00000000cb400000, 0x00000000cb400000|
|  47|0x00000000cb500000, 0x00000000cb500000, 0x00000000cb600000|  0%| F|  |TS  0|AC  0|TAMS 0x00000000cb500000, 0x00000000cb500000|
|  48|0x00000000cb600000, 0x00000000cb600000, 0x00000000cb700000|  0%| F|  |TS  0|AC  0|TAMS 0x00000000cb600000, 0x00000000cb600000|
|  49|0x00000000cb700000, 0x00000000cb700000, 0x00000000cb800000|  0%| F|  |TS  0|AC  0|TAMS 0x00000000cb700000, 0x00000000cb700000|
|  50|0x00000000cb800000, 0x00000000cb800000, 0x00000000cb900000|  0%| F|  |TS  0|AC  0|TAMS 0x00000000cb800000, 0x00000000cb800000|
|  51|0x00000000cb900000, 0x00000000cb900000, 0x00000000cba00000|  0%| F|  |TS  0|AC  0|TAMS 0x00000000cb900000, 0x00000000cb900000|
|  52|0x00000000cba00000, 0x00000000cba00000, 0x00000000cbb00000|  0%| F|  |TS  0|AC  0|TAMS 0x00000000cba00000, 0x00000000cba00000|
|  53|0x00000000cbb00000, 0x00000000cbc00000, 0x00000000cbc00000|100%| E|  |TS  0|AC  0|TAMS 0x00000000cbb00000, 0x00000000cbb00000|
|  54|0x00000000cbc00000, 0x00000000cbd00000, 0x00000000cbd00000|100%| E|CS|TS  0|AC  0|TAMS 0x00000000cbc00000, 0x00000000cbc00000|
|  55|0x00000000cbd00000, 0x00000000cbe00000, 0x00000000cbe00000|100%| E|CS|TS  0|AC  0|TAMS 0x00000000cbd00000, 0x00000000cbd00000|

Card table byte_map: [0x000000001d210000,0x000000001d3d0000] byte_map_base: 0x000000001cbcd000

Marking Bits (Prev, Next): (CMBitMap*) 0x00000000002f20d0, (CMBitMap*) 0x00000000002f2108
 Prev Bits: [0x000000001d590000, 0x000000001e378000)
 Next Bits: [0x000000001e380000, 0x000000001f168000)

Polling page: 0x00000000001f0000

CodeHeap 'non-profiled nmethods': size=120064Kb used=68Kb max_used=68Kb free=119995Kb
 bounds [0x00000000153e0000, 0x0000000015650000, 0x000000001c920000]
CodeHeap 'profiled nmethods': size=120000Kb used=247Kb max_used=247Kb free=119752Kb
 bounds [0x000000000deb0000, 0x000000000e120000, 0x00000000153e0000]
CodeHeap 'non-nmethods': size=5696Kb used=1071Kb max_used=1082Kb free=4624Kb
 bounds [0x000000000d920000, 0x000000000db90000, 0x000000000deb0000]
 total_blobs=568 nmethods=196 adapters=211
 compilation: enabled

Compilation events (10 events):
Event: 0.719 Thread 0x000000002299e800  191       1       java.util.ArrayList$SubList::access$200 (5 bytes)
Event: 0.720 Thread 0x000000002299e800 nmethod 191 0x00000000153f0790 code [0x00000000153f0940, 0x00000000153f0a30]
Event: 0.720 Thread 0x000000002299e800  192       1       java.util.ArrayList$SubList::access$300 (5 bytes)
Event: 0.720 Thread 0x000000002299e800 nmethod 192 0x00000000153f0b10 code [0x00000000153f0cc0, 0x00000000153f0db0]
Event: 0.722 Thread 0x000000002299e800  194       3       java.lang.String::getBytes (44 bytes)
Event: 0.723 Thread 0x000000002299e800 nmethod 194 0x000000000deecf90 code [0x000000000deed180, 0x000000000deed538]
Event: 0.748 Thread 0x0000000022999000  195       4       java.lang.StringLatin1::indexOf (61 bytes)
Event: 0.754 Thread 0x0000000022999000 nmethod 195 0x00000000153f0e90 code [0x00000000153f1020, 0x00000000153f11d8]
Event: 0.761 Thread 0x000000002299e800  196       3       java.lang.AbstractStringBuilder::newCapacity (55 bytes)
Event: 0.761 Thread 0x000000002299e800 nmethod 196 0x000000000deed710 code [0x000000000deed8e0, 0x000000000deedb88]

GC Heap History (0 events):
No events

Deoptimization events (1 events):
Event: 0.597 Thread 0x0000000000286800 Uncommon trap: reason=unstable_if action=reinterpret pc=0x00000000153e4d9c method=java.lang.String.hashCode()I @ 14 c2

Classes redefined (6 events):
Event: 43.788 Thread 0x0000000021945000 redefined class name=Solution, count=1
Event: 55.532 Thread 0x0000000021945000 redefined class name=Solution, count=2
Event: 62.072 Thread 0x0000000021945000 redefined class name=Solution, count=3
Event: 146.569 Thread 0x0000000021945000 redefined class name=Solution, count=4
Event: 163.738 Thread 0x0000000021945000 redefined class name=Solution, count=5
Event: 183.752 Thread 0x0000000021945000 redefined class name=Solution, count=6

Internal exceptions (0 events):
No events

Events (10 events):
Event: 184.028 Executing VM operation: ChangeBreakpoints done
Event: 184.045 Executing VM operation: ChangeBreakpoints
Event: 184.045 Executing VM operation: ChangeBreakpoints done
Event: 184.050 Executing VM operation: GetFrameCount
Event: 184.050 Executing VM operation: GetFrameCount done
Event: 184.051 Executing VM operation: GetFrameLocation
Event: 184.051 Executing VM operation: GetFrameLocation done
Event: 184.057 Executing VM operation: GetFrameLocation
Event: 184.057 Executing VM operation: GetFrameLocation done
Event: 184.057 Executing VM operation: GetOrSetLocal


Dynamic libraries:
0x000000013f6e0000 - 0x000000013f71e000 	C:\Program Files\Java\jdk-10\bin\java.exe
0x0000000076eb0000 - 0x000000007705a000 	C:\Windows\SYSTEM32\ntdll.dll
0x0000000076d90000 - 0x0000000076eaf000 	C:\Windows\system32\kernel32.dll
0x000007fefcef0000 - 0x000007fefcf5a000 	C:\Windows\system32\KERNELBASE.dll
0x000007fefdcc0000 - 0x000007fefdd9b000 	C:\Windows\system32\ADVAPI32.dll
0x000007fefee60000 - 0x000007fefeeff000 	C:\Windows\system32\msvcrt.dll
0x000007feff120000 - 0x000007feff13f000 	C:\Windows\SYSTEM32\sechost.dll
0x000007fefd170000 - 0x000007fefd29d000 	C:\Windows\system32\RPCRT4.dll
0x0000000076c90000 - 0x0000000076d8a000 	C:\Windows\system32\USER32.dll
0x000007fefd470000 - 0x000007fefd4d7000 	C:\Windows\system32\GDI32.dll
0x000007feff100000 - 0x000007feff10e000 	C:\Windows\system32\LPK.dll
0x000007fefd3a0000 - 0x000007fefd46b000 	C:\Windows\system32\USP10.dll
0x000007fefb670000 - 0x000007fefb864000 	C:\Windows\WinSxS\amd64_microsoft.windows.common-controls_6595b64144ccf1df_6.0.7601.18837_none_fa3b1e3d17594757\COMCTL32.dll
0x000007fefd2a0000 - 0x000007fefd311000 	C:\Windows\system32\SHLWAPI.dll
0x000007fefc490000 - 0x000007fefc49c000 	C:\Windows\system32\VERSION.dll
0x000007fefcf60000 - 0x000007fefcf8e000 	C:\Windows\system32\IMM32.DLL
0x000007fefd930000 - 0x000007fefda39000 	C:\Windows\system32\MSCTF.dll
0x000007fef33b0000 - 0x000007fef349f000 	C:\Program Files\Java\jdk-10\bin\msvcr120.dll
0x000007fef01d0000 - 0x000007fef0276000 	C:\Program Files\Java\jdk-10\bin\msvcp120.dll
0x00000000612d0000 - 0x0000000061d3f000 	C:\Program Files\Java\jdk-10\bin\server\jvm.dll
0x000007fefa970000 - 0x000007fefa979000 	C:\Windows\system32\WSOCK32.dll
0x000007fefdc70000 - 0x000007fefdcbd000 	C:\Windows\system32\WS2_32.dll
0x000007feff110000 - 0x000007feff118000 	C:\Windows\system32\NSI.dll
0x000007fef8b10000 - 0x000007fef8b4b000 	C:\Windows\system32\WINMM.dll
0x0000000077080000 - 0x0000000077087000 	C:\Windows\system32\PSAPI.DLL
0x000007fefc3c0000 - 0x000007fefc3cf000 	C:\Program Files\Java\jdk-10\bin\verify.dll
0x000007fef1bb0000 - 0x000007fef1cd5000 	C:\Windows\system32\DBGHELP.DLL
0x000007fef41b0000 - 0x000007fef41d7000 	C:\Program Files\Java\jdk-10\bin\java.dll
0x000007fef3370000 - 0x000007fef33a6000 	C:\Program Files\Java\jdk-10\bin\jdwp.dll
0x000007fef3560000 - 0x000007fef358a000 	C:\Program Files\Java\jdk-10\bin\instrument.dll
0x000007fef7a30000 - 0x000007fef7a46000 	C:\Program Files\Java\jdk-10\bin\zip.dll
0x000007fef7ff0000 - 0x000007fef7ffa000 	C:\Program Files\Java\jdk-10\bin\jimage.dll
0x000007fefe0d0000 - 0x000007fefee5b000 	C:\Windows\system32\SHELL32.dll
0x000007fefef00000 - 0x000007feff0fc000 	C:\Windows\system32\ole32.dll
0x000007fefcba0000 - 0x000007fefcbaf000 	C:\Windows\system32\profapi.dll
0x000007fef58d0000 - 0x000007fef58da000 	C:\Program Files\Java\jdk-10\bin\dt_socket.dll
0x000007fefc040000 - 0x000007fefc095000 	C:\Windows\system32\mswsock.dll
0x000007fefc4a0000 - 0x000007fefc4a7000 	C:\Windows\System32\wshtcpip.dll
0x000007fef72e0000 - 0x000007fef72fa000 	C:\Program Files\Java\jdk-10\bin\net.dll
0x000007fef9920000 - 0x000007fef9991000 	C:\Windows\system32\WINHTTP.dll
0x000007fef83e0000 - 0x000007fef8444000 	C:\Windows\system32\webio.dll
0x000007fefc030000 - 0x000007fefc037000 	C:\Windows\System32\wship6.dll
0x000007fef5de0000 - 0x000007fef5df1000 	C:\Program Files\Java\jdk-10\bin\nio.dll

dbghelp: loaded successfully - version: 4.0.5 - missing functions: none
symbol engine: initialized successfully - sym options: 0x614 - pdb path: .;C:\Program Files\Java\jdk-10\bin;C:\Windows\SYSTEM32;C:\Windows\WinSxS\amd64_microsoft.windows.common-controls_6595b64144ccf1df_6.0.7601.18837_none_fa3b1e3d17594757;C:\Program Files\Java\jdk-10\bin\server

VM Arguments:
jvm_args: -agentlib:jdwp=transport=dt_socket,address=127.0.0.1:52813,suspend=y,server=n -javaagent:C:\Users\Administrator\AppData\Local\Temp\capture5500jars\debugger-agent.jar=file:/C:/Users/Administrator/AppData/Local/Temp/capture2.props -Dfile.encoding=UTF-8 
java_command: Solution
java_class_path (initial): D:\LCsolution\119. Pascal's Triangle IIuntitled\out\production\119. Pascal's Triangle IIuntitled;D:\Program Files\JetBrains\IntelliJ IDEA Community Edition 2018.1.1\lib\idea_rt.jar
Launcher Type: SUN_STANDARD

Logging:
Log output configuration:
#0: stdout all=warning uptime,level,tags
#1: stderr all=off uptime,level,tags

Environment Variables:
JAVA_HOME=C:\Program Files\Java\jdk-10
PATH=C:\ProgramData\Oracle\Java\javapath;C:\Windows\system32;C:\Windows;C:\Windows\System32\Wbem;C:\Windows\System32\WindowsPowerShell\v1.0\;C:\Program Files\Java\jdk-10\bin;G:\0 code\Python\Scripts\;G:\0 code\Python\;C:\Users\Administrator\AppData\Local\GitHubDesktop\bin
USERNAME=Administrator
OS=Windows_NT
PROCESSOR_IDENTIFIER=AMD64 Family 18 Model 1 Stepping 0, AuthenticAMD



---------------  S Y S T E M  ---------------

OS: Windows 7 , 64 bit Build 7601 (6.1.7601.23864)

CPU:total 4 (initial active 4) (4 cores per cpu, 1 threads per core) family 18 model 1 stepping 0, cmov, cx8, fxsr, mmx, sse, sse2, sse3, popcnt, mmxext, 3dnowpref, lzcnt, sse4a, tsc, tscinvbit, tscinv

Memory: 4k page, physical 3643504k(203112k free), swap 12782904k(4778512k free)

vm_info: Java HotSpot(TM) 64-Bit Server VM (10+46) for windows-amd64 JRE (10+46), built on Mar  8 2018 02:11:18 by "mach5one" with MS VC++ 12.0 (VS2013)

END.
