#
# A fatal error has been detected by the Java Runtime Environment:
#
#  EXCEPTION_ACCESS_VIOLATION (0xc0000005) at pc=0x000000006287cfea, pid=2932, tid=8208
#
# JRE version: Java(TM) SE Runtime Environment (10.0+46) (build 10+46)
# Java VM: Java HotSpot(TM) 64-Bit Server VM (10+46, mixed mode, tiered, compressed oops, g1 gc, windows-amd64)
# Problematic frame:
# V  [jvm.dll+0x20cfea]
#
# No core dump will be written. Minidumps are not enabled by default on client versions of Windows
#
# If you would like to submit a bug report, please visit:
#   http://bugreport.java.com/bugreport/crash.jsp
#

---------------  S U M M A R Y ------------

Command Line: -agentlib:jdwp=transport=dt_socket,address=127.0.0.1:65249,suspend=y,server=n -javaagent:C:\Users\Administrator\AppData\Local\Temp\capture3554jars\debugger-agent.jar=file:/C:/Users/Administrator/AppData/Local/Temp/capture2.props -Dfile.encoding=UTF-8 Solution

Host: AMD A6-3400M APU with Radeon(tm) HD Graphics, 4 cores, 3G,  Windows 7 , 64 bit Build 7601 (6.1.7601.23864)
Time: Tue Jun 26 09:08:02 2018 ?D1¨²¡À¨º¡Á?¨º¡À?? elapsed time: 113 seconds (0d 0h 1m 53s)

---------------  T H R E A D  ---------------

Current thread (0x0000000021aad800):  VMThread "VM Thread" [stack: 0x00000000624d0000,0x00000000625d0000] [id=8208] _threads_hazard_ptr=0x0000000064560440

Stack: [0x00000000624d0000,0x00000000625d0000],  sp=0x00000000625cee30,  free space=1019k
Native frames: (J=compiled Java code, j=interpreted, Vv=VM code, C=native code)
V  [jvm.dll+0x20cfea]
V  [jvm.dll+0x46366d]
V  [jvm.dll+0x4628b6]
V  [jvm.dll+0x6c42dc]
V  [jvm.dll+0x6c2a45]
V  [jvm.dll+0x6c3250]
V  [jvm.dll+0x6c358c]
V  [jvm.dll+0x59ef10]
C  [msvcr120.dll+0x24f7f]
C  [msvcr120.dll+0x25126]
C  [kernel32.dll+0x159cd]
C  [ntdll.dll+0x2a561]


siginfo: EXCEPTION_ACCESS_VIOLATION (0xc0000005), reading address 0x0000000000000018


Register to memory mapping:

RIP=0x000000006287cfea jvm.dll
RAX=0x00000000ca573688 is an unallocated location in the heap
RBX={method} {0x0000000063573708} 
[error occurred during error reporting (printing register info), id 0xc0000005]

Registers:
RAX=0x00000000ca573688, RBX=0x0000000063573700, RCX=0x0000000000000000, RDX=0x00000000625cee50
RSP=0x00000000625cee30, RBP=0x0000000063573700, RSI=0x00000000622c53f0, RDI=0x0000000064397540
R8 =0x00000000219df320, R9 =0xfffffffffe235408, R10=0x0000000064397578, R11=0x0000000064398778
R12=0x00000000622c57d8, R13=0x00000000000003d8, R14=0x0000000063a0f7e0, R15=0x00000000622c5400
RIP=0x000000006287cfea, EFLAGS=0x0000000000010297

Top of Stack: (sp=0x00000000625cee30)
0x00000000625cee30:   000000000222f470 000000000d64b5b4
0x00000000625cee40:   000000000d648990 0000000000000000
0x00000000625cee50:   0000000063573700 0000000021aad800
0x00000000625cee60:   00000000219df2e0 0000000062ad366d
0x00000000625cee70:   0000000064397540 0000000000000000
0x00000000625cee80:   0000000000000000 0000000062cfcfaa
0x00000000625cee90:   0000000021aad800 00000000219df320
0x00000000625ceea0:   00000000002ae350 00000000002ae360
0x00000000625ceeb0:   00000000002ae438 00000000000000d8
0x00000000625ceec0:   00000000625cf170 0000000062cfce11
0x00000000625ceed0:   00000000000003d8 00000000622c57d8
0x00000000625ceee0:   0000000063045850 0000000062ded698
0x00000000625ceef0:   00000000622c53f0 0000000062ad28b6
0x00000000625cef00:   0000000063a0f6b0 00000000622c5400
0x00000000625cef10:   0000000063a0f6b0 00000000622c5400
0x00000000625cef20:   0000000063a0f838 0000000000000000 

Instructions: (pc=0x000000006287cfea)
0x000000006287cfca:   0f 8d 41 01 89 07 48 8b 47 18 48 8b 7c 24 40 48
0x000000006287cfda:   89 1c c8 48 8b 43 08 48 8d 54 24 20 48 8b 48 08
0x000000006287cfea:   48 8b 49 18 e8 fd 7c 14 00 48 8d 4c 24 20 48 8b
0x000000006287cffa:   d8 e8 70 ad 12 00 48 8b c3 48 83 c4 30 5b c3 cc 


VM_Operation (0x0000000063a0f6b0): GetFrameLocation, mode: safepoint, requested by thread 0x00000000643ee000


---------------  P R O C E S S  ---------------

Threads class SMR info:
_java_thread_list=0x0000000064560440, length=14, elements={
0x00000000002d7800, 0x0000000021ab0800, 0x0000000021ab5000, 0x0000000062328800,
0x000000006232a800, 0x000000006232b800, 0x0000000062339000, 0x0000000021ab7000,
0x0000000021aba000, 0x00000000643ee000, 0x0000000064506800, 0x00000000644ec800,
0x00000000644e9800, 0x000000006455e000
}

Java Threads: ( => current thread )
  0x00000000002d7800 JavaThread "main" [_thread_blocked, id=6200, stack(0x0000000002130000,0x0000000002230000)]
  0x0000000021ab0800 JavaThread "Reference Handler" daemon [_thread_blocked, id=4424, stack(0x0000000063a20000,0x0000000063b20000)]
  0x0000000021ab5000 JavaThread "Finalizer" daemon [_thread_blocked, id=10456, stack(0x0000000021ea0000,0x0000000021fa0000)]
  0x0000000062328800 JavaThread "Signal Dispatcher" daemon [_thread_blocked, id=5376, stack(0x0000000063c80000,0x0000000063d80000)]
  0x000000006232a800 JavaThread "Attach Listener" daemon [_thread_blocked, id=10272, stack(0x0000000063db0000,0x0000000063eb0000)]
  0x000000006232b800 JavaThread "C2 CompilerThread0" daemon [_thread_blocked, id=6180, stack(0x0000000063f40000,0x0000000064040000)]
  0x0000000062339000 JavaThread "C2 CompilerThread1" daemon [_thread_blocked, id=6580, stack(0x0000000064080000,0x0000000064180000)]
  0x0000000021ab7000 JavaThread "C1 CompilerThread2" daemon [_thread_blocked, id=7672, stack(0x0000000063b20000,0x0000000063c20000)]
  0x0000000021aba000 JavaThread "Sweeper thread" daemon [_thread_blocked, id=2916, stack(0x00000000641b0000,0x00000000642b0000)]
  0x00000000643ee000 JavaThread "JDWP Transport Listener: dt_socket" daemon [_thread_blocked, id=6332, stack(0x0000000063910000,0x0000000063a10000)] _threads_hazard_ptr=0x0000000064560440
  0x0000000064506800 JavaThread "JDWP Event Helper Thread" daemon [_thread_blocked, id=4836, stack(0x00000000649f0000,0x0000000064af0000)]
  0x00000000644ec800 JavaThread "JDWP Command Reader" daemon [_thread_in_native, id=6816, stack(0x00000000646e0000,0x00000000647e0000)]
  0x00000000644e9800 JavaThread "Common-Cleaner" daemon [_thread_blocked, id=6356, stack(0x0000000064880000,0x0000000064980000)]
  0x000000006455e000 JavaThread "Service Thread" daemon [_thread_blocked, id=7188, stack(0x0000000064c80000,0x0000000064d80000)]

Other Threads:
=>0x0000000021aad800 VMThread "VM Thread" [stack: 0x00000000624d0000,0x00000000625d0000] [id=8208] _threads_hazard_ptr=0x0000000064560440
  0x000000006455f800 WatcherThread [stack: 0x0000000064b20000,0x0000000064c20000] [id=1196]
  0x0000000000300800 GCTaskThread "GC Thread#0" [stack: 0x000000001c9c0000,0x000000001cac0000] [id=2780]
  0x0000000000301800 GCTaskThread "GC Thread#1" [stack: 0x000000001c8a0000,0x000000001c9a0000] [id=4572]
  0x0000000000304000 GCTaskThread "GC Thread#2" [stack: 0x000000001cbe0000,0x000000001cce0000] [id=3964]
  0x0000000000311800 GCTaskThread "GC Thread#3" [stack: 0x000000001cdc0000,0x000000001cec0000] [id=11184]
  0x0000000000342800 ConcurrentGCThread "G1 Main Marker" [stack: 0x000000001f490000,0x000000001f590000] [id=10556]
  0x0000000000343800 ConcurrentGCThread "G1 Conc#0" [stack: 0x000000001f590000,0x000000001f690000] [id=1712]
  0x000000000035f800 ConcurrentGCThread "G1 Refine#0" [stack: 0x0000000021ad0000,0x0000000021bd0000] [id=10136]
  0x00000000219d4800 ConcurrentGCThread "G1 Refine#1" [stack: 0x0000000021d70000,0x0000000021e70000] [id=3092]
  0x00000000219d8000 ConcurrentGCThread "G1 Refine#2" [stack: 0x0000000021c70000,0x0000000021d70000] [id=8648]
  0x00000000219d9800 ConcurrentGCThread "G1 Refine#3" [stack: 0x0000000021fb0000,0x00000000220b0000] [id=11132]
  0x00000000219da800 ConcurrentGCThread "G1 Young RemSet Sampling" [stack: 0x0000000022150000,0x0000000022250000] [id=9240]

Threads with active compile tasks:

VM state:at safepoint (normal execution)

VM Mutex/Monitor currently owned by a thread:  ([mutex/lock_event])
[0x00000000002d3c80] Threads_lock - owner thread: 0x0000000021aad800

Heap address: 0x00000000c8600000, size: 890 MB, Compressed Oops mode: 32-bit
Narrow klass base: 0x0000000000000000, Narrow klass shift: 0
Compressed class space size: 1073741824 Address: 0x0000000022250000

Heap:
 garbage-first heap   total 57344K, used 2048K [0x00000000c8600000, 0x0000000100000000)
  region size 1024K, 3 young (3072K), 0 survivors (0K)
 Metaspace       used 5201K, capacity 5328K, committed 5376K, reserved 1056768K
  class space    used 437K, capacity 496K, committed 512K, reserved 1048576K
Heap Regions: E=young(eden), S=young(survivor), O=old, HS=humongous(starts), HC=humongous(continues), CS=collection set, F=free, A=archive, TS=gc time stamp, AC=allocation context, TAMS=top-at-mark-start (previous, next)
|   0|0x00000000c8600000, 0x00000000c8600000, 0x00000000c8700000|  0%| F|  |TS  0|AC  0|TAMS 0x00000000c8600000, 0x00000000c8600000|
|   1|0x00000000c8700000, 0x00000000c8700000, 0x00000000c8800000|  0%| F|  |TS  0|AC  0|TAMS 0x00000000c8700000, 0x00000000c8700000|
|   2|0x00000000c8800000, 0x00000000c8800000, 0x00000000c8900000|  0%| F|  |TS  0|AC  0|TAMS 0x00000000c8800000, 0x00000000c8800000|
|   3|0x00000000c8900000, 0x00000000c8900000, 0x00000000c8a00000|  0%| F|  |TS  0|AC  0|TAMS 0x00000000c8900000, 0x00000000c8900000|
|   4|0x00000000c8a00000, 0x00000000c8a00000, 0x00000000c8b00000|  0%| F|  |TS  0|AC  0|TAMS 0x00000000c8a00000, 0x00000000c8a00000|
|   5|0x00000000c8b00000, 0x00000000c8b00000, 0x00000000c8c00000|  0%| F|  |TS  0|AC  0|TAMS 0x00000000c8b00000, 0x00000000c8b00000|
|   6|0x00000000c8c00000, 0x00000000c8c00000, 0x00000000c8d00000|  0%| F|  |TS  0|AC  0|TAMS 0x00000000c8c00000, 0x00000000c8c00000|
|   7|0x00000000c8d00000, 0x00000000c8d00000, 0x00000000c8e00000|  0%| F|  |TS  0|AC  0|TAMS 0x00000000c8d00000, 0x00000000c8d00000|
|   8|0x00000000c8e00000, 0x00000000c8e00000, 0x00000000c8f00000|  0%| F|  |TS  0|AC  0|TAMS 0x00000000c8e00000, 0x00000000c8e00000|
|   9|0x00000000c8f00000, 0x00000000c8f00000, 0x00000000c9000000|  0%| F|  |TS  0|AC  0|TAMS 0x00000000c8f00000, 0x00000000c8f00000|
|  10|0x00000000c9000000, 0x00000000c9000000, 0x00000000c9100000|  0%| F|  |TS  0|AC  0|TAMS 0x00000000c9000000, 0x00000000c9000000|
|  11|0x00000000c9100000, 0x00000000c9100000, 0x00000000c9200000|  0%| F|  |TS  0|AC  0|TAMS 0x00000000c9100000, 0x00000000c9100000|
|  12|0x00000000c9200000, 0x00000000c9200000, 0x00000000c9300000|  0%| F|  |TS  0|AC  0|TAMS 0x00000000c9200000, 0x00000000c9200000|
|  13|0x00000000c9300000, 0x00000000c9300000, 0x00000000c9400000|  0%| F|  |TS  0|AC  0|TAMS 0x00000000c9300000, 0x00000000c9300000|
|  14|0x00000000c9400000, 0x00000000c9400000, 0x00000000c9500000|  0%| F|  |TS  0|AC  0|TAMS 0x00000000c9400000, 0x00000000c9400000|
|  15|0x00000000c9500000, 0x00000000c9500000, 0x00000000c9600000|  0%| F|  |TS  0|AC  0|TAMS 0x00000000c9500000, 0x00000000c9500000|
|  16|0x00000000c9600000, 0x00000000c9600000, 0x00000000c9700000|  0%| F|  |TS  0|AC  0|TAMS 0x00000000c9600000, 0x00000000c9600000|
|  17|0x00000000c9700000, 0x00000000c9700000, 0x00000000c9800000|  0%| F|  |TS  0|AC  0|TAMS 0x00000000c9700000, 0x00000000c9700000|
|  18|0x00000000c9800000, 0x00000000c9800000, 0x00000000c9900000|  0%| F|  |TS  0|AC  0|TAMS 0x00000000c9800000, 0x00000000c9800000|
|  19|0x00000000c9900000, 0x00000000c9900000, 0x00000000c9a00000|  0%| F|  |TS  0|AC  0|TAMS 0x00000000c9900000, 0x00000000c9900000|
|  20|0x00000000c9a00000, 0x00000000c9a00000, 0x00000000c9b00000|  0%| F|  |TS  0|AC  0|TAMS 0x00000000c9a00000, 0x00000000c9a00000|
|  21|0x00000000c9b00000, 0x00000000c9b00000, 0x00000000c9c00000|  0%| F|  |TS  0|AC  0|TAMS 0x00000000c9b00000, 0x00000000c9b00000|
|  22|0x00000000c9c00000, 0x00000000c9c00000, 0x00000000c9d00000|  0%| F|  |TS  0|AC  0|TAMS 0x00000000c9c00000, 0x00000000c9c00000|
|  23|0x00000000c9d00000, 0x00000000c9d00000, 0x00000000c9e00000|  0%| F|  |TS  0|AC  0|TAMS 0x00000000c9d00000, 0x00000000c9d00000|
|  24|0x00000000c9e00000, 0x00000000c9e00000, 0x00000000c9f00000|  0%| F|  |TS  0|AC  0|TAMS 0x00000000c9e00000, 0x00000000c9e00000|
|  25|0x00000000c9f00000, 0x00000000c9f00000, 0x00000000ca000000|  0%| F|  |TS  0|AC  0|TAMS 0x00000000c9f00000, 0x00000000c9f00000|
|  26|0x00000000ca000000, 0x00000000ca000000, 0x00000000ca100000|  0%| F|  |TS  0|AC  0|TAMS 0x00000000ca000000, 0x00000000ca000000|
|  27|0x00000000ca100000, 0x00000000ca100000, 0x00000000ca200000|  0%| F|  |TS  0|AC  0|TAMS 0x00000000ca100000, 0x00000000ca100000|
|  28|0x00000000ca200000, 0x00000000ca200000, 0x00000000ca300000|  0%| F|  |TS  0|AC  0|TAMS 0x00000000ca200000, 0x00000000ca200000|
|  29|0x00000000ca300000, 0x00000000ca300000, 0x00000000ca400000|  0%| F|  |TS  0|AC  0|TAMS 0x00000000ca300000, 0x00000000ca300000|
|  30|0x00000000ca400000, 0x00000000ca400000, 0x00000000ca500000|  0%| F|  |TS  0|AC  0|TAMS 0x00000000ca400000, 0x00000000ca400000|
|  31|0x00000000ca500000, 0x00000000ca500000, 0x00000000ca600000|  0%| F|  |TS  0|AC  0|TAMS 0x00000000ca500000, 0x00000000ca500000|
|  32|0x00000000ca600000, 0x00000000ca600000, 0x00000000ca700000|  0%| F|  |TS  0|AC  0|TAMS 0x00000000ca600000, 0x00000000ca600000|
|  33|0x00000000ca700000, 0x00000000ca700000, 0x00000000ca800000|  0%| F|  |TS  0|AC  0|TAMS 0x00000000ca700000, 0x00000000ca700000|
|  34|0x00000000ca800000, 0x00000000ca800000, 0x00000000ca900000|  0%| F|  |TS  0|AC  0|TAMS 0x00000000ca800000, 0x00000000ca800000|
|  35|0x00000000ca900000, 0x00000000ca900000, 0x00000000caa00000|  0%| F|  |TS  0|AC  0|TAMS 0x00000000ca900000, 0x00000000ca900000|
|  36|0x00000000caa00000, 0x00000000caa00000, 0x00000000cab00000|  0%| F|  |TS  0|AC  0|TAMS 0x00000000caa00000, 0x00000000caa00000|
|  37|0x00000000cab00000, 0x00000000cab00000, 0x00000000cac00000|  0%| F|  |TS  0|AC  0|TAMS 0x00000000cab00000, 0x00000000cab00000|
|  38|0x00000000cac00000, 0x00000000cac00000, 0x00000000cad00000|  0%| F|  |TS  0|AC  0|TAMS 0x00000000cac00000, 0x00000000cac00000|
|  39|0x00000000cad00000, 0x00000000cad00000, 0x00000000cae00000|  0%| F|  |TS  0|AC  0|TAMS 0x00000000cad00000, 0x00000000cad00000|
|  40|0x00000000cae00000, 0x00000000cae00000, 0x00000000caf00000|  0%| F|  |TS  0|AC  0|TAMS 0x00000000cae00000, 0x00000000cae00000|
|  41|0x00000000caf00000, 0x00000000caf00000, 0x00000000cb000000|  0%| F|  |TS  0|AC  0|TAMS 0x00000000caf00000, 0x00000000caf00000|
|  42|0x00000000cb000000, 0x00000000cb000000, 0x00000000cb100000|  0%| F|  |TS  0|AC  0|TAMS 0x00000000cb000000, 0x00000000cb000000|
|  43|0x00000000cb100000, 0x00000000cb100000, 0x00000000cb200000|  0%| F|  |TS  0|AC  0|TAMS 0x00000000cb100000, 0x00000000cb100000|
|  44|0x00000000cb200000, 0x00000000cb200000, 0x00000000cb300000|  0%| F|  |TS  0|AC  0|TAMS 0x00000000cb200000, 0x00000000cb200000|
|  45|0x00000000cb300000, 0x00000000cb300000, 0x00000000cb400000|  0%| F|  |TS  0|AC  0|TAMS 0x00000000cb300000, 0x00000000cb300000|
|  46|0x00000000cb400000, 0x00000000cb400000, 0x00000000cb500000|  0%| F|  |TS  0|AC  0|TAMS 0x00000000cb400000, 0x00000000cb400000|
|  47|0x00000000cb500000, 0x00000000cb500000, 0x00000000cb600000|  0%| F|  |TS  0|AC  0|TAMS 0x00000000cb500000, 0x00000000cb500000|
|  48|0x00000000cb600000, 0x00000000cb600000, 0x00000000cb700000|  0%| F|  |TS  0|AC  0|TAMS 0x00000000cb600000, 0x00000000cb600000|
|  49|0x00000000cb700000, 0x00000000cb700000, 0x00000000cb800000|  0%| F|  |TS  0|AC  0|TAMS 0x00000000cb700000, 0x00000000cb700000|
|  50|0x00000000cb800000, 0x00000000cb800000, 0x00000000cb900000|  0%| F|  |TS  0|AC  0|TAMS 0x00000000cb800000, 0x00000000cb800000|
|  51|0x00000000cb900000, 0x00000000cb900000, 0x00000000cba00000|  0%| F|  |TS  0|AC  0|TAMS 0x00000000cb900000, 0x00000000cb900000|
|  52|0x00000000cba00000, 0x00000000cba00000, 0x00000000cbb00000|  0%| F|  |TS  0|AC  0|TAMS 0x00000000cba00000, 0x00000000cba00000|
|  53|0x00000000cbb00000, 0x00000000cbc00000, 0x00000000cbc00000|100%| E|  |TS  0|AC  0|TAMS 0x00000000cbb00000, 0x00000000cbb00000|
|  54|0x00000000cbc00000, 0x00000000cbd00000, 0x00000000cbd00000|100%| E|CS|TS  0|AC  0|TAMS 0x00000000cbc00000, 0x00000000cbc00000|
|  55|0x00000000cbd00000, 0x00000000cbe00000, 0x00000000cbe00000|100%| E|CS|TS  0|AC  0|TAMS 0x00000000cbd00000, 0x00000000cbd00000|

Card table byte_map: [0x000000001d3b0000,0x000000001d570000] byte_map_base: 0x000000001cd6d000

Marking Bits (Prev, Next): (CMBitMap*) 0x0000000000341ed0, (CMBitMap*) 0x0000000000341f08
 Prev Bits: [0x000000001d730000, 0x000000001e518000)
 Next Bits: [0x000000001e520000, 0x000000001f308000)

Polling page: 0x0000000000080000

CodeHeap 'non-profiled nmethods': size=120064Kb used=68Kb max_used=68Kb free=119995Kb
 bounds [0x0000000015100000, 0x0000000015370000, 0x000000001c640000]
CodeHeap 'profiled nmethods': size=120000Kb used=246Kb max_used=246Kb free=119753Kb
 bounds [0x000000000dbd0000, 0x000000000de40000, 0x0000000015100000]
CodeHeap 'non-nmethods': size=5696Kb used=1069Kb max_used=1081Kb free=4626Kb
 bounds [0x000000000d640000, 0x000000000d8b0000, 0x000000000dbd0000]
 total_blobs=568 nmethods=196 adapters=211
 compilation: enabled

Compilation events (10 events):
Event: 0.870 Thread 0x0000000021ab7000  190       1       java.util.ArrayList$SubList::access$300 (5 bytes)
Event: 0.870 Thread 0x0000000021ab7000 nmethod 190 0x0000000015110890 code [0x0000000015110a40, 0x0000000015110b30]
Event: 0.872 Thread 0x0000000021ab7000  196       3       java.util.zip.ZipUtils::LG (22 bytes)
Event: 0.873 Thread 0x0000000021ab7000 nmethod 196 0x000000000dc0c790 code [0x000000000dc0c960, 0x000000000dc0cc10]
Event: 0.873 Thread 0x0000000021ab7000  197       3       java.lang.StringBuilder::append (8 bytes)
Event: 0.873 Thread 0x0000000021ab7000 nmethod 197 0x000000000dc0cd90 code [0x000000000dc0cf40, 0x000000000dc0d0e8]
Event: 0.873 Thread 0x0000000021ab7000  198       3       java.lang.AbstractStringBuilder::append (45 bytes)
Event: 0.874 Thread 0x0000000021ab7000 nmethod 198 0x000000000dc0d190 code [0x000000000dc0d3c0, 0x000000000dc0d938]
Event: 0.945 Thread 0x0000000062339000  199       4       java.lang.StringLatin1::indexOf (61 bytes)
Event: 0.951 Thread 0x0000000062339000 nmethod 199 0x0000000015110c10 code [0x0000000015110da0, 0x0000000015110f38]

GC Heap History (0 events):
No events

Deoptimization events (1 events):
Event: 0.654 Thread 0x00000000002d7800 Uncommon trap: reason=unstable_if action=reinterpret pc=0x0000000015103a14 method=java.lang.String.hashCode()I @ 14 c2

Classes redefined (2 events):
Event: 62.198 Thread 0x0000000021aad800 redefined class name=Solution, count=1
Event: 113.166 Thread 0x0000000021aad800 redefined class name=Solution, count=2

Internal exceptions (0 events):
No events

Events (10 events):
Event: 113.183 Executing VM operation: GetFrameLocation done
Event: 113.202 Executing VM operation: GetFrameLocation
Event: 113.203 Executing VM operation: GetFrameLocation done
Event: 113.203 Executing VM operation: GetOrSetLocal
Event: 113.203 Executing VM operation: GetOrSetLocal done
Event: 113.338 Executing VM operation: ChangeBreakpoints
Event: 113.339 Executing VM operation: ChangeBreakpoints done
Event: 113.348 Executing VM operation: GetFrameCount
Event: 113.348 Executing VM operation: GetFrameCount done
Event: 113.348 Executing VM operation: GetFrameLocation


Dynamic libraries:
0x000000013fef0000 - 0x000000013ff2e000 	C:\Program Files\Java\jdk-10\bin\java.exe
0x0000000076eb0000 - 0x000000007705a000 	C:\Windows\SYSTEM32\ntdll.dll
0x0000000076d90000 - 0x0000000076eaf000 	C:\Windows\system32\kernel32.dll
0x000007fefcef0000 - 0x000007fefcf5a000 	C:\Windows\system32\KERNELBASE.dll
0x000007fefdcc0000 - 0x000007fefdd9b000 	C:\Windows\system32\ADVAPI32.dll
0x000007fefee60000 - 0x000007fefeeff000 	C:\Windows\system32\msvcrt.dll
0x000007feff120000 - 0x000007feff13f000 	C:\Windows\SYSTEM32\sechost.dll
0x000007fefd170000 - 0x000007fefd29d000 	C:\Windows\system32\RPCRT4.dll
0x0000000076c90000 - 0x0000000076d8a000 	C:\Windows\system32\USER32.dll
0x000007fefd470000 - 0x000007fefd4d7000 	C:\Windows\system32\GDI32.dll
0x000007feff100000 - 0x000007feff10e000 	C:\Windows\system32\LPK.dll
0x000007fefd3a0000 - 0x000007fefd46b000 	C:\Windows\system32\USP10.dll
0x000007fefb670000 - 0x000007fefb864000 	C:\Windows\WinSxS\amd64_microsoft.windows.common-controls_6595b64144ccf1df_6.0.7601.18837_none_fa3b1e3d17594757\COMCTL32.dll
0x000007fefd2a0000 - 0x000007fefd311000 	C:\Windows\system32\SHLWAPI.dll
0x000007fefc490000 - 0x000007fefc49c000 	C:\Windows\system32\VERSION.dll
0x000007fefcf60000 - 0x000007fefcf8e000 	C:\Windows\system32\IMM32.DLL
0x000007fefd930000 - 0x000007fefda39000 	C:\Windows\system32\MSCTF.dll
0x000007fef0190000 - 0x000007fef027f000 	C:\Program Files\Java\jdk-10\bin\msvcr120.dll
0x000007feefb50000 - 0x000007feefbf6000 	C:\Program Files\Java\jdk-10\bin\msvcp120.dll
0x0000000062670000 - 0x00000000630df000 	C:\Program Files\Java\jdk-10\bin\server\jvm.dll
0x000007fefa970000 - 0x000007fefa979000 	C:\Windows\system32\WSOCK32.dll
0x000007fefdc70000 - 0x000007fefdcbd000 	C:\Windows\system32\WS2_32.dll
0x000007feff110000 - 0x000007feff118000 	C:\Windows\system32\NSI.dll
0x000007fef8b10000 - 0x000007fef8b4b000 	C:\Windows\system32\WINMM.dll
0x0000000077080000 - 0x0000000077087000 	C:\Windows\system32\PSAPI.DLL
0x000007fefc3c0000 - 0x000007fefc3cf000 	C:\Program Files\Java\jdk-10\bin\verify.dll
0x000007fef1bb0000 - 0x000007fef1cd5000 	C:\Windows\system32\DBGHELP.DLL
0x000007fef3f20000 - 0x000007fef3f47000 	C:\Program Files\Java\jdk-10\bin\java.dll
0x000007fef3460000 - 0x000007fef3496000 	C:\Program Files\Java\jdk-10\bin\jdwp.dll
0x000007fef3430000 - 0x000007fef345a000 	C:\Program Files\Java\jdk-10\bin\instrument.dll
0x000007fef72e0000 - 0x000007fef72f6000 	C:\Program Files\Java\jdk-10\bin\zip.dll
0x000007fef7ff0000 - 0x000007fef7ffa000 	C:\Program Files\Java\jdk-10\bin\jimage.dll
0x000007fefe0d0000 - 0x000007fefee5b000 	C:\Windows\system32\SHELL32.dll
0x000007fefef00000 - 0x000007feff0fc000 	C:\Windows\system32\ole32.dll
0x000007fefcba0000 - 0x000007fefcbaf000 	C:\Windows\system32\profapi.dll
0x000007fef58d0000 - 0x000007fef58da000 	C:\Program Files\Java\jdk-10\bin\dt_socket.dll
0x000007fefc040000 - 0x000007fefc095000 	C:\Windows\system32\mswsock.dll
0x000007fefc4a0000 - 0x000007fefc4a7000 	C:\Windows\System32\wshtcpip.dll
0x000007fef42b0000 - 0x000007fef42ca000 	C:\Program Files\Java\jdk-10\bin\net.dll
0x000007fef9920000 - 0x000007fef9991000 	C:\Windows\system32\WINHTTP.dll
0x000007fef83e0000 - 0x000007fef8444000 	C:\Windows\system32\webio.dll
0x000007fefc030000 - 0x000007fefc037000 	C:\Windows\System32\wship6.dll
0x000007fef5de0000 - 0x000007fef5df1000 	C:\Program Files\Java\jdk-10\bin\nio.dll

dbghelp: loaded successfully - version: 4.0.5 - missing functions: none
symbol engine: initialized successfully - sym options: 0x614 - pdb path: .;C:\Program Files\Java\jdk-10\bin;C:\Windows\SYSTEM32;C:\Windows\WinSxS\amd64_microsoft.windows.common-controls_6595b64144ccf1df_6.0.7601.18837_none_fa3b1e3d17594757;C:\Program Files\Java\jdk-10\bin\server

VM Arguments:
jvm_args: -agentlib:jdwp=transport=dt_socket,address=127.0.0.1:65249,suspend=y,server=n -javaagent:C:\Users\Administrator\AppData\Local\Temp\capture3554jars\debugger-agent.jar=file:/C:/Users/Administrator/AppData/Local/Temp/capture2.props -Dfile.encoding=UTF-8 
java_command: Solution
java_class_path (initial): D:\LCsolution\414. Third Maximum Number\out\production\414. Third Maximum Number;D:\Program Files\JetBrains\IntelliJ IDEA Community Edition 2018.1.1\lib\idea_rt.jar
Launcher Type: SUN_STANDARD

Logging:
Log output configuration:
#0: stdout all=warning uptime,level,tags
#1: stderr all=off uptime,level,tags

Environment Variables:
JAVA_HOME=C:\Program Files\Java\jdk-10
PATH=C:\ProgramData\Oracle\Java\javapath;C:\Windows\system32;C:\Windows;C:\Windows\System32\Wbem;C:\Windows\System32\WindowsPowerShell\v1.0\;C:\Program Files\Java\jdk-10\bin;G:\0 code\Python\Scripts\;G:\0 code\Python\;C:\Users\Administrator\AppData\Local\GitHubDesktop\bin
USERNAME=Administrator
OS=Windows_NT
PROCESSOR_IDENTIFIER=AMD64 Family 18 Model 1 Stepping 0, AuthenticAMD



---------------  S Y S T E M  ---------------

OS: Windows 7 , 64 bit Build 7601 (6.1.7601.23864)

CPU:total 4 (initial active 4) (4 cores per cpu, 1 threads per core) family 18 model 1 stepping 0, cmov, cx8, fxsr, mmx, sse, sse2, sse3, popcnt, mmxext, 3dnowpref, lzcnt, sse4a, tsc, tscinvbit, tscinv

Memory: 4k page, physical 3643504k(276084k free), swap 12782904k(6370680k free)

vm_info: Java HotSpot(TM) 64-Bit Server VM (10+46) for windows-amd64 JRE (10+46), built on Mar  8 2018 02:11:18 by "mach5one" with MS VC++ 12.0 (VS2013)

END.
