#
# A fatal error has been detected by the Java Runtime Environment:
#
#  EXCEPTION_ACCESS_VIOLATION (0xc0000005) at pc=0x000000000db7502b, pid=5204, tid=9632
#
# JRE version: Java(TM) SE Runtime Environment (10.0+46) (build 10+46)
# Java VM: Java HotSpot(TM) 64-Bit Server VM (10+46, mixed mode, tiered, compressed oops, g1 gc, windows-amd64)
# Problematic frame:
# j  A.start()V+90
#
# No core dump will be written. Minidumps are not enabled by default on client versions of Windows
#
# If you would like to submit a bug report, please visit:
#   http://bugreport.java.com/bugreport/crash.jsp
#

---------------  S U M M A R Y ------------

Command Line: -agentlib:jdwp=transport=dt_socket,address=127.0.0.1:55686,suspend=y,server=n -javaagent:C:\Users\Administrator\.IdeaIC2018.1\system\captureAgent\debugger-agent.jar=file:/C:/Users/Administrator/AppData/Local/Temp/capture.props -Dfile.encoding=UTF-8 A

Host: AMD A6-3400M APU with Radeon(tm) HD Graphics, 4 cores, 3G,  Windows 7 , 64 bit Build 7601 (6.1.7601.23864)
Time: Sat May 19 01:08:37 2018 ?D1¨²¡À¨º¡Á?¨º¡À?? elapsed time: 575 seconds (0d 0h 9m 35s)

---------------  T H R E A D  ---------------

Current thread (0x00000000003b2800):  JavaThread "main" [_thread_in_Java, id=9632, stack(0x0000000002550000,0x0000000002650000)]

Stack: [0x0000000002550000,0x0000000002650000],  sp=0x000000000264f628,  free space=1021k
Native frames: (J=compiled Java code, j=interpreted, Vv=VM code, C=native code)
C  0x000000000db7502b


siginfo: EXCEPTION_ACCESS_VIOLATION (0xc0000005), reading address 0x0000000022c3fba8


Register to memory mapping:

RIP=0x000000000db7502b is at code_begin+75 in an Interpreter codelet
getstatic  178 getstatic  [0x000000000db74fe0, 0x000000000db75400]  1056 bytes
RAX=