#
# A fatal error has been detected by the Java Runtime Environment:
#
#  EXCEPTION_ACCESS_VIOLATION (0xc0000005) at pc=0x000000005309eb83, pid=2100, tid=9264
#
# JRE version: Java(TM) SE Runtime Environment (10.0+46) (build 10+46)
# Java VM: Java HotSpot(TM) 64-Bit Server VM (10+46, mixed mode, tiered, compressed oops, g1 gc, windows-amd64)
# Problematic frame:
# V  [jvm.dll+0x22eb83]
#
# No core dump will be written. Minidumps are not enabled by default on client versions of Windows
#
# If you would like to submit a bug report, please visit:
#   http://bugreport.java.com/bugreport/crash.jsp
#

---------------  S U M M A R Y ------------

Command Line: -agentlib:jdwp=transport=dt_socket,address=127.0.0.1:50150,suspend=y,server=n -javaagent:C:\Users\Administrator\.IdeaIC2018.1\system\captureAgent\debugger-agent.jar=file:/C:/Users/Administrator/AppData/Local/Temp/capture.props -Dfile.encoding=UTF-8 Codec

Host: AMD A6-3400M APU with Radeon(tm) HD Graphics, 4 cores, 3G,  Windows 7 , 64 bit Build 7601 (6.1.7601.23864)
Time: Tue May 22 22:50:17 2018 ?D1¨²¡À¨º¡Á?¨º¡À?? elapsed time: 2586 seconds (0d 0h 43m 6s)

---------------  T H R E A D  ---------------

Current thread (0x0000000021ddc800):  VMThread "VM Thread" [stack: 0x0000000023050000,0x0000000023150000] [id=9264]

Stack: [0x0000000023050000,0x0000000023150000],  sp=0x000000002314f0c8,  free space=1020k
Native frames: (J=compiled Java code, j=interpreted, Vv=VM code, C=native code)
V  [jvm.dll+0x22eb83]


siginfo: EXCEPTION_ACCESS_VIOLATION (0xc0000005), reading address 0x0000000022b281b2


Register to memory mapping:

RIP=0x000000005309eb83 jvm.dll
RAX=0x000000000000e9f8 is an unknown value
RBX=0x0000000022ab31b0 is pointing into metadata
RCX=0x0000000022ab3f98 is pointing into metadata
RDX=0x000000000000e9f8 is an unknown value
RSP=0x000000002314f0c8 is an unknown value
RBP=0x0000000000000001 is an unknown value
RSI=0x000000002314f370 is an unknown value
RDI=0x000000002314f370 is an unknown value
R8 =0x0000000000000000 is an unknown value
R9 =0x0000000022ab31b0 is pointing into metadata
R10=0x0000000022ab31b0 is pointing into metadata
R11=0x000000008005baa0 is pointing into metadata
R12=0x00000000535ed601 jvm.dll
R13=0x0000000000000000 is an unknown value
R14=0x0000000000000001 is an unknown value
R15=0x0000000000000000 is an unknown value


Registers:
RAX=0x000000000000e9f8, RBX=0x0000000022ab31b0, RCX=0x0000000022ab3f98, RDX=0x000000000000e9f8
RSP=0x000000002314f0c8, RBP=0x0000000000000001, RSI=0x000000002314f370, RDI=0x000000002314f370
R8 =0x0000000000000000, R9 =0x0000000022ab31b0, R10=0x0000000022ab31b0, R11=0x000000008005baa0
R12=0x00000000535ed601, R13=0x0000000000000000, R14=0x0000000000000001, R15=0x0000000000000000
RIP=0x000000005309eb83, EFLAGS=0x0000000000010212

Top of Stack: (sp=0x000000002314f0c8)
0x000000002314f0c8:   000000005318d813 000000000000004a
0x000000002314f0d8:   0000000052f84dde 000000002314f208
0x000000002314f0e8:   0000000000000000 4fffffff00000000
0x000000002314f0f8:   0000000000000000 000000002314f1c0
0x000000002314f108:   000000005318e593 000049a7647e4c59
0x000000002314f118:   000049a7000000e6 0000000000000000
0x000000002314f128:   000000002314f1c0 000000002314f370
0x000000002314f138:   000000005318fbc0 000000002314f370
0x000000002314f148:   0000000000000052 0000000000000001
0x000000002314f158:   0000000053190f54 0000005f00000052
0x000000002314f168:   000000b10000005f 0000000000000000
0x000000002314f178:   000000000000005f 0000000021d92790
0x000000002314f188:   000000005319024e 000000002314f370
0x000000002314f198:   000000002314f1f0 0000000000000000
0x000000002314f1a8:   0000000021d92790 0000000000006000
0x000000002314f1b8:   00000000531920f1 0000000022ab3ee8 

Instructions: (pc=0x000000005309eb83)
0x000000005309eb63:   04 08 0f b7 c0 41 0f b7 44 c1 42 c3 48 63 c2 48
0x000000005309eb73:   ff c0 48 c1 e0 05 48 8b 04 08 0f b7 d0 48 63 c2
0x000000005309eb83:   41 0f b7 44 c1 42 c3 49 8b 41 08 48 63 ca 0f b6
0x000000005309eb93:   44 08 04 3c 12 75 e6 41 0f b7 44 c9 42 c3 cc cc 


VM_Operation (0x00000000243cf400): GetOrSetLocal, mode: safepoint, requested by thread 0x0000000023fe1000


---------------  P R O C E S S  ---------------

Threads class SMR info:
_java_thread_list=0x0000000024072c80, length=14, elements={
0x0000000000442800, 0x0000000021ddf000, 0x0000000021de2800, 0x0000000022efa000,
0x0000000022efb000, 0x0000000022efc800, 0x0000000022f09000, 0x0000000021dec000,
0x0000000021def000, 0x0000000023fe1000, 0x0000000024019800, 0x000000002401a800,
0x0000000023f5b800, 0x0000000024073800
}

Java Threads: ( => current thread )
  0x0000000000442800 JavaThread "main" [_thread_blocked, id=9252, stack(0x0000000002210000,0x0000000002310000)]
  0x0000000021ddf000 JavaThread "Reference Handler" daemon [_thread_blocked, id=8628, stack(0x0000000023250000,0x0000000023350000)]
  0x0000000021de2800 JavaThread "Finalizer" daemon [_thread_blocked, id=8544, stack(0x0000000021f80000,0x0000000022080000)]
  0x0000000022efa000 JavaThread "Signal Dispatcher" daemon [_thread_blocked, id=5968, stack(0x00000000233e0000,0x00000000234e0000)]
  0x0000000022efb000 JavaThread "Attach Listener" daemon [_thread_blocked, id=8952, stack(0x00000000235a0000,0x00000000236a0000)]
  0x0000000022efc800 JavaThread "C2 CompilerThread0" daemon [_thread_blocked, id=9920, stack(0x0000000023150000,0x0000000023250000)]
  0x0000000022f09000 JavaThread "C2 CompilerThread1" daemon [_thread_blocked, id=9120, stack(0x00000000237e0000,0x00000000238e0000)]
  0x0000000021dec000 JavaThread "C1 CompilerThread2" daemon [_thread_blocked, id=10140, stack(0x00000000239b0000,0x0000000023ab0000)]
  0x0000000021def000 JavaThread "Sweeper thread" daemon [_thread_blocked, id=8384, stack(0x0000000023bc0000,0x0000000023cc0000)]
  0x0000000023fe1000 JavaThread "JDWP Transport Listener: dt_socket" daemon [_thread_blocked, id=9396, stack(0x00000000242d0000,0x00000000243d0000)] _threads_hazard_ptr=0x0000000024072c80
  0x0000000024019800 JavaThread "JDWP Event Helper Thread" daemon [_thread_blocked, id=9012, stack(0x0000000024400000,0x0000000024500000)]
  0x000000002401a800 JavaThread "JDWP Command Reader" daemon [_thread_in_native, id=5168, stack(0x00000000236c0000,0x00000000237c0000)]
  0x0000000023f5b800 JavaThread "Common-Cleaner" daemon [_thread_blocked, id=9704, stack(0x0000000024600000,0x0000000024700000)]
  0x0000000024073800 JavaThread "Service Thread" daemon [_thread_blocked, id=5680, stack(0x0000000024f70000,0x0000000025070000)]

Other Threads:
=>0x0000000021ddc800 VMThread "VM Thread" [stack: 0x0000000023050000,0x0000000023150000] [id=9264]
  0x000000002406d800 WatcherThread [stack: 0x0000000025220000,0x0000000025320000] [id=2340]
  0x000000000046d000 GCTaskThread "GC Thread#0" [stack: 0x000000001ca90000,0x000000001cb90000] [id=5588]
  0x000000000046e800 GCTaskThread "GC Thread#1" [stack: 0x000000001cbb0000,0x000000001ccb0000] [id=5000]
  0x0000000000470000 GCTaskThread "GC Thread#2" [stack: 0x000000001cd90000,0x000000001ce90000] [id=4432]
  0x0000000000473800 GCTaskThread "GC Thread#3" [stack: 0x000000001d040000,0x000000001d140000] [id=7272]
  0x00000000004a4800 ConcurrentGCThread "G1 Main Marker" [stack: 0x000000001f630000,0x000000001f730000] [id=9628]
  0x00000000004a6000 ConcurrentGCThread "G1 Conc#0" [stack: 0x000000001f7b0000,0x000000001f8b0000] [id=8624]
  0x0000000021d00800 ConcurrentGCThread "G1 Refine#0" [stack: 0x0000000021e60000,0x0000000021f60000] [id=9420]
  0x00000000004c9800 ConcurrentGCThread "G1 Refine#1" [stack: 0x0000000022080000,0x0000000022180000] [id=4488]
  0x00000000004cc800 ConcurrentGCThread "G1 Refine#2" [stack: 0x0000000022200000,0x0000000022300000] [id=8456]
  0x00000000004cd800 ConcurrentGCThread "G1 Refine#3" [stack: 0x0000000022340000,0x0000000022440000] [id=7832]
  0x00000000004cf800 ConcurrentGCThread "G1 Young RemSet Sampling" [stack: 0x0000000022520000,0x0000000022620000] [id=8324]

Threads with active compile tasks:

VM state:at safepoint (normal execution)

VM Mutex/Monitor currently owned by a thread:  ([mutex/lock_event])
[0x000000000043ee40] Threads_lock - owner thread: 0x0000000021ddc800

Heap address: 0x00000000c8600000, size: 890 MB, Compressed Oops mode: 32-bit
Narrow klass base: 0x0000000000000000, Narrow klass shift: 0
Compressed class space size: 1073741824 Address: 0x000000007fff0000

Heap:
 garbage-first heap   total 57344K, used 3072K [0x00000000c8600000, 0x0000000100000000)
  region size 1024K, 4 young (4096K), 0 survivors (0K)
 Metaspace       used 5251K, capacity 5392K, committed 5632K, reserved 1056768K
  class space    used 443K, capacity 496K, committed 512K, reserved 1048576K
Heap Regions: E=young(eden), S=young(survivor), O=old, HS=humongous(starts), HC=humongous(continues), CS=collection set, F=free, A=archive, TS=gc time stamp, AC=allocation context, TAMS=top-at-mark-start (previous, next)
|   0|0x00000000c8600000, 0x00000000c8600000, 0x00000000c8700000|  0%| F|  |TS  0|AC  0|TAMS 0x00000000c8600000, 0x00000000c8600000|
|   1|0x00000000c8700000, 0x00000000c8700000, 0x00000000c8800000|  0%| F|  |TS  0|AC  0|TAMS 0x00000000c8700000, 0x00000000c8700000|
|   2|0x00000000c8800000, 0x00000000c8800000, 0x00000000c8900000|  0%| F|  |TS  0|AC  0|TAMS 0x00000000c8800000, 0x00000000c8800000|
|   3|0x00000000c8900000, 0x00000000c8900000, 0x00000000c8a00000|  0%| F|  |TS  0|AC  0|TAMS 0x00000000c8900000, 0x00000000c8900000|
|   4|0x00000000c8a00000, 0x00000000c8a00000, 0x00000000c8b00000|  0%| F|  |TS  0|AC  0|TAMS 0x00000000c8a00000, 0x00000000c8a00000|
|   5|0x00000000c8b00000, 0x00000000c8b00000, 0x00000000c8c00000|  0%| F|  |TS  0|AC  0|TAMS 0x00000000c8b00000, 0x00000000c8b00000|
|   6|0x00000000c8c00000, 0x00000000c8c00000, 0x00000000c8d00000|  0%| F|  |TS  0|AC  0|TAMS 0x00000000c8c00000, 0x00000000c8c00000|
|   7|0x00000000c8d00000, 0x00000000c8d00000, 0x00000000c8e00000|  0%| F|  |TS  0|AC  0|TAMS 0x00000000c8d00000, 0x00000000c8d00000|
|   8|0x00000000c8e00000, 0x00000000c8e00000, 0x00000000c8f00000|  0%| F|  |TS  0|AC  0|TAMS 0x00000000c8e00000, 0x00000000c8e00000|
|   9|0x00000000c8f00000, 0x00000000c8f00000, 0x00000000c9000000|  0%| F|  |TS  0|AC  0|TAMS 0x00000000c8f00000, 0x00000000c8f00000|
|  10|0x00000000c9000000, 0x00000000c9000000, 0x00000000c9100000|  0%| F|  |TS  0|AC  0|TAMS 0x00000000c9000000, 0x00000000c9000000|
|  11|0x00000000c9100000, 0x00000000c9100000, 0x00000000c9200000|  0%| F|  |TS  0|AC  0|TAMS 0x00000000c9100000, 0x00000000c9100000|
|  12|0x00000000c9200000, 0x00000000c9200000, 0x00000000c9300000|  0%| F|  |TS  0|AC  0|TAMS 0x00000000c9200000, 0x00000000c9200000|
|  13|0x00000000c9300000, 0x00000000c9300000, 0x00000000c9400000|  0%| F|  |TS  0|AC  0|TAMS 0x00000000c9300000, 0x00000000c9300000|
|  14|0x00000000c9400000, 0x00000000c9400000, 0x00000000c9500000|  0%| F|  |TS  0|AC  0|TAMS 0x00000000c9400000, 0x00000000c9400000|
|  15|0x00000000c9500000, 0x00000000c9500000, 0x00000000c9600000|  0%| F|  |TS  0|AC  0|TAMS 0x00000000c9500000, 0x00000000c9500000|
|  16|0x00000000c9600000, 0x00000000c9600000, 0x00000000c9700000|  0%| F|  |TS  0|AC  0|TAMS 0x00000000c9600000, 0x00000000c9600000|
|  17|0x00000000c9700000, 0x00000000c9700000, 0x00000000c9800000|  0%| F|  |TS  0|AC  0|TAMS 0x00000000c9700000, 0x00000000c9700000|
|  18|0x00000000c9800000, 0x00000000c9800000, 0x00000000c9900000|  0%| F|  |TS  0|AC  0|TAMS 0x00000000c9800000, 0x00000000c9800000|
|  19|0x00000000c9900000, 0x00000000c9900000, 0x00000000c9a00000|  0%| F|  |TS  0|AC  0|TAMS 0x00000000c9900000, 0x00000000c9900000|
|  20|0x00000000c9a00000, 0x00000000c9a00000, 0x00000000c9b00000|  0%| F|  |TS  0|AC  0|TAMS 0x00000000c9a00000, 0x00000000c9a00000|
|  21|0x00000000c9b00000, 0x00000000c9b00000, 0x00000000c9c00000|  0%| F|  |TS  0|AC  0|TAMS 0x00000000c9b00000, 0x00000000c9b00000|
|  22|0x00000000c9c00000, 0x00000000c9c00000, 0x00000000c9d00000|  0%| F|  |TS  0|AC  0|TAMS 0x00000000c9c00000, 0x00000000c9c00000|
|  23|0x00000000c9d00000, 0x00000000c9d00000, 0x00000000c9e00000|  0%| F|  |TS  0|AC  0|TAMS 0x00000000c9d00000, 0x00000000c9d00000|
|  24|0x00000000c9e00000, 0x00000000c9e00000, 0x00000000c9f00000|  0%| F|  |TS  0|AC  0|TAMS 0x00000000c9e00000, 0x00000000c9e00000|
|  25|0x00000000c9f00000, 0x00000000c9f00000, 0x00000000ca000000|  0%| F|  |TS  0|AC  0|TAMS 0x00000000c9f00000, 0x00000000c9f00000|
|  26|0x00000000ca000000, 0x00000000ca000000, 0x00000000ca100000|  0%| F|  |TS  0|AC  0|TAMS 0x00000000ca000000, 0x00000000ca000000|
|  27|0x00000000ca100000, 0x00000000ca100000, 0x00000000ca200000|  0%| F|  |TS  0|AC  0|TAMS 0x00000000ca100000, 0x00000000ca100000|
|  28|0x00000000ca200000, 0x00000000ca200000, 0x00000000ca300000|  0%| F|  |TS  0|AC  0|TAMS 0x00000000ca200000, 0x00000000ca200000|
|  29|0x00000000ca300000, 0x00000000ca300000, 0x00000000ca400000|  0%| F|  |TS  0|AC  0|TAMS 0x00000000ca300000, 0x00000000ca300000|
|  30|0x00000000ca400000, 0x00000000ca400000, 0x00000000ca500000|  0%| F|  |TS  0|AC  0|TAMS 0x00000000ca400000, 0x00000000ca400000|
|  31|0x00000000ca500000, 0x00000000ca500000, 0x00000000ca600000|  0%| F|  |TS  0|AC  0|TAMS 0x00000000ca500000, 0x00000000ca500000|
|  32|0x00000000ca600000, 0x00000000ca600000, 0x00000000ca700000|  0%| F|  |TS  0|AC  0|TAMS 0x00000000ca600000, 0x00000000ca600000|
|  33|0x00000000ca700000, 0x00000000ca700000, 0x00000000ca800000|  0%| F|  |TS  0|AC  0|TAMS 0x00000000ca700000, 0x00000000ca700000|
|  34|0x00000000ca800000, 0x00000000ca800000, 0x00000000ca900000|  0%| F|  |TS  0|AC  0|TAMS 0x00000000ca800000, 0x00000000ca800000|
|  35|0x00000000ca900000, 0x00000000ca900000, 0x00000000caa00000|  0%| F|  |TS  0|AC  0|TAMS 0x00000000ca900000, 0x00000000ca900000|
|  36|0x00000000caa00000, 0x00000000caa00000, 0x00000000cab00000|  0%| F|  |TS  0|AC  0|TAMS 0x00000000caa00000, 0x00000000caa00000|
|  37|0x00000000cab00000, 0x00000000cab00000, 0x00000000cac00000|  0%| F|  |TS  0|AC  0|TAMS 0x00000000cab00000, 0x00000000cab00000|
|  38|0x00000000cac00000, 0x00000000cac00000, 0x00000000cad00000|  0%| F|  |TS  0|AC  0|TAMS 0x00000000cac00000, 0x00000000cac00000|
|  39|0x00000000cad00000, 0x00000000cad00000, 0x00000000cae00000|  0%| F|  |TS  0|AC  0|TAMS 0x00000000cad00000, 0x00000000cad00000|
|  40|0x00000000cae00000, 0x00000000cae00000, 0x00000000caf00000|  0%| F|  |TS  0|AC  0|TAMS 0x00000000cae00000, 0x00000000cae00000|
|  41|0x00000000caf00000, 0x00000000caf00000, 0x00000000cb000000|  0%| F|  |TS  0|AC  0|TAMS 0x00000000caf00000, 0x00000000caf00000|
|  42|0x00000000cb000000, 0x00000000cb000000, 0x00000000cb100000|  0%| F|  |TS  0|AC  0|TAMS 0x00000000cb000000, 0x00000000cb000000|
|  43|0x00000000cb100000, 0x00000000cb100000, 0x00000000cb200000|  0%| F|  |TS  0|AC  0|TAMS 0x00000000cb100000, 0x00000000cb100000|
|  44|0x00000000cb200000, 0x00000000cb200000, 0x00000000cb300000|  0%| F|  |TS  0|AC  0|TAMS 0x00000000cb200000, 0x00000000cb200000|
|  45|0x00000000cb300000, 0x00000000cb300000, 0x00000000cb400000|  0%| F|  |TS  0|AC  0|TAMS 0x00000000cb300000, 0x00000000cb300000|
|  46|0x00000000cb400000, 0x00000000cb400000, 0x00000000cb500000|  0%| F|  |TS  0|AC  0|TAMS 0x00000000cb400000, 0x00000000cb400000|
|  47|0x00000000cb500000, 0x00000000cb500000, 0x00000000cb600000|  0%| F|  |TS  0|AC  0|TAMS 0x00000000cb500000, 0x00000000cb500000|
|  48|0x00000000cb600000, 0x00000000cb600000, 0x00000000cb700000|  0%| F|  |TS  0|AC  0|TAMS 0x00000000cb600000, 0x00000000cb600000|
|  49|0x00000000cb700000, 0x00000000cb700000, 0x00000000cb800000|  0%| F|  |TS  0|AC  0|TAMS 0x00000000cb700000, 0x00000000cb700000|
|  50|0x00000000cb800000, 0x00000000cb800000, 0x00000000cb900000|  0%| F|  |TS  0|AC  0|TAMS 0x00000000cb800000, 0x00000000cb800000|
|  51|0x00000000cb900000, 0x00000000cb900000, 0x00000000cba00000|  0%| F|  |TS  0|AC  0|TAMS 0x00000000cb900000, 0x00000000cb900000|
|  52|0x00000000cba00000, 0x00000000cba48918, 0x00000000cbb00000| 28%| E|  |TS  0|AC  0|TAMS 0x00000000cba00000, 0x00000000cba00000|
|  53|0x00000000cbb00000, 0x00000000cbc00000, 0x00000000cbc00000|100%| E|CS|TS  0|AC  0|TAMS 0x00000000cbb00000, 0x00000000cbb00000|
|  54|0x00000000cbc00000, 0x00000000cbd00000, 0x00000000cbd00000|100%| E|CS|TS  0|AC  0|TAMS 0x00000000cbc00000, 0x00000000cbc00000|
|  55|0x00000000cbd00000, 0x00000000cbe00000, 0x00000000cbe00000|100%| E|CS|TS  0|AC  0|TAMS 0x00000000cbd00000, 0x00000000cbd00000|

Card table byte_map: [0x000000001d630000,0x000000001d7f0000] byte_map_base: 0x000000001cfed000

Marking Bits (Prev, Next): (CMBitMap*) 0x00000000004a3ec0, (CMBitMap*) 0x00000000004a3ef8
 Prev Bits: [0x000000001d9b0000, 0x000000001e798000)
 Next Bits: [0x000000001e7a0000, 0x000000001f588000)

Polling page: 0x00000000002f0000

CodeHeap 'non-profiled nmethods': size=120064Kb used=70Kb max_used=70Kb free=119993Kb
 bounds [0x00000000152d0000, 0x0000000015540000, 0x000000001c810000]
CodeHeap 'profiled nmethods': size=120000Kb used=257Kb max_used=257Kb free=119742Kb
 bounds [0x000000000dda0000, 0x000000000e010000, 0x00000000152d0000]
CodeHeap 'non-nmethods': size=5696Kb used=1068Kb max_used=1079Kb free=4627Kb
 bounds [0x000000000d810000, 0x000000000da80000, 0x000000000dda0000]
 total_blobs=580 nmethods=204 adapters=211
 compilation: enabled

Compilation events (10 events):
Event: 1.275 Thread 0x0000000021dec000 nmethod 201 0x000000000dddf190 code [0x000000000dddf380, 0x000000000dddf8b0]
Event: 1.275 Thread 0x0000000021dec000  202       1       java.net.URL::getProtocol (5 bytes)
Event: 1.275 Thread 0x0000000022f09000 nmethod 198 0x00000000152e0d90 code [0x00000000152e0f20, 0x00000000152e10b8]
Event: 1.275 Thread 0x0000000021dec000 nmethod 202 0x00000000152e1210 code [0x00000000152e13c0, 0x00000000152e14d0]
Event: 1.280 Thread 0x0000000021dec000  203       3       java.util.Arrays::copyOf (19 bytes)
Event: 1.281 Thread 0x0000000021dec000 nmethod 203 0x000000000dddfb10 code [0x000000000dddfce0, 0x000000000dde0028]
Event: 1.337 Thread 0x0000000021dec000  204       1       java.nio.Buffer::position (5 bytes)
Event: 1.337 Thread 0x0000000021dec000 nmethod 204 0x00000000152e1590 code [0x00000000152e1740, 0x00000000152e1850]
Event: 1.366 Thread 0x0000000021dec000  205       3       java.lang.String::lastIndexOf (29 bytes)
Event: 1.367 Thread 0x0000000021dec000 nmethod 205 0x000000000dde0190 code [0x000000000dde0360, 0x000000000dde0658]

GC Heap History (0 events):
No events

Deoptimization events (1 events):
Event: 1.023 Thread 0x0000000000442800 Uncommon trap: reason=unstable_if action=reinterpret pc=0x00000000152d3214 method=java.lang.String.hashCode()I @ 14 c2

Classes redefined (6 events):
Event: 739.337 Thread 0x0000000021ddc800 redefined class name=Codec, count=1
Event: 739.338 Thread 0x0000000021ddc800 redefined class name=Codec$TreeNode, count=1
Event: 1630.585 Thread 0x0000000021ddc800 redefined class name=Codec, count=2
Event: 1630.586 Thread 0x0000000021ddc800 redefined class name=Codec$TreeNode, count=2
Event: 2585.932 Thread 0x0000000021ddc800 redefined class name=Codec, count=3
Event: 2585.934 Thread 0x0000000021ddc800 redefined class name=Codec$TreeNode, count=3

Internal exceptions (0 events):
No events

Events (10 events):
Event: 2585.941 Executing VM operation: GetOrSetLocal done
Event: 2585.958 Executing VM operation: ChangeBreakpoints
Event: 2585.958 Executing VM operation: ChangeBreakpoints done
Event: 2585.964 Executing VM operation: GetFrameCount
Event: 2585.964 Executing VM operation: GetFrameCount done
Event: 2585.964 Executing VM operation: GetFrameLocation
Event: 2585.964 Executing VM operation: GetFrameLocation done
Event: 2585.976 Executing VM operation: GetFrameLocation
Event: 2585.976 Executing VM operation: GetFrameLocation done
Event: 2585.976 Executing VM operation: GetOrSetLocal


Dynamic libraries:
0x000000013f500000 - 0x000000013f53e000 	C:\Program Files\Java\jdk-10\bin\java.exe
0x0000000077760000 - 0x000000007790a000 	C:\Windows\SYSTEM32\ntdll.dll
0x0000000077540000 - 0x000000007765f000 	C:\Windows\system32\kernel32.dll
0x000007fefd750000 - 0x000007fefd7ba000 	C:\Windows\system32\KERNELBASE.dll
0x000007fefda00000 - 0x000007fefdadb000 	C:\Windows\system32\ADVAPI32.dll
0x000007feff2a0000 - 0x000007feff33f000 	C:\Windows\system32\msvcrt.dll
0x000007fefd810000 - 0x000007fefd82f000 	C:\Windows\SYSTEM32\sechost.dll
0x000007fefeef0000 - 0x000007feff01d000 	C:\Windows\system32\RPCRT4.dll
0x0000000077660000 - 0x000000007775a000 	C:\Windows\system32\USER32.dll
0x000007fefd990000 - 0x000007fefd9f7000 	C:\Windows\system32\GDI32.dll
0x000007feffa60000 - 0x000007feffa6e000 	C:\Windows\system32\LPK.dll
0x000007fefdeb0000 - 0x000007fefdf7b000 	C:\Windows\system32\USP10.dll
0x000007fefbf10000 - 0x000007fefc104000 	C:\Windows\WinSxS\amd64_microsoft.windows.common-controls_6595b64144ccf1df_6.0.7601.18837_none_fa3b1e3d17594757\COMCTL32.dll
0x000007fefd910000 - 0x000007fefd981000 	C:\Windows\system32\SHLWAPI.dll
0x000007fefcdc0000 - 0x000007fefcdcc000 	C:\Windows\system32\VERSION.dll
0x000007fefd830000 - 0x000007fefd85e000 	C:\Windows\system32\IMM32.DLL
0x000007feff480000 - 0x000007feff589000 	C:\Windows\system32\MSCTF.dll
0x000007feee1a0000 - 0x000007feee28f000 	C:\Program Files\Java\jdk-10\bin\msvcr120.dll
0x000007fef4100000 - 0x000007fef41a6000 	C:\Program Files\Java\jdk-10\bin\msvcp120.dll
0x0000000052e70000 - 0x00000000538df000 	C:\Program Files\Java\jdk-10\bin\server\jvm.dll
0x000007fef9000000 - 0x000007fef9009000 	C:\Windows\system32\WSOCK32.dll
0x000007feff250000 - 0x000007feff29d000 	C:\Windows\system32\WS2_32.dll
0x000007fefd900000 - 0x000007fefd908000 	C:\Windows\system32\NSI.dll
0x000007fef8d80000 - 0x000007fef8dbb000 	C:\Windows\system32\WINMM.dll
0x0000000077930000 - 0x0000000077937000 	C:\Windows\system32\PSAPI.DLL
0x000007fef7230000 - 0x000007fef723f000 	C:\Program Files\Java\jdk-10\bin\verify.dll
0x000007fef32e0000 - 0x000007fef3405000 	C:\Windows\system32\DBGHELP.DLL
0x000007fef3b70000 - 0x000007fef3b97000 	C:\Program Files\Java\jdk-10\bin\java.dll
0x000007fef2180000 - 0x000007fef21b6000 	C:\Program Files\Java\jdk-10\bin\jdwp.dll
0x000007fef2150000 - 0x000007fef217a000 	C:\Program Files\Java\jdk-10\bin\instrument.dll
0x000007fef3b50000 - 0x000007fef3b66000 	C:\Program Files\Java\jdk-10\bin\zip.dll
0x000007fef7240000 - 0x000007fef724a000 	C:\Program Files\Java\jdk-10\bin\jimage.dll
0x000007fefe160000 - 0x000007fefeeeb000 	C:\Windows\system32\SHELL32.dll
0x000007feff590000 - 0x000007feff78c000 	C:\Windows\system32\ole32.dll
0x000007fefd460000 - 0x000007fefd46f000 	C:\Windows\system32\profapi.dll
0x000007fef7190000 - 0x000007fef719a000 	C:\Program Files\Java\jdk-10\bin\dt_socket.dll
0x000007fefc8f0000 - 0x000007fefc945000 	C:\Windows\system32\mswsock.dll
0x000007fefcdd0000 - 0x000007fefcdd7000 	C:\Windows\System32\wshtcpip.dll
0x000007fef59a0000 - 0x000007fef59ba000 	C:\Program Files\Java\jdk-10\bin\net.dll
0x000007fef8d00000 - 0x000007fef8d71000 	C:\Windows\system32\WINHTTP.dll
0x000007fef8c90000 - 0x000007fef8cf4000 	C:\Windows\system32\webio.dll
0x000007fefc880000 - 0x000007fefc887000 	C:\Windows\System32\wship6.dll
0x000007fef2130000 - 0x000007fef2141000 	C:\Program Files\Java\jdk-10\bin\nio.dll

dbghelp: loaded successfully - version: 4.0.5 - missing functions: none
symbol engine: initialized successfully - sym options: 0x614 - pdb path: .;C:\Program Files\Java\jdk-10\bin;C:\Windows\SYSTEM32;C:\Windows\WinSxS\amd64_microsoft.windows.common-controls_6595b64144ccf1df_6.0.7601.18837_none_fa3b1e3d17594757;C:\Program Files\Java\jdk-10\bin\server

VM Arguments:
jvm_args: -agentlib:jdwp=transport=dt_socket,address=127.0.0.1:50150,suspend=y,server=n -javaagent:C:\Users\Administrator\.IdeaIC2018.1\system\captureAgent\debugger-agent.jar=file:/C:/Users/Administrator/AppData/Local/Temp/capture.props -Dfile.encoding=UTF-8 
java_command: Codec
java_class_path (initial): D:\GitBash\CS61B\skeleton-sp18-master\library-sp18\javalib;D:\LCsolution\297. Serialize and Deserialize Binary Tree\out\production\297. Serialize and Deserialize Binary Tree;F:\Program Files\IntelliJ\IntelliJ IDEA Community Edition 2018.1.1\lib\idea_rt.jar
Launcher Type: SUN_STANDARD

Logging:
Log output configuration:
#0: stdout all=warning uptime,level,tags
#1: stderr all=off uptime,level,tags

Environment Variables:
JAVA_HOME=C:\Program Files\Java\jdk-10
PATH=C:\ProgramData\Oracle\Java\javapath;C:\Windows\system32;C:\Windows;C:\Windows\System32\Wbem;C:\Windows\System32\WindowsPowerShell\v1.0\;C:\Program Files\Java\jdk-10\bin;G:\0 code\Python\Scripts\;G:\0 code\Python\
USERNAME=Administrator
OS=Windows_NT
PROCESSOR_IDENTIFIER=AMD64 Family 18 Model 1 Stepping 0, AuthenticAMD



---------------  S Y S T E M  ---------------

OS: Windows 7 , 64 bit Build 7601 (6.1.7601.23864)

CPU:total 4 (initial active 4) (4 cores per cpu, 1 threads per core) family 18 model 1 stepping 0, cmov, cx8, fxsr, mmx, sse, sse2, sse3, popcnt, mmxext, 3dnowpref, lzcnt, sse4a, tsc, tscinvbit, tscinv

Memory: 4k page, physical 3643504k(490760k free), swap 7956892k(745404k free)

vm_info: Java HotSpot(TM) 64-Bit Server VM (10+46) for windows-amd64 JRE (10+46), built on Mar  8 2018 02:11:18 by "mach5one" with MS VC++ 12.0 (VS2013)

END.
