#
# A fatal error has been detected by the Java Runtime Environment:
#
#  Internal Error (t:/workspace/open/src/hotspot/share/oops/generateOopMap.cpp:1632), pid=3544, tid=8868
#  Error: ShouldNotReachHere()
#
# JRE version: Java(TM) SE Runtime Environment (10.0+46) (build 10+46)
# Java VM: Java HotSpot(TM) 64-Bit Server VM (10+46, mixed mode, tiered, compressed oops, g1 gc, windows-amd64)
# No core dump will be written. Minidumps are not enabled by default on client versions of Windows
#
# If you would like to submit a bug report, please visit:
#   http://bugreport.java.com/bugreport/crash.jsp
#

---------------  S U M M A R Y ------------

Command Line: -agentlib:jdwp=transport=dt_socket,address=127.0.0.1:51302,suspend=y,server=n -javaagent:C:\Users\Administrator\.IdeaIC2018.1\system\captureAgent\debugger-agent.jar=file:/C:/Users/Administrator/AppData/Local/Temp/capture2.props -Dfile.encoding=UTF-8 Solution

Host: AMD A6-3400M APU with Radeon(tm) HD Graphics, 4 cores, 3G,  Windows 7 , 64 bit Build 7601 (6.1.7601.23864)
Time: Fri Jun 29 21:31:56 2018 ?D1¨²¡À¨º¡Á?¨º¡À?? elapsed time: 1266 seconds (0d 0h 21m 6s)

---------------  T H R E A D  ---------------

Current thread (0x000000002198f000):  VMThread "VM Thread" [stack: 0x0000000062c70000,0x0000000062d70000] [id=8868]

Stack: [0x0000000062c70000,0x0000000062d70000]
[error occurred during error reporting (printing stack bounds), id 0xe0000000]

Native frames: (J=compiled Java code, j=interpreted, Vv=VM code, C=native code)
V  [jvm.dll+0x59fbf9]
V  [jvm.dll+0x6bca11]
V  [jvm.dll+0x6bdc06]
V  [jvm.dll+0x6be1f5]
V  [jvm.dll+0x6be1ab]
V  [jvm.dll+0x59f3f3]
V  [jvm.dll+0x59f7f8]
C  [ntdll.dll+0x2812d]
C  [ntdll.dll+0x1855f]
C  [ntdll.dll+0x4bcb8]
C  0x000000000d5f0ea7

VM_Operation (0x00000000646ff6b0): GetOrSetLocal, mode: safepoint, requested by thread 0x0000000063b55000


---------------  P R O C E S S  ---------------

Threads class SMR info:
_java_thread_list=0x0000000063a298f0, length=14, elements={
0x00000000001f6800, 0x0000000062a57800, 0x0000000062a64000, 0x0000000062a7a800,
0x0000000062a7c800, 0x0000000062a7d800, 0x0000000062a82000, 0x0000000062a83000,
0x0000000062a86000, 0x0000000063b55000, 0x0000000063b1d000, 0x0000000063b1f800,
0x00000000639ab000, 0x0000000063a2a000
}

Java Threads: ( => current thread )
  0x00000000001f6800 JavaThread "main" [_thread_blocked, id=4640, stack(0x0000000002010000,0x0000000002110000)]
  0x0000000062a57800 JavaThread "Reference Handler" daemon [_thread_blocked, id=7768, stack(0x0000000062dc0000,0x0000000062ec0000)]
  0x0000000062a64000 JavaThread "Finalizer" daemon [_thread_blocked, id=2532, stack(0x0000000062ec0000,0x0000000062fc0000)]
  0x0000000062a7a800 JavaThread "Signal Dispatcher" daemon [_thread_blocked, id=8368, stack(0x0000000063120000,0x0000000063220000)]
  0x0000000062a7c800 JavaThread "Attach Listener" daemon [_thread_blocked, id=8932, stack(0x00000000632f0000,0x00000000633f0000)]
  0x0000000062a7d800 JavaThread "C2 CompilerThread0" daemon [_thread_blocked, id=2088, stack(0x0000000063500000,0x0000000063600000)]
  0x0000000062a82000 JavaThread "C2 CompilerThread1" daemon [_thread_blocked, id=8848, stack(0x0000000063620000,0x0000000063720000)]
  0x0000000062a83000 JavaThread "C1 CompilerThread2" daemon [_thread_blocked, id=2924, stack(0x0000000063000000,0x0000000063100000)]
  0x0000000062a86000 JavaThread "Sweeper thread" daemon [_thread_blocked, id=2780, stack(0x0000000063790000,0x0000000063890000)]
  0x0000000063b55000 JavaThread "JDWP Transport Listener: dt_socket" daemon [_thread_blocked, id=9048, stack(0x0000000064600000,0x0000000064700000)] _threads_hazard_ptr=0x0000000063a298f0
  0x0000000063b1d000 JavaThread "JDWP Event Helper Thread" daemon [_thread_blocked, id=1128, stack(0x0000000064790000,0x0000000064890000)]
  0x0000000063b1f800 JavaThread "JDWP Command Reader" daemon [_thread_in_native, id=10288, stack(0x00000000644d0000,0x00000000645d0000)]
  0x00000000639ab000 JavaThread "Common-Cleaner" daemon [_thread_blocked, id=11884, stack(0x0000000064920000,0x0000000064a20000)]
  0x0000000063a2a000 JavaThread "Service Thread" daemon [_thread_blocked, id=912, stack(0x0000000064b40000,0x0000000064c40000)]

Other Threads:
=>0x000000002198f000 VMThread "VM Thread" [stack: 0x0000000062c70000,0x0000000062d70000] [id=8868]
  0x0000000063a4e800 WatcherThread [stack: 0x0000000064d00000,0x0000000064e00000] [id=9972]
  0x000000000021f000 GCTaskThread "GC Thread#0" [stack: 0x000000001c800000,0x000000001c900000] [id=6752]
  0x0000000000220800 GCTaskThread "GC Thread#1" [stack: 0x000000001c9f0000,0x000000001caf0000] [id=6968]
  0x0000000000225000 GCTaskThread "GC Thread#2" [stack: 0x000000001cc00000,0x000000001cd00000] [id=248]
  0x0000000000228000 GCTaskThread "GC Thread#3" [stack: 0x000000001ce80000,0x000000001cf80000] [id=9060]
  0x000000000025a800 ConcurrentGCThread "G1 Main Marker" [stack: 0x000000001f220000,0x000000001f320000] [id=12248]
  0x000000000025b800 ConcurrentGCThread "G1 Conc#0" [stack: 0x000000001f470000,0x000000001f570000] [id=8512]
  0x00000000218b4800 ConcurrentGCThread "G1 Refine#0" [stack: 0x0000000021b70000,0x0000000021c70000] [id=10908]
  0x000000000027f000 ConcurrentGCThread "G1 Refine#1" [stack: 0x0000000021cc0000,0x0000000021dc0000] [id=11984]
  0x00000000218bb800 ConcurrentGCThread "G1 Refine#2" [stack: 0x00000000219e0000,0x0000000021ae0000] [id=2904]
  0x00000000218bd000 ConcurrentGCThread "G1 Refine#3" [stack: 0x0000000021e70000,0x0000000021f70000] [id=11336]
  0x00000000218be000 ConcurrentGCThread "G1 Young RemSet Sampling" [stack: 0x00000000220a0000,0x00000000221a0000] [id=8480]

Threads with active compile tasks:

VM state:at safepoint (normal execution)

VM Mutex/Monitor currently owned by a thread:  ([mutex/lock_event])
[0x00000000001f29f0] Threads_lock - owner thread: 0x000000002198f000

Heap address: 0x00000000c8600000, size: 890 MB, Compressed Oops mode: 32-bit
Narrow klass base: 0x0000000000000000, Narrow klass shift: 0
Compressed class space size: 1073741824 Address: 0x00000000221a0000

Heap:
 garbage-first heap   total 57344K, used 2048K [0x00000000c8600000, 0x0000000100000000)
  region size 1024K, 3 young (3072K), 0 survivors (0K)
 Metaspace       used 5199K, capacity 5328K, committed 5376K, reserved 1056768K
  class space    used 439K, capacity 496K, committed 512K, reserved 1048576K
Heap Regions: E=young(eden), S=young(survivor), O=old, HS=humongous(starts), HC=humongous(continues), CS=collection set, F=free, A=archive, TS=gc time stamp, AC=allocation context, TAMS=top-at-mark-start (previous, next)
|   0|0x00000000c8600000, 0x00000000c8600000, 0x00000000c8700000|  0%| F|  |TS  0|AC  0|TAMS 0x00000000c8600000, 0x00000000c8600000|
|   1|0x00000000c8700000, 0x00000000c8700000, 0x00000000c8800000|  0%| F|  |TS  0|AC  0|TAMS 0x00000000c8700000, 0x00000000c8700000|
|   2|0x00000000c8800000, 0x00000000c8800000, 0x00000000c8900000|  0%| F|  |TS  0|AC  0|TAMS 0x00000000c8800000, 0x00000000c8800000|
|   3|0x00000000c8900000, 0x00000000c8900000, 0x00000000c8a00000|  0%| F|  |TS  0|AC  0|TAMS 0x00000000c8900000, 0x00000000c8900000|
|   4|0x00000000c8a00000, 0x00000000c8a00000, 0x00000000c8b00000|  0%| F|  |TS  0|AC  0|TAMS 0x00000000c8a00000, 0x00000000c8a00000|
|   5|0x00000000c8b00000, 0x00000000c8b00000, 0x00000000c8c00000|  0%| F|  |TS  0|AC  0|TAMS 0x00000000c8b00000, 0x00000000c8b00000|
|   6|0x00000000c8c00000, 0x00000000c8c00000, 0x00000000c8d00000|  0%| F|  |TS  0|AC  0|TAMS 0x00000000c8c00000, 0x00000000c8c00000|
|   7|0x00000000c8d00000, 0x00000000c8d00000, 0x00000000c8e00000|  0%| F|  |TS  0|AC  0|TAMS 0x00000000c8d00000, 0x00000000c8d00000|
|   8|0x00000000c8e00000, 0x00000000c8e00000, 0x00000000c8f00000|  0%| F|  |TS  0|AC  0|TAMS 0x00000000c8e00000, 0x00000000c8e00000|
|   9|0x00000000c8f00000, 0x00000000c8f00000, 0x00000000c9000000|  0%| F|  |TS  0|AC  0|TAMS 0x00000000c8f00000, 0x00000000c8f00000|
|  10|0x00000000c9000000, 0x00000000c9000000, 0x00000000c9100000|  0%| F|  |TS  0|AC  0|TAMS 0x00000000c9000000, 0x00000000c9000000|
|  11|0x00000000c9100000, 0x00000000c9100000, 0x00000000c9200000|  0%| F|  |TS  0|AC  0|TAMS 0x00000000c9100000, 0x00000000c9100000|
|  12|0x00000000c9200000, 0x00000000c9200000, 0x00000000c9300000|  0%| F|  |TS  0|AC  0|TAMS 0x00000000c9200000, 0x00000000c9200000|
|  13|0x00000000c9300000, 0x00000000c9300000, 0x00000000c9400000|  0%| F|  |TS  0|AC  0|TAMS 0x00000000c9300000, 0x00000000c9300000|
|  14|0x00000000c9400000, 0x00000000c9400000, 0x00000000c9500000|  0%| F|  |TS  0|AC  0|TAMS 0x00000000c9400000, 0x00000000c9400000|
|  15|0x00000000c9500000, 0x00000000c9500000, 0x00000000c9600000|  0%| F|  |TS  0|AC  0|TAMS 0x00000000c9500000, 0x00000000c9500000|
|  16|0x00000000c9600000, 0x00000000c9600000, 0x00000000c9700000|  0%| F|  |TS  0|AC  0|TAMS 0x00000000c9600000, 0x00000000c9600000|
|  17|0x00000000c9700000, 0x00000000c9700000, 0x00000000c9800000|  0%| F|  |TS  0|AC  0|TAMS 0x00000000c9700000, 0x00000000c9700000|
|  18|0x00000000c9800000, 0x00000000c9800000, 0x00000000c9900000|  0%| F|  |TS  0|AC  0|TAMS 0x00000000c9800000, 0x00000000c9800000|
|  19|0x00000000c9900000, 0x00000000c9900000, 0x00000000c9a00000|  0%| F|  |TS  0|AC  0|TAMS 0x00000000c9900000, 0x00000000c9900000|
|  20|0x00000000c9a00000, 0x00000000c9a00000, 0x00000000c9b00000|  0%| F|  |TS  0|AC  0|TAMS 0x00000000c9a00000, 0x00000000c9a00000|
|  21|0x00000000c9b00000, 0x00000000c9b00000, 0x00000000c9c00000|  0%| F|  |TS  0|AC  0|TAMS 0x00000000c9b00000, 0x00000000c9b00000|
|  22|0x00000000c9c00000, 0x00000000c9c00000, 0x00000000c9d00000|  0%| F|  |TS  0|AC  0|TAMS 0x00000000c9c00000, 0x00000000c9c00000|
|  23|0x00000000c9d00000, 0x00000000c9d00000, 0x00000000c9e00000|  0%| F|  |TS  0|AC  0|TAMS 0x00000000c9d00000, 0x00000000c9d00000|
|  24|0x00000000c9e00000, 0x00000000c9e00000, 0x00000000c9f00000|  0%| F|  |TS  0|AC  0|TAMS 0x00000000c9e00000, 0x00000000c9e00000|
|  25|0x00000000c9f00000, 0x00000000c9f00000, 0x00000000ca000000|  0%| F|  |TS  0|AC  0|TAMS 0x00000000c9f00000, 0x00000000c9f00000|
|  26|0x00000000ca000000, 0x00000000ca000000, 0x00000000ca100000|  0%| F|  |TS  0|AC  0|TAMS 0x00000000ca000000, 0x00000000ca000000|
|  27|0x00000000ca100000, 0x00000000ca100000, 0x00000000ca200000|  0%| F|  |TS  0|AC  0|TAMS 0x00000000ca100000, 0x00000000ca100000|
|  28|0x00000000ca200000, 0x00000000ca200000, 0x00000000ca300000|  0%| F|  |TS  0|AC  0|TAMS 0x00000000ca200000, 0x00000000ca200000|
|  29|0x00000000ca300000, 0x00000000ca300000, 0x00000000ca400000|  0%| F|  |TS  0|AC  0|TAMS 0x00000000ca300000, 0x00000000ca300000|
|  30|0x00000000ca400000, 0x00000000ca400000, 0x00000000ca500000|  0%| F|  |TS  0|AC  0|TAMS 0x00000000ca400000, 0x00000000ca400000|
|  31|0x00000000ca500000, 0x00000000ca500000, 0x00000000ca600000|  0%| F|  |TS  0|AC  0|TAMS 0x00000000ca500000, 0x00000000ca500000|
|  32|0x00000000ca600000, 0x00000000ca600000, 0x00000000ca700000|  0%| F|  |TS  0|AC  0|TAMS 0x00000000ca600000, 0x00000000ca600000|
|  33|0x00000000ca700000, 0x00000000ca700000, 0x00000000ca800000|  0%| F|  |TS  0|AC  0|TAMS 0x00000000ca700000, 0x00000000ca700000|
|  34|0x00000000ca800000, 0x00000000ca800000, 0x00000000ca900000|  0%| F|  |TS  0|AC  0|TAMS 0x00000000ca800000, 0x00000000ca800000|
|  35|0x00000000ca900000, 0x00000000ca900000, 0x00000000caa00000|  0%| F|  |TS  0|AC  0|TAMS 0x00000000ca900000, 0x00000000ca900000|
|  36|0x00000000caa00000, 0x00000000caa00000, 0x00000000cab00000|  0%| F|  |TS  0|AC  0|TAMS 0x00000000caa00000, 0x00000000caa00000|
|  37|0x00000000cab00000, 0x00000000cab00000, 0x00000000cac00000|  0%| F|  |TS  0|AC  0|TAMS 0x00000000cab00000, 0x00000000cab00000|
|  38|0x00000000cac00000, 0x00000000cac00000, 0x00000000cad00000|  0%| F|  |TS  0|AC  0|TAMS 0x00000000cac00000, 0x00000000cac00000|
|  39|0x00000000cad00000, 0x00000000cad00000, 0x00000000cae00000|  0%| F|  |TS  0|AC  0|TAMS 0x00000000cad00000, 0x00000000cad00000|
|  40|0x00000000cae00000, 0x00000000cae00000, 0x00000000caf00000|  0%| F|  |TS  0|AC  0|TAMS 0x00000000cae00000, 0x00000000cae00000|
|  41|0x00000000caf00000, 0x00000000caf00000, 0x00000000cb000000|  0%| F|  |TS  0|AC  0|TAMS 0x00000000caf00000, 0x00000000caf00000|
|  42|0x00000000cb000000, 0x00000000cb000000, 0x00000000cb100000|  0%| F|  |TS  0|AC  0|TAMS 0x00000000cb000000, 0x00000000cb000000|
|  43|0x00000000cb100000, 0x00000000cb100000, 0x00000000cb200000|  0%| F|  |TS  0|AC  0|TAMS 0x00000000cb100000, 0x00000000cb100000|
|  44|0x00000000cb200000, 0x00000000cb200000, 0x00000000cb300000|  0%| F|  |TS  0|AC  0|TAMS 0x00000000cb200000, 0x00000000cb200000|
|  45|0x00000000cb300000, 0x00000000cb300000, 0x00000000cb400000|  0%| F|  |TS  0|AC  0|TAMS 0x00000000cb300000, 0x00000000cb300000|
|  46|0x00000000cb400000, 0x00000000cb400000, 0x00000000cb500000|  0%| F|  |TS  0|AC  0|TAMS 0x00000000cb400000, 0x00000000cb400000|
|  47|0x00000000cb500000, 0x00000000cb500000, 0x00000000cb600000|  0%| F|  |TS  0|AC  0|TAMS 0x00000000cb500000, 0x00000000cb500000|
|  48|0x00000000cb600000, 0x00000000cb600000, 0x00000000cb700000|  0%| F|  |TS  0|AC  0|TAMS 0x00000000cb600000, 0x00000000cb600000|
|  49|0x00000000cb700000, 0x00000000cb700000, 0x00000000cb800000|  0%| F|  |TS  0|AC  0|TAMS 0x00000000cb700000, 0x00000000cb700000|
|  50|0x00000000cb800000, 0x00000000cb800000, 0x00000000cb900000|  0%| F|  |TS  0|AC  0|TAMS 0x00000000cb800000, 0x00000000cb800000|
|  51|0x00000000cb900000, 0x00000000cb900000, 0x00000000cba00000|  0%| F|  |TS  0|AC  0|TAMS 0x00000000cb900000, 0x00000000cb900000|
|  52|0x00000000cba00000, 0x00000000cba00000, 0x00000000cbb00000|  0%| F|  |TS  0|AC  0|TAMS 0x00000000cba00000, 0x00000000cba00000|
|  53|0x00000000cbb00000, 0x00000000cbc00000, 0x00000000cbc00000|100%| E|  |TS  0|AC  0|TAMS 0x00000000cbb00000, 0x00000000cbb00000|
|  54|0x00000000cbc00000, 0x00000000cbd00000, 0x00000000cbd00000|100%| E|CS|TS  0|AC  0|TAMS 0x00000000cbc00000, 0x00000000cbc00000|
|  55|0x00000000cbd00000, 0x00000000cbe00000, 0x00000000cbe00000|100%| E|CS|TS  0|AC  0|TAMS 0x00000000cbd00000, 0x00000000cbd00000|

Card table byte_map: [0x000000001d250000,0x000000001d410000] byte_map_base: 0x000000001cc0d000

Marking Bits (Prev, Next): (CMBitMap*) 0x0000000000259b70, (CMBitMap*) 0x0000000000259ba8
 Prev Bits: [0x000000001d5d0000, 0x000000001e3b8000)
 Next Bits: [0x000000001e3c0000, 0x000000001f1a8000)

Polling page: 0x00000000003f0000

CodeHeap 'non-profiled nmethods': size=120064Kb used=74Kb max_used=74Kb free=119989Kb
 bounds [0x00000000150b0000, 0x0000000015320000, 0x000000001c5f0000]
CodeHeap 'profiled nmethods': size=120000Kb used=264Kb max_used=264Kb free=119735Kb
 bounds [0x000000000db80000, 0x000000000ddf0000, 0x00000000150b0000]
CodeHeap 'non-nmethods': size=5696Kb used=1070Kb max_used=1081Kb free=4625Kb
 bounds [0x000000000d5f0000, 0x000000000d860000, 0x000000000db80000]
 total_blobs=575 nmethods=199 adapters=211
 compilation: enabled

Compilation events (10 events):
Event: 0.813 Thread 0x0000000062a83000 nmethod 194 0x000000000dbbfb90 code [0x000000000dbbfd80, 0x000000000dbc0138]
Event: 0.813 Thread 0x0000000062a83000  196       3       java.lang.String::startsWith (138 bytes)
Event: 0.814 Thread 0x0000000062a83000 nmethod 196 0x000000000dbc0310 code [0x000000000dbc0560, 0x000000000dbc0f30]
Event: 0.814 Thread 0x0000000062a83000  198       3       java.lang.AbstractStringBuilder::append (45 bytes)
Event: 0.815 Thread 0x0000000062a82000 nmethod 195 0x00000000150c2210 code [0x00000000150c23a0, 0x00000000150c24f8]
Event: 0.815 Thread 0x0000000062a83000 nmethod 198 0x000000000dbc1210 code [0x000000000dbc1440, 0x000000000dbc19b8]
Event: 0.815 Thread 0x0000000062a83000  197       3       java.util.zip.ZipUtils::LG (22 bytes)
Event: 0.815 Thread 0x0000000062a83000 nmethod 197 0x000000000dbc1c10 code [0x000000000dbc1de0, 0x000000000dbc2090]
Event: 0.836 Thread 0x0000000062a7d800  199       4       java.lang.StringLatin1::indexOf (61 bytes)
Event: 0.842 Thread 0x0000000062a7d800 nmethod 199 0x00000000150c2610 code [0x00000000150c27a0, 0x00000000150c2938]

GC Heap History (0 events):
No events

Deoptimization events (2 events):
Event: 0.464 Thread 0x00000000001f6800 Uncommon trap: reason=unstable_if action=reinterpret pc=0x00000000150ba870 method=java.util.AbstractCollection.isEmpty()Z @ 4 c2
Event: 0.698 Thread 0x00000000001f6800 Uncommon trap: reason=unstable_if action=reinterpret pc=0x00000000150b3198 method=java.lang.String.hashCode()I @ 14 c2

Classes redefined (6 events):
Event: 45.983 Thread 0x000000002198f000 redefined class name=Solution, count=1
Event: 239.730 Thread 0x000000002198f000 redefined class name=Solution, count=2
Event: 295.276 Thread 0x000000002198f000 redefined class name=Solution, count=3
Event: 336.842 Thread 0x000000002198f000 redefined class name=Solution, count=4
Event: 366.398 Thread 0x000000002198f000 redefined class name=Solution, count=5
Event: 1265.813 Thread 0x000000002198f000 redefined class name=Solution, count=6

Internal exceptions (0 events):
No events

Events (10 events):
Event: 1265.818 Executing VM operation: GetOrSetLocal done
Event: 1265.967 Executing VM operation: ChangeBreakpoints
Event: 1265.967 Executing VM operation: ChangeBreakpoints done
Event: 1265.998 Executing VM operation: GetFrameCount
Event: 1265.998 Executing VM operation: GetFrameCount done
Event: 1265.998 Executing VM operation: GetFrameLocation
Event: 1265.999 Executing VM operation: GetFrameLocation done
Event: 1266.000 Executing VM operation: GetFrameLocation
Event: 1266.000 Executing VM operation: GetFrameLocation done
Event: 1266.000 Executing VM operation: GetOrSetLocal


Dynamic libraries:
0x000000013fde0000 - 0x000000013fe1e000 	C:\Program Files\Java\jdk-10\bin\java.exe
0x0000000076eb0000 - 0x000000007705a000 	C:\Windows\SYSTEM32\ntdll.dll
0x0000000076d90000 - 0x0000000076eaf000 	C:\Windows\system32\kernel32.dll
0x000007fefcef0000 - 0x000007fefcf5a000 	C:\Windows\system32\KERNELBASE.dll
0x000007fefdcc0000 - 0x000007fefdd9b000 	C:\Windows\system32\ADVAPI32.dll
0x000007fefee60000 - 0x000007fefeeff000 	C:\Windows\system32\msvcrt.dll
0x000007feff120000 - 0x000007feff13f000 	C:\Windows\SYSTEM32\sechost.dll
0x000007fefd170000 - 0x000007fefd29d000 	C:\Windows\system32\RPCRT4.dll
0x0000000076c90000 - 0x0000000076d8a000 	C:\Windows\system32\USER32.dll
0x000007fefd470000 - 0x000007fefd4d7000 	C:\Windows\system32\GDI32.dll
0x000007feff100000 - 0x000007feff10e000 	C:\Windows\system32\LPK.dll
0x000007fefd3a0000 - 0x000007fefd46b000 	C:\Windows\system32\USP10.dll
0x000007fefb670000 - 0x000007fefb864000 	C:\Windows\WinSxS\amd64_microsoft.windows.common-controls_6595b64144ccf1df_6.0.7601.18837_none_fa3b1e3d17594757\COMCTL32.dll
0x000007fefd2a0000 - 0x000007fefd311000 	C:\Windows\system32\SHLWAPI.dll
0x000007fefc490000 - 0x000007fefc49c000 	C:\Windows\system32\VERSION.dll
0x000007fefcf60000 - 0x000007fefcf8e000 	C:\Windows\system32\IMM32.DLL
0x000007fefd930000 - 0x000007fefda39000 	C:\Windows\system32\MSCTF.dll
0x000007fef0190000 - 0x000007fef027f000 	C:\Program Files\Java\jdk-10\bin\msvcr120.dll
0x000007fef33f0000 - 0x000007fef3496000 	C:\Program Files\Java\jdk-10\bin\msvcp120.dll
0x0000000067950000 - 0x00000000683bf000 	C:\Program Files\Java\jdk-10\bin\server\jvm.dll
0x000007fefa970000 - 0x000007fefa979000 	C:\Windows\system32\WSOCK32.dll
0x000007fefdc70000 - 0x000007fefdcbd000 	C:\Windows\system32\WS2_32.dll
0x000007feff110000 - 0x000007feff118000 	C:\Windows\system32\NSI.dll
0x000007fef8b10000 - 0x000007fef8b4b000 	C:\Windows\system32\WINMM.dll
0x0000000077080000 - 0x0000000077087000 	C:\Windows\system32\PSAPI.DLL
0x000007fefc3b0000 - 0x000007fefc3bf000 	C:\Program Files\Java\jdk-10\bin\verify.dll
0x000007fef1bb0000 - 0x000007fef1cd5000 	C:\Windows\system32\DBGHELP.DLL
0x000007fef3f20000 - 0x000007fef3f47000 	C:\Program Files\Java\jdk-10\bin\java.dll
0x000007fef33b0000 - 0x000007fef33e6000 	C:\Program Files\Java\jdk-10\bin\jdwp.dll
0x000007fef3560000 - 0x000007fef358a000 	C:\Program Files\Java\jdk-10\bin\instrument.dll
0x000007fef72e0000 - 0x000007fef72f6000 	C:\Program Files\Java\jdk-10\bin\zip.dll
0x000007fefc3c0000 - 0x000007fefc3ca000 	C:\Program Files\Java\jdk-10\bin\jimage.dll
0x000007fefe0d0000 - 0x000007fefee5b000 	C:\Windows\system32\SHELL32.dll
0x000007fefef00000 - 0x000007feff0fc000 	C:\Windows\system32\ole32.dll
0x000007fefcba0000 - 0x000007fefcbaf000 	C:\Windows\system32\profapi.dll
0x000007fef7ff0000 - 0x000007fef7ffa000 	C:\Program Files\Java\jdk-10\bin\dt_socket.dll
0x000007fefc040000 - 0x000007fefc095000 	C:\Windows\system32\mswsock.dll
0x000007fefc4a0000 - 0x000007fefc4a7000 	C:\Windows\System32\wshtcpip.dll
0x000007fef7a30000 - 0x000007fef7a4a000 	C:\Program Files\Java\jdk-10\bin\net.dll
0x000007fef9920000 - 0x000007fef9991000 	C:\Windows\system32\WINHTTP.dll
0x000007fef83e0000 - 0x000007fef8444000 	C:\Windows\system32\webio.dll
0x000007fefc030000 - 0x000007fefc037000 	C:\Windows\System32\wship6.dll
0x000007fef42b0000 - 0x000007fef42c1000 	C:\Program Files\Java\jdk-10\bin\nio.dll

dbghelp: loaded successfully - version: 4.0.5 - missing functions: none
symbol engine: initialized successfully - sym options: 0x614 - pdb path: .;C:\Program Files\Java\jdk-10\bin;C:\Windows\SYSTEM32;C:\Windows\WinSxS\amd64_microsoft.windows.common-controls_6595b64144ccf1df_6.0.7601.18837_none_fa3b1e3d17594757;C:\Program Files\Java\jdk-10\bin\server

VM Arguments:
jvm_args: -agentlib:jdwp=transport=dt_socket,address=127.0.0.1:51302,suspend=y,server=n -javaagent:C:\Users\Administrator\.IdeaIC2018.1\system\captureAgent\debugger-agent.jar=file:/C:/Users/Administrator/AppData/Local/Temp/capture2.props -Dfile.encoding=UTF-8 
java_command: Solution
java_class_path (initial): D:\LCsolution\738. Monotone Increasing Digits\out\production\738. Monotone Increasing Digits;D:\Program Files\JetBrains\IntelliJ IDEA Community Edition 2018.1.1\lib\idea_rt.jar
Launcher Type: SUN_STANDARD

Logging:
Log output configuration:
#0: stdout all=warning uptime,level,tags
#1: stderr all=off uptime,level,tags

Environment Variables:
JAVA_HOME=C:\Program Files\Java\jdk-10
PATH=C:\ProgramData\Oracle\Java\javapath;C:\Windows\system32;C:\Windows;C:\Windows\System32\Wbem;C:\Windows\System32\WindowsPowerShell\v1.0\;C:\Program Files\Java\jdk-10\bin;G:\0 code\Python\Scripts\;G:\0 code\Python\;C:\Users\Administrator\AppData\Local\GitHubDesktop\bin
USERNAME=Administrator
OS=Windows_NT
PROCESSOR_IDENTIFIER=AMD64 Family 18 Model 1 Stepping 0, AuthenticAMD



---------------  S Y S T E M  ---------------

OS: Windows 7 , 64 bit Build 7601 (6.1.7601.23864)

CPU:total 4 (initial active 4) (4 cores per cpu, 1 threads per core) family 18 model 1 stepping 0, cmov, cx8, fxsr, mmx, sse, sse2, sse3, popcnt, mmxext, 3dnowpref, lzcnt, sse4a, tsc, tscinvbit, tscinv

Memory: 4k page, physical 3643504k(409640k free), swap 12782904k(5917560k free)

vm_info: Java HotSpot(TM) 64-Bit Server VM (10+46) for windows-amd64 JRE (10+46), built on Mar  8 2018 02:11:18 by "mach5one" with MS VC++ 12.0 (VS2013)

END.
