#
# A fatal error has been detected by the Java Runtime Environment:
#
#  EXCEPTION_ACCESS_VIOLATION (0xc0000005) at pc=0x000000005a55cb23, pid=11784, tid=19184
#
# JRE version: Java(TM) SE Runtime Environment (10.0+46) (build 10+46)
# Java VM: Java HotSpot(TM) 64-Bit Server VM (10+46, mixed mode, tiered, compressed oops, g1 gc, windows-amd64)
# Problematic frame:
# V  [jvm.dll+0x31cb23]
#
# No core dump will be written. Minidumps are not enabled by default on client versions of Windows
#
# If you would like to submit a bug report, please visit:
#   http://bugreport.java.com/bugreport/crash.jsp
#

---------------  S U M M A R Y ------------

Command Line: -agentlib:jdwp=transport=dt_socket,address=127.0.0.1:5621,suspend=y,server=n -javaagent:C:\Users\Mr.Lyu\Downloads\ideaIC-2018.2.win\lib\rt\debugger-agent.jar=file:/C:/Users/Mr.Lyu/AppData/Local/Temp/capture.props -Dfile.encoding=UTF-8 wordBreak

Host: Intel(R) Core(TM) i5-8250U CPU @ 1.60GHz, 8 cores, 7G,  Windows 10 , 64 bit Build 17134 (10.0.17134.1)
Time: Sat Aug 18 00:11:47 2018 ?D1¨²¡À¨º¡Á?¨º¡À?? elapsed time: 123 seconds (0d 0h 2m 3s)

---------------  T H R E A D  ---------------

Current thread (0x0000026c32673000):  VMThread "VM Thread" [stack: 0x000000b9a4500000,0x000000b9a4600000] [id=19184]

Stack: [0x000000b9a4500000,0x000000b9a4600000],  sp=0x000000b9a45fee00,  free space=1019k
Native frames: (J=compiled Java code, j=interpreted, Vv=VM code, C=native code)
V  [jvm.dll+0x31cb23]
V  [jvm.dll+0x3205a6]
V  [jvm.dll+0x320962]
V  [jvm.dll+0x31cdd5]
V  [jvm.dll+0x59048f]
V  [jvm.dll+0x590876]
V  [jvm.dll+0x590636]
V  [jvm.dll+0x55bdc8]
V  [jvm.dll+0x4738fa]
V  [jvm.dll+0x6c42dc]
V  [jvm.dll+0x6c2a45]
V  [jvm.dll+0x6c3250]
V  [jvm.dll+0x6c358c]
V  [jvm.dll+0x59ef10]
C  [msvcr120.dll+0x24f7f]
C  [msvcr120.dll+0x25126]
C  [KERNEL32.DLL+0x13034]
C  [ntdll.dll+0x71431]


siginfo: EXCEPTION_ACCESS_VIOLATION (0xc0000005), reading address 0xffffffffffffffff


Register to memory mapping:

RIP=0x000000005a55cb23 jvm.dll
RAX=0x0000026c324ebdf0 is an unknown value
RBX=0x000000b9a45ff020 is an unknown value
RCX=0x000000b9a45ff090 is an unknown value
RDX=0xffffffffffffcb33 is an unknown value
RSP=0x000000b9a45fee00 is an unknown value
RBP=0x000000b9a45fee60 is an unknown value
RSI=0x0000000000000000 is an unknown value
RDI=0x00000000000000a7 is an unknown value
R8 =0x03ffffffffffff2c is an unknown value
R9 =0x0000000000000033 is an unknown value
R10=0x0000000000000059 is an unknown value
R11=0x0000000000000000 is an unknown value
R12=0x0000000000000000 is an unknown value
R13=0x00000000000003d8 is an unknown value
R14=0x000000005a55cb00 jvm.dll
R15=0x000000000000008e is an unknown value


Registers:
RAX=0x0000026c324ebdf0, RBX=0x000000b9a45ff020, RCX=0x000000b9a45ff090, RDX=0xffffffffffffcb33
RSP=0x000000b9a45fee00, RBP=0x000000b9a45fee60, RSI=0x0000000000000000, RDI=0x00000000000000a7
R8 =0x03ffffffffffff2c, R9 =0x0000000000000033, R10=0x0000000000000059, R11=0x0000000000000000
R12=0x0000000000000000, R13=0x00000000000003d8, R14=0x000000005a55cb00, R15=0x000000000000008e
RIP=0x000000005a55cb23, EFLAGS=0x0000000000010a03

Top of Stack: (sp=0x000000b9a45fee00)
0x000000b9a45fee00:   0000026c8fffffff 0000601343a54c00
0x000000b9a45fee10:   0000000000000000 0000000000000000
0x000000b9a45fee20:   000000b9a45ff020 000000005a5605a6
0x000000b9a45fee30:   000000b9a45fa5ca 000000b9a45ff020
0x000000b9a45fee40:   000000b9a45fef60 000000b9a45fef60
0x000000b9a45fee50:   0000026c324ebda0 000000005a34608a
0x000000b9a45fee60:   0000026c324ec128 0000000000000001
0x000000b9a45fee70:   00000000000000a7 0000026c324ebd40
0x000000b9a45fee80:   000000000000008e 000000005a560962
0x000000b9a45fee90:   000000000000008b 0000000000000001
0x000000b9a45feea0:   000000b9a45ff020 0000026c324ebd40
0x000000b9a45feeb0:   0000026c32b239e8 0000026c32673000
0x000000b9a45feec0:   000000910000008e 000000a7000000bd
0x000000b9a45feed0:   000000bd00000000 ffffffff000000a7
0x000000b9a45feee0:   0000026c324ec128 0000000000000000
0x000000b9a45feef0:   000000005a9bd698 000000005a55cdd5 

Instructions: (pc=0x000000005a55cb23)
0x000000005a55cb03:   83 ec 20 48 63 d2 48 8b d9 48 83 c1 70 0f b6 c2
0x000000005a55cb13:   4c 8b c2 24 3f 49 c1 e8 06 44 0f b6 c8 48 8b 01
0x000000005a55cb23:   4e 8b 04 c0 4d 0f a3 c8 72 0b 41 b0 01 e8 3b 8b
0x000000005a55cb33:   de ff ff 43 6c 48 83 c4 20 5b c3 cc cc 48 83 ec 


VM_Operation (0x000000b9a4fff1f0): GetOrSetLocal, mode: safepoint, requested by thread 0x0000026c33055000


---------------  P R O C E S S  ---------------

Threads class SMR info:
_java_thread_list=0x0000026c333ef120, length=15, elements={
0x0000026c10a31000, 0x0000026c32677000, 0x0000026c32e90800, 0x0000026c32e9a800,
0x0000026c32e9c800, 0x0000026c32e9f000, 0x0000026c32ef6000, 0x0000026c32ef9000,
0x0000026c32efb800, 0x0000026c32f06000, 0x0000026c33055000, 0x0000026c333d3000,
0x0000026c33498000, 0x0000026c334af000, 0x0000026c331c2800
}

Java Threads: ( => current thread )
  0x0000026c10a31000 JavaThread "main" [_thread_blocked, id=18528, stack(0x000000b9a3000000,0x000000b9a3100000)]
  0x0000026c32677000 JavaThread "Reference Handler" daemon [_thread_blocked, id=12660, stack(0x000000b9a4600000,0x000000b9a4700000)]
  0x0000026c32e90800 JavaThread "Finalizer" daemon [_thread_blocked, id=19168, stack(0x000000b9a4700000,0x000000b9a4800000)]
  0x0000026c32e9a800 JavaThread "Signal Dispatcher" daemon [_thread_blocked, id=18076, stack(0x000000b9a4800000,0x000000b9a4900000)]
  0x0000026c32e9c800 JavaThread "Attach Listener" daemon [_thread_blocked, id=18532, stack(0x000000b9a4900000,0x000000b9a4a00000)]
  0x0000026c32e9f000 JavaThread "C2 CompilerThread0" daemon [_thread_blocked, id=7664, stack(0x000000b9a4a00000,0x000000b9a4b00000)]
  0x0000026c32ef6000 JavaThread "C2 CompilerThread1" daemon [_thread_blocked, id=13220, stack(0x000000b9a4b00000,0x000000b9a4c00000)]
  0x0000026c32ef9000 JavaThread "C2 CompilerThread2" daemon [_thread_blocked, id=9976, stack(0x000000b9a4c00000,0x000000b9a4d00000)]
  0x0000026c32efb800 JavaThread "C1 CompilerThread3" daemon [_thread_blocked, id=7988, stack(0x000000b9a4d00000,0x000000b9a4e00000)]
  0x0000026c32f06000 JavaThread "Sweeper thread" daemon [_thread_blocked, id=17280, stack(0x000000b9a4e00000,0x000000b9a4f00000)]
  0x0000026c33055000 JavaThread "JDWP Transport Listener: dt_socket" daemon [_thread_blocked, id=5920, stack(0x000000b9a4f00000,0x000000b9a5000000)] _threads_hazard_ptr=0x0000026c333ef120
  0x0000026c333d3000 JavaThread "JDWP Event Helper Thread" daemon [_thread_blocked, id=18448, stack(0x000000b9a5000000,0x000000b9a5100000)]
  0x0000026c33498000 JavaThread "JDWP Command Reader" daemon [_thread_in_native, id=18048, stack(0x000000b9a5100000,0x000000b9a5200000)]
  0x0000026c334af000 JavaThread "Common-Cleaner" daemon [_thread_blocked, id=496, stack(0x000000b9a5200000,0x000000b9a5300000)]
  0x0000026c331c2800 JavaThread "Service Thread" daemon [_thread_blocked, id=18444, stack(0x000000b9a5300000,0x000000b9a5400000)]

Other Threads:
=>0x0000026c32673000 VMThread "VM Thread" [stack: 0x000000b9a4500000,0x000000b9a4600000] [id=19184]
  0x0000026c33197000 WatcherThread [stack: 0x000000b9a5400000,0x000000b9a5500000] [id=19256]
  0x0000026c10a4d000 GCTaskThread "GC Thread#0" [stack: 0x000000b9a3100000,0x000000b9a3200000] [id=14436]
  0x0000026c10a4f800 GCTaskThread "GC Thread#1" [stack: 0x000000b9a3200000,0x000000b9a3300000] [id=19160]
  0x0000026c10a51800 GCTaskThread "GC Thread#2" [stack: 0x000000b9a3300000,0x000000b9a3400000] [id=13260]
  0x0000026c10a54000 GCTaskThread "GC Thread#3" [stack: 0x000000b9a3400000,0x000000b9a3500000] [id=19032]
  0x0000026c10a5d000 GCTaskThread "GC Thread#4" [stack: 0x000000b9a3500000,0x000000b9a3600000] [id=19416]
  0x0000026c10a5e000 GCTaskThread "GC Thread#5" [stack: 0x000000b9a3600000,0x000000b9a3700000] [id=19044]
  0x0000026c10a5f800 GCTaskThread "GC Thread#6" [stack: 0x000000b9a3700000,0x000000b9a3800000] [id=19140]
  0x0000026c10a61000 GCTaskThread "GC Thread#7" [stack: 0x000000b9a3800000,0x000000b9a3900000] [id=19040]
  0x0000026c10adb800 ConcurrentGCThread "G1 Main Marker" [stack: 0x000000b9a3900000,0x000000b9a3a00000] [id=19036]
  0x0000026c10adc800 ConcurrentGCThread "G1 Conc#0" [stack: 0x000000b9a3a00000,0x000000b9a3b00000] [id=18792]
  0x0000026c10ae1000 ConcurrentGCThread "G1 Conc#1" [stack: 0x000000b9a3b00000,0x000000b9a3c00000] [id=19444]
  0x0000026c324df800 ConcurrentGCThread "G1 Refine#0" [stack: 0x000000b9a3c00000,0x000000b9a3d00000] [id=19052]
  0x0000026c324e2800 ConcurrentGCThread "G1 Refine#1" [stack: 0x000000b9a3d00000,0x000000b9a3e00000] [id=18840]
  0x0000026c324e3800 ConcurrentGCThread "G1 Refine#2" [stack: 0x000000b9a3e00000,0x000000b9a3f00000] [id=8184]
  0x0000026c324e6800 ConcurrentGCThread "G1 Refine#3" [stack: 0x000000b9a3f00000,0x000000b9a4000000] [id=19048]
  0x0000026c324e8000 ConcurrentGCThread "G1 Refine#4" [stack: 0x000000b9a4000000,0x000000b9a4100000] [id=4820]
  0x0000026c324eb000 ConcurrentGCThread "G1 Refine#5" [stack: 0x000000b9a4100000,0x000000b9a4200000] [id=19164]
  0x0000026c324ee000 ConcurrentGCThread "G1 Refine#6" [stack: 0x000000b9a4200000,0x000000b9a4300000] [id=19324]
  0x0000026c324f6800 ConcurrentGCThread "G1 Refine#7" [stack: 0x000000b9a4300000,0x000000b9a4400000] [id=17144]
  0x0000026c324f8800 ConcurrentGCThread "G1 Young RemSet Sampling" [stack: 0x000000b9a4400000,0x000000b9a4500000] [id=6104]

Threads with active compile tasks:

VM state:at safepoint (normal execution)

VM Mutex/Monitor currently owned by a thread:  ([mutex/lock_event])
[0x0000026c10a2f5d0] Threads_lock - owner thread: 0x0000026c32673000

Heap address: 0x0000000081c00000, size: 2020 MB, Compressed Oops mode: 32-bit
Narrow klass base: 0x0000000000000000, Narrow klass shift: 3
Compressed class space size: 1073741824 Address: 0x0000000100000000

Heap:
 garbage-first heap   total 131072K, used 3072K [0x0000000081c00000, 0x0000000100000000)
  region size 1024K, 4 young (4096K), 0 survivors (0K)
 Metaspace       used 5223K, capacity 5328K, committed 5376K, reserved 1056768K
  class space    used 438K, capacity 496K, committed 512K, reserved 1048576K
Heap Regions: E=young(eden), S=young(survivor), O=old, HS=humongous(starts), HC=humongous(continues), CS=collection set, F=free, A=archive, TS=gc time stamp, AC=allocation context, TAMS=top-at-mark-start (previous, next)
|   0|0x0000000081c00000, 0x0000000081c00000, 0x0000000081d00000|  0%| F|  |TS  0|AC  0|TAMS 0x0000000081c00000, 0x0000000081c00000|
|   1|0x0000000081d00000, 0x0000000081d00000, 0x0000000081e00000|  0%| F|  |TS  0|AC  0|TAMS 0x0000000081d00000, 0x0000000081d00000|
|   2|0x0000000081e00000, 0x0000000081e00000, 0x0000000081f00000|  0%| F|  |TS  0|AC  0|TAMS 0x0000000081e00000, 0x0000000081e00000|
|   3|0x0000000081f00000, 0x0000000081f00000, 0x0000000082000000|  0%| F|  |TS  0|AC  0|TAMS 0x0000000081f00000, 0x0000000081f00000|
|   4|0x0000000082000000, 0x0000000082000000, 0x0000000082100000|  0%| F|  |TS  0|AC  0|TAMS 0x0000000082000000, 0x0000000082000000|
|   5|0x0000000082100000, 0x0000000082100000, 0x0000000082200000|  0%| F|  |TS  0|AC  0|TAMS 0x0000000082100000, 0x0000000082100000|
|   6|0x0000000082200000, 0x0000000082200000, 0x0000000082300000|  0%| F|  |TS  0|AC  0|TAMS 0x0000000082200000, 0x0000000082200000|
|   7|0x0000000082300000, 0x0000000082300000, 0x0000000082400000|  0%| F|  |TS  0|AC  0|TAMS 0x0000000082300000, 0x0000000082300000|
|   8|0x0000000082400000, 0x0000000082400000, 0x0000000082500000|  0%| F|  |TS  0|AC  0|TAMS 0x0000000082400000, 0x0000000082400000|
|   9|0x0000000082500000, 0x0000000082500000, 0x0000000082600000|  0%| F|  |TS  0|AC  0|TAMS 0x0000000082500000, 0x0000000082500000|
|  10|0x0000000082600000, 0x0000000082600000, 0x0000000082700000|  0%| F|  |TS  0|AC  0|TAMS 0x0000000082600000, 0x0000000082600000|
|  11|0x0000000082700000, 0x0000000082700000, 0x0000000082800000|  0%| F|  |TS  0|AC  0|TAMS 0x0000000082700000, 0x0000000082700000|
|  12|0x0000000082800000, 0x0000000082800000, 0x0000000082900000|  0%| F|  |TS  0|AC  0|TAMS 0x0000000082800000, 0x0000000082800000|
|  13|0x0000000082900000, 0x0000000082900000, 0x0000000082a00000|  0%| F|  |TS  0|AC  0|TAMS 0x0000000082900000, 0x0000000082900000|
|  14|0x0000000082a00000, 0x0000000082a00000, 0x0000000082b00000|  0%| F|  |TS  0|AC  0|TAMS 0x0000000082a00000, 0x0000000082a00000|
|  15|0x0000000082b00000, 0x0000000082b00000, 0x0000000082c00000|  0%| F|  |TS  0|AC  0|TAMS 0x0000000082b00000, 0x0000000082b00000|
|  16|0x0000000082c00000, 0x0000000082c00000, 0x0000000082d00000|  0%| F|  |TS  0|AC  0|TAMS 0x0000000082c00000, 0x0000000082c00000|
|  17|0x0000000082d00000, 0x0000000082d00000, 0x0000000082e00000|  0%| F|  |TS  0|AC  0|TAMS 0x0000000082d00000, 0x0000000082d00000|
|  18|0x0000000082e00000, 0x0000000082e00000, 0x0000000082f00000|  0%| F|  |TS  0|AC  0|TAMS 0x0000000082e00000, 0x0000000082e00000|
|  19|0x0000000082f00000, 0x0000000082f00000, 0x0000000083000000|  0%| F|  |TS  0|AC  0|TAMS 0x0000000082f00000, 0x0000000082f00000|
|  20|0x0000000083000000, 0x0000000083000000, 0x0000000083100000|  0%| F|  |TS  0|AC  0|TAMS 0x0000000083000000, 0x0000000083000000|
|  21|0x0000000083100000, 0x0000000083100000, 0x0000000083200000|  0%| F|  |TS  0|AC  0|TAMS 0x0000000083100000, 0x0000000083100000|
|  22|0x0000000083200000, 0x0000000083200000, 0x0000000083300000|  0%| F|  |TS  0|AC  0|TAMS 0x0000000083200000, 0x0000000083200000|
|  23|0x0000000083300000, 0x0000000083300000, 0x0000000083400000|  0%| F|  |TS  0|AC  0|TAMS 0x0000000083300000, 0x0000000083300000|
|  24|0x0000000083400000, 0x0000000083400000, 0x0000000083500000|  0%| F|  |TS  0|AC  0|TAMS 0x0000000083400000, 0x0000000083400000|
|  25|0x0000000083500000, 0x0000000083500000, 0x0000000083600000|  0%| F|  |TS  0|AC  0|TAMS 0x0000000083500000, 0x0000000083500000|
|  26|0x0000000083600000, 0x0000000083600000, 0x0000000083700000|  0%| F|  |TS  0|AC  0|TAMS 0x0000000083600000, 0x0000000083600000|
|  27|0x0000000083700000, 0x0000000083700000, 0x0000000083800000|  0%| F|  |TS  0|AC  0|TAMS 0x0000000083700000, 0x0000000083700000|
|  28|0x0000000083800000, 0x0000000083800000, 0x0000000083900000|  0%| F|  |TS  0|AC  0|TAMS 0x0000000083800000, 0x0000000083800000|
|  29|0x0000000083900000, 0x0000000083900000, 0x0000000083a00000|  0%| F|  |TS  0|AC  0|TAMS 0x0000000083900000, 0x0000000083900000|
|  30|0x0000000083a00000, 0x0000000083a00000, 0x0000000083b00000|  0%| F|  |TS  0|AC  0|TAMS 0x0000000083a00000, 0x0000000083a00000|
|  31|0x0000000083b00000, 0x0000000083b00000, 0x0000000083c00000|  0%| F|  |TS  0|AC  0|TAMS 0x0000000083b00000, 0x0000000083b00000|
|  32|0x0000000083c00000, 0x0000000083c00000, 0x0000000083d00000|  0%| F|  |TS  0|AC  0|TAMS 0x0000000083c00000, 0x0000000083c00000|
|  33|0x0000000083d00000, 0x0000000083d00000, 0x0000000083e00000|  0%| F|  |TS  0|AC  0|TAMS 0x0000000083d00000, 0x0000000083d00000|
|  34|0x0000000083e00000, 0x0000000083e00000, 0x0000000083f00000|  0%| F|  |TS  0|AC  0|TAMS 0x0000000083e00000, 0x0000000083e00000|
|  35|0x0000000083f00000, 0x0000000083f00000, 0x0000000084000000|  0%| F|  |TS  0|AC  0|TAMS 0x0000000083f00000, 0x0000000083f00000|
|  36|0x0000000084000000, 0x0000000084000000, 0x0000000084100000|  0%| F|  |TS  0|AC  0|TAMS 0x0000000084000000, 0x0000000084000000|
|  37|0x0000000084100000, 0x0000000084100000, 0x0000000084200000|  0%| F|  |TS  0|AC  0|TAMS 0x0000000084100000, 0x0000000084100000|
|  38|0x0000000084200000, 0x0000000084200000, 0x0000000084300000|  0%| F|  |TS  0|AC  0|TAMS 0x0000000084200000, 0x0000000084200000|
|  39|0x0000000084300000, 0x0000000084300000, 0x0000000084400000|  0%| F|  |TS  0|AC  0|TAMS 0x0000000084300000, 0x0000000084300000|
|  40|0x0000000084400000, 0x0000000084400000, 0x0000000084500000|  0%| F|  |TS  0|AC  0|TAMS 0x0000000084400000, 0x0000000084400000|
|  41|0x0000000084500000, 0x0000000084500000, 0x0000000084600000|  0%| F|  |TS  0|AC  0|TAMS 0x0000000084500000, 0x0000000084500000|
|  42|0x0000000084600000, 0x0000000084600000, 0x0000000084700000|  0%| F|  |TS  0|AC  0|TAMS 0x0000000084600000, 0x0000000084600000|
|  43|0x0000000084700000, 0x0000000084700000, 0x0000000084800000|  0%| F|  |TS  0|AC  0|TAMS 0x0000000084700000, 0x0000000084700000|
|  44|0x0000000084800000, 0x0000000084800000, 0x0000000084900000|  0%| F|  |TS  0|AC  0|TAMS 0x0000000084800000, 0x0000000084800000|
|  45|0x0000000084900000, 0x0000000084900000, 0x0000000084a00000|  0%| F|  |TS  0|AC  0|TAMS 0x0000000084900000, 0x0000000084900000|
|  46|0x0000000084a00000, 0x0000000084a00000, 0x0000000084b00000|  0%| F|  |TS  0|AC  0|TAMS 0x0000000084a00000, 0x0000000084a00000|
|  47|0x0000000084b00000, 0x0000000084b00000, 0x0000000084c00000|  0%| F|  |TS  0|AC  0|TAMS 0x0000000084b00000, 0x0000000084b00000|
|  48|0x0000000084c00000, 0x0000000084c00000, 0x0000000084d00000|  0%| F|  |TS  0|AC  0|TAMS 0x0000000084c00000, 0x0000000084c00000|
|  49|0x0000000084d00000, 0x0000000084d00000, 0x0000000084e00000|  0%| F|  |TS  0|AC  0|TAMS 0x0000000084d00000, 0x0000000084d00000|
|  50|0x0000000084e00000, 0x0000000084e00000, 0x0000000084f00000|  0%| F|  |TS  0|AC  0|TAMS 0x0000000084e00000, 0x0000000084e00000|
|  51|0x0000000084f00000, 0x0000000084f00000, 0x0000000085000000|  0%| F|  |TS  0|AC  0|TAMS 0x0000000084f00000, 0x0000000084f00000|
|  52|0x0000000085000000, 0x0000000085000000, 0x0000000085100000|  0%| F|  |TS  0|AC  0|TAMS 0x0000000085000000, 0x0000000085000000|
|  53|0x0000000085100000, 0x0000000085100000, 0x0000000085200000|  0%| F|  |TS  0|AC  0|TAMS 0x0000000085100000, 0x0000000085100000|
|  54|0x0000000085200000, 0x0000000085200000, 0x0000000085300000|  0%| F|  |TS  0|AC  0|TAMS 0x0000000085200000, 0x0000000085200000|
|  55|0x0000000085300000, 0x0000000085300000, 0x0000000085400000|  0%| F|  |TS  0|AC  0|TAMS 0x0000000085300000, 0x0000000085300000|
|  56|0x0000000085400000, 0x0000000085400000, 0x0000000085500000|  0%| F|  |TS  0|AC  0|TAMS 0x0000000085400000, 0x0000000085400000|
|  57|0x0000000085500000, 0x0000000085500000, 0x0000000085600000|  0%| F|  |TS  0|AC  0|TAMS 0x0000000085500000, 0x0000000085500000|
|  58|0x0000000085600000, 0x0000000085600000, 0x0000000085700000|  0%| F|  |TS  0|AC  0|TAMS 0x0000000085600000, 0x0000000085600000|
|  59|0x0000000085700000, 0x0000000085700000, 0x0000000085800000|  0%| F|  |TS  0|AC  0|TAMS 0x0000000085700000, 0x0000000085700000|
|  60|0x0000000085800000, 0x0000000085800000, 0x0000000085900000|  0%| F|  |TS  0|AC  0|TAMS 0x0000000085800000, 0x0000000085800000|
|  61|0x0000000085900000, 0x0000000085900000, 0x0000000085a00000|  0%| F|  |TS  0|AC  0|TAMS 0x0000000085900000, 0x0000000085900000|
|  62|0x0000000085a00000, 0x0000000085a00000, 0x0000000085b00000|  0%| F|  |TS  0|AC  0|TAMS 0x0000000085a00000, 0x0000000085a00000|
|  63|0x0000000085b00000, 0x0000000085b00000, 0x0000000085c00000|  0%| F|  |TS  0|AC  0|TAMS 0x0000000085b00000, 0x0000000085b00000|
|  64|0x0000000085c00000, 0x0000000085c00000, 0x0000000085d00000|  0%| F|  |TS  0|AC  0|TAMS 0x0000000085c00000, 0x0000000085c00000|
|  65|0x0000000085d00000, 0x0000000085d00000, 0x0000000085e00000|  0%| F|  |TS  0|AC  0|TAMS 0x0000000085d00000, 0x0000000085d00000|
|  66|0x0000000085e00000, 0x0000000085e00000, 0x0000000085f00000|  0%| F|  |TS  0|AC  0|TAMS 0x0000000085e00000, 0x0000000085e00000|
|  67|0x0000000085f00000, 0x0000000085f00000, 0x0000000086000000|  0%| F|  |TS  0|AC  0|TAMS 0x0000000085f00000, 0x0000000085f00000|
|  68|0x0000000086000000, 0x0000000086000000, 0x0000000086100000|  0%| F|  |TS  0|AC  0|TAMS 0x0000000086000000, 0x0000000086000000|
|  69|0x0000000086100000, 0x0000000086100000, 0x0000000086200000|  0%| F|  |TS  0|AC  0|TAMS 0x0000000086100000, 0x0000000086100000|
|  70|0x0000000086200000, 0x0000000086200000, 0x0000000086300000|  0%| F|  |TS  0|AC  0|TAMS 0x0000000086200000, 0x0000000086200000|
|  71|0x0000000086300000, 0x0000000086300000, 0x0000000086400000|  0%| F|  |TS  0|AC  0|TAMS 0x0000000086300000, 0x0000000086300000|
|  72|0x0000000086400000, 0x0000000086400000, 0x0000000086500000|  0%| F|  |TS  0|AC  0|TAMS 0x0000000086400000, 0x0000000086400000|
|  73|0x0000000086500000, 0x0000000086500000, 0x0000000086600000|  0%| F|  |TS  0|AC  0|TAMS 0x0000000086500000, 0x0000000086500000|
|  74|0x0000000086600000, 0x0000000086600000, 0x0000000086700000|  0%| F|  |TS  0|AC  0|TAMS 0x0000000086600000, 0x0000000086600000|
|  75|0x0000000086700000, 0x0000000086700000, 0x0000000086800000|  0%| F|  |TS  0|AC  0|TAMS 0x0000000086700000, 0x0000000086700000|
|  76|0x0000000086800000, 0x0000000086800000, 0x0000000086900000|  0%| F|  |TS  0|AC  0|TAMS 0x0000000086800000, 0x0000000086800000|
|  77|0x0000000086900000, 0x0000000086900000, 0x0000000086a00000|  0%| F|  |TS  0|AC  0|TAMS 0x0000000086900000, 0x0000000086900000|
|  78|0x0000000086a00000, 0x0000000086a00000, 0x0000000086b00000|  0%| F|  |TS  0|AC  0|TAMS 0x0000000086a00000, 0x0000000086a00000|
|  79|0x0000000086b00000, 0x0000000086b00000, 0x0000000086c00000|  0%| F|  |TS  0|AC  0|TAMS 0x0000000086b00000, 0x0000000086b00000|
|  80|0x0000000086c00000, 0x0000000086c00000, 0x0000000086d00000|  0%| F|  |TS  0|AC  0|TAMS 0x0000000086c00000, 0x0000000086c00000|
|  81|0x0000000086d00000, 0x0000000086d00000, 0x0000000086e00000|  0%| F|  |TS  0|AC  0|TAMS 0x0000000086d00000, 0x0000000086d00000|
|  82|0x0000000086e00000, 0x0000000086e00000, 0x0000000086f00000|  0%| F|  |TS  0|AC  0|TAMS 0x0000000086e00000, 0x0000000086e00000|
|  83|0x0000000086f00000, 0x0000000086f00000, 0x0000000087000000|  0%| F|  |TS  0|AC  0|TAMS 0x0000000086f00000, 0x0000000086f00000|
|  84|0x0000000087000000, 0x0000000087000000, 0x0000000087100000|  0%| F|  |TS  0|AC  0|TAMS 0x0000000087000000, 0x0000000087000000|
|  85|0x0000000087100000, 0x0000000087100000, 0x0000000087200000|  0%| F|  |TS  0|AC  0|TAMS 0x0000000087100000, 0x0000000087100000|
|  86|0x0000000087200000, 0x0000000087200000, 0x0000000087300000|  0%| F|  |TS  0|AC  0|TAMS 0x0000000087200000, 0x0000000087200000|
|  87|0x0000000087300000, 0x0000000087300000, 0x0000000087400000|  0%| F|  |TS  0|AC  0|TAMS 0x0000000087300000, 0x0000000087300000|
|  88|0x0000000087400000, 0x0000000087400000, 0x0000000087500000|  0%| F|  |TS  0|AC  0|TAMS 0x0000000087400000, 0x0000000087400000|
|  89|0x0000000087500000, 0x0000000087500000, 0x0000000087600000|  0%| F|  |TS  0|AC  0|TAMS 0x0000000087500000, 0x0000000087500000|
|  90|0x0000000087600000, 0x0000000087600000, 0x0000000087700000|  0%| F|  |TS  0|AC  0|TAMS 0x0000000087600000, 0x0000000087600000|
|  91|0x0000000087700000, 0x0000000087700000, 0x0000000087800000|  0%| F|  |TS  0|AC  0|TAMS 0x0000000087700000, 0x0000000087700000|
|  92|0x0000000087800000, 0x0000000087800000, 0x0000000087900000|  0%| F|  |TS  0|AC  0|TAMS 0x0000000087800000, 0x0000000087800000|
|  93|0x0000000087900000, 0x0000000087900000, 0x0000000087a00000|  0%| F|  |TS  0|AC  0|TAMS 0x0000000087900000, 0x0000000087900000|
|  94|0x0000000087a00000, 0x0000000087a00000, 0x0000000087b00000|  0%| F|  |TS  0|AC  0|TAMS 0x0000000087a00000, 0x0000000087a00000|
|  95|0x0000000087b00000, 0x0000000087b00000, 0x0000000087c00000|  0%| F|  |TS  0|AC  0|TAMS 0x0000000087b00000, 0x0000000087b00000|
|  96|0x0000000087c00000, 0x0000000087c00000, 0x0000000087d00000|  0%| F|  |TS  0|AC  0|TAMS 0x0000000087c00000, 0x0000000087c00000|
|  97|0x0000000087d00000, 0x0000000087d00000, 0x0000000087e00000|  0%| F|  |TS  0|AC  0|TAMS 0x0000000087d00000, 0x0000000087d00000|
|  98|0x0000000087e00000, 0x0000000087e00000, 0x0000000087f00000|  0%| F|  |TS  0|AC  0|TAMS 0x0000000087e00000, 0x0000000087e00000|
|  99|0x0000000087f00000, 0x0000000087f00000, 0x0000000088000000|  0%| F|  |TS  0|AC  0|TAMS 0x0000000087f00000, 0x0000000087f00000|
| 100|0x0000000088000000, 0x0000000088000000, 0x0000000088100000|  0%| F|  |TS  0|AC  0|TAMS 0x0000000088000000, 0x0000000088000000|
| 101|0x0000000088100000, 0x0000000088100000, 0x0000000088200000|  0%| F|  |TS  0|AC  0|TAMS 0x0000000088100000, 0x0000000088100000|
| 102|0x0000000088200000, 0x0000000088200000, 0x0000000088300000|  0%| F|  |TS  0|AC  0|TAMS 0x0000000088200000, 0x0000000088200000|
| 103|0x0000000088300000, 0x0000000088300000, 0x0000000088400000|  0%| F|  |TS  0|AC  0|TAMS 0x0000000088300000, 0x0000000088300000|
| 104|0x0000000088400000, 0x0000000088400000, 0x0000000088500000|  0%| F|  |TS  0|AC  0|TAMS 0x0000000088400000, 0x0000000088400000|
| 105|0x0000000088500000, 0x0000000088500000, 0x0000000088600000|  0%| F|  |TS  0|AC  0|TAMS 0x0000000088500000, 0x0000000088500000|
| 106|0x0000000088600000, 0x0000000088600000, 0x0000000088700000|  0%| F|  |TS  0|AC  0|TAMS 0x0000000088600000, 0x0000000088600000|
| 107|0x0000000088700000, 0x0000000088700000, 0x0000000088800000|  0%| F|  |TS  0|AC  0|TAMS 0x0000000088700000, 0x0000000088700000|
| 108|0x0000000088800000, 0x0000000088800000, 0x0000000088900000|  0%| F|  |TS  0|AC  0|TAMS 0x0000000088800000, 0x0000000088800000|
| 109|0x0000000088900000, 0x0000000088900000, 0x0000000088a00000|  0%| F|  |TS  0|AC  0|TAMS 0x0000000088900000, 0x0000000088900000|
| 110|0x0000000088a00000, 0x0000000088a00000, 0x0000000088b00000|  0%| F|  |TS  0|AC  0|TAMS 0x0000000088a00000, 0x0000000088a00000|
| 111|0x0000000088b00000, 0x0000000088b00000, 0x0000000088c00000|  0%| F|  |TS  0|AC  0|TAMS 0x0000000088b00000, 0x0000000088b00000|
| 112|0x0000000088c00000, 0x0000000088c00000, 0x0000000088d00000|  0%| F|  |TS  0|AC  0|TAMS 0x0000000088c00000, 0x0000000088c00000|
| 113|0x0000000088d00000, 0x0000000088d00000, 0x0000000088e00000|  0%| F|  |TS  0|AC  0|TAMS 0x0000000088d00000, 0x0000000088d00000|
| 114|0x0000000088e00000, 0x0000000088e00000, 0x0000000088f00000|  0%| F|  |TS  0|AC  0|TAMS 0x0000000088e00000, 0x0000000088e00000|
| 115|0x0000000088f00000, 0x0000000088f00000, 0x0000000089000000|  0%| F|  |TS  0|AC  0|TAMS 0x0000000088f00000, 0x0000000088f00000|
| 116|0x0000000089000000, 0x0000000089000000, 0x0000000089100000|  0%| F|  |TS  0|AC  0|TAMS 0x0000000089000000, 0x0000000089000000|
| 117|0x0000000089100000, 0x0000000089100000, 0x0000000089200000|  0%| F|  |TS  0|AC  0|TAMS 0x0000000089100000, 0x0000000089100000|
| 118|0x0000000089200000, 0x0000000089200000, 0x0000000089300000|  0%| F|  |TS  0|AC  0|TAMS 0x0000000089200000, 0x0000000089200000|
| 119|0x0000000089300000, 0x0000000089300000, 0x0000000089400000|  0%| F|  |TS  0|AC  0|TAMS 0x0000000089300000, 0x0000000089300000|
| 120|0x0000000089400000, 0x0000000089400000, 0x0000000089500000|  0%| F|  |TS  0|AC  0|TAMS 0x0000000089400000, 0x0000000089400000|
| 121|0x0000000089500000, 0x0000000089500000, 0x0000000089600000|  0%| F|  |TS  0|AC  0|TAMS 0x0000000089500000, 0x0000000089500000|
| 122|0x0000000089600000, 0x0000000089600000, 0x0000000089700000|  0%| F|  |TS  0|AC  0|TAMS 0x0000000089600000, 0x0000000089600000|
| 123|0x0000000089700000, 0x0000000089700000, 0x0000000089800000|  0%| F|  |TS  0|AC  0|TAMS 0x0000000089700000, 0x0000000089700000|
| 124|0x0000000089800000, 0x0000000089883018, 0x0000000089900000| 51%| E|  |TS  0|AC  0|TAMS 0x0000000089800000, 0x0000000089800000|
| 125|0x0000000089900000, 0x0000000089a00000, 0x0000000089a00000|100%| E|CS|TS  0|AC  0|TAMS 0x0000000089900000, 0x0000000089900000|
| 126|0x0000000089a00000, 0x0000000089b00000, 0x0000000089b00000|100%| E|CS|TS  0|AC  0|TAMS 0x0000000089a00000, 0x0000000089a00000|
| 127|0x0000000089b00000, 0x0000000089c00000, 0x0000000089c00000|100%| E|CS|TS  0|AC  0|TAMS 0x0000000089b00000, 0x0000000089b00000|

Card table byte_map: [0x0000026c2b4f0000,0x0000026c2b8f0000] byte_map_base: 0x0000026c2b0e2000

Marking Bits (Prev, Next): (CMBitMap*) 0x0000026c10adaf70, (CMBitMap*) 0x0000026c10adafa8
 Prev Bits: [0x0000026c2bcf0000, 0x0000026c2dc80000)
 Next Bits: [0x0000026c2dc80000, 0x0000026c2fc10000)

Polling page: 0x0000026c0e630000

CodeHeap 'non-profiled nmethods': size=120000Kb used=76Kb max_used=76Kb free=119923Kb
 bounds [0x0000026c23890000, 0x0000026c23b00000, 0x0000026c2adc0000]
CodeHeap 'profiled nmethods': size=120000Kb used=273Kb max_used=273Kb free=119727Kb
 bounds [0x0000026c1c360000, 0x0000026c1c5d0000, 0x0000026c23890000]
CodeHeap 'non-nmethods': size=5760Kb used=1101Kb max_used=1112Kb free=4658Kb
 bounds [0x0000026c1bdc0000, 0x0000026c1c030000, 0x0000026c1c360000]
 total_blobs=585 nmethods=209 adapters=211
 compilation: enabled

Compilation events (10 events):
Event: 0.231 Thread 0x0000026c32efb800  205       3       java.lang.String::startsWith (138 bytes)
Event: 0.231 Thread 0x0000026c32ef9000  206       4       java.lang.StringLatin1::indexOf (61 bytes)
Event: 0.231 Thread 0x0000026c32efb800 nmethod 205 0x0000026c1c3a2d90 code [0x0000026c1c3a2fe0, 0x0000026c1c3a39b8]
Event: 0.231 Thread 0x0000026c32efb800  207       3       java.lang.String::getBytes (44 bytes)
Event: 0.232 Thread 0x0000026c32efb800 nmethod 207 0x0000026c1c3a3c90 code [0x0000026c1c3a3e80, 0x0000026c1c3a4240]
Event: 0.232 Thread 0x0000026c32ef6000  208       4       java.lang.String::charAt (25 bytes)
Event: 0.233 Thread 0x0000026c32ef6000 nmethod 208 0x0000026c238a2710 code [0x0000026c238a28a0, 0x0000026c238a29f8]
Event: 0.233 Thread 0x0000026c32ef9000 nmethod 206 0x0000026c238a2b10 code [0x0000026c238a2ca0, 0x0000026c238a2eb8]
Event: 8.588 Thread 0x0000026c32efb800  209       1       java.util.ArrayList::access$000 (5 bytes)
Event: 8.589 Thread 0x0000026c32efb800 nmethod 209 0x0000026c238a3010 code [0x0000026c238a31c0, 0x0000026c238a32b8]

GC Heap History (0 events):
No events

Deoptimization events (2 events):
Event: 0.163 Thread 0x0000026c10a31000 Uncommon trap: reason=unstable_if action=reinterpret pc=0x0000026c238a0dfc method=java.lang.String.isLatin1()Z @ 10 c2
Event: 0.172 Thread 0x0000026c10a31000 Uncommon trap: reason=unstable_if action=reinterpret pc=0x0000026c23892608 method=java.lang.String.hashCode()I @ 14 c2

Classes redefined (4 events):
Event: 18.887 Thread 0x0000026c32673000 redefined class name=wordBreak, count=1
Event: 51.974 Thread 0x0000026c32673000 redefined class name=wordBreak, count=2
Event: 69.789 Thread 0x0000026c32673000 redefined class name=wordBreak, count=3
Event: 123.290 Thread 0x0000026c32673000 redefined class name=wordBreak, count=4

Internal exceptions (0 events):
No events

Events (10 events):
Event: 123.296 Executing VM operation: GetFrameLocation done
Event: 123.296 Executing VM operation: GetFrameLocation
Event: 123.296 Executing VM operation: GetFrameLocation done
Event: 123.296 Executing VM operation: GetOrSetLocal
Event: 123.296 Executing VM operation: GetOrSetLocal done
Event: 123.296 Executing VM operation: GetFrameCount
Event: 123.296 Executing VM operation: GetFrameCount done
Event: 123.296 Executing VM operation: GetFrameLocation
Event: 123.296 Executing VM operation: GetFrameLocation done
Event: 123.299 Executing VM operation: GetOrSetLocal


Dynamic libraries:
0x00007ff664b20000 - 0x00007ff664b5e000 	C:\Program Files\Java\jdk-10\bin\java.exe
0x00007fff1c5d0000 - 0x00007fff1c7b1000 	C:\WINDOWS\SYSTEM32\ntdll.dll
0x00007fff19c10000 - 0x00007fff19cc2000 	C:\WINDOWS\System32\KERNEL32.DLL
0x00007fff18c30000 - 0x00007fff18ea3000 	C:\WINDOWS\System32\KERNELBASE.dll
0x00007fff1b790000 - 0x00007fff1b831000 	C:\WINDOWS\System32\ADVAPI32.dll
0x00007fff19a90000 - 0x00007fff19b2e000 	C:\WINDOWS\System32\msvcrt.dll
0x00007fff19b30000 - 0x00007fff19b8b000 	C:\WINDOWS\System32\sechost.dll
0x00007fff1be90000 - 0x00007fff1bfb4000 	C:\WINDOWS\System32\RPCRT4.dll
0x00007fff1b480000 - 0x00007fff1b610000 	C:\WINDOWS\System32\USER32.dll
0x00007fff198b0000 - 0x00007fff198d0000 	C:\WINDOWS\System32\win32u.dll
0x00007fff19a60000 - 0x00007fff19a88000 	C:\WINDOWS\System32\GDI32.dll
0x00007fff19000000 - 0x00007fff19192000 	C:\WINDOWS\System32\gdi32full.dll
0x00007fff18b90000 - 0x00007fff18c2f000 	C:\WINDOWS\System32\msvcp_win.dll
0x00007fff18eb0000 - 0x00007fff18faa000 	C:\WINDOWS\System32\ucrtbase.dll
0x00007fff0c6a0000 - 0x00007fff0c909000 	C:\WINDOWS\WinSxS\amd64_microsoft.windows.common-controls_6595b64144ccf1df_6.0.17134.228_none_fb4599993062b194\COMCTL32.dll
0x00007fff1c090000 - 0x00007fff1c3b3000 	C:\WINDOWS\System32\combase.dll
0x00007fff0c5f0000 - 0x00007fff0c5fa000 	C:\WINDOWS\SYSTEM32\VERSION.dll
0x00007fff19980000 - 0x00007fff199fa000 	C:\WINDOWS\System32\bcryptPrimitives.dll
0x00007fff1c3c0000 - 0x00007fff1c3ed000 	C:\WINDOWS\System32\IMM32.DLL
0x00007fff05570000 - 0x00007fff0565f000 	C:\Program Files\Java\jdk-10\bin\msvcr120.dll
0x00007ffefde20000 - 0x00007ffefdec6000 	C:\Program Files\Java\jdk-10\bin\msvcp120.dll
0x000000005a240000 - 0x000000005acaf000 	C:\Program Files\Java\jdk-10\bin\server\jvm.dll
0x00007fff1c590000 - 0x00007fff1c598000 	C:\WINDOWS\System32\PSAPI.DLL
0x00007fff04380000 - 0x00007fff04389000 	C:\WINDOWS\SYSTEM32\WSOCK32.dll
0x00007fff0d3f0000 - 0x00007fff0d413000 	C:\WINDOWS\SYSTEM32\WINMM.dll
0x00007fff19da0000 - 0x00007fff19e0c000 	C:\WINDOWS\System32\WS2_32.dll
0x00007fff0d3c0000 - 0x00007fff0d3ea000 	C:\WINDOWS\SYSTEM32\winmmbase.dll
0x00007fff18fb0000 - 0x00007fff18ff9000 	C:\WINDOWS\System32\cfgmgr32.dll
0x00007fff15d20000 - 0x00007fff15d2f000 	C:\Program Files\Java\jdk-10\bin\verify.dll
0x00007fff11650000 - 0x00007fff11819000 	C:\WINDOWS\SYSTEM32\DBGHELP.DLL
0x00007fff11620000 - 0x00007fff11649000 	C:\WINDOWS\SYSTEM32\dbgcore.DLL
0x00007fff15b50000 - 0x00007fff15b77000 	C:\Program Files\Java\jdk-10\bin\java.dll
0x00007fff12430000 - 0x00007fff12466000 	C:\Program Files\Java\jdk-10\bin\jdwp.dll
0x00007fff12400000 - 0x00007fff1242a000 	C:\Program Files\Java\jdk-10\bin\instrument.dll
0x00007fff12480000 - 0x00007fff12496000 	C:\Program Files\Java\jdk-10\bin\zip.dll
0x00007fff15d10000 - 0x00007fff15d1a000 	C:\Program Files\Java\jdk-10\bin\jimage.dll
0x00007fff19f70000 - 0x00007fff1b3b0000 	C:\WINDOWS\System32\SHELL32.dll
0x00007fff1bfe0000 - 0x00007fff1c089000 	C:\WINDOWS\System32\shcore.dll
0x00007fff191a0000 - 0x00007fff198ad000 	C:\WINDOWS\System32\windows.storage.dll
0x00007fff19cd0000 - 0x00007fff19d21000 	C:\WINDOWS\System32\shlwapi.dll
0x00007fff18940000 - 0x00007fff18951000 	C:\WINDOWS\System32\kernel.appcore.dll
0x00007fff18980000 - 0x00007fff1899f000 	C:\WINDOWS\System32\profapi.dll
0x00007fff188e0000 - 0x00007fff1892c000 	C:\WINDOWS\System32\powrprof.dll
0x00007fff18930000 - 0x00007fff1893a000 	C:\WINDOWS\System32\FLTLIB.DLL
0x00007fff114a0000 - 0x00007fff114aa000 	C:\Program Files\Java\jdk-10\bin\dt_socket.dll
0x00007fff18100000 - 0x00007fff18166000 	C:\WINDOWS\system32\mswsock.dll
0x00007fff114b0000 - 0x00007fff114ca000 	C:\Program Files\Java\jdk-10\bin\net.dll
0x00007fff11f70000 - 0x00007fff1204c000 	C:\WINDOWS\SYSTEM32\WINHTTP.dll
0x00007fff11480000 - 0x00007fff11491000 	C:\Program Files\Java\jdk-10\bin\nio.dll

dbghelp: loaded successfully - version: 4.0.5 - missing functions: none
symbol engine: initialized successfully - sym options: 0x614 - pdb path: .;C:\Program Files\Java\jdk-10\bin;C:\WINDOWS\SYSTEM32;C:\WINDOWS\WinSxS\amd64_microsoft.windows.common-controls_6595b64144ccf1df_6.0.17134.228_none_fb4599993062b194;C:\Program Files\Java\jdk-10\bin\server

VM Arguments:
jvm_args: -agentlib:jdwp=transport=dt_socket,address=127.0.0.1:5621,suspend=y,server=n -javaagent:C:\Users\Mr.Lyu\Downloads\ideaIC-2018.2.win\lib\rt\debugger-agent.jar=file:/C:/Users/Mr.Lyu/AppData/Local/Temp/capture.props -Dfile.encoding=UTF-8 
java_command: wordBreak
java_class_path (initial): D:\LCsolution\140. Word Break II\out\production\140. Word Break II;C:\Users\Mr.Lyu\Downloads\ideaIC-2018.2.win\lib\idea_rt.jar
Launcher Type: SUN_STANDARD

Logging:
Log output configuration:
#0: stdout all=warning uptime,level,tags
#1: stderr all=off uptime,level,tags

Environment Variables:
JAVA_HOME=C:\Program Files\Java\jdk-10
PATH=C:\Program Files (x86)\Common Files\Oracle\Java\javapath;C:\ProgramData\Oracle\Java\javapath;C:\Program Files (x86)\Intel\iCLS Client\;C:\Program Files\Intel\iCLS Client\;C:\Windows\system32;C:\Windows;C:\Windows\System32\Wbem;C:\Windows\System32\WindowsPowerShell\v1.0\;C:\Program Files (x86)\Intel\Intel(R) Management Engine Components\DAL;C:\Program Files\Intel\Intel(R) Management Engine Components\DAL;C:\Program Files (x86)\Intel\Intel(R) Management Engine Components\IPT;C:\Program Files\Intel\Intel(R) Management Engine Components\IPT;C:\Program Files (x86)\NVIDIA Corporation\PhysX\Common;C:\Program Files\Intel\WiFi\bin\;C:\Program Files\Common Files\Intel\WirelessCommon\;C:\Program Files\Git\cmd;C:\Program Files\Java\jdk-10\bin;C:\WINDOWS\system32;C:\WINDOWS;C:\WINDOWS\System32\Wbem;C:\WINDOWS\System32\WindowsPowerShell\v1.0\;C:\WINDOWS\System32\OpenSSH\;D:\Program Files\nodejs\;C:\ProgramData\ComposerSetup\bin;C:\Users\Mr.Lyu\AppData\Local\Programs\Python\Python37-32\Scripts\;C:\Users\Mr.Lyu\AppData\Local\Programs\Python\Python37-32\;C:\Users\Mr.Lyu\AppData\Local\Microsoft\WindowsApps;C:\Users\Mr.Lyu\AppData\Local\GitHubDesktop\bin;C:\Users\Mr.Lyu\AppData\Local\Microsoft\WindowsApps;C:\xampp\php;C:\Users\Mr.Lyu\AppData\Local\atom\bin;C:\Users\Mr.Lyu\AppData\Roaming\npm;D:\Program Files\nodejs;D:\Program Files\heroku\bin;C:\Users\Mr.Lyu\AppData\Roaming\Composer\vendor\bin
USERNAME=Mr.Lyu
OS=Windows_NT
PROCESSOR_IDENTIFIER=Intel64 Family 6 Model 142 Stepping 10, GenuineIntel



---------------  S Y S T E M  ---------------

OS: Windows 10 , 64 bit Build 17134 (10.0.17134.1)

CPU:total 8 (initial active 8) (4 cores per cpu, 2 threads per core) family 6 model 142 stepping 10, cmov, cx8, fxsr, mmx, sse, sse2, sse3, ssse3, sse4.1, sse4.2, popcnt, avx, avx2, aes, clmul, erms, 3dnowpref, lzcnt, ht, tsc, tscinvbit, bmi1, bmi2, adx, fma

Memory: 4k page, physical 8269924k(918552k free), swap 19804260k(7039744k free)

vm_info: Java HotSpot(TM) 64-Bit Server VM (10+46) for windows-amd64 JRE (10+46), built on Mar  8 2018 02:11:18 by "mach5one" with MS VC++ 12.0 (VS2013)

END.
