#
# A fatal error has been detected by the Java Runtime Environment:
#
#  EXCEPTION_ACCESS_VIOLATION (0xc0000005) at pc=0x000000005d39cf6c, pid=10036, tid=10064
#
# JRE version: Java(TM) SE Runtime Environment (10.0+46) (build 10+46)
# Java VM: Java HotSpot(TM) 64-Bit Server VM (10+46, mixed mode, tiered, compressed oops, g1 gc, windows-amd64)
# Problematic frame:
# V  [jvm.dll+0x55cf6c]
#
# No core dump will be written. Minidumps are not enabled by default on client versions of Windows
#
# If you would like to submit a bug report, please visit:
#   http://bugreport.java.com/bugreport/crash.jsp
#

---------------  S U M M A R Y ------------

Command Line: -agentlib:jdwp=transport=dt_socket,address=127.0.0.1:55152,suspend=y,server=n -javaagent:C:\Users\Administrator\AppData\Local\Temp\capture14444jars\debugger-agent.jar=file:/C:/Users/Administrator/AppData/Local/Temp/capture.props -Dfile.encoding=UTF-8 A

Host: AMD A6-3400M APU with Radeon(tm) HD Graphics, 4 cores, 3G,  Windows 7 , 64 bit Build 7601 (6.1.7601.23864)
Time: Thu May 17 15:58:33 2018 ?D1¨²¡À¨º¡Á?¨º¡À?? elapsed time: 224 seconds (0d 0h 3m 44s)

---------------  T H R E A D  ---------------

Current thread (0x0000000021cdb000):  VMThread "VM Thread" [stack: 0x0000000022450000,0x0000000022550000] [id=10064]

Stack: [0x0000000022450000,0x0000000022550000],  sp=0x000000002254f320,  free space=1020k
Native frames: (J=compiled Java code, j=interpreted, Vv=VM code, C=native code)
V  [jvm.dll+0x55cf6c]
V  [jvm.dll+0x473fba]
V  [jvm.dll+0x474ae7]
V  [jvm.dll+0x6c42dc]
V  [jvm.dll+0x6c2a45]
V  [jvm.dll+0x6c3250]
V  [jvm.dll+0x6c358c]
V  [jvm.dll+0x59ef10]
C  [msvcr120.dll+0x24f7f]
C  [msvcr120.dll+0x25126]
C  [kernel32.dll+0x159cd]
C  [ntdll.dll+0x2a561]


siginfo: EXCEPTION_ACCESS_VIOLATION (0xc0000005), reading address 0xffffffffffffffff


Register to memory mapping:

RIP=0x000000005d39cf6c jvm.dll
RAX=0x00ca000022b63988 is an unknown value
RBX=0x0000000021cdb000 is an unknown value
RCX=0x0000000000000096 is an unknown value
RDX=0x0000000022b63790 is pointing into metadata
RSP=0x000000002254f320 is an unknown value
RBP=0x0000000021c9ecf0 is an unknown value
RSI=0x0000000022b63790 is pointing into metadata
RDI=0x0000000022b63790 is pointing into metadata
R8 =0x0000000000000000 is an unknown value
R9 =0x0000000000000096 is an unknown value
R10=0x0000000000000000 is an unknown value
R11=0x0000000022b63790 is pointing into metadata
R12=0x000000002254f450 is an unknown value
R13=0x0000000021c4e0d0 is an unknown value
R14=0x0000000022f453f0 is an unknown value
R15=0x000000008005bc98 is pointing into metadata


Registers:
RAX=0x00ca000022b63988, RBX=0x0000000021cdb000, RCX=0x0000000000000096, RDX=0x0000000022b63790
RSP=0x000000002254f320, RBP=0x0000000021c9ecf0, RSI=0x0000000022b63790, RDI=0x0000000022b63790
R8 =0x0000000000000000, R9 =0x0000000000000096, R10=0x0000000000000000, R11=0x0000000022b63790
R12=0x000000002254f450, R13=0x0000000021c4e0d0, R14=0x0000000022f453f0, R15=0x000000008005bc98
RIP=0x000000005d39cf6c, EFLAGS=0x0000000000010206

Top of Stack: (sp=0x000000002254f320)
0x000000002254f320:   0000000000000000 0000000000000000
0x000000002254f330:   0000000000000000 0000000000000018
0x000000002254f340:   0000000022b65e70 0000000021cdb000
0x000000002254f350:   0000000021cdb000 0000000021c9ed30
0x000000002254f360:   0000000022b63790 000000005d39d01d
0x000000002254f370:   000000000047afe8 00000000000000d8
0x000000002254f380:   000000002254f670 0000000021c9ecf0
0x000000002254f390:   0000000022f457d8 000000005d2b3fba
0x000000002254f3a0:   0000000022f45400 0000000022b63790
0x000000002254f3b0:   00000000240d3ce0 000000002392f510
0x000000002254f3c0:   00000000000003d8 0000000021c3c110
0x000000002254f3d0:   0000000022f46060 0000000000000000
0x000000002254f3e0:   0000000000000000 0000000022f457d8
0x000000002254f3f0:   000000002392f510 00000000240d3ce0
0x000000002254f400:   00000000240e06c0 00000000000003d8
0x000000002254f410:   000000005d815850 000000005d5bd698 

Instructions: (pc=0x000000005d39cf6c)
0x000000005d39cf4c:   08 00 74 0c 48 8b cb e8 08 5e d5 ff 33 c0 eb 04
0x000000005d39cf5c:   48 8b 47 18 48 83 7b 08 00 75 09 48 85 c0 74 04
0x000000005d39cf6c:   66 ff 40 16 ff 05 ea db 45 00 48 8d 4c 24 30 48
0x000000005d39cf7c:   8b d3 e8 8d af dd ff 48 89 7c 24 20 48 89 5c 24 


VM_Operation (0x000000002392f4a0): ChangeBreakpoints, mode: safepoint, requested by thread 0x000000002416f800


---------------  P R O C E S S  ---------------

Threads class SMR info:
_java_thread_list=0x0000000024141a80, length=14, elements={
0x00000000004a3800, 0x0000000021cdd800, 0x0000000021ce1000, 0x0000000022fa9800,
0x0000000022faa800, 0x0000000022fab800, 0x0000000023008800, 0x000000002301b000,
0x000000002301d800, 0x000000002416f800, 0x0000000024024800, 0x0000000024025800,
0x000000002401a800, 0x00000000240de800
}

Java Threads: ( => current thread )
  0x00000000004a3800 JavaThread "main" [_thread_blocked, id=5532, stack(0x0000000002480000,0x0000000002580000)]
  0x0000000021cdd800 JavaThread "Reference Handler" daemon [_thread_blocked, id=6564, stack(0x0000000023200000,0x0000000023300000)]
  0x0000000021ce1000 JavaThread "Finalizer" daemon [_thread_blocked, id=10816, stack(0x00000000233c0000,0x00000000234c0000)]
  0x0000000022fa9800 JavaThread "Signal Dispatcher" daemon [_thread_blocked, id=6208, stack(0x0000000023550000,0x0000000023650000)]
  0x0000000022faa800 JavaThread "Attach Listener" daemon [_thread_blocked, id=9500, stack(0x0000000023730000,0x0000000023830000)]
  0x0000000022fab800 JavaThread "C2 CompilerThread0" daemon [_thread_blocked, id=3596, stack(0x0000000023950000,0x0000000023a50000)]
  0x0000000023008800 JavaThread "C2 CompilerThread1" daemon [_thread_blocked, id=10160, stack(0x0000000023a70000,0x0000000023b70000)]
  0x000000002301b000 JavaThread "C1 CompilerThread2" daemon [_thread_blocked, id=2716, stack(0x0000000023c70000,0x0000000023d70000)]
  0x000000002301d800 JavaThread "Sweeper thread" daemon [_thread_blocked, id=8680, stack(0x0000000021d20000,0x0000000021e20000)]
  0x000000002416f800 JavaThread "JDWP Transport Listener: dt_socket" daemon [_thread_blocked, id=10404, stack(0x0000000023830000,0x0000000023930000)]
  0x0000000024024800 JavaThread "JDWP Event Helper Thread" daemon [_thread_blocked, id=2952, stack(0x0000000024b70000,0x0000000024c70000)]
  0x0000000024025800 JavaThread "JDWP Command Reader" daemon [_thread_in_native, id=9752, stack(0x0000000024d40000,0x0000000024e40000)]
  0x000000002401a800 JavaThread "Common-Cleaner" daemon [_thread_blocked, id=7012, stack(0x0000000024ee0000,0x0000000024fe0000)]
  0x00000000240de800 JavaThread "Service Thread" daemon [_thread_blocked, id=2432, stack(0x0000000025010000,0x0000000025110000)]

Other Threads:
=>0x0000000021cdb000 VMThread "VM Thread" [stack: 0x0000000022450000,0x0000000022550000] [id=10064]
  0x000000002414d000 WatcherThread [stack: 0x00000000251b0000,0x00000000252b0000] [id=1804]
  0x00000000004bc800 GCTaskThread "GC Thread#0" [stack: 0x000000001cc60000,0x000000001cd60000] [id=1384]
  0x00000000004be000 GCTaskThread "GC Thread#1" [stack: 0x000000001cdc0000,0x000000001cec0000] [id=8120]
  0x00000000004bf800 GCTaskThread "GC Thread#2" [stack: 0x000000001cb50000,0x000000001cc50000] [id=10116]
  0x00000000004c3000 GCTaskThread "GC Thread#3" [stack: 0x000000001d020000,0x000000001d120000] [id=10472]
  0x00000000004f4800 ConcurrentGCThread "G1 Main Marker" [stack: 0x000000001f690000,0x000000001f790000] [id=10880]
  0x00000000004f5800 ConcurrentGCThread "G1 Conc#0" [stack: 0x000000001f7c0000,0x000000001f8c0000] [id=2436]
  0x0000000021c00800 ConcurrentGCThread "G1 Refine#0" [stack: 0x0000000021e30000,0x0000000021f30000] [id=5840]
  0x0000000000528000 ConcurrentGCThread "G1 Refine#1" [stack: 0x0000000022020000,0x0000000022120000] [id=10340]
  0x000000000052b000 ConcurrentGCThread "G1 Refine#2" [stack: 0x0000000022160000,0x0000000022260000] [id=10480]
  0x000000000052f000 ConcurrentGCThread "G1 Refine#3" [stack: 0x0000000022350000,0x0000000022450000] [id=10388]
  0x0000000021c09000 ConcurrentGCThread "G1 Young RemSet Sampling" [stack: 0x00000000225d0000,0x00000000226d0000] [id=9424]

Threads with active compile tasks:

VM state:at safepoint (normal execution)

VM Mutex/Monitor currently owned by a thread:  ([mutex/lock_event])
[0x00000000004952c0] Threads_lock - owner thread: 0x0000000021cdb000

Heap address: 0x00000000c8600000, size: 890 MB, Compressed Oops mode: 32-bit
Narrow klass base: 0x0000000000000000, Narrow klass shift: 0
Compressed class space size: 1073741824 Address: 0x000000007fff0000

Heap:
 garbage-first heap   total 57344K, used 2048K [0x00000000c8600000, 0x0000000100000000)
  region size 1024K, 3 young (3072K), 0 survivors (0K)
 Metaspace       used 5184K, capacity 5264K, committed 5376K, reserved 1056768K
  class space    used 437K, capacity 496K, committed 512K, reserved 1048576K
Heap Regions: E=young(eden), S=young(survivor), O=old, HS=humongous(starts), HC=humongous(continues), CS=collection set, F=free, A=archive, TS=gc time stamp, AC=allocation context, TAMS=top-at-mark-start (previous, next)
|   0|0x00000000c8600000, 0x00000000c8600000, 0x00000000c8700000|  0%| F|  |TS  0|AC  0|TAMS 0x00000000c8600000, 0x00000000c8600000|
|   1|0x00000000c8700000, 0x00000000c8700000, 0x00000000c8800000|  0%| F|  |TS  0|AC  0|TAMS 0x00000000c8700000, 0x00000000c8700000|
|   2|0x00000000c8800000, 0x00000000c8800000, 0x00000000c8900000|  0%| F|  |TS  0|AC  0|TAMS 0x00000000c8800000, 0x00000000c8800000|
|   3|0x00000000c8900000, 0x00000000c8900000, 0x00000000c8a00000|  0%| F|  |TS  0|AC  0|TAMS 0x00000000c8900000, 0x00000000c8900000|
|   4|0x00000000c8a00000, 0x00000000c8a00000, 0x00000000c8b00000|  0%| F|  |TS  0|AC  0|TAMS 0x00000000c8a00000, 0x00000000c8a00000|
|   5|0x00000000c8b00000, 0x00000000c8b00000, 0x00000000c8c00000|  0%| F|  |TS  0|AC  0|TAMS 0x00000000c8b00000, 0x00000000c8b00000|
|   6|0x00000000c8c00000, 0x00000000c8c00000, 0x00000000c8d00000|  0%| F|  |TS  0|AC  0|TAMS 0x00000000c8c00000, 0x00000000c8c00000|
|   7|0x00000000c8d00000, 0x00000000c8d00000, 0x00000000c8e00000|  0%| F|  |TS  0|AC  0|TAMS 0x00000000c8d00000, 0x00000000c8d00000|
|   8|0x00000000c8e00000, 0x00000000c8e00000, 0x00000000c8f00000|  0%| F|  |TS  0|AC  0|TAMS 0x00000000c8e00000, 0x00000000c8e00000|
|   9|0x00000000c8f00000, 0x00000000c8f00000, 0x00000000c9000000|  0%| F|  |TS  0|AC  0|TAMS 0x00000000c8f00000, 0x00000000c8f00000|
|  10|0x00000000c9000000, 0x00000000c9000000, 0x00000000c9100000|  0%| F|  |TS  0|AC  0|TAMS 0x00000000c9000000, 0x00000000c9000000|
|  11|0x00000000c9100000, 0x00000000c9100000, 0x00000000c9200000|  0%| F|  |TS  0|AC  0|TAMS 0x00000000c9100000, 0x00000000c9100000|
|  12|0x00000000c9200000, 0x00000000c9200000, 0x00000000c9300000|  0%| F|  |TS  0|AC  0|TAMS 0x00000000c9200000, 0x00000000c9200000|
|  13|0x00000000c9300000, 0x00000000c9300000, 0x00000000c9400000|  0%| F|  |TS  0|AC  0|TAMS 0x00000000c9300000, 0x00000000c9300000|
|  14|0x00000000c9400000, 0x00000000c9400000, 0x00000000c9500000|  0%| F|  |TS  0|AC  0|TAMS 0x00000000c9400000, 0x00000000c9400000|
|  15|0x00000000c9500000, 0x00000000c9500000, 0x00000000c9600000|  0%| F|  |TS  0|AC  0|TAMS 0x00000000c9500000, 0x00000000c9500000|
|  16|0x00000000c9600000, 0x00000000c9600000, 0x00000000c9700000|  0%| F|  |TS  0|AC  0|TAMS 0x00000000c9600000, 0x00000000c9600000|
|  17|0x00000000c9700000, 0x00000000c9700000, 0x00000000c9800000|  0%| F|  |TS  0|AC  0|TAMS 0x00000000c9700000, 0x00000000c9700000|
|  18|0x00000000c9800000, 0x00000000c9800000, 0x00000000c9900000|  0%| F|  |TS  0|AC  0|TAMS 0x00000000c9800000, 0x00000000c9800000|
|  19|0x00000000c9900000, 0x00000000c9900000, 0x00000000c9a00000|  0%| F|  |TS  0|AC  0|TAMS 0x00000000c9900000, 0x00000000c9900000|
|  20|0x00000000c9a00000, 0x00000000c9a00000, 0x00000000c9b00000|  0%| F|  |TS  0|AC  0|TAMS 0x00000000c9a00000, 0x00000000c9a00000|
|  21|0x00000000c9b00000, 0x00000000c9b00000, 0x00000000c9c00000|  0%| F|  |TS  0|AC  0|TAMS 0x00000000c9b00000, 0x00000000c9b00000|
|  22|0x00000000c9c00000, 0x00000000c9c00000, 0x00000000c9d00000|  0%| F|  |TS  0|AC  0|TAMS 0x00000000c9c00000, 0x00000000c9c00000|
|  23|0x00000000c9d00000, 0x00000000c9d00000, 0x00000000c9e00000|  0%| F|  |TS  0|AC  0|TAMS 0x00000000c9d00000, 0x00000000c9d00000|
|  24|0x00000000c9e00000, 0x00000000c9e00000, 0x00000000c9f00000|  0%| F|  |TS  0|AC  0|TAMS 0x00000000c9e00000, 0x00000000c9e00000|
|  25|0x00000000c9f00000, 0x00000000c9f00000, 0x00000000ca000000|  0%| F|  |TS  0|AC  0|TAMS 0x00000000c9f00000, 0x00000000c9f00000|
|  26|0x00000000ca000000, 0x00000000ca000000, 0x00000000ca100000|  0%| F|  |TS  0|AC  0|TAMS 0x00000000ca000000, 0x00000000ca000000|
|  27|0x00000000ca100000, 0x00000000ca100000, 0x00000000ca200000|  0%| F|  |TS  0|AC  0|TAMS 0x00000000ca100000, 0x00000000ca100000|
|  28|0x00000000ca200000, 0x00000000ca200000, 0x00000000ca300000|  0%| F|  |TS  0|AC  0|TAMS 0x00000000ca200000, 0x00000000ca200000|
|  29|0x00000000ca300000, 0x00000000ca300000, 0x00000000ca400000|  0%| F|  |TS  0|AC  0|TAMS 0x00000000ca300000, 0x00000000ca300000|
|  30|0x00000000ca400000, 0x00000000ca400000, 0x00000000ca500000|  0%| F|  |TS  0|AC  0|TAMS 0x00000000ca400000, 0x00000000ca400000|
|  31|0x00000000ca500000, 0x00000000ca500000, 0x00000000ca600000|  0%| F|  |TS  0|AC  0|TAMS 0x00000000ca500000, 0x00000000ca500000|
|  32|0x00000000ca600000, 0x00000000ca600000, 0x00000000ca700000|  0%| F|  |TS  0|AC  0|TAMS 0x00000000ca600000, 0x00000000ca600000|
|  33|0x00000000ca700000, 0x00000000ca700000, 0x00000000ca800000|  0%| F|  |TS  0|AC  0|TAMS 0x00000000ca700000, 0x00000000ca700000|
|  34|0x00000000ca800000, 0x00000000ca800000, 0x00000000ca900000|  0%| F|  |TS  0|AC  0|TAMS 0x00000000ca800000, 0x00000000ca800000|
|  35|0x00000000ca900000, 0x00000000ca900000, 0x00000000caa00000|  0%| F|  |TS  0|AC  0|TAMS 0x00000000ca900000, 0x00000000ca900000|
|  36|0x00000000caa00000, 0x00000000caa00000, 0x00000000cab00000|  0%| F|  |TS  0|AC  0|TAMS 0x00000000caa00000, 0x00000000caa00000|
|  37|0x00000000cab00000, 0x00000000cab00000, 0x00000000cac00000|  0%| F|  |TS  0|AC  0|TAMS 0x00000000cab00000, 0x00000000cab00000|
|  38|0x00000000cac00000, 0x00000000cac00000, 0x00000000cad00000|  0%| F|  |TS  0|AC  0|TAMS 0x00000000cac00000, 0x00000000cac00000|
|  39|0x00000000cad00000, 0x00000000cad00000, 0x00000000cae00000|  0%| F|  |TS  0|AC  0|TAMS 0x00000000cad00000, 0x00000000cad00000|
|  40|0x00000000cae00000, 0x00000000cae00000, 0x00000000caf00000|  0%| F|  |TS  0|AC  0|TAMS 0x00000000cae00000, 0x00000000cae00000|
|  41|0x00000000caf00000, 0x00000000caf00000, 0x00000000cb000000|  0%| F|  |TS  0|AC  0|TAMS 0x00000000caf00000, 0x00000000caf00000|
|  42|0x00000000cb000000, 0x00000000cb000000, 0x00000000cb100000|  0%| F|  |TS  0|AC  0|TAMS 0x00000000cb000000, 0x00000000cb000000|
|  43|0x00000000cb100000, 0x00000000cb100000, 0x00000000cb200000|  0%| F|  |TS  0|AC  0|TAMS 0x00000000cb100000, 0x00000000cb100000|
|  44|0x00000000cb200000, 0x00000000cb200000, 0x00000000cb300000|  0%| F|  |TS  0|AC  0|TAMS 0x00000000cb200000, 0x00000000cb200000|
|  45|0x00000000cb300000, 0x00000000cb300000, 0x00000000cb400000|  0%| F|  |TS  0|AC  0|TAMS 0x00000000cb300000, 0x00000000cb300000|
|  46|0x00000000cb400000, 0x00000000cb400000, 0x00000000cb500000|  0%| F|  |TS  0|AC  0|TAMS 0x00000000cb400000, 0x00000000cb400000|
|  47|0x00000000cb500000, 0x00000000cb500000, 0x00000000cb600000|  0%| F|  |TS  0|AC  0|TAMS 0x00000000cb500000, 0x00000000cb500000|
|  48|0x00000000cb600000, 0x00000000cb600000, 0x00000000cb700000|  0%| F|  |TS  0|AC  0|TAMS 0x00000000cb600000, 0x00000000cb600000|
|  49|0x00000000cb700000, 0x00000000cb700000, 0x00000000cb800000|  0%| F|  |TS  0|AC  0|TAMS 0x00000000cb700000, 0x00000000cb700000|
|  50|0x00000000cb800000, 0x00000000cb800000, 0x00000000cb900000|  0%| F|  |TS  0|AC  0|TAMS 0x00000000cb800000, 0x00000000cb800000|
|  51|0x00000000cb900000, 0x00000000cb900000, 0x00000000cba00000|  0%| F|  |TS  0|AC  0|TAMS 0x00000000cb900000, 0x00000000cb900000|
|  52|0x00000000cba00000, 0x00000000cba00000, 0x00000000cbb00000|  0%| F|  |TS  0|AC  0|TAMS 0x00000000cba00000, 0x00000000cba00000|
|  53|0x00000000cbb00000, 0x00000000cbc00000, 0x00000000cbc00000|100%| E|  |TS  0|AC  0|TAMS 0x00000000cbb00000, 0x00000000cbb00000|
|  54|0x00000000cbc00000, 0x00000000cbd00000, 0x00000000cbd00000|100%| E|CS|TS  0|AC  0|TAMS 0x00000000cbc00000, 0x00000000cbc00000|
|  55|0x00000000cbd00000, 0x00000000cbe00000, 0x00000000cbe00000|100%| E|CS|TS  0|AC  0|TAMS 0x00000000cbd00000, 0x00000000cbd00000|

Card table byte_map: [0x000000001d610000,0x000000001d7d0000] byte_map_base: 0x000000001cfcd000

Marking Bits (Prev, Next): (CMBitMap*) 0x00000000004f3840, (CMBitMap*) 0x00000000004f3878
 Prev Bits: [0x000000001d990000, 0x000000001e778000)
 Next Bits: [0x000000001e780000, 0x000000001f568000)

Polling page: 0x00000000000f0000

CodeHeap 'non-profiled nmethods': size=120064Kb used=71Kb max_used=71Kb free=119992Kb
 bounds [0x0000000015470000, 0x00000000156e0000, 0x000000001c9b0000]
CodeHeap 'profiled nmethods': size=120000Kb used=255Kb max_used=255Kb free=119744Kb
 bounds [0x000000000df40000, 0x000000000e1b0000, 0x0000000015470000]
CodeHeap 'non-nmethods': size=5696Kb used=1069Kb max_used=1080Kb free=4626Kb
 bounds [0x000000000d9b0000, 0x000000000dc20000, 0x000000000df40000]
 total_blobs=572 nmethods=198 adapters=211
 compilation: enabled

Compilation events (10 events):
Event: 1.029 Thread 0x000000002301b000  195       3       java.lang.StringLatin1::indexOf (121 bytes)
Event: 1.030 Thread 0x000000002301b000 nmethod 195 0x000000000df7e910 code [0x000000000df7eb00, 0x000000000df7f030]
Event: 1.030 Thread 0x000000002301b000  197       3       java.lang.String::startsWith (7 bytes)
Event: 1.031 Thread 0x0000000022fab800  196       4       java.lang.StringLatin1::indexOf (61 bytes)
Event: 1.042 Thread 0x000000002301b000 nmethod 197 0x000000000df7f290 code [0x000000000df7f440, 0x000000000df7f5e8]
Event: 1.042 Thread 0x000000002301b000  198       1       java.net.URL::getProtocol (5 bytes)
Event: 1.043 Thread 0x000000002301b000 nmethod 198 0x0000000015481490 code [0x0000000015481640, 0x0000000015481750]
Event: 1.043 Thread 0x0000000022fab800 nmethod 196 0x0000000015481810 code [0x00000000154819a0, 0x0000000015481b38]
Event: 1.045 Thread 0x000000002301b000  199       3       java.util.Arrays::copyOf (19 bytes)
Event: 1.046 Thread 0x000000002301b000 nmethod 199 0x000000000df7f690 code [0x000000000df7f860, 0x000000000df7fba8]

GC Heap History (0 events):
No events

Deoptimization events (2 events):
Event: 0.814 Thread 0x00000000004a3800 Uncommon trap: reason=unstable_if action=reinterpret pc=0x0000000015471eec method=java.lang.String.isLatin1()Z @ 10 c2
Event: 0.841 Thread 0x00000000004a3800 Uncommon trap: reason=unstable_if action=reinterpret pc=0x0000000015474210 method=java.lang.String.hashCode()I @ 14 c2

Classes redefined (3 events):
Event: 98.828 Thread 0x0000000021cdb000 redefined class name=A, count=1
Event: 111.204 Thread 0x0000000021cdb000 redefined class name=A, count=2
Event: 207.727 Thread 0x0000000021cdb000 redefined class name=A, count=3

Internal exceptions (0 events):
No events

Events (10 events):
Event: 207.839 Executing VM operation: GetOrSetLocal done
Event: 207.849 Executing VM operation: GetFrameCount
Event: 207.849 Executing VM operation: GetFrameCount done
Event: 207.849 Executing VM operation: GetFrameLocation
Event: 207.849 Executing VM operation: GetFrameLocation done
Event: 224.856 Executing VM operation: ChangeBreakpoints
Event: 224.856 Executing VM operation: ChangeBreakpoints done
Event: 224.857 Executing VM operation: ChangeBreakpoints
Event: 224.857 Executing VM operation: ChangeBreakpoints done
Event: 224.894 Executing VM operation: ChangeBreakpoints


Dynamic libraries:
0x000000013f910000 - 0x000000013f94e000 	C:\Program Files\Java\jdk-10\bin\java.exe
0x0000000077880000 - 0x0000000077a2a000 	C:\Windows\SYSTEM32\ntdll.dll
0x0000000077760000 - 0x000000007787f000 	C:\Windows\system32\kernel32.dll
0x000007fefd590000 - 0x000007fefd5fa000 	C:\Windows\system32\KERNELBASE.dll
0x000007feff9e0000 - 0x000007feffabb000 	C:\Windows\system32\ADVAPI32.dll
0x000007feff940000 - 0x000007feff9df000 	C:\Windows\system32\msvcrt.dll
0x000007fefd9a0000 - 0x000007fefd9bf000 	C:\Windows\SYSTEM32\sechost.dll
0x000007feff630000 - 0x000007feff75d000 	C:\Windows\system32\RPCRT4.dll
0x0000000077660000 - 0x000000007775a000 	C:\Windows\system32\USER32.dll
0x000007fefd930000 - 0x000007fefd997000 	C:\Windows\system32\GDI32.dll
0x000007fefeb90000 - 0x000007fefeb9e000 	C:\Windows\system32\LPK.dll
0x000007feffac0000 - 0x000007feffb8b000 	C:\Windows\system32\USP10.dll
0x000007fefc040000 - 0x000007fefc234000 	C:\Windows\WinSxS\amd64_microsoft.windows.common-controls_6595b64144ccf1df_6.0.7601.18837_none_fa3b1e3d17594757\COMCTL32.dll
0x000007feff790000 - 0x000007feff801000 	C:\Windows\system32\SHLWAPI.dll
0x000007fefcee0000 - 0x000007fefceec000 	C:\Windows\system32\VERSION.dll
0x000007feff760000 - 0x000007feff78e000 	C:\Windows\system32\IMM32.DLL
0x000007feff810000 - 0x000007feff919000 	C:\Windows\system32\MSCTF.dll
0x000007fee80d0000 - 0x000007fee81bf000 	C:\Program Files\Java\jdk-10\bin\msvcr120.dll
0x000007fef7ca0000 - 0x000007fef7d46000 	C:\Program Files\Java\jdk-10\bin\msvcp120.dll
0x000000005ce40000 - 0x000000005d8af000 	C:\Program Files\Java\jdk-10\bin\server\jvm.dll
0x000007fefb3e0000 - 0x000007fefb3e9000 	C:\Windows\system32\WSOCK32.dll
0x000007fefeb30000 - 0x000007fefeb7d000 	C:\Windows\system32\WS2_32.dll
0x000007fefeb80000 - 0x000007fefeb88000 	C:\Windows\system32\NSI.dll
0x000007fef98f0000 - 0x000007fef992b000 	C:\Windows\system32\WINMM.dll
0x0000000077a40000 - 0x0000000077a47000 	C:\Windows\system32\PSAPI.DLL
0x000007fefaf60000 - 0x000007fefaf6f000 	C:\Program Files\Java\jdk-10\bin\verify.dll
0x000007fef3670000 - 0x000007fef3795000 	C:\Windows\system32\DBGHELP.DLL
0x000007fef7f00000 - 0x000007fef7f27000 	C:\Program Files\Java\jdk-10\bin\java.dll
0x000007fef7f50000 - 0x000007fef7f86000 	C:\Program Files\Java\jdk-10\bin\jdwp.dll
0x000007fef7a10000 - 0x000007fef7a3a000 	C:\Program Files\Java\jdk-10\bin\instrument.dll
0x000007fef8160000 - 0x000007fef8176000 	C:\Program Files\Java\jdk-10\bin\zip.dll
0x000007fefcd80000 - 0x000007fefcd8a000 	C:\Program Files\Java\jdk-10\bin\jimage.dll
0x000007fefdbc0000 - 0x000007fefe94b000 	C:\Windows\system32\SHELL32.dll
0x000007fefd9c0000 - 0x000007fefdbbc000 	C:\Windows\system32\ole32.dll
0x000007fefd580000 - 0x000007fefd58f000 	C:\Windows\system32\profapi.dll
0x000007fefae10000 - 0x000007fefae1a000 	C:\Program Files\Java\jdk-10\bin\dt_socket.dll
0x000007fefca10000 - 0x000007fefca65000 	C:\Windows\system32\mswsock.dll
0x000007fefcef0000 - 0x000007fefcef7000 	C:\Windows\System32\wshtcpip.dll
0x000007fef7fe0000 - 0x000007fef7ffa000 	C:\Program Files\Java\jdk-10\bin\net.dll
0x000007fef8550000 - 0x000007fef85c1000 	C:\Windows\system32\WINHTTP.dll
0x000007fef84e0000 - 0x000007fef8544000 	C:\Windows\system32\webio.dll
0x000007fefca00000 - 0x000007fefca07000 	C:\Windows\System32\wship6.dll
0x000007fef7ee0000 - 0x000007fef7ef1000 	C:\Program Files\Java\jdk-10\bin\nio.dll

dbghelp: loaded successfully - version: 4.0.5 - missing functions: none
symbol engine: initialized successfully - sym options: 0x614 - pdb path: .;C:\Program Files\Java\jdk-10\bin;C:\Windows\SYSTEM32;C:\Windows\WinSxS\amd64_microsoft.windows.common-controls_6595b64144ccf1df_6.0.7601.18837_none_fa3b1e3d17594757;C:\Program Files\Java\jdk-10\bin\server

VM Arguments:
jvm_args: -agentlib:jdwp=transport=dt_socket,address=127.0.0.1:55152,suspend=y,server=n -javaagent:C:\Users\Administrator\AppData\Local\Temp\capture14444jars\debugger-agent.jar=file:/C:/Users/Administrator/AppData/Local/Temp/capture.props -Dfile.encoding=UTF-8 
java_command: A
java_class_path (initial): D:\GitBash\CS61B\skeleton-sp18-master\library-sp18\javalib;D:\LCsolution\283MoveZeroes\out\production\283MoveZeroes;F:\Program Files\IntelliJ\IntelliJ IDEA Community Edition 2018.1.1\lib\idea_rt.jar
Launcher Type: SUN_STANDARD

Logging:
Log output configuration:
#0: stdout all=warning uptime,level,tags
#1: stderr all=off uptime,level,tags

Environment Variables:
JAVA_HOME=C:\Program Files\Java\jdk-10
PATH=C:\ProgramData\Oracle\Java\javapath;C:\Windows\system32;C:\Windows;C:\Windows\System32\Wbem;C:\Windows\System32\WindowsPowerShell\v1.0\;C:\Program Files\Java\jdk-10\bin;G:\0 code\Python\Scripts\;G:\0 code\Python\
USERNAME=Administrator
OS=Windows_NT
PROCESSOR_IDENTIFIER=AMD64 Family 18 Model 1 Stepping 0, AuthenticAMD



---------------  S Y S T E M  ---------------

OS: Windows 7 , 64 bit Build 7601 (6.1.7601.23864)

CPU:total 4 (initial active 4) (4 cores per cpu, 1 threads per core) family 18 model 1 stepping 0, cmov, cx8, fxsr, mmx, sse, sse2, sse3, popcnt, mmxext, 3dnowpref, lzcnt, sse4a, tsc, tscinvbit, tscinv

Memory: 4k page, physical 3643504k(178236k free), swap 9426424k(1383936k free)

vm_info: Java HotSpot(TM) 64-Bit Server VM (10+46) for windows-amd64 JRE (10+46), built on Mar  8 2018 02:11:18 by "mach5one" with MS VC++ 12.0 (VS2013)

END.
