#
# A fatal error has been detected by the Java Runtime Environment:
#
#  EXCEPTION_ACCESS_VIOLATION (0xc0000005) at pc=0x0000000007e8ec64, pid=8856, tid=6672
#
# JRE version: Java(TM) SE Runtime Environment (10.0+46) (build 10+46)
# Java VM: Java HotSpot(TM) 64-Bit Server VM (10+46, mixed mode, tiered, compressed oops, g1 gc, windows-amd64)
# Problematic frame:
# V  [jvm.dll+0x22ec64]
#
# No core dump will be written. Minidumps are not enabled by default on client versions of Windows
#
# If you would like to submit a bug report, please visit:
#   http://bugreport.java.com/bugreport/crash.jsp
#

---------------  S U M M A R Y ------------

Command Line: -agentlib:jdwp=transport=dt_socket,address=127.0.0.1:55228,suspend=y,server=n -javaagent:C:\Users\Administrator\.IdeaIC2018.1\system\captureAgent\debugger-agent.jar=file:/C:/Users/Administrator/AppData/Local/Temp/capture.props -Dfile.encoding=UTF-8 A

Host: AMD A6-3400M APU with Radeon(tm) HD Graphics, 4 cores, 3G,  Windows 7 , 64 bit Build 7601 (6.1.7601.23864)
Time: Sat May 12 21:06:01 2018 ?D1¨²¡À¨º¡Á?¨º¡À?? elapsed time: 1045 seconds (0d 0h 17m 25s)

---------------  T H R E A D  ---------------

Current thread (0x0000000063b4c800):  VMThread "VM Thread" [stack: 0x0000000063cb0000,0x0000000063db0000] [id=6672]

Stack: [0x0000000063cb0000,0x0000000063db0000],  sp=0x0000000063daec28,  free space=1019k
Native frames: (J=compiled Java code, j=interpreted, Vv=VM code, C=native code)
V  [jvm.dll+0x22ec64]


siginfo: EXCEPTION_ACCESS_VIOLATION (0xc0000005), reading address 0x0000000063885a58


Register to memory mapping:

RIP=0x0000000007e8ec64 jvm.dll
RAX=0x0000000000164140 is an unknown value
RBX=0x0000000000000000 is an unknown value
RCX=0x0000000063721918 is pointing into metadata
RDX=0x000000000000b209 is an unknown value
RSP=0x0000000063daec28 is an unknown value
RBP=0x0000000063daf180 is an unknown value
RSI=0x0000000063daf300 is an unknown value
RDI=0x0000000063daf300 is an unknown value
R8 =0x0000000000000000 is an unknown value
R9 =0x0000000063721168 is pointing into metadata
R10={method} {0x0000000063721880} 'start' '()V' in 'A'
R11=0x0000000063daf0c0 is an unknown value
R12=0x00000000083dd601 jvm.dll
R13=0x0000000000000000 is an unknown value
R14=0x0000000000000000 is an unknown value
R15=0x0000000000000000 is an unknown value


Registers:
RAX=0x0000000000164140, RBX=0x0000000000000000, RCX=0x0000000063721918, RDX=0x000000000000b209
RSP=0x0000000063daec28, RBP=0x0000000063daf180, RSI=0x0000000063daf300, RDI=0x0000000063daf300
R8 =0x0000000000000000, R9 =0x0000000063721168, R10=0x0000000063721878, R11=0x0000000063daf0c0
R12=0x00000000083dd601, R13=0x0000000000000000, R14=0x0000000000000000, R15=0x0000000000000000
RIP=0x0000000007e8ec64, EFLAGS=0x0000000000010212

Top of Stack: (sp=0x0000000063daec28)
0x0000000063daec28:   0000000007f7dc30 0000000000000000
0x0000000063daec38:   0000000063daf300 0000000063daeca0
0x0000000063daec48:   0000000063daf240 0000000022a317f4
0x0000000063daec58:   0000000000000000 0000000008428488
0x0000000063daec68:   00000000229dacc0 0000000000000003
0x0000000063daec78:   0000000000000004 0000000063daeca0
0x0000000063daec88:   0000000000000002 000000002fffffff
0x0000000063daec98:   0000000000000000 2fffffff4fffffff
0x0000000063daeca8:   00000000229dac70 0000000000000003
0x0000000063daecb8:   000000000000000e 0000000063daece0
0x0000000063daecc8:   0000000000000002 0000000000000000
0x0000000063daecd8:   00000000000003d8 2fffffff4fffffff
0x0000000063daece8:   0000000063b4c800 0000000000000000
0x0000000063daecf8:   000000000827cfd8 0000000063daed60
0x0000000063daed08:   0000000063daf300 0000000022a317f4
0x0000000063daed18:   0000000000000000 0000000063daf300 

Instructions: (pc=0x0000000007e8ec64)
0x0000000007e8ec44:   15 f7 d2 48 63 c2 48 ff c0 48 c1 e0 05 48 8b 04
0x0000000007e8ec54:   08 0f b7 c0 eb 14 48 63 c2 48 ff c0 48 c1 e0 05
0x0000000007e8ec64:   48 8b 04 08 0f b7 d0 48 63 c2 41 0f b7 4c c1 42
0x0000000007e8ec74:   48 63 c1 41 0f b7 44 c1 42 49 8b 44 c1 40 c3 49 


VM_Operation (0x0000000064f4f070): GetOrSetLocal, mode: safepoint, requested by thread 0x0000000064989000


---------------  P R O C E S S  ---------------

Threads class SMR info:
_java_thread_list=0x0000000064af0b40, length=14, elements={
0x0000000000314000, 0x0000000063b60000, 0x0000000063b63800, 0x0000000063b79000,
0x0000000063b7a000, 0x0000000063b7b000, 0x0000000063b83000, 0x0000000063ba4000,
0x0000000063bbf000, 0x0000000064989000, 0x0000000064932800, 0x0000000064971800,
0x00000000649c7000, 0x0000000064af1800
}

Java Threads: ( => current thread )
  0x0000000000314000 JavaThread "main" [_thread_blocked, id=1988, stack(0x0000000002360000,0x0000000002460000)]
  0x0000000063b60000 JavaThread "Reference Handler" daemon [_thread_blocked, id=1468, stack(0x0000000063eb0000,0x0000000063fb0000)]
  0x0000000063b63800 JavaThread "Finalizer" daemon [_thread_blocked, id=7608, stack(0x0000000022ee0000,0x0000000022fe0000)]
  0x0000000063b79000 JavaThread "Signal Dispatcher" daemon [_thread_blocked, id=10080, stack(0x0000000064150000,0x0000000064250000)]
  0x0000000063b7a000 JavaThread "Attach Listener" daemon [_thread_blocked, id=6324, stack(0x00000000642b0000,0x00000000643b0000)]
  0x0000000063b7b000 JavaThread "C2 CompilerThread0" daemon [_thread_blocked, id=4548, stack(0x00000000643b0000,0x00000000644b0000)]
  0x0000000063b83000 JavaThread "C2 CompilerThread1" daemon [_thread_blocked, id=4876, stack(0x0000000064030000,0x0000000064130000)]
  0x0000000063ba4000 JavaThread "C1 CompilerThread2" daemon [_thread_blocked, id=9912, stack(0x0000000064530000,0x0000000064630000)]
  0x0000000063bbf000 JavaThread "Sweeper thread" daemon [_thread_blocked, id=7628, stack(0x0000000064650000,0x0000000064750000)]
  0x0000000064989000 JavaThread "JDWP Transport Listener: dt_socket" daemon [_thread_blocked, id=9232, stack(0x0000000064e50000,0x0000000064f50000)] _threads_hazard_ptr=0x0000000064af0b40
  0x0000000064932800 JavaThread "JDWP Event Helper Thread" daemon [_thread_blocked, id=8396, stack(0x0000000064ca0000,0x0000000064da0000)]
  0x0000000064971800 JavaThread "JDWP Command Reader" daemon [_thread_in_native, id=9832, stack(0x0000000064fb0000,0x00000000650b0000)]
  0x00000000649c7000 JavaThread "Common-Cleaner" daemon [_thread_blocked, id=7908, stack(0x0000000065220000,0x0000000065320000)]
  0x0000000064af1800 JavaThread "Service Thread" daemon [_thread_blocked, id=4928, stack(0x0000000065430000,0x0000000065530000)]

Other Threads:
=>0x0000000063b4c800 VMThread "VM Thread" [stack: 0x0000000063cb0000,0x0000000063db0000] [id=6672]
  0x0000000064a9d000 WatcherThread [stack: 0x00000000655b0000,0x00000000656b0000] [id=9684]
  0x000000000032d000 GCTaskThread "GC Thread#0" [stack: 0x0000000002b10000,0x0000000002c10000] [id=8736]
  0x000000000032e800 GCTaskThread "GC Thread#1" [stack: 0x0000000002cb0000,0x0000000002db0000] [id=10392]
  0x0000000000330800 GCTaskThread "GC Thread#2" [stack: 0x00000000027e0000,0x00000000028e0000] [id=3356]
  0x000000000033c800 GCTaskThread "GC Thread#3" [stack: 0x0000000002e80000,0x0000000002f80000] [id=10756]
  0x000000000036e000 ConcurrentGCThread "G1 Main Marker" [stack: 0x0000000005670000,0x0000000005770000] [id=2788]
  0x000000000036f800 ConcurrentGCThread "G1 Conc#0" [stack: 0x0000000005830000,0x0000000005930000] [id=6136]
  0x00000000229a0800 ConcurrentGCThread "G1 Refine#0" [stack: 0x0000000022c00000,0x0000000022d00000] [id=7436]
  0x000000000039d000 ConcurrentGCThread "G1 Refine#1" [stack: 0x0000000022dc0000,0x0000000022ec0000] [id=4244]
  0x00000000229a5000 ConcurrentGCThread "G1 Refine#2" [stack: 0x0000000022aa0000,0x0000000022ba0000] [id=9556]
  0x00000000229a6800 ConcurrentGCThread "G1 Refine#3" [stack: 0x0000000022fe0000,0x00000000230e0000] [id=3352]
  0x00000000229a7800 ConcurrentGCThread "G1 Young RemSet Sampling" [stack: 0x0000000023190000,0x0000000023290000] [id=8020]

Threads with active compile tasks:

VM state:at safepoint (normal execution)

VM Mutex/Monitor currently owned by a thread:  ([mutex/lock_event])
[0x0000000000305930] Threads_lock - owner thread: 0x0000000063b4c800

Heap address: 0x00000000c8600000, size: 890 MB, Compressed Oops mode: 32-bit
Narrow klass base: 0x0000000000000000, Narrow klass shift: 0
Compressed class space size: 1073741824 Address: 0x0000000023290000

Heap:
 garbage-first heap   total 57344K, used 4096K [0x00000000c8600000, 0x0000000100000000)
  region size 1024K, 5 young (5120K), 0 survivors (0K)
 Metaspace       used 6100K, capacity 6227K, committed 6528K, reserved 1056768K
  class space    used 504K, capacity 545K, committed 640K, reserved 1048576K
Heap Regions: E=young(eden), S=young(survivor), O=old, HS=humongous(starts), HC=humongous(continues), CS=collection set, F=free, A=archive, TS=gc time stamp, AC=allocation context, TAMS=top-at-mark-start (previous, next)
|   0|0x00000000c8600000, 0x00000000c8600000, 0x00000000c8700000|  0%| F|  |TS  0|AC  0|TAMS 0x00000000c8600000, 0x00000000c8600000|
|   1|0x00000000c8700000, 0x00000000c8700000, 0x00000000c8800000|  0%| F|  |TS  0|AC  0|TAMS 0x00000000c8700000, 0x00000000c8700000|
|   2|0x00000000c8800000, 0x00000000c8800000, 0x00000000c8900000|  0%| F|  |TS  0|AC  0|TAMS 0x00000000c8800000, 0x00000000c8800000|
|   3|0x00000000c8900000, 0x00000000c8900000, 0x00000000c8a00000|  0%| F|  |TS  0|AC  0|TAMS 0x00000000c8900000, 0x00000000c8900000|
|   4|0x00000000c8a00000, 0x00000000c8a00000, 0x00000000c8b00000|  0%| F|  |TS  0|AC  0|TAMS 0x00000000c8a00000, 0x00000000c8a00000|
|   5|0x00000000c8b00000, 0x00000000c8b00000, 0x00000000c8c00000|  0%| F|  |TS  0|AC  0|TAMS 0x00000000c8b00000, 0x00000000c8b00000|
|   6|0x00000000c8c00000, 0x00000000c8c00000, 0x00000000c8d00000|  0%| F|  |TS  0|AC  0|TAMS 0x00000000c8c00000, 0x00000000c8c00000|
|   7|0x00000000c8d00000, 0x00000000c8d00000, 0x00000000c8e00000|  0%| F|  |TS  0|AC  0|TAMS 0x00000000c8d00000, 0x00000000c8d00000|
|   8|0x00000000c8e00000, 0x00000000c8e00000, 0x00000000c8f00000|  0%| F|  |TS  0|AC  0|TAMS 0x00000000c8e00000, 0x00000000c8e00000|
|   9|0x00000000c8f00000, 0x00000000c8f00000, 0x00000000c9000000|  0%| F|  |TS  0|AC  0|TAMS 0x00000000c8f00000, 0x00000000c8f00000|
|  10|0x00000000c9000000, 0x00000000c9000000, 0x00000000c9100000|  0%| F|  |TS  0|AC  0|TAMS 0x00000000c9000000, 0x00000000c9000000|
|  11|0x00000000c9100000, 0x00000000c9100000, 0x00000000c9200000|  0%| F|  |TS  0|AC  0|TAMS 0x00000000c9100000, 0x00000000c9100000|
|  12|0x00000000c9200000, 0x00000000c9200000, 0x00000000c9300000|  0%| F|  |TS  0|AC  0|TAMS 0x00000000c9200000, 0x00000000c9200000|
|  13|0x00000000c9300000, 0x00000000c9300000, 0x00000000c9400000|  0%| F|  |TS  0|AC  0|TAMS 0x00000000c9300000, 0x00000000c9300000|
|  14|0x00000000c9400000, 0x00000000c9400000, 0x00000000c9500000|  0%| F|  |TS  0|AC  0|TAMS 0x00000000c9400000, 0x00000000c9400000|
|  15|0x00000000c9500000, 0x00000000c9500000, 0x00000000c9600000|  0%| F|  |TS  0|AC  0|TAMS 0x00000000c9500000, 0x00000000c9500000|
|  16|0x00000000c9600000, 0x00000000c9600000, 0x00000000c9700000|  0%| F|  |TS  0|AC  0|TAMS 0x00000000c9600000, 0x00000000c9600000|
|  17|0x00000000c9700000, 0x00000000c9700000, 0x00000000c9800000|  0%| F|  |TS  0|AC  0|TAMS 0x00000000c9700000, 0x00000000c9700000|
|  18|0x00000000c9800000, 0x00000000c9800000, 0x00000000c9900000|  0%| F|  |TS  0|AC  0|TAMS 0x00000000c9800000, 0x00000000c9800000|
|  19|0x00000000c9900000, 0x00000000c9900000, 0x00000000c9a00000|  0%| F|  |TS  0|AC  0|TAMS 0x00000000c9900000, 0x00000000c9900000|
|  20|0x00000000c9a00000, 0x00000000c9a00000, 0x00000000c9b00000|  0%| F|  |TS  0|AC  0|TAMS 0x00000000c9a00000, 0x00000000c9a00000|
|  21|0x00000000c9b00000, 0x00000000c9b00000, 0x00000000c9c00000|  0%| F|  |TS  0|AC  0|TAMS 0x00000000c9b00000, 0x00000000c9b00000|
|  22|0x00000000c9c00000, 0x00000000c9c00000, 0x00000000c9d00000|  0%| F|  |TS  0|AC  0|TAMS 0x00000000c9c00000, 0x00000000c9c00000|
|  23|0x00000000c9d00000, 0x00000000c9d00000, 0x00000000c9e00000|  0%| F|  |TS  0|AC  0|TAMS 0x00000000c9d00000, 0x00000000c9d00000|
|  24|0x00000000c9e00000, 0x00000000c9e00000, 0x00000000c9f00000|  0%| F|  |TS  0|AC  0|TAMS 0x00000000c9e00000, 0x00000000c9e00000|
|  25|0x00000000c9f00000, 0x00000000c9f00000, 0x00000000ca000000|  0%| F|  |TS  0|AC  0|TAMS 0x00000000c9f00000, 0x00000000c9f00000|
|  26|0x00000000ca000000, 0x00000000ca000000, 0x00000000ca100000|  0%| F|  |TS  0|AC  0|TAMS 0x00000000ca000000, 0x00000000ca000000|
|  27|0x00000000ca100000, 0x00000000ca100000, 0x00000000ca200000|  0%| F|  |TS  0|AC  0|TAMS 0x00000000ca100000, 0x00000000ca100000|
|  28|0x00000000ca200000, 0x00000000ca200000, 0x00000000ca300000|  0%| F|  |TS  0|AC  0|TAMS 0x00000000ca200000, 0x00000000ca200000|
|  29|0x00000000ca300000, 0x00000000ca300000, 0x00000000ca400000|  0%| F|  |TS  0|AC  0|TAMS 0x00000000ca300000, 0x00000000ca300000|
|  30|0x00000000ca400000, 0x00000000ca400000, 0x00000000ca500000|  0%| F|  |TS  0|AC  0|TAMS 0x00000000ca400000, 0x00000000ca400000|
|  31|0x00000000ca500000, 0x00000000ca500000, 0x00000000ca600000|  0%| F|  |TS  0|AC  0|TAMS 0x00000000ca500000, 0x00000000ca500000|
|  32|0x00000000ca600000, 0x00000000ca600000, 0x00000000ca700000|  0%| F|  |TS  0|AC  0|TAMS 0x00000000ca600000, 0x00000000ca600000|
|  33|0x00000000ca700000, 0x00000000ca700000, 0x00000000ca800000|  0%| F|  |TS  0|AC  0|TAMS 0x00000000ca700000, 0x00000000ca700000|
|  34|0x00000000ca800000, 0x00000000ca800000, 0x00000000ca900000|  0%| F|  |TS  0|AC  0|TAMS 0x00000000ca800000, 0x00000000ca800000|
|  35|0x00000000ca900000, 0x00000000ca900000, 0x00000000caa00000|  0%| F|  |TS  0|AC  0|TAMS 0x00000000ca900000, 0x00000000ca900000|
|  36|0x00000000caa00000, 0x00000000caa00000, 0x00000000cab00000|  0%| F|  |TS  0|AC  0|TAMS 0x00000000caa00000, 0x00000000caa00000|
|  37|0x00000000cab00000, 0x00000000cab00000, 0x00000000cac00000|  0%| F|  |TS  0|AC  0|TAMS 0x00000000cab00000, 0x00000000cab00000|
|  38|0x00000000cac00000, 0x00000000cac00000, 0x00000000cad00000|  0%| F|  |TS  0|AC  0|TAMS 0x00000000cac00000, 0x00000000cac00000|
|  39|0x00000000cad00000, 0x00000000cad00000, 0x00000000cae00000|  0%| F|  |TS  0|AC  0|TAMS 0x00000000cad00000, 0x00000000cad00000|
|  40|0x00000000cae00000, 0x00000000cae00000, 0x00000000caf00000|  0%| F|  |TS  0|AC  0|TAMS 0x00000000cae00000, 0x00000000cae00000|
|  41|0x00000000caf00000, 0x00000000caf00000, 0x00000000cb000000|  0%| F|  |TS  0|AC  0|TAMS 0x00000000caf00000, 0x00000000caf00000|
|  42|0x00000000cb000000, 0x00000000cb000000, 0x00000000cb100000|  0%| F|  |TS  0|AC  0|TAMS 0x00000000cb000000, 0x00000000cb000000|
|  43|0x00000000cb100000, 0x00000000cb100000, 0x00000000cb200000|  0%| F|  |TS  0|AC  0|TAMS 0x00000000cb100000, 0x00000000cb100000|
|  44|0x00000000cb200000, 0x00000000cb200000, 0x00000000cb300000|  0%| F|  |TS  0|AC  0|TAMS 0x00000000cb200000, 0x00000000cb200000|
|  45|0x00000000cb300000, 0x00000000cb300000, 0x00000000cb400000|  0%| F|  |TS  0|AC  0|TAMS 0x00000000cb300000, 0x00000000cb300000|
|  46|0x00000000cb400000, 0x00000000cb400000, 0x00000000cb500000|  0%| F|  |TS  0|AC  0|TAMS 0x00000000cb400000, 0x00000000cb400000|
|  47|0x00000000cb500000, 0x00000000cb500000, 0x00000000cb600000|  0%| F|  |TS  0|AC  0|TAMS 0x00000000cb500000, 0x00000000cb500000|
|  48|0x00000000cb600000, 0x00000000cb600000, 0x00000000cb700000|  0%| F|  |TS  0|AC  0|TAMS 0x00000000cb600000, 0x00000000cb600000|
|  49|0x00000000cb700000, 0x00000000cb700000, 0x00000000cb800000|  0%| F|  |TS  0|AC  0|TAMS 0x00000000cb700000, 0x00000000cb700000|
|  50|0x00000000cb800000, 0x00000000cb800000, 0x00000000cb900000|  0%| F|  |TS  0|AC  0|TAMS 0x00000000cb800000, 0x00000000cb800000|
|  51|0x00000000cb900000, 0x00000000cb948308, 0x00000000cba00000| 28%| E|  |TS  0|AC  0|TAMS 0x00000000cb900000, 0x00000000cb900000|
|  52|0x00000000cba00000, 0x00000000cbb00000, 0x00000000cbb00000|100%| E|CS|TS  0|AC  0|TAMS 0x00000000cba00000, 0x00000000cba00000|
|  53|0x00000000cbb00000, 0x00000000cbc00000, 0x00000000cbc00000|100%| E|CS|TS  0|AC  0|TAMS 0x00000000cbb00000, 0x00000000cbb00000|
|  54|0x00000000cbc00000, 0x00000000cbd00000, 0x00000000cbd00000|100%| E|CS|TS  0|AC  0|TAMS 0x00000000cbc00000, 0x00000000cbc00000|
|  55|0x00000000cbd00000, 0x00000000cbe00000, 0x00000000cbe00000|100%| E|CS|TS  0|AC  0|TAMS 0x00000000cbd00000, 0x00000000cbd00000|

Card table byte_map: [0x0000000003580000,0x0000000003740000] byte_map_base: 0x0000000002f3d000

Marking Bits (Prev, Next): (CMBitMap*) 0x000000000036d4f0, (CMBitMap*) 0x000000000036d528
 Prev Bits: [0x0000000003900000, 0x00000000046e8000)
 Next Bits: [0x00000000046f0000, 0x00000000054d8000)

Polling page: 0x00000000000f0000

CodeHeap 'non-profiled nmethods': size=120064Kb used=98Kb max_used=98Kb free=119965Kb
 bounds [0x000000001b440000, 0x000000001b6b0000, 0x0000000022980000]
CodeHeap 'profiled nmethods': size=120000Kb used=281Kb max_used=281Kb free=119718Kb
 bounds [0x0000000013f10000, 0x0000000014180000, 0x000000001b440000]
CodeHeap 'non-nmethods': size=5696Kb used=1097Kb max_used=1097Kb free=4599Kb
 bounds [0x0000000013980000, 0x0000000013bf0000, 0x0000000013f10000]
 total_blobs=688 nmethods=270 adapters=255
 compilation: enabled

Compilation events (10 events):
Event: 1.611 Thread 0x0000000063ba4000  217       1       java.util.zip.ZipFile::access$300 (5 bytes)
Event: 1.612 Thread 0x0000000063ba4000 nmethod 217 0x000000001b452010 code [0x000000001b4521c0, 0x000000001b4522b0]
Event: 1.617 Thread 0x0000000063ba4000  219       3       java.lang.StringBuilder::<init> (7 bytes)
Event: 1.617 Thread 0x0000000063ba4000 nmethod 219 0x0000000013f55290 code [0x0000000013f55440, 0x0000000013f555e8]
Event: 1.625 Thread 0x0000000063ba4000  220       1       java.lang.ThreadLocal::access$400 (5 bytes)
Event: 1.625 Thread 0x0000000063ba4000 nmethod 220 0x000000001b452390 code [0x000000001b452540, 0x000000001b452630]
Event: 1.663 Thread 0x0000000063ba4000  222       3       java.lang.String::lastIndexOf (29 bytes)
Event: 1.664 Thread 0x0000000063ba4000 nmethod 222 0x0000000013f55690 code [0x0000000013f55860, 0x0000000013f55b58]
Event: 1.667 Thread 0x0000000063ba4000  223       3       java.lang.String::lastIndexOf (12 bytes)
Event: 1.668 Thread 0x0000000063ba4000 nmethod 223 0x0000000013f55c90 code [0x0000000013f55e80, 0x0000000013f562d8]

GC Heap History (0 events):
No events

Deoptimization events (1 events):
Event: 1.206 Thread 0x0000000000314000 Uncommon trap: reason=unstable_if action=reinterpret pc=0x000000001b444718 method=java.lang.String.hashCode()I @ 14 c2

Classes redefined (3 events):
Event: 145.139 Thread 0x0000000063b4c800 redefined class name=A, count=1
Event: 340.892 Thread 0x0000000063b4c800 redefined class name=A, count=2
Event: 366.356 Thread 0x0000000063b4c800 redefined class name=A, count=3

Internal exceptions (0 events):
No events

Events (10 events):
Event: 1044.565 Executing VM operation: GetFrameLocation done
Event: 1044.566 Executing VM operation: GetOrSetLocal
Event: 1044.567 Executing VM operation: GetOrSetLocal done
Event: 1045.036 Executing VM operation: GetFrameCount
Event: 1045.037 Executing VM operation: GetFrameCount done
Event: 1045.037 Executing VM operation: GetFrameLocation
Event: 1045.037 Executing VM operation: GetFrameLocation done
Event: 1045.040 Executing VM operation: GetFrameLocation
Event: 1045.040 Executing VM operation: GetFrameLocation done
Event: 1045.040 Executing VM operation: GetOrSetLocal


Dynamic libraries:
0x000000013f7d0000 - 0x000000013f80e000 	C:\Program Files\Java\jdk-10\bin\java.exe
0x0000000076e20000 - 0x0000000076fca000 	C:\Windows\SYSTEM32\ntdll.dll
0x0000000076c00000 - 0x0000000076d1f000 	C:\Windows\system32\kernel32.dll
0x000007fefce60000 - 0x000007fefceca000 	C:\Windows\system32\KERNELBASE.dll
0x000007fefe210000 - 0x000007fefe2eb000 	C:\Windows\system32\ADVAPI32.dll
0x000007fefe7b0000 - 0x000007fefe84f000 	C:\Windows\system32\msvcrt.dll
0x000007fefefa0000 - 0x000007fefefbf000 	C:\Windows\SYSTEM32\sechost.dll
0x000007fefe9f0000 - 0x000007fefeb1d000 	C:\Windows\system32\RPCRT4.dll
0x0000000076d20000 - 0x0000000076e1a000 	C:\Windows\system32\USER32.dll
0x000007fefeba0000 - 0x000007fefec07000 	C:\Windows\system32\GDI32.dll
0x000007fefe5c0000 - 0x000007fefe5ce000 	C:\Windows\system32\LPK.dll
0x000007fefe4f0000 - 0x000007fefe5bb000 	C:\Windows\system32\USP10.dll
0x000007fefb5e0000 - 0x000007fefb7d4000 	C:\Windows\WinSxS\amd64_microsoft.windows.common-controls_6595b64144ccf1df_6.0.7601.18837_none_fa3b1e3d17594757\COMCTL32.dll
0x000007fefe2f0000 - 0x000007fefe361000 	C:\Windows\system32\SHLWAPI.dll
0x000007fefc470000 - 0x000007fefc47c000 	C:\Windows\system32\VERSION.dll
0x000007fefced0000 - 0x000007fefcefe000 	C:\Windows\system32\IMM32.DLL
0x000007feff020000 - 0x000007feff129000 	C:\Windows\system32\MSCTF.dll
0x000007fef27c0000 - 0x000007fef28af000 	C:\Program Files\Java\jdk-10\bin\msvcr120.dll
0x000007fef2b20000 - 0x000007fef2bc6000 	C:\Program Files\Java\jdk-10\bin\msvcp120.dll
0x0000000007c60000 - 0x00000000086cf000 	C:\Program Files\Java\jdk-10\bin\server\jvm.dll
0x000007fef9970000 - 0x000007fef9979000 	C:\Windows\system32\WSOCK32.dll
0x000007fefdc90000 - 0x000007fefdcdd000 	C:\Windows\system32\WS2_32.dll
0x000007fefe9e0000 - 0x000007fefe9e8000 	C:\Windows\system32\NSI.dll
0x000007fef9100000 - 0x000007fef913b000 	C:\Windows\system32\WINMM.dll
0x0000000076fe0000 - 0x0000000076fe7000 	C:\Windows\system32\PSAPI.DLL
0x000007fef8b00000 - 0x000007fef8b0f000 	C:\Program Files\Java\jdk-10\bin\verify.dll
0x000007fef07a0000 - 0x000007fef08c5000 	C:\Windows\system32\DBGHELP.DLL
0x000007fef8ad0000 - 0x000007fef8af7000 	C:\Program Files\Java\jdk-10\bin\java.dll
0x000007fef4e40000 - 0x000007fef4e76000 	C:\Program Files\Java\jdk-10\bin\jdwp.dll
0x000007fef7b20000 - 0x000007fef7b4a000 	C:\Program Files\Java\jdk-10\bin\instrument.dll
0x000007fef8ab0000 - 0x000007fef8ac6000 	C:\Program Files\Java\jdk-10\bin\zip.dll
0x000007fef7b50000 - 0x000007fef7b5a000 	C:\Program Files\Java\jdk-10\bin\jimage.dll
0x000007fefcf00000 - 0x000007fefdc8b000 	C:\Windows\system32\SHELL32.dll
0x000007fefe010000 - 0x000007fefe20c000 	C:\Windows\system32\ole32.dll
0x000007fefcb20000 - 0x000007fefcb2f000 	C:\Windows\system32\profapi.dll
0x000007fef7b00000 - 0x000007fef7b0a000 	C:\Program Files\Java\jdk-10\bin\dt_socket.dll
0x000007fefbfb0000 - 0x000007fefc005000 	C:\Windows\system32\mswsock.dll
0x000007fefc480000 - 0x000007fefc487000 	C:\Windows\System32\wshtcpip.dll
0x000007fef4e20000 - 0x000007fef4e3a000 	C:\Program Files\Java\jdk-10\bin\net.dll
0x000007fef87d0000 - 0x000007fef8841000 	C:\Windows\system32\WINHTTP.dll
0x000007fef8760000 - 0x000007fef87c4000 	C:\Windows\system32\webio.dll
0x000007fefbfa0000 - 0x000007fefbfa7000 	C:\Windows\System32\wship6.dll
0x000007fef4e00000 - 0x000007fef4e11000 	C:\Program Files\Java\jdk-10\bin\nio.dll

dbghelp: loaded successfully - version: 4.0.5 - missing functions: none
symbol engine: initialized successfully - sym options: 0x614 - pdb path: .;C:\Program Files\Java\jdk-10\bin;C:\Windows\SYSTEM32;C:\Windows\WinSxS\amd64_microsoft.windows.common-controls_6595b64144ccf1df_6.0.7601.18837_none_fa3b1e3d17594757;C:\Program Files\Java\jdk-10\bin\server

VM Arguments:
jvm_args: -agentlib:jdwp=transport=dt_socket,address=127.0.0.1:55228,suspend=y,server=n -javaagent:C:\Users\Administrator\.IdeaIC2018.1\system\captureAgent\debugger-agent.jar=file:/C:/Users/Administrator/AppData/Local/Temp/capture.props -Dfile.encoding=UTF-8 
java_command: A
java_class_path (initial): D:\GitBash\CS61B\skeleton-sp18-master\library-sp18\javalib;D:\LCsolution\9PalindromeNumber\out\production\9PalindromeNumber;D:\library-sp18\javalib\algs4.jar;D:\library-sp18\javalib\jh61b.jar;D:\library-sp18\javalib\stdlib.jar;D:\library-sp18\javalib\junit-4.12.jar;D:\library-sp18\javalib\stdlib-package.jar;D:\library-sp18\javalib\hamcrest-core-1.3.jar;F:\Program Files\IntelliJ\IntelliJ IDEA Community Edition 2018.1.1\lib\idea_rt.jar
Launcher Type: SUN_STANDARD

Logging:
Log output configuration:
#0: stdout all=warning uptime,level,tags
#1: stderr all=off uptime,level,tags

Environment Variables:
JAVA_HOME=C:\Program Files\Java\jdk-10
PATH=C:\ProgramData\Oracle\Java\javapath;C:\Windows\system32;C:\Windows;C:\Windows\System32\Wbem;C:\Windows\System32\WindowsPowerShell\v1.0\;C:\Program Files\Java\jdk-10\bin;G:\0 code\Python\Scripts\;G:\0 code\Python\
USERNAME=Administrator
OS=Windows_NT
PROCESSOR_IDENTIFIER=AMD64 Family 18 Model 1 Stepping 0, AuthenticAMD



---------------  S Y S T E M  ---------------

OS: Windows 7 , 64 bit Build 7601 (6.1.7601.23864)

CPU:total 4 (initial active 4) (4 cores per cpu, 1 threads per core) family 18 model 1 stepping 0, cmov, cx8, fxsr, mmx, sse, sse2, sse3, popcnt, mmxext, 3dnowpref, lzcnt, sse4a, tsc, tscinvbit, tscinv

Memory: 4k page, physical 3643504k(723908k free), swap 10123316k(3669680k free)

vm_info: Java HotSpot(TM) 64-Bit Server VM (10+46) for windows-amd64 JRE (10+46), built on Mar  8 2018 02:11:18 by "mach5one" with MS VC++ 12.0 (VS2013)

END.
