#
# A fatal error has been detected by the Java Runtime Environment:
#
#  Internal Error (t:/workspace/open/src/hotspot/share/oops/generateOopMap.cpp:1632), pid=12396, tid=10712
#  Error: ShouldNotReachHere()
#
# JRE version: Java(TM) SE Runtime Environment (10.0+46) (build 10+46)
# Java VM: Java HotSpot(TM) 64-Bit Server VM (10+46, mixed mode, tiered, compressed oops, g1 gc, windows-amd64)
# No core dump will be written. Minidumps are not enabled by default on client versions of Windows
#
# If you would like to submit a bug report, please visit:
#   http://bugreport.java.com/bugreport/crash.jsp
#

---------------  S U M M A R Y ------------

Command Line: -agentlib:jdwp=transport=dt_socket,address=127.0.0.1:57690,suspend=y,server=n -javaagent:C:\Users\Administrator\AppData\Local\Temp\capture3355jars\debugger-agent.jar=file:/C:/Users/Administrator/AppData/Local/Temp/capture2.props -Dfile.encoding=UTF-8 Solution

Host: AMD A6-3400M APU with Radeon(tm) HD Graphics, 4 cores, 3G,  Windows 7 , 64 bit Build 7601 (6.1.7601.23864)
Time: Thu Jul 05 13:16:05 2018 ?D1¨²¡À¨º¡Á?¨º¡À?? elapsed time: 587 seconds (0d 0h 9m 47s)

---------------  T H R E A D  ---------------

Current thread (0x0000000021a81800):  VMThread "VM Thread" [stack: 0x0000000022cd0000,0x0000000022dd0000] [id=10712]

Stack: [0x0000000022cd0000,0x0000000022dd0000]
[error occurred during error reporting (printing stack bounds), id 0xe0000000]

Native frames: (J=compiled Java code, j=interpreted, Vv=VM code, C=native code)
V  [jvm.dll+0x59fbf9]
V  [jvm.dll+0x6bca11]
V  [jvm.dll+0x6bdc06]
V  [jvm.dll+0x6be1f5]
V  [jvm.dll+0x6be1ab]
V  [jvm.dll+0x59f3f3]
V  [jvm.dll+0x59f7f8]
C  [ntdll.dll+0x2812d]
C  [ntdll.dll+0x1855f]
C  [ntdll.dll+0x4bcb8]
C  0x000000000d760ea7

VM_Operation (0x00000000244df600): GetOrSetLocal, mode: safepoint, requested by thread 0x0000000023853000


---------------  P R O C E S S  ---------------

Threads class SMR info:
_java_thread_list=0x00000000236ab7f0, length=14, elements={
0x00000000003f2800, 0x0000000021a84000, 0x0000000021a86000, 0x0000000022afa800,
0x0000000022afc800, 0x0000000022afd800, 0x0000000022b02800, 0x0000000022b03000,
0x0000000022b48800, 0x0000000023853000, 0x000000002392a800, 0x000000002384c800,
0x000000002368e000, 0x0000000023920800
}

Java Threads: ( => current thread )
  0x00000000003f2800 JavaThread "main" [_thread_blocked, id=7152, stack(0x0000000002140000,0x0000000002240000)]
  0x0000000021a84000 JavaThread "Reference Handler" daemon [_thread_blocked, id=1196, stack(0x0000000022f40000,0x0000000023040000)]
  0x0000000021a86000 JavaThread "Finalizer" daemon [_thread_blocked, id=12876, stack(0x0000000022e40000,0x0000000022f40000)]
  0x0000000022afa800 JavaThread "Signal Dispatcher" daemon [_thread_blocked, id=11288, stack(0x0000000021ab0000,0x0000000021bb0000)]
  0x0000000022afc800 JavaThread "Attach Listener" daemon [_thread_blocked, id=13328, stack(0x0000000023050000,0x0000000023150000)]
  0x0000000022afd800 JavaThread "C2 CompilerThread0" daemon [_thread_blocked, id=14012, stack(0x0000000021fe0000,0x00000000220e0000)]
  0x0000000022b02800 JavaThread "C2 CompilerThread1" daemon [_thread_blocked, id=14560, stack(0x00000000231a0000,0x00000000232a0000)]
  0x0000000022b03000 JavaThread "C1 CompilerThread2" daemon [_thread_blocked, id=13044, stack(0x0000000023320000,0x0000000023420000)]
  0x0000000022b48800 JavaThread "Sweeper thread" daemon [_thread_blocked, id=12804, stack(0x0000000023510000,0x0000000023610000)]
  0x0000000023853000 JavaThread "JDWP Transport Listener: dt_socket" daemon [_thread_blocked, id=12284, stack(0x00000000243e0000,0x00000000244e0000)] _threads_hazard_ptr=0x00000000236ab7f0
  0x000000002392a800 JavaThread "JDWP Event Helper Thread" daemon [_thread_blocked, id=12480, stack(0x0000000024660000,0x0000000024760000)]
  0x000000002384c800 JavaThread "JDWP Command Reader" daemon [_thread_in_native, id=8716, stack(0x0000000024530000,0x0000000024630000)]
  0x000000002368e000 JavaThread "Common-Cleaner" daemon [_thread_blocked, id=14876, stack(0x0000000024880000,0x0000000024980000)]
  0x0000000023920800 JavaThread "Service Thread" daemon [_thread_blocked, id=7312, stack(0x0000000024990000,0x0000000024a90000)]

Other Threads:
=>0x0000000021a81800 VMThread "VM Thread" [stack: 0x0000000022cd0000,0x0000000022dd0000] [id=10712]
  0x00000000236ac000 WatcherThread [stack: 0x0000000024bc0000,0x0000000024cc0000] [id=11172]
  0x000000000041e000 GCTaskThread "GC Thread#0" [stack: 0x000000001c880000,0x000000001c980000] [id=9584]
  0x000000000041f800 GCTaskThread "GC Thread#1" [stack: 0x000000001ca10000,0x000000001cb10000] [id=11744]
  0x0000000000421800 GCTaskThread "GC Thread#2" [stack: 0x000000001cb80000,0x000000001cc80000] [id=8216]
  0x0000000000424800 GCTaskThread "GC Thread#3" [stack: 0x000000001cdf0000,0x000000001cef0000] [id=14900]
  0x0000000000456000 ConcurrentGCThread "G1 Main Marker" [stack: 0x000000001f2b0000,0x000000001f3b0000] [id=12864]
  0x0000000000458000 ConcurrentGCThread "G1 Conc#0" [stack: 0x000000001f560000,0x000000001f660000] [id=1984]
  0x00000000219a4800 ConcurrentGCThread "G1 Refine#0" [stack: 0x0000000021bb0000,0x0000000021cb0000] [id=15132]
  0x00000000219a9000 ConcurrentGCThread "G1 Refine#1" [stack: 0x0000000021dc0000,0x0000000021ec0000] [id=4040]
  0x00000000219ac800 ConcurrentGCThread "G1 Refine#2" [stack: 0x0000000021ee0000,0x0000000021fe0000] [id=10028]
  0x00000000219ad800 ConcurrentGCThread "G1 Refine#3" [stack: 0x0000000021cb0000,0x0000000021db0000] [id=14960]
  0x00000000219ae800 ConcurrentGCThread "G1 Young RemSet Sampling" [stack: 0x0000000022120000,0x0000000022220000] [id=1716]

Threads with active compile tasks:

VM state:at safepoint (normal execution)

VM Mutex/Monitor currently owned by a thread:  ([mutex/lock_event])
[0x00000000003eefb0] Threads_lock - owner thread: 0x0000000021a81800

Heap address: 0x00000000c8600000, size: 890 MB, Compressed Oops mode: 32-bit
Narrow klass base: 0x0000000000000000, Narrow klass shift: 0
Compressed class space size: 1073741824 Address: 0x000000007fff0000

Heap:
 garbage-first heap   total 57344K, used 2048K [0x00000000c8600000, 0x0000000100000000)
  region size 1024K, 3 young (3072K), 0 survivors (0K)
 Metaspace       used 5221K, capacity 5328K, committed 5376K, reserved 1056768K
  class space    used 438K, capacity 496K, committed 512K, reserved 1048576K
Heap Regions: E=young(eden), S=young(survivor), O=old, HS=humongous(starts), HC=humongous(continues), CS=collection set, F=free, A=archive, TS=gc time stamp, AC=allocation context, TAMS=top-at-mark-start (previous, next)
|   0|0x00000000c8600000, 0x00000000c8600000, 0x00000000c8700000|  0%| F|  |TS  0|AC  0|TAMS 0x00000000c8600000, 0x00000000c8600000|
|   1|0x00000000c8700000, 0x00000000c8700000, 0x00000000c8800000|  0%| F|  |TS  0|AC  0|TAMS 0x00000000c8700000, 0x00000000c8700000|
|   2|0x00000000c8800000, 0x00000000c8800000, 0x00000000c8900000|  0%| F|  |TS  0|AC  0|TAMS 0x00000000c8800000, 0x00000000c8800000|
|   3|0x00000000c8900000, 0x00000000c8900000, 0x00000000c8a00000|  0%| F|  |TS  0|AC  0|TAMS 0x00000000c8900000, 0x00000000c8900000|
|   4|0x00000000c8a00000, 0x00000000c8a00000, 0x00000000c8b00000|  0%| F|  |TS  0|AC  0|TAMS 0x00000000c8a00000, 0x00000000c8a00000|
|   5|0x00000000c8b00000, 0x00000000c8b00000, 0x00000000c8c00000|  0%| F|  |TS  0|AC  0|TAMS 0x00000000c8b00000, 0x00000000c8b00000|
|   6|0x00000000c8c00000, 0x00000000c8c00000, 0x00000000c8d00000|  0%| F|  |TS  0|AC  0|TAMS 0x00000000c8c00000, 0x00000000c8c00000|
|   7|0x00000000c8d00000, 0x00000000c8d00000, 0x00000000c8e00000|  0%| F|  |TS  0|AC  0|TAMS 0x00000000c8d00000, 0x00000000c8d00000|
|   8|0x00000000c8e00000, 0x00000000c8e00000, 0x00000000c8f00000|  0%| F|  |TS  0|AC  0|TAMS 0x00000000c8e00000, 0x00000000c8e00000|
|   9|0x00000000c8f00000, 0x00000000c8f00000, 0x00000000c9000000|  0%| F|  |TS  0|AC  0|TAMS 0x00000000c8f00000, 0x00000000c8f00000|
|  10|0x00000000c9000000, 0x00000000c9000000, 0x00000000c9100000|  0%| F|  |TS  0|AC  0|TAMS 0x00000000c9000000, 0x00000000c9000000|
|  11|0x00000000c9100000, 0x00000000c9100000, 0x00000000c9200000|  0%| F|  |TS  0|AC  0|TAMS 0x00000000c9100000, 0x00000000c9100000|
|  12|0x00000000c9200000, 0x00000000c9200000, 0x00000000c9300000|  0%| F|  |TS  0|AC  0|TAMS 0x00000000c9200000, 0x00000000c9200000|
|  13|0x00000000c9300000, 0x00000000c9300000, 0x00000000c9400000|  0%| F|  |TS  0|AC  0|TAMS 0x00000000c9300000, 0x00000000c9300000|
|  14|0x00000000c9400000, 0x00000000c9400000, 0x00000000c9500000|  0%| F|  |TS  0|AC  0|TAMS 0x00000000c9400000, 0x00000000c9400000|
|  15|0x00000000c9500000, 0x00000000c9500000, 0x00000000c9600000|  0%| F|  |TS  0|AC  0|TAMS 0x00000000c9500000, 0x00000000c9500000|
|  16|0x00000000c9600000, 0x00000000c9600000, 0x00000000c9700000|  0%| F|  |TS  0|AC  0|TAMS 0x00000000c9600000, 0x00000000c9600000|
|  17|0x00000000c9700000, 0x00000000c9700000, 0x00000000c9800000|  0%| F|  |TS  0|AC  0|TAMS 0x00000000c9700000, 0x00000000c9700000|
|  18|0x00000000c9800000, 0x00000000c9800000, 0x00000000c9900000|  0%| F|  |TS  0|AC  0|TAMS 0x00000000c9800000, 0x00000000c9800000|
|  19|0x00000000c9900000, 0x00000000c9900000, 0x00000000c9a00000|  0%| F|  |TS  0|AC  0|TAMS 0x00000000c9900000, 0x00000000c9900000|
|  20|0x00000000c9a00000, 0x00000000c9a00000, 0x00000000c9b00000|  0%| F|  |TS  0|AC  0|TAMS 0x00000000c9a00000, 0x00000000c9a00000|
|  21|0x00000000c9b00000, 0x00000000c9b00000, 0x00000000c9c00000|  0%| F|  |TS  0|AC  0|TAMS 0x00000000c9b00000, 0x00000000c9b00000|
|  22|0x00000000c9c00000, 0x00000000c9c00000, 0x00000000c9d00000|  0%| F|  |TS  0|AC  0|TAMS 0x00000000c9c00000, 0x00000000c9c00000|
|  23|0x00000000c9d00000, 0x00000000c9d00000, 0x00000000c9e00000|  0%| F|  |TS  0|AC  0|TAMS 0x00000000c9d00000, 0x00000000c9d00000|
|  24|0x00000000c9e00000, 0x00000000c9e00000, 0x00000000c9f00000|  0%| F|  |TS  0|AC  0|TAMS 0x00000000c9e00000, 0x00000000c9e00000|
|  25|0x00000000c9f00000, 0x00000000c9f00000, 0x00000000ca000000|  0%| F|  |TS  0|AC  0|TAMS 0x00000000c9f00000, 0x00000000c9f00000|
|  26|0x00000000ca000000, 0x00000000ca000000, 0x00000000ca100000|  0%| F|  |TS  0|AC  0|TAMS 0x00000000ca000000, 0x00000000ca000000|
|  27|0x00000000ca100000, 0x00000000ca100000, 0x00000000ca200000|  0%| F|  |TS  0|AC  0|TAMS 0x00000000ca100000, 0x00000000ca100000|
|  28|0x00000000ca200000, 0x00000000ca200000, 0x00000000ca300000|  0%| F|  |TS  0|AC  0|TAMS 0x00000000ca200000, 0x00000000ca200000|
|  29|0x00000000ca300000, 0x00000000ca300000, 0x00000000ca400000|  0%| F|  |TS  0|AC  0|TAMS 0x00000000ca300000, 0x00000000ca300000|
|  30|0x00000000ca400000, 0x00000000ca400000, 0x00000000ca500000|  0%| F|  |TS  0|AC  0|TAMS 0x00000000ca400000, 0x00000000ca400000|
|  31|0x00000000ca500000, 0x00000000ca500000, 0x00000000ca600000|  0%| F|  |TS  0|AC  0|TAMS 0x00000000ca500000, 0x00000000ca500000|
|  32|0x00000000ca600000, 0x00000000ca600000, 0x00000000ca700000|  0%| F|  |TS  0|AC  0|TAMS 0x00000000ca600000, 0x00000000ca600000|
|  33|0x00000000ca700000, 0x00000000ca700000, 0x00000000ca800000|  0%| F|  |TS  0|AC  0|TAMS 0x00000000ca700000, 0x00000000ca700000|
|  34|0x00000000ca800000, 0x00000000ca800000, 0x00000000ca900000|  0%| F|  |TS  0|AC  0|TAMS 0x00000000ca800000, 0x00000000ca800000|
|  35|0x00000000ca900000, 0x00000000ca900000, 0x00000000caa00000|  0%| F|  |TS  0|AC  0|TAMS 0x00000000ca900000, 0x00000000ca900000|
|  36|0x00000000caa00000, 0x00000000caa00000, 0x00000000cab00000|  0%| F|  |TS  0|AC  0|TAMS 0x00000000caa00000, 0x00000000caa00000|
|  37|0x00000000cab00000, 0x00000000cab00000, 0x00000000cac00000|  0%| F|  |TS  0|AC  0|TAMS 0x00000000cab00000, 0x00000000cab00000|
|  38|0x00000000cac00000, 0x00000000cac00000, 0x00000000cad00000|  0%| F|  |TS  0|AC  0|TAMS 0x00000000cac00000, 0x00000000cac00000|
|  39|0x00000000cad00000, 0x00000000cad00000, 0x00000000cae00000|  0%| F|  |TS  0|AC  0|TAMS 0x00000000cad00000, 0x00000000cad00000|
|  40|0x00000000cae00000, 0x00000000cae00000, 0x00000000caf00000|  0%| F|  |TS  0|AC  0|TAMS 0x00000000cae00000, 0x00000000cae00000|
|  41|0x00000000caf00000, 0x00000000caf00000, 0x00000000cb000000|  0%| F|  |TS  0|AC  0|TAMS 0x00000000caf00000, 0x00000000caf00000|
|  42|0x00000000cb000000, 0x00000000cb000000, 0x00000000cb100000|  0%| F|  |TS  0|AC  0|TAMS 0x00000000cb000000, 0x00000000cb000000|
|  43|0x00000000cb100000, 0x00000000cb100000, 0x00000000cb200000|  0%| F|  |TS  0|AC  0|TAMS 0x00000000cb100000, 0x00000000cb100000|
|  44|0x00000000cb200000, 0x00000000cb200000, 0x00000000cb300000|  0%| F|  |TS  0|AC  0|TAMS 0x00000000cb200000, 0x00000000cb200000|
|  45|0x00000000cb300000, 0x00000000cb300000, 0x00000000cb400000|  0%| F|  |TS  0|AC  0|TAMS 0x00000000cb300000, 0x00000000cb300000|
|  46|0x00000000cb400000, 0x00000000cb400000, 0x00000000cb500000|  0%| F|  |TS  0|AC  0|TAMS 0x00000000cb400000, 0x00000000cb400000|
|  47|0x00000000cb500000, 0x00000000cb500000, 0x00000000cb600000|  0%| F|  |TS  0|AC  0|TAMS 0x00000000cb500000, 0x00000000cb500000|
|  48|0x00000000cb600000, 0x00000000cb600000, 0x00000000cb700000|  0%| F|  |TS  0|AC  0|TAMS 0x00000000cb600000, 0x00000000cb600000|
|  49|0x00000000cb700000, 0x00000000cb700000, 0x00000000cb800000|  0%| F|  |TS  0|AC  0|TAMS 0x00000000cb700000, 0x00000000cb700000|
|  50|0x00000000cb800000, 0x00000000cb800000, 0x00000000cb900000|  0%| F|  |TS  0|AC  0|TAMS 0x00000000cb800000, 0x00000000cb800000|
|  51|0x00000000cb900000, 0x00000000cb900000, 0x00000000cba00000|  0%| F|  |TS  0|AC  0|TAMS 0x00000000cb900000, 0x00000000cb900000|
|  52|0x00000000cba00000, 0x00000000cba00000, 0x00000000cbb00000|  0%| F|  |TS  0|AC  0|TAMS 0x00000000cba00000, 0x00000000cba00000|
|  53|0x00000000cbb00000, 0x00000000cbc00000, 0x00000000cbc00000|100%| E|  |TS  0|AC  0|TAMS 0x00000000cbb00000, 0x00000000cbb00000|
|  54|0x00000000cbc00000, 0x00000000cbd00000, 0x00000000cbd00000|100%| E|CS|TS  0|AC  0|TAMS 0x00000000cbc00000, 0x00000000cbc00000|
|  55|0x00000000cbd00000, 0x00000000cbe00000, 0x00000000cbe00000|100%| E|CS|TS  0|AC  0|TAMS 0x00000000cbd00000, 0x00000000cbd00000|

Card table byte_map: [0x000000001d2d0000,0x000000001d490000] byte_map_base: 0x000000001cc8d000

Marking Bits (Prev, Next): (CMBitMap*) 0x0000000000455570, (CMBitMap*) 0x00000000004555a8
 Prev Bits: [0x000000001d650000, 0x000000001e438000)
 Next Bits: [0x000000001e440000, 0x000000001f228000)

Polling page: 0x0000000000080000

CodeHeap 'non-profiled nmethods': size=120064Kb used=68Kb max_used=68Kb free=119995Kb
 bounds [0x0000000015220000, 0x0000000015490000, 0x000000001c760000]
CodeHeap 'profiled nmethods': size=120000Kb used=257Kb max_used=257Kb free=119742Kb
 bounds [0x000000000dcf0000, 0x000000000df60000, 0x0000000015220000]
CodeHeap 'non-nmethods': size=5696Kb used=1069Kb max_used=1081Kb free=4626Kb
 bounds [0x000000000d760000, 0x000000000d9d0000, 0x000000000dcf0000]
 total_blobs=575 nmethods=201 adapters=211
 compilation: enabled

Compilation events (10 events):
Event: 0.658 Thread 0x0000000022b03000 nmethod 196 0x000000000dd2ea90 code [0x000000000dd2ec80, 0x000000000dd2f038]
Event: 0.658 Thread 0x0000000022b03000  198       3       java.util.zip.ZipUtils::LG (22 bytes)
Event: 0.658 Thread 0x0000000022b03000 nmethod 198 0x000000000dd2f210 code [0x000000000dd2f3e0, 0x000000000dd2f690]
Event: 0.658 Thread 0x0000000022afd800 nmethod 197 0x0000000015230910 code [0x0000000015230aa0, 0x0000000015230bf8]
Event: 0.666 Thread 0x0000000022b03000  199       3       java.lang.AbstractStringBuilder::newCapacity (55 bytes)
Event: 0.667 Thread 0x0000000022b03000 nmethod 199 0x000000000dd2f810 code [0x000000000dd2f9e0, 0x000000000dd2fc88]
Event: 0.675 Thread 0x0000000022b02800  200       4       java.lang.StringLatin1::indexOf (61 bytes)
Event: 0.682 Thread 0x0000000022b02800 nmethod 200 0x0000000015230d10 code [0x0000000015230ea0, 0x0000000015231058]
Event: 10.508 Thread 0x0000000022b03000  201       3       java.lang.StringBuilder::toString (35 bytes)
Event: 10.509 Thread 0x0000000022b03000 nmethod 201 0x000000000dd2fd90 code [0x000000000dd2ff80, 0x000000000dd30498]

GC Heap History (0 events):
No events

Deoptimization events (1 events):
Event: 0.527 Thread 0x00000000003f2800 Uncommon trap: reason=unstable_if action=reinterpret pc=0x0000000015225194 method=java.lang.String.hashCode()I @ 14 c2

Classes redefined (5 events):
Event: 74.759 Thread 0x0000000021a81800 redefined class name=Solution, count=1
Event: 136.603 Thread 0x0000000021a81800 redefined class name=Solution, count=2
Event: 157.383 Thread 0x0000000021a81800 redefined class name=Solution, count=3
Event: 455.649 Thread 0x0000000021a81800 redefined class name=Solution, count=4
Event: 586.960 Thread 0x0000000021a81800 redefined class name=Solution, count=5

Internal exceptions (0 events):
No events

Events (10 events):
Event: 587.080 Executing VM operation: GetFrameLocation done
Event: 587.081 Executing VM operation: GetOrSetLocal
Event: 587.081 Executing VM operation: GetOrSetLocal done
Event: 587.084 Executing VM operation: GetFrameCount
Event: 587.084 Executing VM operation: GetFrameCount done
Event: 587.084 Executing VM operation: GetFrameLocation
Event: 587.084 Executing VM operation: GetFrameLocation done
Event: 587.085 Executing VM operation: GetFrameLocation
Event: 587.085 Executing VM operation: GetFrameLocation done
Event: 587.085 Executing VM operation: GetOrSetLocal


Dynamic libraries:
0x000000013f920000 - 0x000000013f95e000 	C:\Program Files\Java\jdk-10\bin\java.exe
0x0000000076eb0000 - 0x000000007705a000 	C:\Windows\SYSTEM32\ntdll.dll
0x0000000076d90000 - 0x0000000076eaf000 	C:\Windows\system32\kernel32.dll
0x000007fefcef0000 - 0x000007fefcf5a000 	C:\Windows\system32\KERNELBASE.dll
0x000007fefdcc0000 - 0x000007fefdd9b000 	C:\Windows\system32\ADVAPI32.dll
0x000007fefee60000 - 0x000007fefeeff000 	C:\Windows\system32\msvcrt.dll
0x000007feff120000 - 0x000007feff13f000 	C:\Windows\SYSTEM32\sechost.dll
0x000007fefd170000 - 0x000007fefd29d000 	C:\Windows\system32\RPCRT4.dll
0x0000000076c90000 - 0x0000000076d8a000 	C:\Windows\system32\USER32.dll
0x000007fefd470000 - 0x000007fefd4d7000 	C:\Windows\system32\GDI32.dll
0x000007feff100000 - 0x000007feff10e000 	C:\Windows\system32\LPK.dll
0x000007fefd3a0000 - 0x000007fefd46b000 	C:\Windows\system32\USP10.dll
0x000007fefb670000 - 0x000007fefb864000 	C:\Windows\WinSxS\amd64_microsoft.windows.common-controls_6595b64144ccf1df_6.0.7601.18837_none_fa3b1e3d17594757\COMCTL32.dll
0x000007fefd2a0000 - 0x000007fefd311000 	C:\Windows\system32\SHLWAPI.dll
0x000007fefc490000 - 0x000007fefc49c000 	C:\Windows\system32\VERSION.dll
0x000007fefcf60000 - 0x000007fefcf8e000 	C:\Windows\system32\IMM32.DLL
0x000007fefd930000 - 0x000007fefda39000 	C:\Windows\system32\MSCTF.dll
0x000007feefbe0000 - 0x000007feefccf000 	C:\Program Files\Java\jdk-10\bin\msvcr120.dll
0x000007fef01d0000 - 0x000007fef0276000 	C:\Program Files\Java\jdk-10\bin\msvcp120.dll
0x000000005caf0000 - 0x000000005d55f000 	C:\Program Files\Java\jdk-10\bin\server\jvm.dll
0x000007fefa970000 - 0x000007fefa979000 	C:\Windows\system32\WSOCK32.dll
0x000007fefdc70000 - 0x000007fefdcbd000 	C:\Windows\system32\WS2_32.dll
0x000007feff110000 - 0x000007feff118000 	C:\Windows\system32\NSI.dll
0x000007fef8b10000 - 0x000007fef8b4b000 	C:\Windows\system32\WINMM.dll
0x0000000077080000 - 0x0000000077087000 	C:\Windows\system32\PSAPI.DLL
0x000007fef7a40000 - 0x000007fef7a4f000 	C:\Program Files\Java\jdk-10\bin\verify.dll
0x000007fef1bb0000 - 0x000007fef1cd5000 	C:\Windows\system32\DBGHELP.DLL
0x000007fef3f20000 - 0x000007fef3f47000 	C:\Program Files\Java\jdk-10\bin\java.dll
0x000007fef33e0000 - 0x000007fef3416000 	C:\Program Files\Java\jdk-10\bin\jdwp.dll
0x000007fef3560000 - 0x000007fef358a000 	C:\Program Files\Java\jdk-10\bin\instrument.dll
0x000007fef42b0000 - 0x000007fef42c6000 	C:\Program Files\Java\jdk-10\bin\zip.dll
0x000007fefc410000 - 0x000007fefc41a000 	C:\Program Files\Java\jdk-10\bin\jimage.dll
0x000007fefe0d0000 - 0x000007fefee5b000 	C:\Windows\system32\SHELL32.dll
0x000007fefef00000 - 0x000007feff0fc000 	C:\Windows\system32\ole32.dll
0x000007fefcba0000 - 0x000007fefcbaf000 	C:\Windows\system32\profapi.dll
0x000007fef7a30000 - 0x000007fef7a3a000 	C:\Program Files\Java\jdk-10\bin\dt_socket.dll
0x000007fefc040000 - 0x000007fefc095000 	C:\Windows\system32\mswsock.dll
0x000007fefc4a0000 - 0x000007fefc4a7000 	C:\Windows\System32\wshtcpip.dll
0x000007fef3f00000 - 0x000007fef3f1a000 	C:\Program Files\Java\jdk-10\bin\net.dll
0x000007fef9920000 - 0x000007fef9991000 	C:\Windows\system32\WINHTTP.dll
0x000007fef83e0000 - 0x000007fef8444000 	C:\Windows\system32\webio.dll
0x000007fefc030000 - 0x000007fefc037000 	C:\Windows\System32\wship6.dll
0x000007fef33c0000 - 0x000007fef33d1000 	C:\Program Files\Java\jdk-10\bin\nio.dll

dbghelp: loaded successfully - version: 4.0.5 - missing functions: none
symbol engine: initialized successfully - sym options: 0x614 - pdb path: .;C:\Program Files\Java\jdk-10\bin;C:\Windows\SYSTEM32;C:\Windows\WinSxS\amd64_microsoft.windows.common-controls_6595b64144ccf1df_6.0.7601.18837_none_fa3b1e3d17594757;C:\Program Files\Java\jdk-10\bin\server

VM Arguments:
jvm_args: -agentlib:jdwp=transport=dt_socket,address=127.0.0.1:57690,suspend=y,server=n -javaagent:C:\Users\Administrator\AppData\Local\Temp\capture3355jars\debugger-agent.jar=file:/C:/Users/Administrator/AppData/Local/Temp/capture2.props -Dfile.encoding=UTF-8 
java_command: Solution
java_class_path (initial): D:\LCsolution\394. Decode String\out\production\394. Decode String;D:\Program Files\JetBrains\IntelliJ IDEA Community Edition 2018.1.1\lib\idea_rt.jar
Launcher Type: SUN_STANDARD

Logging:
Log output configuration:
#0: stdout all=warning uptime,level,tags
#1: stderr all=off uptime,level,tags

Environment Variables:
JAVA_HOME=C:\Program Files\Java\jdk-10
PATH=C:\ProgramData\Oracle\Java\javapath;C:\Windows\system32;C:\Windows;C:\Windows\System32\Wbem;C:\Windows\System32\WindowsPowerShell\v1.0\;C:\Program Files\Java\jdk-10\bin;G:\0 code\Python\Scripts\;G:\0 code\Python\;C:\Users\Administrator\AppData\Local\GitHubDesktop\bin
USERNAME=Administrator
OS=Windows_NT
PROCESSOR_IDENTIFIER=AMD64 Family 18 Model 1 Stepping 0, AuthenticAMD



---------------  S Y S T E M  ---------------

OS: Windows 7 , 64 bit Build 7601 (6.1.7601.23864)

CPU:total 4 (initial active 4) (4 cores per cpu, 1 threads per core) family 18 model 1 stepping 0, cmov, cx8, fxsr, mmx, sse, sse2, sse3, popcnt, mmxext, 3dnowpref, lzcnt, sse4a, tsc, tscinvbit, tscinv

Memory: 4k page, physical 3643504k(193452k free), swap 13356336k(4548300k free)

vm_info: Java HotSpot(TM) 64-Bit Server VM (10+46) for windows-amd64 JRE (10+46), built on Mar  8 2018 02:11:18 by "mach5one" with MS VC++ 12.0 (VS2013)

END.
