#
# A fatal error has been detected by the Java Runtime Environment:
#
#  Internal Error (t:/workspace/open/src/hotspot/share/oops/generateOopMap.cpp:1632), pid=14088, tid=12672
#  Error: ShouldNotReachHere()
#
# JRE version: Java(TM) SE Runtime Environment (10.0+46) (build 10+46)
# Java VM: Java HotSpot(TM) 64-Bit Server VM (10+46, mixed mode, tiered, compressed oops, g1 gc, windows-amd64)
# No core dump will be written. Minidumps are not enabled by default on client versions of Windows
#
# If you would like to submit a bug report, please visit:
#   http://bugreport.java.com/bugreport/crash.jsp
#

---------------  S U M M A R Y ------------

Command Line: -agentlib:jdwp=transport=dt_socket,address=127.0.0.1:58293,suspend=y,server=n -javaagent:C:\Users\Administrator\AppData\Local\Temp\capture6159jars\debugger-agent.jar=file:/C:/Users/Administrator/AppData/Local/Temp/capture2.props -Dfile.encoding=UTF-8 Solution

Host: AMD A6-3400M APU with Radeon(tm) HD Graphics, 4 cores, 3G,  Windows 7 , 64 bit Build 7601 (6.1.7601.23864)
Time: Thu Jul 05 15:50:37 2018 ?D1¨²¡À¨º¡Á?¨º¡À?? elapsed time: 532 seconds (0d 0h 8m 52s)

---------------  T H R E A D  ---------------

Current thread (0x00000000218ea800):  VMThread "VM Thread" [stack: 0x0000000063640000,0x0000000063740000] [id=12672]

Stack: [0x0000000063640000,0x0000000063740000]
[error occurred during error reporting (printing stack bounds), id 0xe0000000]

Native frames: (J=compiled Java code, j=interpreted, Vv=VM code, C=native code)
V  [jvm.dll+0x59fbf9]
V  [jvm.dll+0x6bca11]
V  [jvm.dll+0x6bdc06]
V  [jvm.dll+0x6be1f5]
V  [jvm.dll+0x6be1ab]
V  [jvm.dll+0x59f3f3]
V  [jvm.dll+0x59f7f8]
C  [ntdll.dll+0x2812d]
C  [ntdll.dll+0x1855f]
C  [ntdll.dll+0x4bcb8]
C  0x000000000d9a0ea7

VM_Operation (0x000000006486f170): GetOrSetLocal, mode: safepoint, requested by thread 0x0000000064307000


---------------  P R O C E S S  ---------------

Threads class SMR info:
_java_thread_list=0x00000000645792a0, length=14, elements={
0x0000000000382800, 0x00000000218ed000, 0x00000000218f1000, 0x00000000633ed800,
0x00000000633ef800, 0x00000000633f0800, 0x00000000633fd800, 0x000000006340e000,
0x0000000063429800, 0x0000000064307000, 0x000000006431e000, 0x000000006431f000,
0x000000006454d000, 0x0000000064572000
}

Java Threads: ( => current thread )
  0x0000000000382800 JavaThread "main" [_thread_blocked, id=14568, stack(0x00000000020e0000,0x00000000021e0000)]
  0x00000000218ed000 JavaThread "Reference Handler" daemon [_thread_blocked, id=3868, stack(0x00000000637b0000,0x00000000638b0000)]
  0x00000000218f1000 JavaThread "Finalizer" daemon [_thread_blocked, id=13748, stack(0x0000000063540000,0x0000000063640000)]
  0x00000000633ed800 JavaThread "Signal Dispatcher" daemon [_thread_blocked, id=14348, stack(0x0000000063930000,0x0000000063a30000)]
  0x00000000633ef800 JavaThread "Attach Listener" daemon [_thread_blocked, id=9084, stack(0x0000000063bb0000,0x0000000063cb0000)]
  0x00000000633f0800 JavaThread "C2 CompilerThread0" daemon [_thread_blocked, id=12384, stack(0x0000000063da0000,0x0000000063ea0000)]
  0x00000000633fd800 JavaThread "C2 CompilerThread1" daemon [_thread_blocked, id=11500, stack(0x0000000063ee0000,0x0000000063fe0000)]
  0x000000006340e000 JavaThread "C1 CompilerThread2" daemon [_thread_blocked, id=5956, stack(0x0000000063fe0000,0x00000000640e0000)]
  0x0000000063429800 JavaThread "Sweeper thread" daemon [_thread_blocked, id=4612, stack(0x00000000640e0000,0x00000000641e0000)]
  0x0000000064307000 JavaThread "JDWP Transport Listener: dt_socket" daemon [_thread_blocked, id=12884, stack(0x0000000064770000,0x0000000064870000)] _threads_hazard_ptr=0x00000000645792a0
  0x000000006431e000 JavaThread "JDWP Event Helper Thread" daemon [_thread_blocked, id=14244, stack(0x0000000064630000,0x0000000064730000)]
  0x000000006431f000 JavaThread "JDWP Command Reader" daemon [_thread_in_native, id=4184, stack(0x0000000064920000,0x0000000064a20000)]
  0x000000006454d000 JavaThread "Common-Cleaner" daemon [_thread_blocked, id=13524, stack(0x0000000064be0000,0x0000000064ce0000)]
  0x0000000064572000 JavaThread "Service Thread" daemon [_thread_blocked, id=13424, stack(0x0000000064a60000,0x0000000064b60000)]

Other Threads:
=>0x00000000218ea800 VMThread "VM Thread" [stack: 0x0000000063640000,0x0000000063740000] [id=12672]
  0x0000000064576000 WatcherThread [stack: 0x0000000064e50000,0x0000000064f50000] [id=9232]
  0x00000000003ae000 GCTaskThread "GC Thread#0" [stack: 0x00000000023d0000,0x00000000024d0000] [id=8076]
  0x00000000003af800 GCTaskThread "GC Thread#1" [stack: 0x000000001cb10000,0x000000001cc10000] [id=9284]
  0x00000000003b1000 GCTaskThread "GC Thread#2" [stack: 0x00000000024f0000,0x00000000025f0000] [id=13176]
  0x00000000003b4000 GCTaskThread "GC Thread#3" [stack: 0x000000001c9c0000,0x000000001cac0000] [id=11304]
  0x00000000003e5800 ConcurrentGCThread "G1 Main Marker" [stack: 0x000000001f1c0000,0x000000001f2c0000] [id=5000]
  0x00000000003e7000 ConcurrentGCThread "G1 Conc#0" [stack: 0x000000001f3d0000,0x000000001f4d0000] [id=6940]
  0x0000000021810800 ConcurrentGCThread "G1 Refine#0" [stack: 0x0000000021990000,0x0000000021a90000] [id=12876]
  0x0000000000407800 ConcurrentGCThread "G1 Refine#1" [stack: 0x0000000021b40000,0x0000000021c40000] [id=7380]
  0x000000000040c000 ConcurrentGCThread "G1 Refine#2" [stack: 0x0000000021d20000,0x0000000021e20000] [id=13300]
  0x000000000040d000 ConcurrentGCThread "G1 Refine#3" [stack: 0x0000000021fb0000,0x00000000220b0000] [id=10060]
  0x000000000040d800 ConcurrentGCThread "G1 Young RemSet Sampling" [stack: 0x0000000021e20000,0x0000000021f20000] [id=11120]

Threads with active compile tasks:

VM state:at safepoint (normal execution)

VM Mutex/Monitor currently owned by a thread:  ([mutex/lock_event])
[0x000000000037efb0] Threads_lock - owner thread: 0x00000000218ea800

Heap address: 0x00000000c8600000, size: 890 MB, Compressed Oops mode: 32-bit
Narrow klass base: 0x0000000000000000, Narrow klass shift: 0
Compressed class space size: 1073741824 Address: 0x00000000220b0000

Heap:
 garbage-first heap   total 57344K, used 4096K [0x00000000c8600000, 0x0000000100000000)
  region size 1024K, 5 young (5120K), 0 survivors (0K)
 Metaspace       used 6153K, capacity 6345K, committed 6528K, reserved 1056768K
  class space    used 511K, capacity 582K, committed 640K, reserved 1048576K
Heap Regions: E=young(eden), S=young(survivor), O=old, HS=humongous(starts), HC=humongous(continues), CS=collection set, F=free, A=archive, TS=gc time stamp, AC=allocation context, TAMS=top-at-mark-start (previous, next)
|   0|0x00000000c8600000, 0x00000000c8600000, 0x00000000c8700000|  0%| F|  |TS  0|AC  0|TAMS 0x00000000c8600000, 0x00000000c8600000|
|   1|0x00000000c8700000, 0x00000000c8700000, 0x00000000c8800000|  0%| F|  |TS  0|AC  0|TAMS 0x00000000c8700000, 0x00000000c8700000|
|   2|0x00000000c8800000, 0x00000000c8800000, 0x00000000c8900000|  0%| F|  |TS  0|AC  0|TAMS 0x00000000c8800000, 0x00000000c8800000|
|   3|0x00000000c8900000, 0x00000000c8900000, 0x00000000c8a00000|  0%| F|  |TS  0|AC  0|TAMS 0x00000000c8900000, 0x00000000c8900000|
|   4|0x00000000c8a00000, 0x00000000c8a00000, 0x00000000c8b00000|  0%| F|  |TS  0|AC  0|TAMS 0x00000000c8a00000, 0x00000000c8a00000|
|   5|0x00000000c8b00000, 0x00000000c8b00000, 0x00000000c8c00000|  0%| F|  |TS  0|AC  0|TAMS 0x00000000c8b00000, 0x00000000c8b00000|
|   6|0x00000000c8c00000, 0x00000000c8c00000, 0x00000000c8d00000|  0%| F|  |TS  0|AC  0|TAMS 0x00000000c8c00000, 0x00000000c8c00000|
|   7|0x00000000c8d00000, 0x00000000c8d00000, 0x00000000c8e00000|  0%| F|  |TS  0|AC  0|TAMS 0x00000000c8d00000, 0x00000000c8d00000|
|   8|0x00000000c8e00000, 0x00000000c8e00000, 0x00000000c8f00000|  0%| F|  |TS  0|AC  0|TAMS 0x00000000c8e00000, 0x00000000c8e00000|
|   9|0x00000000c8f00000, 0x00000000c8f00000, 0x00000000c9000000|  0%| F|  |TS  0|AC  0|TAMS 0x00000000c8f00000, 0x00000000c8f00000|
|  10|0x00000000c9000000, 0x00000000c9000000, 0x00000000c9100000|  0%| F|  |TS  0|AC  0|TAMS 0x00000000c9000000, 0x00000000c9000000|
|  11|0x00000000c9100000, 0x00000000c9100000, 0x00000000c9200000|  0%| F|  |TS  0|AC  0|TAMS 0x00000000c9100000, 0x00000000c9100000|
|  12|0x00000000c9200000, 0x00000000c9200000, 0x00000000c9300000|  0%| F|  |TS  0|AC  0|TAMS 0x00000000c9200000, 0x00000000c9200000|
|  13|0x00000000c9300000, 0x00000000c9300000, 0x00000000c9400000|  0%| F|  |TS  0|AC  0|TAMS 0x00000000c9300000, 0x00000000c9300000|
|  14|0x00000000c9400000, 0x00000000c9400000, 0x00000000c9500000|  0%| F|  |TS  0|AC  0|TAMS 0x00000000c9400000, 0x00000000c9400000|
|  15|0x00000000c9500000, 0x00000000c9500000, 0x00000000c9600000|  0%| F|  |TS  0|AC  0|TAMS 0x00000000c9500000, 0x00000000c9500000|
|  16|0x00000000c9600000, 0x00000000c9600000, 0x00000000c9700000|  0%| F|  |TS  0|AC  0|TAMS 0x00000000c9600000, 0x00000000c9600000|
|  17|0x00000000c9700000, 0x00000000c9700000, 0x00000000c9800000|  0%| F|  |TS  0|AC  0|TAMS 0x00000000c9700000, 0x00000000c9700000|
|  18|0x00000000c9800000, 0x00000000c9800000, 0x00000000c9900000|  0%| F|  |TS  0|AC  0|TAMS 0x00000000c9800000, 0x00000000c9800000|
|  19|0x00000000c9900000, 0x00000000c9900000, 0x00000000c9a00000|  0%| F|  |TS  0|AC  0|TAMS 0x00000000c9900000, 0x00000000c9900000|
|  20|0x00000000c9a00000, 0x00000000c9a00000, 0x00000000c9b00000|  0%| F|  |TS  0|AC  0|TAMS 0x00000000c9a00000, 0x00000000c9a00000|
|  21|0x00000000c9b00000, 0x00000000c9b00000, 0x00000000c9c00000|  0%| F|  |TS  0|AC  0|TAMS 0x00000000c9b00000, 0x00000000c9b00000|
|  22|0x00000000c9c00000, 0x00000000c9c00000, 0x00000000c9d00000|  0%| F|  |TS  0|AC  0|TAMS 0x00000000c9c00000, 0x00000000c9c00000|
|  23|0x00000000c9d00000, 0x00000000c9d00000, 0x00000000c9e00000|  0%| F|  |TS  0|AC  0|TAMS 0x00000000c9d00000, 0x00000000c9d00000|
|  24|0x00000000c9e00000, 0x00000000c9e00000, 0x00000000c9f00000|  0%| F|  |TS  0|AC  0|TAMS 0x00000000c9e00000, 0x00000000c9e00000|
|  25|0x00000000c9f00000, 0x00000000c9f00000, 0x00000000ca000000|  0%| F|  |TS  0|AC  0|TAMS 0x00000000c9f00000, 0x00000000c9f00000|
|  26|0x00000000ca000000, 0x00000000ca000000, 0x00000000ca100000|  0%| F|  |TS  0|AC  0|TAMS 0x00000000ca000000, 0x00000000ca000000|
|  27|0x00000000ca100000, 0x00000000ca100000, 0x00000000ca200000|  0%| F|  |TS  0|AC  0|TAMS 0x00000000ca100000, 0x00000000ca100000|
|  28|0x00000000ca200000, 0x00000000ca200000, 0x00000000ca300000|  0%| F|  |TS  0|AC  0|TAMS 0x00000000ca200000, 0x00000000ca200000|
|  29|0x00000000ca300000, 0x00000000ca300000, 0x00000000ca400000|  0%| F|  |TS  0|AC  0|TAMS 0x00000000ca300000, 0x00000000ca300000|
|  30|0x00000000ca400000, 0x00000000ca400000, 0x00000000ca500000|  0%| F|  |TS  0|AC  0|TAMS 0x00000000ca400000, 0x00000000ca400000|
|  31|0x00000000ca500000, 0x00000000ca500000, 0x00000000ca600000|  0%| F|  |TS  0|AC  0|TAMS 0x00000000ca500000, 0x00000000ca500000|
|  32|0x00000000ca600000, 0x00000000ca600000, 0x00000000ca700000|  0%| F|  |TS  0|AC  0|TAMS 0x00000000ca600000, 0x00000000ca600000|
|  33|0x00000000ca700000, 0x00000000ca700000, 0x00000000ca800000|  0%| F|  |TS  0|AC  0|TAMS 0x00000000ca700000, 0x00000000ca700000|
|  34|0x00000000ca800000, 0x00000000ca800000, 0x00000000ca900000|  0%| F|  |TS  0|AC  0|TAMS 0x00000000ca800000, 0x00000000ca800000|
|  35|0x00000000ca900000, 0x00000000ca900000, 0x00000000caa00000|  0%| F|  |TS  0|AC  0|TAMS 0x00000000ca900000, 0x00000000ca900000|
|  36|0x00000000caa00000, 0x00000000caa00000, 0x00000000cab00000|  0%| F|  |TS  0|AC  0|TAMS 0x00000000caa00000, 0x00000000caa00000|
|  37|0x00000000cab00000, 0x00000000cab00000, 0x00000000cac00000|  0%| F|  |TS  0|AC  0|TAMS 0x00000000cab00000, 0x00000000cab00000|
|  38|0x00000000cac00000, 0x00000000cac00000, 0x00000000cad00000|  0%| F|  |TS  0|AC  0|TAMS 0x00000000cac00000, 0x00000000cac00000|
|  39|0x00000000cad00000, 0x00000000cad00000, 0x00000000cae00000|  0%| F|  |TS  0|AC  0|TAMS 0x00000000cad00000, 0x00000000cad00000|
|  40|0x00000000cae00000, 0x00000000cae00000, 0x00000000caf00000|  0%| F|  |TS  0|AC  0|TAMS 0x00000000cae00000, 0x00000000cae00000|
|  41|0x00000000caf00000, 0x00000000caf00000, 0x00000000cb000000|  0%| F|  |TS  0|AC  0|TAMS 0x00000000caf00000, 0x00000000caf00000|
|  42|0x00000000cb000000, 0x00000000cb000000, 0x00000000cb100000|  0%| F|  |TS  0|AC  0|TAMS 0x00000000cb000000, 0x00000000cb000000|
|  43|0x00000000cb100000, 0x00000000cb100000, 0x00000000cb200000|  0%| F|  |TS  0|AC  0|TAMS 0x00000000cb100000, 0x00000000cb100000|
|  44|0x00000000cb200000, 0x00000000cb200000, 0x00000000cb300000|  0%| F|  |TS  0|AC  0|TAMS 0x00000000cb200000, 0x00000000cb200000|
|  45|0x00000000cb300000, 0x00000000cb300000, 0x00000000cb400000|  0%| F|  |TS  0|AC  0|TAMS 0x00000000cb300000, 0x00000000cb300000|
|  46|0x00000000cb400000, 0x00000000cb400000, 0x00000000cb500000|  0%| F|  |TS  0|AC  0|TAMS 0x00000000cb400000, 0x00000000cb400000|
|  47|0x00000000cb500000, 0x00000000cb500000, 0x00000000cb600000|  0%| F|  |TS  0|AC  0|TAMS 0x00000000cb500000, 0x00000000cb500000|
|  48|0x00000000cb600000, 0x00000000cb600000, 0x00000000cb700000|  0%| F|  |TS  0|AC  0|TAMS 0x00000000cb600000, 0x00000000cb600000|
|  49|0x00000000cb700000, 0x00000000cb700000, 0x00000000cb800000|  0%| F|  |TS  0|AC  0|TAMS 0x00000000cb700000, 0x00000000cb700000|
|  50|0x00000000cb800000, 0x00000000cb800000, 0x00000000cb900000|  0%| F|  |TS  0|AC  0|TAMS 0x00000000cb800000, 0x00000000cb800000|
|  51|0x00000000cb900000, 0x00000000cb98fe30, 0x00000000cba00000| 56%| E|  |TS  0|AC  0|TAMS 0x00000000cb900000, 0x00000000cb900000|
|  52|0x00000000cba00000, 0x00000000cbb00000, 0x00000000cbb00000|100%| E|CS|TS  0|AC  0|TAMS 0x00000000cba00000, 0x00000000cba00000|
|  53|0x00000000cbb00000, 0x00000000cbc00000, 0x00000000cbc00000|100%| E|CS|TS  0|AC  0|TAMS 0x00000000cbb00000, 0x00000000cbb00000|
|  54|0x00000000cbc00000, 0x00000000cbd00000, 0x00000000cbd00000|100%| E|CS|TS  0|AC  0|TAMS 0x00000000cbc00000, 0x00000000cbc00000|
|  55|0x00000000cbd00000, 0x00000000cbe00000, 0x00000000cbe00000|100%| E|CS|TS  0|AC  0|TAMS 0x00000000cbd00000, 0x00000000cbd00000|

Card table byte_map: [0x000000001d210000,0x000000001d3d0000] byte_map_base: 0x000000001cbcd000

Marking Bits (Prev, Next): (CMBitMap*) 0x00000000003e4cb0, (CMBitMap*) 0x00000000003e4ce8
 Prev Bits: [0x000000001d590000, 0x000000001e378000)
 Next Bits: [0x000000001e380000, 0x000000001f168000)

Polling page: 0x0000000000090000

CodeHeap 'non-profiled nmethods': size=120064Kb used=95Kb max_used=95Kb free=119968Kb
 bounds [0x0000000015460000, 0x00000000156d0000, 0x000000001c9a0000]
CodeHeap 'profiled nmethods': size=120000Kb used=253Kb max_used=253Kb free=119746Kb
 bounds [0x000000000df30000, 0x000000000e1a0000, 0x0000000015460000]
CodeHeap 'non-nmethods': size=5696Kb used=1097Kb max_used=1097Kb free=4598Kb
 bounds [0x000000000d9a0000, 0x000000000dc10000, 0x000000000df30000]
 total_blobs=674 nmethods=253 adapters=256
 compilation: enabled

Compilation events (10 events):
Event: 0.897 Thread 0x000000006340e000  192       1       java.util.ArrayList$SubList::access$300 (5 bytes)
Event: 0.898 Thread 0x000000006340e000 nmethod 192 0x0000000015470010 code [0x00000000154701c0, 0x00000000154702b0]
Event: 0.906 Thread 0x000000006340e000  193       3       java.lang.String::getBytes (44 bytes)
Event: 0.907 Thread 0x000000006340e000 nmethod 193 0x000000000df6e110 code [0x000000000df6e300, 0x000000000df6e6b8]
Event: 0.907 Thread 0x000000006340e000  194       3       java.lang.String::startsWith (138 bytes)
Event: 0.909 Thread 0x000000006340e000 nmethod 194 0x000000000df6e890 code [0x000000000df6eae0, 0x000000000df6f4b0]
Event: 0.924 Thread 0x00000000633fd800  195       4       java.lang.String::charAt (25 bytes)
Event: 0.927 Thread 0x00000000633fd800 nmethod 195 0x0000000015470390 code [0x0000000015470520, 0x0000000015470678]
Event: 0.953 Thread 0x00000000633f0800  196       4       java.lang.StringLatin1::indexOf (61 bytes)
Event: 0.960 Thread 0x00000000633f0800 nmethod 196 0x0000000015470790 code [0x0000000015470920, 0x0000000015470ad8]

GC Heap History (0 events):
No events

Deoptimization events (2 events):
Event: 0.689 Thread 0x0000000000382800 Uncommon trap: reason=unstable_if action=reinterpret pc=0x000000001546976c method=java.lang.String.isLatin1()Z @ 10 c2
Event: 0.706 Thread 0x0000000000382800 Uncommon trap: reason=unstable_if action=reinterpret pc=0x0000000015462798 method=java.lang.String.hashCode()I @ 14 c2

Classes redefined (4 events):
Event: 78.146 Thread 0x00000000218ea800 redefined class name=Solution, count=1
Event: 445.567 Thread 0x00000000218ea800 redefined class name=Solution, count=2
Event: 455.894 Thread 0x00000000218ea800 redefined class name=Solution, count=3
Event: 532.012 Thread 0x00000000218ea800 redefined class name=Solution, count=4

Internal exceptions (3 events):
Event: 29.222 Thread 0x0000000000382800 Exception <a 'java/lang/NoSuchMethodError'{0x00000000cb911cc8}: java.lang.invoke.DirectMethodHandle$Holder.invokeStatic(Ljava/lang/Object;Ljava/lang/Object;Ljava/lang/Object;Ljava/lang/Object;Ljava/lang/Object;Ljava/lang/Object;Ljava/lang/Object;Ljava/lan
Event: 29.487 Thread 0x0000000000382800 Exception <a 'java/lang/NoSuchMethodError'{0x00000000cb935ba0}: java.lang.invoke.DirectMethodHandle$Holder.invokeStatic(Ljava/lang/Object;Ljava/lang/Object;Ljava/lang/Object;Ljava/lang/Object;Ljava/lang/Object;Ljava/lang/Object;Ljava/lang/Object;Ljava/lan
Event: 29.751 Thread 0x0000000000382800 Exception <a 'java/lang/NoSuchMethodError'{0x00000000cb9589e8}: java.lang.invoke.DirectMethodHandle$Holder.invokeStatic(Ljava/lang/Object;Ljava/lang/Object;Ljava/lang/Object;Ljava/lang/Object;Ljava/lang/Object;Ljava/lang/Object;Ljava/lang/Object;Ljava/lan

Events (10 events):
Event: 532.017 Executing VM operation: GetOrSetLocal done
Event: 532.315 Executing VM operation: ChangeBreakpoints
Event: 532.316 Executing VM operation: ChangeBreakpoints done
Event: 532.332 Executing VM operation: GetFrameCount
Event: 532.332 Executing VM operation: GetFrameCount done
Event: 532.332 Executing VM operation: GetFrameLocation
Event: 532.332 Executing VM operation: GetFrameLocation done
Event: 532.333 Executing VM operation: GetFrameLocation
Event: 532.333 Executing VM operation: GetFrameLocation done
Event: 532.334 Executing VM operation: GetOrSetLocal


Dynamic libraries:
0x000000013fe00000 - 0x000000013fe3e000 	C:\Program Files\Java\jdk-10\bin\java.exe
0x0000000076eb0000 - 0x000000007705a000 	C:\Windows\SYSTEM32\ntdll.dll
0x0000000076d90000 - 0x0000000076eaf000 	C:\Windows\system32\kernel32.dll
0x000007fefcef0000 - 0x000007fefcf5a000 	C:\Windows\system32\KERNELBASE.dll
0x000007fefdcc0000 - 0x000007fefdd9b000 	C:\Windows\system32\ADVAPI32.dll
0x000007fefee60000 - 0x000007fefeeff000 	C:\Windows\system32\msvcrt.dll
0x000007feff120000 - 0x000007feff13f000 	C:\Windows\SYSTEM32\sechost.dll
0x000007fefd170000 - 0x000007fefd29d000 	C:\Windows\system32\RPCRT4.dll
0x0000000076c90000 - 0x0000000076d8a000 	C:\Windows\system32\USER32.dll
0x000007fefd470000 - 0x000007fefd4d7000 	C:\Windows\system32\GDI32.dll
0x000007feff100000 - 0x000007feff10e000 	C:\Windows\system32\LPK.dll
0x000007fefd3a0000 - 0x000007fefd46b000 	C:\Windows\system32\USP10.dll
0x000007fefb670000 - 0x000007fefb864000 	C:\Windows\WinSxS\amd64_microsoft.windows.common-controls_6595b64144ccf1df_6.0.7601.18837_none_fa3b1e3d17594757\COMCTL32.dll
0x000007fefd2a0000 - 0x000007fefd311000 	C:\Windows\system32\SHLWAPI.dll
0x000007fefc490000 - 0x000007fefc49c000 	C:\Windows\system32\VERSION.dll
0x000007fefcf60000 - 0x000007fefcf8e000 	C:\Windows\system32\IMM32.DLL
0x000007fefd930000 - 0x000007fefda39000 	C:\Windows\system32\MSCTF.dll
0x000007fef33b0000 - 0x000007fef349f000 	C:\Program Files\Java\jdk-10\bin\msvcr120.dll
0x000007fef01d0000 - 0x000007fef0276000 	C:\Program Files\Java\jdk-10\bin\msvcp120.dll
0x00000000628b0000 - 0x000000006331f000 	C:\Program Files\Java\jdk-10\bin\server\jvm.dll
0x000007fefa970000 - 0x000007fefa979000 	C:\Windows\system32\WSOCK32.dll
0x000007fefdc70000 - 0x000007fefdcbd000 	C:\Windows\system32\WS2_32.dll
0x000007feff110000 - 0x000007feff118000 	C:\Windows\system32\NSI.dll
0x000007fef8b10000 - 0x000007fef8b4b000 	C:\Windows\system32\WINMM.dll
0x0000000077080000 - 0x0000000077087000 	C:\Windows\system32\PSAPI.DLL
0x000007fefc410000 - 0x000007fefc41f000 	C:\Program Files\Java\jdk-10\bin\verify.dll
0x000007fef1bb0000 - 0x000007fef1cd5000 	C:\Windows\system32\DBGHELP.DLL
0x000007fef3560000 - 0x000007fef3587000 	C:\Program Files\Java\jdk-10\bin\java.dll
0x000007fef3170000 - 0x000007fef31a6000 	C:\Program Files\Java\jdk-10\bin\jdwp.dll
0x000007fef3f00000 - 0x000007fef3f2a000 	C:\Program Files\Java\jdk-10\bin\instrument.dll
0x000007fef7a30000 - 0x000007fef7a46000 	C:\Program Files\Java\jdk-10\bin\zip.dll
0x000007fef5df0000 - 0x000007fef5dfa000 	C:\Program Files\Java\jdk-10\bin\jimage.dll
0x000007fefe0d0000 - 0x000007fefee5b000 	C:\Windows\system32\SHELL32.dll
0x000007fefef00000 - 0x000007feff0fc000 	C:\Windows\system32\ole32.dll
0x000007fefcba0000 - 0x000007fefcbaf000 	C:\Windows\system32\profapi.dll
0x000007fef58d0000 - 0x000007fef58da000 	C:\Program Files\Java\jdk-10\bin\dt_socket.dll
0x000007fefc040000 - 0x000007fefc095000 	C:\Windows\system32\mswsock.dll
0x000007fefc4a0000 - 0x000007fefc4a7000 	C:\Windows\System32\wshtcpip.dll
0x000007fef42b0000 - 0x000007fef42ca000 	C:\Program Files\Java\jdk-10\bin\net.dll
0x000007fef9920000 - 0x000007fef9991000 	C:\Windows\system32\WINHTTP.dll
0x000007fef83e0000 - 0x000007fef8444000 	C:\Windows\system32\webio.dll
0x000007fefc030000 - 0x000007fefc037000 	C:\Windows\System32\wship6.dll
0x000007fef3f30000 - 0x000007fef3f41000 	C:\Program Files\Java\jdk-10\bin\nio.dll

dbghelp: loaded successfully - version: 4.0.5 - missing functions: none
symbol engine: initialized successfully - sym options: 0x614 - pdb path: .;C:\Program Files\Java\jdk-10\bin;C:\Windows\SYSTEM32;C:\Windows\WinSxS\amd64_microsoft.windows.common-controls_6595b64144ccf1df_6.0.7601.18837_none_fa3b1e3d17594757;C:\Program Files\Java\jdk-10\bin\server

VM Arguments:
jvm_args: -agentlib:jdwp=transport=dt_socket,address=127.0.0.1:58293,suspend=y,server=n -javaagent:C:\Users\Administrator\AppData\Local\Temp\capture6159jars\debugger-agent.jar=file:/C:/Users/Administrator/AppData/Local/Temp/capture2.props -Dfile.encoding=UTF-8 
java_command: Solution
java_class_path (initial): D:\LCsolution\394. Decode String\out\production\394. Decode String;D:\Program Files\JetBrains\IntelliJ IDEA Community Edition 2018.1.1\lib\idea_rt.jar
Launcher Type: SUN_STANDARD

Logging:
Log output configuration:
#0: stdout all=warning uptime,level,tags
#1: stderr all=off uptime,level,tags

Environment Variables:
JAVA_HOME=C:\Program Files\Java\jdk-10
PATH=C:\ProgramData\Oracle\Java\javapath;C:\Windows\system32;C:\Windows;C:\Windows\System32\Wbem;C:\Windows\System32\WindowsPowerShell\v1.0\;C:\Program Files\Java\jdk-10\bin;G:\0 code\Python\Scripts\;G:\0 code\Python\;C:\Users\Administrator\AppData\Local\GitHubDesktop\bin
USERNAME=Administrator
OS=Windows_NT
PROCESSOR_IDENTIFIER=AMD64 Family 18 Model 1 Stepping 0, AuthenticAMD



---------------  S Y S T E M  ---------------

OS: Windows 7 , 64 bit Build 7601 (6.1.7601.23864)

CPU:total 4 (initial active 4) (4 cores per cpu, 1 threads per core) family 18 model 1 stepping 0, cmov, cx8, fxsr, mmx, sse, sse2, sse3, popcnt, mmxext, 3dnowpref, lzcnt, sse4a, tsc, tscinvbit, tscinv

Memory: 4k page, physical 3643504k(195744k free), swap 13356336k(5628116k free)

vm_info: Java HotSpot(TM) 64-Bit Server VM (10+46) for windows-amd64 JRE (10+46), built on Mar  8 2018 02:11:18 by "mach5one" with MS VC++ 12.0 (VS2013)

END.
