#
# A fatal error has been detected by the Java Runtime Environment:
#
#  EXCEPTION_ACCESS_VIOLATION (0xc0000005) at pc=0x000000006898eb83, pid=6412, tid=5432
#
# JRE version: Java(TM) SE Runtime Environment (10.0+46) (build 10+46)
# Java VM: Java HotSpot(TM) 64-Bit Server VM (10+46, mixed mode, tiered, compressed oops, g1 gc, windows-amd64)
# Problematic frame:
# V  [jvm.dll+0x22eb83]
#
# No core dump will be written. Minidumps are not enabled by default on client versions of Windows
#
# If you would like to submit a bug report, please visit:
#   http://bugreport.java.com/bugreport/crash.jsp
#

---------------  S U M M A R Y ------------

Command Line: -agentlib:jdwp=transport=dt_socket,address=127.0.0.1:51428,suspend=y,server=n -javaagent:C:\Users\Administrator\.IdeaIC2018.1\system\captureAgent\debugger-agent.jar=file:/C:/Users/Administrator/AppData/Local/Temp/capture.props -Dfile.encoding=UTF-8 A

Host: AMD A6-3400M APU with Radeon(tm) HD Graphics, 4 cores, 3G,  Windows 7 , 64 bit Build 7601 (6.1.7601.23864)
Time: Wed May 30 11:33:28 2018 ?D1¨²¡À¨º¡Á?¨º¡À?? elapsed time: 557 seconds (0d 0h 9m 17s)

---------------  T H R E A D  ---------------

Current thread (0x0000000021ce9000):  VMThread "VM Thread" [stack: 0x00000000630a0000,0x00000000631a0000] [id=5432]

Stack: [0x00000000630a0000,0x00000000631a0000],  sp=0x000000006319f008,  free space=1020k
Native frames: (J=compiled Java code, j=interpreted, Vv=VM code, C=native code)
V  [jvm.dll+0x22eb83]


siginfo: EXCEPTION_ACCESS_VIOLATION (0xc0000005), reading address 0x0000000062b131ca


Register to memory mapping:

RIP=0x000000006898eb83 jvm.dll
RAX=0x000000000000ffff is an unknown value
RBX=0x0000000062a93190 is pointing into metadata
RCX=0x0000000062a93dd8 is pointing into metadata
RDX=0x000000000000ffff is an unknown value
RSP=0x000000006319f008 is an unknown value
RBP=0x0000000000000001 is an unknown value
RSI=0x000000006319f2b0 is an unknown value
RDI=0x000000006319f2b0 is an unknown value
R8 =0x0000000000000000 is an unknown value
R9 =0x0000000062a93190 is pointing into metadata
R10=0x0000000000000000 is an unknown value
R11=0x0000000021ca2680 is an unknown value
R12=0x0000000068edd601 jvm.dll
R13=0x0000000000000000 is an unknown value
R14=0x0000000000000001 is an unknown value
R15=0x00000000000000f0 is an unknown value


Registers:
RAX=0x000000000000ffff, RBX=0x0000000062a93190, RCX=0x0000000062a93dd8, RDX=0x000000000000ffff
RSP=0x000000006319f008, RBP=0x0000000000000001, RSI=0x000000006319f2b0, RDI=0x000000006319f2b0
R8 =0x0000000000000000, R9 =0x0000000062a93190, R10=0x0000000000000000, R11=0x0000000021ca2680
R12=0x0000000068edd601, R13=0x0000000000000000, R14=0x0000000000000001, R15=0x00000000000000f0
RIP=0x000000006898eb83, EFLAGS=0x0000000000010216

Top of Stack: (sp=0x000000006319f008)
0x000000006319f008:   0000000068a7d813 00000000000000d9
0x000000006319f018:   0000000068a7db61 000000006319f108
0x000000006319f028:   0000000000000000 000000006319f2b0
0x000000006319f038:   0000000068a80e15 0000000021ca2600
0x000000006319f048:   0000000068a7d59e 00006ede161b2c04
0x000000006319f058:   00006ede000000e6 0000000000000006
0x000000006319f068:   000000006319f100 000000006319f2b0
0x000000006319f078:   0000000068a7fbc0 000000006319f2b0
0x000000006319f088:   0000000000000115 0000000000000001
0x000000006319f098:   000000006319f2b0 0000000000000115
0x000000006319f0a8:   0000000000000005 00000000000000f0
0x000000006319f0b8:   000000000000011e 0000000021ca2650
0x000000006319f0c8:   0000000068a8024e 000000006319f2b0
0x000000006319f0d8:   000000006319f130 0000000000000006
0x000000006319f0e8:   0000000021ca2650 0000000000006000
0x000000006319f0f8:   0000000068a820f1 0000000062a93d08 

Instructions: (pc=0x000000006898eb83)
0x000000006898eb63:   04 08 0f b7 c0 41 0f b7 44 c1 42 c3 48 63 c2 48
0x000000006898eb73:   ff c0 48 c1 e0 05 48 8b 04 08 0f b7 d0 48 63 c2
0x000000006898eb83:   41 0f b7 44 c1 42 c3 49 8b 41 08 48 63 ca 0f b6
0x000000006898eb93:   44 08 04 3c 12 75 e6 41 0f b7 44 c9 42 c3 cc cc 


VM_Operation (0x00000000642ff570): GetOrSetLocal, mode: safepoint, requested by thread 0x0000000063deb800


---------------  P R O C E S S  ---------------

Threads class SMR info:
_java_thread_list=0x0000000063e78460, length=14, elements={
0x0000000000303800, 0x0000000021cec000, 0x0000000021cef000, 0x0000000062ed3000,
0x0000000062ed4000, 0x0000000062ed5000, 0x0000000062ed6000, 0x0000000062ef0800,
0x0000000062efb800, 0x0000000063deb800, 0x0000000063e4f000, 0x0000000063e4f800,
0x0000000063c6f800, 0x0000000063e76800
}

Java Threads: ( => current thread )
  0x0000000000303800 JavaThread "main" [_thread_blocked, id=3728, stack(0x0000000002300000,0x0000000002400000)]
  0x0000000021cec000 JavaThread "Reference Handler" daemon [_thread_blocked, id=3716, stack(0x0000000022390000,0x0000000022490000)]
  0x0000000021cef000 JavaThread "Finalizer" daemon [_thread_blocked, id=5316, stack(0x0000000063350000,0x0000000063450000)]
  0x0000000062ed3000 JavaThread "Signal Dispatcher" daemon [_thread_blocked, id=5512, stack(0x0000000063450000,0x0000000063550000)]
  0x0000000062ed4000 JavaThread "Attach Listener" daemon [_thread_blocked, id=5804, stack(0x0000000063570000,0x0000000063670000)]
  0x0000000062ed5000 JavaThread "C2 CompilerThread0" daemon [_thread_blocked, id=1984, stack(0x00000000636c0000,0x00000000637c0000)]
  0x0000000062ed6000 JavaThread "C2 CompilerThread1" daemon [_thread_blocked, id=5068, stack(0x0000000063230000,0x0000000063330000)]
  0x0000000062ef0800 JavaThread "C1 CompilerThread2" daemon [_thread_blocked, id=6388, stack(0x0000000063870000,0x0000000063970000)]
  0x0000000062efb800 JavaThread "Sweeper thread" daemon [_thread_blocked, id=6320, stack(0x00000000639f0000,0x0000000063af0000)]
  0x0000000063deb800 JavaThread "JDWP Transport Listener: dt_socket" daemon [_thread_blocked, id=6520, stack(0x0000000064200000,0x0000000064300000)] _threads_hazard_ptr=0x0000000063e78460
  0x0000000063e4f000 JavaThread "JDWP Event Helper Thread" daemon [_thread_blocked, id=3864, stack(0x0000000063f30000,0x0000000064030000)]
  0x0000000063e4f800 JavaThread "JDWP Command Reader" daemon [_thread_in_native, id=6080, stack(0x0000000064430000,0x0000000064530000)]
  0x0000000063c6f800 JavaThread "Common-Cleaner" daemon [_thread_blocked, id=5980, stack(0x0000000064540000,0x0000000064640000)]
  0x0000000063e76800 JavaThread "Service Thread" daemon [_thread_blocked, id=6204, stack(0x0000000064f60000,0x0000000065060000)]

Other Threads:
=>0x0000000021ce9000 VMThread "VM Thread" [stack: 0x00000000630a0000,0x00000000631a0000] [id=5432]
  0x0000000063e79000 WatcherThread [stack: 0x00000000651c0000,0x00000000652c0000] [id=6072]
  0x000000000031c800 GCTaskThread "GC Thread#0" [stack: 0x000000001cd10000,0x000000001ce10000] [id=3852]
  0x000000000031e000 GCTaskThread "GC Thread#1" [stack: 0x00000000026c0000,0x00000000027c0000] [id=5124]
  0x0000000000320800 GCTaskThread "GC Thread#2" [stack: 0x000000001ce50000,0x000000001cf50000] [id=2956]
  0x0000000000323800 GCTaskThread "GC Thread#3" [stack: 0x000000001cfe0000,0x000000001d0e0000] [id=4000]
  0x000000000035e800 ConcurrentGCThread "G1 Main Marker" [stack: 0x000000001f640000,0x000000001f740000] [id=3144]
  0x000000000035f800 ConcurrentGCThread "G1 Conc#0" [stack: 0x000000001f8e0000,0x000000001f9e0000] [id=2060]
  0x0000000021c10800 ConcurrentGCThread "G1 Refine#0" [stack: 0x0000000021de0000,0x0000000021ee0000] [id=1356]
  0x0000000021c11000 ConcurrentGCThread "G1 Refine#1" [stack: 0x0000000021f60000,0x0000000022060000] [id=5324]
  0x0000000021c14000 ConcurrentGCThread "G1 Refine#2" [stack: 0x00000000220c0000,0x00000000221c0000] [id=6220]
  0x0000000021c16000 ConcurrentGCThread "G1 Refine#3" [stack: 0x0000000022260000,0x0000000022360000] [id=5484]
  0x0000000021c17800 ConcurrentGCThread "G1 Young RemSet Sampling" [stack: 0x0000000022500000,0x0000000022600000] [id=2120]

Threads with active compile tasks:

VM state:at safepoint (normal execution)

VM Mutex/Monitor currently owned by a thread:  ([mutex/lock_event])
[0x00000000002f52e0] Threads_lock - owner thread: 0x0000000021ce9000

Heap address: 0x00000000c8600000, size: 890 MB, Compressed Oops mode: 32-bit
Narrow klass base: 0x0000000000000000, Narrow klass shift: 0
Compressed class space size: 1073741824 Address: 0x0000000022600000

Heap:
 garbage-first heap   total 57344K, used 3072K [0x00000000c8600000, 0x0000000100000000)
  region size 1024K, 4 young (4096K), 0 survivors (0K)
 Metaspace       used 5282K, capacity 5392K, committed 5632K, reserved 1056768K
  class space    used 445K, capacity 496K, committed 512K, reserved 1048576K
Heap Regions: E=young(eden), S=young(survivor), O=old, HS=humongous(starts), HC=humongous(continues), CS=collection set, F=free, A=archive, TS=gc time stamp, AC=allocation context, TAMS=top-at-mark-start (previous, next)
|   0|0x00000000c8600000, 0x00000000c8600000, 0x00000000c8700000|  0%| F|  |TS  0|AC  0|TAMS 0x00000000c8600000, 0x00000000c8600000|
|   1|0x00000000c8700000, 0x00000000c8700000, 0x00000000c8800000|  0%| F|  |TS  0|AC  0|TAMS 0x00000000c8700000, 0x00000000c8700000|
|   2|0x00000000c8800000, 0x00000000c8800000, 0x00000000c8900000|  0%| F|  |TS  0|AC  0|TAMS 0x00000000c8800000, 0x00000000c8800000|
|   3|0x00000000c8900000, 0x00000000c8900000, 0x00000000c8a00000|  0%| F|  |TS  0|AC  0|TAMS 0x00000000c8900000, 0x00000000c8900000|
|   4|0x00000000c8a00000, 0x00000000c8a00000, 0x00000000c8b00000|  0%| F|  |TS  0|AC  0|TAMS 0x00000000c8a00000, 0x00000000c8a00000|
|   5|0x00000000c8b00000, 0x00000000c8b00000, 0x00000000c8c00000|  0%| F|  |TS  0|AC  0|TAMS 0x00000000c8b00000, 0x00000000c8b00000|
|   6|0x00000000c8c00000, 0x00000000c8c00000, 0x00000000c8d00000|  0%| F|  |TS  0|AC  0|TAMS 0x00000000c8c00000, 0x00000000c8c00000|
|   7|0x00000000c8d00000, 0x00000000c8d00000, 0x00000000c8e00000|  0%| F|  |TS  0|AC  0|TAMS 0x00000000c8d00000, 0x00000000c8d00000|
|   8|0x00000000c8e00000, 0x00000000c8e00000, 0x00000000c8f00000|  0%| F|  |TS  0|AC  0|TAMS 0x00000000c8e00000, 0x00000000c8e00000|
|   9|0x00000000c8f00000, 0x00000000c8f00000, 0x00000000c9000000|  0%| F|  |TS  0|AC  0|TAMS 0x00000000c8f00000, 0x00000000c8f00000|
|  10|0x00000000c9000000, 0x00000000c9000000, 0x00000000c9100000|  0%| F|  |TS  0|AC  0|TAMS 0x00000000c9000000, 0x00000000c9000000|
|  11|0x00000000c9100000, 0x00000000c9100000, 0x00000000c9200000|  0%| F|  |TS  0|AC  0|TAMS 0x00000000c9100000, 0x00000000c9100000|
|  12|0x00000000c9200000, 0x00000000c9200000, 0x00000000c9300000|  0%| F|  |TS  0|AC  0|TAMS 0x00000000c9200000, 0x00000000c9200000|
|  13|0x00000000c9300000, 0x00000000c9300000, 0x00000000c9400000|  0%| F|  |TS  0|AC  0|TAMS 0x00000000c9300000, 0x00000000c9300000|
|  14|0x00000000c9400000, 0x00000000c9400000, 0x00000000c9500000|  0%| F|  |TS  0|AC  0|TAMS 0x00000000c9400000, 0x00000000c9400000|
|  15|0x00000000c9500000, 0x00000000c9500000, 0x00000000c9600000|  0%| F|  |TS  0|AC  0|TAMS 0x00000000c9500000, 0x00000000c9500000|
|  16|0x00000000c9600000, 0x00000000c9600000, 0x00000000c9700000|  0%| F|  |TS  0|AC  0|TAMS 0x00000000c9600000, 0x00000000c9600000|
|  17|0x00000000c9700000, 0x00000000c9700000, 0x00000000c9800000|  0%| F|  |TS  0|AC  0|TAMS 0x00000000c9700000, 0x00000000c9700000|
|  18|0x00000000c9800000, 0x00000000c9800000, 0x00000000c9900000|  0%| F|  |TS  0|AC  0|TAMS 0x00000000c9800000, 0x00000000c9800000|
|  19|0x00000000c9900000, 0x00000000c9900000, 0x00000000c9a00000|  0%| F|  |TS  0|AC  0|TAMS 0x00000000c9900000, 0x00000000c9900000|
|  20|0x00000000c9a00000, 0x00000000c9a00000, 0x00000000c9b00000|  0%| F|  |TS  0|AC  0|TAMS 0x00000000c9a00000, 0x00000000c9a00000|
|  21|0x00000000c9b00000, 0x00000000c9b00000, 0x00000000c9c00000|  0%| F|  |TS  0|AC  0|TAMS 0x00000000c9b00000, 0x00000000c9b00000|
|  22|0x00000000c9c00000, 0x00000000c9c00000, 0x00000000c9d00000|  0%| F|  |TS  0|AC  0|TAMS 0x00000000c9c00000, 0x00000000c9c00000|
|  23|0x00000000c9d00000, 0x00000000c9d00000, 0x00000000c9e00000|  0%| F|  |TS  0|AC  0|TAMS 0x00000000c9d00000, 0x00000000c9d00000|
|  24|0x00000000c9e00000, 0x00000000c9e00000, 0x00000000c9f00000|  0%| F|  |TS  0|AC  0|TAMS 0x00000000c9e00000, 0x00000000c9e00000|
|  25|0x00000000c9f00000, 0x00000000c9f00000, 0x00000000ca000000|  0%| F|  |TS  0|AC  0|TAMS 0x00000000c9f00000, 0x00000000c9f00000|
|  26|0x00000000ca000000, 0x00000000ca000000, 0x00000000ca100000|  0%| F|  |TS  0|AC  0|TAMS 0x00000000ca000000, 0x00000000ca000000|
|  27|0x00000000ca100000, 0x00000000ca100000, 0x00000000ca200000|  0%| F|  |TS  0|AC  0|TAMS 0x00000000ca100000, 0x00000000ca100000|
|  28|0x00000000ca200000, 0x00000000ca200000, 0x00000000ca300000|  0%| F|  |TS  0|AC  0|TAMS 0x00000000ca200000, 0x00000000ca200000|
|  29|0x00000000ca300000, 0x00000000ca300000, 0x00000000ca400000|  0%| F|  |TS  0|AC  0|TAMS 0x00000000ca300000, 0x00000000ca300000|
|  30|0x00000000ca400000, 0x00000000ca400000, 0x00000000ca500000|  0%| F|  |TS  0|AC  0|TAMS 0x00000000ca400000, 0x00000000ca400000|
|  31|0x00000000ca500000, 0x00000000ca500000, 0x00000000ca600000|  0%| F|  |TS  0|AC  0|TAMS 0x00000000ca500000, 0x00000000ca500000|
|  32|0x00000000ca600000, 0x00000000ca600000, 0x00000000ca700000|  0%| F|  |TS  0|AC  0|TAMS 0x00000000ca600000, 0x00000000ca600000|
|  33|0x00000000ca700000, 0x00000000ca700000, 0x00000000ca800000|  0%| F|  |TS  0|AC  0|TAMS 0x00000000ca700000, 0x00000000ca700000|
|  34|0x00000000ca800000, 0x00000000ca800000, 0x00000000ca900000|  0%| F|  |TS  0|AC  0|TAMS 0x00000000ca800000, 0x00000000ca800000|
|  35|0x00000000ca900000, 0x00000000ca900000, 0x00000000caa00000|  0%| F|  |TS  0|AC  0|TAMS 0x00000000ca900000, 0x00000000ca900000|
|  36|0x00000000caa00000, 0x00000000caa00000, 0x00000000cab00000|  0%| F|  |TS  0|AC  0|TAMS 0x00000000caa00000, 0x00000000caa00000|
|  37|0x00000000cab00000, 0x00000000cab00000, 0x00000000cac00000|  0%| F|  |TS  0|AC  0|TAMS 0x00000000cab00000, 0x00000000cab00000|
|  38|0x00000000cac00000, 0x00000000cac00000, 0x00000000cad00000|  0%| F|  |TS  0|AC  0|TAMS 0x00000000cac00000, 0x00000000cac00000|
|  39|0x00000000cad00000, 0x00000000cad00000, 0x00000000cae00000|  0%| F|  |TS  0|AC  0|TAMS 0x00000000cad00000, 0x00000000cad00000|
|  40|0x00000000cae00000, 0x00000000cae00000, 0x00000000caf00000|  0%| F|  |TS  0|AC  0|TAMS 0x00000000cae00000, 0x00000000cae00000|
|  41|0x00000000caf00000, 0x00000000caf00000, 0x00000000cb000000|  0%| F|  |TS  0|AC  0|TAMS 0x00000000caf00000, 0x00000000caf00000|
|  42|0x00000000cb000000, 0x00000000cb000000, 0x00000000cb100000|  0%| F|  |TS  0|AC  0|TAMS 0x00000000cb000000, 0x00000000cb000000|
|  43|0x00000000cb100000, 0x00000000cb100000, 0x00000000cb200000|  0%| F|  |TS  0|AC  0|TAMS 0x00000000cb100000, 0x00000000cb100000|
|  44|0x00000000cb200000, 0x00000000cb200000, 0x00000000cb300000|  0%| F|  |TS  0|AC  0|TAMS 0x00000000cb200000, 0x00000000cb200000|
|  45|0x00000000cb300000, 0x00000000cb300000, 0x00000000cb400000|  0%| F|  |TS  0|AC  0|TAMS 0x00000000cb300000, 0x00000000cb300000|
|  46|0x00000000cb400000, 0x00000000cb400000, 0x00000000cb500000|  0%| F|  |TS  0|AC  0|TAMS 0x00000000cb400000, 0x00000000cb400000|
|  47|0x00000000cb500000, 0x00000000cb500000, 0x00000000cb600000|  0%| F|  |TS  0|AC  0|TAMS 0x00000000cb500000, 0x00000000cb500000|
|  48|0x00000000cb600000, 0x00000000cb600000, 0x00000000cb700000|  0%| F|  |TS  0|AC  0|TAMS 0x00000000cb600000, 0x00000000cb600000|
|  49|0x00000000cb700000, 0x00000000cb700000, 0x00000000cb800000|  0%| F|  |TS  0|AC  0|TAMS 0x00000000cb700000, 0x00000000cb700000|
|  50|0x00000000cb800000, 0x00000000cb800000, 0x00000000cb900000|  0%| F|  |TS  0|AC  0|TAMS 0x00000000cb800000, 0x00000000cb800000|
|  51|0x00000000cb900000, 0x00000000cb900000, 0x00000000cba00000|  0%| F|  |TS  0|AC  0|TAMS 0x00000000cb900000, 0x00000000cb900000|
|  52|0x00000000cba00000, 0x00000000cba4b2e8, 0x00000000cbb00000| 29%| E|  |TS  0|AC  0|TAMS 0x00000000cba00000, 0x00000000cba00000|
|  53|0x00000000cbb00000, 0x00000000cbc00000, 0x00000000cbc00000|100%| E|CS|TS  0|AC  0|TAMS 0x00000000cbb00000, 0x00000000cbb00000|
|  54|0x00000000cbc00000, 0x00000000cbd00000, 0x00000000cbd00000|100%| E|CS|TS  0|AC  0|TAMS 0x00000000cbc00000, 0x00000000cbc00000|
|  55|0x00000000cbd00000, 0x00000000cbe00000, 0x00000000cbe00000|100%| E|CS|TS  0|AC  0|TAMS 0x00000000cbd00000, 0x00000000cbd00000|

Card table byte_map: [0x000000001d5d0000,0x000000001d790000] byte_map_base: 0x000000001cf8d000

Marking Bits (Prev, Next): (CMBitMap*) 0x000000000035d900, (CMBitMap*) 0x000000000035d938
 Prev Bits: [0x000000001d950000, 0x000000001e738000)
 Next Bits: [0x000000001e740000, 0x000000001f528000)

Polling page: 0x0000000000080000

CodeHeap 'non-profiled nmethods': size=120064Kb used=68Kb max_used=68Kb free=119995Kb
 bounds [0x0000000015760000, 0x00000000159d0000, 0x000000001cca0000]
CodeHeap 'profiled nmethods': size=120000Kb used=271Kb max_used=271Kb free=119728Kb
 bounds [0x000000000e230000, 0x000000000e4a0000, 0x0000000015760000]
CodeHeap 'non-nmethods': size=5696Kb used=1068Kb max_used=1079Kb free=4627Kb
 bounds [0x000000000dca0000, 0x000000000df10000, 0x000000000e230000]
 total_blobs=581 nmethods=205 adapters=211
 compilation: enabled

Compilation events (10 events):
Event: 0.882 Thread 0x0000000062ef0800 nmethod 201 0x0000000015770a90 code [0x0000000015770c40, 0x0000000015770d50]
Event: 0.883 Thread 0x0000000062ed5000 nmethod 198 0x0000000015770e10 code [0x0000000015770fa0, 0x0000000015771158]
Event: 0.896 Thread 0x0000000062ef0800  202       3       java.lang.StringLatin1::indexOf (121 bytes)
Event: 0.897 Thread 0x0000000062ef0800 nmethod 202 0x000000000e272210 code [0x000000000e272400, 0x000000000e272930]
Event: 0.955 Thread 0x0000000062ef0800  203       3       java.lang.String::lastIndexOf (29 bytes)
Event: 0.956 Thread 0x0000000062ef0800 nmethod 203 0x000000000e272b90 code [0x000000000e272d60, 0x000000000e273058]
Event: 0.957 Thread 0x0000000062ef0800  204       3       java.lang.StringUTF16::compress (50 bytes)
Event: 0.958 Thread 0x0000000062ef0800 nmethod 204 0x000000000e273190 code [0x000000000e273360, 0x000000000e2735f0]
Event: 0.963 Thread 0x0000000062ef0800  205       3       java.lang.String::lastIndexOf (12 bytes)
Event: 0.964 Thread 0x0000000062ef0800 nmethod 205 0x000000000e273790 code [0x000000000e273980, 0x000000000e273dd8]

GC Heap History (0 events):
No events

Deoptimization events (2 events):
Event: 0.641 Thread 0x0000000000303800 Uncommon trap: reason=unstable_if action=reinterpret pc=0x0000000015761eec method=java.lang.String.isLatin1()Z @ 10 c2
Event: 0.663 Thread 0x0000000000303800 Uncommon trap: reason=unstable_if action=reinterpret pc=0x0000000015765418 method=java.lang.String.hashCode()I @ 14 c2

Classes redefined (8 events):
Event: 68.899 Thread 0x0000000021ce9000 redefined class name=A, count=1
Event: 68.900 Thread 0x0000000021ce9000 redefined class name=A$Interval, count=1
Event: 340.328 Thread 0x0000000021ce9000 redefined class name=A, count=2
Event: 340.329 Thread 0x0000000021ce9000 redefined class name=A$Interval, count=2
Event: 536.640 Thread 0x0000000021ce9000 redefined class name=A, count=3
Event: 536.641 Thread 0x0000000021ce9000 redefined class name=A$Interval, count=3
Event: 557.016 Thread 0x0000000021ce9000 redefined class name=A, count=4
Event: 557.017 Thread 0x0000000021ce9000 redefined class name=A$Interval, count=4

Internal exceptions (0 events):
No events

Events (10 events):
Event: 557.021 Executing VM operation: GetOrSetLocal done
Event: 557.098 Executing VM operation: ChangeBreakpoints
Event: 557.098 Executing VM operation: ChangeBreakpoints done
Event: 557.105 Executing VM operation: GetFrameCount
Event: 557.105 Executing VM operation: GetFrameCount done
Event: 557.105 Executing VM operation: GetFrameLocation
Event: 557.105 Executing VM operation: GetFrameLocation done
Event: 557.106 Executing VM operation: GetFrameLocation
Event: 557.106 Executing VM operation: GetFrameLocation done
Event: 557.106 Executing VM operation: GetOrSetLocal


Dynamic libraries:
0x000000013ff80000 - 0x000000013ffbe000 	C:\Program Files\Java\jdk-10\bin\java.exe
0x0000000077bf0000 - 0x0000000077d9a000 	C:\Windows\SYSTEM32\ntdll.dll
0x00000000779d0000 - 0x0000000077aef000 	C:\Windows\system32\kernel32.dll
0x000007fefdc10000 - 0x000007fefdc7a000 	C:\Windows\system32\KERNELBASE.dll
0x000007feffc10000 - 0x000007feffceb000 	C:\Windows\system32\ADVAPI32.dll
0x000007feffa40000 - 0x000007feffadf000 	C:\Windows\system32\msvcrt.dll
0x000007fefe0f0000 - 0x000007fefe10f000 	C:\Windows\SYSTEM32\sechost.dll
0x000007fefdca0000 - 0x000007fefddcd000 	C:\Windows\system32\RPCRT4.dll
0x0000000077af0000 - 0x0000000077bea000 	C:\Windows\system32\USER32.dll
0x000007feffae0000 - 0x000007feffb47000 	C:\Windows\system32\GDI32.dll
0x000007feffba0000 - 0x000007feffbae000 	C:\Windows\system32\LPK.dll
0x000007feff3e0000 - 0x000007feff4ab000 	C:\Windows\system32\USP10.dll
0x000007fefc3b0000 - 0x000007fefc5a4000 	C:\Windows\WinSxS\amd64_microsoft.windows.common-controls_6595b64144ccf1df_6.0.7601.18837_none_fa3b1e3d17594757\COMCTL32.dll
0x000007fefe5d0000 - 0x000007fefe641000 	C:\Windows\system32\SHLWAPI.dll
0x000007fefd310000 - 0x000007fefd31c000 	C:\Windows\system32\VERSION.dll
0x000007feffb50000 - 0x000007feffb7e000 	C:\Windows\system32\IMM32.DLL
0x000007fefdf90000 - 0x000007fefe099000 	C:\Windows\system32\MSCTF.dll
0x000007fef2070000 - 0x000007fef215f000 	C:\Program Files\Java\jdk-10\bin\msvcr120.dll
0x000007fef47a0000 - 0x000007fef4846000 	C:\Program Files\Java\jdk-10\bin\msvcp120.dll
0x0000000068760000 - 0x00000000691cf000 	C:\Program Files\Java\jdk-10\bin\server\jvm.dll
0x000007fefacc0000 - 0x000007fefacc9000 	C:\Windows\system32\WSOCK32.dll
0x000007fefe0a0000 - 0x000007fefe0ed000 	C:\Windows\system32\WS2_32.dll
0x000007feffcf0000 - 0x000007feffcf8000 	C:\Windows\system32\NSI.dll
0x000007fef9700000 - 0x000007fef973b000 	C:\Windows\system32\WINMM.dll
0x0000000077db0000 - 0x0000000077db7000 	C:\Windows\system32\PSAPI.DLL
0x000007fefd120000 - 0x000007fefd12f000 	C:\Program Files\Java\jdk-10\bin\verify.dll
0x000007fef3a40000 - 0x000007fef3b65000 	C:\Windows\system32\DBGHELP.DLL
0x000007fef6550000 - 0x000007fef6577000 	C:\Program Files\Java\jdk-10\bin\java.dll
0x000007fef6510000 - 0x000007fef6546000 	C:\Program Files\Java\jdk-10\bin\jdwp.dll
0x000007fef4770000 - 0x000007fef479a000 	C:\Program Files\Java\jdk-10\bin\instrument.dll
0x000007fefc5e0000 - 0x000007fefc5f6000 	C:\Program Files\Java\jdk-10\bin\zip.dll
0x000007fefd110000 - 0x000007fefd11a000 	C:\Program Files\Java\jdk-10\bin\jimage.dll
0x000007fefe650000 - 0x000007feff3db000 	C:\Windows\system32\SHELL32.dll
0x000007feffd00000 - 0x000007feffefc000 	C:\Windows\system32\ole32.dll
0x000007fefd8f0000 - 0x000007fefd8ff000 	C:\Windows\system32\profapi.dll
0x000007fefc5d0000 - 0x000007fefc5da000 	C:\Program Files\Java\jdk-10\bin\dt_socket.dll
0x000007fefcd80000 - 0x000007fefcdd5000 	C:\Windows\system32\mswsock.dll
0x000007fefd320000 - 0x000007fefd327000 	C:\Windows\System32\wshtcpip.dll
0x000007fef9f20000 - 0x000007fef9f3a000 	C:\Program Files\Java\jdk-10\bin\net.dll
0x000007fef88e0000 - 0x000007fef8951000 	C:\Windows\system32\WINHTTP.dll
0x000007fef8860000 - 0x000007fef88c4000 	C:\Windows\system32\webio.dll
0x000007fefcd70000 - 0x000007fefcd77000 	C:\Windows\System32\wship6.dll
0x000007fef6a70000 - 0x000007fef6a81000 	C:\Program Files\Java\jdk-10\bin\nio.dll

dbghelp: loaded successfully - version: 4.0.5 - missing functions: none
symbol engine: initialized successfully - sym options: 0x614 - pdb path: .;C:\Program Files\Java\jdk-10\bin;C:\Windows\SYSTEM32;C:\Windows\WinSxS\amd64_microsoft.windows.common-controls_6595b64144ccf1df_6.0.7601.18837_none_fa3b1e3d17594757;C:\Program Files\Java\jdk-10\bin\server

VM Arguments:
jvm_args: -agentlib:jdwp=transport=dt_socket,address=127.0.0.1:51428,suspend=y,server=n -javaagent:C:\Users\Administrator\.IdeaIC2018.1\system\captureAgent\debugger-agent.jar=file:/C:/Users/Administrator/AppData/Local/Temp/capture.props -Dfile.encoding=UTF-8 
java_command: A
java_class_path (initial): D:\GitBash\CS61B\skeleton-sp18-master\library-sp18\javalib;D:\LCsolution\56. Merge Intervals\out\production\56. Merge Intervals;F:\Program Files\IntelliJ\IntelliJ IDEA Community Edition 2018.1.1\lib\idea_rt.jar
Launcher Type: SUN_STANDARD

Logging:
Log output configuration:
#0: stdout all=warning uptime,level,tags
#1: stderr all=off uptime,level,tags

Environment Variables:
JAVA_HOME=C:\Program Files\Java\jdk-10
PATH=C:\ProgramData\Oracle\Java\javapath;C:\Windows\system32;C:\Windows;C:\Windows\System32\Wbem;C:\Windows\System32\WindowsPowerShell\v1.0\;C:\Program Files\Java\jdk-10\bin;G:\0 code\Python\Scripts\;G:\0 code\Python\
USERNAME=Administrator
OS=Windows_NT
PROCESSOR_IDENTIFIER=AMD64 Family 18 Model 1 Stepping 0, AuthenticAMD



---------------  S Y S T E M  ---------------

OS: Windows 7 , 64 bit Build 7601 (6.1.7601.23864)

CPU:total 4 (initial active 4) (4 cores per cpu, 1 threads per core) family 18 model 1 stepping 0, cmov, cx8, fxsr, mmx, sse, sse2, sse3, popcnt, mmxext, 3dnowpref, lzcnt, sse4a, tsc, tscinvbit, tscinv

Memory: 4k page, physical 3643504k(690324k free), swap 7285148k(2705984k free)

vm_info: Java HotSpot(TM) 64-Bit Server VM (10+46) for windows-amd64 JRE (10+46), built on Mar  8 2018 02:11:18 by "mach5one" with MS VC++ 12.0 (VS2013)

END.
