#
# A fatal error has been detected by the Java Runtime Environment:
#
#  EXCEPTION_ACCESS_VIOLATION (0xc0000005) at pc=0x0000000068a7d82c, pid=4848, tid=6184
#
# JRE version: Java(TM) SE Runtime Environment (10.0+46) (build 10+46)
# Java VM: Java HotSpot(TM) 64-Bit Server VM (10+46, mixed mode, tiered, compressed oops, g1 gc, windows-amd64)
# Problematic frame:
# V  [jvm.dll+0x31d82c]
#
# No core dump will be written. Minidumps are not enabled by default on client versions of Windows
#
# If you would like to submit a bug report, please visit:
#   http://bugreport.java.com/bugreport/crash.jsp
#

---------------  S U M M A R Y ------------

Command Line: -agentlib:jdwp=transport=dt_socket,address=127.0.0.1:51444,suspend=y,server=n -javaagent:C:\Users\Administrator\AppData\Local\Temp\capture19553jars\debugger-agent.jar=file:/C:/Users/Administrator/AppData/Local/Temp/capture.props -Dfile.encoding=UTF-8 A

Host: AMD A6-3400M APU with Radeon(tm) HD Graphics, 4 cores, 3G,  Windows 7 , 64 bit Build 7601 (6.1.7601.23864)
Time: Wed May 30 11:33:28 2018 ?D1¨²¡À¨º¡Á?¨º¡À?? elapsed time: 435 seconds (0d 0h 7m 15s)

---------------  T H R E A D  ---------------

Current thread (0x000000001cf3d000):  VMThread "VM Thread" [stack: 0x0000000063220000,0x0000000063320000] [id=6184]

Stack: [0x0000000063220000,0x0000000063320000],  sp=0x000000006331ef40,  free space=1019k
Native frames: (J=compiled Java code, j=interpreted, Vv=VM code, C=native code)
V  [jvm.dll+0x31d82c]
V  [jvm.dll+0x31fbc0]
V  [jvm.dll+0x32024e]
V  [jvm.dll+0x31d9f5]
V  [jvm.dll+0x31cde3]
V  [jvm.dll+0x59048f]
V  [jvm.dll+0x590876]
V  [jvm.dll+0x590636]
V  [jvm.dll+0x55bdc8]
V  [jvm.dll+0x4738fa]
V  [jvm.dll+0x6c42dc]
V  [jvm.dll+0x6c2a45]
V  [jvm.dll+0x6c3250]
V  [jvm.dll+0x6c358c]
V  [jvm.dll+0x59ef10]
C  [msvcr120.dll+0x24f7f]
C  [msvcr120.dll+0x25126]
C  [kernel32.dll+0x159cd]
C  [ntdll.dll+0x2a561]


siginfo: EXCEPTION_ACCESS_VIOLATION (0xc0000005), reading address 0x0000000000000006


Register to memory mapping:

RIP=0x0000000068a7d82c jvm.dll
RAX=0x0000000000000000 is an unknown value
RBX=0x0000000062c03190 is pointing into metadata
RCX=0x0000000000000000 is an unknown value
RDX=0x0000000000001cea is an unknown value
RSP=0x000000006331ef40 is an unknown value
RBP=0x0000000000000001 is an unknown value
RSI=0x00000000690f9b88 jvm.dll
RDI=0x000000006331f1e0 is an unknown value
R8 =0x0000000000000000 is an unknown value
R9 =0x0000000062c03190 is pointing into metadata
R10=0x0000000000000000 is an unknown value
R11=0x0000000062fe55f0 is an unknown value
R12=0x0000000068edd601 jvm.dll
R13=0x0000000000000000 is an unknown value
R14=0x0000000000000001 is an unknown value
R15=0x00000000000000f0 is an unknown value


Registers:
RAX=0x0000000000000000, RBX=0x0000000062c03190, RCX=0x0000000000000000, RDX=0x0000000000001cea
RSP=0x000000006331ef40, RBP=0x0000000000000001, RSI=0x00000000690f9b88, RDI=0x000000006331f1e0
R8 =0x0000000000000000, R9 =0x0000000062c03190, R10=0x0000000000000000, R11=0x0000000062fe55f0
R12=0x0000000068edd601, R13=0x0000000000000000, R14=0x0000000000000001, R15=0x00000000000000f0
RIP=0x0000000068a7d82c, EFLAGS=0x0000000000010216

Top of Stack: (sp=0x000000006331ef40)
0x000000006331ef40:   00000000000000d9 0000000068a7db61
0x000000006331ef50:   000000006331f108 0000000000000000
0x000000006331ef60:   000000006331f1e0 0000000068a80e15
0x000000006331ef70:   0000000062fe5570 0000000068a7d59e
0x000000006331ef80:   00008bcb775509c7 00008bcb000000e6
0x000000006331ef90:   0000000000000006 000000006331f030
0x000000006331efa0:   000000006331f1e0 0000000068a7fbc0
0x000000006331efb0:   000000006331f1e0 0000000000000115
0x000000006331efc0:   0000000000000001 000000006331f1e0
0x000000006331efd0:   0000000000000115 0000000000000005
0x000000006331efe0:   00000000000000f0 000000000000011e
0x000000006331eff0:   0000000062fe55c0 0000000068a8024e
0x000000006331f000:   000000006331f1e0 000000006331f060
0x000000006331f010:   0000000000000006 0000000062fe55c0
0x000000006331f020:   0000000000006000 0000000068a820f1
0x000000006331f030:   0000000062c03cf0 000000001cf3d000 

Instructions: (pc=0x0000000068a7d82c)
0x0000000068a7d80c:   8b cb e8 2d 13 f1 ff 48 8b cb 8b d0 e8 43 3a f1
0x0000000068a7d81c:   ff 48 8d 35 64 c3 67 00 48 63 c8 48 8b 44 cb 40
0x0000000068a7d82c:   0f b6 48 06 8b 05 4e c3 67 00 80 f9 4c 74 2b 80
0x0000000068a7d83c:   f9 5b 74 26 80 f9 4a 74 18 80 f9 44 74 13 48 8d 


VM_Operation (0x0000000064ccf360): GetOrSetLocal, mode: safepoint, requested by thread 0x0000000063f82800


---------------  P R O C E S S  ---------------

Threads class SMR info:
_java_thread_list=0x0000000063f88010, length=14, elements={
0x0000000000453800, 0x000000001cf40000, 0x000000001cf43000, 0x000000006304c800,
0x000000006304d800, 0x0000000063057000, 0x0000000063057800, 0x0000000063058800,
0x0000000063079800, 0x0000000063f82800, 0x0000000063ffa800, 0x0000000063f9b000,
0x0000000063fe1000, 0x0000000063f16800
}

Java Threads: ( => current thread )
  0x0000000000453800 JavaThread "main" [_thread_blocked, id=5304, stack(0x0000000002590000,0x0000000002690000)]
  0x000000001cf40000 JavaThread "Reference Handler" daemon [_thread_blocked, id=2144, stack(0x0000000022310000,0x0000000022410000)]
  0x000000001cf43000 JavaThread "Finalizer" daemon [_thread_blocked, id=6216, stack(0x00000000634a0000,0x00000000635a0000)]
  0x000000006304c800 JavaThread "Signal Dispatcher" daemon [_thread_blocked, id=6644, stack(0x0000000063630000,0x0000000063730000)]
  0x000000006304d800 JavaThread "Attach Listener" daemon [_thread_blocked, id=1172, stack(0x00000000637a0000,0x00000000638a0000)]
  0x0000000063057000 JavaThread "C2 CompilerThread0" daemon [_thread_blocked, id=2584, stack(0x0000000022550000,0x0000000022650000)]
  0x0000000063057800 JavaThread "C2 CompilerThread1" daemon [_thread_blocked, id=3296, stack(0x00000000639c0000,0x0000000063ac0000)]
  0x0000000063058800 JavaThread "C1 CompilerThread2" daemon [_thread_blocked, id=2412, stack(0x0000000063320000,0x0000000063420000)]
  0x0000000063079800 JavaThread "Sweeper thread" daemon [_thread_blocked, id=6960, stack(0x0000000063ba0000,0x0000000063ca0000)]
  0x0000000063f82800 JavaThread "JDWP Transport Listener: dt_socket" daemon [_thread_blocked, id=6604, stack(0x0000000064bd0000,0x0000000064cd0000)] _threads_hazard_ptr=0x0000000063f88010
  0x0000000063ffa800 JavaThread "JDWP Event Helper Thread" daemon [_thread_blocked, id=3772, stack(0x00000000648e0000,0x00000000649e0000)]
  0x0000000063f9b000 JavaThread "JDWP Command Reader" daemon [_thread_in_native, id=6536, stack(0x0000000064e20000,0x0000000064f20000)]
  0x0000000063fe1000 JavaThread "Common-Cleaner" daemon [_thread_blocked, id=7060, stack(0x0000000064f40000,0x0000000065040000)]
  0x0000000063f16800 JavaThread "Service Thread" daemon [_thread_blocked, id=6848, stack(0x0000000065060000,0x0000000065160000)]

Other Threads:
=>0x000000001cf3d000 VMThread "VM Thread" [stack: 0x0000000063220000,0x0000000063320000] [id=6184]
  0x0000000063f1a000 WatcherThread [stack: 0x0000000065290000,0x0000000065390000] [id=4456]
  0x000000000046c800 GCTaskThread "GC Thread#0" [stack: 0x0000000002960000,0x0000000002a60000] [id=6232]
  0x000000000046e000 GCTaskThread "GC Thread#1" [stack: 0x000000001cf50000,0x000000001d050000] [id=6920]
  0x000000000046f800 GCTaskThread "GC Thread#2" [stack: 0x000000001d200000,0x000000001d300000] [id=3400]
  0x0000000000473000 GCTaskThread "GC Thread#3" [stack: 0x000000001d0b0000,0x000000001d1b0000] [id=5728]
  0x00000000004a4800 ConcurrentGCThread "G1 Main Marker" [stack: 0x000000001f890000,0x000000001f990000] [id=5704]
  0x00000000004a5800 ConcurrentGCThread "G1 Conc#0" [stack: 0x000000001faa0000,0x000000001fba0000] [id=2632]
  0x00000000004d2800 ConcurrentGCThread "G1 Refine#0" [stack: 0x0000000022060000,0x0000000022160000] [id=3324]
  0x00000000004d7000 ConcurrentGCThread "G1 Refine#1" [stack: 0x0000000021f30000,0x0000000022030000] [id=6160]
  0x00000000004da000 ConcurrentGCThread "G1 Refine#2" [stack: 0x00000000221a0000,0x00000000222a0000] [id=6172]
  0x00000000004db800 ConcurrentGCThread "G1 Refine#3" [stack: 0x0000000022420000,0x0000000022520000] [id=6176]
  0x00000000004dd000 ConcurrentGCThread "G1 Young RemSet Sampling" [stack: 0x0000000022670000,0x0000000022770000] [id=6180]

Threads with active compile tasks:

VM state:at safepoint (normal execution)

VM Mutex/Monitor currently owned by a thread:  ([mutex/lock_event])
[0x0000000000445340] Threads_lock - owner thread: 0x000000001cf3d000

Heap address: 0x00000000c8600000, size: 890 MB, Compressed Oops mode: 32-bit
Narrow klass base: 0x0000000000000000, Narrow klass shift: 0
Compressed class space size: 1073741824 Address: 0x0000000022770000

Heap:
 garbage-first heap   total 57344K, used 3072K [0x00000000c8600000, 0x0000000100000000)
  region size 1024K, 4 young (4096K), 0 survivors (0K)
 Metaspace       used 5245K, capacity 5392K, committed 5632K, reserved 1056768K
  class space    used 443K, capacity 496K, committed 512K, reserved 1048576K
Heap Regions: E=young(eden), S=young(survivor), O=old, HS=humongous(starts), HC=humongous(continues), CS=collection set, F=free, A=archive, TS=gc time stamp, AC=allocation context, TAMS=top-at-mark-start (previous, next)
|   0|0x00000000c8600000, 0x00000000c8600000, 0x00000000c8700000|  0%| F|  |TS  0|AC  0|TAMS 0x00000000c8600000, 0x00000000c8600000|
|   1|0x00000000c8700000, 0x00000000c8700000, 0x00000000c8800000|  0%| F|  |TS  0|AC  0|TAMS 0x00000000c8700000, 0x00000000c8700000|
|   2|0x00000000c8800000, 0x00000000c8800000, 0x00000000c8900000|  0%| F|  |TS  0|AC  0|TAMS 0x00000000c8800000, 0x00000000c8800000|
|   3|0x00000000c8900000, 0x00000000c8900000, 0x00000000c8a00000|  0%| F|  |TS  0|AC  0|TAMS 0x00000000c8900000, 0x00000000c8900000|
|   4|0x00000000c8a00000, 0x00000000c8a00000, 0x00000000c8b00000|  0%| F|  |TS  0|AC  0|TAMS 0x00000000c8a00000, 0x00000000c8a00000|
|   5|0x00000000c8b00000, 0x00000000c8b00000, 0x00000000c8c00000|  0%| F|  |TS  0|AC  0|TAMS 0x00000000c8b00000, 0x00000000c8b00000|
|   6|0x00000000c8c00000, 0x00000000c8c00000, 0x00000000c8d00000|  0%| F|  |TS  0|AC  0|TAMS 0x00000000c8c00000, 0x00000000c8c00000|
|   7|0x00000000c8d00000, 0x00000000c8d00000, 0x00000000c8e00000|  0%| F|  |TS  0|AC  0|TAMS 0x00000000c8d00000, 0x00000000c8d00000|
|   8|0x00000000c8e00000, 0x00000000c8e00000, 0x00000000c8f00000|  0%| F|  |TS  0|AC  0|TAMS 0x00000000c8e00000, 0x00000000c8e00000|
|   9|0x00000000c8f00000, 0x00000000c8f00000, 0x00000000c9000000|  0%| F|  |TS  0|AC  0|TAMS 0x00000000c8f00000, 0x00000000c8f00000|
|  10|0x00000000c9000000, 0x00000000c9000000, 0x00000000c9100000|  0%| F|  |TS  0|AC  0|TAMS 0x00000000c9000000, 0x00000000c9000000|
|  11|0x00000000c9100000, 0x00000000c9100000, 0x00000000c9200000|  0%| F|  |TS  0|AC  0|TAMS 0x00000000c9100000, 0x00000000c9100000|
|  12|0x00000000c9200000, 0x00000000c9200000, 0x00000000c9300000|  0%| F|  |TS  0|AC  0|TAMS 0x00000000c9200000, 0x00000000c9200000|
|  13|0x00000000c9300000, 0x00000000c9300000, 0x00000000c9400000|  0%| F|  |TS  0|AC  0|TAMS 0x00000000c9300000, 0x00000000c9300000|
|  14|0x00000000c9400000, 0x00000000c9400000, 0x00000000c9500000|  0%| F|  |TS  0|AC  0|TAMS 0x00000000c9400000, 0x00000000c9400000|
|  15|0x00000000c9500000, 0x00000000c9500000, 0x00000000c9600000|  0%| F|  |TS  0|AC  0|TAMS 0x00000000c9500000, 0x00000000c9500000|
|  16|0x00000000c9600000, 0x00000000c9600000, 0x00000000c9700000|  0%| F|  |TS  0|AC  0|TAMS 0x00000000c9600000, 0x00000000c9600000|
|  17|0x00000000c9700000, 0x00000000c9700000, 0x00000000c9800000|  0%| F|  |TS  0|AC  0|TAMS 0x00000000c9700000, 0x00000000c9700000|
|  18|0x00000000c9800000, 0x00000000c9800000, 0x00000000c9900000|  0%| F|  |TS  0|AC  0|TAMS 0x00000000c9800000, 0x00000000c9800000|
|  19|0x00000000c9900000, 0x00000000c9900000, 0x00000000c9a00000|  0%| F|  |TS  0|AC  0|TAMS 0x00000000c9900000, 0x00000000c9900000|
|  20|0x00000000c9a00000, 0x00000000c9a00000, 0x00000000c9b00000|  0%| F|  |TS  0|AC  0|TAMS 0x00000000c9a00000, 0x00000000c9a00000|
|  21|0x00000000c9b00000, 0x00000000c9b00000, 0x00000000c9c00000|  0%| F|  |TS  0|AC  0|TAMS 0x00000000c9b00000, 0x00000000c9b00000|
|  22|0x00000000c9c00000, 0x00000000c9c00000, 0x00000000c9d00000|  0%| F|  |TS  0|AC  0|TAMS 0x00000000c9c00000, 0x00000000c9c00000|
|  23|0x00000000c9d00000, 0x00000000c9d00000, 0x00000000c9e00000|  0%| F|  |TS  0|AC  0|TAMS 0x00000000c9d00000, 0x00000000c9d00000|
|  24|0x00000000c9e00000, 0x00000000c9e00000, 0x00000000c9f00000|  0%| F|  |TS  0|AC  0|TAMS 0x00000000c9e00000, 0x00000000c9e00000|
|  25|0x00000000c9f00000, 0x00000000c9f00000, 0x00000000ca000000|  0%| F|  |TS  0|AC  0|TAMS 0x00000000c9f00000, 0x00000000c9f00000|
|  26|0x00000000ca000000, 0x00000000ca000000, 0x00000000ca100000|  0%| F|  |TS  0|AC  0|TAMS 0x00000000ca000000, 0x00000000ca000000|
|  27|0x00000000ca100000, 0x00000000ca100000, 0x00000000ca200000|  0%| F|  |TS  0|AC  0|TAMS 0x00000000ca100000, 0x00000000ca100000|
|  28|0x00000000ca200000, 0x00000000ca200000, 0x00000000ca300000|  0%| F|  |TS  0|AC  0|TAMS 0x00000000ca200000, 0x00000000ca200000|
|  29|0x00000000ca300000, 0x00000000ca300000, 0x00000000ca400000|  0%| F|  |TS  0|AC  0|TAMS 0x00000000ca300000, 0x00000000ca300000|
|  30|0x00000000ca400000, 0x00000000ca400000, 0x00000000ca500000|  0%| F|  |TS  0|AC  0|TAMS 0x00000000ca400000, 0x00000000ca400000|
|  31|0x00000000ca500000, 0x00000000ca500000, 0x00000000ca600000|  0%| F|  |TS  0|AC  0|TAMS 0x00000000ca500000, 0x00000000ca500000|
|  32|0x00000000ca600000, 0x00000000ca600000, 0x00000000ca700000|  0%| F|  |TS  0|AC  0|TAMS 0x00000000ca600000, 0x00000000ca600000|
|  33|0x00000000ca700000, 0x00000000ca700000, 0x00000000ca800000|  0%| F|  |TS  0|AC  0|TAMS 0x00000000ca700000, 0x00000000ca700000|
|  34|0x00000000ca800000, 0x00000000ca800000, 0x00000000ca900000|  0%| F|  |TS  0|AC  0|TAMS 0x00000000ca800000, 0x00000000ca800000|
|  35|0x00000000ca900000, 0x00000000ca900000, 0x00000000caa00000|  0%| F|  |TS  0|AC  0|TAMS 0x00000000ca900000, 0x00000000ca900000|
|  36|0x00000000caa00000, 0x00000000caa00000, 0x00000000cab00000|  0%| F|  |TS  0|AC  0|TAMS 0x00000000caa00000, 0x00000000caa00000|
|  37|0x00000000cab00000, 0x00000000cab00000, 0x00000000cac00000|  0%| F|  |TS  0|AC  0|TAMS 0x00000000cab00000, 0x00000000cab00000|
|  38|0x00000000cac00000, 0x00000000cac00000, 0x00000000cad00000|  0%| F|  |TS  0|AC  0|TAMS 0x00000000cac00000, 0x00000000cac00000|
|  39|0x00000000cad00000, 0x00000000cad00000, 0x00000000cae00000|  0%| F|  |TS  0|AC  0|TAMS 0x00000000cad00000, 0x00000000cad00000|
|  40|0x00000000cae00000, 0x00000000cae00000, 0x00000000caf00000|  0%| F|  |TS  0|AC  0|TAMS 0x00000000cae00000, 0x00000000cae00000|
|  41|0x00000000caf00000, 0x00000000caf00000, 0x00000000cb000000|  0%| F|  |TS  0|AC  0|TAMS 0x00000000caf00000, 0x00000000caf00000|
|  42|0x00000000cb000000, 0x00000000cb000000, 0x00000000cb100000|  0%| F|  |TS  0|AC  0|TAMS 0x00000000cb000000, 0x00000000cb000000|
|  43|0x00000000cb100000, 0x00000000cb100000, 0x00000000cb200000|  0%| F|  |TS  0|AC  0|TAMS 0x00000000cb100000, 0x00000000cb100000|
|  44|0x00000000cb200000, 0x00000000cb200000, 0x00000000cb300000|  0%| F|  |TS  0|AC  0|TAMS 0x00000000cb200000, 0x00000000cb200000|
|  45|0x00000000cb300000, 0x00000000cb300000, 0x00000000cb400000|  0%| F|  |TS  0|AC  0|TAMS 0x00000000cb300000, 0x00000000cb300000|
|  46|0x00000000cb400000, 0x00000000cb400000, 0x00000000cb500000|  0%| F|  |TS  0|AC  0|TAMS 0x00000000cb400000, 0x00000000cb400000|
|  47|0x00000000cb500000, 0x00000000cb500000, 0x00000000cb600000|  0%| F|  |TS  0|AC  0|TAMS 0x00000000cb500000, 0x00000000cb500000|
|  48|0x00000000cb600000, 0x00000000cb600000, 0x00000000cb700000|  0%| F|  |TS  0|AC  0|TAMS 0x00000000cb600000, 0x00000000cb600000|
|  49|0x00000000cb700000, 0x00000000cb700000, 0x00000000cb800000|  0%| F|  |TS  0|AC  0|TAMS 0x00000000cb700000, 0x00000000cb700000|
|  50|0x00000000cb800000, 0x00000000cb800000, 0x00000000cb900000|  0%| F|  |TS  0|AC  0|TAMS 0x00000000cb800000, 0x00000000cb800000|
|  51|0x00000000cb900000, 0x00000000cb900000, 0x00000000cba00000|  0%| F|  |TS  0|AC  0|TAMS 0x00000000cb900000, 0x00000000cb900000|
|  52|0x00000000cba00000, 0x00000000cba4b2e8, 0x00000000cbb00000| 29%| E|  |TS  0|AC  0|TAMS 0x00000000cba00000, 0x00000000cba00000|
|  53|0x00000000cbb00000, 0x00000000cbc00000, 0x00000000cbc00000|100%| E|CS|TS  0|AC  0|TAMS 0x00000000cbb00000, 0x00000000cbb00000|
|  54|0x00000000cbc00000, 0x00000000cbd00000, 0x00000000cbd00000|100%| E|CS|TS  0|AC  0|TAMS 0x00000000cbc00000, 0x00000000cbc00000|
|  55|0x00000000cbd00000, 0x00000000cbe00000, 0x00000000cbe00000|100%| E|CS|TS  0|AC  0|TAMS 0x00000000cbd00000, 0x00000000cbd00000|

Card table byte_map: [0x000000001d900000,0x000000001dac0000] byte_map_base: 0x000000001d2bd000

Marking Bits (Prev, Next): (CMBitMap*) 0x00000000004a3890, (CMBitMap*) 0x00000000004a38c8
 Prev Bits: [0x000000001dc80000, 0x000000001ea68000)
 Next Bits: [0x000000001ea70000, 0x000000001f858000)

Polling page: 0x00000000000f0000

CodeHeap 'non-profiled nmethods': size=120064Kb used=75Kb max_used=75Kb free=119988Kb
 bounds [0x0000000015910000, 0x0000000015b80000, 0x000000001ce50000]
CodeHeap 'profiled nmethods': size=120000Kb used=273Kb max_used=273Kb free=119726Kb
 bounds [0x000000000e3e0000, 0x000000000e650000, 0x0000000015910000]
CodeHeap 'non-nmethods': size=5696Kb used=1069Kb max_used=1081Kb free=4626Kb
 bounds [0x000000000de50000, 0x000000000e0c0000, 0x000000000e3e0000]
 total_blobs=587 nmethods=213 adapters=211
 compilation: enabled

Compilation events (10 events):
Event: 0.866 Thread 0x0000000063058800  208       1       java.net.URL::getProtocol (5 bytes)
Event: 0.866 Thread 0x0000000063058800 nmethod 208 0x0000000015922090 code [0x0000000015922240, 0x0000000015922350]
Event: 0.889 Thread 0x0000000063058800  209       3       java.lang.StringLatin1::indexOf (121 bytes)
Event: 0.891 Thread 0x0000000063058800 nmethod 209 0x000000000e423010 code [0x000000000e423200, 0x000000000e423730]
Event: 0.892 Thread 0x0000000063057800  210       4       java.lang.StringLatin1::indexOf (61 bytes)
Event: 0.901 Thread 0x0000000063057800 nmethod 210 0x0000000015922890 code [0x0000000015922a20, 0x0000000015922bb8]
Event: 0.905 Thread 0x0000000063058800  212       3       java.lang.String::lastIndexOf (29 bytes)
Event: 0.906 Thread 0x0000000063058800 nmethod 212 0x000000000e423990 code [0x000000000e423b60, 0x000000000e423e58]
Event: 0.907 Thread 0x0000000063058800  213       3       java.lang.StringUTF16::compress (50 bytes)
Event: 0.908 Thread 0x0000000063058800 nmethod 213 0x000000000e423f90 code [0x000000000e424160, 0x000000000e4243f0]

GC Heap History (0 events):
No events

Deoptimization events (2 events):
Event: 0.655 Thread 0x0000000000453800 Uncommon trap: reason=unstable_if action=reinterpret pc=0x000000001591ecec method=java.lang.String.isLatin1()Z @ 10 c2
Event: 0.676 Thread 0x0000000000453800 Uncommon trap: reason=unstable_if action=reinterpret pc=0x0000000015912d94 method=java.lang.String.hashCode()I @ 14 c2

Classes redefined (6 events):
Event: 218.151 Thread 0x000000001cf3d000 redefined class name=A, count=1
Event: 218.152 Thread 0x000000001cf3d000 redefined class name=A$Interval, count=1
Event: 414.489 Thread 0x000000001cf3d000 redefined class name=A, count=2
Event: 414.490 Thread 0x000000001cf3d000 redefined class name=A$Interval, count=2
Event: 434.763 Thread 0x000000001cf3d000 redefined class name=A, count=3
Event: 434.764 Thread 0x000000001cf3d000 redefined class name=A$Interval, count=3

Internal exceptions (0 events):
No events

Events (10 events):
Event: 434.803 Executing VM operation: GetFrameLocation done
Event: 434.803 Executing VM operation: GetOrSetLocal
Event: 434.803 Executing VM operation: GetOrSetLocal done
Event: 434.944 Executing VM operation: ChangeBreakpoints
Event: 434.944 Executing VM operation: ChangeBreakpoints done
Event: 434.994 Executing VM operation: GetFrameCount
Event: 434.994 Executing VM operation: GetFrameCount done
Event: 434.994 Executing VM operation: GetFrameLocation
Event: 434.994 Executing VM operation: GetFrameLocation done
Event: 435.033 Executing VM operation: GetOrSetLocal


Dynamic libraries:
0x000000013ff80000 - 0x000000013ffbe000 	C:\Program Files\Java\jdk-10\bin\java.exe
0x0000000077bf0000 - 0x0000000077d9a000 	C:\Windows\SYSTEM32\ntdll.dll
0x00000000779d0000 - 0x0000000077aef000 	C:\Windows\system32\kernel32.dll
0x000007fefdc10000 - 0x000007fefdc7a000 	C:\Windows\system32\KERNELBASE.dll
0x000007feffc10000 - 0x000007feffceb000 	C:\Windows\system32\ADVAPI32.dll
0x000007feffa40000 - 0x000007feffadf000 	C:\Windows\system32\msvcrt.dll
0x000007fefe0f0000 - 0x000007fefe10f000 	C:\Windows\SYSTEM32\sechost.dll
0x000007fefdca0000 - 0x000007fefddcd000 	C:\Windows\system32\RPCRT4.dll
0x0000000077af0000 - 0x0000000077bea000 	C:\Windows\system32\USER32.dll
0x000007feffae0000 - 0x000007feffb47000 	C:\Windows\system32\GDI32.dll
0x000007feffba0000 - 0x000007feffbae000 	C:\Windows\system32\LPK.dll
0x000007feff3e0000 - 0x000007feff4ab000 	C:\Windows\system32\USP10.dll
0x000007fefc3b0000 - 0x000007fefc5a4000 	C:\Windows\WinSxS\amd64_microsoft.windows.common-controls_6595b64144ccf1df_6.0.7601.18837_none_fa3b1e3d17594757\COMCTL32.dll
0x000007fefe5d0000 - 0x000007fefe641000 	C:\Windows\system32\SHLWAPI.dll
0x000007fefd310000 - 0x000007fefd31c000 	C:\Windows\system32\VERSION.dll
0x000007feffb50000 - 0x000007feffb7e000 	C:\Windows\system32\IMM32.DLL
0x000007fefdf90000 - 0x000007fefe099000 	C:\Windows\system32\MSCTF.dll
0x000007fef2070000 - 0x000007fef215f000 	C:\Program Files\Java\jdk-10\bin\msvcr120.dll
0x000007fef47a0000 - 0x000007fef4846000 	C:\Program Files\Java\jdk-10\bin\msvcp120.dll
0x0000000068760000 - 0x00000000691cf000 	C:\Program Files\Java\jdk-10\bin\server\jvm.dll
0x000007fefacc0000 - 0x000007fefacc9000 	C:\Windows\system32\WSOCK32.dll
0x000007fefe0a0000 - 0x000007fefe0ed000 	C:\Windows\system32\WS2_32.dll
0x000007feffcf0000 - 0x000007feffcf8000 	C:\Windows\system32\NSI.dll
0x000007fef9700000 - 0x000007fef973b000 	C:\Windows\system32\WINMM.dll
0x0000000077db0000 - 0x0000000077db7000 	C:\Windows\system32\PSAPI.DLL
0x000007fefd120000 - 0x000007fefd12f000 	C:\Program Files\Java\jdk-10\bin\verify.dll
0x000007fef3a40000 - 0x000007fef3b65000 	C:\Windows\system32\DBGHELP.DLL
0x000007fef6550000 - 0x000007fef6577000 	C:\Program Files\Java\jdk-10\bin\java.dll
0x000007fef6510000 - 0x000007fef6546000 	C:\Program Files\Java\jdk-10\bin\jdwp.dll
0x000007fef4770000 - 0x000007fef479a000 	C:\Program Files\Java\jdk-10\bin\instrument.dll
0x000007fefc5e0000 - 0x000007fefc5f6000 	C:\Program Files\Java\jdk-10\bin\zip.dll
0x000007fefd110000 - 0x000007fefd11a000 	C:\Program Files\Java\jdk-10\bin\jimage.dll
0x000007fefe650000 - 0x000007feff3db000 	C:\Windows\system32\SHELL32.dll
0x000007feffd00000 - 0x000007feffefc000 	C:\Windows\system32\ole32.dll
0x000007fefd8f0000 - 0x000007fefd8ff000 	C:\Windows\system32\profapi.dll
0x000007fefc5d0000 - 0x000007fefc5da000 	C:\Program Files\Java\jdk-10\bin\dt_socket.dll
0x000007fefcd80000 - 0x000007fefcdd5000 	C:\Windows\system32\mswsock.dll
0x000007fefd320000 - 0x000007fefd327000 	C:\Windows\System32\wshtcpip.dll
0x000007fef9f20000 - 0x000007fef9f3a000 	C:\Program Files\Java\jdk-10\bin\net.dll
0x000007fef88e0000 - 0x000007fef8951000 	C:\Windows\system32\WINHTTP.dll
0x000007fef8860000 - 0x000007fef88c4000 	C:\Windows\system32\webio.dll
0x000007fefcd70000 - 0x000007fefcd77000 	C:\Windows\System32\wship6.dll
0x000007fef6a70000 - 0x000007fef6a81000 	C:\Program Files\Java\jdk-10\bin\nio.dll

dbghelp: loaded successfully - version: 4.0.5 - missing functions: none
symbol engine: initialized successfully - sym options: 0x614 - pdb path: .;C:\Program Files\Java\jdk-10\bin;C:\Windows\SYSTEM32;C:\Windows\WinSxS\amd64_microsoft.windows.common-controls_6595b64144ccf1df_6.0.7601.18837_none_fa3b1e3d17594757;C:\Program Files\Java\jdk-10\bin\server

VM Arguments:
jvm_args: -agentlib:jdwp=transport=dt_socket,address=127.0.0.1:51444,suspend=y,server=n -javaagent:C:\Users\Administrator\AppData\Local\Temp\capture19553jars\debugger-agent.jar=file:/C:/Users/Administrator/AppData/Local/Temp/capture.props -Dfile.encoding=UTF-8 
java_command: A
java_class_path (initial): D:\GitBash\CS61B\skeleton-sp18-master\library-sp18\javalib;D:\LCsolution\56. Merge Intervals\out\production\56. Merge Intervals;F:\Program Files\IntelliJ\IntelliJ IDEA Community Edition 2018.1.1\lib\idea_rt.jar
Launcher Type: SUN_STANDARD

Logging:
Log output configuration:
#0: stdout all=warning uptime,level,tags
#1: stderr all=off uptime,level,tags

Environment Variables:
JAVA_HOME=C:\Program Files\Java\jdk-10
PATH=C:\ProgramData\Oracle\Java\javapath;C:\Windows\system32;C:\Windows;C:\Windows\System32\Wbem;C:\Windows\System32\WindowsPowerShell\v1.0\;C:\Program Files\Java\jdk-10\bin;G:\0 code\Python\Scripts\;G:\0 code\Python\
USERNAME=Administrator
OS=Windows_NT
PROCESSOR_IDENTIFIER=AMD64 Family 18 Model 1 Stepping 0, AuthenticAMD



---------------  S Y S T E M  ---------------

OS: Windows 7 , 64 bit Build 7601 (6.1.7601.23864)

CPU:total 4 (initial active 4) (4 cores per cpu, 1 threads per core) family 18 model 1 stepping 0, cmov, cx8, fxsr, mmx, sse, sse2, sse3, popcnt, mmxext, 3dnowpref, lzcnt, sse4a, tsc, tscinvbit, tscinv

Memory: 4k page, physical 3643504k(708748k free), swap 7285148k(2835300k free)

vm_info: Java HotSpot(TM) 64-Bit Server VM (10+46) for windows-amd64 JRE (10+46), built on Mar  8 2018 02:11:18 by "mach5one" with MS VC++ 12.0 (VS2013)

END.
