#
# A fatal error has been detected by the Java Runtime Environment:
#
#  EXCEPTION_ACCESS_VIOLATION (0xc0000005) at pc=0x0000000061d93eba, pid=6452, tid=4080
#
# JRE version: Java(TM) SE Runtime Environment (10.0+46) (build 10+46)
# Java VM: Java HotSpot(TM) 64-Bit Server VM (10+46, mixed mode, tiered, compressed oops, g1 gc, windows-amd64)
# Problematic frame:
# V  [jvm.dll+0x473eba]
#
# No core dump will be written. Minidumps are not enabled by default on client versions of Windows
#
# If you would like to submit a bug report, please visit:
#   http://bugreport.java.com/bugreport/crash.jsp
#

---------------  S U M M A R Y ------------

Command Line: -agentlib:jdwp=transport=dt_socket,address=127.0.0.1:59845,suspend=y,server=n -javaagent:C:\Users\Administrator\AppData\Local\Temp\capture13990jars\debugger-agent.jar=file:/C:/Users/Administrator/AppData/Local/Temp/capture1.props -Dfile.encoding=UTF-8 Solution

Host: AMD A6-3400M APU with Radeon(tm) HD Graphics, 4 cores, 3G,  Windows 7 , 64 bit Build 7601 (6.1.7601.23864)
Time: Fri Jun 15 01:01:54 2018 ?D1¨²¡À¨º¡Á?¨º¡À?? elapsed time: 274 seconds (0d 0h 4m 34s)

---------------  T H R E A D  ---------------

Current thread (0x000000001f693800):  VMThread "VM Thread" [stack: 0x0000000023030000,0x0000000023130000] [id=4080]

Stack: [0x0000000023030000,0x0000000023130000],  sp=0x000000002312ef30,  free space=1019k
Native frames: (J=compiled Java code, j=interpreted, Vv=VM code, C=native code)
V  [jvm.dll+0x473eba]
V  [jvm.dll+0x473877]
V  [jvm.dll+0x6c42dc]
V  [jvm.dll+0x6c2a45]
V  [jvm.dll+0x6c3250]
V  [jvm.dll+0x6c358c]
V  [jvm.dll+0x59ef10]
C  [msvcr120.dll+0x24f7f]
C  [msvcr120.dll+0x25126]
C  [kernel32.dll+0x159cd]
C  [ntdll.dll+0x2a561]


siginfo: EXCEPTION_ACCESS_VIOLATION (0xc0000005), reading address 0xffffffffffffffff


Register to memory mapping:

RIP=0x0000000061d93eba jvm.dll
RAX=0x00000000229b3aca is pointing into metadata
RBX=0x0000000000000008 is an unknown value
RCX=0x000000000000000b is an unknown value
RDX=0x0000000000000002 is an unknown value
RSP=0x000000002312ef30 is an unknown value
RBP=0x000000001f64a360 is an unknown value
RSI=0x00000000229b3b00 is pointing into metadata
RDI=0x0000000023d03ba0 is an unknown value
R8 =0x00000000229b34e0 is pointing into metadata
R9 =0x0008b62b2a0007b6 is an unknown value
R10=0x000000001f5f3840 is an unknown value
R11=0x000000001f6726a0 is an unknown value
R12=0x000000002312efe0 is an unknown value
R13=0x000000001f605800 is an unknown value
R14=0x000000001f64a738 is an unknown value
R15=0x000000008005bca8 is pointing into metadata


Registers:
RAX=0x00000000229b3aca, RBX=0x0000000000000008, RCX=0x000000000000000b, RDX=0x0000000000000002
RSP=0x000000002312ef30, RBP=0x000000001f64a360, RSI=0x00000000229b3b00, RDI=0x0000000023d03ba0
R8 =0x00000000229b34e0, R9 =0x0008b62b2a0007b6, R10=0x000000001f5f3840, R11=0x000000001f6726a0
R12=0x000000002312efe0, R13=0x000000001f605800, R14=0x000000001f64a738, R15=0x000000008005bca8
RIP=0x0000000061d93eba, EFLAGS=0x0000000000010202

Top of Stack: (sp=0x000000002312ef30)
0x000000002312ef30:   000000002396f300 0000000023d03ba0
0x000000002312ef40:   000000002312efe0 0000000023d03ba0
0x000000002312ef50:   0000000023cfe2e0 000000001f5f3840
0x000000002312ef60:   000000001f6726a0 0000000000000000
0x000000002312ef70:   0000000000000000 000000001f64a738
0x000000002312ef80:   0000000023d03ba0 000000002396f300
0x000000002312ef90:   000000001f64a360 00000000000003d8
0x000000002312efa0:   00000000622f5850 000000006209d698
0x000000002312efb0:   000000002396f370 0000000061d93877
0x000000002312efc0:   000000002396f370 000000002312efe0
0x000000002312efd0:   000000002396f300 0000000023d03ba0
0x000000002312efe0:   0000000061e79120 0000000000000000
0x000000002312eff0:   000000001f64a350 0000000061fe42dc
0x000000002312f000:   000000001f655370 000000001f693800
0x000000002312f010:   0000000000000000 0000000062106a50
0x000000002312f020:   0000000076fc0300 0000d7190000000e 

Instructions: (pc=0x0000000061d93eba)
0x0000000061d93e9a:   04 c1 0f 1f 40 00 49 8b 30 0f b6 46 2a c0 e8 05
0x0000000061d93eaa:   a8 01 74 1e 48 8b 46 08 4c 8b 48 08 0f b7 48 2a
0x0000000061d93eba:   4d 39 6c c9 40 75 0b 0f b7 48 2c 4d 39 54 c9 40
0x0000000061d93eca:   74 0e 49 83 e8 08 48 ff ca 79 cb e9 16 01 00 00 


VM_Operation (0x000000002396f300): ChangeBreakpoints, mode: safepoint, requested by thread 0x0000000023da6000


---------------  P R O C E S S  ---------------

Threads class SMR info:
_java_thread_list=0x0000000023c81d80, length=14, elements={
0x0000000000222800, 0x000000001f695800, 0x000000001f699000, 0x0000000022df4800,
0x0000000022df5800, 0x0000000022df6800, 0x0000000022dfb800, 0x0000000022dfc000,
0x0000000022dff000, 0x0000000023da6000, 0x0000000023dca800, 0x0000000023c92800,
0x0000000023e9d800, 0x0000000023cb6000
}

Java Threads: ( => current thread )
  0x0000000000222800 JavaThread "main" [_thread_blocked, id=1768, stack(0x0000000002280000,0x0000000002380000)]
  0x000000001f695800 JavaThread "Reference Handler" daemon [_thread_blocked, id=4932, stack(0x0000000023240000,0x0000000023340000)]
  0x000000001f699000 JavaThread "Finalizer" daemon [_thread_blocked, id=4716, stack(0x0000000021ea0000,0x0000000021fa0000)]
  0x0000000022df4800 JavaThread "Signal Dispatcher" daemon [_thread_blocked, id=2000, stack(0x0000000022f20000,0x0000000023020000)]
  0x0000000022df5800 JavaThread "Attach Listener" daemon [_thread_blocked, id=6248, stack(0x00000000234b0000,0x00000000235b0000)]
  0x0000000022df6800 JavaThread "C2 CompilerThread0" daemon [_thread_blocked, id=6892, stack(0x00000000235d0000,0x00000000236d0000)]
  0x0000000022dfb800 JavaThread "C2 CompilerThread1" daemon [_thread_blocked, id=6700, stack(0x00000000233b0000,0x00000000234b0000)]
  0x0000000022dfc000 JavaThread "C1 CompilerThread2" daemon [_thread_blocked, id=4308, stack(0x00000000236e0000,0x00000000237e0000)]
  0x0000000022dff000 JavaThread "Sweeper thread" daemon [_thread_blocked, id=4548, stack(0x00000000239a0000,0x0000000023aa0000)]
  0x0000000023da6000 JavaThread "JDWP Transport Listener: dt_socket" daemon [_thread_blocked, id=5296, stack(0x0000000023870000,0x0000000023970000)]
  0x0000000023dca800 JavaThread "JDWP Event Helper Thread" daemon [_thread_blocked, id=6444, stack(0x00000000241a0000,0x00000000242a0000)]
  0x0000000023c92800 JavaThread "JDWP Command Reader" daemon [_thread_in_native, id=3908, stack(0x0000000023ef0000,0x0000000023ff0000)]
  0x0000000023e9d800 JavaThread "Common-Cleaner" daemon [_thread_blocked, id=4092, stack(0x0000000024330000,0x0000000024430000)]
  0x0000000023cb6000 JavaThread "Service Thread" daemon [_thread_blocked, id=5848, stack(0x0000000024600000,0x0000000024700000)]

Other Threads:
=>0x000000001f693800 VMThread "VM Thread" [stack: 0x0000000023030000,0x0000000023130000] [id=4080]
  0x0000000023cbb000 WatcherThread [stack: 0x0000000023130000,0x0000000023230000] [id=4500]
  0x000000000024b000 GCTaskThread "GC Thread#0" [stack: 0x000000001ca90000,0x000000001cb90000] [id=6992]
  0x000000000024c800 GCTaskThread "GC Thread#1" [stack: 0x000000001cd50000,0x000000001ce50000] [id=5024]
  0x0000000000250000 GCTaskThread "GC Thread#2" [stack: 0x000000001ceb0000,0x000000001cfb0000] [id=6952]
  0x0000000000253800 GCTaskThread "GC Thread#3" [stack: 0x000000001d050000,0x000000001d150000] [id=4464]
  0x0000000000285800 ConcurrentGCThread "G1 Main Marker" [stack: 0x000000001f6a0000,0x000000001f7a0000] [id=348]
  0x0000000000287000 ConcurrentGCThread "G1 Conc#0" [stack: 0x000000001f820000,0x000000001f920000] [id=3752]
  0x000000001f5b0800 ConcurrentGCThread "G1 Refine#0" [stack: 0x0000000021da0000,0x0000000021ea0000] [id=2720]
  0x00000000002a9800 ConcurrentGCThread "G1 Refine#1" [stack: 0x0000000021fd0000,0x00000000220d0000] [id=3924]
  0x00000000002ac800 ConcurrentGCThread "G1 Refine#2" [stack: 0x0000000022280000,0x0000000022380000] [id=684]
  0x00000000002ad800 ConcurrentGCThread "G1 Refine#3" [stack: 0x00000000220f0000,0x00000000221f0000] [id=4636]
  0x00000000002af000 ConcurrentGCThread "G1 Young RemSet Sampling" [stack: 0x0000000022420000,0x0000000022520000] [id=6204]

Threads with active compile tasks:

VM state:at safepoint (normal execution)

VM Mutex/Monitor currently owned by a thread:  ([mutex/lock_event])
[0x000000000021f000] Threads_lock - owner thread: 0x000000001f693800

Heap address: 0x00000000c8600000, size: 890 MB, Compressed Oops mode: 32-bit
Narrow klass base: 0x0000000000000000, Narrow klass shift: 0
Compressed class space size: 1073741824 Address: 0x000000007fff0000

Heap:
 garbage-first heap   total 57344K, used 2048K [0x00000000c8600000, 0x0000000100000000)
  region size 1024K, 3 young (3072K), 0 survivors (0K)
 Metaspace       used 5195K, capacity 5264K, committed 5376K, reserved 1056768K
  class space    used 437K, capacity 496K, committed 512K, reserved 1048576K
Heap Regions: E=young(eden), S=young(survivor), O=old, HS=humongous(starts), HC=humongous(continues), CS=collection set, F=free, A=archive, TS=gc time stamp, AC=allocation context, TAMS=top-at-mark-start (previous, next)
|   0|0x00000000c8600000, 0x00000000c8600000, 0x00000000c8700000|  0%| F|  |TS  0|AC  0|TAMS 0x00000000c8600000, 0x00000000c8600000|
|   1|0x00000000c8700000, 0x00000000c8700000, 0x00000000c8800000|  0%| F|  |TS  0|AC  0|TAMS 0x00000000c8700000, 0x00000000c8700000|
|   2|0x00000000c8800000, 0x00000000c8800000, 0x00000000c8900000|  0%| F|  |TS  0|AC  0|TAMS 0x00000000c8800000, 0x00000000c8800000|
|   3|0x00000000c8900000, 0x00000000c8900000, 0x00000000c8a00000|  0%| F|  |TS  0|AC  0|TAMS 0x00000000c8900000, 0x00000000c8900000|
|   4|0x00000000c8a00000, 0x00000000c8a00000, 0x00000000c8b00000|  0%| F|  |TS  0|AC  0|TAMS 0x00000000c8a00000, 0x00000000c8a00000|
|   5|0x00000000c8b00000, 0x00000000c8b00000, 0x00000000c8c00000|  0%| F|  |TS  0|AC  0|TAMS 0x00000000c8b00000, 0x00000000c8b00000|
|   6|0x00000000c8c00000, 0x00000000c8c00000, 0x00000000c8d00000|  0%| F|  |TS  0|AC  0|TAMS 0x00000000c8c00000, 0x00000000c8c00000|
|   7|0x00000000c8d00000, 0x00000000c8d00000, 0x00000000c8e00000|  0%| F|  |TS  0|AC  0|TAMS 0x00000000c8d00000, 0x00000000c8d00000|
|   8|0x00000000c8e00000, 0x00000000c8e00000, 0x00000000c8f00000|  0%| F|  |TS  0|AC  0|TAMS 0x00000000c8e00000, 0x00000000c8e00000|
|   9|0x00000000c8f00000, 0x00000000c8f00000, 0x00000000c9000000|  0%| F|  |TS  0|AC  0|TAMS 0x00000000c8f00000, 0x00000000c8f00000|
|  10|0x00000000c9000000, 0x00000000c9000000, 0x00000000c9100000|  0%| F|  |TS  0|AC  0|TAMS 0x00000000c9000000, 0x00000000c9000000|
|  11|0x00000000c9100000, 0x00000000c9100000, 0x00000000c9200000|  0%| F|  |TS  0|AC  0|TAMS 0x00000000c9100000, 0x00000000c9100000|
|  12|0x00000000c9200000, 0x00000000c9200000, 0x00000000c9300000|  0%| F|  |TS  0|AC  0|TAMS 0x00000000c9200000, 0x00000000c9200000|
|  13|0x00000000c9300000, 0x00000000c9300000, 0x00000000c9400000|  0%| F|  |TS  0|AC  0|TAMS 0x00000000c9300000, 0x00000000c9300000|
|  14|0x00000000c9400000, 0x00000000c9400000, 0x00000000c9500000|  0%| F|  |TS  0|AC  0|TAMS 0x00000000c9400000, 0x00000000c9400000|
|  15|0x00000000c9500000, 0x00000000c9500000, 0x00000000c9600000|  0%| F|  |TS  0|AC  0|TAMS 0x00000000c9500000, 0x00000000c9500000|
|  16|0x00000000c9600000, 0x00000000c9600000, 0x00000000c9700000|  0%| F|  |TS  0|AC  0|TAMS 0x00000000c9600000, 0x00000000c9600000|
|  17|0x00000000c9700000, 0x00000000c9700000, 0x00000000c9800000|  0%| F|  |TS  0|AC  0|TAMS 0x00000000c9700000, 0x00000000c9700000|
|  18|0x00000000c9800000, 0x00000000c9800000, 0x00000000c9900000|  0%| F|  |TS  0|AC  0|TAMS 0x00000000c9800000, 0x00000000c9800000|
|  19|0x00000000c9900000, 0x00000000c9900000, 0x00000000c9a00000|  0%| F|  |TS  0|AC  0|TAMS 0x00000000c9900000, 0x00000000c9900000|
|  20|0x00000000c9a00000, 0x00000000c9a00000, 0x00000000c9b00000|  0%| F|  |TS  0|AC  0|TAMS 0x00000000c9a00000, 0x00000000c9a00000|
|  21|0x00000000c9b00000, 0x00000000c9b00000, 0x00000000c9c00000|  0%| F|  |TS  0|AC  0|TAMS 0x00000000c9b00000, 0x00000000c9b00000|
|  22|0x00000000c9c00000, 0x00000000c9c00000, 0x00000000c9d00000|  0%| F|  |TS  0|AC  0|TAMS 0x00000000c9c00000, 0x00000000c9c00000|
|  23|0x00000000c9d00000, 0x00000000c9d00000, 0x00000000c9e00000|  0%| F|  |TS  0|AC  0|TAMS 0x00000000c9d00000, 0x00000000c9d00000|
|  24|0x00000000c9e00000, 0x00000000c9e00000, 0x00000000c9f00000|  0%| F|  |TS  0|AC  0|TAMS 0x00000000c9e00000, 0x00000000c9e00000|
|  25|0x00000000c9f00000, 0x00000000c9f00000, 0x00000000ca000000|  0%| F|  |TS  0|AC  0|TAMS 0x00000000c9f00000, 0x00000000c9f00000|
|  26|0x00000000ca000000, 0x00000000ca000000, 0x00000000ca100000|  0%| F|  |TS  0|AC  0|TAMS 0x00000000ca000000, 0x00000000ca000000|
|  27|0x00000000ca100000, 0x00000000ca100000, 0x00000000ca200000|  0%| F|  |TS  0|AC  0|TAMS 0x00000000ca100000, 0x00000000ca100000|
|  28|0x00000000ca200000, 0x00000000ca200000, 0x00000000ca300000|  0%| F|  |TS  0|AC  0|TAMS 0x00000000ca200000, 0x00000000ca200000|
|  29|0x00000000ca300000, 0x00000000ca300000, 0x00000000ca400000|  0%| F|  |TS  0|AC  0|TAMS 0x00000000ca300000, 0x00000000ca300000|
|  30|0x00000000ca400000, 0x00000000ca400000, 0x00000000ca500000|  0%| F|  |TS  0|AC  0|TAMS 0x00000000ca400000, 0x00000000ca400000|
|  31|0x00000000ca500000, 0x00000000ca500000, 0x00000000ca600000|  0%| F|  |TS  0|AC  0|TAMS 0x00000000ca500000, 0x00000000ca500000|
|  32|0x00000000ca600000, 0x00000000ca600000, 0x00000000ca700000|  0%| F|  |TS  0|AC  0|TAMS 0x00000000ca600000, 0x00000000ca600000|
|  33|0x00000000ca700000, 0x00000000ca700000, 0x00000000ca800000|  0%| F|  |TS  0|AC  0|TAMS 0x00000000ca700000, 0x00000000ca700000|
|  34|0x00000000ca800000, 0x00000000ca800000, 0x00000000ca900000|  0%| F|  |TS  0|AC  0|TAMS 0x00000000ca800000, 0x00000000ca800000|
|  35|0x00000000ca900000, 0x00000000ca900000, 0x00000000caa00000|  0%| F|  |TS  0|AC  0|TAMS 0x00000000ca900000, 0x00000000ca900000|
|  36|0x00000000caa00000, 0x00000000caa00000, 0x00000000cab00000|  0%| F|  |TS  0|AC  0|TAMS 0x00000000caa00000, 0x00000000caa00000|
|  37|0x00000000cab00000, 0x00000000cab00000, 0x00000000cac00000|  0%| F|  |TS  0|AC  0|TAMS 0x00000000cab00000, 0x00000000cab00000|
|  38|0x00000000cac00000, 0x00000000cac00000, 0x00000000cad00000|  0%| F|  |TS  0|AC  0|TAMS 0x00000000cac00000, 0x00000000cac00000|
|  39|0x00000000cad00000, 0x00000000cad00000, 0x00000000cae00000|  0%| F|  |TS  0|AC  0|TAMS 0x00000000cad00000, 0x00000000cad00000|
|  40|0x00000000cae00000, 0x00000000cae00000, 0x00000000caf00000|  0%| F|  |TS  0|AC  0|TAMS 0x00000000cae00000, 0x00000000cae00000|
|  41|0x00000000caf00000, 0x00000000caf00000, 0x00000000cb000000|  0%| F|  |TS  0|AC  0|TAMS 0x00000000caf00000, 0x00000000caf00000|
|  42|0x00000000cb000000, 0x00000000cb000000, 0x00000000cb100000|  0%| F|  |TS  0|AC  0|TAMS 0x00000000cb000000, 0x00000000cb000000|
|  43|0x00000000cb100000, 0x00000000cb100000, 0x00000000cb200000|  0%| F|  |TS  0|AC  0|TAMS 0x00000000cb100000, 0x00000000cb100000|
|  44|0x00000000cb200000, 0x00000000cb200000, 0x00000000cb300000|  0%| F|  |TS  0|AC  0|TAMS 0x00000000cb200000, 0x00000000cb200000|
|  45|0x00000000cb300000, 0x00000000cb300000, 0x00000000cb400000|  0%| F|  |TS  0|AC  0|TAMS 0x00000000cb300000, 0x00000000cb300000|
|  46|0x00000000cb400000, 0x00000000cb400000, 0x00000000cb500000|  0%| F|  |TS  0|AC  0|TAMS 0x00000000cb400000, 0x00000000cb400000|
|  47|0x00000000cb500000, 0x00000000cb500000, 0x00000000cb600000|  0%| F|  |TS  0|AC  0|TAMS 0x00000000cb500000, 0x00000000cb500000|
|  48|0x00000000cb600000, 0x00000000cb600000, 0x00000000cb700000|  0%| F|  |TS  0|AC  0|TAMS 0x00000000cb600000, 0x00000000cb600000|
|  49|0x00000000cb700000, 0x00000000cb700000, 0x00000000cb800000|  0%| F|  |TS  0|AC  0|TAMS 0x00000000cb700000, 0x00000000cb700000|
|  50|0x00000000cb800000, 0x00000000cb800000, 0x00000000cb900000|  0%| F|  |TS  0|AC  0|TAMS 0x00000000cb800000, 0x00000000cb800000|
|  51|0x00000000cb900000, 0x00000000cb900000, 0x00000000cba00000|  0%| F|  |TS  0|AC  0|TAMS 0x00000000cb900000, 0x00000000cb900000|
|  52|0x00000000cba00000, 0x00000000cba00000, 0x00000000cbb00000|  0%| F|  |TS  0|AC  0|TAMS 0x00000000cba00000, 0x00000000cba00000|
|  53|0x00000000cbb00000, 0x00000000cbc00000, 0x00000000cbc00000|100%| E|  |TS  0|AC  0|TAMS 0x00000000cbb00000, 0x00000000cbb00000|
|  54|0x00000000cbc00000, 0x00000000cbd00000, 0x00000000cbd00000|100%| E|CS|TS  0|AC  0|TAMS 0x00000000cbc00000, 0x00000000cbc00000|
|  55|0x00000000cbd00000, 0x00000000cbe00000, 0x00000000cbe00000|100%| E|CS|TS  0|AC  0|TAMS 0x00000000cbd00000, 0x00000000cbd00000|

Card table byte_map: [0x000000001d640000,0x000000001d800000] byte_map_base: 0x000000001cffd000

Marking Bits (Prev, Next): (CMBitMap*) 0x0000000000284f60, (CMBitMap*) 0x0000000000284f98
 Prev Bits: [0x000000001d9c0000, 0x000000001e7a8000)
 Next Bits: [0x000000001e7b0000, 0x000000001f598000)

Polling page: 0x0000000000090000

CodeHeap 'non-profiled nmethods': size=120064Kb used=68Kb max_used=68Kb free=119995Kb
 bounds [0x00000000152d0000, 0x0000000015540000, 0x000000001c810000]
CodeHeap 'profiled nmethods': size=120000Kb used=255Kb max_used=255Kb free=119745Kb
 bounds [0x000000000dda0000, 0x000000000e010000, 0x00000000152d0000]
CodeHeap 'non-nmethods': size=5696Kb used=1070Kb max_used=1081Kb free=4625Kb
 bounds [0x000000000d810000, 0x000000000da80000, 0x000000000dda0000]
 total_blobs=573 nmethods=201 adapters=211
 compilation: enabled

Compilation events (10 events):
Event: 0.852 Thread 0x0000000022dfc000  197       3       java.lang.String::getBytes (44 bytes)
Event: 0.853 Thread 0x0000000022dfc000 nmethod 197 0x000000000ddde010 code [0x000000000ddde200, 0x000000000ddde5b8]
Event: 0.853 Thread 0x0000000022dfc000  199       3       java.lang.String::startsWith (138 bytes)
Event: 0.853 Thread 0x0000000022df6800  198       4       java.lang.String::charAt (25 bytes)
Event: 0.855 Thread 0x0000000022dfc000 nmethod 199 0x000000000ddde790 code [0x000000000ddde9e0, 0x000000000dddf3b0]
Event: 0.858 Thread 0x0000000022df6800 nmethod 198 0x00000000152e0a10 code [0x00000000152e0ba0, 0x00000000152e0cf8]
Event: 0.869 Thread 0x0000000022dfc000  200       3       java.lang.AbstractStringBuilder::newCapacity (55 bytes)
Event: 0.870 Thread 0x0000000022dfc000 nmethod 200 0x000000000dddf690 code [0x000000000dddf860, 0x000000000dddfb08]
Event: 0.885 Thread 0x0000000022dfb800  201       4       java.lang.StringLatin1::indexOf (61 bytes)
Event: 0.895 Thread 0x0000000022dfb800 nmethod 201 0x00000000152e0e10 code [0x00000000152e0fa0, 0x00000000152e1158]

GC Heap History (0 events):
No events

Deoptimization events (1 events):
Event: 0.673 Thread 0x0000000000222800 Uncommon trap: reason=unstable_if action=reinterpret pc=0x00000000152d3194 method=java.lang.String.hashCode()I @ 14 c2

Classes redefined (2 events):
Event: 192.640 Thread 0x000000001f693800 redefined class name=Solution, count=1
Event: 266.608 Thread 0x000000001f693800 redefined class name=Solution, count=2

Internal exceptions (0 events):
No events

Events (10 events):
Event: 266.819 Executing VM operation: GetOrSetLocal done
Event: 266.821 Executing VM operation: GetFrameCount
Event: 266.821 Executing VM operation: GetFrameCount done
Event: 266.821 Executing VM operation: GetFrameLocation
Event: 266.821 Executing VM operation: GetFrameLocation done
Event: 273.638 Executing VM operation: ChangeBreakpoints
Event: 273.638 Executing VM operation: ChangeBreakpoints done
Event: 273.659 Executing VM operation: ChangeBreakpoints
Event: 273.660 Executing VM operation: ChangeBreakpoints done
Event: 274.645 Executing VM operation: ChangeBreakpoints


Dynamic libraries:
0x000000013fc60000 - 0x000000013fc9e000 	C:\Program Files\Java\jdk-10\bin\java.exe
0x0000000076eb0000 - 0x000000007705a000 	C:\Windows\SYSTEM32\ntdll.dll
0x0000000076d90000 - 0x0000000076eaf000 	C:\Windows\system32\kernel32.dll
0x000007fefcef0000 - 0x000007fefcf5a000 	C:\Windows\system32\KERNELBASE.dll
0x000007fefdcc0000 - 0x000007fefdd9b000 	C:\Windows\system32\ADVAPI32.dll
0x000007fefee60000 - 0x000007fefeeff000 	C:\Windows\system32\msvcrt.dll
0x000007feff120000 - 0x000007feff13f000 	C:\Windows\SYSTEM32\sechost.dll
0x000007fefd170000 - 0x000007fefd29d000 	C:\Windows\system32\RPCRT4.dll
0x0000000076c90000 - 0x0000000076d8a000 	C:\Windows\system32\USER32.dll
0x000007fefd470000 - 0x000007fefd4d7000 	C:\Windows\system32\GDI32.dll
0x000007feff100000 - 0x000007feff10e000 	C:\Windows\system32\LPK.dll
0x000007fefd3a0000 - 0x000007fefd46b000 	C:\Windows\system32\USP10.dll
0x000007fefb670000 - 0x000007fefb864000 	C:\Windows\WinSxS\amd64_microsoft.windows.common-controls_6595b64144ccf1df_6.0.7601.18837_none_fa3b1e3d17594757\COMCTL32.dll
0x000007fefd2a0000 - 0x000007fefd311000 	C:\Windows\system32\SHLWAPI.dll
0x000007fefc490000 - 0x000007fefc49c000 	C:\Windows\system32\VERSION.dll
0x000007fefcf60000 - 0x000007fefcf8e000 	C:\Windows\system32\IMM32.DLL
0x000007fefd930000 - 0x000007fefda39000 	C:\Windows\system32\MSCTF.dll
0x000007fef23b0000 - 0x000007fef249f000 	C:\Program Files\Java\jdk-10\bin\msvcr120.dll
0x000007fef74a0000 - 0x000007fef7546000 	C:\Program Files\Java\jdk-10\bin\msvcp120.dll
0x0000000061920000 - 0x000000006238f000 	C:\Program Files\Java\jdk-10\bin\server\jvm.dll
0x000007fefc420000 - 0x000007fefc429000 	C:\Windows\system32\WSOCK32.dll
0x000007fefdc70000 - 0x000007fefdcbd000 	C:\Windows\system32\WS2_32.dll
0x000007feff110000 - 0x000007feff118000 	C:\Windows\system32\NSI.dll
0x000007fef8b10000 - 0x000007fef8b4b000 	C:\Windows\system32\WINMM.dll
0x0000000077080000 - 0x0000000077087000 	C:\Windows\system32\PSAPI.DLL
0x000007fef7ff0000 - 0x000007fef7fff000 	C:\Program Files\Java\jdk-10\bin\verify.dll
0x000007fef1bb0000 - 0x000007fef1cd5000 	C:\Windows\system32\DBGHELP.DLL
0x000007fef7470000 - 0x000007fef7497000 	C:\Program Files\Java\jdk-10\bin\java.dll
0x000007fef7430000 - 0x000007fef7466000 	C:\Program Files\Java\jdk-10\bin\jdwp.dll
0x000007fef7400000 - 0x000007fef742a000 	C:\Program Files\Java\jdk-10\bin\instrument.dll
0x000007fef7300000 - 0x000007fef7316000 	C:\Program Files\Java\jdk-10\bin\zip.dll
0x000007fef7a00000 - 0x000007fef7a0a000 	C:\Program Files\Java\jdk-10\bin\jimage.dll
0x000007fefe0d0000 - 0x000007fefee5b000 	C:\Windows\system32\SHELL32.dll
0x000007fefef00000 - 0x000007feff0fc000 	C:\Windows\system32\ole32.dll
0x000007fefcba0000 - 0x000007fefcbaf000 	C:\Windows\system32\profapi.dll
0x000007fef72f0000 - 0x000007fef72fa000 	C:\Program Files\Java\jdk-10\bin\dt_socket.dll
0x000007fefc040000 - 0x000007fefc095000 	C:\Windows\system32\mswsock.dll
0x000007fefc4a0000 - 0x000007fefc4a7000 	C:\Windows\System32\wshtcpip.dll
0x000007fef58c0000 - 0x000007fef58da000 	C:\Program Files\Java\jdk-10\bin\net.dll
0x000007fef9920000 - 0x000007fef9991000 	C:\Windows\system32\WINHTTP.dll
0x000007fef83e0000 - 0x000007fef8444000 	C:\Windows\system32\webio.dll
0x000007fefc030000 - 0x000007fefc037000 	C:\Windows\System32\wship6.dll
0x000007fef58e0000 - 0x000007fef58f1000 	C:\Program Files\Java\jdk-10\bin\nio.dll

dbghelp: loaded successfully - version: 4.0.5 - missing functions: none
symbol engine: initialized successfully - sym options: 0x614 - pdb path: .;C:\Program Files\Java\jdk-10\bin;C:\Windows\SYSTEM32;C:\Windows\WinSxS\amd64_microsoft.windows.common-controls_6595b64144ccf1df_6.0.7601.18837_none_fa3b1e3d17594757;C:\Program Files\Java\jdk-10\bin\server

VM Arguments:
jvm_args: -agentlib:jdwp=transport=dt_socket,address=127.0.0.1:59845,suspend=y,server=n -javaagent:C:\Users\Administrator\AppData\Local\Temp\capture13990jars\debugger-agent.jar=file:/C:/Users/Administrator/AppData/Local/Temp/capture1.props -Dfile.encoding=UTF-8 
java_command: Solution
java_class_path (initial): D:\LCsolution\48. Rotate Image\out\production\48. Rotate Image;D:\Program Files\JetBrains\IntelliJ IDEA Community Edition 2018.1.1\lib\idea_rt.jar
Launcher Type: SUN_STANDARD

Logging:
Log output configuration:
#0: stdout all=warning uptime,level,tags
#1: stderr all=off uptime,level,tags

Environment Variables:
JAVA_HOME=C:\Program Files\Java\jdk-10
PATH=C:\ProgramData\Oracle\Java\javapath;C:\Windows\system32;C:\Windows;C:\Windows\System32\Wbem;C:\Windows\System32\WindowsPowerShell\v1.0\;C:\Program Files\Java\jdk-10\bin;G:\0 code\Python\Scripts\;G:\0 code\Python\;C:\Users\Administrator\AppData\Local\GitHubDesktop\bin
USERNAME=Administrator
OS=Windows_NT
PROCESSOR_IDENTIFIER=AMD64 Family 18 Model 1 Stepping 0, AuthenticAMD



---------------  S Y S T E M  ---------------

OS: Windows 7 , 64 bit Build 7601 (6.1.7601.23864)

CPU:total 4 (initial active 4) (4 cores per cpu, 1 threads per core) family 18 model 1 stepping 0, cmov, cx8, fxsr, mmx, sse, sse2, sse3, popcnt, mmxext, 3dnowpref, lzcnt, sse4a, tsc, tscinvbit, tscinv

Memory: 4k page, physical 3643504k(943400k free), swap 7285148k(3142928k free)

vm_info: Java HotSpot(TM) 64-Bit Server VM (10+46) for windows-amd64 JRE (10+46), built on Mar  8 2018 02:11:18 by "mach5one" with MS VC++ 12.0 (VS2013)

END.
