#
# A fatal error has been detected by the Java Runtime Environment:
#
#  EXCEPTION_ACCESS_VIOLATION (0xc0000005) at pc=0x000000005757ec64, pid=8820, tid=6308
#
# JRE version: Java(TM) SE Runtime Environment (10.0+46) (build 10+46)
# Java VM: Java HotSpot(TM) 64-Bit Server VM (10+46, mixed mode, tiered, compressed oops, g1 gc, windows-amd64)
# Problematic frame:
# V  [jvm.dll+0x22ec64]
#
# No core dump will be written. Minidumps are not enabled by default on client versions of Windows
#
# If you would like to submit a bug report, please visit:
#   http://bugreport.java.com/bugreport/crash.jsp
#

---------------  S U M M A R Y ------------

Command Line: -agentlib:jdwp=transport=dt_socket,address=127.0.0.1:51049,suspend=y,server=n -javaagent:C:\Users\Administrator\AppData\Local\Temp\capture21439jars\debugger-agent.jar=file:/C:/Users/Administrator/AppData/Local/Temp/capture1.props -Dfile.encoding=UTF-8 Solution

Host: AMD A6-3400M APU with Radeon(tm) HD Graphics, 4 cores, 3G,  Windows 7 , 64 bit Build 7601 (6.1.7601.23864)
Time: Mon Jun 18 12:33:32 2018 ?D1¨²¡À¨º¡Á?¨º¡À?? elapsed time: 137 seconds (0d 0h 2m 17s)

---------------  T H R E A D  ---------------

Current thread (0x0000000021c2f000):  VMThread "VM Thread" [stack: 0x0000000022fd0000,0x00000000230d0000] [id=6308]

Stack: [0x0000000022fd0000,0x00000000230d0000],  sp=0x00000000230ce6d8,  free space=1017k
Native frames: (J=compiled Java code, j=interpreted, Vv=VM code, C=native code)
V  [jvm.dll+0x22ec64]


siginfo: EXCEPTION_ACCESS_VIOLATION (0xc0000005), reading address 0x0000000022b28440


Register to memory mapping:

RIP=0x000000005757ec64 jvm.dll
RAX=0x0000000000194140 is an unknown value
RBX=0x0000000000000000 is an unknown value
RCX=0x0000000022994300 is pointing into metadata
RDX=0x000000000000ca09 is an unknown value
RSP=0x00000000230ce6d8 is an unknown value
RBP=0x00000000230cec30 is an unknown value
RSI=0x00000000230cedb0 is an unknown value
RDI=0x00000000230cedb0 is an unknown value
R8 =0x0000000000000000 is an unknown value
R9 =0x00000000229931c0 is pointing into metadata
R10=0x0000000000000000 is an unknown value
R11=0x0000000022d75640 is an unknown value
R12=0x0000000057acd601 jvm.dll
R13=0x0000000000000000 is an unknown value
R14=0x0000000000000005 is an unknown value
R15=0x00000000000000c8 is an unknown value


Registers:
RAX=0x0000000000194140, RBX=0x0000000000000000, RCX=0x0000000022994300, RDX=0x000000000000ca09
RSP=0x00000000230ce6d8, RBP=0x00000000230cec30, RSI=0x00000000230cedb0, RDI=0x00000000230cedb0
R8 =0x0000000000000000, R9 =0x00000000229931c0, R10=0x0000000000000000, R11=0x0000000022d75640
R12=0x0000000057acd601, R13=0x0000000000000000, R14=0x0000000000000005, R15=0x00000000000000c8
RIP=0x000000005757ec64, EFLAGS=0x0000000000010212

Top of Stack: (sp=0x00000000230ce6d8)
0x00000000230ce6d8:   000000005766dc30 0000000000000000
0x00000000230ce6e8:   00000000230cedb0 ffffffffffffffff
0x00000000230ce6f8:   00000000230cecf0 0000000022d756e0
0x00000000230ce708:   0000000000000000 0000000057b18488
0x00000000230ce718:   0000000021b91370 0000000000000002
0x00000000230ce728:   000000000000000e 00000000230ce750
0x00000000230ce738:   0000000000000001 0000000000000000
0x00000000230ce748:   0000000000000000 000000004fffffff
0x00000000230ce758:   0000000023fec260 0000000000000007
0x00000000230ce768:   000000000000000c 00000000230ce790
0x00000000230ce778:   0000000000000004 0000000046000030
0x00000000230ce788:   00000000000003d8 4fffffff4fffffff
0x00000000230ce798:   2fffffff2fffffff 0000000000000000
0x00000000230ce7a8:   00000000578e0a58 ffffffffffffffff
0x00000000230ce7b8:   00000000230cedb0 0000000022d756e0
0x00000000230ce7c8:   0000000000000000 00000000230cedb0 

Instructions: (pc=0x000000005757ec64)
0x000000005757ec44:   15 f7 d2 48 63 c2 48 ff c0 48 c1 e0 05 48 8b 04
0x000000005757ec54:   08 0f b7 c0 eb 14 48 63 c2 48 ff c0 48 c1 e0 05
0x000000005757ec64:   48 8b 04 08 0f b7 d0 48 63 c2 41 0f b7 4c c1 42
0x000000005757ec74:   48 63 c1 41 0f b7 44 c1 42 49 8b 44 c1 40 c3 49 


VM_Operation (0x00000000249df440): GetOrSetLocal, mode: safepoint, requested by thread 0x0000000023d4e800


---------------  P R O C E S S  ---------------

Threads class SMR info:
_java_thread_list=0x0000000023ff5d10, length=14, elements={
0x00000000004f6800, 0x0000000021c31800, 0x0000000022dbf800, 0x0000000022dd1800,
0x0000000022dd3800, 0x0000000022dd4800, 0x0000000022de1800, 0x0000000022e46000,
0x0000000022e49000, 0x0000000023d4e800, 0x0000000023f1f000, 0x0000000023f23000,
0x0000000023db7800, 0x0000000023ff3800
}

Java Threads: ( => current thread )
  0x00000000004f6800 JavaThread "main" [_thread_blocked, id=4356, stack(0x0000000001ff0000,0x00000000020f0000)]
  0x0000000021c31800 JavaThread "Reference Handler" daemon [_thread_blocked, id=5400, stack(0x00000000222e0000,0x00000000223e0000)]
  0x0000000022dbf800 JavaThread "Finalizer" daemon [_thread_blocked, id=4908, stack(0x0000000023160000,0x0000000023260000)]
  0x0000000022dd1800 JavaThread "Signal Dispatcher" daemon [_thread_blocked, id=3252, stack(0x0000000023340000,0x0000000023440000)]
  0x0000000022dd3800 JavaThread "Attach Listener" daemon [_thread_blocked, id=7208, stack(0x00000000235b0000,0x00000000236b0000)]
  0x0000000022dd4800 JavaThread "C2 CompilerThread0" daemon [_thread_blocked, id=10108, stack(0x0000000022070000,0x0000000022170000)]
  0x0000000022de1800 JavaThread "C2 CompilerThread1" daemon [_thread_blocked, id=8336, stack(0x00000000236e0000,0x00000000237e0000)]
  0x0000000022e46000 JavaThread "C1 CompilerThread2" daemon [_thread_blocked, id=8872, stack(0x0000000023900000,0x0000000023a00000)]
  0x0000000022e49000 JavaThread "Sweeper thread" daemon [_thread_blocked, id=8028, stack(0x0000000023b30000,0x0000000023c30000)]
  0x0000000023d4e800 JavaThread "JDWP Transport Listener: dt_socket" daemon [_thread_blocked, id=5800, stack(0x00000000248e0000,0x00000000249e0000)] _threads_hazard_ptr=0x0000000023ff5d10
  0x0000000023f1f000 JavaThread "JDWP Event Helper Thread" daemon [_thread_blocked, id=3736, stack(0x0000000023490000,0x0000000023590000)]
  0x0000000023f23000 JavaThread "JDWP Command Reader" daemon [_thread_in_native, id=8196, stack(0x0000000023a00000,0x0000000023b00000)]
  0x0000000023db7800 JavaThread "Common-Cleaner" daemon [_thread_blocked, id=5672, stack(0x00000000237f0000,0x00000000238f0000)]
  0x0000000023ff3800 JavaThread "Service Thread" daemon [_thread_blocked, id=6048, stack(0x0000000024ac0000,0x0000000024bc0000)]

Other Threads:
=>0x0000000021c2f000 VMThread "VM Thread" [stack: 0x0000000022fd0000,0x00000000230d0000] [id=6308]
  0x0000000023ff5000 WatcherThread [stack: 0x0000000024d30000,0x0000000024e30000] [id=9872]
  0x0000000000521800 GCTaskThread "GC Thread#0" [stack: 0x0000000002510000,0x0000000002610000] [id=7392]
  0x0000000000522800 GCTaskThread "GC Thread#1" [stack: 0x000000001cae0000,0x000000001cbe0000] [id=9544]
  0x0000000000525000 GCTaskThread "GC Thread#2" [stack: 0x000000001cd60000,0x000000001ce60000] [id=8804]
  0x0000000000529000 GCTaskThread "GC Thread#3" [stack: 0x000000001cf30000,0x000000001d030000] [id=4272]
  0x000000000055a000 ConcurrentGCThread "G1 Main Marker" [stack: 0x000000001f600000,0x000000001f700000] [id=8276]
  0x000000000055d000 ConcurrentGCThread "G1 Conc#0" [stack: 0x000000001f490000,0x000000001f590000] [id=7152]
  0x000000000057f800 ConcurrentGCThread "G1 Refine#0" [stack: 0x0000000021cd0000,0x0000000021dd0000] [id=1632]
  0x0000000021b57800 ConcurrentGCThread "G1 Refine#1" [stack: 0x0000000021f70000,0x0000000022070000] [id=9056]
  0x0000000021b5a800 ConcurrentGCThread "G1 Refine#2" [stack: 0x0000000021de0000,0x0000000021ee0000] [id=5200]
  0x0000000021b5c000 ConcurrentGCThread "G1 Refine#3" [stack: 0x00000000221b0000,0x00000000222b0000] [id=6940]
  0x0000000021b5d800 ConcurrentGCThread "G1 Young RemSet Sampling" [stack: 0x0000000022400000,0x0000000022500000] [id=8816]

Threads with active compile tasks:

VM state:at safepoint (normal execution)

VM Mutex/Monitor currently owned by a thread:  ([mutex/lock_event])
[0x00000000004f2a70] Threads_lock - owner thread: 0x0000000021c2f000

Heap address: 0x00000000c8600000, size: 890 MB, Compressed Oops mode: 32-bit
Narrow klass base: 0x0000000000000000, Narrow klass shift: 0
Compressed class space size: 1073741824 Address: 0x000000007fff0000

Heap:
 garbage-first heap   total 57344K, used 4096K [0x00000000c8600000, 0x0000000100000000)
  region size 1024K, 5 young (5120K), 0 survivors (0K)
 Metaspace       used 6148K, capacity 6345K, committed 6528K, reserved 1056768K
  class space    used 510K, capacity 582K, committed 640K, reserved 1048576K
Heap Regions: E=young(eden), S=young(survivor), O=old, HS=humongous(starts), HC=humongous(continues), CS=collection set, F=free, A=archive, TS=gc time stamp, AC=allocation context, TAMS=top-at-mark-start (previous, next)
|   0|0x00000000c8600000, 0x00000000c8600000, 0x00000000c8700000|  0%| F|  |TS  0|AC  0|TAMS 0x00000000c8600000, 0x00000000c8600000|
|   1|0x00000000c8700000, 0x00000000c8700000, 0x00000000c8800000|  0%| F|  |TS  0|AC  0|TAMS 0x00000000c8700000, 0x00000000c8700000|
|   2|0x00000000c8800000, 0x00000000c8800000, 0x00000000c8900000|  0%| F|  |TS  0|AC  0|TAMS 0x00000000c8800000, 0x00000000c8800000|
|   3|0x00000000c8900000, 0x00000000c8900000, 0x00000000c8a00000|  0%| F|  |TS  0|AC  0|TAMS 0x00000000c8900000, 0x00000000c8900000|
|   4|0x00000000c8a00000, 0x00000000c8a00000, 0x00000000c8b00000|  0%| F|  |TS  0|AC  0|TAMS 0x00000000c8a00000, 0x00000000c8a00000|
|   5|0x00000000c8b00000, 0x00000000c8b00000, 0x00000000c8c00000|  0%| F|  |TS  0|AC  0|TAMS 0x00000000c8b00000, 0x00000000c8b00000|
|   6|0x00000000c8c00000, 0x00000000c8c00000, 0x00000000c8d00000|  0%| F|  |TS  0|AC  0|TAMS 0x00000000c8c00000, 0x00000000c8c00000|
|   7|0x00000000c8d00000, 0x00000000c8d00000, 0x00000000c8e00000|  0%| F|  |TS  0|AC  0|TAMS 0x00000000c8d00000, 0x00000000c8d00000|
|   8|0x00000000c8e00000, 0x00000000c8e00000, 0x00000000c8f00000|  0%| F|  |TS  0|AC  0|TAMS 0x00000000c8e00000, 0x00000000c8e00000|
|   9|0x00000000c8f00000, 0x00000000c8f00000, 0x00000000c9000000|  0%| F|  |TS  0|AC  0|TAMS 0x00000000c8f00000, 0x00000000c8f00000|
|  10|0x00000000c9000000, 0x00000000c9000000, 0x00000000c9100000|  0%| F|  |TS  0|AC  0|TAMS 0x00000000c9000000, 0x00000000c9000000|
|  11|0x00000000c9100000, 0x00000000c9100000, 0x00000000c9200000|  0%| F|  |TS  0|AC  0|TAMS 0x00000000c9100000, 0x00000000c9100000|
|  12|0x00000000c9200000, 0x00000000c9200000, 0x00000000c9300000|  0%| F|  |TS  0|AC  0|TAMS 0x00000000c9200000, 0x00000000c9200000|
|  13|0x00000000c9300000, 0x00000000c9300000, 0x00000000c9400000|  0%| F|  |TS  0|AC  0|TAMS 0x00000000c9300000, 0x00000000c9300000|
|  14|0x00000000c9400000, 0x00000000c9400000, 0x00000000c9500000|  0%| F|  |TS  0|AC  0|TAMS 0x00000000c9400000, 0x00000000c9400000|
|  15|0x00000000c9500000, 0x00000000c9500000, 0x00000000c9600000|  0%| F|  |TS  0|AC  0|TAMS 0x00000000c9500000, 0x00000000c9500000|
|  16|0x00000000c9600000, 0x00000000c9600000, 0x00000000c9700000|  0%| F|  |TS  0|AC  0|TAMS 0x00000000c9600000, 0x00000000c9600000|
|  17|0x00000000c9700000, 0x00000000c9700000, 0x00000000c9800000|  0%| F|  |TS  0|AC  0|TAMS 0x00000000c9700000, 0x00000000c9700000|
|  18|0x00000000c9800000, 0x00000000c9800000, 0x00000000c9900000|  0%| F|  |TS  0|AC  0|TAMS 0x00000000c9800000, 0x00000000c9800000|
|  19|0x00000000c9900000, 0x00000000c9900000, 0x00000000c9a00000|  0%| F|  |TS  0|AC  0|TAMS 0x00000000c9900000, 0x00000000c9900000|
|  20|0x00000000c9a00000, 0x00000000c9a00000, 0x00000000c9b00000|  0%| F|  |TS  0|AC  0|TAMS 0x00000000c9a00000, 0x00000000c9a00000|
|  21|0x00000000c9b00000, 0x00000000c9b00000, 0x00000000c9c00000|  0%| F|  |TS  0|AC  0|TAMS 0x00000000c9b00000, 0x00000000c9b00000|
|  22|0x00000000c9c00000, 0x00000000c9c00000, 0x00000000c9d00000|  0%| F|  |TS  0|AC  0|TAMS 0x00000000c9c00000, 0x00000000c9c00000|
|  23|0x00000000c9d00000, 0x00000000c9d00000, 0x00000000c9e00000|  0%| F|  |TS  0|AC  0|TAMS 0x00000000c9d00000, 0x00000000c9d00000|
|  24|0x00000000c9e00000, 0x00000000c9e00000, 0x00000000c9f00000|  0%| F|  |TS  0|AC  0|TAMS 0x00000000c9e00000, 0x00000000c9e00000|
|  25|0x00000000c9f00000, 0x00000000c9f00000, 0x00000000ca000000|  0%| F|  |TS  0|AC  0|TAMS 0x00000000c9f00000, 0x00000000c9f00000|
|  26|0x00000000ca000000, 0x00000000ca000000, 0x00000000ca100000|  0%| F|  |TS  0|AC  0|TAMS 0x00000000ca000000, 0x00000000ca000000|
|  27|0x00000000ca100000, 0x00000000ca100000, 0x00000000ca200000|  0%| F|  |TS  0|AC  0|TAMS 0x00000000ca100000, 0x00000000ca100000|
|  28|0x00000000ca200000, 0x00000000ca200000, 0x00000000ca300000|  0%| F|  |TS  0|AC  0|TAMS 0x00000000ca200000, 0x00000000ca200000|
|  29|0x00000000ca300000, 0x00000000ca300000, 0x00000000ca400000|  0%| F|  |TS  0|AC  0|TAMS 0x00000000ca300000, 0x00000000ca300000|
|  30|0x00000000ca400000, 0x00000000ca400000, 0x00000000ca500000|  0%| F|  |TS  0|AC  0|TAMS 0x00000000ca400000, 0x00000000ca400000|
|  31|0x00000000ca500000, 0x00000000ca500000, 0x00000000ca600000|  0%| F|  |TS  0|AC  0|TAMS 0x00000000ca500000, 0x00000000ca500000|
|  32|0x00000000ca600000, 0x00000000ca600000, 0x00000000ca700000|  0%| F|  |TS  0|AC  0|TAMS 0x00000000ca600000, 0x00000000ca600000|
|  33|0x00000000ca700000, 0x00000000ca700000, 0x00000000ca800000|  0%| F|  |TS  0|AC  0|TAMS 0x00000000ca700000, 0x00000000ca700000|
|  34|0x00000000ca800000, 0x00000000ca800000, 0x00000000ca900000|  0%| F|  |TS  0|AC  0|TAMS 0x00000000ca800000, 0x00000000ca800000|
|  35|0x00000000ca900000, 0x00000000ca900000, 0x00000000caa00000|  0%| F|  |TS  0|AC  0|TAMS 0x00000000ca900000, 0x00000000ca900000|
|  36|0x00000000caa00000, 0x00000000caa00000, 0x00000000cab00000|  0%| F|  |TS  0|AC  0|TAMS 0x00000000caa00000, 0x00000000caa00000|
|  37|0x00000000cab00000, 0x00000000cab00000, 0x00000000cac00000|  0%| F|  |TS  0|AC  0|TAMS 0x00000000cab00000, 0x00000000cab00000|
|  38|0x00000000cac00000, 0x00000000cac00000, 0x00000000cad00000|  0%| F|  |TS  0|AC  0|TAMS 0x00000000cac00000, 0x00000000cac00000|
|  39|0x00000000cad00000, 0x00000000cad00000, 0x00000000cae00000|  0%| F|  |TS  0|AC  0|TAMS 0x00000000cad00000, 0x00000000cad00000|
|  40|0x00000000cae00000, 0x00000000cae00000, 0x00000000caf00000|  0%| F|  |TS  0|AC  0|TAMS 0x00000000cae00000, 0x00000000cae00000|
|  41|0x00000000caf00000, 0x00000000caf00000, 0x00000000cb000000|  0%| F|  |TS  0|AC  0|TAMS 0x00000000caf00000, 0x00000000caf00000|
|  42|0x00000000cb000000, 0x00000000cb000000, 0x00000000cb100000|  0%| F|  |TS  0|AC  0|TAMS 0x00000000cb000000, 0x00000000cb000000|
|  43|0x00000000cb100000, 0x00000000cb100000, 0x00000000cb200000|  0%| F|  |TS  0|AC  0|TAMS 0x00000000cb100000, 0x00000000cb100000|
|  44|0x00000000cb200000, 0x00000000cb200000, 0x00000000cb300000|  0%| F|  |TS  0|AC  0|TAMS 0x00000000cb200000, 0x00000000cb200000|
|  45|0x00000000cb300000, 0x00000000cb300000, 0x00000000cb400000|  0%| F|  |TS  0|AC  0|TAMS 0x00000000cb300000, 0x00000000cb300000|
|  46|0x00000000cb400000, 0x00000000cb400000, 0x00000000cb500000|  0%| F|  |TS  0|AC  0|TAMS 0x00000000cb400000, 0x00000000cb400000|
|  47|0x00000000cb500000, 0x00000000cb500000, 0x00000000cb600000|  0%| F|  |TS  0|AC  0|TAMS 0x00000000cb500000, 0x00000000cb500000|
|  48|0x00000000cb600000, 0x00000000cb600000, 0x00000000cb700000|  0%| F|  |TS  0|AC  0|TAMS 0x00000000cb600000, 0x00000000cb600000|
|  49|0x00000000cb700000, 0x00000000cb700000, 0x00000000cb800000|  0%| F|  |TS  0|AC  0|TAMS 0x00000000cb700000, 0x00000000cb700000|
|  50|0x00000000cb800000, 0x00000000cb800000, 0x00000000cb900000|  0%| F|  |TS  0|AC  0|TAMS 0x00000000cb800000, 0x00000000cb800000|
|  51|0x00000000cb900000, 0x00000000cb948300, 0x00000000cba00000| 28%| E|  |TS  0|AC  0|TAMS 0x00000000cb900000, 0x00000000cb900000|
|  52|0x00000000cba00000, 0x00000000cbb00000, 0x00000000cbb00000|100%| E|CS|TS  0|AC  0|TAMS 0x00000000cba00000, 0x00000000cba00000|
|  53|0x00000000cbb00000, 0x00000000cbc00000, 0x00000000cbc00000|100%| E|CS|TS  0|AC  0|TAMS 0x00000000cbb00000, 0x00000000cbb00000|
|  54|0x00000000cbc00000, 0x00000000cbd00000, 0x00000000cbd00000|100%| E|CS|TS  0|AC  0|TAMS 0x00000000cbc00000, 0x00000000cbc00000|
|  55|0x00000000cbd00000, 0x00000000cbe00000, 0x00000000cbe00000|100%| E|CS|TS  0|AC  0|TAMS 0x00000000cbd00000, 0x00000000cbd00000|

Card table byte_map: [0x000000001d520000,0x000000001d6e0000] byte_map_base: 0x000000001cedd000

Marking Bits (Prev, Next): (CMBitMap*) 0x0000000000559960, (CMBitMap*) 0x0000000000559998
 Prev Bits: [0x000000001d8a0000, 0x000000001e688000)
 Next Bits: [0x000000001e690000, 0x000000001f478000)

Polling page: 0x00000000000f0000

CodeHeap 'non-profiled nmethods': size=120064Kb used=100Kb max_used=100Kb free=119963Kb
 bounds [0x00000000154f0000, 0x0000000015760000, 0x000000001ca30000]
CodeHeap 'profiled nmethods': size=120000Kb used=279Kb max_used=279Kb free=119720Kb
 bounds [0x000000000dfc0000, 0x000000000e230000, 0x00000000154f0000]
CodeHeap 'non-nmethods': size=5696Kb used=1098Kb max_used=1098Kb free=4597Kb
 bounds [0x000000000da30000, 0x000000000dca0000, 0x000000000dfc0000]
 total_blobs=673 nmethods=258 adapters=256
 compilation: enabled

Compilation events (10 events):
Event: 0.824 Thread 0x0000000022e46000  197       3       java.lang.String::getBytes (44 bytes)
Event: 0.825 Thread 0x0000000022e46000 nmethod 197 0x000000000e004c90 code [0x000000000e004e80, 0x000000000e005238]
Event: 0.841 Thread 0x0000000022dd4800  198       4       java.lang.StringLatin1::indexOf (61 bytes)
Event: 0.847 Thread 0x0000000022dd4800 nmethod 198 0x0000000015501810 code [0x00000000155019a0, 0x0000000015501b38]
Event: 0.851 Thread 0x0000000022e46000  201       3       sun.nio.fs.WindowsPathParser::isSlash (18 bytes)
Event: 0.851 Thread 0x0000000022e46000 nmethod 201 0x000000000e005410 code [0x000000000e0055c0, 0x000000000e005790]
Event: 0.851 Thread 0x0000000022e46000  200       3       sun.nio.fs.WindowsPathParser::isInvalidPathChar (22 bytes)
Event: 0.852 Thread 0x0000000022e46000 nmethod 200 0x000000000e005810 code [0x000000000e005a00, 0x000000000e005da8]
Event: 0.852 Thread 0x0000000022e46000  199       1       java.nio.Buffer::position (5 bytes)
Event: 0.852 Thread 0x0000000022e46000 nmethod 199 0x0000000015501c90 code [0x0000000015501e40, 0x0000000015501f50]

GC Heap History (0 events):
No events

Deoptimization events (1 events):
Event: 0.666 Thread 0x00000000004f6800 Uncommon trap: reason=unstable_if action=reinterpret pc=0x00000000154f3198 method=java.lang.String.hashCode()I @ 14 c2

Classes redefined (2 events):
Event: 35.294 Thread 0x0000000021c2f000 redefined class name=Solution, count=1
Event: 137.480 Thread 0x0000000021c2f000 redefined class name=Solution, count=2

Internal exceptions (3 events):
Event: 4.573 Thread 0x00000000004f6800 Exception <a 'java/lang/NoSuchMethodError'{0x00000000cbaaee48}: java.lang.invoke.DirectMethodHandle$Holder.invokeStatic(Ljava/lang/Object;Ljava/lang/Object;Ljava/lang/Object;Ljava/lang/Object;Ljava/lang/Object;Ljava/lang/Object;Ljava/lang/Object;Ljava/lan
Event: 4.820 Thread 0x00000000004f6800 Exception <a 'java/lang/NoSuchMethodError'{0x00000000cbad2d20}: java.lang.invoke.DirectMethodHandle$Holder.invokeStatic(Ljava/lang/Object;Ljava/lang/Object;Ljava/lang/Object;Ljava/lang/Object;Ljava/lang/Object;Ljava/lang/Object;Ljava/lang/Object;Ljava/lan
Event: 5.072 Thread 0x00000000004f6800 Exception <a 'java/lang/NoSuchMethodError'{0x00000000cbaf5b58}: java.lang.invoke.DirectMethodHandle$Holder.invokeStatic(Ljava/lang/Object;Ljava/lang/Object;Ljava/lang/Object;Ljava/lang/Object;Ljava/lang/Object;Ljava/lang/Object;Ljava/lang/Object;Ljava/lan

Events (10 events):
Event: 137.583 Executing VM operation: GetFrameLocation done
Event: 137.583 Executing VM operation: GetOrSetLocal
Event: 137.583 Executing VM operation: GetOrSetLocal done
Event: 137.587 Executing VM operation: GetFrameCount
Event: 137.587 Executing VM operation: GetFrameCount done
Event: 137.588 Executing VM operation: GetFrameLocation
Event: 137.588 Executing VM operation: GetFrameLocation done
Event: 137.592 Executing VM operation: GetFrameLocation
Event: 137.592 Executing VM operation: GetFrameLocation done
Event: 137.592 Executing VM operation: GetOrSetLocal


Dynamic libraries:
0x000000013f4c0000 - 0x000000013f4fe000 	C:\Program Files\Java\jdk-10\bin\java.exe
0x0000000076eb0000 - 0x000000007705a000 	C:\Windows\SYSTEM32\ntdll.dll
0x0000000076d90000 - 0x0000000076eaf000 	C:\Windows\system32\kernel32.dll
0x000007fefcef0000 - 0x000007fefcf5a000 	C:\Windows\system32\KERNELBASE.dll
0x000007fefdcc0000 - 0x000007fefdd9b000 	C:\Windows\system32\ADVAPI32.dll
0x000007fefee60000 - 0x000007fefeeff000 	C:\Windows\system32\msvcrt.dll
0x000007feff120000 - 0x000007feff13f000 	C:\Windows\SYSTEM32\sechost.dll
0x000007fefd170000 - 0x000007fefd29d000 	C:\Windows\system32\RPCRT4.dll
0x0000000076c90000 - 0x0000000076d8a000 	C:\Windows\system32\USER32.dll
0x000007fefd470000 - 0x000007fefd4d7000 	C:\Windows\system32\GDI32.dll
0x000007feff100000 - 0x000007feff10e000 	C:\Windows\system32\LPK.dll
0x000007fefd3a0000 - 0x000007fefd46b000 	C:\Windows\system32\USP10.dll
0x000007fefb670000 - 0x000007fefb864000 	C:\Windows\WinSxS\amd64_microsoft.windows.common-controls_6595b64144ccf1df_6.0.7601.18837_none_fa3b1e3d17594757\COMCTL32.dll
0x000007fefd2a0000 - 0x000007fefd311000 	C:\Windows\system32\SHLWAPI.dll
0x000007fefc490000 - 0x000007fefc49c000 	C:\Windows\system32\VERSION.dll
0x000007fefcf60000 - 0x000007fefcf8e000 	C:\Windows\system32\IMM32.DLL
0x000007fefd930000 - 0x000007fefda39000 	C:\Windows\system32\MSCTF.dll
0x000007fef0bd0000 - 0x000007fef0cbf000 	C:\Program Files\Java\jdk-10\bin\msvcr120.dll
0x000007fef0440000 - 0x000007fef04e6000 	C:\Program Files\Java\jdk-10\bin\msvcp120.dll
0x0000000057350000 - 0x0000000057dbf000 	C:\Program Files\Java\jdk-10\bin\server\jvm.dll
0x000007fefc430000 - 0x000007fefc439000 	C:\Windows\system32\WSOCK32.dll
0x000007fefdc70000 - 0x000007fefdcbd000 	C:\Windows\system32\WS2_32.dll
0x000007feff110000 - 0x000007feff118000 	C:\Windows\system32\NSI.dll
0x000007fef8b10000 - 0x000007fef8b4b000 	C:\Windows\system32\WINMM.dll
0x0000000077080000 - 0x0000000077087000 	C:\Windows\system32\PSAPI.DLL
0x000007fef7440000 - 0x000007fef744f000 	C:\Program Files\Java\jdk-10\bin\verify.dll
0x000007fef1bb0000 - 0x000007fef1cd5000 	C:\Windows\system32\DBGHELP.DLL
0x000007fef3f30000 - 0x000007fef3f57000 	C:\Program Files\Java\jdk-10\bin\java.dll
0x000007fef25f0000 - 0x000007fef2626000 	C:\Program Files\Java\jdk-10\bin\jdwp.dll
0x000007fef25a0000 - 0x000007fef25ca000 	C:\Program Files\Java\jdk-10\bin\instrument.dll
0x000007fef36f0000 - 0x000007fef3706000 	C:\Program Files\Java\jdk-10\bin\zip.dll
0x000007fef58d0000 - 0x000007fef58da000 	C:\Program Files\Java\jdk-10\bin\jimage.dll
0x000007fefe0d0000 - 0x000007fefee5b000 	C:\Windows\system32\SHELL32.dll
0x000007fefef00000 - 0x000007feff0fc000 	C:\Windows\system32\ole32.dll
0x000007fefcba0000 - 0x000007fefcbaf000 	C:\Windows\system32\profapi.dll
0x000007fef3170000 - 0x000007fef317a000 	C:\Program Files\Java\jdk-10\bin\dt_socket.dll
0x000007fefc040000 - 0x000007fefc095000 	C:\Windows\system32\mswsock.dll
0x000007fefc4a0000 - 0x000007fefc4a7000 	C:\Windows\System32\wshtcpip.dll
0x000007fef3570000 - 0x000007fef358a000 	C:\Program Files\Java\jdk-10\bin\net.dll
0x000007fef9920000 - 0x000007fef9991000 	C:\Windows\system32\WINHTTP.dll
0x000007fef83e0000 - 0x000007fef8444000 	C:\Windows\system32\webio.dll
0x000007fefc030000 - 0x000007fefc037000 	C:\Windows\System32\wship6.dll
0x000007fef2630000 - 0x000007fef2641000 	C:\Program Files\Java\jdk-10\bin\nio.dll

dbghelp: loaded successfully - version: 4.0.5 - missing functions: none
symbol engine: initialized successfully - sym options: 0x614 - pdb path: .;C:\Program Files\Java\jdk-10\bin;C:\Windows\SYSTEM32;C:\Windows\WinSxS\amd64_microsoft.windows.common-controls_6595b64144ccf1df_6.0.7601.18837_none_fa3b1e3d17594757;C:\Program Files\Java\jdk-10\bin\server

VM Arguments:
jvm_args: -agentlib:jdwp=transport=dt_socket,address=127.0.0.1:51049,suspend=y,server=n -javaagent:C:\Users\Administrator\AppData\Local\Temp\capture21439jars\debugger-agent.jar=file:/C:/Users/Administrator/AppData/Local/Temp/capture1.props -Dfile.encoding=UTF-8 
java_command: Solution
java_class_path (initial): D:\LCsolution\711. Number of Distinct Islands II\out\production\711. Number of Distinct Islands II;D:\Program Files\JetBrains\IntelliJ IDEA Community Edition 2018.1.1\lib\idea_rt.jar
Launcher Type: SUN_STANDARD

Logging:
Log output configuration:
#0: stdout all=warning uptime,level,tags
#1: stderr all=off uptime,level,tags

Environment Variables:
JAVA_HOME=C:\Program Files\Java\jdk-10
PATH=C:\ProgramData\Oracle\Java\javapath;C:\Windows\system32;C:\Windows;C:\Windows\System32\Wbem;C:\Windows\System32\WindowsPowerShell\v1.0\;C:\Program Files\Java\jdk-10\bin;G:\0 code\Python\Scripts\;G:\0 code\Python\;C:\Users\Administrator\AppData\Local\GitHubDesktop\bin
USERNAME=Administrator
OS=Windows_NT
PROCESSOR_IDENTIFIER=AMD64 Family 18 Model 1 Stepping 0, AuthenticAMD



---------------  S Y S T E M  ---------------

OS: Windows 7 , 64 bit Build 7601 (6.1.7601.23864)

CPU:total 4 (initial active 4) (4 cores per cpu, 1 threads per core) family 18 model 1 stepping 0, cmov, cx8, fxsr, mmx, sse, sse2, sse3, popcnt, mmxext, 3dnowpref, lzcnt, sse4a, tsc, tscinvbit, tscinv

Memory: 4k page, physical 3643504k(246832k free), swap 9218460k(2131912k free)

vm_info: Java HotSpot(TM) 64-Bit Server VM (10+46) for windows-amd64 JRE (10+46), built on Mar  8 2018 02:11:18 by "mach5one" with MS VC++ 12.0 (VS2013)

END.
