#
# A fatal error has been detected by the Java Runtime Environment:
#
#  EXCEPTION_ACCESS_VIOLATION (0xc0000005) at pc=0x000000005ba0d82c, pid=5104, tid=8064
#
# JRE version: Java(TM) SE Runtime Environment (10.0+46) (build 10+46)
# Java VM: Java HotSpot(TM) 64-Bit Server VM (10+46, mixed mode, tiered, compressed oops, g1 gc, windows-amd64)
# Problematic frame:
# V  [jvm.dll+0x31d82c]
#
# No core dump will be written. Minidumps are not enabled by default on client versions of Windows
#
# If you would like to submit a bug report, please visit:
#   http://bugreport.java.com/bugreport/crash.jsp
#

---------------  S U M M A R Y ------------

Command Line: -agentlib:jdwp=transport=dt_socket,address=127.0.0.1:64316,suspend=y,server=n -javaagent:C:\Users\Administrator\.IdeaIC2018.1\system\captureAgent\debugger-agent.jar=file:/C:/Users/Administrator/AppData/Local/Temp/capture1.props -Dfile.encoding=UTF-8 Solution

Host: AMD A6-3400M APU with Radeon(tm) HD Graphics, 4 cores, 3G,  Windows 7 , 64 bit Build 7601 (6.1.7601.23864)
Time: Mon Jun 18 15:40:48 2018 ?D1¨²¡À¨º¡Á?¨º¡À?? elapsed time: 746 seconds (0d 0h 12m 26s)

---------------  T H R E A D  ---------------

Current thread (0x000000001f3f5000):  VMThread "VM Thread" [stack: 0x0000000022e30000,0x0000000022f30000] [id=8064]

Stack: [0x0000000022e30000,0x0000000022f30000],  sp=0x0000000022f2ec20,  free space=1019k
Native frames: (J=compiled Java code, j=interpreted, Vv=VM code, C=native code)
V  [jvm.dll+0x31d82c]
V  [jvm.dll+0x31fbc0]
V  [jvm.dll+0x32024e]
V  [jvm.dll+0x31d9f5]
V  [jvm.dll+0x31cde3]
V  [jvm.dll+0x59048f]
V  [jvm.dll+0x590876]
V  [jvm.dll+0x590636]
V  [jvm.dll+0x55bdc8]
V  [jvm.dll+0x4738fa]
V  [jvm.dll+0x6c42dc]
V  [jvm.dll+0x6c2a45]
V  [jvm.dll+0x6c3250]
V  [jvm.dll+0x6c358c]
V  [jvm.dll+0x59ef10]
C  [msvcr120.dll+0x24f7f]
C  [msvcr120.dll+0x25126]
C  [kernel32.dll+0x159cd]
C  [ntdll.dll+0x2a561]


siginfo: EXCEPTION_ACCESS_VIOLATION (0xc0000005), reading address 0x0000000000000006


Register to memory mapping:

RIP=0x000000005ba0d82c jvm.dll
RAX=0x0000000000000000 is an unknown value
RBX=0x00000000228a31e0 is pointing into metadata
RCX=0x000000000000228c is an unknown value
RDX=0x000000000000594f is an unknown value
RSP=0x0000000022f2ec20 is an unknown value
RBP=0x0000000000000001 is an unknown value
RSI=0x000000005c089b88 jvm.dll
RDI=0x0000000022f2eec0 is an unknown value
R8 =0x0000000000000000 is an unknown value
R9 =0x00000000228a31e0 is pointing into metadata
R10=0x00000000228a31e0 is pointing into metadata
R11=0x000000008005baa0 is pointing into metadata
R12=0x000000005be6d601 jvm.dll
R13=0x0000000000000000 is an unknown value
R14=0x0000000000000001 is an unknown value
R15=0x0000000000000000 is an unknown value


Registers:
RAX=0x0000000000000000, RBX=0x00000000228a31e0, RCX=0x000000000000228c, RDX=0x000000000000594f
RSP=0x0000000022f2ec20, RBP=0x0000000000000001, RSI=0x000000005c089b88, RDI=0x0000000022f2eec0
R8 =0x0000000000000000, R9 =0x00000000228a31e0, R10=0x00000000228a31e0, R11=0x000000008005baa0
R12=0x000000005be6d601, R13=0x0000000000000000, R14=0x0000000000000001, R15=0x0000000000000000
RIP=0x000000005ba0d82c, EFLAGS=0x0000000000010216

Top of Stack: (sp=0x0000000022f2ec20)
0x0000000022f2ec20:   0000000022f2ed10 000000005b804dde
0x0000000022f2ec30:   0000000022f2ee00 0000000000000000
0x0000000022f2ec40:   0000000000000000 000000005ba120f1
0x0000000022f2ec50:   0000000022f2ed10 000000005ba0e593
0x0000000022f2ec60:   00006f6c087991bb 00006f6c087991ab
0x0000000022f2ec70:   0000000000000000 0000000022f2ed10
0x0000000022f2ec80:   0000000022f2eec0 000000005ba0fbc0
0x0000000022f2ec90:   0000000022f2eec0 0000000000000021
0x0000000022f2eca0:   0000000000000001 000000005ba10f54
0x0000000022f2ecb0:   0000007900000021 000000b100000079
0x0000000022f2ecc0:   0000000000000000 0000000000000079
0x0000000022f2ecd0:   000000001f3af610 000000005ba1024e
0x0000000022f2ece0:   0000000022f2eec0 0000000022f2ed40
0x0000000022f2ecf0:   0000000000000000 000000001f3af610
0x0000000022f2ed00:   0000000000006000 000000005ba120f1
0x0000000022f2ed10:   00000000228a4620 000000001f3f5000 

Instructions: (pc=0x000000005ba0d82c)
0x000000005ba0d80c:   8b cb e8 2d 13 f1 ff 48 8b cb 8b d0 e8 43 3a f1
0x000000005ba0d81c:   ff 48 8d 35 64 c3 67 00 48 63 c8 48 8b 44 cb 40
0x000000005ba0d82c:   0f b6 48 06 8b 05 4e c3 67 00 80 f9 4c 74 2b 80
0x000000005ba0d83c:   f9 5b 74 26 80 f9 4a 74 18 80 f9 44 74 13 48 8d 


VM_Operation (0x0000000023f6f660): GetOrSetLocal, mode: safepoint, requested by thread 0x0000000023b96800


---------------  P R O C E S S  ---------------

Threads class SMR info:
_java_thread_list=0x0000000023d37390, length=14, elements={
0x0000000000386800, 0x000000001f3f7800, 0x000000001f3fb800, 0x0000000022ce7000,
0x0000000022ce9000, 0x0000000022cea000, 0x0000000022cf2800, 0x0000000022cf3000,
0x0000000022d06000, 0x0000000023b96800, 0x0000000023b98800, 0x0000000023c59800,
0x0000000023c5e800, 0x0000000023b58000
}

Java Threads: ( => current thread )
  0x0000000000386800 JavaThread "main" [_thread_blocked, id=3812, stack(0x0000000002160000,0x0000000002260000)]
  0x000000001f3f7800 JavaThread "Reference Handler" daemon [_thread_blocked, id=9448, stack(0x0000000022f80000,0x0000000023080000)]
  0x000000001f3fb800 JavaThread "Finalizer" daemon [_thread_blocked, id=10016, stack(0x0000000023150000,0x0000000023250000)]
  0x0000000022ce7000 JavaThread "Signal Dispatcher" daemon [_thread_blocked, id=8384, stack(0x0000000023350000,0x0000000023450000)]
  0x0000000022ce9000 JavaThread "Attach Listener" daemon [_thread_blocked, id=5812, stack(0x0000000023470000,0x0000000023570000)]
  0x0000000022cea000 JavaThread "C2 CompilerThread0" daemon [_thread_blocked, id=9908, stack(0x0000000021e20000,0x0000000021f20000)]
  0x0000000022cf2800 JavaThread "C2 CompilerThread1" daemon [_thread_blocked, id=10188, stack(0x0000000023700000,0x0000000023800000)]
  0x0000000022cf3000 JavaThread "C1 CompilerThread2" daemon [_thread_blocked, id=5060, stack(0x0000000023250000,0x0000000023350000)]
  0x0000000022d06000 JavaThread "Sweeper thread" daemon [_thread_blocked, id=8212, stack(0x00000000238d0000,0x00000000239d0000)]
  0x0000000023b96800 JavaThread "JDWP Transport Listener: dt_socket" daemon [_thread_blocked, id=3660, stack(0x0000000023e70000,0x0000000023f70000)] _threads_hazard_ptr=0x0000000023d37390
  0x0000000023b98800 JavaThread "JDWP Event Helper Thread" daemon [_thread_blocked, id=5176, stack(0x00000000235c0000,0x00000000236c0000)]
  0x0000000023c59800 JavaThread "JDWP Command Reader" daemon [_thread_in_native, id=9384, stack(0x0000000023f70000,0x0000000024070000)]
  0x0000000023c5e800 JavaThread "Common-Cleaner" daemon [_thread_blocked, id=9616, stack(0x0000000024180000,0x0000000024280000)]
  0x0000000023b58000 JavaThread "Service Thread" daemon [_thread_blocked, id=6872, stack(0x00000000242b0000,0x00000000243b0000)]

Other Threads:
=>0x000000001f3f5000 VMThread "VM Thread" [stack: 0x0000000022e30000,0x0000000022f30000] [id=8064]
  0x0000000023b59800 WatcherThread [stack: 0x0000000024510000,0x0000000024610000] [id=8196]
  0x00000000003b1800 GCTaskThread "GC Thread#0" [stack: 0x000000001c7f0000,0x000000001c8f0000] [id=4544]
  0x00000000003b2800 GCTaskThread "GC Thread#1" [stack: 0x000000001c960000,0x000000001ca60000] [id=9492]
  0x00000000003b5000 GCTaskThread "GC Thread#2" [stack: 0x000000001cc50000,0x000000001cd50000] [id=8532]
  0x00000000003b9000 GCTaskThread "GC Thread#3" [stack: 0x000000001cdb0000,0x000000001ceb0000] [id=9856]
  0x00000000003eb800 ConcurrentGCThread "G1 Main Marker" [stack: 0x000000001f400000,0x000000001f500000] [id=4700]
  0x00000000003ec800 ConcurrentGCThread "G1 Conc#0" [stack: 0x000000001f580000,0x000000001f680000] [id=4400]
  0x000000001f31a800 ConcurrentGCThread "G1 Refine#0" [stack: 0x0000000021ba0000,0x0000000021ca0000] [id=9728]
  0x000000001f31f000 ConcurrentGCThread "G1 Refine#1" [stack: 0x0000000021d00000,0x0000000021e00000] [id=7740]
  0x000000001f322800 ConcurrentGCThread "G1 Refine#2" [stack: 0x0000000021f40000,0x0000000022040000] [id=6444]
  0x000000001f323800 ConcurrentGCThread "G1 Refine#3" [stack: 0x00000000220e0000,0x00000000221e0000] [id=8612]
  0x000000001f324800 ConcurrentGCThread "G1 Young RemSet Sampling" [stack: 0x0000000022310000,0x0000000022410000] [id=10128]

Threads with active compile tasks:

VM state:at safepoint (normal execution)

VM Mutex/Monitor currently owned by a thread:  ([mutex/lock_event])
[0x0000000000382a20] Threads_lock - owner thread: 0x000000001f3f5000

Heap address: 0x00000000c8600000, size: 890 MB, Compressed Oops mode: 32-bit
Narrow klass base: 0x0000000000000000, Narrow klass shift: 0
Compressed class space size: 1073741824 Address: 0x000000007fff0000

Heap:
 garbage-first heap   total 57344K, used 4096K [0x00000000c8600000, 0x0000000100000000)
  region size 1024K, 5 young (5120K), 0 survivors (0K)
 Metaspace       used 6338K, capacity 6481K, committed 6784K, reserved 1056768K
  class space    used 521K, capacity 584K, committed 640K, reserved 1048576K
Heap Regions: E=young(eden), S=young(survivor), O=old, HS=humongous(starts), HC=humongous(continues), CS=collection set, F=free, A=archive, TS=gc time stamp, AC=allocation context, TAMS=top-at-mark-start (previous, next)
|   0|0x00000000c8600000, 0x00000000c8600000, 0x00000000c8700000|  0%| F|  |TS  0|AC  0|TAMS 0x00000000c8600000, 0x00000000c8600000|
|   1|0x00000000c8700000, 0x00000000c8700000, 0x00000000c8800000|  0%| F|  |TS  0|AC  0|TAMS 0x00000000c8700000, 0x00000000c8700000|
|   2|0x00000000c8800000, 0x00000000c8800000, 0x00000000c8900000|  0%| F|  |TS  0|AC  0|TAMS 0x00000000c8800000, 0x00000000c8800000|
|   3|0x00000000c8900000, 0x00000000c8900000, 0x00000000c8a00000|  0%| F|  |TS  0|AC  0|TAMS 0x00000000c8900000, 0x00000000c8900000|
|   4|0x00000000c8a00000, 0x00000000c8a00000, 0x00000000c8b00000|  0%| F|  |TS  0|AC  0|TAMS 0x00000000c8a00000, 0x00000000c8a00000|
|   5|0x00000000c8b00000, 0x00000000c8b00000, 0x00000000c8c00000|  0%| F|  |TS  0|AC  0|TAMS 0x00000000c8b00000, 0x00000000c8b00000|
|   6|0x00000000c8c00000, 0x00000000c8c00000, 0x00000000c8d00000|  0%| F|  |TS  0|AC  0|TAMS 0x00000000c8c00000, 0x00000000c8c00000|
|   7|0x00000000c8d00000, 0x00000000c8d00000, 0x00000000c8e00000|  0%| F|  |TS  0|AC  0|TAMS 0x00000000c8d00000, 0x00000000c8d00000|
|   8|0x00000000c8e00000, 0x00000000c8e00000, 0x00000000c8f00000|  0%| F|  |TS  0|AC  0|TAMS 0x00000000c8e00000, 0x00000000c8e00000|
|   9|0x00000000c8f00000, 0x00000000c8f00000, 0x00000000c9000000|  0%| F|  |TS  0|AC  0|TAMS 0x00000000c8f00000, 0x00000000c8f00000|
|  10|0x00000000c9000000, 0x00000000c9000000, 0x00000000c9100000|  0%| F|  |TS  0|AC  0|TAMS 0x00000000c9000000, 0x00000000c9000000|
|  11|0x00000000c9100000, 0x00000000c9100000, 0x00000000c9200000|  0%| F|  |TS  0|AC  0|TAMS 0x00000000c9100000, 0x00000000c9100000|
|  12|0x00000000c9200000, 0x00000000c9200000, 0x00000000c9300000|  0%| F|  |TS  0|AC  0|TAMS 0x00000000c9200000, 0x00000000c9200000|
|  13|0x00000000c9300000, 0x00000000c9300000, 0x00000000c9400000|  0%| F|  |TS  0|AC  0|TAMS 0x00000000c9300000, 0x00000000c9300000|
|  14|0x00000000c9400000, 0x00000000c9400000, 0x00000000c9500000|  0%| F|  |TS  0|AC  0|TAMS 0x00000000c9400000, 0x00000000c9400000|
|  15|0x00000000c9500000, 0x00000000c9500000, 0x00000000c9600000|  0%| F|  |TS  0|AC  0|TAMS 0x00000000c9500000, 0x00000000c9500000|
|  16|0x00000000c9600000, 0x00000000c9600000, 0x00000000c9700000|  0%| F|  |TS  0|AC  0|TAMS 0x00000000c9600000, 0x00000000c9600000|
|  17|0x00000000c9700000, 0x00000000c9700000, 0x00000000c9800000|  0%| F|  |TS  0|AC  0|TAMS 0x00000000c9700000, 0x00000000c9700000|
|  18|0x00000000c9800000, 0x00000000c9800000, 0x00000000c9900000|  0%| F|  |TS  0|AC  0|TAMS 0x00000000c9800000, 0x00000000c9800000|
|  19|0x00000000c9900000, 0x00000000c9900000, 0x00000000c9a00000|  0%| F|  |TS  0|AC  0|TAMS 0x00000000c9900000, 0x00000000c9900000|
|  20|0x00000000c9a00000, 0x00000000c9a00000, 0x00000000c9b00000|  0%| F|  |TS  0|AC  0|TAMS 0x00000000c9a00000, 0x00000000c9a00000|
|  21|0x00000000c9b00000, 0x00000000c9b00000, 0x00000000c9c00000|  0%| F|  |TS  0|AC  0|TAMS 0x00000000c9b00000, 0x00000000c9b00000|
|  22|0x00000000c9c00000, 0x00000000c9c00000, 0x00000000c9d00000|  0%| F|  |TS  0|AC  0|TAMS 0x00000000c9c00000, 0x00000000c9c00000|
|  23|0x00000000c9d00000, 0x00000000c9d00000, 0x00000000c9e00000|  0%| F|  |TS  0|AC  0|TAMS 0x00000000c9d00000, 0x00000000c9d00000|
|  24|0x00000000c9e00000, 0x00000000c9e00000, 0x00000000c9f00000|  0%| F|  |TS  0|AC  0|TAMS 0x00000000c9e00000, 0x00000000c9e00000|
|  25|0x00000000c9f00000, 0x00000000c9f00000, 0x00000000ca000000|  0%| F|  |TS  0|AC  0|TAMS 0x00000000c9f00000, 0x00000000c9f00000|
|  26|0x00000000ca000000, 0x00000000ca000000, 0x00000000ca100000|  0%| F|  |TS  0|AC  0|TAMS 0x00000000ca000000, 0x00000000ca000000|
|  27|0x00000000ca100000, 0x00000000ca100000, 0x00000000ca200000|  0%| F|  |TS  0|AC  0|TAMS 0x00000000ca100000, 0x00000000ca100000|
|  28|0x00000000ca200000, 0x00000000ca200000, 0x00000000ca300000|  0%| F|  |TS  0|AC  0|TAMS 0x00000000ca200000, 0x00000000ca200000|
|  29|0x00000000ca300000, 0x00000000ca300000, 0x00000000ca400000|  0%| F|  |TS  0|AC  0|TAMS 0x00000000ca300000, 0x00000000ca300000|
|  30|0x00000000ca400000, 0x00000000ca400000, 0x00000000ca500000|  0%| F|  |TS  0|AC  0|TAMS 0x00000000ca400000, 0x00000000ca400000|
|  31|0x00000000ca500000, 0x00000000ca500000, 0x00000000ca600000|  0%| F|  |TS  0|AC  0|TAMS 0x00000000ca500000, 0x00000000ca500000|
|  32|0x00000000ca600000, 0x00000000ca600000, 0x00000000ca700000|  0%| F|  |TS  0|AC  0|TAMS 0x00000000ca600000, 0x00000000ca600000|
|  33|0x00000000ca700000, 0x00000000ca700000, 0x00000000ca800000|  0%| F|  |TS  0|AC  0|TAMS 0x00000000ca700000, 0x00000000ca700000|
|  34|0x00000000ca800000, 0x00000000ca800000, 0x00000000ca900000|  0%| F|  |TS  0|AC  0|TAMS 0x00000000ca800000, 0x00000000ca800000|
|  35|0x00000000ca900000, 0x00000000ca900000, 0x00000000caa00000|  0%| F|  |TS  0|AC  0|TAMS 0x00000000ca900000, 0x00000000ca900000|
|  36|0x00000000caa00000, 0x00000000caa00000, 0x00000000cab00000|  0%| F|  |TS  0|AC  0|TAMS 0x00000000caa00000, 0x00000000caa00000|
|  37|0x00000000cab00000, 0x00000000cab00000, 0x00000000cac00000|  0%| F|  |TS  0|AC  0|TAMS 0x00000000cab00000, 0x00000000cab00000|
|  38|0x00000000cac00000, 0x00000000cac00000, 0x00000000cad00000|  0%| F|  |TS  0|AC  0|TAMS 0x00000000cac00000, 0x00000000cac00000|
|  39|0x00000000cad00000, 0x00000000cad00000, 0x00000000cae00000|  0%| F|  |TS  0|AC  0|TAMS 0x00000000cad00000, 0x00000000cad00000|
|  40|0x00000000cae00000, 0x00000000cae00000, 0x00000000caf00000|  0%| F|  |TS  0|AC  0|TAMS 0x00000000cae00000, 0x00000000cae00000|
|  41|0x00000000caf00000, 0x00000000caf00000, 0x00000000cb000000|  0%| F|  |TS  0|AC  0|TAMS 0x00000000caf00000, 0x00000000caf00000|
|  42|0x00000000cb000000, 0x00000000cb000000, 0x00000000cb100000|  0%| F|  |TS  0|AC  0|TAMS 0x00000000cb000000, 0x00000000cb000000|
|  43|0x00000000cb100000, 0x00000000cb100000, 0x00000000cb200000|  0%| F|  |TS  0|AC  0|TAMS 0x00000000cb100000, 0x00000000cb100000|
|  44|0x00000000cb200000, 0x00000000cb200000, 0x00000000cb300000|  0%| F|  |TS  0|AC  0|TAMS 0x00000000cb200000, 0x00000000cb200000|
|  45|0x00000000cb300000, 0x00000000cb300000, 0x00000000cb400000|  0%| F|  |TS  0|AC  0|TAMS 0x00000000cb300000, 0x00000000cb300000|
|  46|0x00000000cb400000, 0x00000000cb400000, 0x00000000cb500000|  0%| F|  |TS  0|AC  0|TAMS 0x00000000cb400000, 0x00000000cb400000|
|  47|0x00000000cb500000, 0x00000000cb500000, 0x00000000cb600000|  0%| F|  |TS  0|AC  0|TAMS 0x00000000cb500000, 0x00000000cb500000|
|  48|0x00000000cb600000, 0x00000000cb600000, 0x00000000cb700000|  0%| F|  |TS  0|AC  0|TAMS 0x00000000cb600000, 0x00000000cb600000|
|  49|0x00000000cb700000, 0x00000000cb700000, 0x00000000cb800000|  0%| F|  |TS  0|AC  0|TAMS 0x00000000cb700000, 0x00000000cb700000|
|  50|0x00000000cb800000, 0x00000000cb800000, 0x00000000cb900000|  0%| F|  |TS  0|AC  0|TAMS 0x00000000cb800000, 0x00000000cb800000|
|  51|0x00000000cb900000, 0x00000000cb990c70, 0x00000000cba00000| 56%| E|  |TS  0|AC  0|TAMS 0x00000000cb900000, 0x00000000cb900000|
|  52|0x00000000cba00000, 0x00000000cbb00000, 0x00000000cbb00000|100%| E|CS|TS  0|AC  0|TAMS 0x00000000cba00000, 0x00000000cba00000|
|  53|0x00000000cbb00000, 0x00000000cbc00000, 0x00000000cbc00000|100%| E|CS|TS  0|AC  0|TAMS 0x00000000cbb00000, 0x00000000cbb00000|
|  54|0x00000000cbc00000, 0x00000000cbd00000, 0x00000000cbd00000|100%| E|CS|TS  0|AC  0|TAMS 0x00000000cbc00000, 0x00000000cbc00000|
|  55|0x00000000cbd00000, 0x00000000cbe00000, 0x00000000cbe00000|100%| E|CS|TS  0|AC  0|TAMS 0x00000000cbd00000, 0x00000000cbd00000|

Card table byte_map: [0x000000001d3a0000,0x000000001d560000] byte_map_base: 0x000000001cd5d000

Marking Bits (Prev, Next): (CMBitMap*) 0x00000000003eab60, (CMBitMap*) 0x00000000003eab98
 Prev Bits: [0x000000001d720000, 0x000000001e508000)
 Next Bits: [0x000000001e510000, 0x000000001f2f8000)

Polling page: 0x0000000000080000

CodeHeap 'non-profiled nmethods': size=120064Kb used=120Kb max_used=120Kb free=119943Kb
 bounds [0x0000000015180000, 0x00000000153f0000, 0x000000001c6c0000]
CodeHeap 'profiled nmethods': size=120000Kb used=563Kb max_used=563Kb free=119436Kb
 bounds [0x000000000dc50000, 0x000000000dec0000, 0x0000000015180000]
CodeHeap 'non-nmethods': size=5696Kb used=1096Kb max_used=1104Kb free=4599Kb
 bounds [0x000000000d6c0000, 0x000000000d930000, 0x000000000dc50000]
 total_blobs=814 nmethods=388 adapters=255
 compilation: enabled

Compilation events (10 events):
Event: 2.712 Thread 0x0000000022cf3000  383   !   3       java.lang.invoke.MemberName::getMethodType (203 bytes)
Event: 2.714 Thread 0x0000000022cf3000 nmethod 383 0x000000000dcd8c10 code [0x000000000dcd8f20, 0x000000000dcda498]
Event: 2.714 Thread 0x0000000022cf3000  386       3       java.lang.invoke.InvokerBytecodeGenerator::emitLoadInsn (21 bytes)
Event: 2.714 Thread 0x0000000022cf3000 nmethod 386 0x000000000dcdaa90 code [0x000000000dcdac60, 0x000000000dcdaef8]
Event: 2.714 Thread 0x0000000022cf3000  387       3       java.lang.invoke.InvokerBytecodeGenerator::loadInsnOpcode (86 bytes)
Event: 2.716 Thread 0x0000000022cf3000 nmethod 387 0x000000000dcdb090 code [0x000000000dcdb320, 0x000000000dcdbe38]
Event: 2.716 Thread 0x0000000022cf3000  384       3       jdk.internal.org.objectweb.asm.ClassWriter::newStringishItem (68 bytes)
Event: 2.716 Thread 0x0000000022cf3000 nmethod 384 0x000000000dcdc210 code [0x000000000dcdc420, 0x000000000dcdc7f8]
Event: 40.333 Thread 0x0000000022cf3000  388       3       java.util.ArrayList$Itr::hasNext (20 bytes)
Event: 40.334 Thread 0x0000000022cf3000 nmethod 388 0x000000000dcdc990 code [0x000000000dcdcb40, 0x000000000dcdcd10]

GC Heap History (0 events):
No events

Deoptimization events (2 events):
Event: 1.814 Thread 0x0000000000386800 Uncommon trap: reason=unstable_if action=reinterpret pc=0x000000001518946c method=java.lang.String.isLatin1()Z @ 10 c2
Event: 1.847 Thread 0x0000000000386800 Uncommon trap: reason=unstable_if action=reinterpret pc=0x0000000015183918 method=java.lang.String.hashCode()I @ 14 c2

Classes redefined (6 events):
Event: 84.233 Thread 0x000000001f3f5000 redefined class name=Solution, count=1
Event: 84.239 Thread 0x000000001f3f5000 redefined class name=Solution$Pair, count=1
Event: 316.608 Thread 0x000000001f3f5000 redefined class name=Solution, count=2
Event: 316.612 Thread 0x000000001f3f5000 redefined class name=Solution$Pair, count=2
Event: 745.281 Thread 0x000000001f3f5000 redefined class name=Solution, count=3
Event: 745.284 Thread 0x000000001f3f5000 redefined class name=Solution$Pair, count=3

Internal exceptions (0 events):
No events

Events (10 events):
Event: 745.807 Executing VM operation: GetFrameLocation done
Event: 745.807 Executing VM operation: GetOrSetLocal
Event: 745.807 Executing VM operation: GetOrSetLocal done
Event: 745.833 Executing VM operation: GetFrameCount
Event: 745.833 Executing VM operation: GetFrameCount done
Event: 745.833 Executing VM operation: GetFrameLocation
Event: 745.833 Executing VM operation: GetFrameLocation done
Event: 745.835 Executing VM operation: GetFrameLocation
Event: 745.835 Executing VM operation: GetFrameLocation done
Event: 745.835 Executing VM operation: GetOrSetLocal


Dynamic libraries:
0x000000013f9e0000 - 0x000000013fa1e000 	C:\Program Files\Java\jdk-10\bin\java.exe
0x0000000076eb0000 - 0x000000007705a000 	C:\Windows\SYSTEM32\ntdll.dll
0x0000000076d90000 - 0x0000000076eaf000 	C:\Windows\system32\kernel32.dll
0x000007fefcef0000 - 0x000007fefcf5a000 	C:\Windows\system32\KERNELBASE.dll
0x000007fefdcc0000 - 0x000007fefdd9b000 	C:\Windows\system32\ADVAPI32.dll
0x000007fefee60000 - 0x000007fefeeff000 	C:\Windows\system32\msvcrt.dll
0x000007feff120000 - 0x000007feff13f000 	C:\Windows\SYSTEM32\sechost.dll
0x000007fefd170000 - 0x000007fefd29d000 	C:\Windows\system32\RPCRT4.dll
0x0000000076c90000 - 0x0000000076d8a000 	C:\Windows\system32\USER32.dll
0x000007fefd470000 - 0x000007fefd4d7000 	C:\Windows\system32\GDI32.dll
0x000007feff100000 - 0x000007feff10e000 	C:\Windows\system32\LPK.dll
0x000007fefd3a0000 - 0x000007fefd46b000 	C:\Windows\system32\USP10.dll
0x000007fefb670000 - 0x000007fefb864000 	C:\Windows\WinSxS\amd64_microsoft.windows.common-controls_6595b64144ccf1df_6.0.7601.18837_none_fa3b1e3d17594757\COMCTL32.dll
0x000007fefd2a0000 - 0x000007fefd311000 	C:\Windows\system32\SHLWAPI.dll
0x000007fefc490000 - 0x000007fefc49c000 	C:\Windows\system32\VERSION.dll
0x000007fefcf60000 - 0x000007fefcf8e000 	C:\Windows\system32\IMM32.DLL
0x000007fefd930000 - 0x000007fefda39000 	C:\Windows\system32\MSCTF.dll
0x000007fef0400000 - 0x000007fef04ef000 	C:\Program Files\Java\jdk-10\bin\msvcr120.dll
0x000007fef0c10000 - 0x000007fef0cb6000 	C:\Program Files\Java\jdk-10\bin\msvcp120.dll
0x000000005b6f0000 - 0x000000005c15f000 	C:\Program Files\Java\jdk-10\bin\server\jvm.dll
0x000007fefc430000 - 0x000007fefc439000 	C:\Windows\system32\WSOCK32.dll
0x000007fefdc70000 - 0x000007fefdcbd000 	C:\Windows\system32\WS2_32.dll
0x000007feff110000 - 0x000007feff118000 	C:\Windows\system32\NSI.dll
0x000007fef8b10000 - 0x000007fef8b4b000 	C:\Windows\system32\WINMM.dll
0x0000000077080000 - 0x0000000077087000 	C:\Windows\system32\PSAPI.DLL
0x000007fef7850000 - 0x000007fef785f000 	C:\Program Files\Java\jdk-10\bin\verify.dll
0x000007fef1bb0000 - 0x000007fef1cd5000 	C:\Windows\system32\DBGHELP.DLL
0x000007fef7420000 - 0x000007fef7447000 	C:\Program Files\Java\jdk-10\bin\java.dll
0x000007fef3580000 - 0x000007fef35b6000 	C:\Program Files\Java\jdk-10\bin\jdwp.dll
0x000007fef2670000 - 0x000007fef269a000 	C:\Program Files\Java\jdk-10\bin\instrument.dll
0x000007fef4300000 - 0x000007fef4316000 	C:\Program Files\Java\jdk-10\bin\zip.dll
0x000007fef3f50000 - 0x000007fef3f5a000 	C:\Program Files\Java\jdk-10\bin\jimage.dll
0x000007fefe0d0000 - 0x000007fefee5b000 	C:\Windows\system32\SHELL32.dll
0x000007fefef00000 - 0x000007feff0fc000 	C:\Windows\system32\ole32.dll
0x000007fefcba0000 - 0x000007fefcbaf000 	C:\Windows\system32\profapi.dll
0x000007fef3700000 - 0x000007fef370a000 	C:\Program Files\Java\jdk-10\bin\dt_socket.dll
0x000007fefc040000 - 0x000007fefc095000 	C:\Windows\system32\mswsock.dll
0x000007fefc4a0000 - 0x000007fefc4a7000 	C:\Windows\System32\wshtcpip.dll
0x000007fef3f30000 - 0x000007fef3f4a000 	C:\Program Files\Java\jdk-10\bin\net.dll
0x000007fef9920000 - 0x000007fef9991000 	C:\Windows\system32\WINHTTP.dll
0x000007fef83e0000 - 0x000007fef8444000 	C:\Windows\system32\webio.dll
0x000007fefc030000 - 0x000007fefc037000 	C:\Windows\System32\wship6.dll
0x000007fef35c0000 - 0x000007fef35d1000 	C:\Program Files\Java\jdk-10\bin\nio.dll

dbghelp: loaded successfully - version: 4.0.5 - missing functions: none
symbol engine: initialized successfully - sym options: 0x614 - pdb path: .;C:\Program Files\Java\jdk-10\bin;C:\Windows\SYSTEM32;C:\Windows\WinSxS\amd64_microsoft.windows.common-controls_6595b64144ccf1df_6.0.7601.18837_none_fa3b1e3d17594757;C:\Program Files\Java\jdk-10\bin\server

VM Arguments:
jvm_args: -agentlib:jdwp=transport=dt_socket,address=127.0.0.1:64316,suspend=y,server=n -javaagent:C:\Users\Administrator\.IdeaIC2018.1\system\captureAgent\debugger-agent.jar=file:/C:/Users/Administrator/AppData/Local/Temp/capture1.props -Dfile.encoding=UTF-8 
java_command: Solution
java_class_path (initial): D:\LCsolution\711. Number of Distinct Islands II\out\production\711. Number of Distinct Islands II;D:\Program Files\JetBrains\IntelliJ IDEA Community Edition 2018.1.1\lib\idea_rt.jar
Launcher Type: SUN_STANDARD

Logging:
Log output configuration:
#0: stdout all=warning uptime,level,tags
#1: stderr all=off uptime,level,tags

Environment Variables:
JAVA_HOME=C:\Program Files\Java\jdk-10
PATH=C:\ProgramData\Oracle\Java\javapath;C:\Windows\system32;C:\Windows;C:\Windows\System32\Wbem;C:\Windows\System32\WindowsPowerShell\v1.0\;C:\Program Files\Java\jdk-10\bin;G:\0 code\Python\Scripts\;G:\0 code\Python\;C:\Users\Administrator\AppData\Local\GitHubDesktop\bin
USERNAME=Administrator
OS=Windows_NT
PROCESSOR_IDENTIFIER=AMD64 Family 18 Model 1 Stepping 0, AuthenticAMD



---------------  S Y S T E M  ---------------

OS: Windows 7 , 64 bit Build 7601 (6.1.7601.23864)

CPU:total 4 (initial active 4) (4 cores per cpu, 1 threads per core) family 18 model 1 stepping 0, cmov, cx8, fxsr, mmx, sse, sse2, sse3, popcnt, mmxext, 3dnowpref, lzcnt, sse4a, tsc, tscinvbit, tscinv

Memory: 4k page, physical 3643504k(17468k free), swap 12422540k(1060264k free)

vm_info: Java HotSpot(TM) 64-Bit Server VM (10+46) for windows-amd64 JRE (10+46), built on Mar  8 2018 02:11:18 by "mach5one" with MS VC++ 12.0 (VS2013)

END.
